2023-11-10 21:36:25,546 - __main__ - INFO - (Epoch 1/50, Loss: 31861.3110
2023-11-10 21:36:26,374 - __main__ - INFO - (Epoch 2/50, Loss: 25105.8448
2023-11-10 21:36:27,167 - __main__ - INFO - (Epoch 3/50, Loss: 23140.1995
2023-11-10 21:36:28,025 - __main__ - INFO - (Epoch 4/50, Loss: 17862.5124
2023-11-10 21:36:28,882 - __main__ - INFO - (Epoch 5/50, Loss: 15228.3522
2023-11-10 21:36:29,758 - __main__ - INFO - (Epoch 6/50, Loss: 12460.3588
2023-11-10 21:36:30,574 - __main__ - INFO - (Epoch 7/50, Loss: 9689.7779
2023-11-11 14:12:48,122 - __main__ - INFO - (Epoch 1/50, Loss: 31861.3110
2023-11-11 14:13:33,486 - __main__ - INFO - (Epoch 1/50, Loss: 31861.3110
2023-11-11 14:14:13,379 - __main__ - INFO - (Epoch 1/50, Loss: 31861.3110
2023-11-11 14:14:13,423 - __main__ - INFO - Testing Loss: 16058.2998, R2 Score: -0.5699
2023-11-11 14:14:13,428 - __main__ - INFO - Testing Loss: 37241.3984, R2 Score: -0.5964
2023-11-11 14:14:13,434 - __main__ - INFO - Testing Loss: 28602.8750, R2 Score: -0.9823
2023-11-11 14:14:13,439 - __main__ - INFO - Testing Loss: 18008.7422, R2 Score: -0.1546
2023-11-11 14:14:13,443 - __main__ - INFO - Testing Loss: 39916.6016, R2 Score: -0.8669
2023-11-11 14:14:13,447 - __main__ - INFO - Testing Loss: 27810.1367, R2 Score: -0.6581
2023-11-11 14:14:13,451 - __main__ - INFO - Testing Loss: 17366.1426, R2 Score: -0.6767
2023-11-11 14:14:13,455 - __main__ - INFO - Testing Loss: 87993.5625, R2 Score: -0.3183
2023-11-11 14:14:13,458 - __main__ - INFO - Testing Loss: 21282.7637, R2 Score: -0.4111
2023-11-11 14:14:13,463 - __main__ - INFO - Testing Loss: 83956.8594, R2 Score: -0.3075
2023-11-11 14:14:13,467 - __main__ - INFO - Testing Loss: 17254.5020, R2 Score: -0.6318
2023-11-11 14:14:13,471 - __main__ - INFO - Testing Loss: 27712.5684, R2 Score: -0.8555
2023-11-11 14:14:13,474 - __main__ - INFO - Testing Loss: 36933.6953, R2 Score: -1.3195
2023-11-11 14:14:13,478 - __main__ - INFO - Testing Loss: 22544.3086, R2 Score: -0.6230
2023-11-11 14:14:13,482 - __main__ - INFO - Testing Loss: 22593.1602, R2 Score: -0.2724
2023-11-11 14:14:13,486 - __main__ - INFO - Testing Loss: 19981.5195, R2 Score: -0.5956
2023-11-11 14:14:13,490 - __main__ - INFO - Testing Loss: 29634.6836, R2 Score: -1.0724
2023-11-11 14:14:13,494 - __main__ - INFO - Testing Loss: 22955.6934, R2 Score: -0.6711
2023-11-11 14:14:13,497 - __main__ - INFO - Testing Loss: 17468.5176, R2 Score: -0.4193
2023-11-11 14:14:13,501 - __main__ - INFO - Testing Loss: 29888.2988, R2 Score: -0.5656
2023-11-11 14:14:13,505 - __main__ - INFO - Testing Loss: 23408.3789, R2 Score: -0.8040
2023-11-11 14:14:13,509 - __main__ - INFO - Testing Loss: 23497.5430, R2 Score: -0.6959
2023-11-11 14:14:13,512 - __main__ - INFO - Testing Loss: 22430.7383, R2 Score: -0.9345
2023-11-11 14:14:13,516 - __main__ - INFO - Testing Loss: 33671.8984, R2 Score: -0.8894
2023-11-11 14:14:13,520 - __main__ - INFO - Testing Loss: 27336.5469, R2 Score: -0.7216
2023-11-11 14:14:13,523 - __main__ - INFO - Testing Loss: 25234.3906, R2 Score: -0.8742
2023-11-11 14:14:13,527 - __main__ - INFO - Testing Loss: 23306.8730, R2 Score: -0.5935
2023-11-11 14:14:13,530 - __main__ - INFO - Testing Loss: 21264.8945, R2 Score: -0.9466
2023-11-11 14:14:13,534 - __main__ - INFO - Testing Loss: 26641.0273, R2 Score: -0.7253
2023-11-11 14:14:13,539 - __main__ - INFO - Testing Loss: 33018.8125, R2 Score: -0.7265
2023-11-11 14:14:13,543 - __main__ - INFO - Testing Loss: 27062.7188, R2 Score: -1.0356
2023-11-11 14:14:13,547 - __main__ - INFO - Testing Loss: 28219.5000, R2 Score: -0.9057
2023-11-11 14:14:13,551 - __main__ - INFO - Testing Loss: 38045.4375, R2 Score: -0.7097
2023-11-11 14:14:13,555 - __main__ - INFO - Testing Loss: 21642.8789, R2 Score: -0.4930
2023-11-11 14:14:13,558 - __main__ - INFO - Testing Loss: 11535.8008, R2 Score: -0.2811
2023-11-11 14:14:13,562 - __main__ - INFO - Testing Loss: 12381.0684, R2 Score: -0.1284
2023-11-11 14:14:13,565 - __main__ - INFO - Testing Loss: 15427.1094, R2 Score: -0.6378
2023-11-11 14:14:13,569 - __main__ - INFO - Testing Loss: 26648.5684, R2 Score: -0.4589
2023-11-11 14:14:13,573 - __main__ - INFO - Testing Loss: 19433.4805, R2 Score: -0.2347
2023-11-11 14:14:13,576 - __main__ - INFO - Testing Loss: 25053.4922, R2 Score: -1.0052
2023-11-11 14:14:13,580 - __main__ - INFO - Testing Loss: 24049.5957, R2 Score: -0.5952
2023-11-11 14:14:13,583 - __main__ - INFO - Testing Loss: 29905.2754, R2 Score: -0.9482
2023-11-11 14:14:13,587 - __main__ - INFO - Testing Loss: 34880.6562, R2 Score: -1.5344
2023-11-11 14:14:13,591 - __main__ - INFO - Testing Loss: 17769.8340, R2 Score: -0.4405
2023-11-11 14:14:13,594 - __main__ - INFO - Testing Loss: 30016.5859, R2 Score: -1.0734
2023-11-11 14:14:13,598 - __main__ - INFO - Testing Loss: 74254.2656, R2 Score: -0.2421
2023-11-11 14:14:13,601 - __main__ - INFO - Testing Loss: 21711.7305, R2 Score: -0.6922
2023-11-11 14:14:13,606 - __main__ - INFO - Testing Loss: 28196.5703, R2 Score: -0.4939
2023-11-11 14:14:13,609 - __main__ - INFO - Testing Loss: 18894.4629, R2 Score: -0.5676
2023-11-11 14:14:13,613 - __main__ - INFO - Testing Loss: 19839.9336, R2 Score: -0.6098
2023-11-11 14:14:13,617 - __main__ - INFO - Testing Loss: 18659.2305, R2 Score: -0.4827
2023-11-11 14:14:13,621 - __main__ - INFO - Testing Loss: 18676.7344, R2 Score: -0.6590
2023-11-11 14:14:13,625 - __main__ - INFO - Testing Loss: 22588.6387, R2 Score: -0.8859
2023-11-11 14:14:13,630 - __main__ - INFO - Testing Loss: 85066.6406, R2 Score: -0.3012
2023-11-11 14:14:13,634 - __main__ - INFO - Testing Loss: 19337.4375, R2 Score: -0.2138
2023-11-11 14:14:13,637 - __main__ - INFO - Testing Loss: 31930.5176, R2 Score: -1.0081
2023-11-11 14:14:13,640 - __main__ - INFO - Testing Loss: 23808.0781, R2 Score: -0.6052
2023-11-11 14:14:13,644 - __main__ - INFO - Testing Loss: 21711.4336, R2 Score: -0.3123
2023-11-11 14:14:13,647 - __main__ - INFO - Testing Loss: 12340.0732, R2 Score: -0.4316
2023-11-11 14:14:13,651 - __main__ - INFO - Testing Loss: 17712.2949, R2 Score: -0.4864
2023-11-11 14:14:13,655 - __main__ - INFO - Testing Loss: 12906.7080, R2 Score: -0.4388
2023-11-11 14:14:13,659 - __main__ - INFO - Testing Loss: 20884.0938, R2 Score: -0.5013
2023-11-11 14:14:13,663 - __main__ - INFO - Testing Loss: 37573.6289, R2 Score: -0.8438
2023-11-11 14:14:13,666 - __main__ - INFO - Testing Loss: 22166.5000, R2 Score: -0.3977
2023-11-11 14:14:13,670 - __main__ - INFO - Testing Loss: 72635.1562, R2 Score: -0.1323
2023-11-11 14:14:13,673 - __main__ - INFO - Testing Loss: 22950.7188, R2 Score: -0.8332
2023-11-11 14:14:13,676 - __main__ - INFO - Testing Loss: 31751.4883, R2 Score: -0.6928
2023-11-11 14:14:13,680 - __main__ - INFO - Testing Loss: 16888.5586, R2 Score: -0.4010
2023-11-11 14:14:13,684 - __main__ - INFO - Testing Loss: 10256.0781, R2 Score: -0.2301
2023-11-11 14:14:13,688 - __main__ - INFO - Testing Loss: 20962.8770, R2 Score: -0.5787
2023-11-11 14:14:13,691 - __main__ - INFO - Testing Loss: 26395.4629, R2 Score: -1.0055
2023-11-11 14:14:13,696 - __main__ - INFO - Testing Loss: 30308.6602, R2 Score: -0.6916
2023-11-11 14:14:13,699 - __main__ - INFO - Testing Loss: 91230.3984, R2 Score: -0.2289
2023-11-11 14:14:13,703 - __main__ - INFO - Testing Loss: 85064.3359, R2 Score: -0.1671
2023-11-11 14:14:13,706 - __main__ - INFO - Testing Loss: 30151.6367, R2 Score: -0.9128
2023-11-11 14:14:13,710 - __main__ - INFO - Testing Loss: 17633.1992, R2 Score: -0.5356
2023-11-11 14:14:13,714 - __main__ - INFO - Testing Loss: 12727.1436, R2 Score: -0.5416
2023-11-11 14:14:13,717 - __main__ - INFO - Testing Loss: 24047.0527, R2 Score: -0.8995
2023-11-11 14:14:13,722 - __main__ - INFO - Testing Loss: 28968.3301, R2 Score: -0.9599
2023-11-11 14:14:13,726 - __main__ - INFO - Testing Loss: 20850.2930, R2 Score: -0.5381
2023-11-11 14:14:13,730 - __main__ - INFO - Testing Loss: 86835.6250, R2 Score: -0.2850
2023-11-11 14:14:13,733 - __main__ - INFO - Testing Loss: 26377.6016, R2 Score: -1.0020
2023-11-11 14:14:13,737 - __main__ - INFO - Testing Loss: 24976.9414, R2 Score: -0.6615
2023-11-11 14:14:13,740 - __main__ - INFO - Testing Loss: 78760.8672, R2 Score: -0.1694
2023-11-11 14:14:13,744 - __main__ - INFO - Testing Loss: 16953.6367, R2 Score: -0.6525
2023-11-11 14:14:13,747 - __main__ - INFO - Testing Loss: 20846.2344, R2 Score: -0.8296
2023-11-11 14:14:13,750 - __main__ - INFO - Testing Loss: 20331.9766, R2 Score: -0.1875
2023-11-11 14:14:13,754 - __main__ - INFO - Testing Loss: 20641.8320, R2 Score: -0.8179
2023-11-11 14:14:13,757 - __main__ - INFO - Testing Loss: 25076.2461, R2 Score: -0.6074
2023-11-11 14:14:14,229 - __main__ - INFO - Testing Loss: 23504.4316, R2 Score: -1.0243
2023-11-11 14:15:10,691 - __main__ - INFO - (Epoch 1/50, Loss: 31861.3110
2023-11-11 14:15:10,717 - __main__ - INFO - Testing Loss: 16058.2998, R2 Score: -0.5699
2023-11-11 14:15:10,721 - __main__ - INFO - Testing Loss: 37241.3984, R2 Score: -0.5964
2023-11-11 14:15:10,725 - __main__ - INFO - Testing Loss: 28602.8750, R2 Score: -0.9823
2023-11-11 14:15:10,728 - __main__ - INFO - Testing Loss: 18008.7422, R2 Score: -0.1546
2023-11-11 14:15:10,732 - __main__ - INFO - Testing Loss: 39916.6016, R2 Score: -0.8669
2023-11-11 14:15:10,738 - __main__ - INFO - Testing Loss: 27810.1367, R2 Score: -0.6581
2023-11-11 14:15:10,742 - __main__ - INFO - Testing Loss: 17366.1426, R2 Score: -0.6767
2023-11-11 14:15:10,745 - __main__ - INFO - Testing Loss: 87993.5625, R2 Score: -0.3183
2023-11-11 14:15:10,748 - __main__ - INFO - Testing Loss: 21282.7637, R2 Score: -0.4111
2023-11-11 14:15:10,752 - __main__ - INFO - Testing Loss: 83956.8594, R2 Score: -0.3075
2023-11-11 14:15:10,756 - __main__ - INFO - Testing Loss: 17254.5020, R2 Score: -0.6318
2023-11-11 14:15:10,761 - __main__ - INFO - Testing Loss: 27712.5684, R2 Score: -0.8555
2023-11-11 14:15:10,764 - __main__ - INFO - Testing Loss: 36933.6953, R2 Score: -1.3195
2023-11-11 14:15:10,767 - __main__ - INFO - Testing Loss: 22544.3086, R2 Score: -0.6230
2023-11-11 14:15:10,771 - __main__ - INFO - Testing Loss: 22593.1602, R2 Score: -0.2724
2023-11-11 14:15:10,775 - __main__ - INFO - Testing Loss: 19981.5195, R2 Score: -0.5956
2023-11-11 14:15:10,779 - __main__ - INFO - Testing Loss: 29634.6836, R2 Score: -1.0724
2023-11-11 14:15:10,782 - __main__ - INFO - Testing Loss: 22955.6934, R2 Score: -0.6711
2023-11-11 14:15:10,785 - __main__ - INFO - Testing Loss: 17468.5176, R2 Score: -0.4193
2023-11-11 14:15:10,789 - __main__ - INFO - Testing Loss: 29888.2988, R2 Score: -0.5656
2023-11-11 14:15:10,793 - __main__ - INFO - Testing Loss: 23408.3789, R2 Score: -0.8040
2023-11-11 14:15:10,796 - __main__ - INFO - Testing Loss: 23497.5430, R2 Score: -0.6959
2023-11-11 14:15:10,800 - __main__ - INFO - Testing Loss: 22430.7383, R2 Score: -0.9345
2023-11-11 14:15:10,804 - __main__ - INFO - Testing Loss: 33671.8984, R2 Score: -0.8894
2023-11-11 14:15:10,808 - __main__ - INFO - Testing Loss: 27336.5469, R2 Score: -0.7216
2023-11-11 14:15:10,812 - __main__ - INFO - Testing Loss: 25234.3906, R2 Score: -0.8742
2023-11-11 14:15:10,815 - __main__ - INFO - Testing Loss: 23306.8730, R2 Score: -0.5935
2023-11-11 14:15:10,819 - __main__ - INFO - Testing Loss: 21264.8945, R2 Score: -0.9466
2023-11-11 14:15:10,822 - __main__ - INFO - Testing Loss: 26641.0273, R2 Score: -0.7253
2023-11-11 14:15:10,826 - __main__ - INFO - Testing Loss: 33018.8125, R2 Score: -0.7265
2023-11-11 14:15:10,829 - __main__ - INFO - Testing Loss: 27062.7188, R2 Score: -1.0356
2023-11-11 14:15:10,832 - __main__ - INFO - Testing Loss: 28219.5000, R2 Score: -0.9057
2023-11-11 14:15:10,836 - __main__ - INFO - Testing Loss: 38045.4375, R2 Score: -0.7097
2023-11-11 14:15:10,840 - __main__ - INFO - Testing Loss: 21642.8789, R2 Score: -0.4930
2023-11-11 14:15:10,844 - __main__ - INFO - Testing Loss: 11535.8008, R2 Score: -0.2811
2023-11-11 14:15:10,847 - __main__ - INFO - Testing Loss: 12381.0684, R2 Score: -0.1284
2023-11-11 14:15:10,851 - __main__ - INFO - Testing Loss: 15427.1094, R2 Score: -0.6378
2023-11-11 14:15:10,854 - __main__ - INFO - Testing Loss: 26648.5684, R2 Score: -0.4589
2023-11-11 14:15:10,858 - __main__ - INFO - Testing Loss: 19433.4805, R2 Score: -0.2347
2023-11-11 14:15:10,862 - __main__ - INFO - Testing Loss: 25053.4922, R2 Score: -1.0052
2023-11-11 14:15:10,865 - __main__ - INFO - Testing Loss: 24049.5957, R2 Score: -0.5952
2023-11-11 14:15:10,869 - __main__ - INFO - Testing Loss: 29905.2754, R2 Score: -0.9482
2023-11-11 14:15:10,872 - __main__ - INFO - Testing Loss: 34880.6562, R2 Score: -1.5344
2023-11-11 14:15:10,876 - __main__ - INFO - Testing Loss: 17769.8340, R2 Score: -0.4405
2023-11-11 14:15:10,879 - __main__ - INFO - Testing Loss: 30016.5859, R2 Score: -1.0734
2023-11-11 14:15:10,882 - __main__ - INFO - Testing Loss: 74254.2656, R2 Score: -0.2421
2023-11-11 14:15:10,886 - __main__ - INFO - Testing Loss: 21711.7305, R2 Score: -0.6922
2023-11-11 14:15:10,889 - __main__ - INFO - Testing Loss: 28196.5703, R2 Score: -0.4939
2023-11-11 14:15:10,893 - __main__ - INFO - Testing Loss: 18894.4629, R2 Score: -0.5676
2023-11-11 14:15:10,897 - __main__ - INFO - Testing Loss: 19839.9336, R2 Score: -0.6098
2023-11-11 14:15:10,900 - __main__ - INFO - Testing Loss: 18659.2305, R2 Score: -0.4827
2023-11-11 14:15:10,903 - __main__ - INFO - Testing Loss: 18676.7344, R2 Score: -0.6590
2023-11-11 14:15:10,907 - __main__ - INFO - Testing Loss: 22588.6387, R2 Score: -0.8859
2023-11-11 14:15:10,911 - __main__ - INFO - Testing Loss: 85066.6406, R2 Score: -0.3012
2023-11-11 14:15:10,914 - __main__ - INFO - Testing Loss: 19337.4375, R2 Score: -0.2138
2023-11-11 14:15:10,918 - __main__ - INFO - Testing Loss: 31930.5176, R2 Score: -1.0081
2023-11-11 14:15:10,922 - __main__ - INFO - Testing Loss: 23808.0781, R2 Score: -0.6052
2023-11-11 14:15:10,925 - __main__ - INFO - Testing Loss: 21711.4336, R2 Score: -0.3123
2023-11-11 14:15:10,929 - __main__ - INFO - Testing Loss: 12340.0732, R2 Score: -0.4316
2023-11-11 14:15:10,932 - __main__ - INFO - Testing Loss: 17712.2949, R2 Score: -0.4864
2023-11-11 14:15:10,936 - __main__ - INFO - Testing Loss: 12906.7080, R2 Score: -0.4388
2023-11-11 14:15:10,940 - __main__ - INFO - Testing Loss: 20884.0938, R2 Score: -0.5013
2023-11-11 14:15:10,943 - __main__ - INFO - Testing Loss: 37573.6289, R2 Score: -0.8438
2023-11-11 14:15:10,947 - __main__ - INFO - Testing Loss: 22166.5000, R2 Score: -0.3977
2023-11-11 14:15:10,950 - __main__ - INFO - Testing Loss: 72635.1562, R2 Score: -0.1323
2023-11-11 14:15:10,953 - __main__ - INFO - Testing Loss: 22950.7188, R2 Score: -0.8332
2023-11-11 14:15:10,957 - __main__ - INFO - Testing Loss: 31751.4883, R2 Score: -0.6928
2023-11-11 14:15:10,961 - __main__ - INFO - Testing Loss: 16888.5586, R2 Score: -0.4010
2023-11-11 14:15:10,965 - __main__ - INFO - Testing Loss: 10256.0781, R2 Score: -0.2301
2023-11-11 14:15:10,969 - __main__ - INFO - Testing Loss: 20962.8770, R2 Score: -0.5787
2023-11-11 14:15:10,972 - __main__ - INFO - Testing Loss: 26395.4629, R2 Score: -1.0055
2023-11-11 14:15:10,976 - __main__ - INFO - Testing Loss: 30308.6602, R2 Score: -0.6916
2023-11-11 14:15:10,980 - __main__ - INFO - Testing Loss: 91230.3984, R2 Score: -0.2289
2023-11-11 14:15:10,983 - __main__ - INFO - Testing Loss: 85064.3359, R2 Score: -0.1671
2023-11-11 14:15:10,988 - __main__ - INFO - Testing Loss: 30151.6367, R2 Score: -0.9128
2023-11-11 14:15:10,991 - __main__ - INFO - Testing Loss: 17633.1992, R2 Score: -0.5356
2023-11-11 14:15:10,995 - __main__ - INFO - Testing Loss: 12727.1436, R2 Score: -0.5416
2023-11-11 14:15:10,998 - __main__ - INFO - Testing Loss: 24047.0527, R2 Score: -0.8995
2023-11-11 14:15:11,002 - __main__ - INFO - Testing Loss: 28968.3301, R2 Score: -0.9599
2023-11-11 14:15:11,006 - __main__ - INFO - Testing Loss: 20850.2930, R2 Score: -0.5381
2023-11-11 14:15:11,009 - __main__ - INFO - Testing Loss: 86835.6250, R2 Score: -0.2850
2023-11-11 14:15:11,013 - __main__ - INFO - Testing Loss: 26377.6016, R2 Score: -1.0020
2023-11-11 14:15:11,017 - __main__ - INFO - Testing Loss: 24976.9414, R2 Score: -0.6615
2023-11-11 14:15:11,021 - __main__ - INFO - Testing Loss: 78760.8672, R2 Score: -0.1694
2023-11-11 14:15:11,025 - __main__ - INFO - Testing Loss: 16953.6367, R2 Score: -0.6525
2023-11-11 14:15:11,028 - __main__ - INFO - Testing Loss: 20846.2344, R2 Score: -0.8296
2023-11-11 14:15:11,032 - __main__ - INFO - Testing Loss: 20331.9766, R2 Score: -0.1875
2023-11-11 14:15:11,035 - __main__ - INFO - Testing Loss: 20641.8320, R2 Score: -0.8179
2023-11-11 14:15:11,039 - __main__ - INFO - Testing Loss: 25076.2461, R2 Score: -0.6074
2023-11-11 14:15:11,066 - __main__ - INFO - Testing Loss: 23504.4316, R2 Score: -1.0243
2023-11-11 14:15:11,066 - __main__ - INFO - Client 0 - R2 Score: -0.630225884363329
2023-11-11 14:15:11,863 - __main__ - INFO - (Epoch 2/50, Loss: 26003.1847
2023-11-11 14:15:11,867 - __main__ - INFO - Testing Loss: 13354.9980, R2 Score: -0.3057
2023-11-11 14:15:11,871 - __main__ - INFO - Testing Loss: 33287.9062, R2 Score: -0.4269
2023-11-11 14:15:11,874 - __main__ - INFO - Testing Loss: 25541.5098, R2 Score: -0.7702
2023-11-11 14:15:11,878 - __main__ - INFO - Testing Loss: 17354.6289, R2 Score: -0.1126
2023-11-11 14:15:11,881 - __main__ - INFO - Testing Loss: 37798.4375, R2 Score: -0.7678
2023-11-11 14:15:11,885 - __main__ - INFO - Testing Loss: 24098.7227, R2 Score: -0.4368
2023-11-11 14:15:11,889 - __main__ - INFO - Testing Loss: 16655.8516, R2 Score: -0.6081
2023-11-11 14:15:11,893 - __main__ - INFO - Testing Loss: 82914.2891, R2 Score: -0.2422
2023-11-11 14:15:11,897 - __main__ - INFO - Testing Loss: 18705.3750, R2 Score: -0.2402
2023-11-11 14:15:11,900 - __main__ - INFO - Testing Loss: 78881.1875, R2 Score: -0.2285
2023-11-11 14:15:11,903 - __main__ - INFO - Testing Loss: 15140.8906, R2 Score: -0.4319
2023-11-11 14:15:11,907 - __main__ - INFO - Testing Loss: 22706.5020, R2 Score: -0.5203
2023-11-11 14:15:11,911 - __main__ - INFO - Testing Loss: 32811.6211, R2 Score: -1.0606
2023-11-11 14:15:11,915 - __main__ - INFO - Testing Loss: 20176.9551, R2 Score: -0.4525
2023-11-11 14:15:11,919 - __main__ - INFO - Testing Loss: 21035.2598, R2 Score: -0.1846
2023-11-11 14:15:11,924 - __main__ - INFO - Testing Loss: 16987.3711, R2 Score: -0.3565
2023-11-11 14:15:11,928 - __main__ - INFO - Testing Loss: 25958.9570, R2 Score: -0.8153
2023-11-11 14:15:11,932 - __main__ - INFO - Testing Loss: 21871.7949, R2 Score: -0.5922
2023-11-11 14:15:11,937 - __main__ - INFO - Testing Loss: 15141.4072, R2 Score: -0.2302
2023-11-11 14:15:11,941 - __main__ - INFO - Testing Loss: 28976.7031, R2 Score: -0.5179
2023-11-11 14:15:11,945 - __main__ - INFO - Testing Loss: 21847.8145, R2 Score: -0.6837
2023-11-11 14:15:11,948 - __main__ - INFO - Testing Loss: 20236.8320, R2 Score: -0.4606
2023-11-11 14:15:11,952 - __main__ - INFO - Testing Loss: 19247.2441, R2 Score: -0.6599
2023-11-11 14:15:11,956 - __main__ - INFO - Testing Loss: 30913.5879, R2 Score: -0.7346
2023-11-11 14:15:11,960 - __main__ - INFO - Testing Loss: 24246.4961, R2 Score: -0.5270
2023-11-11 14:15:11,964 - __main__ - INFO - Testing Loss: 22376.9453, R2 Score: -0.6619
2023-11-11 14:15:11,968 - __main__ - INFO - Testing Loss: 19405.9570, R2 Score: -0.3268
2023-11-11 14:15:11,972 - __main__ - INFO - Testing Loss: 18726.5898, R2 Score: -0.7142
2023-11-11 14:15:11,976 - __main__ - INFO - Testing Loss: 24346.0176, R2 Score: -0.5767
2023-11-11 14:15:11,980 - __main__ - INFO - Testing Loss: 30686.7246, R2 Score: -0.6046
2023-11-11 14:15:11,983 - __main__ - INFO - Testing Loss: 24477.3086, R2 Score: -0.8411
2023-11-11 14:15:11,987 - __main__ - INFO - Testing Loss: 25259.1777, R2 Score: -0.7058
2023-11-11 14:15:11,991 - __main__ - INFO - Testing Loss: 36127.8203, R2 Score: -0.6235
2023-11-11 14:15:11,994 - __main__ - INFO - Testing Loss: 19018.1738, R2 Score: -0.3120
2023-11-11 14:15:11,999 - __main__ - INFO - Testing Loss: 9417.3906, R2 Score: -0.0458
2023-11-11 14:15:12,002 - __main__ - INFO - Testing Loss: 13180.3184, R2 Score: -0.2012
2023-11-11 14:15:12,006 - __main__ - INFO - Testing Loss: 13295.7656, R2 Score: -0.4115
2023-11-11 14:15:12,010 - __main__ - INFO - Testing Loss: 23143.7070, R2 Score: -0.2670
2023-11-11 14:15:12,014 - __main__ - INFO - Testing Loss: 16255.9512, R2 Score: -0.0328
2023-11-11 14:15:12,018 - __main__ - INFO - Testing Loss: 21797.4219, R2 Score: -0.7446
2023-11-11 14:15:12,022 - __main__ - INFO - Testing Loss: 20811.1719, R2 Score: -0.3804
2023-11-11 14:15:12,025 - __main__ - INFO - Testing Loss: 26776.1914, R2 Score: -0.7444
2023-11-11 14:15:12,029 - __main__ - INFO - Testing Loss: 31482.1855, R2 Score: -1.2875
2023-11-11 14:15:12,033 - __main__ - INFO - Testing Loss: 15642.2383, R2 Score: -0.2680
2023-11-11 14:15:12,036 - __main__ - INFO - Testing Loss: 27924.8965, R2 Score: -0.9289
2023-11-11 14:15:12,040 - __main__ - INFO - Testing Loss: 71780.1250, R2 Score: -0.2007
2023-11-11 14:15:12,044 - __main__ - INFO - Testing Loss: 19672.8594, R2 Score: -0.5333
2023-11-11 14:15:12,047 - __main__ - INFO - Testing Loss: 27163.7500, R2 Score: -0.4391
2023-11-11 14:15:12,051 - __main__ - INFO - Testing Loss: 16729.4648, R2 Score: -0.3879
2023-11-11 14:15:12,056 - __main__ - INFO - Testing Loss: 17452.2891, R2 Score: -0.4161
2023-11-11 14:15:12,060 - __main__ - INFO - Testing Loss: 17115.3633, R2 Score: -0.3600
2023-11-11 14:15:12,063 - __main__ - INFO - Testing Loss: 17680.2754, R2 Score: -0.5705
2023-11-11 14:15:12,067 - __main__ - INFO - Testing Loss: 20206.9512, R2 Score: -0.6871
2023-11-11 14:15:12,070 - __main__ - INFO - Testing Loss: 78882.4141, R2 Score: -0.2066
2023-11-11 14:15:12,074 - __main__ - INFO - Testing Loss: 21439.9688, R2 Score: -0.3458
2023-11-11 14:15:12,078 - __main__ - INFO - Testing Loss: 29035.1484, R2 Score: -0.8260
2023-11-11 14:15:12,081 - __main__ - INFO - Testing Loss: 22810.3359, R2 Score: -0.5379
2023-11-11 14:15:12,085 - __main__ - INFO - Testing Loss: 19095.9746, R2 Score: -0.1542
2023-11-11 14:15:12,089 - __main__ - INFO - Testing Loss: 11203.6719, R2 Score: -0.2998
2023-11-11 14:15:12,093 - __main__ - INFO - Testing Loss: 15576.0615, R2 Score: -0.3071
2023-11-11 14:15:12,097 - __main__ - INFO - Testing Loss: 12433.8594, R2 Score: -0.3861
2023-11-11 14:15:12,100 - __main__ - INFO - Testing Loss: 17930.7129, R2 Score: -0.2890
2023-11-11 14:15:12,104 - __main__ - INFO - Testing Loss: 33105.2812, R2 Score: -0.6245
2023-11-11 14:15:12,108 - __main__ - INFO - Testing Loss: 19759.0449, R2 Score: -0.2459
2023-11-11 14:15:12,112 - __main__ - INFO - Testing Loss: 69670.3516, R2 Score: -0.0861
2023-11-11 14:15:12,116 - __main__ - INFO - Testing Loss: 21695.4004, R2 Score: -0.7329
2023-11-11 14:15:12,120 - __main__ - INFO - Testing Loss: 29404.4844, R2 Score: -0.5677
2023-11-11 14:15:12,124 - __main__ - INFO - Testing Loss: 14739.4014, R2 Score: -0.2227
2023-11-11 14:15:12,128 - __main__ - INFO - Testing Loss: 9313.6191, R2 Score: -0.1171
2023-11-11 14:15:12,132 - __main__ - INFO - Testing Loss: 18941.7500, R2 Score: -0.4265
2023-11-11 14:15:12,135 - __main__ - INFO - Testing Loss: 23195.9258, R2 Score: -0.7624
2023-11-11 14:15:12,139 - __main__ - INFO - Testing Loss: 28007.7773, R2 Score: -0.5632
2023-11-11 14:15:12,143 - __main__ - INFO - Testing Loss: 87489.1094, R2 Score: -0.1785
2023-11-11 14:15:12,147 - __main__ - INFO - Testing Loss: 82953.0547, R2 Score: -0.1381
2023-11-11 14:15:12,151 - __main__ - INFO - Testing Loss: 28910.7578, R2 Score: -0.8341
2023-11-11 14:15:12,155 - __main__ - INFO - Testing Loss: 15103.1660, R2 Score: -0.3153
2023-11-11 14:15:12,159 - __main__ - INFO - Testing Loss: 10181.0469, R2 Score: -0.2332
2023-11-11 14:15:12,162 - __main__ - INFO - Testing Loss: 19726.5410, R2 Score: -0.5582
2023-11-11 14:15:12,166 - __main__ - INFO - Testing Loss: 26951.1875, R2 Score: -0.8234
2023-11-11 14:15:12,170 - __main__ - INFO - Testing Loss: 17790.7227, R2 Score: -0.3124
2023-11-11 14:15:12,173 - __main__ - INFO - Testing Loss: 83379.6094, R2 Score: -0.2338
2023-11-11 14:15:12,177 - __main__ - INFO - Testing Loss: 23605.1758, R2 Score: -0.7916
2023-11-11 14:15:12,180 - __main__ - INFO - Testing Loss: 21169.5000, R2 Score: -0.4083
2023-11-11 14:15:12,184 - __main__ - INFO - Testing Loss: 76827.5703, R2 Score: -0.1407
2023-11-11 14:15:12,187 - __main__ - INFO - Testing Loss: 14645.0449, R2 Score: -0.4275
2023-11-11 14:15:12,191 - __main__ - INFO - Testing Loss: 18597.3848, R2 Score: -0.6322
2023-11-11 14:15:12,194 - __main__ - INFO - Testing Loss: 20210.7734, R2 Score: -0.1804
2023-11-11 14:15:12,198 - __main__ - INFO - Testing Loss: 18844.1992, R2 Score: -0.6596
2023-11-11 14:15:12,201 - __main__ - INFO - Testing Loss: 22533.3125, R2 Score: -0.4444
2023-11-11 14:15:12,204 - __main__ - INFO - Testing Loss: 20635.6367, R2 Score: -0.7772
2023-11-11 14:15:12,204 - __main__ - INFO - Client 0 - R2 Score: -0.4714545498215153
2023-11-11 14:15:12,989 - __main__ - INFO - (Epoch 3/50, Loss: 20271.9352
2023-11-11 14:15:12,993 - __main__ - INFO - Testing Loss: 13601.2969, R2 Score: -0.3297
2023-11-11 14:15:12,997 - __main__ - INFO - Testing Loss: 28390.3164, R2 Score: -0.2170
2023-11-11 14:15:13,000 - __main__ - INFO - Testing Loss: 23839.5078, R2 Score: -0.6522
2023-11-11 14:15:13,004 - __main__ - INFO - Testing Loss: 16207.1064, R2 Score: -0.0391
2023-11-11 14:15:13,008 - __main__ - INFO - Testing Loss: 34005.6367, R2 Score: -0.5904
2023-11-11 14:15:13,012 - __main__ - INFO - Testing Loss: 21219.5039, R2 Score: -0.2651
2023-11-11 14:15:13,015 - __main__ - INFO - Testing Loss: 17646.3457, R2 Score: -0.7037
2023-11-11 14:15:13,019 - __main__ - INFO - Testing Loss: 70472.1172, R2 Score: -0.0558
2023-11-11 14:15:13,024 - __main__ - INFO - Testing Loss: 19735.4375, R2 Score: -0.3085
2023-11-11 14:15:13,028 - __main__ - INFO - Testing Loss: 67153.0000, R2 Score: -0.0458
2023-11-11 14:15:13,032 - __main__ - INFO - Testing Loss: 13392.4521, R2 Score: -0.2665
2023-11-11 14:15:13,036 - __main__ - INFO - Testing Loss: 21220.0000, R2 Score: -0.4208
2023-11-11 14:15:13,040 - __main__ - INFO - Testing Loss: 29528.0781, R2 Score: -0.8544
2023-11-11 14:15:13,044 - __main__ - INFO - Testing Loss: 17891.9160, R2 Score: -0.2880
2023-11-11 14:15:13,048 - __main__ - INFO - Testing Loss: 19313.7852, R2 Score: -0.0877
2023-11-11 14:15:13,052 - __main__ - INFO - Testing Loss: 17119.7070, R2 Score: -0.3671
2023-11-11 14:15:13,055 - __main__ - INFO - Testing Loss: 24530.2539, R2 Score: -0.7154
2023-11-11 14:15:13,059 - __main__ - INFO - Testing Loss: 21263.3906, R2 Score: -0.5479
2023-11-11 14:15:13,062 - __main__ - INFO - Testing Loss: 13577.9297, R2 Score: -0.1032
2023-11-11 14:15:13,066 - __main__ - INFO - Testing Loss: 25850.4648, R2 Score: -0.3541
2023-11-11 14:15:13,070 - __main__ - INFO - Testing Loss: 21692.5391, R2 Score: -0.6718
2023-11-11 14:15:13,073 - __main__ - INFO - Testing Loss: 19985.0762, R2 Score: -0.4424
2023-11-11 14:15:13,077 - __main__ - INFO - Testing Loss: 17862.8828, R2 Score: -0.5406
2023-11-11 14:15:13,081 - __main__ - INFO - Testing Loss: 28204.3203, R2 Score: -0.5826
2023-11-11 14:15:13,085 - __main__ - INFO - Testing Loss: 23275.8516, R2 Score: -0.4658
2023-11-11 14:15:13,089 - __main__ - INFO - Testing Loss: 21604.9805, R2 Score: -0.6046
2023-11-11 14:15:13,093 - __main__ - INFO - Testing Loss: 17758.5645, R2 Score: -0.2142
2023-11-11 14:15:13,097 - __main__ - INFO - Testing Loss: 18593.9805, R2 Score: -0.7021
2023-11-11 14:15:13,100 - __main__ - INFO - Testing Loss: 24146.3672, R2 Score: -0.5638
2023-11-11 14:15:13,104 - __main__ - INFO - Testing Loss: 29382.4883, R2 Score: -0.5364
2023-11-11 14:15:13,109 - __main__ - INFO - Testing Loss: 22948.5625, R2 Score: -0.7262
2023-11-11 14:15:13,112 - __main__ - INFO - Testing Loss: 25008.9180, R2 Score: -0.6889
2023-11-11 14:15:13,116 - __main__ - INFO - Testing Loss: 34280.2109, R2 Score: -0.5405
2023-11-11 14:15:13,119 - __main__ - INFO - Testing Loss: 20048.1289, R2 Score: -0.3830
2023-11-11 14:15:13,123 - __main__ - INFO - Testing Loss: 8846.3145, R2 Score: 0.0176
2023-11-11 14:15:13,127 - __main__ - INFO - Testing Loss: 13168.3174, R2 Score: -0.2001
2023-11-11 14:15:13,131 - __main__ - INFO - Testing Loss: 13801.0918, R2 Score: -0.4652
2023-11-11 14:15:13,135 - __main__ - INFO - Testing Loss: 21273.0430, R2 Score: -0.1646
2023-11-11 14:15:13,139 - __main__ - INFO - Testing Loss: 14805.8438, R2 Score: 0.0593
2023-11-11 14:15:13,142 - __main__ - INFO - Testing Loss: 21435.7305, R2 Score: -0.7156
2023-11-11 14:15:13,146 - __main__ - INFO - Testing Loss: 18433.0195, R2 Score: -0.2226
2023-11-11 14:15:13,149 - __main__ - INFO - Testing Loss: 26954.4609, R2 Score: -0.7560
2023-11-11 14:15:13,153 - __main__ - INFO - Testing Loss: 29412.3594, R2 Score: -1.1371
2023-11-11 14:15:13,156 - __main__ - INFO - Testing Loss: 15701.2285, R2 Score: -0.2728
2023-11-11 14:15:13,160 - __main__ - INFO - Testing Loss: 25945.1680, R2 Score: -0.7922
2023-11-11 14:15:13,163 - __main__ - INFO - Testing Loss: 62410.7930, R2 Score: -0.0440
2023-11-11 14:15:13,166 - __main__ - INFO - Testing Loss: 19655.3086, R2 Score: -0.5319
2023-11-11 14:15:13,170 - __main__ - INFO - Testing Loss: 26717.7500, R2 Score: -0.4155
2023-11-11 14:15:13,174 - __main__ - INFO - Testing Loss: 15883.2695, R2 Score: -0.3177
2023-11-11 14:15:13,178 - __main__ - INFO - Testing Loss: 18147.0742, R2 Score: -0.4725
2023-11-11 14:15:13,181 - __main__ - INFO - Testing Loss: 17730.8711, R2 Score: -0.4089
2023-11-11 14:15:13,185 - __main__ - INFO - Testing Loss: 18415.7383, R2 Score: -0.6359
2023-11-11 14:15:13,189 - __main__ - INFO - Testing Loss: 19794.3770, R2 Score: -0.6526
2023-11-11 14:15:13,193 - __main__ - INFO - Testing Loss: 67761.6953, R2 Score: -0.0365
2023-11-11 14:15:13,196 - __main__ - INFO - Testing Loss: 20145.1992, R2 Score: -0.2645
2023-11-11 14:15:13,200 - __main__ - INFO - Testing Loss: 27570.3730, R2 Score: -0.7339
2023-11-11 14:15:13,203 - __main__ - INFO - Testing Loss: 22211.7266, R2 Score: -0.4975
2023-11-11 14:15:13,207 - __main__ - INFO - Testing Loss: 17063.1875, R2 Score: -0.0313
2023-11-11 14:15:13,211 - __main__ - INFO - Testing Loss: 11196.5723, R2 Score: -0.2990
2023-11-11 14:15:13,214 - __main__ - INFO - Testing Loss: 15166.0977, R2 Score: -0.2727
2023-11-11 14:15:13,218 - __main__ - INFO - Testing Loss: 14073.8867, R2 Score: -0.5689
2023-11-11 14:15:13,222 - __main__ - INFO - Testing Loss: 16292.6436, R2 Score: -0.1712
2023-11-11 14:15:13,226 - __main__ - INFO - Testing Loss: 32122.1641, R2 Score: -0.5763
2023-11-11 14:15:13,229 - __main__ - INFO - Testing Loss: 17558.2266, R2 Score: -0.1071
2023-11-11 14:15:13,233 - __main__ - INFO - Testing Loss: 60759.4023, R2 Score: 0.0529
2023-11-11 14:15:13,236 - __main__ - INFO - Testing Loss: 20248.8125, R2 Score: -0.6174
2023-11-11 14:15:13,240 - __main__ - INFO - Testing Loss: 27532.6836, R2 Score: -0.4679
2023-11-11 14:15:13,244 - __main__ - INFO - Testing Loss: 13395.7998, R2 Score: -0.1112
2023-11-11 14:15:13,247 - __main__ - INFO - Testing Loss: 9490.4238, R2 Score: -0.1383
2023-11-11 14:15:13,250 - __main__ - INFO - Testing Loss: 18210.1113, R2 Score: -0.3714
2023-11-11 14:15:13,254 - __main__ - INFO - Testing Loss: 23315.9688, R2 Score: -0.7715
2023-11-11 14:15:13,258 - __main__ - INFO - Testing Loss: 26571.3672, R2 Score: -0.4830
2023-11-11 14:15:13,261 - __main__ - INFO - Testing Loss: 75597.6328, R2 Score: -0.0183
2023-11-11 14:15:13,265 - __main__ - INFO - Testing Loss: 68577.2812, R2 Score: 0.0591
2023-11-11 14:15:13,269 - __main__ - INFO - Testing Loss: 27489.5449, R2 Score: -0.7439
2023-11-11 14:15:13,272 - __main__ - INFO - Testing Loss: 14428.7324, R2 Score: -0.2565
2023-11-11 14:15:13,276 - __main__ - INFO - Testing Loss: 11086.7939, R2 Score: -0.3429
2023-11-11 14:15:13,280 - __main__ - INFO - Testing Loss: 17639.3086, R2 Score: -0.3933
2023-11-11 14:15:13,283 - __main__ - INFO - Testing Loss: 24035.9453, R2 Score: -0.6262
2023-11-11 14:15:13,287 - __main__ - INFO - Testing Loss: 17293.3203, R2 Score: -0.2757
2023-11-11 14:15:13,291 - __main__ - INFO - Testing Loss: 77104.0000, R2 Score: -0.1410
2023-11-11 14:15:13,294 - __main__ - INFO - Testing Loss: 21586.8672, R2 Score: -0.6384
2023-11-11 14:15:13,298 - __main__ - INFO - Testing Loss: 19267.9883, R2 Score: -0.2818
2023-11-11 14:15:13,302 - __main__ - INFO - Testing Loss: 65265.4609, R2 Score: 0.0310
2023-11-11 14:15:13,306 - __main__ - INFO - Testing Loss: 11743.9062, R2 Score: -0.1447
2023-11-11 14:15:13,309 - __main__ - INFO - Testing Loss: 19134.6133, R2 Score: -0.6794
2023-11-11 14:15:13,313 - __main__ - INFO - Testing Loss: 19483.9141, R2 Score: -0.1379
2023-11-11 14:15:13,316 - __main__ - INFO - Testing Loss: 19250.9062, R2 Score: -0.6954
2023-11-11 14:15:13,320 - __main__ - INFO - Testing Loss: 21394.9414, R2 Score: -0.3714
2023-11-11 14:15:13,323 - __main__ - INFO - Testing Loss: 19818.1562, R2 Score: -0.7068
2023-11-11 14:15:13,323 - __main__ - INFO - Client 0 - R2 Score: -0.398157692051438
2023-11-11 14:15:14,114 - __main__ - INFO - (Epoch 4/50, Loss: 17654.1561
2023-11-11 14:15:14,118 - __main__ - INFO - Testing Loss: 7619.8125, R2 Score: 0.2550
2023-11-11 14:15:14,121 - __main__ - INFO - Testing Loss: 13351.4375, R2 Score: 0.4277
2023-11-11 14:15:14,125 - __main__ - INFO - Testing Loss: 12010.6514, R2 Score: 0.1676
2023-11-11 14:15:14,128 - __main__ - INFO - Testing Loss: 7963.5840, R2 Score: 0.4894
2023-11-11 14:15:14,132 - __main__ - INFO - Testing Loss: 16936.6289, R2 Score: 0.2079
2023-11-11 14:15:14,136 - __main__ - INFO - Testing Loss: 9617.1230, R2 Score: 0.4266
2023-11-11 14:15:14,140 - __main__ - INFO - Testing Loss: 10736.6094, R2 Score: -0.0366
2023-11-11 14:15:14,143 - __main__ - INFO - Testing Loss: 35976.4688, R2 Score: 0.4610
2023-11-11 14:15:14,147 - __main__ - INFO - Testing Loss: 10615.6250, R2 Score: 0.2962
2023-11-11 14:15:14,151 - __main__ - INFO - Testing Loss: 34013.6992, R2 Score: 0.4703
2023-11-11 14:15:14,155 - __main__ - INFO - Testing Loss: 6810.3765, R2 Score: 0.3559
2023-11-11 14:15:14,158 - __main__ - INFO - Testing Loss: 11529.5537, R2 Score: 0.2280
2023-11-11 14:15:14,162 - __main__ - INFO - Testing Loss: 13174.0361, R2 Score: 0.1727
2023-11-11 14:15:14,166 - __main__ - INFO - Testing Loss: 7987.5576, R2 Score: 0.4250
2023-11-11 14:15:14,169 - __main__ - INFO - Testing Loss: 10278.7666, R2 Score: 0.4211
2023-11-11 14:15:14,173 - __main__ - INFO - Testing Loss: 9967.3926, R2 Score: 0.2041
2023-11-11 14:15:14,177 - __main__ - INFO - Testing Loss: 12468.9863, R2 Score: 0.1280
2023-11-11 14:15:14,180 - __main__ - INFO - Testing Loss: 11535.7578, R2 Score: 0.1602
2023-11-11 14:15:14,183 - __main__ - INFO - Testing Loss: 6354.7959, R2 Score: 0.4837
2023-11-11 14:15:14,187 - __main__ - INFO - Testing Loss: 11371.0049, R2 Score: 0.4044
2023-11-11 14:15:14,190 - __main__ - INFO - Testing Loss: 10601.9180, R2 Score: 0.1829
2023-11-11 14:15:14,193 - __main__ - INFO - Testing Loss: 11926.0059, R2 Score: 0.1393
2023-11-11 14:15:14,197 - __main__ - INFO - Testing Loss: 8734.1426, R2 Score: 0.2467
2023-11-11 14:15:14,200 - __main__ - INFO - Testing Loss: 13655.4014, R2 Score: 0.2338
2023-11-11 14:15:14,204 - __main__ - INFO - Testing Loss: 11695.8105, R2 Score: 0.2634
2023-11-11 14:15:14,207 - __main__ - INFO - Testing Loss: 11928.4707, R2 Score: 0.1141
2023-11-11 14:15:14,211 - __main__ - INFO - Testing Loss: 8274.3105, R2 Score: 0.4343
2023-11-11 14:15:14,215 - __main__ - INFO - Testing Loss: 9151.1064, R2 Score: 0.1623
2023-11-11 14:15:14,219 - __main__ - INFO - Testing Loss: 15201.6777, R2 Score: 0.0155
2023-11-11 14:15:14,222 - __main__ - INFO - Testing Loss: 14573.4268, R2 Score: 0.2380
2023-11-11 14:15:14,226 - __main__ - INFO - Testing Loss: 12329.2061, R2 Score: 0.0726
2023-11-11 14:15:14,230 - __main__ - INFO - Testing Loss: 13277.5762, R2 Score: 0.1034
2023-11-11 14:15:14,233 - __main__ - INFO - Testing Loss: 17424.3027, R2 Score: 0.2170
2023-11-11 14:15:14,236 - __main__ - INFO - Testing Loss: 13564.9707, R2 Score: 0.0642
2023-11-11 14:15:14,240 - __main__ - INFO - Testing Loss: 4704.1465, R2 Score: 0.4776
2023-11-11 14:15:14,244 - __main__ - INFO - Testing Loss: 6980.7690, R2 Score: 0.3638
2023-11-11 14:15:14,248 - __main__ - INFO - Testing Loss: 7774.9600, R2 Score: 0.1746
2023-11-11 14:15:14,251 - __main__ - INFO - Testing Loss: 12368.7422, R2 Score: 0.3229
2023-11-11 14:15:14,255 - __main__ - INFO - Testing Loss: 7516.9736, R2 Score: 0.5224
2023-11-11 14:15:14,259 - __main__ - INFO - Testing Loss: 11812.1094, R2 Score: 0.0546
2023-11-11 14:15:14,262 - __main__ - INFO - Testing Loss: 7703.0215, R2 Score: 0.4891
2023-11-11 14:15:14,266 - __main__ - INFO - Testing Loss: 14506.3184, R2 Score: 0.0550
2023-11-11 14:15:14,269 - __main__ - INFO - Testing Loss: 13178.5742, R2 Score: 0.0424
2023-11-11 14:15:14,273 - __main__ - INFO - Testing Loss: 9870.1152, R2 Score: 0.1999
2023-11-11 14:15:14,276 - __main__ - INFO - Testing Loss: 13904.5596, R2 Score: 0.0395
2023-11-11 14:15:14,280 - __main__ - INFO - Testing Loss: 32445.1836, R2 Score: 0.4573
2023-11-11 14:15:14,283 - __main__ - INFO - Testing Loss: 10176.2422, R2 Score: 0.2069
2023-11-11 14:15:14,287 - __main__ - INFO - Testing Loss: 15298.4512, R2 Score: 0.1895
2023-11-11 14:15:14,290 - __main__ - INFO - Testing Loss: 6811.2207, R2 Score: 0.4349
2023-11-11 14:15:14,294 - __main__ - INFO - Testing Loss: 10358.5293, R2 Score: 0.1595
2023-11-11 14:15:14,297 - __main__ - INFO - Testing Loss: 10361.0684, R2 Score: 0.1767
2023-11-11 14:15:14,301 - __main__ - INFO - Testing Loss: 10882.3223, R2 Score: 0.0333
2023-11-11 14:15:14,305 - __main__ - INFO - Testing Loss: 11337.6582, R2 Score: 0.0534
2023-11-11 14:15:14,309 - __main__ - INFO - Testing Loss: 35367.1289, R2 Score: 0.4590
2023-11-11 14:15:14,313 - __main__ - INFO - Testing Loss: 8990.2207, R2 Score: 0.4357
2023-11-11 14:15:14,316 - __main__ - INFO - Testing Loss: 15049.9805, R2 Score: 0.0535
2023-11-11 14:15:14,320 - __main__ - INFO - Testing Loss: 12671.6602, R2 Score: 0.1457
2023-11-11 14:15:14,324 - __main__ - INFO - Testing Loss: 8254.0840, R2 Score: 0.5011
2023-11-11 14:15:14,327 - __main__ - INFO - Testing Loss: 6666.9229, R2 Score: 0.2265
2023-11-11 14:15:14,331 - __main__ - INFO - Testing Loss: 8358.6875, R2 Score: 0.2985
2023-11-11 14:15:14,334 - __main__ - INFO - Testing Loss: 8365.7031, R2 Score: 0.0674
2023-11-11 14:15:14,338 - __main__ - INFO - Testing Loss: 7859.8301, R2 Score: 0.4350
2023-11-11 14:15:14,341 - __main__ - INFO - Testing Loss: 19925.5156, R2 Score: 0.0222
2023-11-11 14:15:14,345 - __main__ - INFO - Testing Loss: 8165.8105, R2 Score: 0.4851
2023-11-11 14:15:14,348 - __main__ - INFO - Testing Loss: 32500.9902, R2 Score: 0.4934
2023-11-11 14:15:14,351 - __main__ - INFO - Testing Loss: 9571.8262, R2 Score: 0.2354
2023-11-11 14:15:14,356 - __main__ - INFO - Testing Loss: 15361.8457, R2 Score: 0.1810
2023-11-11 14:15:14,360 - __main__ - INFO - Testing Loss: 7560.8687, R2 Score: 0.3728
2023-11-11 14:15:14,363 - __main__ - INFO - Testing Loss: 5988.4854, R2 Score: 0.2817
2023-11-11 14:15:14,366 - __main__ - INFO - Testing Loss: 9032.3984, R2 Score: 0.3198
2023-11-11 14:15:14,369 - __main__ - INFO - Testing Loss: 15395.4453, R2 Score: -0.1697
2023-11-11 14:15:14,373 - __main__ - INFO - Testing Loss: 14261.3477, R2 Score: 0.2040
2023-11-11 14:15:14,377 - __main__ - INFO - Testing Loss: 41189.7773, R2 Score: 0.4452
2023-11-11 14:15:14,380 - __main__ - INFO - Testing Loss: 34716.1641, R2 Score: 0.5237
2023-11-11 14:15:14,384 - __main__ - INFO - Testing Loss: 14599.8887, R2 Score: 0.0738
2023-11-11 14:15:14,387 - __main__ - INFO - Testing Loss: 7228.4443, R2 Score: 0.3705
2023-11-11 14:15:14,390 - __main__ - INFO - Testing Loss: 5850.6025, R2 Score: 0.2913
2023-11-11 14:15:14,394 - __main__ - INFO - Testing Loss: 7812.8618, R2 Score: 0.3829
2023-11-11 14:15:14,397 - __main__ - INFO - Testing Loss: 9983.6367, R2 Score: 0.3245
2023-11-11 14:15:14,401 - __main__ - INFO - Testing Loss: 9609.2881, R2 Score: 0.2911
2023-11-11 14:15:14,404 - __main__ - INFO - Testing Loss: 51503.0898, R2 Score: 0.2379
2023-11-11 14:15:14,407 - __main__ - INFO - Testing Loss: 10328.0811, R2 Score: 0.2161
2023-11-11 14:15:14,410 - __main__ - INFO - Testing Loss: 9722.6025, R2 Score: 0.3532
2023-11-11 14:15:14,414 - __main__ - INFO - Testing Loss: 32523.1133, R2 Score: 0.5171
2023-11-11 14:15:14,417 - __main__ - INFO - Testing Loss: 4756.6396, R2 Score: 0.5364
2023-11-11 14:15:14,421 - __main__ - INFO - Testing Loss: 10671.0283, R2 Score: 0.0634
2023-11-11 14:15:14,424 - __main__ - INFO - Testing Loss: 10441.4238, R2 Score: 0.3902
2023-11-11 14:15:14,427 - __main__ - INFO - Testing Loss: 11858.6699, R2 Score: -0.0444
2023-11-11 14:15:14,430 - __main__ - INFO - Testing Loss: 11661.5674, R2 Score: 0.2525
2023-11-11 14:15:14,433 - __main__ - INFO - Testing Loss: 10509.3896, R2 Score: 0.0949
2023-11-11 14:15:14,433 - __main__ - INFO - Client 0 - R2 Score: 0.2606380117581891
2023-11-11 14:15:15,220 - __main__ - INFO - (Epoch 5/50, Loss: 13256.4026
2023-11-11 14:15:15,224 - __main__ - INFO - Testing Loss: 21035.8438, R2 Score: -1.0566
2023-11-11 14:15:15,228 - __main__ - INFO - Testing Loss: 37353.8516, R2 Score: -0.6012
2023-11-11 14:15:15,231 - __main__ - INFO - Testing Loss: 33600.8672, R2 Score: -1.3287
2023-11-11 14:15:15,235 - __main__ - INFO - Testing Loss: 23557.4980, R2 Score: -0.5103
2023-11-11 14:15:15,238 - __main__ - INFO - Testing Loss: 45798.0391, R2 Score: -1.1419
2023-11-11 14:15:15,242 - __main__ - INFO - Testing Loss: 30476.2305, R2 Score: -0.8171
2023-11-11 14:15:15,246 - __main__ - INFO - Testing Loss: 30356.3711, R2 Score: -1.9309
2023-11-11 14:15:15,250 - __main__ - INFO - Testing Loss: 71775.7188, R2 Score: -0.0754
2023-11-11 14:15:15,254 - __main__ - INFO - Testing Loss: 28063.5020, R2 Score: -0.8606
2023-11-11 14:15:15,258 - __main__ - INFO - Testing Loss: 68718.6406, R2 Score: -0.0702
2023-11-11 14:15:15,261 - __main__ - INFO - Testing Loss: 21417.2734, R2 Score: -1.0254
2023-11-11 14:15:15,265 - __main__ - INFO - Testing Loss: 28974.5078, R2 Score: -0.9400
2023-11-11 14:15:15,269 - __main__ - INFO - Testing Loss: 40843.5391, R2 Score: -1.5650
2023-11-11 14:15:15,275 - __main__ - INFO - Testing Loss: 27624.1211, R2 Score: -0.9887
2023-11-11 14:15:15,281 - __main__ - INFO - Testing Loss: 27659.8281, R2 Score: -0.5577
2023-11-11 14:15:15,287 - __main__ - INFO - Testing Loss: 25636.5098, R2 Score: -1.0471
2023-11-11 14:15:15,293 - __main__ - INFO - Testing Loss: 35726.5000, R2 Score: -1.4984
2023-11-11 14:15:15,299 - __main__ - INFO - Testing Loss: 33010.5391, R2 Score: -1.4031
2023-11-11 14:15:15,304 - __main__ - INFO - Testing Loss: 21620.5293, R2 Score: -0.7567
2023-11-11 14:15:15,309 - __main__ - INFO - Testing Loss: 37156.5234, R2 Score: -0.9463
2023-11-11 14:15:15,313 - __main__ - INFO - Testing Loss: 33846.6914, R2 Score: -1.6084
2023-11-11 14:15:15,317 - __main__ - INFO - Testing Loss: 29652.8281, R2 Score: -1.1402
2023-11-11 14:15:15,324 - __main__ - INFO - Testing Loss: 28271.4414, R2 Score: -1.4382
2023-11-11 14:15:15,328 - __main__ - INFO - Testing Loss: 38881.0234, R2 Score: -1.1817
2023-11-11 14:15:15,332 - __main__ - INFO - Testing Loss: 32914.9609, R2 Score: -1.0729
2023-11-11 14:15:15,335 - __main__ - INFO - Testing Loss: 31186.6738, R2 Score: -1.3162
2023-11-11 14:15:15,339 - __main__ - INFO - Testing Loss: 25718.2422, R2 Score: -0.7584
2023-11-11 14:15:15,342 - __main__ - INFO - Testing Loss: 29450.0820, R2 Score: -1.6958
2023-11-11 14:15:15,346 - __main__ - INFO - Testing Loss: 34180.7070, R2 Score: -1.2136
2023-11-11 14:15:15,349 - __main__ - INFO - Testing Loss: 38893.0391, R2 Score: -1.0337
2023-11-11 14:15:15,352 - __main__ - INFO - Testing Loss: 33871.7930, R2 Score: -1.5478
2023-11-11 14:15:15,356 - __main__ - INFO - Testing Loss: 36233.1445, R2 Score: -1.4468
2023-11-11 14:15:15,360 - __main__ - INFO - Testing Loss: 45472.7500, R2 Score: -1.0434
2023-11-11 14:15:15,364 - __main__ - INFO - Testing Loss: 28861.6719, R2 Score: -0.9910
2023-11-11 14:15:15,368 - __main__ - INFO - Testing Loss: 14669.1562, R2 Score: -0.6291
2023-11-11 14:15:15,372 - __main__ - INFO - Testing Loss: 22649.1953, R2 Score: -1.0642
2023-11-11 14:15:15,375 - __main__ - INFO - Testing Loss: 22951.5332, R2 Score: -1.4366
2023-11-11 14:15:15,379 - __main__ - INFO - Testing Loss: 29183.3672, R2 Score: -0.5977
2023-11-11 14:15:15,382 - __main__ - INFO - Testing Loss: 21145.5879, R2 Score: -0.3435
2023-11-11 14:15:15,386 - __main__ - INFO - Testing Loss: 31666.4062, R2 Score: -1.5344
2023-11-11 14:15:15,390 - __main__ - INFO - Testing Loss: 28093.1250, R2 Score: -0.8634
2023-11-11 14:15:15,394 - __main__ - INFO - Testing Loss: 37595.8281, R2 Score: -1.4492
2023-11-11 14:15:15,397 - __main__ - INFO - Testing Loss: 41386.4922, R2 Score: -2.0071
2023-11-11 14:15:15,401 - __main__ - INFO - Testing Loss: 24234.9844, R2 Score: -0.9646
2023-11-11 14:15:15,405 - __main__ - INFO - Testing Loss: 37336.6367, R2 Score: -1.5790
2023-11-11 14:15:15,408 - __main__ - INFO - Testing Loss: 65171.3594, R2 Score: -0.0902
2023-11-11 14:15:15,412 - __main__ - INFO - Testing Loss: 29991.7402, R2 Score: -1.3375
2023-11-11 14:15:15,415 - __main__ - INFO - Testing Loss: 36562.3242, R2 Score: -0.9371
2023-11-11 14:15:15,419 - __main__ - INFO - Testing Loss: 24841.1133, R2 Score: -1.0609
2023-11-11 14:15:15,422 - __main__ - INFO - Testing Loss: 26830.2773, R2 Score: -1.1770
2023-11-11 14:15:15,426 - __main__ - INFO - Testing Loss: 26960.2441, R2 Score: -1.1423
2023-11-11 14:15:15,430 - __main__ - INFO - Testing Loss: 29146.5508, R2 Score: -1.5891
2023-11-11 14:15:15,433 - __main__ - INFO - Testing Loss: 29018.2656, R2 Score: -1.4227
2023-11-11 14:15:15,437 - __main__ - INFO - Testing Loss: 67651.6562, R2 Score: -0.0348
2023-11-11 14:15:15,441 - __main__ - INFO - Testing Loss: 30027.8594, R2 Score: -0.8848
2023-11-11 14:15:15,444 - __main__ - INFO - Testing Loss: 38321.1406, R2 Score: -1.4100
2023-11-11 14:15:15,448 - __main__ - INFO - Testing Loss: 32634.6387, R2 Score: -1.2002
2023-11-11 14:15:15,452 - __main__ - INFO - Testing Loss: 24526.5156, R2 Score: -0.4824
2023-11-11 14:15:15,455 - __main__ - INFO - Testing Loss: 19488.4941, R2 Score: -1.2610
2023-11-11 14:15:15,459 - __main__ - INFO - Testing Loss: 23523.8945, R2 Score: -0.9741
2023-11-11 14:15:15,462 - __main__ - INFO - Testing Loss: 22791.7168, R2 Score: -1.5407
2023-11-11 14:15:15,466 - __main__ - INFO - Testing Loss: 24251.2676, R2 Score: -0.7434
2023-11-11 14:15:15,470 - __main__ - INFO - Testing Loss: 42783.7891, R2 Score: -1.0995
2023-11-11 14:15:15,473 - __main__ - INFO - Testing Loss: 26165.8672, R2 Score: -0.6498
2023-11-11 14:15:15,477 - __main__ - INFO - Testing Loss: 61596.9375, R2 Score: 0.0398
2023-11-11 14:15:15,480 - __main__ - INFO - Testing Loss: 30440.6367, R2 Score: -1.4315
2023-11-11 14:15:15,484 - __main__ - INFO - Testing Loss: 38202.9961, R2 Score: -1.0368
2023-11-11 14:15:15,488 - __main__ - INFO - Testing Loss: 21714.7461, R2 Score: -0.8013
2023-11-11 14:15:15,492 - __main__ - INFO - Testing Loss: 17364.5664, R2 Score: -1.0827
2023-11-11 14:15:15,495 - __main__ - INFO - Testing Loss: 26603.2500, R2 Score: -1.0035
2023-11-11 14:15:15,499 - __main__ - INFO - Testing Loss: 33987.4141, R2 Score: -1.5824
2023-11-11 14:15:15,503 - __main__ - INFO - Testing Loss: 36507.7578, R2 Score: -1.0376
2023-11-11 14:15:15,506 - __main__ - INFO - Testing Loss: 75947.1875, R2 Score: -0.0230
2023-11-11 14:15:15,510 - __main__ - INFO - Testing Loss: 71143.2188, R2 Score: 0.0239
2023-11-11 14:15:15,514 - __main__ - INFO - Testing Loss: 40135.1289, R2 Score: -1.5462
2023-11-11 14:15:15,517 - __main__ - INFO - Testing Loss: 23338.2734, R2 Score: -1.0324
2023-11-11 14:15:15,521 - __main__ - INFO - Testing Loss: 18703.6406, R2 Score: -1.2655
2023-11-11 14:15:15,526 - __main__ - INFO - Testing Loss: 27138.8027, R2 Score: -1.1437
2023-11-11 14:15:15,529 - __main__ - INFO - Testing Loss: 34819.6719, R2 Score: -1.3558
2023-11-11 14:15:15,533 - __main__ - INFO - Testing Loss: 25783.4121, R2 Score: -0.9020
2023-11-11 14:15:15,537 - __main__ - INFO - Testing Loss: 82812.4219, R2 Score: -0.2254
2023-11-11 14:15:15,541 - __main__ - INFO - Testing Loss: 32872.9844, R2 Score: -1.4950
2023-11-11 14:15:15,545 - __main__ - INFO - Testing Loss: 26875.5078, R2 Score: -0.7878
2023-11-11 14:15:15,549 - __main__ - INFO - Testing Loss: 66352.4922, R2 Score: 0.0148
2023-11-11 14:15:15,554 - __main__ - INFO - Testing Loss: 20806.3086, R2 Score: -1.0281
2023-11-11 14:15:15,558 - __main__ - INFO - Testing Loss: 29642.0371, R2 Score: -1.6016
2023-11-11 14:15:15,562 - __main__ - INFO - Testing Loss: 27424.9336, R2 Score: -0.6017
2023-11-11 14:15:15,565 - __main__ - INFO - Testing Loss: 30241.9375, R2 Score: -1.6634
2023-11-11 14:15:15,569 - __main__ - INFO - Testing Loss: 30525.8633, R2 Score: -0.9567
2023-11-11 14:15:15,572 - __main__ - INFO - Testing Loss: 28492.7676, R2 Score: -1.4539
2023-11-11 14:15:15,572 - __main__ - INFO - Client 0 - R2 Score: -1.0343948077011018
2023-11-11 14:15:16,369 - __main__ - INFO - (Epoch 6/50, Loss: 10701.7746
2023-11-11 14:15:16,373 - __main__ - INFO - Testing Loss: 10941.7129, R2 Score: -0.0697
2023-11-11 14:15:16,376 - __main__ - INFO - Testing Loss: 18141.7812, R2 Score: 0.2223
2023-11-11 14:15:16,380 - __main__ - INFO - Testing Loss: 17518.5273, R2 Score: -0.2141
2023-11-11 14:15:16,384 - __main__ - INFO - Testing Loss: 9810.5801, R2 Score: 0.3710
2023-11-11 14:15:16,387 - __main__ - INFO - Testing Loss: 23493.4941, R2 Score: -0.0988
2023-11-11 14:15:16,391 - __main__ - INFO - Testing Loss: 14515.6973, R2 Score: 0.1345
2023-11-11 14:15:16,394 - __main__ - INFO - Testing Loss: 14324.4902, R2 Score: -0.3830
2023-11-11 14:15:16,398 - __main__ - INFO - Testing Loss: 38200.4570, R2 Score: 0.4277
2023-11-11 14:15:16,401 - __main__ - INFO - Testing Loss: 13503.8545, R2 Score: 0.1047
2023-11-11 14:15:16,405 - __main__ - INFO - Testing Loss: 36583.6953, R2 Score: 0.4303
2023-11-11 14:15:16,409 - __main__ - INFO - Testing Loss: 9497.4014, R2 Score: 0.1018
2023-11-11 14:15:16,413 - __main__ - INFO - Testing Loss: 16799.4434, R2 Score: -0.1248
2023-11-11 14:15:16,417 - __main__ - INFO - Testing Loss: 20764.2598, R2 Score: -0.3040
2023-11-11 14:15:16,420 - __main__ - INFO - Testing Loss: 12592.0908, R2 Score: 0.0935
2023-11-11 14:15:16,424 - __main__ - INFO - Testing Loss: 13820.2646, R2 Score: 0.2217
2023-11-11 14:15:16,428 - __main__ - INFO - Testing Loss: 13286.3008, R2 Score: -0.0609
2023-11-11 14:15:16,432 - __main__ - INFO - Testing Loss: 18150.5781, R2 Score: -0.2693
2023-11-11 14:15:16,435 - __main__ - INFO - Testing Loss: 15878.3789, R2 Score: -0.1559
2023-11-11 14:15:16,439 - __main__ - INFO - Testing Loss: 9293.1211, R2 Score: 0.2449
2023-11-11 14:15:16,442 - __main__ - INFO - Testing Loss: 15649.2676, R2 Score: 0.1803
2023-11-11 14:15:16,446 - __main__ - INFO - Testing Loss: 15052.9316, R2 Score: -0.1601
2023-11-11 14:15:16,450 - __main__ - INFO - Testing Loss: 16758.5566, R2 Score: -0.2095
2023-11-11 14:15:16,453 - __main__ - INFO - Testing Loss: 13850.6270, R2 Score: -0.1945
2023-11-11 14:15:16,457 - __main__ - INFO - Testing Loss: 18065.9531, R2 Score: -0.0137
2023-11-11 14:15:16,461 - __main__ - INFO - Testing Loss: 16826.5703, R2 Score: -0.0597
2023-11-11 14:15:16,465 - __main__ - INFO - Testing Loss: 16465.3164, R2 Score: -0.2229
2023-11-11 14:15:16,468 - __main__ - INFO - Testing Loss: 13634.1484, R2 Score: 0.0678
2023-11-11 14:15:16,472 - __main__ - INFO - Testing Loss: 14135.7568, R2 Score: -0.2940
2023-11-11 14:15:16,476 - __main__ - INFO - Testing Loss: 20262.1992, R2 Score: -0.3122
2023-11-11 14:15:16,480 - __main__ - INFO - Testing Loss: 19097.8066, R2 Score: 0.0014
2023-11-11 14:15:16,483 - __main__ - INFO - Testing Loss: 17367.4102, R2 Score: -0.3063
2023-11-11 14:15:16,488 - __main__ - INFO - Testing Loss: 18287.3477, R2 Score: -0.2350
2023-11-11 14:15:16,492 - __main__ - INFO - Testing Loss: 22141.8008, R2 Score: 0.0050
2023-11-11 14:15:16,496 - __main__ - INFO - Testing Loss: 16321.2510, R2 Score: -0.1259
2023-11-11 14:15:16,500 - __main__ - INFO - Testing Loss: 6951.3438, R2 Score: 0.2280
2023-11-11 14:15:16,505 - __main__ - INFO - Testing Loss: 9146.1680, R2 Score: 0.1664
2023-11-11 14:15:16,509 - __main__ - INFO - Testing Loss: 11138.1309, R2 Score: -0.1825
2023-11-11 14:15:16,512 - __main__ - INFO - Testing Loss: 15960.1289, R2 Score: 0.1262
2023-11-11 14:15:16,516 - __main__ - INFO - Testing Loss: 9700.4639, R2 Score: 0.3837
2023-11-11 14:15:16,521 - __main__ - INFO - Testing Loss: 16237.2549, R2 Score: -0.2996
2023-11-11 14:15:16,525 - __main__ - INFO - Testing Loss: 12370.9941, R2 Score: 0.1794
2023-11-11 14:15:16,529 - __main__ - INFO - Testing Loss: 19154.2188, R2 Score: -0.2478
2023-11-11 14:15:16,532 - __main__ - INFO - Testing Loss: 18798.4648, R2 Score: -0.3659
2023-11-11 14:15:16,536 - __main__ - INFO - Testing Loss: 13150.9824, R2 Score: -0.0661
2023-11-11 14:15:16,539 - __main__ - INFO - Testing Loss: 18440.1426, R2 Score: -0.2738
2023-11-11 14:15:16,543 - __main__ - INFO - Testing Loss: 34379.8359, R2 Score: 0.4249
2023-11-11 14:15:16,546 - __main__ - INFO - Testing Loss: 13861.1074, R2 Score: -0.0803
2023-11-11 14:15:16,550 - __main__ - INFO - Testing Loss: 17584.3750, R2 Score: 0.0684
2023-11-11 14:15:16,554 - __main__ - INFO - Testing Loss: 10208.2881, R2 Score: 0.1531
2023-11-11 14:15:16,558 - __main__ - INFO - Testing Loss: 14069.0957, R2 Score: -0.1416
2023-11-11 14:15:16,562 - __main__ - INFO - Testing Loss: 13718.5479, R2 Score: -0.0901
2023-11-11 14:15:16,566 - __main__ - INFO - Testing Loss: 14568.6777, R2 Score: -0.2941
2023-11-11 14:15:16,569 - __main__ - INFO - Testing Loss: 15216.2266, R2 Score: -0.2704
2023-11-11 14:15:16,574 - __main__ - INFO - Testing Loss: 36412.0430, R2 Score: 0.4430
2023-11-11 14:15:16,578 - __main__ - INFO - Testing Loss: 10949.4209, R2 Score: 0.3127
2023-11-11 14:15:16,581 - __main__ - INFO - Testing Loss: 20267.6680, R2 Score: -0.2746
2023-11-11 14:15:16,584 - __main__ - INFO - Testing Loss: 17083.3574, R2 Score: -0.1518
2023-11-11 14:15:16,588 - __main__ - INFO - Testing Loss: 11610.5479, R2 Score: 0.2982
2023-11-11 14:15:16,592 - __main__ - INFO - Testing Loss: 9422.6299, R2 Score: -0.0932
2023-11-11 14:15:16,596 - __main__ - INFO - Testing Loss: 11866.2559, R2 Score: 0.0042
2023-11-11 14:15:16,600 - __main__ - INFO - Testing Loss: 10107.0791, R2 Score: -0.1267
2023-11-11 14:15:16,604 - __main__ - INFO - Testing Loss: 12210.2129, R2 Score: 0.1222
2023-11-11 14:15:16,607 - __main__ - INFO - Testing Loss: 26435.7891, R2 Score: -0.2973
2023-11-11 14:15:16,611 - __main__ - INFO - Testing Loss: 12823.9512, R2 Score: 0.1914
2023-11-11 14:15:16,614 - __main__ - INFO - Testing Loss: 33800.0234, R2 Score: 0.4731
2023-11-11 14:15:16,618 - __main__ - INFO - Testing Loss: 13732.2598, R2 Score: -0.0969
2023-11-11 14:15:16,621 - __main__ - INFO - Testing Loss: 20253.2520, R2 Score: -0.0798
2023-11-11 14:15:16,624 - __main__ - INFO - Testing Loss: 10496.7217, R2 Score: 0.1293
2023-11-11 14:15:16,628 - __main__ - INFO - Testing Loss: 8113.6943, R2 Score: 0.0268
2023-11-11 14:15:16,631 - __main__ - INFO - Testing Loss: 13291.4326, R2 Score: -0.0010
2023-11-11 14:15:16,635 - __main__ - INFO - Testing Loss: 20716.7500, R2 Score: -0.5741
2023-11-11 14:15:16,639 - __main__ - INFO - Testing Loss: 18570.8535, R2 Score: -0.0365
2023-11-11 14:15:16,643 - __main__ - INFO - Testing Loss: 41567.3047, R2 Score: 0.4401
2023-11-11 14:15:16,647 - __main__ - INFO - Testing Loss: 35924.8320, R2 Score: 0.5071
2023-11-11 14:15:16,651 - __main__ - INFO - Testing Loss: 19807.4551, R2 Score: -0.2566
2023-11-11 14:15:16,654 - __main__ - INFO - Testing Loss: 11841.1777, R2 Score: -0.0312
2023-11-11 14:15:16,658 - __main__ - INFO - Testing Loss: 8999.3789, R2 Score: -0.0901
2023-11-11 14:15:16,662 - __main__ - INFO - Testing Loss: 13362.1250, R2 Score: -0.0555
2023-11-11 14:15:16,665 - __main__ - INFO - Testing Loss: 15157.8135, R2 Score: -0.0255
2023-11-11 14:15:16,669 - __main__ - INFO - Testing Loss: 14175.0879, R2 Score: -0.0457
2023-11-11 14:15:16,673 - __main__ - INFO - Testing Loss: 50590.7305, R2 Score: 0.2514
2023-11-11 14:15:16,677 - __main__ - INFO - Testing Loss: 16901.9922, R2 Score: -0.2828
2023-11-11 14:15:16,680 - __main__ - INFO - Testing Loss: 13804.3340, R2 Score: 0.0817
2023-11-11 14:15:16,683 - __main__ - INFO - Testing Loss: 32409.2734, R2 Score: 0.5188
2023-11-11 14:15:16,687 - __main__ - INFO - Testing Loss: 8901.8047, R2 Score: 0.1323
2023-11-11 14:15:16,690 - __main__ - INFO - Testing Loss: 15616.8525, R2 Score: -0.3706
2023-11-11 14:15:16,694 - __main__ - INFO - Testing Loss: 11788.4961, R2 Score: 0.3115
2023-11-11 14:15:16,697 - __main__ - INFO - Testing Loss: 15821.9385, R2 Score: -0.3934
2023-11-11 14:15:16,701 - __main__ - INFO - Testing Loss: 15285.3779, R2 Score: 0.0202
2023-11-11 14:15:16,704 - __main__ - INFO - Testing Loss: 14887.6963, R2 Score: -0.2822
2023-11-11 14:15:16,704 - __main__ - INFO - Client 0 - R2 Score: -0.012118054314863218
2023-11-11 14:15:17,469 - __main__ - INFO - (Epoch 7/50, Loss: 9828.2514
2023-11-11 14:15:17,473 - __main__ - INFO - Testing Loss: 15752.7979, R2 Score: -0.5401
2023-11-11 14:15:17,476 - __main__ - INFO - Testing Loss: 27402.1484, R2 Score: -0.1746
2023-11-11 14:15:17,480 - __main__ - INFO - Testing Loss: 25624.2852, R2 Score: -0.7759
2023-11-11 14:15:17,483 - __main__ - INFO - Testing Loss: 15855.4785, R2 Score: -0.0165
2023-11-11 14:15:17,487 - __main__ - INFO - Testing Loss: 33917.8516, R2 Score: -0.5863
2023-11-11 14:15:17,490 - __main__ - INFO - Testing Loss: 21665.0996, R2 Score: -0.2917
2023-11-11 14:15:17,493 - __main__ - INFO - Testing Loss: 21029.6562, R2 Score: -1.0304
2023-11-11 14:15:17,497 - __main__ - INFO - Testing Loss: 54070.1445, R2 Score: 0.1899
2023-11-11 14:15:17,500 - __main__ - INFO - Testing Loss: 20229.8945, R2 Score: -0.3413
2023-11-11 14:15:17,503 - __main__ - INFO - Testing Loss: 51318.6875, R2 Score: 0.2008
2023-11-11 14:15:17,508 - __main__ - INFO - Testing Loss: 14803.6924, R2 Score: -0.4000
2023-11-11 14:15:17,511 - __main__ - INFO - Testing Loss: 23245.3359, R2 Score: -0.5564
2023-11-11 14:15:17,514 - __main__ - INFO - Testing Loss: 30525.5508, R2 Score: -0.9170
2023-11-11 14:15:17,518 - __main__ - INFO - Testing Loss: 19407.5781, R2 Score: -0.3972
2023-11-11 14:15:17,521 - __main__ - INFO - Testing Loss: 19806.8086, R2 Score: -0.1154
2023-11-11 14:15:17,524 - __main__ - INFO - Testing Loss: 18634.4531, R2 Score: -0.4880
2023-11-11 14:15:17,527 - __main__ - INFO - Testing Loss: 26458.1250, R2 Score: -0.8503
2023-11-11 14:15:17,531 - __main__ - INFO - Testing Loss: 23249.5156, R2 Score: -0.6925
2023-11-11 14:15:17,534 - __main__ - INFO - Testing Loss: 14812.0049, R2 Score: -0.2035
2023-11-11 14:15:17,537 - __main__ - INFO - Testing Loss: 25357.2891, R2 Score: -0.3283
2023-11-11 14:15:17,541 - __main__ - INFO - Testing Loss: 23262.9473, R2 Score: -0.7928
2023-11-11 14:15:17,544 - __main__ - INFO - Testing Loss: 23145.0547, R2 Score: -0.6705
2023-11-11 14:15:17,548 - __main__ - INFO - Testing Loss: 20660.9707, R2 Score: -0.7819
2023-11-11 14:15:17,551 - __main__ - INFO - Testing Loss: 27425.4043, R2 Score: -0.5389
2023-11-11 14:15:17,555 - __main__ - INFO - Testing Loss: 24517.0352, R2 Score: -0.5440
2023-11-11 14:15:17,559 - __main__ - INFO - Testing Loss: 23489.8242, R2 Score: -0.7446
2023-11-11 14:15:17,562 - __main__ - INFO - Testing Loss: 19647.6758, R2 Score: -0.3433
2023-11-11 14:15:17,566 - __main__ - INFO - Testing Loss: 21300.3672, R2 Score: -0.9498
2023-11-11 14:15:17,569 - __main__ - INFO - Testing Loss: 26974.1797, R2 Score: -0.7469
2023-11-11 14:15:17,572 - __main__ - INFO - Testing Loss: 28573.7520, R2 Score: -0.4941
2023-11-11 14:15:17,576 - __main__ - INFO - Testing Loss: 25154.2344, R2 Score: -0.8921
2023-11-11 14:15:17,579 - __main__ - INFO - Testing Loss: 26799.4805, R2 Score: -0.8098
2023-11-11 14:15:17,583 - __main__ - INFO - Testing Loss: 32690.9297, R2 Score: -0.4690
2023-11-11 14:15:17,586 - __main__ - INFO - Testing Loss: 21763.0293, R2 Score: -0.5013
2023-11-11 14:15:17,590 - __main__ - INFO - Testing Loss: 10512.8965, R2 Score: -0.1675
2023-11-11 14:15:17,593 - __main__ - INFO - Testing Loss: 14593.9980, R2 Score: -0.3300
2023-11-11 14:15:17,597 - __main__ - INFO - Testing Loss: 16452.9199, R2 Score: -0.7467
2023-11-11 14:15:17,600 - __main__ - INFO - Testing Loss: 22175.7852, R2 Score: -0.2140
2023-11-11 14:15:17,603 - __main__ - INFO - Testing Loss: 15079.4512, R2 Score: 0.0419
2023-11-11 14:15:17,607 - __main__ - INFO - Testing Loss: 23310.1797, R2 Score: -0.8656
2023-11-11 14:15:17,610 - __main__ - INFO - Testing Loss: 19511.3789, R2 Score: -0.2942
2023-11-11 14:15:17,614 - __main__ - INFO - Testing Loss: 27727.3691, R2 Score: -0.8063
2023-11-11 14:15:17,617 - __main__ - INFO - Testing Loss: 29314.5000, R2 Score: -1.1300
2023-11-11 14:15:17,621 - __main__ - INFO - Testing Loss: 18279.6191, R2 Score: -0.4818
2023-11-11 14:15:17,625 - __main__ - INFO - Testing Loss: 26728.9648, R2 Score: -0.8463
2023-11-11 14:15:17,629 - __main__ - INFO - Testing Loss: 48418.8438, R2 Score: 0.1901
2023-11-11 14:15:17,632 - __main__ - INFO - Testing Loss: 20942.2852, R2 Score: -0.6322
2023-11-11 14:15:17,636 - __main__ - INFO - Testing Loss: 25895.7559, R2 Score: -0.3720
2023-11-11 14:15:17,639 - __main__ - INFO - Testing Loss: 16970.3418, R2 Score: -0.4079
2023-11-11 14:15:17,643 - __main__ - INFO - Testing Loss: 20059.3281, R2 Score: -0.6276
2023-11-11 14:15:17,646 - __main__ - INFO - Testing Loss: 19537.7266, R2 Score: -0.5525
2023-11-11 14:15:17,650 - __main__ - INFO - Testing Loss: 21047.5234, R2 Score: -0.8696
2023-11-11 14:15:17,653 - __main__ - INFO - Testing Loss: 21602.3320, R2 Score: -0.8036
2023-11-11 14:15:17,656 - __main__ - INFO - Testing Loss: 51190.0234, R2 Score: 0.2170
2023-11-11 14:15:17,660 - __main__ - INFO - Testing Loss: 18564.1680, R2 Score: -0.1653
2023-11-11 14:15:17,663 - __main__ - INFO - Testing Loss: 28627.8672, R2 Score: -0.8004
2023-11-11 14:15:17,667 - __main__ - INFO - Testing Loss: 24202.5098, R2 Score: -0.6317
2023-11-11 14:15:17,670 - __main__ - INFO - Testing Loss: 17651.4551, R2 Score: -0.0669
2023-11-11 14:15:17,673 - __main__ - INFO - Testing Loss: 13653.2715, R2 Score: -0.5840
2023-11-11 14:15:17,676 - __main__ - INFO - Testing Loss: 17098.4961, R2 Score: -0.4349
2023-11-11 14:15:17,680 - __main__ - INFO - Testing Loss: 15403.9775, R2 Score: -0.7172
2023-11-11 14:15:17,683 - __main__ - INFO - Testing Loss: 18216.4180, R2 Score: -0.3095
2023-11-11 14:15:17,686 - __main__ - INFO - Testing Loss: 34065.3125, R2 Score: -0.6717
2023-11-11 14:15:17,689 - __main__ - INFO - Testing Loss: 18991.7695, R2 Score: -0.1975
2023-11-11 14:15:17,693 - __main__ - INFO - Testing Loss: 46159.8203, R2 Score: 0.2804
2023-11-11 14:15:17,696 - __main__ - INFO - Testing Loss: 21039.2246, R2 Score: -0.6805
2023-11-11 14:15:17,699 - __main__ - INFO - Testing Loss: 28758.2109, R2 Score: -0.5332
2023-11-11 14:15:17,703 - __main__ - INFO - Testing Loss: 15179.7305, R2 Score: -0.2592
2023-11-11 14:15:17,706 - __main__ - INFO - Testing Loss: 11797.8750, R2 Score: -0.4151
2023-11-11 14:15:17,710 - __main__ - INFO - Testing Loss: 19563.2773, R2 Score: -0.4733
2023-11-11 14:15:17,713 - __main__ - INFO - Testing Loss: 27032.2754, R2 Score: -1.0539
2023-11-11 14:15:17,716 - __main__ - INFO - Testing Loss: 26747.6641, R2 Score: -0.4928
2023-11-11 14:15:17,720 - __main__ - INFO - Testing Loss: 56576.9922, R2 Score: 0.2379
2023-11-11 14:15:17,723 - __main__ - INFO - Testing Loss: 51986.5312, R2 Score: 0.2867
2023-11-11 14:15:17,726 - __main__ - INFO - Testing Loss: 29004.9238, R2 Score: -0.8401
2023-11-11 14:15:17,730 - __main__ - INFO - Testing Loss: 17395.0117, R2 Score: -0.5149
2023-11-11 14:15:17,733 - __main__ - INFO - Testing Loss: 13571.1797, R2 Score: -0.6438
2023-11-11 14:15:17,737 - __main__ - INFO - Testing Loss: 20369.1211, R2 Score: -0.6090
2023-11-11 14:15:17,740 - __main__ - INFO - Testing Loss: 23907.0547, R2 Score: -0.6174
2023-11-11 14:15:17,743 - __main__ - INFO - Testing Loss: 19334.0176, R2 Score: -0.4263
2023-11-11 14:15:17,747 - __main__ - INFO - Testing Loss: 62177.5195, R2 Score: 0.0799
2023-11-11 14:15:17,750 - __main__ - INFO - Testing Loss: 24941.1289, R2 Score: -0.8930
2023-11-11 14:15:17,754 - __main__ - INFO - Testing Loss: 20251.2363, R2 Score: -0.3472
2023-11-11 14:15:17,758 - __main__ - INFO - Testing Loss: 46997.1914, R2 Score: 0.3022
2023-11-11 14:15:17,761 - __main__ - INFO - Testing Loss: 14470.1240, R2 Score: -0.4104
2023-11-11 14:15:17,765 - __main__ - INFO - Testing Loss: 22122.2285, R2 Score: -0.9416
2023-11-11 14:15:17,768 - __main__ - INFO - Testing Loss: 18790.2812, R2 Score: -0.0974
2023-11-11 14:15:17,772 - __main__ - INFO - Testing Loss: 22038.4688, R2 Score: -0.9409
2023-11-11 14:15:17,776 - __main__ - INFO - Testing Loss: 22247.5449, R2 Score: -0.4261
2023-11-11 14:15:17,779 - __main__ - INFO - Testing Loss: 21380.5449, R2 Score: -0.8414
2023-11-11 14:15:17,779 - __main__ - INFO - Client 0 - R2 Score: -0.4793560002957213
2023-11-11 14:15:18,567 - __main__ - INFO - (Epoch 8/50, Loss: 9089.5131
2023-11-11 14:15:18,571 - __main__ - INFO - Testing Loss: 16514.5801, R2 Score: -0.6146
2023-11-11 14:15:18,574 - __main__ - INFO - Testing Loss: 30388.2949, R2 Score: -0.3026
2023-11-11 14:15:18,578 - __main__ - INFO - Testing Loss: 27995.6113, R2 Score: -0.9403
2023-11-11 14:15:18,581 - __main__ - INFO - Testing Loss: 17619.2070, R2 Score: -0.1296
2023-11-11 14:15:18,585 - __main__ - INFO - Testing Loss: 37601.9844, R2 Score: -0.7586
2023-11-11 14:15:18,588 - __main__ - INFO - Testing Loss: 24616.1641, R2 Score: -0.4677
2023-11-11 14:15:18,592 - __main__ - INFO - Testing Loss: 23516.1836, R2 Score: -1.2705
2023-11-11 14:15:18,595 - __main__ - INFO - Testing Loss: 57666.1094, R2 Score: 0.1360
2023-11-11 14:15:18,599 - __main__ - INFO - Testing Loss: 21975.1758, R2 Score: -0.4570
2023-11-11 14:15:18,603 - __main__ - INFO - Testing Loss: 55113.5234, R2 Score: 0.1417
2023-11-11 14:15:18,606 - __main__ - INFO - Testing Loss: 16757.2383, R2 Score: -0.5847
2023-11-11 14:15:18,610 - __main__ - INFO - Testing Loss: 25143.4121, R2 Score: -0.6835
2023-11-11 14:15:18,613 - __main__ - INFO - Testing Loss: 33975.5391, R2 Score: -1.1337
2023-11-11 14:15:18,616 - __main__ - INFO - Testing Loss: 21772.5898, R2 Score: -0.5674
2023-11-11 14:15:18,620 - __main__ - INFO - Testing Loss: 22020.2695, R2 Score: -0.2401
2023-11-11 14:15:18,624 - __main__ - INFO - Testing Loss: 19950.1445, R2 Score: -0.5931
2023-11-11 14:15:18,628 - __main__ - INFO - Testing Loss: 29350.6680, R2 Score: -1.0525
2023-11-11 14:15:18,632 - __main__ - INFO - Testing Loss: 25548.3945, R2 Score: -0.8599
2023-11-11 14:15:18,635 - __main__ - INFO - Testing Loss: 16775.1523, R2 Score: -0.3630
2023-11-11 14:15:18,639 - __main__ - INFO - Testing Loss: 28434.9141, R2 Score: -0.4895
2023-11-11 14:15:18,643 - __main__ - INFO - Testing Loss: 25955.0586, R2 Score: -1.0003
2023-11-11 14:15:18,646 - __main__ - INFO - Testing Loss: 25335.4121, R2 Score: -0.8286
2023-11-11 14:15:18,650 - __main__ - INFO - Testing Loss: 23210.9844, R2 Score: -1.0018
2023-11-11 14:15:18,654 - __main__ - INFO - Testing Loss: 30751.2207, R2 Score: -0.7255
2023-11-11 14:15:18,658 - __main__ - INFO - Testing Loss: 26918.1660, R2 Score: -0.6952
2023-11-11 14:15:18,662 - __main__ - INFO - Testing Loss: 25349.3691, R2 Score: -0.8827
2023-11-11 14:15:18,666 - __main__ - INFO - Testing Loss: 21830.0781, R2 Score: -0.4925
2023-11-11 14:15:18,669 - __main__ - INFO - Testing Loss: 23496.2969, R2 Score: -1.1508
2023-11-11 14:15:18,673 - __main__ - INFO - Testing Loss: 28634.4492, R2 Score: -0.8544
2023-11-11 14:15:18,677 - __main__ - INFO - Testing Loss: 31171.2363, R2 Score: -0.6299
2023-11-11 14:15:18,680 - __main__ - INFO - Testing Loss: 27800.6504, R2 Score: -1.0911
2023-11-11 14:15:18,684 - __main__ - INFO - Testing Loss: 29330.2246, R2 Score: -0.9807
2023-11-11 14:15:18,688 - __main__ - INFO - Testing Loss: 36166.6211, R2 Score: -0.6252
2023-11-11 14:15:18,692 - __main__ - INFO - Testing Loss: 23190.0508, R2 Score: -0.5998
2023-11-11 14:15:18,696 - __main__ - INFO - Testing Loss: 11619.9502, R2 Score: -0.2905
2023-11-11 14:15:18,700 - __main__ - INFO - Testing Loss: 16905.8398, R2 Score: -0.5407
2023-11-11 14:15:18,704 - __main__ - INFO - Testing Loss: 18127.6172, R2 Score: -0.9245
2023-11-11 14:15:18,708 - __main__ - INFO - Testing Loss: 23672.4102, R2 Score: -0.2960
2023-11-11 14:15:18,711 - __main__ - INFO - Testing Loss: 17226.0117, R2 Score: -0.0944
2023-11-11 14:15:18,715 - __main__ - INFO - Testing Loss: 25502.3945, R2 Score: -1.0411
2023-11-11 14:15:18,718 - __main__ - INFO - Testing Loss: 22484.1094, R2 Score: -0.4914
2023-11-11 14:15:18,722 - __main__ - INFO - Testing Loss: 30003.1191, R2 Score: -0.9546
2023-11-11 14:15:18,726 - __main__ - INFO - Testing Loss: 32575.3281, R2 Score: -1.3669
2023-11-11 14:15:18,730 - __main__ - INFO - Testing Loss: 20173.4824, R2 Score: -0.6354
2023-11-11 14:15:18,733 - __main__ - INFO - Testing Loss: 28931.0449, R2 Score: -0.9984
2023-11-11 14:15:18,738 - __main__ - INFO - Testing Loss: 52513.5352, R2 Score: 0.1216
2023-11-11 14:15:18,742 - __main__ - INFO - Testing Loss: 23160.9785, R2 Score: -0.8051
2023-11-11 14:15:18,745 - __main__ - INFO - Testing Loss: 28041.9980, R2 Score: -0.4857
2023-11-11 14:15:18,749 - __main__ - INFO - Testing Loss: 18820.7109, R2 Score: -0.5614
2023-11-11 14:15:18,753 - __main__ - INFO - Testing Loss: 21917.2461, R2 Score: -0.7784
2023-11-11 14:15:18,756 - __main__ - INFO - Testing Loss: 21551.2109, R2 Score: -0.7125
2023-11-11 14:15:18,760 - __main__ - INFO - Testing Loss: 23437.6914, R2 Score: -1.0820
2023-11-11 14:15:18,764 - __main__ - INFO - Testing Loss: 23719.4648, R2 Score: -0.9803
2023-11-11 14:15:18,767 - __main__ - INFO - Testing Loss: 54444.9922, R2 Score: 0.1672
2023-11-11 14:15:18,771 - __main__ - INFO - Testing Loss: 21735.3613, R2 Score: -0.3643
2023-11-11 14:15:18,775 - __main__ - INFO - Testing Loss: 31318.2109, R2 Score: -0.9696
2023-11-11 14:15:18,779 - __main__ - INFO - Testing Loss: 26430.0078, R2 Score: -0.7819
2023-11-11 14:15:18,782 - __main__ - INFO - Testing Loss: 19531.0879, R2 Score: -0.1805
2023-11-11 14:15:18,786 - __main__ - INFO - Testing Loss: 15444.7090, R2 Score: -0.7918
2023-11-11 14:15:18,789 - __main__ - INFO - Testing Loss: 18715.3750, R2 Score: -0.5706
2023-11-11 14:15:18,793 - __main__ - INFO - Testing Loss: 16566.5391, R2 Score: -0.8468
2023-11-11 14:15:18,796 - __main__ - INFO - Testing Loss: 20071.7656, R2 Score: -0.4429
2023-11-11 14:15:18,800 - __main__ - INFO - Testing Loss: 35860.1094, R2 Score: -0.7597
2023-11-11 14:15:18,804 - __main__ - INFO - Testing Loss: 21512.2637, R2 Score: -0.3564
2023-11-11 14:15:18,808 - __main__ - INFO - Testing Loss: 49987.2617, R2 Score: 0.2208
2023-11-11 14:15:18,812 - __main__ - INFO - Testing Loss: 23122.6270, R2 Score: -0.8469
2023-11-11 14:15:18,815 - __main__ - INFO - Testing Loss: 31340.7930, R2 Score: -0.6709
2023-11-11 14:15:18,819 - __main__ - INFO - Testing Loss: 16766.7656, R2 Score: -0.3909
2023-11-11 14:15:18,823 - __main__ - INFO - Testing Loss: 13332.0039, R2 Score: -0.5991
2023-11-11 14:15:18,827 - __main__ - INFO - Testing Loss: 21741.0977, R2 Score: -0.6373
2023-11-11 14:15:18,830 - __main__ - INFO - Testing Loss: 28570.3164, R2 Score: -1.1708
2023-11-11 14:15:18,834 - __main__ - INFO - Testing Loss: 29088.2070, R2 Score: -0.6235
2023-11-11 14:15:18,838 - __main__ - INFO - Testing Loss: 60632.7109, R2 Score: 0.1833
2023-11-11 14:15:18,842 - __main__ - INFO - Testing Loss: 56966.4336, R2 Score: 0.2184
2023-11-11 14:15:18,846 - __main__ - INFO - Testing Loss: 32213.7363, R2 Score: -1.0436
2023-11-11 14:15:18,850 - __main__ - INFO - Testing Loss: 19496.5234, R2 Score: -0.6979
2023-11-11 14:15:18,854 - __main__ - INFO - Testing Loss: 14723.1895, R2 Score: -0.7834
2023-11-11 14:15:18,858 - __main__ - INFO - Testing Loss: 22218.9023, R2 Score: -0.7551
2023-11-11 14:15:18,862 - __main__ - INFO - Testing Loss: 27029.1562, R2 Score: -0.8287
2023-11-11 14:15:18,866 - __main__ - INFO - Testing Loss: 21357.6211, R2 Score: -0.5755
2023-11-11 14:15:18,870 - __main__ - INFO - Testing Loss: 64240.4531, R2 Score: 0.0494
2023-11-11 14:15:18,874 - __main__ - INFO - Testing Loss: 26850.5820, R2 Score: -1.0379
2023-11-11 14:15:18,878 - __main__ - INFO - Testing Loss: 21973.4531, R2 Score: -0.4617
2023-11-11 14:15:18,881 - __main__ - INFO - Testing Loss: 51269.0625, R2 Score: 0.2388
2023-11-11 14:15:18,885 - __main__ - INFO - Testing Loss: 16744.1836, R2 Score: -0.6321
2023-11-11 14:15:18,889 - __main__ - INFO - Testing Loss: 23999.7480, R2 Score: -1.1064
2023-11-11 14:15:18,892 - __main__ - INFO - Testing Loss: 20847.1016, R2 Score: -0.2175
2023-11-11 14:15:18,896 - __main__ - INFO - Testing Loss: 23701.1426, R2 Score: -1.0873
2023-11-11 14:15:18,900 - __main__ - INFO - Testing Loss: 24431.0078, R2 Score: -0.5660
2023-11-11 14:15:18,903 - __main__ - INFO - Testing Loss: 23114.7227, R2 Score: -0.9908
2023-11-11 14:15:18,903 - __main__ - INFO - Client 0 - R2 Score: -0.6268524775060436
2023-11-11 14:15:19,718 - __main__ - INFO - (Epoch 9/50, Loss: 8932.7349
2023-11-11 14:15:19,722 - __main__ - INFO - Testing Loss: 15222.8477, R2 Score: -0.4883
2023-11-11 14:15:19,726 - __main__ - INFO - Testing Loss: 26636.1992, R2 Score: -0.1418
2023-11-11 14:15:19,729 - __main__ - INFO - Testing Loss: 25689.2129, R2 Score: -0.7804
2023-11-11 14:15:19,732 - __main__ - INFO - Testing Loss: 15200.1338, R2 Score: 0.0255
2023-11-11 14:15:19,736 - __main__ - INFO - Testing Loss: 33618.4141, R2 Score: -0.5723
2023-11-11 14:15:19,740 - __main__ - INFO - Testing Loss: 21532.6191, R2 Score: -0.2838
2023-11-11 14:15:19,744 - __main__ - INFO - Testing Loss: 19956.9570, R2 Score: -0.9268
2023-11-11 14:15:19,747 - __main__ - INFO - Testing Loss: 51046.6523, R2 Score: 0.2352
2023-11-11 14:15:19,751 - __main__ - INFO - Testing Loss: 19608.7500, R2 Score: -0.3001
2023-11-11 14:15:19,754 - __main__ - INFO - Testing Loss: 48429.8203, R2 Score: 0.2458
2023-11-11 14:15:19,758 - __main__ - INFO - Testing Loss: 14608.3848, R2 Score: -0.3815
2023-11-11 14:15:19,762 - __main__ - INFO - Testing Loss: 23721.1641, R2 Score: -0.5883
2023-11-11 14:15:19,766 - __main__ - INFO - Testing Loss: 30729.1465, R2 Score: -0.9298
2023-11-11 14:15:19,770 - __main__ - INFO - Testing Loss: 19120.9102, R2 Score: -0.3765
2023-11-11 14:15:19,773 - __main__ - INFO - Testing Loss: 19523.7930, R2 Score: -0.0995
2023-11-11 14:15:19,777 - __main__ - INFO - Testing Loss: 17956.8711, R2 Score: -0.4339
2023-11-11 14:15:19,781 - __main__ - INFO - Testing Loss: 26246.1094, R2 Score: -0.8354
2023-11-11 14:15:19,784 - __main__ - INFO - Testing Loss: 22511.4199, R2 Score: -0.6388
2023-11-11 14:15:19,788 - __main__ - INFO - Testing Loss: 14459.2637, R2 Score: -0.1748
2023-11-11 14:15:19,791 - __main__ - INFO - Testing Loss: 23948.0918, R2 Score: -0.2544
2023-11-11 14:15:19,795 - __main__ - INFO - Testing Loss: 22160.9102, R2 Score: -0.7079
2023-11-11 14:15:19,798 - __main__ - INFO - Testing Loss: 23097.2324, R2 Score: -0.6670
2023-11-11 14:15:19,802 - __main__ - INFO - Testing Loss: 20628.6270, R2 Score: -0.7791
2023-11-11 14:15:19,805 - __main__ - INFO - Testing Loss: 26729.1602, R2 Score: -0.4998
2023-11-11 14:15:19,808 - __main__ - INFO - Testing Loss: 24344.5234, R2 Score: -0.5332
2023-11-11 14:15:19,812 - __main__ - INFO - Testing Loss: 23175.5156, R2 Score: -0.7212
2023-11-11 14:15:19,815 - __main__ - INFO - Testing Loss: 20264.2031, R2 Score: -0.3855
2023-11-11 14:15:19,818 - __main__ - INFO - Testing Loss: 20778.3848, R2 Score: -0.9020
2023-11-11 14:15:19,822 - __main__ - INFO - Testing Loss: 26393.5059, R2 Score: -0.7093
2023-11-11 14:15:19,825 - __main__ - INFO - Testing Loss: 28049.8047, R2 Score: -0.4667
2023-11-11 14:15:19,829 - __main__ - INFO - Testing Loss: 24803.6250, R2 Score: -0.8657
2023-11-11 14:15:19,832 - __main__ - INFO - Testing Loss: 26181.8027, R2 Score: -0.7681
2023-11-11 14:15:19,836 - __main__ - INFO - Testing Loss: 31994.8828, R2 Score: -0.4378
2023-11-11 14:15:19,840 - __main__ - INFO - Testing Loss: 21105.0000, R2 Score: -0.4559
2023-11-11 14:15:19,843 - __main__ - INFO - Testing Loss: 10552.5586, R2 Score: -0.1719
2023-11-11 14:15:19,847 - __main__ - INFO - Testing Loss: 13772.8467, R2 Score: -0.2552
2023-11-11 14:15:19,850 - __main__ - INFO - Testing Loss: 16036.9473, R2 Score: -0.7025
2023-11-11 14:15:19,854 - __main__ - INFO - Testing Loss: 21604.5898, R2 Score: -0.1828
2023-11-11 14:15:19,858 - __main__ - INFO - Testing Loss: 14883.3145, R2 Score: 0.0544
2023-11-11 14:15:19,861 - __main__ - INFO - Testing Loss: 22951.8027, R2 Score: -0.8370
2023-11-11 14:15:19,865 - __main__ - INFO - Testing Loss: 19429.9160, R2 Score: -0.2888
2023-11-11 14:15:19,869 - __main__ - INFO - Testing Loss: 26984.2090, R2 Score: -0.7579
2023-11-11 14:15:19,873 - __main__ - INFO - Testing Loss: 28594.5527, R2 Score: -1.0777
2023-11-11 14:15:19,876 - __main__ - INFO - Testing Loss: 18263.1406, R2 Score: -0.4805
2023-11-11 14:15:19,880 - __main__ - INFO - Testing Loss: 25648.3418, R2 Score: -0.7717
2023-11-11 14:15:19,884 - __main__ - INFO - Testing Loss: 45737.2773, R2 Score: 0.2349
2023-11-11 14:15:19,887 - __main__ - INFO - Testing Loss: 20139.7656, R2 Score: -0.5696
2023-11-11 14:15:19,890 - __main__ - INFO - Testing Loss: 24550.3398, R2 Score: -0.3007
2023-11-11 14:15:19,894 - __main__ - INFO - Testing Loss: 16135.9834, R2 Score: -0.3387
2023-11-11 14:15:19,898 - __main__ - INFO - Testing Loss: 20271.6621, R2 Score: -0.6449
2023-11-11 14:15:19,901 - __main__ - INFO - Testing Loss: 19393.2832, R2 Score: -0.5410
2023-11-11 14:15:19,905 - __main__ - INFO - Testing Loss: 20380.7617, R2 Score: -0.8104
2023-11-11 14:15:19,908 - __main__ - INFO - Testing Loss: 21339.0586, R2 Score: -0.7816
2023-11-11 14:15:19,912 - __main__ - INFO - Testing Loss: 48202.4453, R2 Score: 0.2627
2023-11-11 14:15:19,915 - __main__ - INFO - Testing Loss: 17479.4141, R2 Score: -0.0972
2023-11-11 14:15:19,919 - __main__ - INFO - Testing Loss: 28114.9844, R2 Score: -0.7682
2023-11-11 14:15:19,923 - __main__ - INFO - Testing Loss: 23765.8555, R2 Score: -0.6023
2023-11-11 14:15:19,926 - __main__ - INFO - Testing Loss: 17677.3574, R2 Score: -0.0684
2023-11-11 14:15:19,930 - __main__ - INFO - Testing Loss: 13703.2715, R2 Score: -0.5898
2023-11-11 14:15:19,934 - __main__ - INFO - Testing Loss: 17059.0762, R2 Score: -0.4316
2023-11-11 14:15:19,937 - __main__ - INFO - Testing Loss: 14410.1621, R2 Score: -0.6064
2023-11-11 14:15:19,940 - __main__ - INFO - Testing Loss: 18458.8281, R2 Score: -0.3270
2023-11-11 14:15:19,944 - __main__ - INFO - Testing Loss: 33879.1055, R2 Score: -0.6625
2023-11-11 14:15:19,947 - __main__ - INFO - Testing Loss: 19505.0977, R2 Score: -0.2299
2023-11-11 14:15:19,951 - __main__ - INFO - Testing Loss: 44017.0742, R2 Score: 0.3138
2023-11-11 14:15:19,954 - __main__ - INFO - Testing Loss: 20457.9102, R2 Score: -0.6341
2023-11-11 14:15:19,959 - __main__ - INFO - Testing Loss: 28188.4961, R2 Score: -0.5029
2023-11-11 14:15:19,962 - __main__ - INFO - Testing Loss: 14552.8535, R2 Score: -0.2072
2023-11-11 14:15:19,966 - __main__ - INFO - Testing Loss: 11659.2832, R2 Score: -0.3984
2023-11-11 14:15:19,970 - __main__ - INFO - Testing Loss: 19955.5273, R2 Score: -0.5029
2023-11-11 14:15:19,973 - __main__ - INFO - Testing Loss: 26484.2891, R2 Score: -1.0123
2023-11-11 14:15:19,977 - __main__ - INFO - Testing Loss: 26360.7031, R2 Score: -0.4712
2023-11-11 14:15:19,981 - __main__ - INFO - Testing Loss: 53295.7305, R2 Score: 0.2821
2023-11-11 14:15:19,984 - __main__ - INFO - Testing Loss: 48930.8125, R2 Score: 0.3287
2023-11-11 14:15:19,988 - __main__ - INFO - Testing Loss: 28370.7930, R2 Score: -0.7998
2023-11-11 14:15:19,991 - __main__ - INFO - Testing Loss: 17860.9531, R2 Score: -0.5554
2023-11-11 14:15:19,995 - __main__ - INFO - Testing Loss: 13606.2988, R2 Score: -0.6481
2023-11-11 14:15:19,998 - __main__ - INFO - Testing Loss: 20213.6602, R2 Score: -0.5967
2023-11-11 14:15:20,002 - __main__ - INFO - Testing Loss: 23233.2344, R2 Score: -0.5719
2023-11-11 14:15:20,006 - __main__ - INFO - Testing Loss: 19696.9336, R2 Score: -0.4530
2023-11-11 14:15:20,009 - __main__ - INFO - Testing Loss: 57198.9336, R2 Score: 0.1536
2023-11-11 14:15:20,013 - __main__ - INFO - Testing Loss: 24831.0000, R2 Score: -0.8846
2023-11-11 14:15:20,017 - __main__ - INFO - Testing Loss: 20032.5918, R2 Score: -0.3326
2023-11-11 14:15:20,020 - __main__ - INFO - Testing Loss: 43723.2617, R2 Score: 0.3508
2023-11-11 14:15:20,024 - __main__ - INFO - Testing Loss: 14287.7734, R2 Score: -0.3927
2023-11-11 14:15:20,028 - __main__ - INFO - Testing Loss: 21902.3164, R2 Score: -0.9223
2023-11-11 14:15:20,031 - __main__ - INFO - Testing Loss: 17588.9062, R2 Score: -0.0273
2023-11-11 14:15:20,035 - __main__ - INFO - Testing Loss: 21095.6289, R2 Score: -0.8579
2023-11-11 14:15:20,039 - __main__ - INFO - Testing Loss: 21879.6465, R2 Score: -0.4025
2023-11-11 14:15:20,043 - __main__ - INFO - Testing Loss: 21326.4414, R2 Score: -0.8367
2023-11-11 14:15:20,043 - __main__ - INFO - Client 0 - R2 Score: -0.450274178169512
2023-11-11 14:15:20,858 - __main__ - INFO - (Epoch 10/50, Loss: 9093.2565
2023-11-11 14:15:20,862 - __main__ - INFO - Testing Loss: 20060.6328, R2 Score: -0.9612
2023-11-11 14:15:20,866 - __main__ - INFO - Testing Loss: 36299.9688, R2 Score: -0.5561
2023-11-11 14:15:20,870 - __main__ - INFO - Testing Loss: 33611.8672, R2 Score: -1.3295
2023-11-11 14:15:20,873 - __main__ - INFO - Testing Loss: 21558.8672, R2 Score: -0.3822
2023-11-11 14:15:20,877 - __main__ - INFO - Testing Loss: 44504.5234, R2 Score: -1.0814
2023-11-11 14:15:20,881 - __main__ - INFO - Testing Loss: 29592.8145, R2 Score: -0.7644
2023-11-11 14:15:20,884 - __main__ - INFO - Testing Loss: 27418.6055, R2 Score: -1.6473
2023-11-11 14:15:20,888 - __main__ - INFO - Testing Loss: 66003.4844, R2 Score: 0.0111
2023-11-11 14:15:20,892 - __main__ - INFO - Testing Loss: 26781.3516, R2 Score: -0.7756
2023-11-11 14:15:20,896 - __main__ - INFO - Testing Loss: 62720.0469, R2 Score: 0.0232
2023-11-11 14:15:20,900 - __main__ - INFO - Testing Loss: 20981.0078, R2 Score: -0.9842
2023-11-11 14:15:20,904 - __main__ - INFO - Testing Loss: 30092.9062, R2 Score: -1.0149
2023-11-11 14:15:20,907 - __main__ - INFO - Testing Loss: 40385.4766, R2 Score: -1.5362
2023-11-11 14:15:20,911 - __main__ - INFO - Testing Loss: 26535.9297, R2 Score: -0.9103
2023-11-11 14:15:20,915 - __main__ - INFO - Testing Loss: 26238.8574, R2 Score: -0.4777
2023-11-11 14:15:20,919 - __main__ - INFO - Testing Loss: 23700.3594, R2 Score: -0.8925
2023-11-11 14:15:20,923 - __main__ - INFO - Testing Loss: 34599.5039, R2 Score: -1.4196
2023-11-11 14:15:20,927 - __main__ - INFO - Testing Loss: 30872.9199, R2 Score: -1.2475
2023-11-11 14:15:20,931 - __main__ - INFO - Testing Loss: 20635.1211, R2 Score: -0.6766
2023-11-11 14:15:20,934 - __main__ - INFO - Testing Loss: 34534.8789, R2 Score: -0.8090
2023-11-11 14:15:20,938 - __main__ - INFO - Testing Loss: 31509.0859, R2 Score: -1.4283
2023-11-11 14:15:20,942 - __main__ - INFO - Testing Loss: 29779.9941, R2 Score: -1.1493
2023-11-11 14:15:20,945 - __main__ - INFO - Testing Loss: 28135.6055, R2 Score: -1.4265
2023-11-11 14:15:20,949 - __main__ - INFO - Testing Loss: 37112.3281, R2 Score: -1.0825
2023-11-11 14:15:20,953 - __main__ - INFO - Testing Loss: 32286.2656, R2 Score: -1.0333
2023-11-11 14:15:20,956 - __main__ - INFO - Testing Loss: 30183.9297, R2 Score: -1.2418
2023-11-11 14:15:20,960 - __main__ - INFO - Testing Loss: 26385.0977, R2 Score: -0.8040
2023-11-11 14:15:20,964 - __main__ - INFO - Testing Loss: 28548.5039, R2 Score: -1.6133
2023-11-11 14:15:20,968 - __main__ - INFO - Testing Loss: 33161.0469, R2 Score: -1.1476
2023-11-11 14:15:20,972 - __main__ - INFO - Testing Loss: 37574.9609, R2 Score: -0.9648
2023-11-11 14:15:20,976 - __main__ - INFO - Testing Loss: 33064.4922, R2 Score: -1.4871
2023-11-11 14:15:20,980 - __main__ - INFO - Testing Loss: 35259.7539, R2 Score: -1.3811
2023-11-11 14:15:20,983 - __main__ - INFO - Testing Loss: 42962.1172, R2 Score: -0.9306
2023-11-11 14:15:20,987 - __main__ - INFO - Testing Loss: 27097.5723, R2 Score: -0.8693
2023-11-11 14:15:20,990 - __main__ - INFO - Testing Loss: 14541.7822, R2 Score: -0.6149
2023-11-11 14:15:20,994 - __main__ - INFO - Testing Loss: 20401.7461, R2 Score: -0.8593
2023-11-11 14:15:20,998 - __main__ - INFO - Testing Loss: 21856.1992, R2 Score: -1.3203
2023-11-11 14:15:21,001 - __main__ - INFO - Testing Loss: 28051.8789, R2 Score: -0.5357
2023-11-11 14:15:21,005 - __main__ - INFO - Testing Loss: 20828.6465, R2 Score: -0.3233
2023-11-11 14:15:21,009 - __main__ - INFO - Testing Loss: 30309.9141, R2 Score: -1.4259
2023-11-11 14:15:21,012 - __main__ - INFO - Testing Loss: 27423.0781, R2 Score: -0.8189
2023-11-11 14:15:21,016 - __main__ - INFO - Testing Loss: 35832.0312, R2 Score: -1.3343
2023-11-11 14:15:21,020 - __main__ - INFO - Testing Loss: 39301.1875, R2 Score: -1.8556
2023-11-11 14:15:21,023 - __main__ - INFO - Testing Loss: 23821.9844, R2 Score: -0.9311
2023-11-11 14:15:21,027 - __main__ - INFO - Testing Loss: 34851.5820, R2 Score: -1.4074
2023-11-11 14:15:21,030 - __main__ - INFO - Testing Loss: 59772.3438, R2 Score: 0.0001
2023-11-11 14:15:21,034 - __main__ - INFO - Testing Loss: 28035.1914, R2 Score: -1.1850
2023-11-11 14:15:21,037 - __main__ - INFO - Testing Loss: 33541.8555, R2 Score: -0.7771
2023-11-11 14:15:21,041 - __main__ - INFO - Testing Loss: 23606.8027, R2 Score: -0.9585
2023-11-11 14:15:21,044 - __main__ - INFO - Testing Loss: 26226.8242, R2 Score: -1.1281
2023-11-11 14:15:21,047 - __main__ - INFO - Testing Loss: 25753.0859, R2 Score: -1.0464
2023-11-11 14:15:21,051 - __main__ - INFO - Testing Loss: 27594.4336, R2 Score: -1.4512
2023-11-11 14:15:21,055 - __main__ - INFO - Testing Loss: 27863.2324, R2 Score: -1.3263
2023-11-11 14:15:21,058 - __main__ - INFO - Testing Loss: 62078.3008, R2 Score: 0.0504
2023-11-11 14:15:21,062 - __main__ - INFO - Testing Loss: 26156.4727, R2 Score: -0.6418
2023-11-11 14:15:21,065 - __main__ - INFO - Testing Loss: 36667.1797, R2 Score: -1.3060
2023-11-11 14:15:21,069 - __main__ - INFO - Testing Loss: 31412.1562, R2 Score: -1.1178
2023-11-11 14:15:21,073 - __main__ - INFO - Testing Loss: 24182.1680, R2 Score: -0.4616
2023-11-11 14:15:21,077 - __main__ - INFO - Testing Loss: 18801.4258, R2 Score: -1.1812
2023-11-11 14:15:21,081 - __main__ - INFO - Testing Loss: 22740.2324, R2 Score: -0.9083
2023-11-11 14:15:21,084 - __main__ - INFO - Testing Loss: 20166.9707, R2 Score: -1.2481
2023-11-11 14:15:21,088 - __main__ - INFO - Testing Loss: 24894.0117, R2 Score: -0.7896
2023-11-11 14:15:21,092 - __main__ - INFO - Testing Loss: 41708.2656, R2 Score: -1.0467
2023-11-11 14:15:21,095 - __main__ - INFO - Testing Loss: 26106.3965, R2 Score: -0.6461
2023-11-11 14:15:21,099 - __main__ - INFO - Testing Loss: 56951.2344, R2 Score: 0.1122
2023-11-11 14:15:21,103 - __main__ - INFO - Testing Loss: 28190.0742, R2 Score: -1.2517
2023-11-11 14:15:21,107 - __main__ - INFO - Testing Loss: 37020.7578, R2 Score: -0.9737
2023-11-11 14:15:21,110 - __main__ - INFO - Testing Loss: 20308.0742, R2 Score: -0.6846
2023-11-11 14:15:21,114 - __main__ - INFO - Testing Loss: 16401.9297, R2 Score: -0.9673
2023-11-11 14:15:21,117 - __main__ - INFO - Testing Loss: 26141.6680, R2 Score: -0.9687
2023-11-11 14:15:21,121 - __main__ - INFO - Testing Loss: 33017.6875, R2 Score: -1.5087
2023-11-11 14:15:21,124 - __main__ - INFO - Testing Loss: 34795.7969, R2 Score: -0.9420
2023-11-11 14:15:21,128 - __main__ - INFO - Testing Loss: 68473.3203, R2 Score: 0.0777
2023-11-11 14:15:21,132 - __main__ - INFO - Testing Loss: 64778.2031, R2 Score: 0.1112
2023-11-11 14:15:21,135 - __main__ - INFO - Testing Loss: 38190.5898, R2 Score: -1.4228
2023-11-11 14:15:21,139 - __main__ - INFO - Testing Loss: 23643.0586, R2 Score: -1.0590
2023-11-11 14:15:21,143 - __main__ - INFO - Testing Loss: 18324.2793, R2 Score: -1.2195
2023-11-11 14:15:21,147 - __main__ - INFO - Testing Loss: 27193.6719, R2 Score: -1.1480
2023-11-11 14:15:21,150 - __main__ - INFO - Testing Loss: 32688.7812, R2 Score: -1.2116
2023-11-11 14:15:21,154 - __main__ - INFO - Testing Loss: 25015.4062, R2 Score: -0.8454
2023-11-11 14:15:21,157 - __main__ - INFO - Testing Loss: 70656.2109, R2 Score: -0.0455
2023-11-11 14:15:21,161 - __main__ - INFO - Testing Loss: 32564.1211, R2 Score: -1.4716
2023-11-11 14:15:21,164 - __main__ - INFO - Testing Loss: 26654.7363, R2 Score: -0.7731
2023-11-11 14:15:21,167 - __main__ - INFO - Testing Loss: 58958.4844, R2 Score: 0.1246
2023-11-11 14:15:21,171 - __main__ - INFO - Testing Loss: 20503.3145, R2 Score: -0.9985
2023-11-11 14:15:21,175 - __main__ - INFO - Testing Loss: 28488.0781, R2 Score: -1.5003
2023-11-11 14:15:21,179 - __main__ - INFO - Testing Loss: 25028.1836, R2 Score: -0.4617
2023-11-11 14:15:21,182 - __main__ - INFO - Testing Loss: 28014.1660, R2 Score: -1.4672
2023-11-11 14:15:21,185 - __main__ - INFO - Testing Loss: 28877.6855, R2 Score: -0.8511
2023-11-11 14:15:21,188 - __main__ - INFO - Testing Loss: 28050.2754, R2 Score: -1.4158
2023-11-11 14:15:21,188 - __main__ - INFO - Client 0 - R2 Score: -0.9483304123259501
