wandb: Currently logged in as: longyunbo218 (digitalai). Use `wandb login --relogin` to force relogin
wandb: wandb version 0.16.4 is available!  To upgrade, please run:
wandb:  $ pip install wandb --upgrade
wandb: Tracking run with wandb version 0.16.2
wandb: Run data is saved locally in /Users/yunbo/Documents/GitHub/PFL_Optimiozation/Model_training/9_clusters/wandb/run-20240310_080708-3suhxxhi
wandb: Run `wandb offline` to turn off syncing.
wandb: Syncing run swept-hill-8
wandb: ⭐️ View project at https://wandb.ai/digitalai/CFL9
wandb: 🚀 View run at https://wandb.ai/digitalai/CFL9/runs/3suhxxhi
INFO flwr 2024-03-10 08:07:16,187 | grpc.py:52 | Opened insecure gRPC connection (no certificates were passed)
DEBUG flwr 2024-03-10 08:07:16,197 | connection.py:42 | ChannelConnectivity.IDLE
DEBUG flwr 2024-03-10 08:07:16,198 | connection.py:42 | ChannelConnectivity.READY
Epoch 1/10, Loss: 11991.2369
Epoch 2/10, Loss: 2748.4555
Epoch 3/10, Loss: 2493.2657
Epoch 4/10, Loss: 2459.8871
Epoch 5/10, Loss: 2112.7856
Epoch 6/10, Loss: 2435.9820
Epoch 7/10, Loss: 2165.4385
Epoch 8/10, Loss: 1952.5677
Epoch 9/10, Loss: 2031.3556
Epoch 10/10, Loss: 1831.3754
Performance Metrics:
RMSE (test data): 88.76317596435547
MAE (test data): 71.15827178955078
MAPE (test data): 63.38587999343872
MSE (test data): 7878.90185546875
R2 (test data): 0.3556504581595331
loss (test data): 7878.902322748656
Epoch 1/10, Loss: 349.6291
Epoch 2/10, Loss: 38.7993
Epoch 3/10, Loss: 17.9414
Epoch 4/10, Loss: 9.2877
Epoch 5/10, Loss: 9.1059
Epoch 6/10, Loss: 5.7876
Epoch 7/10, Loss: 4.7441
Epoch 8/10, Loss: 3.8849
Epoch 9/10, Loss: 3.8693
Epoch 10/10, Loss: 4.2979
Performance Metrics:
RMSE (test data): 8.07351016998291
MAE (test data): 6.026790142059326
MAPE (test data): 95.90315222740173
MSE (test data): 65.18157196044922
R2 (test data): 0.9946693441195482
loss (test data): 65.18157237494943
Epoch 1/10, Loss: 18.5153
Epoch 2/10, Loss: 6.1220
Epoch 3/10, Loss: 5.4884
Epoch 4/10, Loss: 3.6825
Epoch 5/10, Loss: 3.0598
Epoch 6/10, Loss: 2.7667
Epoch 7/10, Loss: 4.3856
Epoch 8/10, Loss: 2.7731
Epoch 9/10, Loss: 2.2304
Epoch 10/10, Loss: 2.2010
Performance Metrics:
RMSE (test data): 1.9454691410064697
MAE (test data): 1.5608046054840088
MAPE (test data): 96.51690721511841
MSE (test data): 3.7848501205444336
R2 (test data): 0.9996904687816555
loss (test data): 3.7848497883505785
Epoch 1/10, Loss: 3.9041
Epoch 2/10, Loss: 4.9599
Epoch 3/10, Loss: 2.7993
Epoch 4/10, Loss: 6.9561
Epoch 5/10, Loss: 2.0435
Epoch 6/10, Loss: 1.3566
Epoch 7/10, Loss: 3.2025
Epoch 8/10, Loss: 20.0639
Epoch 9/10, Loss: 8.8648
Epoch 10/10, Loss: 1.5360
Performance Metrics:
RMSE (test data): 1.8510024547576904
MAE (test data): 1.5151151418685913
MAPE (test data): 96.21614813804626
MSE (test data): 3.4262101650238037
R2 (test data): 0.9997197989092983
loss (test data): 3.4262101994980236
Epoch 1/10, Loss: 6.6539
Epoch 2/10, Loss: 2.0415
Epoch 3/10, Loss: 3.1956
Epoch 4/10, Loss: 1.3693
Epoch 5/10, Loss: 102.0480
Epoch 6/10, Loss: 15.8626
Epoch 7/10, Loss: 2.4340
Epoch 8/10, Loss: 4.5343
Epoch 9/10, Loss: 1.6133
Epoch 10/10, Loss: 0.9694
Performance Metrics:
RMSE (test data): 3.950721263885498
MAE (test data): 3.440335273742676
MAPE (test data): 95.1858639717102
MSE (test data): 15.608199119567871
R2 (test data): 0.9987235359765064
loss (test data): 15.608198089254193
Epoch 1/10, Loss: 13.6874
Epoch 2/10, Loss: 1.6171
Epoch 3/10, Loss: 0.9028
Epoch 4/10, Loss: 7.6857
Epoch 5/10, Loss: 17.2259
Epoch 6/10, Loss: 2.5329
Epoch 7/10, Loss: 1.0596
Epoch 8/10, Loss: 3.0498
Epoch 9/10, Loss: 8.5011
Epoch 10/10, Loss: 2.6195
Performance Metrics:
RMSE (test data): 1.7321571111679077
MAE (test data): 1.3238965272903442
MAPE (test data): 96.06853127479553
MSE (test data): 3.000368118286133
R2 (test data): 0.9997546249930536
loss (test data): 3.000367921223125
Epoch 1/10, Loss: 13.8554
Epoch 2/10, Loss: 41.4935
Epoch 3/10, Loss: 3.4094
Epoch 4/10, Loss: 4.2426
Epoch 5/10, Loss: 6.0194
Epoch 6/10, Loss: 1.4719
Epoch 7/10, Loss: 5.4191
Epoch 8/10, Loss: 2.4383
Epoch 9/10, Loss: 3.2990
Epoch 10/10, Loss: 5.8366
Performance Metrics:
RMSE (test data): 2.0308990478515625
MAE (test data): 1.677991509437561
MAPE (test data): 96.05845212936401
MSE (test data): 4.124551296234131
R2 (test data): 0.9996626874455762
loss (test data): 4.124551206439245
Epoch 1/10, Loss: 13.7009
Epoch 2/10, Loss: 1.5369
Epoch 3/10, Loss: 64.9417
Epoch 4/10, Loss: 7.4436
Epoch 5/10, Loss: 1.3888
Epoch 6/10, Loss: 1.4615
Epoch 7/10, Loss: 1.3574
Epoch 8/10, Loss: 5.2338
Epoch 9/10, Loss: 2.9965
Epoch 10/10, Loss: 2.0440
Performance Metrics:
RMSE (test data): 1.9183847904205322
MAE (test data): 1.3904796838760376
MAPE (test data): 96.03821635246277
MSE (test data): 3.6802003383636475
R2 (test data): 0.9996990271714906
loss (test data): 3.680200528511572
Epoch 1/10, Loss: 1.1347
Epoch 2/10, Loss: 5.1542
Epoch 3/10, Loss: 25.9724
Epoch 4/10, Loss: 37.8719
Epoch 5/10, Loss: 0.7394
Epoch 6/10, Loss: 0.8922
Epoch 7/10, Loss: 0.5542
Epoch 8/10, Loss: 1.0214
Epoch 9/10, Loss: 5.2195
Epoch 10/10, Loss: 2.3938
Performance Metrics:
RMSE (test data): 1.5481380224227905
MAE (test data): 1.2236294746398926
MAPE (test data): 97.29289412498474
MSE (test data): 2.396731376647949
R2 (test data): 0.9998039913591289
loss (test data): 2.396731620058881
Epoch 1/10, Loss: 26.4351
Epoch 2/10, Loss: 2.0406
Epoch 3/10, Loss: 4.5553
Epoch 4/10, Loss: 34.0986
Epoch 5/10, Loss: 0.7730
Epoch 6/10, Loss: 10.9676
Epoch 7/10, Loss: 1.7337
Epoch 8/10, Loss: 1.5910
Epoch 9/10, Loss: 0.8561
Epoch 10/10, Loss: 13.6145
Performance Metrics:
RMSE (test data): 2.0257976055145264
MAE (test data): 1.806302785873413
MAPE (test data): 97.20737934112549
MSE (test data): 4.103855609893799
R2 (test data): 0.9996643799527527
loss (test data): 4.10385568747766
Epoch 1/10, Loss: 5.6347
Epoch 2/10, Loss: 7.0915
Epoch 3/10, Loss: 19.0652
Epoch 4/10, Loss: 0.9164
Epoch 5/10, Loss: 0.5147
Epoch 6/10, Loss: 0.5599
Epoch 7/10, Loss: 1.1546
Epoch 8/10, Loss: 10.4276
Epoch 9/10, Loss: 30.2017
Epoch 10/10, Loss: 1.4400
Performance Metrics:
RMSE (test data): 0.8560248613357544
MAE (test data): 0.5556415319442749
MAPE (test data): 96.46309018135071
MSE (test data): 0.7327786087989807
R2 (test data): 0.9999400721632182
loss (test data): 0.7327786205040241
Epoch 1/10, Loss: 0.8119
Epoch 2/10, Loss: 28.4692
Epoch 3/10, Loss: 34.3333
Epoch 4/10, Loss: 1.1045
Epoch 5/10, Loss: 0.4284
Epoch 6/10, Loss: 0.3119
Epoch 7/10, Loss: 0.5832
Epoch 8/10, Loss: 0.9609
Epoch 9/10, Loss: 1.8113
Epoch 10/10, Loss: 2.6944
Performance Metrics:
RMSE (test data): 1.2934749126434326
MAE (test data): 1.1500773429870605
MAPE (test data): 97.0227599143982
MSE (test data): 1.6730773448944092
R2 (test data): 0.9998631729918487
loss (test data): 1.6730773422633043
Epoch 1/10, Loss: 7.6586
Epoch 2/10, Loss: 5.1177
Epoch 3/10, Loss: 1.2834
Epoch 4/10, Loss: 0.7089
Epoch 5/10, Loss: 5.1018
Epoch 6/10, Loss: 8.4328
Epoch 7/10, Loss: 1.7331
Epoch 8/10, Loss: 9.9585
Epoch 9/10, Loss: 4.8225
Epoch 10/10, Loss: 1.7469
Performance Metrics:
RMSE (test data): 0.5505385994911194
MAE (test data): 0.3671709895133972
MAPE (test data): 96.61949276924133
MSE (test data): 0.3030927777290344
R2 (test data): 0.9999752125775785
loss (test data): 0.3030927584848636
Epoch 1/10, Loss: 12.4128
Epoch 2/10, Loss: 22.4333
Epoch 3/10, Loss: 0.9555
Epoch 4/10, Loss: 1.3042
Epoch 5/10, Loss: 1.4620
Epoch 6/10, Loss: 1.4364
Epoch 7/10, Loss: 0.7542
Epoch 8/10, Loss: 7.3733
Epoch 9/10, Loss: 16.4578
Epoch 10/10, Loss: 17.3758
Performance Metrics:
RMSE (test data): 0.7156040072441101
MAE (test data): 0.4642343521118164
MAPE (test data): 96.5931236743927
MSE (test data): 0.5120891332626343
R2 (test data): 0.9999581205114866
loss (test data): 0.5120891368719704
Epoch 1/10, Loss: 0.5233
Epoch 2/10, Loss: 1.6126
Epoch 3/10, Loss: 1.2368
Epoch 4/10, Loss: 0.8933
Epoch 5/10, Loss: 3.9564
Epoch 6/10, Loss: 1.1345
Epoch 7/10, Loss: 23.1614
Epoch 8/10, Loss: 5.0806
Epoch 9/10, Loss: 0.5407
Epoch 10/10, Loss: 2.0355
Performance Metrics:
RMSE (test data): 1.1360219717025757
MAE (test data): 0.8606743812561035
MAPE (test data): 96.73575758934021
MSE (test data): 1.2905458211898804
R2 (test data): 0.9998944570512254
loss (test data): 1.290545772143387
Epoch 1/10, Loss: 7.2698
Epoch 2/10, Loss: 0.7981
Epoch 3/10, Loss: 1.5480
Epoch 4/10, Loss: 88.3035
Epoch 5/10, Loss: 6.3001
Epoch 6/10, Loss: 0.8187
Epoch 7/10, Loss: 0.4701
Epoch 8/10, Loss: 0.4597
Epoch 9/10, Loss: 0.4623
Epoch 10/10, Loss: 0.2977
Performance Metrics:
RMSE (test data): 0.7180278301239014
MAE (test data): 0.5539758205413818
MAPE (test data): 96.49797677993774
MSE (test data): 0.51556396484375
R2 (test data): 0.999957836334986
loss (test data): 0.5155639434913221
Epoch 1/10, Loss: 0.3589
Epoch 2/10, Loss: 0.7357
Epoch 3/10, Loss: 0.5466
Epoch 4/10, Loss: 5.0120
Epoch 5/10, Loss: 14.0629
Epoch 6/10, Loss: 9.9964
Epoch 7/10, Loss: 1.4008
Epoch 8/10, Loss: 2.5844
Epoch 9/10, Loss: 2.0371
Epoch 10/10, Loss: 1.9326
Performance Metrics:
RMSE (test data): 0.49341875314712524
MAE (test data): 0.32862353324890137
MAPE (test data): 96.59634232521057
MSE (test data): 0.24346205592155457
R2 (test data): 0.9999800892747602
loss (test data): 0.24346204792704362
Epoch 1/10, Loss: 8.2700
Epoch 2/10, Loss: 8.0766
Epoch 3/10, Loss: 1.1720
Epoch 4/10, Loss: 0.7541
Epoch 5/10, Loss: 0.7688
Epoch 6/10, Loss: 1.9878
Epoch 7/10, Loss: 52.3791
Epoch 8/10, Loss: 1.1647
Epoch 9/10, Loss: 0.6518
Epoch 10/10, Loss: 0.3504
Performance Metrics:
RMSE (test data): 1.4224188327789307
MAE (test data): 1.1112169027328491
MAPE (test data): 96.16975784301758
MSE (test data): 2.023275375366211
R2 (test data): 0.9998345332235322
loss (test data): 2.0232753660919878
Epoch 1/10, Loss: 1.2055
Epoch 2/10, Loss: 0.4130
Epoch 3/10, Loss: 0.1901
Epoch 4/10, Loss: 0.3856
Epoch 5/10, Loss: 3.4237
Epoch 6/10, Loss: 10.9512
Epoch 7/10, Loss: 1.3524
Epoch 8/10, Loss: 1.5755
Epoch 9/10, Loss: 0.2809
Epoch 10/10, Loss: 0.3178
Performance Metrics:
RMSE (test data): 0.48961102962493896
MAE (test data): 0.31740111112594604
MAPE (test data): 96.62086963653564
MSE (test data): 0.2397189736366272
R2 (test data): 0.9999803953895706
loss (test data): 0.23971897122478109
Epoch 1/10, Loss: 15.9046
Epoch 2/10, Loss: 0.8934
Epoch 3/10, Loss: 2.1958
Epoch 4/10, Loss: 2.0504
Epoch 5/10, Loss: 17.2766
Epoch 6/10, Loss: 1.2147
Epoch 7/10, Loss: 1.0302
Epoch 8/10, Loss: 2.3828
Epoch 9/10, Loss: 1.0690
Epoch 10/10, Loss: 1.3112
Performance Metrics:
RMSE (test data): 0.8925842642784119
MAE (test data): 0.4890797734260559
MAPE (test data): 96.86471223831177
MSE (test data): 0.7967066168785095
R2 (test data): 0.9999348440234764
loss (test data): 0.7967066572221174
Epoch 1/10, Loss: 6.5485
Epoch 2/10, Loss: 3.5037
Epoch 3/10, Loss: 19.3236
Epoch 4/10, Loss: 1.4277
Epoch 5/10, Loss: 0.4239
Epoch 6/10, Loss: 7.4512
Epoch 7/10, Loss: 3.5335
Epoch 8/10, Loss: 1.3025
Epoch 9/10, Loss: 0.2739
Epoch 10/10, Loss: 0.5251
Performance Metrics:
RMSE (test data): 1.1178762912750244
MAE (test data): 0.9592707753181458
MAPE (test data): 96.35156393051147
MSE (test data): 1.2496474981307983
R2 (test data): 0.9998978017745822
loss (test data): 1.2496475617495646
Epoch 1/10, Loss: 5.5261
Epoch 2/10, Loss: 149.1665
Epoch 3/10, Loss: 16.0923
Epoch 4/10, Loss: 1.0936
Epoch 5/10, Loss: 0.8698
Epoch 6/10, Loss: 0.7350
Epoch 7/10, Loss: 0.7771
Epoch 8/10, Loss: 0.5496
Epoch 9/10, Loss: 0.4190
Epoch 10/10, Loss: 0.3517
Performance Metrics:
RMSE (test data): 1.1027443408966064
MAE (test data): 0.8421048521995544
MAPE (test data): 96.33994698524475
MSE (test data): 1.2160450220108032
R2 (test data): 0.9999005498442575
loss (test data): 1.2160450328388117
Epoch 1/10, Loss: 0.3317
Epoch 2/10, Loss: 0.2463
Epoch 3/10, Loss: 0.1439
Epoch 4/10, Loss: 0.4312
Epoch 5/10, Loss: 0.3352
Epoch 6/10, Loss: 0.4854
Epoch 7/10, Loss: 1.4793
Epoch 8/10, Loss: 0.6054
Epoch 9/10, Loss: 0.4391
Epoch 10/10, Loss: 40.9346
Performance Metrics:
RMSE (test data): 1.4191462993621826
MAE (test data): 1.0745879411697388
MAPE (test data): 97.11540341377258
MSE (test data): 2.0139763355255127
R2 (test data): 0.9998352937083455
loss (test data): 2.013976400628492
Epoch 1/10, Loss: 6.5140
Epoch 2/10, Loss: 0.7908
Epoch 3/10, Loss: 0.8146
Epoch 4/10, Loss: 0.3381
Epoch 5/10, Loss: 0.2429
Epoch 6/10, Loss: 0.3003
Epoch 7/10, Loss: 0.4318
Epoch 8/10, Loss: 0.5686
Epoch 9/10, Loss: 1.4016
Epoch 10/10, Loss: 19.9915
Performance Metrics:
RMSE (test data): 1.494545817375183
MAE (test data): 1.2350417375564575
MAPE (test data): 96.10707759857178
MSE (test data): 2.2336671352386475
R2 (test data): 0.9998173270451342
loss (test data): 2.23366708612469
Epoch 1/10, Loss: 0.9432
Epoch 2/10, Loss: 0.4447
Epoch 3/10, Loss: 1.5210
Epoch 4/10, Loss: 0.6153
Epoch 5/10, Loss: 3.1579
Epoch 6/10, Loss: 1.1947
Epoch 7/10, Loss: 0.4179
Epoch 8/10, Loss: 92.9518
Epoch 9/10, Loss: 6.9656
Epoch 10/10, Loss: 0.9488
Performance Metrics:
RMSE (test data): 0.7850626111030579
MAE (test data): 0.5657498836517334
MAPE (test data): 96.66842222213745
MSE (test data): 0.6163232922554016
R2 (test data): 0.9999495960768492
loss (test data): 0.6163232190061169
Epoch 1/10, Loss: 0.3888
Epoch 2/10, Loss: 0.2442
Epoch 3/10, Loss: 0.1400
Epoch 4/10, Loss: 0.1671
Epoch 5/10, Loss: 0.1361
Epoch 6/10, Loss: 0.5016
Epoch 7/10, Loss: 7.6701
Epoch 8/10, Loss: 0.2735
Epoch 9/10, Loss: 0.2116
Epoch 10/10, Loss: 0.4615
Performance Metrics:
RMSE (test data): 0.6308072209358215
MAE (test data): 0.5015655159950256
MAPE (test data): 96.86095118522644
MSE (test data): 0.3979177176952362
R2 (test data): 0.9999674576368299
loss (test data): 0.39791771826868216
Epoch 1/10, Loss: 0.3706
Epoch 2/10, Loss: 1.9424
Epoch 3/10, Loss: 0.6615
Epoch 4/10, Loss: 9.9952
Epoch 5/10, Loss: 12.1353
Epoch 6/10, Loss: 0.4956
Epoch 7/10, Loss: 3.0282
Epoch 8/10, Loss: 13.2995
Epoch 9/10, Loss: 0.2912
Epoch 10/10, Loss: 3.2183
Performance Metrics:
RMSE (test data): 0.7354022860527039
MAE (test data): 0.4443771243095398
MAPE (test data): 96.58712148666382
MSE (test data): 0.5408165454864502
R2 (test data): 0.9999557711369068
loss (test data): 0.5408165390773486
Epoch 1/10, Loss: 0.3080
Epoch 2/10, Loss: 2.5097
Epoch 3/10, Loss: 0.1967
Epoch 4/10, Loss: 0.5462
Epoch 5/10, Loss: 0.7318
Epoch 6/10, Loss: 6.0115
Epoch 7/10, Loss: 14.1006
Epoch 8/10, Loss: 1.4997
Epoch 9/10, Loss: 0.8247
Epoch 10/10, Loss: 11.5430
Performance Metrics:
RMSE (test data): 0.6952928304672241
MAE (test data): 0.5085940361022949
MAPE (test data): 96.85067534446716
MSE (test data): 0.4834321439266205
R2 (test data): 0.9999604641270737
loss (test data): 0.48343214242554144
Epoch 1/10, Loss: 1.8046
Epoch 2/10, Loss: 1.8047
Epoch 3/10, Loss: 0.3072
Epoch 4/10, Loss: 0.6763
Epoch 5/10, Loss: 43.6920
Epoch 6/10, Loss: 3.2155
Epoch 7/10, Loss: 0.4477
Epoch 8/10, Loss: 0.2309
Epoch 9/10, Loss: 0.2646
Epoch 10/10, Loss: 1.0461
Performance Metrics:
RMSE (test data): 0.44035935401916504
MAE (test data): 0.2598125636577606
MAPE (test data): 96.76706790924072
MSE (test data): 0.19391636550426483
R2 (test data): 0.9999841412014163
loss (test data): 0.1939163690292707
Epoch 1/10, Loss: 0.2594
Epoch 2/10, Loss: 0.2600
Epoch 3/10, Loss: 0.3501
Epoch 4/10, Loss: 0.2640
Epoch 5/10, Loss: 2.0099
Epoch 6/10, Loss: 1.3051
Epoch 7/10, Loss: 1.9635
Epoch 8/10, Loss: 3.7721
Epoch 9/10, Loss: 3.2873
Epoch 10/10, Loss: 11.6622
Performance Metrics:
RMSE (test data): 2.1085927486419678
MAE (test data): 1.523151159286499
MAPE (test data): 95.95334529876709
MSE (test data): 4.446163654327393
R2 (test data): 0.9996363854369806
loss (test data): 4.4461637777869285
Epoch 1/10, Loss: 44.6148
Epoch 2/10, Loss: 0.4420
Epoch 3/10, Loss: 0.2420
Epoch 4/10, Loss: 0.2985
Epoch 5/10, Loss: 0.2166
Epoch 6/10, Loss: 0.2143
Epoch 7/10, Loss: 0.1757
Epoch 8/10, Loss: 0.1774
Epoch 9/10, Loss: 0.4005
Epoch 10/10, Loss: 0.3266
Performance Metrics:
RMSE (test data): 1.394752025604248
MAE (test data): 1.2585185766220093
MAPE (test data): 97.29554057121277
MSE (test data): 1.9453331232070923
R2 (test data): 0.9998409074728235
loss (test data): 1.9453330939613498
Epoch 1/10, Loss: 5.5010
Epoch 2/10, Loss: 3.4236
Epoch 3/10, Loss: 1.0509
Epoch 4/10, Loss: 11.7508
Epoch 5/10, Loss: 0.3535
Epoch 6/10, Loss: 0.4639
Epoch 7/10, Loss: 0.2802
Epoch 8/10, Loss: 1.0666
Epoch 9/10, Loss: 1.0027
Epoch 10/10, Loss: 5.1531
Performance Metrics:
RMSE (test data): 2.0355381965637207
MAE (test data): 1.7694655656814575
MAPE (test data): 95.92445492744446
MSE (test data): 4.143415927886963
R2 (test data): 0.9996611446559376
loss (test data): 4.1434158717567255
Epoch 1/10, Loss: 2.3118
Epoch 2/10, Loss: 3.3871
Epoch 3/10, Loss: 0.9365
Epoch 4/10, Loss: 28.3442
Epoch 5/10, Loss: 1.9926
Epoch 6/10, Loss: 0.3158
Epoch 7/10, Loss: 0.3148
Epoch 8/10, Loss: 0.6049
Epoch 9/10, Loss: 0.1848
Epoch 10/10, Loss: 1.3595
Performance Metrics:
RMSE (test data): 0.45657169818878174
MAE (test data): 0.31267306208610535
MAPE (test data): 96.74544930458069
MSE (test data): 0.20845772325992584
R2 (test data): 0.9999829519861866
loss (test data): 0.20845771920363917
Epoch 1/10, Loss: 1.2273
Epoch 2/10, Loss: 3.5908
Epoch 3/10, Loss: 1.3837
Epoch 4/10, Loss: 3.9394
Epoch 5/10, Loss: 0.7608
Epoch 6/10, Loss: 2.4333
Epoch 7/10, Loss: 10.0852
Epoch 8/10, Loss: 8.4089
Epoch 9/10, Loss: 0.2447
Epoch 10/10, Loss: 0.5159
Performance Metrics:
RMSE (test data): 0.3792308270931244
MAE (test data): 0.25694510340690613
MAPE (test data): 96.73511981964111
MSE (test data): 0.1438160240650177
R2 (test data): 0.9999882384896617
loss (test data): 0.14381602972357976
Epoch 1/10, Loss: 0.4461
Epoch 2/10, Loss: 0.2966
Epoch 3/10, Loss: 0.8468
Epoch 4/10, Loss: 12.6200
Epoch 5/10, Loss: 4.3772
Epoch 6/10, Loss: 1.8076
Epoch 7/10, Loss: 3.5470
Epoch 8/10, Loss: 0.9399
Epoch 9/10, Loss: 0.8197
Epoch 10/10, Loss: 1.1652
Performance Metrics:
RMSE (test data): 0.3985747992992401
MAE (test data): 0.23597246408462524
MAPE (test data): 96.70400619506836
MSE (test data): 0.15886187553405762
R2 (test data): 0.999987008014386
loss (test data): 0.15886188656445877
Epoch 1/10, Loss: 0.4622
Epoch 2/10, Loss: 18.6512
Epoch 3/10, Loss: 4.3421
Epoch 4/10, Loss: 0.3369
Epoch 5/10, Loss: 0.2226
Epoch 6/10, Loss: 0.2806
Epoch 7/10, Loss: 0.5035
Epoch 8/10, Loss: 0.1808
Epoch 9/10, Loss: 0.2845
Epoch 10/10, Loss: 0.2491
Performance Metrics:
RMSE (test data): 1.2604268789291382
MAE (test data): 0.9669033288955688
MAPE (test data): 96.17327451705933
MSE (test data): 1.588675856590271
R2 (test data): 0.9998700754836275
loss (test data): 1.5886758498438482
Epoch 1/10, Loss: 14.5834
Epoch 2/10, Loss: 4.1260
Epoch 3/10, Loss: 0.8384
Epoch 4/10, Loss: 0.2419
Epoch 5/10, Loss: 0.2387
Epoch 6/10, Loss: 1.5550
Epoch 7/10, Loss: 2.4651
Epoch 8/10, Loss: 2.3868
Epoch 9/10, Loss: 1.3306
Epoch 10/10, Loss: 0.7793
Performance Metrics:
RMSE (test data): 1.8284868001937866
MAE (test data): 1.456683874130249
MAPE (test data): 96.04693055152893
MSE (test data): 3.3433637619018555
R2 (test data): 0.9997265742280861
loss (test data): 3.3433638004913933
Epoch 1/10, Loss: 19.0994
Epoch 2/10, Loss: 0.3028
Epoch 3/10, Loss: 0.2223
Epoch 4/10, Loss: 0.1647
Epoch 5/10, Loss: 0.3579
Epoch 6/10, Loss: 1.8237
Epoch 7/10, Loss: 7.1905
Epoch 8/10, Loss: 0.4102
Epoch 9/10, Loss: 0.4711
Epoch 10/10, Loss: 2.1416
Performance Metrics:
RMSE (test data): 1.1175477504730225
MAE (test data): 0.9823903441429138
MAPE (test data): 97.18886017799377
MSE (test data): 1.248913049697876
R2 (test data): 0.9998978618417306
loss (test data): 1.2489130786400295
Epoch 1/10, Loss: 5.1640
Epoch 2/10, Loss: 0.5094
Epoch 3/10, Loss: 0.5662
Epoch 4/10, Loss: 5.8714
Epoch 5/10, Loss: 1.2157
Epoch 6/10, Loss: 1.4400
Epoch 7/10, Loss: 3.0526
Epoch 8/10, Loss: 0.5552
Epoch 9/10, Loss: 11.3386
Epoch 10/10, Loss: 0.5488
Performance Metrics:
RMSE (test data): 1.0400714874267578
MAE (test data): 0.8947900533676147
MAPE (test data): 96.74378037452698
MSE (test data): 1.0817487239837646
R2 (test data): 0.9999115328111019
loss (test data): 1.0817487859159252
Epoch 1/10, Loss: 0.6351
Epoch 2/10, Loss: 0.5664
Epoch 3/10, Loss: 0.5646
Epoch 4/10, Loss: 1.5666
Epoch 5/10, Loss: 2.2727
Epoch 6/10, Loss: 17.3357
Epoch 7/10, Loss: 2.0141
Epoch 8/10, Loss: 0.2178
Epoch 9/10, Loss: 0.2267
Epoch 10/10, Loss: 0.6865
Performance Metrics:
RMSE (test data): 1.0261778831481934
MAE (test data): 0.8325257301330566
MAPE (test data): 96.31093740463257
MSE (test data): 1.0530409812927246
R2 (test data): 0.9999138805772797
loss (test data): 1.0530410559756243
Epoch 1/10, Loss: 0.4154
Epoch 2/10, Loss: 0.1855
Epoch 3/10, Loss: 19.2225
Epoch 4/10, Loss: 0.4792
Epoch 5/10, Loss: 0.2137
Epoch 6/10, Loss: 0.1263
Epoch 7/10, Loss: 0.1677
Epoch 8/10, Loss: 0.1432
Epoch 9/10, Loss: 0.5078
Epoch 10/10, Loss: 2.3627
Performance Metrics:
RMSE (test data): 1.227115511894226
MAE (test data): 0.8947848081588745
MAPE (test data): 96.21273279190063
MSE (test data): 1.5058125257492065
R2 (test data): 0.999876852186754
loss (test data): 1.5058124882728283
Epoch 1/10, Loss: 6.2015
Epoch 2/10, Loss: 8.3298
Epoch 3/10, Loss: 0.4457
Epoch 4/10, Loss: 0.2941
Epoch 5/10, Loss: 1.0227
Epoch 6/10, Loss: 0.7949
Epoch 7/10, Loss: 6.8471
Epoch 8/10, Loss: 0.5484
Epoch 9/10, Loss: 0.1473
Epoch 10/10, Loss: 1.9406
Performance Metrics:
RMSE (test data): 0.45589226484298706
MAE (test data): 0.32331207394599915
MAPE (test data): 96.67646288871765
MSE (test data): 0.2078377604484558
R2 (test data): 0.9999830026870333
loss (test data): 0.2078377589009951
Epoch 1/10, Loss: 4.5942
Epoch 2/10, Loss: 0.2918
Epoch 3/10, Loss: 0.8032
Epoch 4/10, Loss: 16.1317
Epoch 5/10, Loss: 0.3098
Epoch 6/10, Loss: 0.2262
Epoch 7/10, Loss: 0.2622
Epoch 8/10, Loss: 0.1514
Epoch 9/10, Loss: 1.8885
Epoch 10/10, Loss: 0.1736
Performance Metrics:
RMSE (test data): 2.945949077606201
MAE (test data): 2.451801300048828
MAPE (test data): 95.47053575515747
MSE (test data): 8.678616523742676
R2 (test data): 0.9992902484849523
loss (test data): 8.678616932306037
Epoch 1/10, Loss: 1.5786
Epoch 2/10, Loss: 0.8208
Epoch 3/10, Loss: 1.8755
Epoch 4/10, Loss: 2.6090
Epoch 5/10, Loss: 5.3709
Epoch 6/10, Loss: 1.7050
Epoch 7/10, Loss: 1.4696
Epoch 8/10, Loss: 0.2045
Epoch 9/10, Loss: 1.0785
Epoch 10/10, Loss: 100.2999
Performance Metrics:
RMSE (test data): 0.7367772459983826
MAE (test data): 0.5193219780921936
MAPE (test data): 96.59199714660645
MSE (test data): 0.5428407192230225
R2 (test data): 0.9999556055965809
loss (test data): 0.5428407168153928
Epoch 1/10, Loss: 0.2391
Epoch 2/10, Loss: 0.0984
Epoch 3/10, Loss: 0.0839
Epoch 4/10, Loss: 0.0845
Epoch 5/10, Loss: 0.0667
Epoch 6/10, Loss: 0.0766
Epoch 7/10, Loss: 0.0692
Epoch 8/10, Loss: 0.0743
Epoch 9/10, Loss: 0.0698
Epoch 10/10, Loss: 0.0674
Performance Metrics:
RMSE (test data): 0.3569068908691406
MAE (test data): 0.2594599723815918
MAPE (test data): 96.76835536956787
MSE (test data): 0.1273825317621231
R2 (test data): 0.9999895824479491
loss (test data): 0.1273825289960898
Epoch 1/10, Loss: 0.1805
Epoch 2/10, Loss: 0.1667
Epoch 3/10, Loss: 0.1441
Epoch 4/10, Loss: 0.1141
Epoch 5/10, Loss: 0.3190
Epoch 6/10, Loss: 0.7171
Epoch 7/10, Loss: 2.0854
Epoch 8/10, Loss: 2.3149
Epoch 9/10, Loss: 2.3207
Epoch 10/10, Loss: 0.6060
Performance Metrics:
RMSE (test data): 0.43510565161705017
MAE (test data): 0.2991531491279602
MAPE (test data): 96.58053517341614
MSE (test data): 0.18931692838668823
R2 (test data): 0.9999845173507768
loss (test data): 0.1893169322658813
Epoch 1/10, Loss: 3.6461
Epoch 2/10, Loss: 1.3701
Epoch 3/10, Loss: 0.8067
Epoch 4/10, Loss: 1.6963
Epoch 5/10, Loss: 4.0308
Epoch 6/10, Loss: 0.9799
Epoch 7/10, Loss: 1.7660
Epoch 8/10, Loss: 1.1933
Epoch 9/10, Loss: 1.7402
Epoch 10/10, Loss: 39.2920
Performance Metrics:
RMSE (test data): 1.3977675437927246
MAE (test data): 1.004841685295105
MAPE (test data): 96.2084174156189
MSE (test data): 1.95375394821167
R2 (test data): 0.9998402187983398
loss (test data): 1.9537539628514073
Epoch 1/10, Loss: 0.5685
Epoch 2/10, Loss: 0.2182
Epoch 3/10, Loss: 0.1285
Epoch 4/10, Loss: 0.0876
Epoch 5/10, Loss: 0.0839
Epoch 6/10, Loss: 0.0936
Epoch 7/10, Loss: 0.1511
Epoch 8/10, Loss: 0.2960
Epoch 9/10, Loss: 0.1763
Epoch 10/10, Loss: 0.1472
Performance Metrics:
RMSE (test data): 0.3714075982570648
MAE (test data): 0.2669036090373993
MAPE (test data): 96.59967422485352
MSE (test data): 0.1379435956478119
R2 (test data): 0.9999887187468733
loss (test data): 0.13794359259505562
Epoch 1/10, Loss: 0.4621
Epoch 2/10, Loss: 13.4672
Epoch 3/10, Loss: 5.6730
Epoch 4/10, Loss: 0.2011
Epoch 5/10, Loss: 1.3643
Epoch 6/10, Loss: 0.3041
Epoch 7/10, Loss: 0.2173
Epoch 8/10, Loss: 0.2717
Epoch 9/10, Loss: 0.9948
Epoch 10/10, Loss: 0.5280
Performance Metrics:
RMSE (test data): 0.29994362592697144
MAE (test data): 0.18094642460346222
MAPE (test data): 96.664559841156
MSE (test data): 0.08996618539094925
R2 (test data): 0.9999926424183835
loss (test data): 0.08996618060625976
Epoch 1/10, Loss: 4.4768
Epoch 2/10, Loss: 3.2958
Epoch 3/10, Loss: 1.7169
Epoch 4/10, Loss: 0.2401
Epoch 5/10, Loss: 0.2855
Epoch 6/10, Loss: 1.0839
Epoch 7/10, Loss: 22.1661
Epoch 8/10, Loss: 0.5556
Epoch 9/10, Loss: 0.2079
Epoch 10/10, Loss: 0.1175
Performance Metrics:
RMSE (test data): 1.2164626121520996
MAE (test data): 0.9821027517318726
MAPE (test data): 96.21548652648926
MSE (test data): 1.4797813892364502
R2 (test data): 0.9998789810519051
loss (test data): 1.4797813964888547
Epoch 1/10, Loss: 2.5093
Epoch 2/10, Loss: 0.3814
Epoch 3/10, Loss: 0.4808
Epoch 4/10, Loss: 0.8358
Epoch 5/10, Loss: 0.4248
Epoch 6/10, Loss: 0.6742
Epoch 7/10, Loss: 0.2850
Epoch 8/10, Loss: 2.8510
Epoch 9/10, Loss: 5.7918
Epoch 10/10, Loss: 2.8066
Performance Metrics:
RMSE (test data): 0.44412922859191895
MAE (test data): 0.2849750816822052
MAPE (test data): 96.58145308494568
MSE (test data): 0.19725076854228973
R2 (test data): 0.9999838685098853
loss (test data): 0.1972507565083582
Epoch 1/10, Loss: 3.3854
Epoch 2/10, Loss: 0.1894
Epoch 3/10, Loss: 0.5909
Epoch 4/10, Loss: 0.7299
Epoch 5/10, Loss: 1.7520
Epoch 6/10, Loss: 31.4000
Epoch 7/10, Loss: 1.8497
Epoch 8/10, Loss: 0.2185
Epoch 9/10, Loss: 0.1656
Epoch 10/10, Loss: 0.1249
Performance Metrics:
RMSE (test data): 2.8425488471984863
MAE (test data): 2.505812168121338
MAPE (test data): 95.5823540687561
MSE (test data): 8.080083847045898
R2 (test data): 0.9993391975121334
loss (test data): 8.080083604714394
Epoch 1/10, Loss: 0.6214
Epoch 2/10, Loss: 0.4057
Epoch 3/10, Loss: 0.7333
Epoch 4/10, Loss: 0.2269
Epoch 5/10, Loss: 0.1086
Epoch 6/10, Loss: 0.1993
Epoch 7/10, Loss: 0.3870
Epoch 8/10, Loss: 0.9848
Epoch 9/10, Loss: 6.7611
Epoch 10/10, Loss: 18.3018
Performance Metrics:
RMSE (test data): 0.5589444637298584
MAE (test data): 0.3563550114631653
MAPE (test data): 96.7204213142395
MSE (test data): 0.3124189078807831
R2 (test data): 0.9999744498716313
loss (test data): 0.31241888764151493
Epoch 1/10, Loss: 0.2677
Epoch 2/10, Loss: 0.0807
Epoch 3/10, Loss: 0.0927
Epoch 4/10, Loss: 0.1546
Epoch 5/10, Loss: 0.5430
Epoch 6/10, Loss: 0.5135
Epoch 7/10, Loss: 0.1929
Epoch 8/10, Loss: 0.1704
Epoch 9/10, Loss: 0.3753
Epoch 10/10, Loss: 3.4901
Performance Metrics:
RMSE (test data): 0.4497270882129669
MAE (test data): 0.36885520815849304
MAPE (test data): 96.81923389434814
MSE (test data): 0.20225444436073303
R2 (test data): 0.9999834592991496
loss (test data): 0.20225445630190125
Epoch 1/10, Loss: 0.5357
Epoch 2/10, Loss: 24.4802
Epoch 3/10, Loss: 1.7213
Epoch 4/10, Loss: 0.2091
Epoch 5/10, Loss: 0.1945
Epoch 6/10, Loss: 0.1071
Epoch 7/10, Loss: 0.1211
Epoch 8/10, Loss: 0.1733
Epoch 9/10, Loss: 0.7014
Epoch 10/10, Loss: 0.5654
Performance Metrics:
RMSE (test data): 0.46080145239830017
MAE (test data): 0.35548895597457886
MAPE (test data): 96.74380421638489
MSE (test data): 0.21233798563480377
R2 (test data): 0.9999826346509217
loss (test data): 0.21233799051752722
Epoch 1/10, Loss: 0.3954
Epoch 2/10, Loss: 3.4719
Epoch 3/10, Loss: 6.2140
Epoch 4/10, Loss: 0.1488
Epoch 5/10, Loss: 0.8232
Epoch 6/10, Loss: 6.3022
Epoch 7/10, Loss: 9.2639
Epoch 8/10, Loss: 0.2593
Epoch 9/10, Loss: 0.1116
Epoch 10/10, Loss: 0.1451
Performance Metrics:
RMSE (test data): 0.3698382079601288
MAE (test data): 0.20113767683506012
MAPE (test data): 96.6384768486023
MSE (test data): 0.13678030669689178
R2 (test data): 0.9999888138831186
loss (test data): 0.13678029726876603
Epoch 1/10, Loss: 0.5979
Epoch 2/10, Loss: 0.5724
Epoch 3/10, Loss: 0.9139
Epoch 4/10, Loss: 6.3390
Epoch 5/10, Loss: 0.7407
Epoch 6/10, Loss: 4.1574
Epoch 7/10, Loss: 0.2581
Epoch 8/10, Loss: 0.2433
Epoch 9/10, Loss: 0.1390
Epoch 10/10, Loss: 1.7775
Performance Metrics:
RMSE (test data): 3.137324571609497
MAE (test data): 2.6871230602264404
MAPE (test data): 95.5925703048706
MSE (test data): 9.842805862426758
R2 (test data): 0.9991950391337087
loss (test data): 9.842806696284606
Epoch 1/10, Loss: 7.4607
Epoch 2/10, Loss: 4.0377
Epoch 3/10, Loss: 0.3057
Epoch 4/10, Loss: 0.2276
Epoch 5/10, Loss: 1.4709
Epoch 6/10, Loss: 0.6089
Epoch 7/10, Loss: 1.2070
Epoch 8/10, Loss: 18.1037
Epoch 9/10, Loss: 1.0669
Epoch 10/10, Loss: 0.1143
Performance Metrics:
RMSE (test data): 0.7128689885139465
MAE (test data): 0.6368338465690613
MAPE (test data): 96.9803512096405
MSE (test data): 0.5081822276115417
R2 (test data): 0.9999584400227444
loss (test data): 0.5081822489808357
Epoch 1/10, Loss: 0.2410
Epoch 2/10, Loss: 0.1243
Epoch 3/10, Loss: 0.3114
Epoch 4/10, Loss: 0.1405
Epoch 5/10, Loss: 0.1168
Epoch 6/10, Loss: 0.1271
Epoch 7/10, Loss: 4.2895
Epoch 8/10, Loss: 0.2165
Epoch 9/10, Loss: 0.2231
Epoch 10/10, Loss: 5.5251
Performance Metrics:
RMSE (test data): 2.195631742477417
MAE (test data): 1.8544056415557861
MAPE (test data): 95.83846926689148
MSE (test data): 4.820798873901367
R2 (test data): 0.9996057471708917
loss (test data): 4.82079880994528
Epoch 1/10, Loss: 1.5923
Epoch 2/10, Loss: 0.6594
Epoch 3/10, Loss: 2.2437
Epoch 4/10, Loss: 2.3875
Epoch 5/10, Loss: 0.1391
Epoch 6/10, Loss: 0.1542
Epoch 7/10, Loss: 4.6252
Epoch 8/10, Loss: 0.7009
Epoch 9/10, Loss: 0.6225
Epoch 10/10, Loss: 0.2771
Performance Metrics:
RMSE (test data): 0.6440824270248413
MAE (test data): 0.5543221235275269
MAPE (test data): 96.95729613304138
MSE (test data): 0.4148421883583069
R2 (test data): 0.9999660735274353
loss (test data): 0.41484217059834905
Epoch 1/10, Loss: 2.9819
Epoch 2/10, Loss: 0.8361
Epoch 3/10, Loss: 0.9080
Epoch 4/10, Loss: 7.6503
Epoch 5/10, Loss: 7.3053
Epoch 6/10, Loss: 1.5287
Epoch 7/10, Loss: 0.1674
Epoch 8/10, Loss: 0.1484
Epoch 9/10, Loss: 0.1670
Epoch 10/10, Loss: 0.2826
Performance Metrics:
RMSE (test data): 0.3562653064727783
MAE (test data): 0.26758602261543274
MAPE (test data): 96.75898551940918
MSE (test data): 0.12692497670650482
R2 (test data): 0.9999896198670978
loss (test data): 0.12692497805578937
Epoch 1/10, Loss: 2.6429
Epoch 2/10, Loss: 1.3097
Epoch 3/10, Loss: 1.3934
Epoch 4/10, Loss: 0.5816
Epoch 5/10, Loss: 1.2808
Epoch 6/10, Loss: 0.9730
Epoch 7/10, Loss: 8.2021
Epoch 8/10, Loss: 3.1667
Epoch 9/10, Loss: 0.3182
Epoch 10/10, Loss: 0.3726
Performance Metrics:
RMSE (test data): 0.4412257671356201
MAE (test data): 0.3378382623195648
MAPE (test data): 96.84446454048157
MSE (test data): 0.19468018412590027
R2 (test data): 0.9999840787362628
loss (test data): 0.19468017303646792
Epoch 1/10, Loss: 0.2711
Epoch 2/10, Loss: 0.4289
Epoch 3/10, Loss: 1.3784
Epoch 4/10, Loss: 5.0223
Epoch 5/10, Loss: 0.7489
Epoch 6/10, Loss: 1.3702
Epoch 7/10, Loss: 3.6841
Epoch 8/10, Loss: 1.2698
Epoch 9/10, Loss: 0.4502
Epoch 10/10, Loss: 0.3871
Performance Metrics:
RMSE (test data): 0.6585071086883545
MAE (test data): 0.5868996381759644
MAPE (test data): 96.96093201637268
MSE (test data): 0.4336315989494324
R2 (test data): 0.9999645368970717
loss (test data): 0.433631596756845
Epoch 1/10, Loss: 1.0910
Epoch 2/10, Loss: 1.0099
Epoch 3/10, Loss: 5.8905
Epoch 4/10, Loss: 0.1558
Epoch 5/10, Loss: 0.5220
Epoch 6/10, Loss: 2.9672
Epoch 7/10, Loss: 0.6027
Epoch 8/10, Loss: 0.8270
Epoch 9/10, Loss: 0.4341
Epoch 10/10, Loss: 4.5184
Performance Metrics:
RMSE (test data): 3.4001212120056152
MAE (test data): 2.958491325378418
MAPE (test data): 98.21779131889343
MSE (test data): 11.560824394226074
R2 (test data): 0.9990545368244917
loss (test data): 11.560824600126896
Epoch 1/10, Loss: 2.5943
Epoch 2/10, Loss: 0.8669
Epoch 3/10, Loss: 0.1366
Epoch 4/10, Loss: 12.2192
Epoch 5/10, Loss: 17.4115
Epoch 6/10, Loss: 0.6987
Epoch 7/10, Loss: 0.2017
Epoch 8/10, Loss: 0.1250
Epoch 9/10, Loss: 0.1073
Epoch 10/10, Loss: 0.1806
Performance Metrics:
RMSE (test data): 0.4717245101928711
MAE (test data): 0.3523264527320862
MAPE (test data): 96.53332233428955
MSE (test data): 0.2225240021944046
R2 (test data): 0.9999818016217144
loss (test data): 0.22252400826196855
Epoch 1/10, Loss: 0.1297
Epoch 2/10, Loss: 0.1370
Epoch 3/10, Loss: 0.1210
Epoch 4/10, Loss: 0.1734
Epoch 5/10, Loss: 0.9569
Epoch 6/10, Loss: 2.6137
Epoch 7/10, Loss: 0.4719
Epoch 8/10, Loss: 0.4664
Epoch 9/10, Loss: 3.7215
Epoch 10/10, Loss: 0.7036
Performance Metrics:
RMSE (test data): 0.43888038396835327
MAE (test data): 0.32752618193626404
MAPE (test data): 96.82599306106567
MSE (test data): 0.19261598587036133
R2 (test data): 0.9999842475494187
loss (test data): 0.19261598189418844
Epoch 1/10, Loss: 0.6243
Epoch 2/10, Loss: 1.6612
Epoch 3/10, Loss: 9.6186
Epoch 4/10, Loss: 0.1535
Epoch 5/10, Loss: 0.1800
Epoch 6/10, Loss: 0.1263
Epoch 7/10, Loss: 0.2315
Epoch 8/10, Loss: 0.6450
Epoch 9/10, Loss: 0.7570
Epoch 10/10, Loss: 0.7407
Performance Metrics:
RMSE (test data): 0.8099943995475769
MAE (test data): 0.6456947922706604
MAPE (test data): 96.38528227806091
MSE (test data): 0.6560909748077393
R2 (test data): 0.9999463438089421
loss (test data): 0.6560909274141196
Epoch 1/10, Loss: 1.7899
Epoch 2/10, Loss: 2.5069
Epoch 3/10, Loss: 5.7540
Epoch 4/10, Loss: 0.9521
Epoch 5/10, Loss: 1.1886
Epoch 6/10, Loss: 0.2603
Epoch 7/10, Loss: 0.1320
Epoch 8/10, Loss: 0.4750
Epoch 9/10, Loss: 3.5015
Epoch 10/10, Loss: 2.0811
Performance Metrics:
RMSE (test data): 0.5701276659965515
MAE (test data): 0.41698911786079407
MAPE (test data): 96.86710834503174
MSE (test data): 0.32504552602767944
R2 (test data): 0.9999734172454277
loss (test data): 0.32504550758464634
Epoch 1/10, Loss: 0.7694
Epoch 2/10, Loss: 0.6533
Epoch 3/10, Loss: 2.2153
Epoch 4/10, Loss: 0.4280
Epoch 5/10, Loss: 0.7207
Epoch 6/10, Loss: 1.5989
Epoch 7/10, Loss: 5.8284
Epoch 8/10, Loss: 9.9927
Epoch 9/10, Loss: 0.2661
Epoch 10/10, Loss: 0.1266
Performance Metrics:
RMSE (test data): 0.41728344559669495
MAE (test data): 0.29867953062057495
MAPE (test data): 96.54399156570435
MSE (test data): 0.17412546277046204
R2 (test data): 0.9999857597354883
loss (test data): 0.17412544845961284
Epoch 1/10, Loss: 0.2465
Epoch 2/10, Loss: 0.1845
Epoch 3/10, Loss: 0.1492
Epoch 4/10, Loss: 0.3204
Epoch 5/10, Loss: 0.4967
Epoch 6/10, Loss: 1.2245
Epoch 7/10, Loss: 2.1501
Epoch 8/10, Loss: 5.2316
Epoch 9/10, Loss: 1.3836
Epoch 10/10, Loss: 0.6476
Performance Metrics:
RMSE (test data): 0.9139904975891113
MAE (test data): 0.8356724977493286
MAPE (test data): 97.04784154891968
MSE (test data): 0.8353785872459412
R2 (test data): 0.9999316813648423
loss (test data): 0.8353786513369571
Epoch 1/10, Loss: 0.1255
Epoch 2/10, Loss: 0.3985
Epoch 3/10, Loss: 56.4701
Epoch 4/10, Loss: 1.4165
Epoch 5/10, Loss: 0.2469
Epoch 6/10, Loss: 0.1247
Epoch 7/10, Loss: 0.1374
Epoch 8/10, Loss: 0.0739
Epoch 9/10, Loss: 0.0849
Epoch 10/10, Loss: 0.0617
Performance Metrics:
RMSE (test data): 0.6857799291610718
MAE (test data): 0.5433512926101685
MAPE (test data): 96.96107506752014
MSE (test data): 0.47029414772987366
R2 (test data): 0.9999615385748607
loss (test data): 0.4702941364549147
Epoch 1/10, Loss: 0.1297
Epoch 2/10, Loss: 0.0623
Epoch 3/10, Loss: 0.0932
Epoch 4/10, Loss: 0.0980
Epoch 5/10, Loss: 0.0593
Epoch 6/10, Loss: 0.1047
Epoch 7/10, Loss: 0.3897
Epoch 8/10, Loss: 0.4234
Epoch 9/10, Loss: 0.4115
Epoch 10/10, Loss: 11.4038
Performance Metrics:
RMSE (test data): 0.9823429584503174
MAE (test data): 0.8394806981086731
MAPE (test data): 97.07872271537781
MSE (test data): 0.9649976491928101
R2 (test data): 0.9999210809110253
loss (test data): 0.9649976320231642
Epoch 1/10, Loss: 1.5096
Epoch 2/10, Loss: 0.0975
Epoch 3/10, Loss: 0.0658
Epoch 4/10, Loss: 0.0823
Epoch 5/10, Loss: 0.5713
Epoch 6/10, Loss: 1.4130
Epoch 7/10, Loss: 1.4797
Epoch 8/10, Loss: 0.4286
Epoch 9/10, Loss: 0.5398
Epoch 10/10, Loss: 8.5763
Performance Metrics:
RMSE (test data): 0.6273607015609741
MAE (test data): 0.4698796570301056
MAPE (test data): 96.73945307731628
MSE (test data): 0.39358144998550415
R2 (test data): 0.9999678122633986
loss (test data): 0.3935814580474793
Epoch 1/10, Loss: 0.3182
Epoch 2/10, Loss: 0.2314
Epoch 3/10, Loss: 2.2284
Epoch 4/10, Loss: 1.9607
Epoch 5/10, Loss: 0.2032
Epoch 6/10, Loss: 0.1508
Epoch 7/10, Loss: 0.2750
Epoch 8/10, Loss: 0.1314
Epoch 9/10, Loss: 1.5245
Epoch 10/10, Loss: 3.8052
Performance Metrics:
RMSE (test data): 1.3321505784988403
MAE (test data): 1.1447813510894775
MAPE (test data): 97.25517630577087
MSE (test data): 1.7746251821517944
R2 (test data): 0.9998548682424054
loss (test data): 1.7746251966566033
Epoch 1/10, Loss: 0.8230
Epoch 2/10, Loss: 0.9810
Epoch 3/10, Loss: 0.1512
Epoch 4/10, Loss: 2.8904
Epoch 5/10, Loss: 0.4225
Epoch 6/10, Loss: 0.7525
Epoch 7/10, Loss: 4.8334
Epoch 8/10, Loss: 0.9226
Epoch 9/10, Loss: 0.3545
Epoch 10/10, Loss: 1.9109
Performance Metrics:
RMSE (test data): 0.5457022786140442
MAE (test data): 0.446188747882843
MAPE (test data): 96.87511324882507
MSE (test data): 0.2977909743785858
R2 (test data): 0.9999756461652972
loss (test data): 0.2977909834019262
Epoch 1/10, Loss: 0.3292
Epoch 2/10, Loss: 5.4686
Epoch 3/10, Loss: 6.7026
Epoch 4/10, Loss: 0.5060
Epoch 5/10, Loss: 0.1929
Epoch 6/10, Loss: 0.1440
Epoch 7/10, Loss: 0.9671
Epoch 8/10, Loss: 0.1514
Epoch 9/10, Loss: 0.5341
Epoch 10/10, Loss: 0.8598
Performance Metrics:
RMSE (test data): 1.379465103149414
MAE (test data): 1.2465556859970093
MAPE (test data): 97.27778434753418
MSE (test data): 1.902923822402954
R2 (test data): 0.9998443757754518
loss (test data): 1.9029237551411196
Epoch 1/10, Loss: 1.0307
Epoch 2/10, Loss: 0.1335
Epoch 3/10, Loss: 15.6948
Epoch 4/10, Loss: 0.3838
Epoch 5/10, Loss: 0.1029
Epoch 6/10, Loss: 0.0917
Epoch 7/10, Loss: 0.0619
Epoch 8/10, Loss: 0.1421
Epoch 9/10, Loss: 0.0956
Epoch 10/10, Loss: 0.3143
Performance Metrics:
RMSE (test data): 0.9246934652328491
MAE (test data): 0.7568067312240601
MAPE (test data): 97.02734351158142
MSE (test data): 0.855057954788208
R2 (test data): 0.9999300719563792
loss (test data): 0.8550579796150436
Epoch 1/10, Loss: 2.2821
Epoch 2/10, Loss: 0.2793
Epoch 3/10, Loss: 0.2151
Epoch 4/10, Loss: 0.3669
Epoch 5/10, Loss: 1.9183
Epoch 6/10, Loss: 17.3754
Epoch 7/10, Loss: 0.6632
Epoch 8/10, Loss: 0.1307
Epoch 9/10, Loss: 0.1103
Epoch 10/10, Loss: 0.0905
Performance Metrics:
RMSE (test data): 0.5509002804756165
MAE (test data): 0.46132948994636536
MAPE (test data): 96.8934178352356
MSE (test data): 0.30349111557006836
R2 (test data): 0.9999751800018243
loss (test data): 0.3034910846798853
Epoch 1/10, Loss: 0.4462
Epoch 2/10, Loss: 0.1936
Epoch 3/10, Loss: 0.1022
Epoch 4/10, Loss: 0.5394
Epoch 5/10, Loss: 2.2224
Epoch 6/10, Loss: 12.1933
Epoch 7/10, Loss: 0.4776
Epoch 8/10, Loss: 0.0981
Epoch 9/10, Loss: 0.0731
Epoch 10/10, Loss: 0.1010
Performance Metrics:
RMSE (test data): 0.421134352684021
MAE (test data): 0.3228705823421478
MAPE (test data): 96.53034806251526
MSE (test data): 0.1773541420698166
R2 (test data): 0.999985495688435
loss (test data): 0.17735413261639174
Epoch 1/10, Loss: 0.1752
Epoch 2/10, Loss: 0.0898
Epoch 3/10, Loss: 0.3396
Epoch 4/10, Loss: 4.0955
Epoch 5/10, Loss: 2.5653
Epoch 6/10, Loss: 0.2410
Epoch 7/10, Loss: 0.6916
Epoch 8/10, Loss: 0.1957
Epoch 9/10, Loss: 0.4756
Epoch 10/10, Loss: 0.7110
Performance Metrics:
RMSE (test data): 0.3153366148471832
MAE (test data): 0.2403942346572876
MAPE (test data): 96.72656655311584
MSE (test data): 0.0994371846318245
R2 (test data): 0.9999918678638963
loss (test data): 0.09943718851734233
Epoch 1/10, Loss: 4.6137
Epoch 2/10, Loss: 1.0485
Epoch 3/10, Loss: 0.2619
Epoch 4/10, Loss: 0.7605
Epoch 5/10, Loss: 1.0075
Epoch 6/10, Loss: 0.1000
Epoch 7/10, Loss: 4.8896
Epoch 8/10, Loss: 1.3261
Epoch 9/10, Loss: 0.1471
Epoch 10/10, Loss: 0.2963
Performance Metrics:
RMSE (test data): 0.24899904429912567
MAE (test data): 0.14910979568958282
MAPE (test data): 96.64357900619507
MSE (test data): 0.06200052425265312
R2 (test data): 0.9999949294955917
loss (test data): 0.062000522875961236
Epoch 1/10, Loss: 2.2436
Epoch 2/10, Loss: 0.5079
Epoch 3/10, Loss: 2.1437
Epoch 4/10, Loss: 1.8330
Epoch 5/10, Loss: 1.4391
Epoch 6/10, Loss: 0.1451
Epoch 7/10, Loss: 0.3683
Epoch 8/10, Loss: 2.1225
Epoch 9/10, Loss: 0.5668
Epoch 10/10, Loss: 10.0484
Performance Metrics:
RMSE (test data): 1.6329209804534912
MAE (test data): 1.3208305835723877
MAPE (test data): 97.4208116531372
MSE (test data): 2.666430950164795
R2 (test data): 0.9997819349102112
loss (test data): 2.666430919974553
Epoch 1/10, Loss: 0.4230
Epoch 2/10, Loss: 0.2392
Epoch 3/10, Loss: 0.3619
Epoch 4/10, Loss: 0.1169
Epoch 5/10, Loss: 0.1696
Epoch 6/10, Loss: 0.6647
Epoch 7/10, Loss: 0.8987
Epoch 8/10, Loss: 1.9117
Epoch 9/10, Loss: 2.4039
Epoch 10/10, Loss: 0.5090
Performance Metrics:
RMSE (test data): 0.25284311175346375
MAE (test data): 0.16629119217395782
MAPE (test data): 96.65306210517883
MSE (test data): 0.06392963975667953
R2 (test data): 0.9999947717296103
loss (test data): 0.06392963635816909
Epoch 1/10, Loss: 0.1978
Epoch 2/10, Loss: 2.8374
Epoch 3/10, Loss: 0.1834
Epoch 4/10, Loss: 1.2976
Epoch 5/10, Loss: 3.5739
Epoch 6/10, Loss: 0.1691
Epoch 7/10, Loss: 0.0760
Epoch 8/10, Loss: 0.2857
DEBUG flwr 2024-03-10 08:09:10,079 | connection.py:141 | gRPC channel closed
INFO flwr 2024-03-10 08:09:10,079 | app.py:304 | Disconnect and shut down
Epoch 9/10, Loss: 1.0386
Epoch 10/10, Loss: 1.1157
Performance Metrics:
RMSE (test data): 0.559882402420044
MAE (test data): 0.49169421195983887
MAPE (test data): 96.87182903289795
MSE (test data): 0.313468337059021
R2 (test data): 0.999974364044776
loss (test data): 0.3134683473304496
Epoch 1/10, Loss: 24.3673
Epoch 2/10, Loss: 0.3922
Epoch 3/10, Loss: 0.1701
Epoch 4/10, Loss: 0.1098
Epoch 5/10, Loss: 0.1781
Epoch 6/10, Loss: 0.0781
Epoch 7/10, Loss: 0.0887
Epoch 8/10, Loss: 0.0987
Epoch 9/10, Loss: 0.2196
Epoch 10/10, Loss: 0.3415
Performance Metrics:
RMSE (test data): 0.3316124379634857
MAE (test data): 0.2725582420825958
MAPE (test data): 96.78843021392822
MSE (test data): 0.10996679961681366
R2 (test data): 0.9999910067343883
loss (test data): 0.10996680515309681
Epoch 1/10, Loss: 0.2447
Epoch 2/10, Loss: 0.1515
Epoch 3/10, Loss: 0.4511
Epoch 4/10, Loss: 5.8642
Epoch 5/10, Loss: 0.3469
Epoch 6/10, Loss: 0.2846
Epoch 7/10, Loss: 0.1480
Epoch 8/10, Loss: 0.1813
Epoch 9/10, Loss: 3.1957
Epoch 10/10, Loss: 5.0297
Performance Metrics:
RMSE (test data): 1.147955298423767
MAE (test data): 1.0513510704040527
MAPE (test data): 97.15428948402405
MSE (test data): 1.3178012371063232
R2 (test data): 0.9998922280528655
loss (test data): 1.317801251880989
Epoch 1/10, Loss: 0.6638
Epoch 2/10, Loss: 0.0997
Epoch 3/10, Loss: 0.1190
Epoch 4/10, Loss: 0.2157
Epoch 5/10, Loss: 0.5406
Epoch 6/10, Loss: 0.4147
Epoch 7/10, Loss: 2.2027
Epoch 8/10, Loss: 2.4459
Epoch 9/10, Loss: 0.4007
Epoch 10/10, Loss: 6.6374
Performance Metrics:
RMSE (test data): 0.3084571659564972
MAE (test data): 0.1951272189617157
MAPE (test data): 96.66791558265686
MSE (test data): 0.0951458290219307
R2 (test data): 0.9999922188179777
loss (test data): 0.09514583142323553
Epoch 1/10, Loss: 0.1078
Epoch 2/10, Loss: 0.1176
Epoch 3/10, Loss: 0.1091
Epoch 4/10, Loss: 0.8981
Epoch 5/10, Loss: 0.0860
Epoch 6/10, Loss: 0.4074
Epoch 7/10, Loss: 0.5086
Epoch 8/10, Loss: 0.5054
Epoch 9/10, Loss: 0.9912
Epoch 10/10, Loss: 9.3532
Performance Metrics:
RMSE (test data): 0.2704089283943176
MAE (test data): 0.15852795541286469
MAPE (test data): 96.69772982597351
MSE (test data): 0.07312099635601044
R2 (test data): 0.9999940200451498
loss (test data): 0.07312099551903237
Epoch 1/10, Loss: 0.1417
Epoch 2/10, Loss: 0.0793
Epoch 3/10, Loss: 0.1743
Epoch 4/10, Loss: 0.1359
Epoch 5/10, Loss: 3.1111
Epoch 6/10, Loss: 4.9536
Epoch 7/10, Loss: 0.3187
Epoch 8/10, Loss: 0.1171
Epoch 9/10, Loss: 0.3397
Epoch 10/10, Loss: 0.6476
Performance Metrics:
RMSE (test data): 0.6143105030059814
MAE (test data): 0.4208020865917206
MAPE (test data): 96.79376482963562
MSE (test data): 0.3773774206638336
R2 (test data): 0.9999691374558968
loss (test data): 0.3773774242225716
Epoch 1/10, Loss: 0.1910
Epoch 2/10, Loss: 0.3542
Epoch 3/10, Loss: 6.9653
Epoch 4/10, Loss: 1.2287
Epoch 5/10, Loss: 0.1350
Epoch 6/10, Loss: 0.1023
Epoch 7/10, Loss: 0.1926
Epoch 8/10, Loss: 0.9981
Epoch 9/10, Loss: 2.3672
Epoch 10/10, Loss: 1.9365
Performance Metrics:
RMSE (test data): 0.31877341866493225
MAE (test data): 0.23470082879066467
MAPE (test data): 96.66833877563477
MSE (test data): 0.10161648690700531
R2 (test data): 0.9999916896375931
loss (test data): 0.10161648162371302
Epoch 1/10, Loss: 0.3830
Epoch 2/10, Loss: 0.3221
Epoch 3/10, Loss: 4.0764
Epoch 4/10, Loss: 0.5152
Epoch 5/10, Loss: 0.3056
Epoch 6/10, Loss: 0.0849
Epoch 7/10, Loss: 0.1740
Epoch 8/10, Loss: 7.9762
Epoch 9/10, Loss: 3.6408
Epoch 10/10, Loss: 2.3377
Performance Metrics:
RMSE (test data): 0.4285486340522766
MAE (test data): 0.3507317304611206
MAPE (test data): 96.8364953994751
MSE (test data): 0.18365393579006195
R2 (test data): 0.9999849804798187
loss (test data): 0.1836539391042421
Epoch 1/10, Loss: 0.1151
Epoch 2/10, Loss: 0.0538
Epoch 3/10, Loss: 0.1290
Epoch 4/10, Loss: 0.0394
Epoch 5/10, Loss: 0.1443
Epoch 6/10, Loss: 4.4144
Epoch 7/10, Loss: 0.5465
Epoch 8/10, Loss: 0.1124
Epoch 9/10, Loss: 0.0748
Epoch 10/10, Loss: 3.1966
Performance Metrics:
RMSE (test data): 0.7197834253311157
MAE (test data): 0.5882706046104431
MAPE (test data): 96.40573263168335
MSE (test data): 0.518088161945343
R2 (test data): 0.9999576299022427
loss (test data): 0.518088145585268
Epoch 1/10, Loss: 0.2980
Epoch 2/10, Loss: 0.1592
Epoch 3/10, Loss: 1.3956
Epoch 4/10, Loss: 1.0445
Epoch 5/10, Loss: 0.6891
Epoch 6/10, Loss: 1.1220
Epoch 7/10, Loss: 1.1866
Epoch 8/10, Loss: 0.5595
Epoch 9/10, Loss: 10.6978
Epoch 10/10, Loss: 0.5064
Performance Metrics:
RMSE (test data): 0.2831594944000244
MAE (test data): 0.18101423978805542
MAPE (test data): 96.64061069488525
MSE (test data): 0.08017929643392563
R2 (test data): 0.9999934428061482
loss (test data): 0.08017929138675813
Epoch 1/10, Loss: 0.1124
Epoch 2/10, Loss: 0.0706
Epoch 3/10, Loss: 0.0599
Epoch 4/10, Loss: 0.3335
Epoch 5/10, Loss: 0.2857
Epoch 6/10, Loss: 3.8722
Epoch 7/10, Loss: 0.1483
Epoch 8/10, Loss: 0.0764
Epoch 9/10, Loss: 0.9068
Epoch 10/10, Loss: 15.4120
Performance Metrics:
RMSE (test data): 0.29777419567108154
MAE (test data): 0.17624390125274658
MAPE (test data): 96.71075344085693
MSE (test data): 0.08866947144269943
R2 (test data): 0.9999927484651652
loss (test data): 0.0886694728446904
Epoch 1/10, Loss: 0.0597
Epoch 2/10, Loss: 0.0534
Epoch 3/10, Loss: 0.0414
Epoch 4/10, Loss: 0.0741
Epoch 5/10, Loss: 0.0470
Epoch 6/10, Loss: 0.0448
Epoch 7/10, Loss: 0.0529
Epoch 8/10, Loss: 0.1164
Epoch 9/10, Loss: 0.2442
Epoch 10/10, Loss: 0.5104
Performance Metrics:
RMSE (test data): 0.2508806586265564
MAE (test data): 0.14457054436206818
MAPE (test data): 96.69283628463745
MSE (test data): 0.06294111162424088
R2 (test data): 0.9999948525728426
loss (test data): 0.06294111020064026
Epoch 1/10, Loss: 0.4408
Epoch 2/10, Loss: 2.6858
Epoch 3/10, Loss: 2.3106
Epoch 4/10, Loss: 4.5697
Epoch 5/10, Loss: 0.2055
Epoch 6/10, Loss: 0.1501
Epoch 7/10, Loss: 0.0840
Epoch 8/10, Loss: 0.0716
Epoch 9/10, Loss: 0.2035
Epoch 10/10, Loss: 0.4963
Performance Metrics:
RMSE (test data): 0.40772420167922974
MAE (test data): 0.2877025902271271
MAPE (test data): 96.61803245544434
MSE (test data): 0.16623902320861816
R2 (test data): 0.9999864047004984
loss (test data): 0.1662390193926728
Epoch 1/10, Loss: 1.8280
Epoch 2/10, Loss: 2.8513
Epoch 3/10, Loss: 2.4773
Epoch 4/10, Loss: 0.2857
Epoch 5/10, Loss: 0.4274
Epoch 6/10, Loss: 0.0923
Epoch 7/10, Loss: 0.4723
Epoch 8/10, Loss: 0.6424
Epoch 9/10, Loss: 5.2963
Epoch 10/10, Loss: 7.6063
Performance Metrics:
RMSE (test data): 0.2718822956085205
MAE (test data): 0.16739621758460999
MAPE (test data): 96.63491249084473
MSE (test data): 0.07391998916864395
R2 (test data): 0.9999939547021192
loss (test data): 0.07391998911804579
Epoch 1/10, Loss: 0.0654
Epoch 2/10, Loss: 0.0688
Epoch 3/10, Loss: 0.0919
Epoch 4/10, Loss: 0.0981
Epoch 5/10, Loss: 0.3325
Epoch 6/10, Loss: 0.6871
Epoch 7/10, Loss: 0.6670
Epoch 8/10, Loss: 4.7458
Epoch 9/10, Loss: 0.1899
Epoch 10/10, Loss: 0.1220
Performance Metrics:
RMSE (test data): 0.23100008070468903
MAE (test data): 0.15890002250671387
MAPE (test data): 96.71891331672668
MSE (test data): 0.053361039608716965
R2 (test data): 0.9999956360466902
loss (test data): 0.0533610400567216
Epoch 1/10, Loss: 0.1400
Epoch 2/10, Loss: 0.1771
Epoch 3/10, Loss: 0.6626
Epoch 4/10, Loss: 4.1257
Epoch 5/10, Loss: 0.3360
Epoch 6/10, Loss: 0.4079
Epoch 7/10, Loss: 0.7959
Epoch 8/10, Loss: 0.4485
Epoch 9/10, Loss: 0.8372
Epoch 10/10, Loss: 2.9284
Performance Metrics:
RMSE (test data): 0.6447866559028625
MAE (test data): 0.4869295358657837
MAPE (test data): 96.8882143497467
MSE (test data): 0.41574981808662415
R2 (test data): 0.9999659992983032
loss (test data): 0.4157498250438726
Epoch 1/10, Loss: 1.7600
Epoch 2/10, Loss: 0.1796
Epoch 3/10, Loss: 0.2307
Epoch 4/10, Loss: 0.8681
Epoch 5/10, Loss: 0.1851
Epoch 6/10, Loss: 2.7123
Epoch 7/10, Loss: 1.8739
Epoch 8/10, Loss: 0.3109
Epoch 9/10, Loss: 0.1187
Epoch 10/10, Loss: 0.9408
Performance Metrics:
RMSE (test data): 0.3096773624420166
MAE (test data): 0.2460390031337738
MAPE (test data): 96.75324559211731
MSE (test data): 0.09590007364749908
R2 (test data): 0.9999921571348065
loss (test data): 0.09590007277468064
wandb: - 0.001 MB of 0.001 MB uploadedwandb: \ 0.001 MB of 0.001 MB uploadedwandb: | 0.001 MB of 0.001 MB uploadedwandb: / 0.007 MB of 0.059 MB uploaded (0.004 MB deduped)wandb: - 0.068 MB of 0.068 MB uploaded (0.004 MB deduped)wandb: 
wandb: Run history:
wandb: Communication Time ▅▂▄█▂▄▂▃▃▅▂▂▂▃▂▂▁▁▁▁▁▁▁▁▂▁▂▁▂▁▂▃▂▁▁▁▁▁▂▄
wandb:    MAE (test data) █▁▁▁▁▁▁▁▁▁▁▁▁▁▁▁▁▁▁▁▁▁▁▁▁▁▁▁▁▁▁▁▁▁▁▁▁▁▁▁
wandb:   MAPE (test data) ▁███████████████████████████████████████
wandb:    MSE (test data) █▁▁▁▁▁▁▁▁▁▁▁▁▁▁▁▁▁▁▁▁▁▁▁▁▁▁▁▁▁▁▁▁▁▁▁▁▁▁▁
wandb:     R2 (test data) ▁███████████████████████████████████████
wandb:   RMSE (test data) █▁▁▁▁▁▁▁▁▁▁▁▁▁▁▁▁▁▁▁▁▁▁▁▁▁▁▁▁▁▁▁▁▁▁▁▁▁▁▁
wandb:    loss(test data) █▁▁▁▁▁▁▁▁▁▁▁▁▁▁▁▁▁▁▁▁▁▁▁▁▁▁▁▁▁▁▁▁▁▁▁▁▁▁▁
wandb: 
wandb: Run summary:
wandb: Communication Time 0.97237
wandb:    MAE (test data) 0.24604
wandb:   MAPE (test data) 96.75325
wandb:    MSE (test data) 0.0959
wandb:     R2 (test data) 0.99999
wandb:   RMSE (test data) 0.30968
wandb:    loss(test data) 0.0959
wandb: 
wandb: 🚀 View run swept-hill-8 at: https://wandb.ai/digitalai/CFL9/runs/3suhxxhi
wandb: ️⚡ View job at https://wandb.ai/digitalai/CFL9/jobs/QXJ0aWZhY3RDb2xsZWN0aW9uOjE0NzM1NzYzNA==/version_details/v1
wandb: Synced 6 W&B file(s), 0 media file(s), 2 artifact file(s) and 0 other file(s)
wandb: Find logs at: ./wandb/run-20240310_080708-3suhxxhi/logs
