wandb: Currently logged in as: longyunbo218 (digitalai). Use `wandb login --relogin` to force relogin
wandb: wandb version 0.16.4 is available!  To upgrade, please run:
wandb:  $ pip install wandb --upgrade
wandb: Tracking run with wandb version 0.16.2
wandb: Run data is saved locally in /Users/yunbo/Documents/GitHub/PFL_Optimiozation/Model_training/9_clusters/wandb/run-20240310_081146-925sshn3
wandb: Run `wandb offline` to turn off syncing.
wandb: Syncing run easy-lake-11
wandb: ⭐️ View project at https://wandb.ai/digitalai/CFL9
wandb: 🚀 View run at https://wandb.ai/digitalai/CFL9/runs/925sshn3
INFO flwr 2024-03-10 08:11:53,320 | grpc.py:52 | Opened insecure gRPC connection (no certificates were passed)
DEBUG flwr 2024-03-10 08:11:53,321 | connection.py:42 | ChannelConnectivity.IDLE
DEBUG flwr 2024-03-10 08:11:53,327 | connection.py:42 | ChannelConnectivity.READY
Epoch 1/10, Loss: 20034.9386
Epoch 2/10, Loss: 3934.4692
Epoch 3/10, Loss: 2992.6506
Epoch 4/10, Loss: 2722.2585
Epoch 5/10, Loss: 2507.1231
Epoch 6/10, Loss: 2614.5767
Epoch 7/10, Loss: 2395.3874
Epoch 8/10, Loss: 2182.5762
Epoch 9/10, Loss: 2134.0334
Epoch 10/10, Loss: 2212.0034
Performance Metrics:
RMSE (test data): 60.80393600463867
MAE (test data): 46.592201232910156
MAPE (test data): 70.05181312561035
MSE (test data): 3697.11865234375
R2 (test data): 0.6905121844689261
loss (test data): 3697.1185013289305
Epoch 1/10, Loss: 329.8045
Epoch 2/10, Loss: 55.5639
Epoch 3/10, Loss: 41.0841
Epoch 4/10, Loss: 33.2489
Epoch 5/10, Loss: 29.2592
Epoch 6/10, Loss: 26.6840
Epoch 7/10, Loss: 21.7470
Epoch 8/10, Loss: 20.4286
Epoch 9/10, Loss: 14.7661
Epoch 10/10, Loss: 13.2301
Performance Metrics:
RMSE (test data): 6.579566955566406
MAE (test data): 5.156991004943848
MAPE (test data): 93.05797219276428
MSE (test data): 43.29069900512695
R2 (test data): 0.9963761121503791
loss (test data): 43.290696842154276
Epoch 1/10, Loss: 21.2245
Epoch 2/10, Loss: 8.3391
Epoch 3/10, Loss: 6.1482
Epoch 4/10, Loss: 5.2404
Epoch 5/10, Loss: 5.0307
Epoch 6/10, Loss: 3.9660
Epoch 7/10, Loss: 4.0133
Epoch 8/10, Loss: 3.6253
Epoch 9/10, Loss: 3.1605
Epoch 10/10, Loss: 3.6607
Performance Metrics:
RMSE (test data): 4.388973712921143
MAE (test data): 3.2519428730010986
MAPE (test data): 94.06996369361877
MSE (test data): 19.26308822631836
R2 (test data): 0.9983874763671091
loss (test data): 19.263089028584588
Epoch 1/10, Loss: 6.9867
Epoch 2/10, Loss: 2.7415
Epoch 3/10, Loss: 2.6569
Epoch 4/10, Loss: 2.0012
Epoch 5/10, Loss: 1.5841
Epoch 6/10, Loss: 1.7821
Epoch 7/10, Loss: 1.4134
Epoch 8/10, Loss: 1.5212
Epoch 9/10, Loss: 2.5425
Epoch 10/10, Loss: 1.6331
Performance Metrics:
RMSE (test data): 13.793688774108887
MAE (test data): 11.34321403503418
MAPE (test data): 88.3368194103241
MSE (test data): 190.26585388183594
R2 (test data): 0.9840727420253087
loss (test data): 190.26584718055332
Epoch 1/10, Loss: 13.4895
Epoch 2/10, Loss: 2.0075
Epoch 3/10, Loss: 1.4488
Epoch 4/10, Loss: 1.2148
Epoch 5/10, Loss: 3.9203
Epoch 6/10, Loss: 1.8727
Epoch 7/10, Loss: 1.3161
Epoch 8/10, Loss: 1.1004
Epoch 9/10, Loss: 1.1004
Epoch 10/10, Loss: 1.8411
Performance Metrics:
RMSE (test data): 5.168356895446777
MAE (test data): 3.772709846496582
MAPE (test data): 91.85145497322083
MSE (test data): 26.7119140625
R2 (test data): 0.9977639311965204
loss (test data): 26.711912253468306
Epoch 1/10, Loss: 26.7683
Epoch 2/10, Loss: 8.8190
Epoch 3/10, Loss: 4.1732
Epoch 4/10, Loss: 1.9839
Epoch 5/10, Loss: 1.6219
Epoch 6/10, Loss: 1.4012
Epoch 7/10, Loss: 1.6406
Epoch 8/10, Loss: 1.1566
Epoch 9/10, Loss: 14.0194
Epoch 10/10, Loss: 4.3146
Performance Metrics:
RMSE (test data): 4.600986957550049
MAE (test data): 3.538113832473755
MAPE (test data): 94.94320154190063
MSE (test data): 21.169082641601562
R2 (test data): 0.9982279245665936
loss (test data): 21.16908189046014
Epoch 1/10, Loss: 22.0920
Epoch 2/10, Loss: 4.3115
Epoch 3/10, Loss: 6.6322
Epoch 4/10, Loss: 4.4705
Epoch 5/10, Loss: 2.6418
Epoch 6/10, Loss: 2.6632
Epoch 7/10, Loss: 1.9034
Epoch 8/10, Loss: 2.4417
Epoch 9/10, Loss: 1.3871
Epoch 10/10, Loss: 2.7563
Performance Metrics:
RMSE (test data): 6.010706424713135
MAE (test data): 4.673201084136963
MAPE (test data): 96.21228575706482
MSE (test data): 36.12859344482422
R2 (test data): 0.9969756561482807
loss (test data): 36.12858855257329
Epoch 1/10, Loss: 14.3687
Epoch 2/10, Loss: 1.8871
Epoch 3/10, Loss: 2.0053
Epoch 4/10, Loss: 5.8507
Epoch 5/10, Loss: 5.2243
Epoch 6/10, Loss: 9.2262
Epoch 7/10, Loss: 5.8951
Epoch 8/10, Loss: 14.6917
Epoch 9/10, Loss: 2.8956
Epoch 10/10, Loss: 1.7866
Performance Metrics:
RMSE (test data): 6.112903594970703
MAE (test data): 4.977419853210449
MAPE (test data): 96.10452055931091
MSE (test data): 37.367591857910156
R2 (test data): 0.9968719386698304
loss (test data): 37.36758923088152
Epoch 1/10, Loss: 11.3704
Epoch 2/10, Loss: 2.6201
Epoch 3/10, Loss: 2.3005
Epoch 4/10, Loss: 9.1672
Epoch 5/10, Loss: 6.7190
Epoch 6/10, Loss: 1.7014
Epoch 7/10, Loss: 2.8450
Epoch 8/10, Loss: 91.9472
Epoch 9/10, Loss: 191.2286
Epoch 10/10, Loss: 13.0293
Performance Metrics:
RMSE (test data): 4.678398609161377
MAE (test data): 3.319070339202881
MAPE (test data): 94.90299224853516
MSE (test data): 21.887414932250977
R2 (test data): 0.9981677924187109
loss (test data): 21.887416678359827
Epoch 1/10, Loss: 5.8035
Epoch 2/10, Loss: 1.8222
Epoch 3/10, Loss: 0.6642
Epoch 4/10, Loss: 0.8092
Epoch 5/10, Loss: 0.8663
Epoch 6/10, Loss: 0.8504
Epoch 7/10, Loss: 0.5112
Epoch 8/10, Loss: 0.5534
Epoch 9/10, Loss: 0.5453
Epoch 10/10, Loss: 0.8013
Performance Metrics:
RMSE (test data): 3.8013360500335693
MAE (test data): 2.6875483989715576
MAPE (test data): 94.78534460067749
MSE (test data): 14.450155258178711
R2 (test data): 0.9987903695958704
loss (test data): 14.450155346663957
Epoch 1/10, Loss: 10.1856
Epoch 2/10, Loss: 0.8344
Epoch 3/10, Loss: 0.4184
Epoch 4/10, Loss: 0.6664
Epoch 5/10, Loss: 0.9455
Epoch 6/10, Loss: 0.8858
Epoch 7/10, Loss: 2.1191
Epoch 8/10, Loss: 1.0034
Epoch 9/10, Loss: 0.8193
Epoch 10/10, Loss: 0.8649
Performance Metrics:
RMSE (test data): 2.3062961101531982
MAE (test data): 1.7290955781936646
MAPE (test data): 93.45422387123108
MSE (test data): 5.3190016746521
R2 (test data): 0.9995547434843742
loss (test data): 5.319001423943903
Epoch 1/10, Loss: 25.3409
Epoch 2/10, Loss: 8.1526
Epoch 3/10, Loss: 1.5439
Epoch 4/10, Loss: 1.7566
Epoch 5/10, Loss: 2.4760
Epoch 6/10, Loss: 1.7259
Epoch 7/10, Loss: 0.7454
Epoch 8/10, Loss: 1.0760
Epoch 9/10, Loss: 0.8285
Epoch 10/10, Loss: 0.7700
Performance Metrics:
RMSE (test data): 5.007070541381836
MAE (test data): 3.9373528957366943
MAPE (test data): 95.58454751968384
MSE (test data): 25.070755004882812
R2 (test data): 0.9979013132916885
loss (test data): 25.07075597625418
Epoch 1/10, Loss: 4.7065
Epoch 2/10, Loss: 5.1132
Epoch 3/10, Loss: 62.2809
Epoch 4/10, Loss: 6.9210
Epoch 5/10, Loss: 1.4291
Epoch 6/10, Loss: 1.1975
Epoch 7/10, Loss: 0.9625
Epoch 8/10, Loss: 1.6816
Epoch 9/10, Loss: 5.2645
Epoch 10/10, Loss: 3.3726
Performance Metrics:
RMSE (test data): 2.851982593536377
MAE (test data): 1.9225488901138306
MAPE (test data): 93.86563301086426
MSE (test data): 8.133804321289062
R2 (test data): 0.999319114786365
loss (test data): 8.133804446643161
Epoch 1/10, Loss: 11.2071
Epoch 2/10, Loss: 1.2722
Epoch 3/10, Loss: 5.8719
Epoch 4/10, Loss: 1.5414
Epoch 5/10, Loss: 0.6786
Epoch 6/10, Loss: 0.7660
Epoch 7/10, Loss: 2.2023
Epoch 8/10, Loss: 2.1993
Epoch 9/10, Loss: 13.0561
Epoch 10/10, Loss: 9.1327
Performance Metrics:
RMSE (test data): 3.0430610179901123
MAE (test data): 1.9534344673156738
MAPE (test data): 94.54033970832825
MSE (test data): 9.260220527648926
R2 (test data): 0.9992248219364716
loss (test data): 9.260220007552315
Epoch 1/10, Loss: 14.2434
Epoch 2/10, Loss: 28.7983
Epoch 3/10, Loss: 8.2399
Epoch 4/10, Loss: 6.1666
Epoch 5/10, Loss: 5.3619
Epoch 6/10, Loss: 0.7638
Epoch 7/10, Loss: 7.3772
Epoch 8/10, Loss: 3.5389
Epoch 9/10, Loss: 0.4604
Epoch 10/10, Loss: 0.3560
Performance Metrics:
RMSE (test data): 3.9343976974487305
MAE (test data): 2.7770047187805176
MAPE (test data): 95.03719806671143
MSE (test data): 15.479484558105469
R2 (test data): 0.9987042039779657
loss (test data): 15.479483569037054
Epoch 1/10, Loss: 15.5465
Epoch 2/10, Loss: 19.2120
Epoch 3/10, Loss: 1.8191
Epoch 4/10, Loss: 0.7099
Epoch 5/10, Loss: 2.2916
Epoch 6/10, Loss: 0.4018
Epoch 7/10, Loss: 0.5850
Epoch 8/10, Loss: 1.3236
Epoch 9/10, Loss: 4.3430
Epoch 10/10, Loss: 14.0587
Performance Metrics:
RMSE (test data): 2.3450613021850586
MAE (test data): 1.5775153636932373
MAPE (test data): 94.05587911605835
MSE (test data): 5.499312400817871
R2 (test data): 0.9995396495639939
loss (test data): 5.499312282345959
Epoch 1/10, Loss: 60.1763
Epoch 2/10, Loss: 1.8782
Epoch 3/10, Loss: 0.8795
Epoch 4/10, Loss: 1.5771
Epoch 5/10, Loss: 0.5391
Epoch 6/10, Loss: 0.4127
Epoch 7/10, Loss: 0.4480
Epoch 8/10, Loss: 1.4102
Epoch 9/10, Loss: 1.0012
Epoch 10/10, Loss: 1.5574
Performance Metrics:
RMSE (test data): 2.5222222805023193
MAE (test data): 1.6621333360671997
MAPE (test data): 94.18238997459412
MSE (test data): 6.361605167388916
R2 (test data): 0.9994674665908725
loss (test data): 6.361604706282468
Epoch 1/10, Loss: 29.2047
Epoch 2/10, Loss: 8.1873
Epoch 3/10, Loss: 0.5971
Epoch 4/10, Loss: 0.6636
Epoch 5/10, Loss: 0.9387
Epoch 6/10, Loss: 3.5038
Epoch 7/10, Loss: 1.3467
Epoch 8/10, Loss: 1.1154
Epoch 9/10, Loss: 1.8921
Epoch 10/10, Loss: 15.7246
Performance Metrics:
RMSE (test data): 2.7837960720062256
MAE (test data): 1.8252310752868652
MAPE (test data): 94.31926608085632
MSE (test data): 7.749520301818848
R2 (test data): 0.9993512834420285
loss (test data): 7.749520221198957
Epoch 1/10, Loss: 5.7582
Epoch 2/10, Loss: 12.3019
Epoch 3/10, Loss: 4.8545
Epoch 4/10, Loss: 2.8240
Epoch 5/10, Loss: 0.9605
Epoch 6/10, Loss: 3.3310
Epoch 7/10, Loss: 1.2361
Epoch 8/10, Loss: 0.6092
Epoch 9/10, Loss: 0.5271
Epoch 10/10, Loss: 2.1342
Performance Metrics:
RMSE (test data): 4.509983539581299
MAE (test data): 3.153249740600586
MAPE (test data): 95.3156590461731
MSE (test data): 20.33995246887207
R2 (test data): 0.9982973315127274
loss (test data): 20.3399523587571
Epoch 1/10, Loss: 84.7405
Epoch 2/10, Loss: 8.0564
Epoch 3/10, Loss: 0.8466
Epoch 4/10, Loss: 0.4283
Epoch 5/10, Loss: 0.5392
Epoch 6/10, Loss: 0.5176
Epoch 7/10, Loss: 3.9107
Epoch 8/10, Loss: 1.5874
Epoch 9/10, Loss: 0.6148
Epoch 10/10, Loss: 0.2774
Performance Metrics:
RMSE (test data): 2.740041971206665
MAE (test data): 1.785102128982544
MAPE (test data): 94.31836009025574
MSE (test data): 7.507830619812012
R2 (test data): 0.9993715153944398
loss (test data): 7.50783074418294
Epoch 1/10, Loss: 7.2801
Epoch 2/10, Loss: 0.7976
Epoch 3/10, Loss: 1.1074
Epoch 4/10, Loss: 3.4228
Epoch 5/10, Loss: 5.3741
Epoch 6/10, Loss: 61.2747
Epoch 7/10, Loss: 2.2589
Epoch 8/10, Loss: 0.7387
Epoch 9/10, Loss: 0.6220
Epoch 10/10, Loss: 0.3802
Performance Metrics:
RMSE (test data): 2.9104907512664795
MAE (test data): 1.827427864074707
MAPE (test data): 94.47503089904785
MSE (test data): 8.470956802368164
R2 (test data): 0.9992908915573737
loss (test data): 8.4709573377039
Epoch 1/10, Loss: 19.7611
Epoch 2/10, Loss: 1.9229
Epoch 3/10, Loss: 1.9771
Epoch 4/10, Loss: 1.1874
Epoch 5/10, Loss: 0.4257
Epoch 6/10, Loss: 0.3162
Epoch 7/10, Loss: 0.6328
Epoch 8/10, Loss: 0.4347
Epoch 9/10, Loss: 0.5747
Epoch 10/10, Loss: 0.5638
Performance Metrics:
RMSE (test data): 3.3120954036712646
MAE (test data): 2.1034910678863525
MAPE (test data): 94.64227557182312
MSE (test data): 10.969976425170898
R2 (test data): 0.9990816973150362
loss (test data): 10.969975909990133
Epoch 1/10, Loss: 238.5858
Epoch 2/10, Loss: 38.4579
Epoch 3/10, Loss: 1.7347
Epoch 4/10, Loss: 0.6856
Epoch 5/10, Loss: 0.4437
Epoch 6/10, Loss: 0.3700
Epoch 7/10, Loss: 0.3809
Epoch 8/10, Loss: 0.3134
Epoch 9/10, Loss: 0.2873
Epoch 10/10, Loss: 0.2940
Performance Metrics:
RMSE (test data): 3.101701259613037
MAE (test data): 2.0116047859191895
MAPE (test data): 94.52362060546875
MSE (test data): 9.620550155639648
R2 (test data): 0.9991946585251018
loss (test data): 9.620549880843802
Epoch 1/10, Loss: 3.3466
Epoch 2/10, Loss: 0.6353
Epoch 3/10, Loss: 0.2004
Epoch 4/10, Loss: 0.3031
Epoch 5/10, Loss: 0.3108
Epoch 6/10, Loss: 0.4223
Epoch 7/10, Loss: 0.1595
Epoch 8/10, Loss: 0.1872
Epoch 9/10, Loss: 0.1841
Epoch 10/10, Loss: 0.3429
Performance Metrics:
RMSE (test data): 3.444838047027588
MAE (test data): 2.147007942199707
MAPE (test data): 94.67867016792297
MSE (test data): 11.86690902709961
R2 (test data): 0.9990066146039337
loss (test data): 11.866908692822014
Epoch 1/10, Loss: 7.0710
Epoch 2/10, Loss: 1.5369
Epoch 3/10, Loss: 0.3491
Epoch 4/10, Loss: 0.2158
Epoch 5/10, Loss: 0.2596
Epoch 6/10, Loss: 0.1854
Epoch 7/10, Loss: 1.7976
Epoch 8/10, Loss: 2.2028
Epoch 9/10, Loss: 2.6283
Epoch 10/10, Loss: 0.4818
Performance Metrics:
RMSE (test data): 2.4209375381469727
MAE (test data): 1.665351390838623
MAPE (test data): 94.08414363861084
MSE (test data): 5.860938549041748
R2 (test data): 0.9995093776107147
loss (test data): 5.8609389162555185
Epoch 1/10, Loss: 9.1686
Epoch 2/10, Loss: 20.8919
Epoch 3/10, Loss: 5.5070
Epoch 4/10, Loss: 3.3080
Epoch 5/10, Loss: 0.6952
Epoch 6/10, Loss: 0.4672
Epoch 7/10, Loss: 0.2936
Epoch 8/10, Loss: 0.8514
Epoch 9/10, Loss: 0.4877
Epoch 10/10, Loss: 16.4312
Performance Metrics:
RMSE (test data): 3.4505860805511475
MAE (test data): 2.220707654953003
MAPE (test data): 94.7308361530304
MSE (test data): 11.90654468536377
R2 (test data): 0.9990032966797112
loss (test data): 11.906544370749563
Epoch 1/10, Loss: 3.5797
Epoch 2/10, Loss: 1.6033
Epoch 3/10, Loss: 2.7739
Epoch 4/10, Loss: 0.5042
Epoch 5/10, Loss: 3.5161
Epoch 6/10, Loss: 1.4972
Epoch 7/10, Loss: 6.4810
Epoch 8/10, Loss: 4.1990
Epoch 9/10, Loss: 1.9377
Epoch 10/10, Loss: 1.0604
Performance Metrics:
RMSE (test data): 2.790771722793579
MAE (test data): 1.7296885251998901
MAPE (test data): 94.36047673225403
MSE (test data): 7.7884063720703125
R2 (test data): 0.9993480282309528
loss (test data): 7.788406376556023
Epoch 1/10, Loss: 20.3823
Epoch 2/10, Loss: 20.2507
Epoch 3/10, Loss: 1.4907
Epoch 4/10, Loss: 1.2450
Epoch 5/10, Loss: 1.3106
Epoch 6/10, Loss: 0.7853
Epoch 7/10, Loss: 0.3043
Epoch 8/10, Loss: 0.3620
Epoch 9/10, Loss: 1.9135
Epoch 10/10, Loss: 5.5602
Performance Metrics:
RMSE (test data): 3.3438804149627686
MAE (test data): 2.1000442504882812
MAPE (test data): 94.70988512039185
MSE (test data): 11.181535720825195
R2 (test data): 0.999063987574037
loss (test data): 11.18153541997536
Epoch 1/10, Loss: 22.2520
Epoch 2/10, Loss: 1.8861
Epoch 3/10, Loss: 0.6043
Epoch 4/10, Loss: 0.4911
Epoch 5/10, Loss: 0.1964
Epoch 6/10, Loss: 0.2231
Epoch 7/10, Loss: 0.9277
Epoch 8/10, Loss: 26.9056
Epoch 9/10, Loss: 4.3848
Epoch 10/10, Loss: 0.4596
Performance Metrics:
RMSE (test data): 3.518447160720825
MAE (test data): 2.245457887649536
MAPE (test data): 94.8286771774292
MSE (test data): 12.379469871520996
R2 (test data): 0.9989637077306645
loss (test data): 12.379470738676405
Epoch 1/10, Loss: 23.2459
Epoch 2/10, Loss: 1.2540
Epoch 3/10, Loss: 0.4221
Epoch 4/10, Loss: 0.5050
Epoch 5/10, Loss: 0.2110
Epoch 6/10, Loss: 1.1141
Epoch 7/10, Loss: 1.7825
Epoch 8/10, Loss: 1.3101
Epoch 9/10, Loss: 0.4939
Epoch 10/10, Loss: 0.5510
Performance Metrics:
RMSE (test data): 2.3365213871002197
MAE (test data): 1.8160003423690796
MAPE (test data): 93.34592819213867
MSE (test data): 5.45933198928833
R2 (test data): 0.999542996347938
loss (test data): 5.459331975523958
Epoch 1/10, Loss: 8.1870
Epoch 2/10, Loss: 2.6818
Epoch 3/10, Loss: 0.7014
Epoch 4/10, Loss: 0.5953
Epoch 5/10, Loss: 2.2036
Epoch 6/10, Loss: 14.0917
Epoch 7/10, Loss: 2.4962
Epoch 8/10, Loss: 5.8794
Epoch 9/10, Loss: 1.3359
Epoch 10/10, Loss: 0.3058
Performance Metrics:
RMSE (test data): 2.7918126583099365
MAE (test data): 1.705413579940796
MAPE (test data): 94.4277822971344
MSE (test data): 7.794218063354492
R2 (test data): 0.9993475417778456
loss (test data): 7.794217928660284
Epoch 1/10, Loss: 5.3804
Epoch 2/10, Loss: 0.9433
Epoch 3/10, Loss: 0.3806
Epoch 4/10, Loss: 0.4454
Epoch 5/10, Loss: 0.6474
Epoch 6/10, Loss: 0.6503
Epoch 7/10, Loss: 1.1928
Epoch 8/10, Loss: 2.9265
Epoch 9/10, Loss: 31.8497
Epoch 10/10, Loss: 6.4823
Performance Metrics:
RMSE (test data): 3.1517462730407715
MAE (test data): 1.9741965532302856
MAPE (test data): 94.62313055992126
MSE (test data): 9.933505058288574
R2 (test data): 0.9991684608853935
loss (test data): 9.9335046237277
Epoch 1/10, Loss: 2.5069
Epoch 2/10, Loss: 0.9453
Epoch 3/10, Loss: 1.1202
Epoch 4/10, Loss: 0.5894
Epoch 5/10, Loss: 4.8973
Epoch 6/10, Loss: 6.1024
Epoch 7/10, Loss: 1.2767
Epoch 8/10, Loss: 1.3186
Epoch 9/10, Loss: 3.1048
Epoch 10/10, Loss: 1.1001
Performance Metrics:
RMSE (test data): 2.3245081901550293
MAE (test data): 1.527357578277588
MAPE (test data): 94.02941465377808
MSE (test data): 5.4033379554748535
R2 (test data): 0.9995476836379107
loss (test data): 5.403337788336056
Epoch 1/10, Loss: 21.8810
Epoch 2/10, Loss: 1.7009
Epoch 3/10, Loss: 2.9129
Epoch 4/10, Loss: 1.5123
Epoch 5/10, Loss: 0.3595
Epoch 6/10, Loss: 0.3187
Epoch 7/10, Loss: 0.3827
Epoch 8/10, Loss: 0.4407
Epoch 9/10, Loss: 0.2794
Epoch 10/10, Loss: 1.2658
Performance Metrics:
RMSE (test data): 4.834588527679443
MAE (test data): 3.3232240676879883
MAPE (test data): 95.55681347846985
MSE (test data): 23.373247146606445
R2 (test data): 0.9980434128266791
loss (test data): 23.373246053322074
Epoch 1/10, Loss: 12.7267
Epoch 2/10, Loss: 6.4333
Epoch 3/10, Loss: 2.3544
Epoch 4/10, Loss: 0.4831
Epoch 5/10, Loss: 10.0268
Epoch 6/10, Loss: 10.0278
Epoch 7/10, Loss: 0.5772
Epoch 8/10, Loss: 0.4250
Epoch 9/10, Loss: 0.9929
Epoch 10/10, Loss: 0.3418
Performance Metrics:
RMSE (test data): 2.860018014907837
MAE (test data): 1.7028753757476807
MAPE (test data): 94.43892240524292
MSE (test data): 8.179702758789062
R2 (test data): 0.9993152726391248
loss (test data): 8.179702569037369
Epoch 1/10, Loss: 28.3853
Epoch 2/10, Loss: 1.2499
Epoch 3/10, Loss: 0.2526
Epoch 4/10, Loss: 1.3047
Epoch 5/10, Loss: 1.0403
Epoch 6/10, Loss: 0.7157
Epoch 7/10, Loss: 9.8287
Epoch 8/10, Loss: 14.0852
Epoch 9/10, Loss: 1.2129
Epoch 10/10, Loss: 0.2423
Performance Metrics:
RMSE (test data): 3.809128522872925
MAE (test data): 2.4430413246154785
MAPE (test data): 95.01559734344482
MSE (test data): 14.509459495544434
R2 (test data): 0.9987854052566433
loss (test data): 14.509459088512303
Epoch 1/10, Loss: 11.8590
Epoch 2/10, Loss: 0.3314
Epoch 3/10, Loss: 0.3781
Epoch 4/10, Loss: 0.4126
Epoch 5/10, Loss: 0.4931
Epoch 6/10, Loss: 0.1739
Epoch 7/10, Loss: 0.1995
Epoch 8/10, Loss: 0.1335
Epoch 9/10, Loss: 9.0115
Epoch 10/10, Loss: 15.3765
Performance Metrics:
RMSE (test data): 2.840956687927246
MAE (test data): 1.8771111965179443
MAPE (test data): 94.29253935813904
MSE (test data): 8.07103443145752
R2 (test data): 0.9993243692700671
loss (test data): 8.071034706744951
Epoch 1/10, Loss: 4.5471
Epoch 2/10, Loss: 0.8942
Epoch 3/10, Loss: 0.4293
Epoch 4/10, Loss: 1.6839
Epoch 5/10, Loss: 1.3283
Epoch 6/10, Loss: 0.3945
Epoch 7/10, Loss: 0.2267
Epoch 8/10, Loss: 0.9133
Epoch 9/10, Loss: 4.2330
Epoch 10/10, Loss: 9.8625
Performance Metrics:
RMSE (test data): 3.902498960494995
MAE (test data): 2.616224527359009
MAPE (test data): 94.98229026794434
MSE (test data): 15.229497909545898
R2 (test data): 0.9987251303118683
loss (test data): 15.229499325309831
Epoch 1/10, Loss: 22.7882
Epoch 2/10, Loss: 1.3603
Epoch 3/10, Loss: 1.2116
Epoch 4/10, Loss: 0.2528
Epoch 5/10, Loss: 0.4193
Epoch 6/10, Loss: 0.4372
Epoch 7/10, Loss: 0.2117
Epoch 8/10, Loss: 0.2120
Epoch 9/10, Loss: 1.8608
Epoch 10/10, Loss: 0.1762
Performance Metrics:
RMSE (test data): 3.4006776809692383
MAE (test data): 2.122676134109497
MAPE (test data): 94.76916193962097
MSE (test data): 11.564608573913574
R2 (test data): 0.9990319203243976
loss (test data): 11.564608554004394
Epoch 1/10, Loss: 25.4839
Epoch 2/10, Loss: 4.2068
Epoch 3/10, Loss: 3.0996
Epoch 4/10, Loss: 0.4454
Epoch 5/10, Loss: 0.2214
Epoch 6/10, Loss: 0.1501
Epoch 7/10, Loss: 0.6582
Epoch 8/10, Loss: 2.1792
Epoch 9/10, Loss: 4.1851
Epoch 10/10, Loss: 0.4007
Performance Metrics:
RMSE (test data): 3.0529985427856445
MAE (test data): 1.935775876045227
MAPE (test data): 94.62881088256836
MSE (test data): 9.320799827575684
R2 (test data): 0.9992197507959591
loss (test data): 9.320799404812842
Epoch 1/10, Loss: 15.6608
Epoch 2/10, Loss: 15.2088
Epoch 3/10, Loss: 7.7064
Epoch 4/10, Loss: 0.5954
Epoch 5/10, Loss: 0.2765
Epoch 6/10, Loss: 0.1534
Epoch 7/10, Loss: 1.1716
Epoch 8/10, Loss: 0.2243
Epoch 9/10, Loss: 0.1340
Epoch 10/10, Loss: 0.4520
Performance Metrics:
RMSE (test data): 3.2600669860839844
MAE (test data): 2.028334140777588
MAPE (test data): 94.67928409576416
MSE (test data): 10.628036499023438
R2 (test data): 0.9991103212222164
loss (test data): 10.628036799873273
Epoch 1/10, Loss: 13.7996
Epoch 2/10, Loss: 1.2721
Epoch 3/10, Loss: 0.5531
Epoch 4/10, Loss: 0.5148
Epoch 5/10, Loss: 0.3668
Epoch 6/10, Loss: 0.4303
Epoch 7/10, Loss: 0.1919
Epoch 8/10, Loss: 0.6778
Epoch 9/10, Loss: 0.3134
Epoch 10/10, Loss: 0.8369
Performance Metrics:
RMSE (test data): 2.8800277709960938
MAE (test data): 1.7354437112808228
MAPE (test data): 94.46472525596619
MSE (test data): 8.294560432434082
R2 (test data): 0.9993056578096213
loss (test data): 8.294560513053973
Epoch 1/10, Loss: 4.4529
Epoch 2/10, Loss: 1.0228
Epoch 3/10, Loss: 0.9635
Epoch 4/10, Loss: 6.0116
Epoch 5/10, Loss: 1.1467
Epoch 6/10, Loss: 0.6654
Epoch 7/10, Loss: 13.8595
Epoch 8/10, Loss: 6.4850
Epoch 9/10, Loss: 0.6777
Epoch 10/10, Loss: 1.4203
Performance Metrics:
RMSE (test data): 3.179006576538086
MAE (test data): 1.9208234548568726
MAPE (test data): 94.62805986404419
MSE (test data): 10.106082916259766
R2 (test data): 0.9991540142823505
loss (test data): 10.106082588987253
Epoch 1/10, Loss: 14.3252
Epoch 2/10, Loss: 2.0054
Epoch 3/10, Loss: 0.7628
Epoch 4/10, Loss: 0.5022
Epoch 5/10, Loss: 0.2785
Epoch 6/10, Loss: 0.2850
Epoch 7/10, Loss: 12.3498
Epoch 8/10, Loss: 1.5207
Epoch 9/10, Loss: 0.8513
Epoch 10/10, Loss: 0.4477
Performance Metrics:
RMSE (test data): 3.3133811950683594
MAE (test data): 2.029672145843506
MAPE (test data): 94.7192132472992
MSE (test data): 10.978495597839355
R2 (test data): 0.9990809841746601
loss (test data): 10.97849541103717
Epoch 1/10, Loss: 9.3850
Epoch 2/10, Loss: 0.4725
Epoch 3/10, Loss: 0.1354
Epoch 4/10, Loss: 0.3479
Epoch 5/10, Loss: 0.6458
Epoch 6/10, Loss: 0.2271
Epoch 7/10, Loss: 0.1735
Epoch 8/10, Loss: 0.3696
Epoch 9/10, Loss: 0.1279
Epoch 10/10, Loss: 0.2594
Performance Metrics:
RMSE (test data): 2.9221854209899902
MAE (test data): 1.774349331855774
MAPE (test data): 94.4789171218872
MSE (test data): 8.539167404174805
R2 (test data): 0.9992851815702931
loss (test data): 8.539167954749669
Epoch 1/10, Loss: 2.9538
Epoch 2/10, Loss: 4.6158
Epoch 3/10, Loss: 1.9390
Epoch 4/10, Loss: 2.6549
Epoch 5/10, Loss: 0.2627
Epoch 6/10, Loss: 0.5125
Epoch 7/10, Loss: 6.3810
Epoch 8/10, Loss: 18.1062
Epoch 9/10, Loss: 8.4552
Epoch 10/10, Loss: 9.8196
Performance Metrics:
RMSE (test data): 3.0780937671661377
MAE (test data): 1.9590474367141724
MAPE (test data): 94.58982944488525
MSE (test data): 9.474661827087402
R2 (test data): 0.9992068708199588
loss (test data): 9.474662318672102
Epoch 1/10, Loss: 2.0226
Epoch 2/10, Loss: 0.3988
Epoch 3/10, Loss: 0.1550
Epoch 4/10, Loss: 0.0732
Epoch 5/10, Loss: 0.1251
Epoch 6/10, Loss: 0.1251
Epoch 7/10, Loss: 0.0868
Epoch 8/10, Loss: 0.5454
Epoch 9/10, Loss: 1.7962
Epoch 10/10, Loss: 0.3043
Performance Metrics:
RMSE (test data): 3.1962082386016846
MAE (test data): 1.947865605354309
MAPE (test data): 94.54347491264343
MSE (test data): 10.215747833251953
R2 (test data): 0.999144834237017
loss (test data): 10.21574710374026
Epoch 1/10, Loss: 18.4626
Epoch 2/10, Loss: 2.1236
Epoch 3/10, Loss: 0.7962
Epoch 4/10, Loss: 0.2938
Epoch 5/10, Loss: 0.4368
Epoch 6/10, Loss: 0.1419
Epoch 7/10, Loss: 0.2351
Epoch 8/10, Loss: 1.1475
Epoch 9/10, Loss: 0.2777
Epoch 10/10, Loss: 0.3614
Performance Metrics:
RMSE (test data): 2.927253484725952
MAE (test data): 1.7127811908721924
MAPE (test data): 94.49124932289124
MSE (test data): 8.568812370300293
R2 (test data): 0.9992827000426789
loss (test data): 8.568812108777234
Epoch 1/10, Loss: 52.2040
Epoch 2/10, Loss: 1.8084
Epoch 3/10, Loss: 0.3346
Epoch 4/10, Loss: 0.2649
Epoch 5/10, Loss: 0.1705
Epoch 6/10, Loss: 0.2414
Epoch 7/10, Loss: 0.1373
Epoch 8/10, Loss: 0.0990
Epoch 9/10, Loss: 0.1060
Epoch 10/10, Loss: 0.1338
Performance Metrics:
RMSE (test data): 2.6608521938323975
MAE (test data): 1.5914944410324097
MAPE (test data): 94.27348375320435
MSE (test data): 7.080134391784668
R2 (test data): 0.9994073180466858
loss (test data): 7.080134748675159
Epoch 1/10, Loss: 16.6845
Epoch 2/10, Loss: 33.3428
Epoch 3/10, Loss: 3.4207
Epoch 4/10, Loss: 0.2647
Epoch 5/10, Loss: 0.1303
Epoch 6/10, Loss: 0.1580
Epoch 7/10, Loss: 0.0886
Epoch 8/10, Loss: 0.0799
Epoch 9/10, Loss: 0.1033
Epoch 10/10, Loss: 0.1764
Performance Metrics:
RMSE (test data): 3.758967161178589
MAE (test data): 2.325127363204956
MAPE (test data): 94.92379426956177
MSE (test data): 14.129834175109863
R2 (test data): 0.9988171837897755
loss (test data): 14.129834892823524
Epoch 1/10, Loss: 7.0182
Epoch 2/10, Loss: 0.8584
Epoch 3/10, Loss: 1.3748
Epoch 4/10, Loss: 0.3282
Epoch 5/10, Loss: 0.1093
Epoch 6/10, Loss: 0.1034
Epoch 7/10, Loss: 0.1344
Epoch 8/10, Loss: 0.3643
Epoch 9/10, Loss: 2.5375
Epoch 10/10, Loss: 2.8387
Performance Metrics:
RMSE (test data): 3.287113904953003
MAE (test data): 1.9638417959213257
MAPE (test data): 94.68051791191101
MSE (test data): 10.805118560791016
R2 (test data): 0.9990954976403678
loss (test data): 10.805118379887846
Epoch 1/10, Loss: 4.9565
Epoch 2/10, Loss: 0.4639
Epoch 3/10, Loss: 0.3812
Epoch 4/10, Loss: 1.1985
Epoch 5/10, Loss: 0.4648
Epoch 6/10, Loss: 0.1401
Epoch 7/10, Loss: 0.1989
Epoch 8/10, Loss: 2.4086
Epoch 9/10, Loss: 6.5453
Epoch 10/10, Loss: 1.7357
Performance Metrics:
RMSE (test data): 2.620744466781616
MAE (test data): 1.62208092212677
MAPE (test data): 94.2914366722107
MSE (test data): 6.868301868438721
R2 (test data): 0.9994250506885276
loss (test data): 6.868301866472382
Epoch 1/10, Loss: 11.6618
Epoch 2/10, Loss: 1.7589
Epoch 3/10, Loss: 8.5629
Epoch 4/10, Loss: 4.2297
Epoch 5/10, Loss: 0.6307
Epoch 6/10, Loss: 0.2647
Epoch 7/10, Loss: 0.1538
Epoch 8/10, Loss: 0.1514
Epoch 9/10, Loss: 0.8290
Epoch 10/10, Loss: 1.8338
Performance Metrics:
RMSE (test data): 3.1431665420532227
MAE (test data): 1.8841475248336792
MAPE (test data): 94.63121891021729
MSE (test data): 9.879496574401855
R2 (test data): 0.9991729819658404
loss (test data): 9.879496407754642
Epoch 1/10, Loss: 9.0784
Epoch 2/10, Loss: 1.4700
Epoch 3/10, Loss: 1.4623
Epoch 4/10, Loss: 0.2808
Epoch 5/10, Loss: 0.1958
Epoch 6/10, Loss: 0.1798
Epoch 7/10, Loss: 0.2206
Epoch 8/10, Loss: 1.5824
Epoch 9/10, Loss: 4.2948
Epoch 10/10, Loss: 10.1375
Performance Metrics:
RMSE (test data): 2.6154286861419678
MAE (test data): 2.0566325187683105
MAPE (test data): 93.39513778686523
MSE (test data): 6.8404669761657715
R2 (test data): 0.9994273808158881
loss (test data): 6.840466513092985
Epoch 1/10, Loss: 48.1088
Epoch 2/10, Loss: 2.0459
Epoch 3/10, Loss: 1.9473
Epoch 4/10, Loss: 0.5040
Epoch 5/10, Loss: 0.2051
Epoch 6/10, Loss: 0.2131
Epoch 7/10, Loss: 0.0868
Epoch 8/10, Loss: 0.0805
Epoch 9/10, Loss: 0.1119
Epoch 10/10, Loss: 0.1756
Performance Metrics:
RMSE (test data): 4.265721797943115
MAE (test data): 3.016084671020508
MAPE (test data): 95.3303873538971
MSE (test data): 18.19638442993164
R2 (test data): 0.9984767708321528
loss (test data): 18.196383100686614
Epoch 1/10, Loss: 27.8488
Epoch 2/10, Loss: 0.4320
Epoch 3/10, Loss: 0.5371
Epoch 4/10, Loss: 0.2720
Epoch 5/10, Loss: 0.8011
Epoch 6/10, Loss: 0.7266
Epoch 7/10, Loss: 0.1563
Epoch 8/10, Loss: 0.0879
Epoch 9/10, Loss: 0.0884
Epoch 10/10, Loss: 0.3895
Performance Metrics:
RMSE (test data): 2.8465662002563477
MAE (test data): 1.7515006065368652
MAPE (test data): 94.23657655715942
MSE (test data): 8.10293960571289
R2 (test data): 0.9993216984912787
loss (test data): 8.102939852979995
Epoch 1/10, Loss: 7.1519
Epoch 2/10, Loss: 0.4585
Epoch 3/10, Loss: 0.3711
Epoch 4/10, Loss: 0.1122
Epoch 5/10, Loss: 0.1181
Epoch 6/10, Loss: 1.6180
Epoch 7/10, Loss: 0.5641
Epoch 8/10, Loss: 0.5122
Epoch 9/10, Loss: 0.9675
Epoch 10/10, Loss: 0.1408
Performance Metrics:
RMSE (test data): 3.3058884143829346
MAE (test data): 1.9588847160339355
MAPE (test data): 94.70951557159424
MSE (test data): 10.928897857666016
R2 (test data): 0.9990851360435044
loss (test data): 10.92889752338842
Epoch 1/10, Loss: 36.2420
Epoch 2/10, Loss: 7.4985
Epoch 3/10, Loss: 0.4578
Epoch 4/10, Loss: 0.2139
Epoch 5/10, Loss: 0.0947
Epoch 6/10, Loss: 0.1127
Epoch 7/10, Loss: 0.3805
Epoch 8/10, Loss: 0.2801
Epoch 9/10, Loss: 0.0810
Epoch 10/10, Loss: 0.6479
Performance Metrics:
RMSE (test data): 2.826885938644409
MAE (test data): 1.698052167892456
MAPE (test data): 94.46079134941101
MSE (test data): 7.991284370422363
R2 (test data): 0.9993310452283404
loss (test data): 7.99128419640138
Epoch 1/10, Loss: 20.2399
Epoch 2/10, Loss: 3.3135
Epoch 3/10, Loss: 6.6128
Epoch 4/10, Loss: 0.7935
Epoch 5/10, Loss: 0.1780
Epoch 6/10, Loss: 0.0989
Epoch 7/10, Loss: 0.1278
Epoch 8/10, Loss: 0.1236
Epoch 9/10, Loss: 0.1244
Epoch 10/10, Loss: 0.0829
Performance Metrics:
RMSE (test data): 3.3080835342407227
MAE (test data): 1.983418345451355
MAPE (test data): 94.72647309303284
MSE (test data): 10.943416595458984
R2 (test data): 0.9990839206144041
loss (test data): 10.943416383094394
Epoch 1/10, Loss: 4.8506
Epoch 2/10, Loss: 1.1662
Epoch 3/10, Loss: 0.3147
Epoch 4/10, Loss: 0.2859
Epoch 5/10, Loss: 0.1301
Epoch 6/10, Loss: 0.0637
Epoch 7/10, Loss: 0.1741
Epoch 8/10, Loss: 0.1821
Epoch 9/10, Loss: 0.1243
Epoch 10/10, Loss: 0.7348
Performance Metrics:
RMSE (test data): 3.5962090492248535
MAE (test data): 2.2180256843566895
MAPE (test data): 94.86889839172363
MSE (test data): 12.932720184326172
R2 (test data): 0.9989173949287364
loss (test data): 12.932720119436992
Epoch 1/10, Loss: 5.8315
Epoch 2/10, Loss: 2.1741
Epoch 3/10, Loss: 2.0997
Epoch 4/10, Loss: 3.5806
Epoch 5/10, Loss: 2.3823
Epoch 6/10, Loss: 0.4625
Epoch 7/10, Loss: 0.1948
Epoch 8/10, Loss: 0.9492
Epoch 9/10, Loss: 0.8508
Epoch 10/10, Loss: 14.6345
Performance Metrics:
RMSE (test data): 3.0665581226348877
MAE (test data): 1.8922171592712402
MAPE (test data): 94.56987380981445
MSE (test data): 9.403778076171875
R2 (test data): 0.9992128045187416
loss (test data): 9.40377916355723
Epoch 1/10, Loss: 3.6342
Epoch 2/10, Loss: 0.7069
Epoch 3/10, Loss: 7.3409
Epoch 4/10, Loss: 0.8243
Epoch 5/10, Loss: 0.6423
Epoch 6/10, Loss: 0.3722
Epoch 7/10, Loss: 1.4242
Epoch 8/10, Loss: 0.6251
Epoch 9/10, Loss: 0.1542
Epoch 10/10, Loss: 0.3439
Performance Metrics:
RMSE (test data): 2.8099420070648193
MAE (test data): 1.7032463550567627
MAPE (test data): 94.42737102508545
MSE (test data): 7.895773887634277
R2 (test data): 0.9993390404776169
loss (test data): 7.895773689034059
Epoch 1/10, Loss: 31.8817
Epoch 2/10, Loss: 8.5785
Epoch 3/10, Loss: 0.3902
Epoch 4/10, Loss: 0.2449
Epoch 5/10, Loss: 0.3114
Epoch 6/10, Loss: 0.1747
Epoch 7/10, Loss: 0.0869
Epoch 8/10, Loss: 0.1461
Epoch 9/10, Loss: 0.1247
Epoch 10/10, Loss: 0.1611
Performance Metrics:
RMSE (test data): 3.324277639389038
MAE (test data): 2.0034573078155518
MAPE (test data): 94.74568367004395
MSE (test data): 11.050822257995605
R2 (test data): 0.9990749296090309
loss (test data): 11.050822668468829
Epoch 1/10, Loss: 3.7375
Epoch 2/10, Loss: 0.2643
Epoch 3/10, Loss: 0.4368
Epoch 4/10, Loss: 4.4813
Epoch 5/10, Loss: 4.7082
Epoch 6/10, Loss: 9.5236
Epoch 7/10, Loss: 18.7603
Epoch 8/10, Loss: 1.2296
Epoch 9/10, Loss: 0.2747
Epoch 10/10, Loss: 0.0867
Performance Metrics:
RMSE (test data): 3.541341781616211
MAE (test data): 2.248971939086914
MAPE (test data): 94.88364458084106
MSE (test data): 12.541101455688477
R2 (test data): 0.998950177581088
loss (test data): 12.541101069302902
Epoch 1/10, Loss: 3.3878
Epoch 2/10, Loss: 0.9412
Epoch 3/10, Loss: 0.1840
Epoch 4/10, Loss: 0.0653
Epoch 5/10, Loss: 0.0753
Epoch 6/10, Loss: 0.0543
Epoch 7/10, Loss: 0.0524
Epoch 8/10, Loss: 0.0626
Epoch 9/10, Loss: 0.1091
Epoch 10/10, Loss: 0.0621
Performance Metrics:
RMSE (test data): 5.119255542755127
MAE (test data): 3.8700366020202637
MAPE (test data): 95.60561180114746
MSE (test data): 26.206775665283203
R2 (test data): 0.9978062165229691
loss (test data): 26.206775389995773
Epoch 1/10, Loss: 9.8097
Epoch 2/10, Loss: 1.2113
Epoch 3/10, Loss: 0.1627
Epoch 4/10, Loss: 0.0870
Epoch 5/10, Loss: 0.0771
Epoch 6/10, Loss: 0.4463
Epoch 7/10, Loss: 0.2097
Epoch 8/10, Loss: 0.0793
Epoch 9/10, Loss: 0.2585
Epoch 10/10, Loss: 25.7006
Performance Metrics:
RMSE (test data): 4.070537567138672
MAE (test data): 2.708805561065674
MAPE (test data): 95.11191248893738
MSE (test data): 16.56927490234375
R2 (test data): 0.998612976937778
loss (test data): 16.569275334938286
Epoch 1/10, Loss: 6.0761
Epoch 2/10, Loss: 0.2672
Epoch 3/10, Loss: 0.1703
Epoch 4/10, Loss: 0.0969
Epoch 5/10, Loss: 0.5696
Epoch 6/10, Loss: 0.8630
Epoch 7/10, Loss: 0.0764
Epoch 8/10, Loss: 0.0670
Epoch 9/10, Loss: 0.0853
Epoch 10/10, Loss: 0.1063
Performance Metrics:
RMSE (test data): 3.274554491043091
MAE (test data): 1.993358850479126
MAPE (test data): 94.69940066337585
MSE (test data): 10.722707748413086
R2 (test data): 0.9991023962977915
loss (test data): 10.722707661894178
Epoch 1/10, Loss: 10.8570
Epoch 2/10, Loss: 1.8426
Epoch 3/10, Loss: 0.2614
Epoch 4/10, Loss: 0.1868
Epoch 5/10, Loss: 0.2541
Epoch 6/10, Loss: 0.1544
Epoch 7/10, Loss: 0.4031
Epoch 8/10, Loss: 1.4057
Epoch 9/10, Loss: 2.0364
Epoch 10/10, Loss: 0.2674
Performance Metrics:
RMSE (test data): 2.90238094329834
MAE (test data): 1.7199002504348755
MAPE (test data): 94.4360077381134
MSE (test data): 8.42381477355957
R2 (test data): 0.9992948378429087
loss (test data): 8.423814883674543
Epoch 1/10, Loss: 15.8352
Epoch 2/10, Loss: 3.2622
Epoch 3/10, Loss: 0.4722
Epoch 4/10, Loss: 0.4513
Epoch 5/10, Loss: 1.3813
Epoch 6/10, Loss: 0.6723
Epoch 7/10, Loss: 1.6979
Epoch 8/10, Loss: 0.2852
Epoch 9/10, Loss: 0.2978
Epoch 10/10, Loss: 0.5280
Performance Metrics:
RMSE (test data): 2.4814109802246094
MAE (test data): 1.7064247131347656
MAPE (test data): 93.70454549789429
MSE (test data): 6.157400131225586
R2 (test data): 0.9994845606802384
loss (test data): 6.157400101730504
Epoch 1/10, Loss: 40.2681
Epoch 2/10, Loss: 4.0359
Epoch 3/10, Loss: 0.3883
Epoch 4/10, Loss: 0.1630
Epoch 5/10, Loss: 0.1197
Epoch 6/10, Loss: 0.0893
Epoch 7/10, Loss: 0.0916
Epoch 8/10, Loss: 0.0803
Epoch 9/10, Loss: 0.1279
Epoch 10/10, Loss: 0.1125
Performance Metrics:
RMSE (test data): 4.525090217590332
MAE (test data): 3.1311633586883545
MAPE (test data): 95.34848928451538
MSE (test data): 20.476442337036133
R2 (test data): 0.9982859058875854
loss (test data): 20.476441570164003
Epoch 1/10, Loss: 4.7340
Epoch 2/10, Loss: 0.1963
Epoch 3/10, Loss: 0.1368
Epoch 4/10, Loss: 0.1005
Epoch 5/10, Loss: 0.1457
Epoch 6/10, Loss: 0.0558
Epoch 7/10, Loss: 0.2189
Epoch 8/10, Loss: 0.1035
Epoch 9/10, Loss: 0.0562
Epoch 10/10, Loss: 0.1298
Performance Metrics:
RMSE (test data): 3.2898452281951904
MAE (test data): 1.9318890571594238
MAPE (test data): 94.70223188400269
MSE (test data): 10.823081016540527
R2 (test data): 0.9990939939441688
loss (test data): 10.823081528771784
Epoch 1/10, Loss: 11.4742
Epoch 2/10, Loss: 2.1147
Epoch 3/10, Loss: 3.2771
Epoch 4/10, Loss: 0.9292
Epoch 5/10, Loss: 0.2759
Epoch 6/10, Loss: 0.1180
Epoch 7/10, Loss: 0.0962
Epoch 8/10, Loss: 0.1628
Epoch 9/10, Loss: 0.1762
Epoch 10/10, Loss: 0.4093
Performance Metrics:
RMSE (test data): 2.9851858615875244
MAE (test data): 1.7550629377365112
MAPE (test data): 94.53853964805603
MSE (test data): 8.911334037780762
R2 (test data): 0.9992540273000391
loss (test data): 8.911334635547757
Epoch 1/10, Loss: 9.6658
Epoch 2/10, Loss: 33.2818
Epoch 3/10, Loss: 3.9962
Epoch 4/10, Loss: 0.5810
Epoch 5/10, Loss: 0.3340
Epoch 6/10, Loss: 0.1640
Epoch 7/10, Loss: 0.1870
Epoch 8/10, Loss: 0.7676
Epoch 9/10, Loss: 0.2794
Epoch 10/10, Loss: 0.0955
Performance Metrics:
RMSE (test data): 3.274946689605713
MAE (test data): 2.0397844314575195
MAPE (test data): 94.60124373435974
MSE (test data): 10.725275993347168
R2 (test data): 0.9991021813122049
loss (test data): 10.725275856686622
Epoch 1/10, Loss: 22.6240
Epoch 2/10, Loss: 1.2622
Epoch 3/10, Loss: 0.4212
Epoch 4/10, Loss: 0.8271
Epoch 5/10, Loss: 0.2880
Epoch 6/10, Loss: 0.1813
Epoch 7/10, Loss: 0.1525
Epoch 8/10, Loss: 0.0852
Epoch 9/10, Loss: 0.2205
Epoch 10/10, Loss: 0.1998
Performance Metrics:
RMSE (test data): 3.383841037750244
MAE (test data): 2.0619587898254395
MAPE (test data): 94.76218223571777
MSE (test data): 11.450380325317383
R2 (test data): 0.9990414823053972
loss (test data): 11.450381493322627
Epoch 1/10, Loss: 11.7782
Epoch 2/10, Loss: 1.0816
Epoch 3/10, Loss: 0.4578
Epoch 4/10, Loss: 0.5914
Epoch 5/10, Loss: 0.2041
Epoch 6/10, Loss: 0.1711
Epoch 7/10, Loss: 0.7005
Epoch 8/10, Loss: 0.1184
Epoch 9/10, Loss: 0.1008
Epoch 10/10, Loss: 0.1076
Performance Metrics:
RMSE (test data): 3.4517245292663574
MAE (test data): 2.1338388919830322
MAPE (test data): 94.79649662971497
MSE (test data): 11.914402961730957
R2 (test data): 0.9990026388416696
loss (test data): 11.914402623520685
Epoch 1/10, Loss: 3.8094
Epoch 2/10, Loss: 1.5916
Epoch 3/10, Loss: 2.6423
Epoch 4/10, Loss: 1.1937
Epoch 5/10, Loss: 1.0419
Epoch 6/10, Loss: 0.3222
Epoch 7/10, Loss: 0.4058
Epoch 8/10, Loss: 0.2995
Epoch 9/10, Loss: 0.7294
Epoch 10/10, Loss: 13.2406
Performance Metrics:
RMSE (test data): 8.607226371765137
MAE (test data): 6.815344333648682
MAPE (test data): 97.44348526000977
MSE (test data): 74.0843505859375
R2 (test data): 0.9937983580029925
loss (test data): 74.08435789285247
Epoch 1/10, Loss: 8.9775
Epoch 2/10, Loss: 0.4274
Epoch 3/10, Loss: 0.1781
Epoch 4/10, Loss: 0.0981
Epoch 5/10, Loss: 0.0848
Epoch 6/10, Loss: 0.1851
Epoch 7/10, Loss: 1.2148
Epoch 8/10, Loss: 0.4453
Epoch 9/10, Loss: 0.2376
Epoch 10/10, Loss: 0.1295
Performance Metrics:
RMSE (test data): 3.112220525741577
MAE (test data): 1.8520467281341553
MAPE (test data): 94.6298599243164
MSE (test data): 9.685916900634766
R2 (test data): 0.9991891865901604
loss (test data): 9.68591725064307
Epoch 1/10, Loss: 21.9604
Epoch 2/10, Loss: 2.9769
Epoch 3/10, Loss: 0.4517
Epoch 4/10, Loss: 0.2103
Epoch 5/10, Loss: 0.1224
Epoch 6/10, Loss: 0.1409
Epoch 7/10, Loss: 0.1647
Epoch 8/10, Loss: 0.3254
Epoch 9/10, Loss: 0.1660
Epoch 10/10, Loss: 0.0655
Performance Metrics:
RMSE (test data): 3.143094062805176
MAE (test data): 1.9373122453689575
MAPE (test data): 94.63748931884766
MSE (test data): 9.879039764404297
R2 (test data): 0.9991730201876275
loss (test data): 9.879039748673586
Epoch 1/10, Loss: 12.1220
Epoch 2/10, Loss: 6.8567
Epoch 3/10, Loss: 1.2770
Epoch 4/10, Loss: 0.2824
Epoch 5/10, Loss: 0.1027
Epoch 6/10, Loss: 0.4494
Epoch 7/10, Loss: 0.1430
Epoch 8/10, Loss: 0.4016
Epoch 9/10, Loss: 0.1360
Epoch 10/10, Loss: 0.1135
Performance Metrics:
RMSE (test data): 3.604696273803711
MAE (test data): 2.2387115955352783
MAPE (test data): 94.90237832069397
MSE (test data): 12.993834495544434
R2 (test data): 0.9989122790556584
loss (test data): 12.993834291045198
Epoch 1/10, Loss: 9.9064
Epoch 2/10, Loss: 6.5257
Epoch 3/10, Loss: 1.9480
Epoch 4/10, Loss: 0.1740
Epoch 5/10, Loss: 0.1150
Epoch 6/10, Loss: 0.0980
Epoch 7/10, Loss: 0.1322
Epoch 8/10, Loss: 0.0720
Epoch 9/10, Loss: 0.2741
Epoch 10/10, Loss: 0.0977
Performance Metrics:
RMSE (test data): 3.443619966506958
MAE (test data): 2.2144007682800293
MAPE (test data): 94.77636218070984
MSE (test data): 11.858518600463867
R2 (test data): 0.9990073169424517
loss (test data): 11.858518671252064
Epoch 1/10, Loss: 5.5602
Epoch 2/10, Loss: 0.3218
Epoch 3/10, Loss: 0.1878
Epoch 4/10, Loss: 0.1729
Epoch 5/10, Loss: 0.4924
Epoch 6/10, Loss: 0.1465
Epoch 7/10, Loss: 0.3391
Epoch 8/10, Loss: 0.3188
Epoch 9/10, Loss: 3.9600
Epoch 10/10, Loss: 0.7500
Performance Metrics:
RMSE (test data): 2.8231258392333984
MAE (test data): 1.6759049892425537
MAPE (test data): 94.40702795982361
MSE (test data): 7.970038890838623
R2 (test data): 0.9993328237251248
loss (test data): 7.970038479873814
Epoch 1/10, Loss: 11.2975
Epoch 2/10, Loss: 5.2095
Epoch 3/10, Loss: 1.4389
Epoch 4/10, Loss: 2.4026
Epoch 5/10, Loss: 0.8357
Epoch 6/10, Loss: 0.3656
Epoch 7/10, Loss: 0.1637
Epoch 8/10, Loss: 0.1321
Epoch 9/10, Loss: 0.6818
Epoch 10/10, Loss: 0.6926
Performance Metrics:
RMSE (test data): 3.872809410095215
MAE (test data): 2.4863476753234863
MAPE (test data): 95.03875970840454
MSE (test data): 14.998653411865234
R2 (test data): 0.9987444545612963
loss (test data): 14.998652941910262
Epoch 1/10, Loss: 4.1826
Epoch 2/10, Loss: 0.3510
Epoch 3/10, Loss: 0.4974
Epoch 4/10, Loss: 0.3449
Epoch 5/10, Loss: 0.2282
Epoch 6/10, Loss: 5.5953
Epoch 7/10, Loss: 6.6373
Epoch 8/10, Loss: 1.3498
Epoch 9/10, Loss: 0.6260
Epoch 10/10, Loss: 0.9219
Performance Metrics:
RMSE (test data): 3.3366706371307373
MAE (test data): 2.036792516708374
MAPE (test data): 94.7259247303009
MSE (test data): 11.133370399475098
R2 (test data): 0.9990680194840004
loss (test data): 11.133370682627884
Epoch 1/10, Loss: 10.8663
Epoch 2/10, Loss: 0.4782
Epoch 3/10, Loss: 0.4969
Epoch 4/10, Loss: 0.1941
Epoch 5/10, Loss: 0.1458
Epoch 6/10, Loss: 0.0819
Epoch 7/10, Loss: 0.2449
Epoch 8/10, Loss: 0.1206
Epoch 9/10, Loss: 0.2279
Epoch 10/10, Loss: 0.8416
Performance Metrics:
RMSE (test data): 3.646916627883911
MAE (test data): 2.3562750816345215
MAPE (test data): 94.9124813079834
MSE (test data): 13.30000114440918
DEBUG flwr 2024-03-10 08:13:25,750 | connection.py:141 | gRPC channel closed
INFO flwr 2024-03-10 08:13:25,751 | app.py:304 | Disconnect and shut down
R2 (test data): 0.998886649608212
loss (test data): 13.300001231911256
Epoch 1/10, Loss: 16.4562
Epoch 2/10, Loss: 2.2240
Epoch 3/10, Loss: 0.4836
Epoch 4/10, Loss: 0.2264
Epoch 5/10, Loss: 0.1454
Epoch 6/10, Loss: 0.4363
Epoch 7/10, Loss: 0.2382
Epoch 8/10, Loss: 0.1193
Epoch 9/10, Loss: 0.1579
Epoch 10/10, Loss: 0.3418
Performance Metrics:
RMSE (test data): 3.5792236328125
MAE (test data): 2.2194647789001465
MAPE (test data): 94.86494064331055
MSE (test data): 12.810842514038086
R2 (test data): 0.9989275972671092
loss (test data): 12.810843648615572
Epoch 1/10, Loss: 3.3332
Epoch 2/10, Loss: 0.6049
Epoch 3/10, Loss: 0.3722
Epoch 4/10, Loss: 0.1826
Epoch 5/10, Loss: 0.0725
Epoch 6/10, Loss: 0.2948
Epoch 7/10, Loss: 0.4052
Epoch 8/10, Loss: 3.4526
Epoch 9/10, Loss: 31.4462
Epoch 10/10, Loss: 28.7461
Performance Metrics:
RMSE (test data): 3.4501771926879883
MAE (test data): 2.1884005069732666
MAPE (test data): 94.76936459541321
MSE (test data): 11.903722763061523
R2 (test data): 0.999003532879517
loss (test data): 11.90372288497453
Epoch 1/10, Loss: 3.1004
Epoch 2/10, Loss: 0.1765
Epoch 3/10, Loss: 0.1106
Epoch 4/10, Loss: 0.1176
Epoch 5/10, Loss: 0.1100
Epoch 6/10, Loss: 0.1026
Epoch 7/10, Loss: 0.0990
Epoch 8/10, Loss: 0.0889
Epoch 9/10, Loss: 0.1197
Epoch 10/10, Loss: 0.1051
Performance Metrics:
RMSE (test data): 3.4186339378356934
MAE (test data): 2.1349120140075684
MAPE (test data): 94.74350810050964
MSE (test data): 11.687057495117188
R2 (test data): 0.9990216700686777
loss (test data): 11.687057129378172
Epoch 1/10, Loss: 3.6419
Epoch 2/10, Loss: 0.2533
Epoch 3/10, Loss: 0.1242
Epoch 4/10, Loss: 0.0533
Epoch 5/10, Loss: 0.1104
Epoch 6/10, Loss: 0.0640
Epoch 7/10, Loss: 0.0488
Epoch 8/10, Loss: 0.1264
Epoch 9/10, Loss: 0.0912
Epoch 10/10, Loss: 0.1399
Performance Metrics:
RMSE (test data): 3.3365519046783447
MAE (test data): 1.9889965057373047
MAPE (test data): 94.72762942314148
MSE (test data): 11.13257884979248
R2 (test data): 0.9990680857578134
loss (test data): 11.132578869455868
Epoch 1/10, Loss: 2.2615
Epoch 2/10, Loss: 0.1721
Epoch 3/10, Loss: 0.6672
Epoch 4/10, Loss: 0.6240
Epoch 5/10, Loss: 0.6337
Epoch 6/10, Loss: 1.2692
Epoch 7/10, Loss: 0.4966
Epoch 8/10, Loss: 10.5107
Epoch 9/10, Loss: 4.0326
Epoch 10/10, Loss: 2.4946
Performance Metrics:
RMSE (test data): 4.939423561096191
MAE (test data): 3.454023599624634
MAPE (test data): 95.54237127304077
MSE (test data): 24.397907257080078
R2 (test data): 0.9979576377574777
loss (test data): 24.397908122269147
Epoch 1/10, Loss: 15.7957
Epoch 2/10, Loss: 1.0139
Epoch 3/10, Loss: 0.2030
Epoch 4/10, Loss: 0.1497
Epoch 5/10, Loss: 0.1846
Epoch 6/10, Loss: 0.3237
Epoch 7/10, Loss: 0.2142
Epoch 8/10, Loss: 0.1429
Epoch 9/10, Loss: 0.1599
Epoch 10/10, Loss: 0.3787
Performance Metrics:
RMSE (test data): 3.0550265312194824
MAE (test data): 1.8458352088928223
MAPE (test data): 94.57166790962219
MSE (test data): 9.333187103271484
R2 (test data): 0.9992187138277159
loss (test data): 9.33318702756744
Epoch 1/10, Loss: 3.5631
Epoch 2/10, Loss: 3.4520
Epoch 3/10, Loss: 2.6242
Epoch 4/10, Loss: 0.3773
Epoch 5/10, Loss: 0.4888
Epoch 6/10, Loss: 0.2281
Epoch 7/10, Loss: 0.0702
Epoch 8/10, Loss: 0.1135
Epoch 9/10, Loss: 0.2162
Epoch 10/10, Loss: 0.0798
Performance Metrics:
RMSE (test data): 3.4550068378448486
MAE (test data): 2.1030375957489014
MAPE (test data): 94.79849934577942
MSE (test data): 11.93707275390625
R2 (test data): 0.9990007411747569
loss (test data): 11.937072282968108
Epoch 1/10, Loss: 5.3157
Epoch 2/10, Loss: 0.5331
Epoch 3/10, Loss: 0.4105
Epoch 4/10, Loss: 0.1327
Epoch 5/10, Loss: 0.1740
Epoch 6/10, Loss: 0.1055
Epoch 7/10, Loss: 0.0866
Epoch 8/10, Loss: 2.7383
Epoch 9/10, Loss: 3.8863
Epoch 10/10, Loss: 4.8193
Performance Metrics:
RMSE (test data): 4.312807559967041
MAE (test data): 2.879047393798828
MAPE (test data): 95.24359703063965
MSE (test data): 18.600309371948242
R2 (test data): 0.9984429579826883
loss (test data): 18.60030888331305
Epoch 1/10, Loss: 12.6483
Epoch 2/10, Loss: 0.4065
Epoch 3/10, Loss: 0.3826
Epoch 4/10, Loss: 0.0903
Epoch 5/10, Loss: 0.0933
Epoch 6/10, Loss: 0.0777
Epoch 7/10, Loss: 0.0696
Epoch 8/10, Loss: 0.0569
Epoch 9/10, Loss: 0.0770
Epoch 10/10, Loss: 0.2601
Performance Metrics:
RMSE (test data): 3.1346325874328613
MAE (test data): 1.9177225828170776
MAPE (test data): 94.57796812057495
MSE (test data): 9.825922012329102
R2 (test data): 0.9991774667245354
loss (test data): 9.825921912045823
Epoch 1/10, Loss: 25.1469
Epoch 2/10, Loss: 0.7820
Epoch 3/10, Loss: 0.2338
Epoch 4/10, Loss: 0.4139
Epoch 5/10, Loss: 0.0734
Epoch 6/10, Loss: 0.1217
Epoch 7/10, Loss: 0.1002
Epoch 8/10, Loss: 0.0485
Epoch 9/10, Loss: 0.3801
Epoch 10/10, Loss: 0.1412
Performance Metrics:
RMSE (test data): 4.214367389678955
MAE (test data): 2.964609146118164
MAPE (test data): 95.18252611160278
MSE (test data): 17.760892868041992
R2 (test data): 0.9985132259083817
loss (test data): 17.760893186588877
Epoch 1/10, Loss: 6.6343
Epoch 2/10, Loss: 0.2527
Epoch 3/10, Loss: 0.1686
Epoch 4/10, Loss: 0.1253
Epoch 5/10, Loss: 0.4974
Epoch 6/10, Loss: 0.7899
Epoch 7/10, Loss: 0.4909
Epoch 8/10, Loss: 0.1127
Epoch 9/10, Loss: 0.2802
Epoch 10/10, Loss: 0.0918
Performance Metrics:
RMSE (test data): 3.386441230773926
MAE (test data): 2.0667989253997803
MAPE (test data): 94.77787613868713
MSE (test data): 11.467984199523926
R2 (test data): 0.9990400088362544
loss (test data): 11.467983639117369
Epoch 1/10, Loss: 5.4514
Epoch 2/10, Loss: 7.0630
Epoch 3/10, Loss: 0.5362
Epoch 4/10, Loss: 0.1364
Epoch 5/10, Loss: 0.1515
Epoch 6/10, Loss: 0.0738
Epoch 7/10, Loss: 0.0798
Epoch 8/10, Loss: 0.0751
Epoch 9/10, Loss: 1.7693
Epoch 10/10, Loss: 18.4638
Performance Metrics:
RMSE (test data): 3.8827991485595703
MAE (test data): 2.6469829082489014
MAPE (test data): 95.05558609962463
MSE (test data): 15.076129913330078
R2 (test data): 0.998737968925355
loss (test data): 15.076129803215105
Epoch 1/10, Loss: 2.3519
Epoch 2/10, Loss: 0.2163
Epoch 3/10, Loss: 0.0749
Epoch 4/10, Loss: 0.0975
Epoch 5/10, Loss: 0.0972
Epoch 6/10, Loss: 0.0569
Epoch 7/10, Loss: 0.0841
Epoch 8/10, Loss: 0.1450
Epoch 9/10, Loss: 0.0518
Epoch 10/10, Loss: 0.2782
Performance Metrics:
RMSE (test data): 2.671401023864746
MAE (test data): 1.714126467704773
MAPE (test data): 94.2261815071106
MSE (test data): 7.136383533477783
R2 (test data): 0.9994026094139584
loss (test data): 7.136383707498767
Epoch 1/10, Loss: 15.0709
Epoch 2/10, Loss: 0.8534
Epoch 3/10, Loss: 0.1518
Epoch 4/10, Loss: 0.1568
Epoch 5/10, Loss: 0.0800
Epoch 6/10, Loss: 0.1352
Epoch 7/10, Loss: 0.0597
Epoch 8/10, Loss: 0.0556
Epoch 9/10, Loss: 0.0571
Epoch 10/10, Loss: 0.2116
Performance Metrics:
RMSE (test data): 2.778768301010132
MAE (test data): 1.8251527547836304
MAPE (test data): 94.36015486717224
MSE (test data): 7.721553802490234
R2 (test data): 0.9993536245014033
loss (test data): 7.721553974544879
Epoch 1/10, Loss: 9.8099
Epoch 2/10, Loss: 0.3160
Epoch 3/10, Loss: 0.1441
Epoch 4/10, Loss: 0.0666
Epoch 5/10, Loss: 0.1040
Epoch 6/10, Loss: 0.0783
Epoch 7/10, Loss: 0.0778
Epoch 8/10, Loss: 0.0691
Epoch 9/10, Loss: 0.0957
Epoch 10/10, Loss: 0.1722
Performance Metrics:
RMSE (test data): 4.4217963218688965
MAE (test data): 3.304978847503662
MAPE (test data): 95.27850151062012
MSE (test data): 19.552284240722656
R2 (test data): 0.998363267723327
loss (test data): 19.552282496580144
Epoch 1/10, Loss: 61.1546
Epoch 2/10, Loss: 2.7377
Epoch 3/10, Loss: 0.2373
Epoch 4/10, Loss: 0.0900
Epoch 5/10, Loss: 0.0724
Epoch 6/10, Loss: 0.0621
Epoch 7/10, Loss: 0.0466
Epoch 8/10, Loss: 0.0519
Epoch 9/10, Loss: 0.0524
Epoch 10/10, Loss: 0.0400
Performance Metrics:
RMSE (test data): 3.3904683589935303
MAE (test data): 2.0861740112304688
MAPE (test data): 94.7588562965393
MSE (test data): 11.495275497436523
R2 (test data): 0.9990377242510885
loss (test data): 11.49527520936789
wandb: - 0.001 MB of 0.001 MB uploadedwandb: \ 0.001 MB of 0.063 MB uploadedwandb: | 0.063 MB of 0.063 MB uploadedwandb: 
wandb: Run history:
wandb: Communication Time ▆▃▃▂▄▄▂▄▂▅▂▄▂█▃▆▁▆▂▆▃▆▁▆▃▆▃▅▃▇▁▇▁▅▂▄▂▂▄▇
wandb:    MAE (test data) █▁▁▂▁▁▁▁▁▁▁▁▁▁▁▁▁▁▁▁▁▁▁▁▁▁▁▁▁▁▁▁▁▁▁▁▁▁▁▁
wandb:   MAPE (test data) ▁▇██▇▇▇██████████████▇▇████▇██████████▇█
wandb:    MSE (test data) █▁▁▁▁▁▁▁▁▁▁▁▁▁▁▁▁▁▁▁▁▁▁▁▁▁▁▁▁▁▁▁▁▁▁▁▁▁▁▁
wandb:     R2 (test data) ▁███████████████████████████████████████
wandb:   RMSE (test data) █▁▁▁▁▁▁▁▁▁▁▁▁▁▁▁▁▁▁▁▁▁▁▁▁▁▁▁▁▁▁▁▁▁▁▁▁▁▁▁
wandb:    loss(test data) █▁▁▁▁▁▁▁▁▁▁▁▁▁▁▁▁▁▁▁▁▁▁▁▁▁▁▁▁▁▁▁▁▁▁▁▁▁▁▁
wandb: 
wandb: Run summary:
wandb: Communication Time 0.54376
wandb:    MAE (test data) 2.08617
wandb:   MAPE (test data) 94.75886
wandb:    MSE (test data) 11.49528
wandb:     R2 (test data) 0.99904
wandb:   RMSE (test data) 3.39047
wandb:    loss(test data) 11.49528
wandb: 
wandb: 🚀 View run easy-lake-11 at: https://wandb.ai/digitalai/CFL9/runs/925sshn3
wandb: ️⚡ View job at https://wandb.ai/digitalai/CFL9/jobs/QXJ0aWZhY3RDb2xsZWN0aW9uOjE0NzM1NzYzNA==/version_details/v4
wandb: Synced 6 W&B file(s), 0 media file(s), 0 artifact file(s) and 0 other file(s)
wandb: Find logs at: ./wandb/run-20240310_081146-925sshn3/logs
