wandb: Currently logged in as: longyunbo218 (digitalai). Use `wandb login --relogin` to force relogin
wandb: wandb version 0.16.4 is available!  To upgrade, please run:
wandb:  $ pip install wandb --upgrade
wandb: Tracking run with wandb version 0.16.2
wandb: Run data is saved locally in /Users/yunbo/Documents/GitHub/PFL_Optimiozation/Model_training/9_clusters/wandb/run-20240310_080500-phpygzmf
wandb: Run `wandb offline` to turn off syncing.
wandb: Syncing run hopeful-snow-1
wandb: ⭐️ View project at https://wandb.ai/digitalai/CFL9
wandb: 🚀 View run at https://wandb.ai/digitalai/CFL9/runs/phpygzmf
Traceback (most recent call last):
  File "/Users/yunbo/Documents/GitHub/PFL_Optimiozation/Model_training/9_clusters/client.py", line 95, in <module>
    dataset = file[sheet_name][:]
  File "h5py/_objects.pyx", line 54, in h5py._objects.with_phil.wrapper
  File "h5py/_objects.pyx", line 55, in h5py._objects.with_phil.wrapper
  File "/Users/yunbo/anaconda3/envs/basic/lib/python3.9/site-packages/h5py/_hl/group.py", line 359, in __getitem__
    raise TypeError("Accessing a group is done with bytes or str, "
TypeError: Accessing a group is done with bytes or str, not <class 'NoneType'>
Traceback (most recent call last):
  File "/Users/yunbo/Documents/GitHub/PFL_Optimiozation/Model_training/9_clusters/client.py", line 95, in <module>
    dataset = file[sheet_name][:]
  File "h5py/_objects.pyx", line 54, in h5py._objects.with_phil.wrapper
  File "h5py/_objects.pyx", line 55, in h5py._objects.with_phil.wrapper
  File "/Users/yunbo/anaconda3/envs/basic/lib/python3.9/site-packages/h5py/_hl/group.py", line 359, in __getitem__
    raise TypeError("Accessing a group is done with bytes or str, "
TypeError: Accessing a group is done with bytes or str, not <class 'NoneType'>
wandb: - 0.001 MB of 0.001 MB uploadedwandb: \ 0.001 MB of 0.001 MB uploadedwandb: | 0.006 MB of 0.021 MB uploadedwandb: / 0.021 MB of 0.021 MB uploadedwandb: 🚀 View run hopeful-snow-1 at: https://wandb.ai/digitalai/CFL9/runs/phpygzmf
wandb: ️⚡ View job at https://wandb.ai/digitalai/CFL9/jobs/QXJ0aWZhY3RDb2xsZWN0aW9uOjE0NzM1NzYzNA==/version_details/v0
wandb: Synced 6 W&B file(s), 0 media file(s), 2 artifact file(s) and 0 other file(s)
wandb: Find logs at: ./wandb/run-20240310_080500-phpygzmf/logs
