wandb: Currently logged in as: longyunbo218 (digitalai). Use `wandb login --relogin` to force relogin
wandb: wandb version 0.16.4 is available!  To upgrade, please run:
wandb:  $ pip install wandb --upgrade
wandb: Tracking run with wandb version 0.16.2
wandb: Run data is saved locally in /Users/yunbo/Documents/GitHub/PFL_Optimiozation/Model_training/9_clusters/wandb/run-20240310_080708-qwpm4ats
wandb: Run `wandb offline` to turn off syncing.
wandb: Syncing run peachy-galaxy-6
wandb: ⭐️ View project at https://wandb.ai/digitalai/CFL9
wandb: 🚀 View run at https://wandb.ai/digitalai/CFL9/runs/qwpm4ats
INFO flwr 2024-03-10 08:07:16,071 | grpc.py:52 | Opened insecure gRPC connection (no certificates were passed)
DEBUG flwr 2024-03-10 08:07:16,079 | connection.py:42 | ChannelConnectivity.IDLE
DEBUG flwr 2024-03-10 08:07:16,081 | connection.py:42 | ChannelConnectivity.READY
Epoch 1/10, Loss: 14342.7164
Epoch 2/10, Loss: 3134.7507
Epoch 3/10, Loss: 2385.0598
Epoch 4/10, Loss: 2598.7027
Epoch 5/10, Loss: 2402.0534
Epoch 6/10, Loss: 2383.1380
Epoch 7/10, Loss: 2414.0726
Epoch 8/10, Loss: 2098.6029
Epoch 9/10, Loss: 2071.9400
Epoch 10/10, Loss: 1918.2898
Performance Metrics:
RMSE (test data): 87.65544891357422
MAE (test data): 70.46725463867188
MAPE (test data): 61.08906865119934
MSE (test data): 7683.4775390625
R2 (test data): 0.34776826471167466
loss (test data): 7683.47771522987
Epoch 1/10, Loss: 548.9953
Epoch 2/10, Loss: 48.9736
Epoch 3/10, Loss: 35.9891
Epoch 4/10, Loss: 30.2665
Epoch 5/10, Loss: 25.2818
Epoch 6/10, Loss: 21.8887
Epoch 7/10, Loss: 16.6291
Epoch 8/10, Loss: 11.0995
Epoch 9/10, Loss: 9.6556
Epoch 10/10, Loss: 6.8794
Performance Metrics:
RMSE (test data): 7.501195907592773
MAE (test data): 5.806162357330322
MAPE (test data): 91.83237552642822
MSE (test data): 56.26793670654297
R2 (test data): 0.9952235518575034
loss (test data): 56.26793437498994
Epoch 1/10, Loss: 17.9471
Epoch 2/10, Loss: 9.1621
Epoch 3/10, Loss: 5.2978
Epoch 4/10, Loss: 4.0159
Epoch 5/10, Loss: 4.2088
Epoch 6/10, Loss: 3.4726
Epoch 7/10, Loss: 4.7273
Epoch 8/10, Loss: 3.4443
Epoch 9/10, Loss: 3.3655
Epoch 10/10, Loss: 2.9513
Performance Metrics:
RMSE (test data): 2.587841510772705
MAE (test data): 2.2571678161621094
MAPE (test data): 92.54831671714783
MSE (test data): 6.696923732757568
R2 (test data): 0.9994315144431267
loss (test data): 6.696923724116368
Epoch 1/10, Loss: 3.0480
Epoch 2/10, Loss: 1.9566
Epoch 3/10, Loss: 2.1829
Epoch 4/10, Loss: 1.6002
Epoch 5/10, Loss: 1.9616
Epoch 6/10, Loss: 1.7660
Epoch 7/10, Loss: 2.3872
Epoch 8/10, Loss: 3.4021
Epoch 9/10, Loss: 2.4930
Epoch 10/10, Loss: 1.9940
Performance Metrics:
RMSE (test data): 2.5037903785705566
MAE (test data): 2.2734007835388184
MAPE (test data): 92.2279417514801
MSE (test data): 6.2689666748046875
R2 (test data): 0.9994678426722181
loss (test data): 6.268966672447997
Epoch 1/10, Loss: 4.8472
Epoch 2/10, Loss: 1.1700
Epoch 3/10, Loss: 0.9764
Epoch 4/10, Loss: 1.3536
Epoch 5/10, Loss: 3.0522
Epoch 6/10, Loss: 4.7720
Epoch 7/10, Loss: 1.4953
Epoch 8/10, Loss: 1.7796
Epoch 9/10, Loss: 1.1522
Epoch 10/10, Loss: 9.3195
Performance Metrics:
RMSE (test data): 4.59812593460083
MAE (test data): 4.243937015533447
MAPE (test data): 91.2550151348114
MSE (test data): 21.14276123046875
R2 (test data): 0.9982052424497083
loss (test data): 21.142761287029334
Epoch 1/10, Loss: 8.9808
Epoch 2/10, Loss: 1.8151
Epoch 3/10, Loss: 3.3323
Epoch 4/10, Loss: 3.4743
Epoch 5/10, Loss: 8.1709
Epoch 6/10, Loss: 62.4619
Epoch 7/10, Loss: 7.1658
Epoch 8/10, Loss: 6.4085
Epoch 9/10, Loss: 0.8214
Epoch 10/10, Loss: 2.5878
Performance Metrics:
RMSE (test data): 2.2816805839538574
MAE (test data): 1.958907961845398
MAPE (test data): 92.0947015285492
MSE (test data): 5.206066131591797
R2 (test data): 0.999558069682158
loss (test data): 5.206066463099673
Epoch 1/10, Loss: 5.4253
Epoch 2/10, Loss: 3.5553
Epoch 3/10, Loss: 0.5978
Epoch 4/10, Loss: 0.4158
Epoch 5/10, Loss: 2.1553
Epoch 6/10, Loss: 6.2236
Epoch 7/10, Loss: 16.7620
Epoch 8/10, Loss: 3.0390
Epoch 9/10, Loss: 1.5899
Epoch 10/10, Loss: 1.5061
Performance Metrics:
RMSE (test data): 2.678946018218994
MAE (test data): 2.4977962970733643
MAPE (test data): 92.09883213043213
MSE (test data): 7.176751613616943
R2 (test data): 0.9993907830685351
loss (test data): 7.176751063722362
Epoch 1/10, Loss: 13.6595
Epoch 2/10, Loss: 17.1701
Epoch 3/10, Loss: 32.2453
Epoch 4/10, Loss: 2.7015
Epoch 5/10, Loss: 0.8292
Epoch 6/10, Loss: 0.8295
Epoch 7/10, Loss: 0.9341
Epoch 8/10, Loss: 11.5430
Epoch 9/10, Loss: 9.9731
Epoch 10/10, Loss: 8.7458
Performance Metrics:
RMSE (test data): 2.4952783584594727
MAE (test data): 2.1752097606658936
MAPE (test data): 92.07577705383301
MSE (test data): 6.226414680480957
R2 (test data): 0.9994714547918251
loss (test data): 6.226414897296535
Epoch 1/10, Loss: 2.4005
Epoch 2/10, Loss: 16.8703
Epoch 3/10, Loss: 17.9864
Epoch 4/10, Loss: 11.5077
Epoch 5/10, Loss: 1.7474
Epoch 6/10, Loss: 1.2903
Epoch 7/10, Loss: 10.5097
Epoch 8/10, Loss: 27.9365
Epoch 9/10, Loss: 5.0627
Epoch 10/10, Loss: 3.2262
Performance Metrics:
RMSE (test data): 1.1838010549545288
MAE (test data): 0.7199408411979675
MAPE (test data): 93.20070147514343
MSE (test data): 1.4013848304748535
R2 (test data): 0.9998810398420763
loss (test data): 1.4013849337764783
Epoch 1/10, Loss: 1.0521
Epoch 2/10, Loss: 0.5191
Epoch 3/10, Loss: 0.4103
Epoch 4/10, Loss: 5.3399
Epoch 5/10, Loss: 0.7829
Epoch 6/10, Loss: 0.8506
Epoch 7/10, Loss: 0.8827
Epoch 8/10, Loss: 3.1194
Epoch 9/10, Loss: 4.4514
Epoch 10/10, Loss: 48.0879
Performance Metrics:
RMSE (test data): 1.2329052686691284
MAE (test data): 0.9997696280479431
MAPE (test data): 93.10277104377747
MSE (test data): 1.5200555324554443
R2 (test data): 0.9998709661856165
loss (test data): 1.5200555242070257
Epoch 1/10, Loss: 4.1019
Epoch 2/10, Loss: 3.4071
Epoch 3/10, Loss: 6.2913
Epoch 4/10, Loss: 0.7814
Epoch 5/10, Loss: 28.1987
Epoch 6/10, Loss: 7.8634
Epoch 7/10, Loss: 2.2433
Epoch 8/10, Loss: 1.8828
Epoch 9/10, Loss: 1.1016
Epoch 10/10, Loss: 0.4363
Performance Metrics:
RMSE (test data): 1.4265326261520386
MAE (test data): 1.3062430620193481
MAPE (test data): 92.44759678840637
MSE (test data): 2.0349953174591064
R2 (test data): 0.9998272541740779
loss (test data): 2.0349956016367705
Epoch 1/10, Loss: 1.8923
Epoch 2/10, Loss: 1.2464
Epoch 3/10, Loss: 9.9669
Epoch 4/10, Loss: 24.9639
Epoch 5/10, Loss: 1.0046
Epoch 6/10, Loss: 1.7009
Epoch 7/10, Loss: 3.6796
Epoch 8/10, Loss: 2.8890
Epoch 9/10, Loss: 1.1006
Epoch 10/10, Loss: 47.1188
Performance Metrics:
RMSE (test data): 0.8671541810035706
MAE (test data): 0.6047734022140503
MAPE (test data): 92.89236068725586
MSE (test data): 0.7519563436508179
R2 (test data): 0.9999361682525439
loss (test data): 0.7519563799831384
Epoch 1/10, Loss: 9.2804
Epoch 2/10, Loss: 0.7838
Epoch 3/10, Loss: 6.3270
Epoch 4/10, Loss: 2.6270
Epoch 5/10, Loss: 0.5824
Epoch 6/10, Loss: 0.6812
Epoch 7/10, Loss: 1.8670
Epoch 8/10, Loss: 0.5214
Epoch 9/10, Loss: 1.2375
Epoch 10/10, Loss: 0.7606
Performance Metrics:
RMSE (test data): 1.08597993850708
MAE (test data): 1.0031812191009521
MAPE (test data): 92.56795644760132
MSE (test data): 1.1793525218963623
R2 (test data): 0.9998998876282037
loss (test data): 1.1793525969176943
Epoch 1/10, Loss: 22.4090
Epoch 2/10, Loss: 28.6099
Epoch 3/10, Loss: 2.9567
Epoch 4/10, Loss: 1.1828
Epoch 5/10, Loss: 0.5957
Epoch 6/10, Loss: 0.9690
Epoch 7/10, Loss: 0.3421
Epoch 8/10, Loss: 0.6322
Epoch 9/10, Loss: 2.1816
Epoch 10/10, Loss: 1.7966
Performance Metrics:
RMSE (test data): 1.2747435569763184
MAE (test data): 1.1153805255889893
MAPE (test data): 92.58694052696228
MSE (test data): 1.6249710321426392
R2 (test data): 0.9998620601669505
loss (test data): 1.624971002684001
Epoch 1/10, Loss: 10.2160
Epoch 2/10, Loss: 3.0806
Epoch 3/10, Loss: 0.9668
Epoch 4/10, Loss: 30.0732
Epoch 5/10, Loss: 19.0731
Epoch 6/10, Loss: 0.7942
Epoch 7/10, Loss: 0.7047
Epoch 8/10, Loss: 0.4675
Epoch 9/10, Loss: 0.6282
Epoch 10/10, Loss: 1.6639
Performance Metrics:
RMSE (test data): 1.6436964273452759
MAE (test data): 1.3324223756790161
MAPE (test data): 92.76675581932068
MSE (test data): 2.701737880706787
R2 (test data): 0.9997706560459151
loss (test data): 2.701737941587973
Epoch 1/10, Loss: 1.0963
Epoch 2/10, Loss: 0.6967
Epoch 3/10, Loss: 19.8075
Epoch 4/10, Loss: 5.6695
Epoch 5/10, Loss: 4.1222
Epoch 6/10, Loss: 2.5178
Epoch 7/10, Loss: 5.8662
Epoch 8/10, Loss: 5.4613
Epoch 9/10, Loss: 6.6383
Epoch 10/10, Loss: 5.4298
Performance Metrics:
RMSE (test data): 1.5110864639282227
MAE (test data): 1.4237782955169678
MAPE (test data): 92.49721765518188
MSE (test data): 2.2833821773529053
R2 (test data): 0.9998061692500021
loss (test data): 2.2833820830852627
Epoch 1/10, Loss: 0.5214
Epoch 2/10, Loss: 0.7145
Epoch 3/10, Loss: 4.5376
Epoch 4/10, Loss: 0.8811
Epoch 5/10, Loss: 2.3707
Epoch 6/10, Loss: 5.9658
Epoch 7/10, Loss: 19.0532
Epoch 8/10, Loss: 2.3353
Epoch 9/10, Loss: 6.5026
Epoch 10/10, Loss: 4.3334
Performance Metrics:
RMSE (test data): 1.1809502840042114
MAE (test data): 1.0936824083328247
MAPE (test data): 92.57463216781616
MSE (test data): 1.3946435451507568
R2 (test data): 0.9998816121019749
loss (test data): 1.394643529832265
Epoch 1/10, Loss: 4.8954
Epoch 2/10, Loss: 2.9372
Epoch 3/10, Loss: 3.4898
Epoch 4/10, Loss: 1.4092
Epoch 5/10, Loss: 0.4268
Epoch 6/10, Loss: 3.0125
Epoch 7/10, Loss: 14.8470
Epoch 8/10, Loss: 5.7822
Epoch 9/10, Loss: 11.7044
Epoch 10/10, Loss: 1.0570
Performance Metrics:
RMSE (test data): 2.143561840057373
MAE (test data): 1.9781898260116577
MAPE (test data): 92.17565655708313
MSE (test data): 4.594857215881348
R2 (test data): 0.999609953750441
loss (test data): 4.594857177388727
Epoch 1/10, Loss: 5.3435
Epoch 2/10, Loss: 1.6184
Epoch 3/10, Loss: 8.0380
Epoch 4/10, Loss: 5.3664
Epoch 5/10, Loss: 0.7326
Epoch 6/10, Loss: 0.2685
Epoch 7/10, Loss: 3.5334
Epoch 8/10, Loss: 18.0614
Epoch 9/10, Loss: 1.7661
Epoch 10/10, Loss: 1.3133
Performance Metrics:
RMSE (test data): 1.1890276670455933
MAE (test data): 1.1216974258422852
MAPE (test data): 92.60072112083435
MSE (test data): 1.413786768913269
R2 (test data): 0.9998799870836333
loss (test data): 1.41378672865313
Epoch 1/10, Loss: 6.8161
Epoch 2/10, Loss: 0.5869
Epoch 3/10, Loss: 0.2529
Epoch 4/10, Loss: 2.9958
Epoch 5/10, Loss: 19.7068
Epoch 6/10, Loss: 0.4849
Epoch 7/10, Loss: 0.7371
Epoch 8/10, Loss: 0.7144
Epoch 9/10, Loss: 0.3506
Epoch 10/10, Loss: 73.4156
Performance Metrics:
RMSE (test data): 1.243501901626587
MAE (test data): 1.060194969177246
MAPE (test data): 92.83108711242676
MSE (test data): 1.5462970733642578
R2 (test data): 0.999868738605374
loss (test data): 1.5462970535287748
Epoch 1/10, Loss: 0.5362
Epoch 2/10, Loss: 0.2428
Epoch 3/10, Loss: 0.1683
Epoch 4/10, Loss: 0.7857
Epoch 5/10, Loss: 0.4980
Epoch 6/10, Loss: 0.2241
Epoch 7/10, Loss: 0.2013
Epoch 8/10, Loss: 0.1993
Epoch 9/10, Loss: 0.1815
Epoch 10/10, Loss: 0.8443
Performance Metrics:
RMSE (test data): 1.9003385305404663
MAE (test data): 1.8407351970672607
MAPE (test data): 92.34982132911682
MSE (test data): 3.6112866401672363
R2 (test data): 0.9996934466482145
loss (test data): 3.611286761929608
Epoch 1/10, Loss: 1.6619
Epoch 2/10, Loss: 0.3047
Epoch 3/10, Loss: 7.3857
Epoch 4/10, Loss: 11.1928
Epoch 5/10, Loss: 5.7548
Epoch 6/10, Loss: 4.3646
Epoch 7/10, Loss: 5.7258
Epoch 8/10, Loss: 2.6975
Epoch 9/10, Loss: 2.0386
Epoch 10/10, Loss: 1.0880
Performance Metrics:
RMSE (test data): 1.7769336700439453
MAE (test data): 1.6212501525878906
MAPE (test data): 92.34086871147156
MSE (test data): 3.1574931144714355
R2 (test data): 0.9997319680809525
loss (test data): 3.1574932476244806
Epoch 1/10, Loss: 2.1580
Epoch 2/10, Loss: 6.2096
Epoch 3/10, Loss: 0.6003
Epoch 4/10, Loss: 4.8527
Epoch 5/10, Loss: 10.3552
Epoch 6/10, Loss: 0.8574
Epoch 7/10, Loss: 2.6311
Epoch 8/10, Loss: 12.2044
Epoch 9/10, Loss: 1.9384
Epoch 10/10, Loss: 0.3167
Performance Metrics:
RMSE (test data): 1.2338372468948364
MAE (test data): 0.8705708980560303
MAPE (test data): 92.98879504203796
MSE (test data): 1.5223544836044312
R2 (test data): 0.9998707710347157
loss (test data): 1.5223544653400753
Epoch 1/10, Loss: 1.0716
Epoch 2/10, Loss: 15.6216
Epoch 3/10, Loss: 5.6161
Epoch 4/10, Loss: 0.5599
Epoch 5/10, Loss: 0.3084
Epoch 6/10, Loss: 0.2603
Epoch 7/10, Loss: 0.7523
Epoch 8/10, Loss: 1.8317
Epoch 9/10, Loss: 3.1403
Epoch 10/10, Loss: 2.3154
Performance Metrics:
RMSE (test data): 2.1835274696350098
MAE (test data): 1.9758204221725464
MAPE (test data): 92.09038019180298
MSE (test data): 4.767792701721191
R2 (test data): 0.9995952736650787
loss (test data): 4.767792842337092
Epoch 1/10, Loss: 6.7630
Epoch 2/10, Loss: 5.5005
Epoch 3/10, Loss: 4.1093
Epoch 4/10, Loss: 1.3788
Epoch 5/10, Loss: 6.5305
Epoch 6/10, Loss: 1.4629
Epoch 7/10, Loss: 0.3751
Epoch 8/10, Loss: 0.4181
Epoch 9/10, Loss: 2.8164
Epoch 10/10, Loss: 8.9602
Performance Metrics:
RMSE (test data): 1.0237983465194702
MAE (test data): 0.7478024363517761
MAPE (test data): 92.63663291931152
MSE (test data): 1.0481629371643066
R2 (test data): 0.9999110239976948
loss (test data): 1.0481629444307707
Epoch 1/10, Loss: 8.7975
Epoch 2/10, Loss: 3.4531
Epoch 3/10, Loss: 0.6286
Epoch 4/10, Loss: 1.7082
Epoch 5/10, Loss: 3.0487
Epoch 6/10, Loss: 1.4441
Epoch 7/10, Loss: 0.3747
Epoch 8/10, Loss: 1.6382
Epoch 9/10, Loss: 1.6479
Epoch 10/10, Loss: 1.6660
Performance Metrics:
RMSE (test data): 0.6714358925819397
MAE (test data): 0.5440319776535034
MAPE (test data): 92.78099536895752
MSE (test data): 0.45082616806030273
R2 (test data): 0.9999617304612272
loss (test data): 0.4508261904979656
Epoch 1/10, Loss: 5.1634
Epoch 2/10, Loss: 6.4926
Epoch 3/10, Loss: 2.9145
Epoch 4/10, Loss: 0.7757
Epoch 5/10, Loss: 3.4277
Epoch 6/10, Loss: 0.9633
Epoch 7/10, Loss: 58.7869
Epoch 8/10, Loss: 27.8479
Epoch 9/10, Loss: 1.2739
Epoch 10/10, Loss: 0.6857
Performance Metrics:
RMSE (test data): 1.238272786140442
MAE (test data): 1.0892664194107056
MAPE (test data): 92.56640672683716
MSE (test data): 1.533319354057312
R2 (test data): 0.9998698402432669
loss (test data): 1.5333194284894713
Epoch 1/10, Loss: 0.6644
Epoch 2/10, Loss: 0.1745
Epoch 3/10, Loss: 0.2774
Epoch 4/10, Loss: 0.3666
Epoch 5/10, Loss: 0.1593
Epoch 6/10, Loss: 0.1382
Epoch 7/10, Loss: 0.0958
Epoch 8/10, Loss: 0.2018
Epoch 9/10, Loss: 0.2199
Epoch 10/10, Loss: 0.3008
Performance Metrics:
RMSE (test data): 0.7838636040687561
MAE (test data): 0.642052948474884
MAPE (test data): 92.7933394908905
MSE (test data): 0.6144421100616455
R2 (test data): 0.9999478415018249
loss (test data): 0.6144421309772787
Epoch 1/10, Loss: 1.0567
Epoch 2/10, Loss: 0.4273
Epoch 3/10, Loss: 0.8677
Epoch 4/10, Loss: 5.8805
Epoch 5/10, Loss: 91.6483
Epoch 6/10, Loss: 0.9518
Epoch 7/10, Loss: 0.5499
Epoch 8/10, Loss: 0.3126
Epoch 9/10, Loss: 0.8441
Epoch 10/10, Loss: 0.2410
Performance Metrics:
RMSE (test data): 0.9244403839111328
MAE (test data): 0.8385177850723267
MAPE (test data): 92.72406101226807
MSE (test data): 0.8545899987220764
R2 (test data): 0.999927455930146
loss (test data): 0.8545900549880755
Epoch 1/10, Loss: 0.4818
Epoch 2/10, Loss: 0.1949
Epoch 3/10, Loss: 0.2461
Epoch 4/10, Loss: 0.1298
Epoch 5/10, Loss: 0.1839
Epoch 6/10, Loss: 0.2573
Epoch 7/10, Loss: 0.2880
Epoch 8/10, Loss: 0.1781
Epoch 9/10, Loss: 0.4360
Epoch 10/10, Loss: 5.1140
Performance Metrics:
RMSE (test data): 2.4202942848205566
MAE (test data): 1.904425024986267
MAPE (test data): 91.94234609603882
MSE (test data): 5.857824802398682
R2 (test data): 0.9995027434893605
loss (test data): 5.85782491709098
Epoch 1/10, Loss: 2.8050
Epoch 2/10, Loss: 3.8721
Epoch 3/10, Loss: 30.3868
Epoch 4/10, Loss: 0.6220
Epoch 5/10, Loss: 0.3464
Epoch 6/10, Loss: 0.3753
Epoch 7/10, Loss: 0.3208
Epoch 8/10, Loss: 0.2213
Epoch 9/10, Loss: 0.2606
Epoch 10/10, Loss: 0.4959
Performance Metrics:
RMSE (test data): 0.8170939087867737
MAE (test data): 0.621557891368866
MAPE (test data): 93.17712783813477
MSE (test data): 0.6676424741744995
R2 (test data): 0.9999433254557316
loss (test data): 0.6676424632748034
Epoch 1/10, Loss: 0.5476
Epoch 2/10, Loss: 0.2028
Epoch 3/10, Loss: 4.1703
Epoch 4/10, Loss: 2.5132
Epoch 5/10, Loss: 0.8951
Epoch 6/10, Loss: 0.7343
Epoch 7/10, Loss: 2.2368
Epoch 8/10, Loss: 5.2188
Epoch 9/10, Loss: 2.1030
Epoch 10/10, Loss: 1.1889
Performance Metrics:
RMSE (test data): 2.809375762939453
MAE (test data): 2.6247880458831787
MAPE (test data): 91.93606972694397
MSE (test data): 7.892591953277588
R2 (test data): 0.999330017036678
loss (test data): 7.8925923916221254
Epoch 1/10, Loss: 5.9226
Epoch 2/10, Loss: 1.6977
Epoch 3/10, Loss: 3.0946
Epoch 4/10, Loss: 12.1313
Epoch 5/10, Loss: 16.8185
Epoch 6/10, Loss: 0.6502
Epoch 7/10, Loss: 0.6729
Epoch 8/10, Loss: 0.3836
Epoch 9/10, Loss: 1.3700
Epoch 10/10, Loss: 0.4660
Performance Metrics:
RMSE (test data): 0.850262463092804
MAE (test data): 0.742172122001648
MAPE (test data): 92.68399477005005
MSE (test data): 0.7229462265968323
R2 (test data): 0.9999386308513349
loss (test data): 0.7229462601796799
Epoch 1/10, Loss: 0.6115
Epoch 2/10, Loss: 2.1677
Epoch 3/10, Loss: 0.4793
Epoch 4/10, Loss: 0.5124
Epoch 5/10, Loss: 0.3377
Epoch 6/10, Loss: 5.5750
Epoch 7/10, Loss: 9.2162
Epoch 8/10, Loss: 12.9534
Epoch 9/10, Loss: 2.7107
Epoch 10/10, Loss: 2.1504
Performance Metrics:
RMSE (test data): 0.8516260981559753
MAE (test data): 0.7753670811653137
MAPE (test data): 92.67519116401672
MSE (test data): 0.7252669930458069
R2 (test data): 0.9999384338501383
loss (test data): 0.7252669886270111
Epoch 1/10, Loss: 0.4957
Epoch 2/10, Loss: 0.1907
Epoch 3/10, Loss: 0.3518
Epoch 4/10, Loss: 0.2777
Epoch 5/10, Loss: 0.3974
Epoch 6/10, Loss: 0.3187
Epoch 7/10, Loss: 1.1879
Epoch 8/10, Loss: 4.9390
Epoch 9/10, Loss: 6.4193
Epoch 10/10, Loss: 0.6414
Performance Metrics:
RMSE (test data): 0.9756209254264832
MAE (test data): 0.8871676921844482
MAPE (test data): 92.65492558479309
MSE (test data): 0.9518362283706665
R2 (test data): 0.9999192009393991
loss (test data): 0.9518362367172807
Epoch 1/10, Loss: 2.5193
Epoch 2/10, Loss: 13.3463
Epoch 3/10, Loss: 12.1579
Epoch 4/10, Loss: 0.6527
Epoch 5/10, Loss: 0.3139
Epoch 6/10, Loss: 0.1985
Epoch 7/10, Loss: 0.2192
Epoch 8/10, Loss: 0.1453
Epoch 9/10, Loss: 0.2093
Epoch 10/10, Loss: 0.5347
Performance Metrics:
RMSE (test data): 1.9494307041168213
MAE (test data): 1.8001749515533447
MAPE (test data): 92.165207862854
MSE (test data): 3.8002800941467285
R2 (test data): 0.9996774034606335
loss (test data): 3.8002802308348103
Epoch 1/10, Loss: 2.1773
Epoch 2/10, Loss: 2.7847
Epoch 3/10, Loss: 1.8486
Epoch 4/10, Loss: 2.5961
Epoch 5/10, Loss: 1.3687
Epoch 6/10, Loss: 4.9929
Epoch 7/10, Loss: 1.5838
Epoch 8/10, Loss: 14.8715
Epoch 9/10, Loss: 5.8259
Epoch 10/10, Loss: 0.2444
Performance Metrics:
RMSE (test data): 2.5899717807769775
MAE (test data): 2.342207431793213
MAPE (test data): 91.98395609855652
MSE (test data): 6.707953929901123
R2 (test data): 0.9994305781413901
loss (test data): 6.70795356068619
Epoch 1/10, Loss: 1.1947
Epoch 2/10, Loss: 0.1695
Epoch 3/10, Loss: 0.5427
Epoch 4/10, Loss: 2.8625
Epoch 5/10, Loss: 2.0962
Epoch 6/10, Loss: 3.7405
Epoch 7/10, Loss: 0.3967
Epoch 8/10, Loss: 0.8888
Epoch 9/10, Loss: 1.3566
Epoch 10/10, Loss: 0.3537
Performance Metrics:
RMSE (test data): 0.7479038238525391
MAE (test data): 0.5619953870773315
MAPE (test data): 93.07091236114502
MSE (test data): 0.559360146522522
R2 (test data): 0.9999525172783624
loss (test data): 0.5593601547709407
Epoch 1/10, Loss: 1.2411
Epoch 2/10, Loss: 4.7985
Epoch 3/10, Loss: 3.6416
Epoch 4/10, Loss: 3.6504
Epoch 5/10, Loss: 8.6721
Epoch 6/10, Loss: 10.9264
Epoch 7/10, Loss: 1.9241
Epoch 8/10, Loss: 0.3453
Epoch 9/10, Loss: 0.1298
Epoch 10/10, Loss: 0.1546
Performance Metrics:
RMSE (test data): 0.754159152507782
MAE (test data): 0.548302412033081
MAPE (test data): 92.65860915184021
MSE (test data): 0.5687560439109802
R2 (test data): 0.9999517196816124
loss (test data): 0.5687560665941317
Epoch 1/10, Loss: 4.0383
Epoch 2/10, Loss: 1.7894
Epoch 3/10, Loss: 9.1983
Epoch 4/10, Loss: 0.3681
Epoch 5/10, Loss: 2.5296
Epoch 6/10, Loss: 0.6607
Epoch 7/10, Loss: 0.3964
Epoch 8/10, Loss: 0.2942
Epoch 9/10, Loss: 0.7126
Epoch 10/10, Loss: 0.4774
Performance Metrics:
RMSE (test data): 1.77566397190094
MAE (test data): 1.5941381454467773
MAPE (test data): 92.29922294616699
MSE (test data): 3.152982711791992
R2 (test data): 0.9997323509687036
loss (test data): 3.1529826937240273
Epoch 1/10, Loss: 7.2196
Epoch 2/10, Loss: 22.7953
Epoch 3/10, Loss: 2.0157
Epoch 4/10, Loss: 0.5159
Epoch 5/10, Loss: 0.4262
Epoch 6/10, Loss: 0.6015
Epoch 7/10, Loss: 0.2055
Epoch 8/10, Loss: 0.3241
Epoch 9/10, Loss: 0.4703
Epoch 10/10, Loss: 1.1903
Performance Metrics:
RMSE (test data): 1.8610764741897583
MAE (test data): 1.6747674942016602
MAPE (test data): 92.21047163009644
MSE (test data): 3.4636056423187256
R2 (test data): 0.9997059829415215
loss (test data): 3.463605702021566
Epoch 1/10, Loss: 1.7006
Epoch 2/10, Loss: 11.2492
Epoch 3/10, Loss: 1.3146
Epoch 4/10, Loss: 0.3377
Epoch 5/10, Loss: 0.5040
Epoch 6/10, Loss: 0.2053
Epoch 7/10, Loss: 0.3467
Epoch 8/10, Loss: 0.2330
Epoch 9/10, Loss: 1.1493
Epoch 10/10, Loss: 1.1246
Performance Metrics:
RMSE (test data): 0.8632388114929199
MAE (test data): 0.7597439289093018
MAPE (test data): 92.61693358421326
MSE (test data): 0.7451812624931335
R2 (test data): 0.9999367433710746
loss (test data): 0.7451813069756773
Epoch 1/10, Loss: 1.7543
Epoch 2/10, Loss: 4.6035
Epoch 3/10, Loss: 0.7920
Epoch 4/10, Loss: 2.4125
Epoch 5/10, Loss: 7.1270
Epoch 6/10, Loss: 0.7492
Epoch 7/10, Loss: 0.4392
Epoch 8/10, Loss: 0.1742
Epoch 9/10, Loss: 0.2090
Epoch 10/10, Loss: 6.8088
Performance Metrics:
RMSE (test data): 3.6562440395355225
MAE (test data): 3.3189985752105713
MAPE (test data): 91.48610234260559
MSE (test data): 13.368121147155762
R2 (test data): 0.9988652126910438
loss (test data): 13.3681213215509
Epoch 1/10, Loss: 23.9919
Epoch 2/10, Loss: 1.3271
Epoch 3/10, Loss: 0.2275
Epoch 4/10, Loss: 0.1387
Epoch 5/10, Loss: 0.1214
Epoch 6/10, Loss: 0.1274
Epoch 7/10, Loss: 0.3189
Epoch 8/10, Loss: 0.1126
Epoch 9/10, Loss: 0.1316
Epoch 10/10, Loss: 0.2555
Performance Metrics:
RMSE (test data): 1.3263529539108276
MAE (test data): 1.2210986614227295
MAPE (test data): 92.5524890422821
MSE (test data): 1.7592121362686157
R2 (test data): 0.9998506647638211
loss (test data): 1.759212107988323
Epoch 1/10, Loss: 1.9947
Epoch 2/10, Loss: 1.9747
Epoch 3/10, Loss: 1.3694
Epoch 4/10, Loss: 1.5199
Epoch 5/10, Loss: 1.4943
Epoch 6/10, Loss: 28.0330
Epoch 7/10, Loss: 0.8880
Epoch 8/10, Loss: 0.3244
Epoch 9/10, Loss: 0.1835
Epoch 10/10, Loss: 0.4248
Performance Metrics:
RMSE (test data): 0.7957594990730286
MAE (test data): 0.7131224274635315
MAPE (test data): 92.71010160446167
MSE (test data): 0.6332331895828247
R2 (test data): 0.9999462463739992
loss (test data): 0.6332332082399623
Epoch 1/10, Loss: 0.3129
Epoch 2/10, Loss: 0.3009
Epoch 3/10, Loss: 0.1216
Epoch 4/10, Loss: 0.6426
Epoch 5/10, Loss: 0.3279
Epoch 6/10, Loss: 0.2319
Epoch 7/10, Loss: 6.1317
Epoch 8/10, Loss: 11.7746
Epoch 9/10, Loss: 0.3550
Epoch 10/10, Loss: 0.4102
Performance Metrics:
RMSE (test data): 1.1641967296600342
MAE (test data): 1.118022084236145
MAPE (test data): 92.54141449928284
MSE (test data): 1.3553540706634521
R2 (test data): 0.9998849472932416
loss (test data): 1.355354008211139
Epoch 1/10, Loss: 0.5390
Epoch 2/10, Loss: 0.1075
Epoch 3/10, Loss: 0.2223
Epoch 4/10, Loss: 0.6073
Epoch 5/10, Loss: 0.6293
Epoch 6/10, Loss: 0.7433
Epoch 7/10, Loss: 1.9859
Epoch 8/10, Loss: 4.6151
Epoch 9/10, Loss: 4.1621
Epoch 10/10, Loss: 0.6155
Performance Metrics:
RMSE (test data): 1.9863269329071045
MAE (test data): 1.7456417083740234
MAPE (test data): 92.20266342163086
MSE (test data): 3.9454946517944336
R2 (test data): 0.9996650765489359
loss (test data): 3.94549476609395
Epoch 1/10, Loss: 4.2787
Epoch 2/10, Loss: 1.2063
Epoch 3/10, Loss: 0.6073
Epoch 4/10, Loss: 0.9643
Epoch 5/10, Loss: 0.3345
Epoch 6/10, Loss: 1.7640
Epoch 7/10, Loss: 25.8562
Epoch 8/10, Loss: 3.9662
Epoch 9/10, Loss: 0.1990
Epoch 10/10, Loss: 0.1729
Performance Metrics:
RMSE (test data): 1.16794753074646
MAE (test data): 1.1238123178482056
MAPE (test data): 92.56110787391663
MSE (test data): 1.3641014099121094
R2 (test data): 0.9998842047569667
loss (test data): 1.364101340389723
Epoch 1/10, Loss: 0.4355
Epoch 2/10, Loss: 0.1146
Epoch 3/10, Loss: 0.1091
Epoch 4/10, Loss: 0.1409
Epoch 5/10, Loss: 1.8264
Epoch 6/10, Loss: 1.4280
Epoch 7/10, Loss: 0.9438
Epoch 8/10, Loss: 0.8203
Epoch 9/10, Loss: 0.3404
Epoch 10/10, Loss: 0.1732
Performance Metrics:
RMSE (test data): 0.9626365900039673
MAE (test data): 0.894264280796051
MAPE (test data): 92.62400269508362
MSE (test data): 0.9266692399978638
R2 (test data): 0.9999213373045953
loss (test data): 0.92666922428659
Epoch 1/10, Loss: 9.3858
Epoch 2/10, Loss: 21.3166
Epoch 3/10, Loss: 0.4563
Epoch 4/10, Loss: 0.1767
Epoch 5/10, Loss: 0.1615
Epoch 6/10, Loss: 0.1582
Epoch 7/10, Loss: 0.3708
Epoch 8/10, Loss: 1.0249
Epoch 9/10, Loss: 0.6110
Epoch 10/10, Loss: 0.1068
Performance Metrics:
RMSE (test data): 1.928458571434021
MAE (test data): 1.7246463298797607
MAPE (test data): 92.15843081474304
MSE (test data): 3.7189526557922363
R2 (test data): 0.9996843071710388
loss (test data): 3.7189525096773903
Epoch 1/10, Loss: 0.8859
Epoch 2/10, Loss: 1.4410
Epoch 3/10, Loss: 0.4403
Epoch 4/10, Loss: 5.1506
Epoch 5/10, Loss: 3.6529
Epoch 6/10, Loss: 0.3745
Epoch 7/10, Loss: 0.4190
Epoch 8/10, Loss: 0.1767
Epoch 9/10, Loss: 0.8068
Epoch 10/10, Loss: 0.5171
Performance Metrics:
RMSE (test data): 1.1807795763015747
MAE (test data): 1.099212884902954
MAPE (test data): 92.54286885261536
MSE (test data): 1.3942404985427856
R2 (test data): 0.9998816463219914
loss (test data): 1.394240445124455
Epoch 1/10, Loss: 18.1035
Epoch 2/10, Loss: 0.4282
Epoch 3/10, Loss: 0.2117
Epoch 4/10, Loss: 0.1649
Epoch 5/10, Loss: 0.1495
Epoch 6/10, Loss: 0.1262
Epoch 7/10, Loss: 0.1209
Epoch 8/10, Loss: 1.4485
Epoch 9/10, Loss: 0.1367
Epoch 10/10, Loss: 16.3266
Performance Metrics:
RMSE (test data): 3.6213531494140625
MAE (test data): 3.380316734313965
MAPE (test data): 91.59268736839294
MSE (test data): 13.114198684692383
R2 (test data): 0.998886767536437
loss (test data): 13.114199088472118
Epoch 1/10, Loss: 6.5963
Epoch 2/10, Loss: 0.3312
Epoch 3/10, Loss: 0.2918
Epoch 4/10, Loss: 0.2880
Epoch 5/10, Loss: 0.1050
Epoch 6/10, Loss: 0.1959
Epoch 7/10, Loss: 0.2810
Epoch 8/10, Loss: 0.6672
Epoch 9/10, Loss: 1.0826
Epoch 10/10, Loss: 5.5622
Performance Metrics:
RMSE (test data): 0.9097675681114197
MAE (test data): 0.7915294170379639
MAPE (test data): 92.66036748886108
MSE (test data): 0.8276770710945129
R2 (test data): 0.9999297405050249
loss (test data): 0.82767710988172
Epoch 1/10, Loss: 2.1109
Epoch 2/10, Loss: 0.5062
Epoch 3/10, Loss: 0.3005
Epoch 4/10, Loss: 0.1283
Epoch 5/10, Loss: 0.3790
Epoch 6/10, Loss: 10.6791
Epoch 7/10, Loss: 0.8546
Epoch 8/10, Loss: 0.3561
Epoch 9/10, Loss: 0.8222
Epoch 10/10, Loss: 12.0401
Performance Metrics:
RMSE (test data): 0.7672197222709656
MAE (test data): 0.6237998604774475
MAPE (test data): 92.7438735961914
MSE (test data): 0.5886260867118835
R2 (test data): 0.999950032968235
loss (test data): 0.5886260243577659
Epoch 1/10, Loss: 2.5149
Epoch 2/10, Loss: 0.2664
Epoch 3/10, Loss: 0.1664
Epoch 4/10, Loss: 0.0843
Epoch 5/10, Loss: 0.0776
Epoch 6/10, Loss: 0.1415
Epoch 7/10, Loss: 0.1467
Epoch 8/10, Loss: 5.7789
Epoch 9/10, Loss: 3.5621
Epoch 10/10, Loss: 0.4374
Performance Metrics:
RMSE (test data): 0.7038595080375671
MAE (test data): 0.644275426864624
MAPE (test data): 92.66864061355591
MSE (test data): 0.4954181909561157
R2 (test data): 0.9999579451540177
loss (test data): 0.4954182046052848
Epoch 1/10, Loss: 0.3144
Epoch 2/10, Loss: 0.3778
Epoch 3/10, Loss: 0.6062
Epoch 4/10, Loss: 0.8455
Epoch 5/10, Loss: 5.4392
Epoch 6/10, Loss: 21.7211
Epoch 7/10, Loss: 1.2474
Epoch 8/10, Loss: 0.7194
Epoch 9/10, Loss: 0.2738
Epoch 10/10, Loss: 0.1265
Performance Metrics:
RMSE (test data): 1.001892328262329
MAE (test data): 0.9384812116622925
MAPE (test data): 92.59658455848694
MSE (test data): 1.0037883520126343
R2 (test data): 0.9999147908533054
loss (test data): 1.0037882905422757
Epoch 1/10, Loss: 0.2231
Epoch 2/10, Loss: 0.2599
Epoch 3/10, Loss: 0.1578
Epoch 4/10, Loss: 0.4164
Epoch 5/10, Loss: 0.2884
Epoch 6/10, Loss: 0.2144
Epoch 7/10, Loss: 0.2256
Epoch 8/10, Loss: 1.6077
Epoch 9/10, Loss: 13.1461
Epoch 10/10, Loss: 18.9555
Performance Metrics:
RMSE (test data): 3.876241683959961
MAE (test data): 3.575174331665039
MAPE (test data): 91.59803986549377
MSE (test data): 15.025249481201172
R2 (test data): 0.9987245431923693
loss (test data): 15.02524879933189
Epoch 1/10, Loss: 2.4367
Epoch 2/10, Loss: 0.0993
Epoch 3/10, Loss: 0.0985
Epoch 4/10, Loss: 0.1053
Epoch 5/10, Loss: 0.1176
Epoch 6/10, Loss: 0.1159
Epoch 7/10, Loss: 0.1010
Epoch 8/10, Loss: 0.0944
Epoch 9/10, Loss: 0.1172
Epoch 10/10, Loss: 0.7025
Performance Metrics:
RMSE (test data): 0.5929253697395325
MAE (test data): 0.489590585231781
MAPE (test data): 92.8804099559784
MSE (test data): 0.3515605032444
R2 (test data): 0.9999701568847024
loss (test data): 0.3515604995129725
Epoch 1/10, Loss: 0.7596
Epoch 2/10, Loss: 1.4799
Epoch 3/10, Loss: 11.3959
Epoch 4/10, Loss: 1.0305
Epoch 5/10, Loss: 0.3244
Epoch 6/10, Loss: 0.5343
Epoch 7/10, Loss: 1.6524
Epoch 8/10, Loss: 6.6148
Epoch 9/10, Loss: 0.5789
Epoch 10/10, Loss: 2.0345
Performance Metrics:
RMSE (test data): 2.9550745487213135
MAE (test data): 2.740800380706787
MAPE (test data): 91.82948470115662
MSE (test data): 8.732465744018555
R2 (test data): 0.99925872221131
loss (test data): 8.732465982044351
Epoch 1/10, Loss: 4.1944
Epoch 2/10, Loss: 0.2972
Epoch 3/10, Loss: 0.1835
Epoch 4/10, Loss: 0.1980
Epoch 5/10, Loss: 1.0025
Epoch 6/10, Loss: 1.0289
Epoch 7/10, Loss: 1.6622
Epoch 8/10, Loss: 0.5648
Epoch 9/10, Loss: 0.1579
Epoch 10/10, Loss: 5.1801
Performance Metrics:
RMSE (test data): 0.7474267482757568
MAE (test data): 0.6046574711799622
MAPE (test data): 92.85857677459717
MSE (test data): 0.5586467385292053
R2 (test data): 0.9999525778366927
loss (test data): 0.5586467502144652
Epoch 1/10, Loss: 1.6613
Epoch 2/10, Loss: 0.6010
Epoch 3/10, Loss: 0.4015
Epoch 4/10, Loss: 0.1918
Epoch 5/10, Loss: 1.1657
Epoch 6/10, Loss: 54.9005
Epoch 7/10, Loss: 0.4444
Epoch 8/10, Loss: 0.1957
Epoch 9/10, Loss: 0.2263
Epoch 10/10, Loss: 0.1510
Performance Metrics:
RMSE (test data): 0.7588911056518555
MAE (test data): 0.6897279024124146
MAPE (test data): 92.69412755966187
MSE (test data): 0.5759157538414001
R2 (test data): 0.9999511119142023
loss (test data): 0.5759157342514057
Epoch 1/10, Loss: 0.1632
Epoch 2/10, Loss: 0.1062
Epoch 3/10, Loss: 0.0938
Epoch 4/10, Loss: 0.1248
Epoch 5/10, Loss: 0.1198
Epoch 6/10, Loss: 0.0948
Epoch 7/10, Loss: 0.2353
Epoch 8/10, Loss: 0.5063
Epoch 9/10, Loss: 0.0904
Epoch 10/10, Loss: 0.9109
Performance Metrics:
RMSE (test data): 0.856168806552887
MAE (test data): 0.730755090713501
MAPE (test data): 92.77457594871521
MSE (test data): 0.7330250144004822
R2 (test data): 0.9999377752865195
loss (test data): 0.7330250485725026
Epoch 1/10, Loss: 0.3558
Epoch 2/10, Loss: 0.0933
Epoch 3/10, Loss: 2.8665
Epoch 4/10, Loss: 3.5865
Epoch 5/10, Loss: 0.4225
Epoch 6/10, Loss: 1.4193
Epoch 7/10, Loss: 4.4711
Epoch 8/10, Loss: 0.4508
Epoch 9/10, Loss: 0.5634
Epoch 10/10, Loss: 0.3903
Performance Metrics:
RMSE (test data): 0.6437670588493347
MAE (test data): 0.5186014771461487
MAPE (test data): 92.86160469055176
MSE (test data): 0.4144360423088074
R2 (test data): 0.99996481953283
loss (test data): 0.41443604034489817
Epoch 1/10, Loss: 0.6234
Epoch 2/10, Loss: 0.1104
Epoch 3/10, Loss: 0.5259
Epoch 4/10, Loss: 7.4761
Epoch 5/10, Loss: 22.6565
Epoch 6/10, Loss: 0.2025
Epoch 7/10, Loss: 0.3118
Epoch 8/10, Loss: 0.0799
Epoch 9/10, Loss: 0.0991
Epoch 10/10, Loss: 0.2895
Performance Metrics:
RMSE (test data): 2.6227498054504395
MAE (test data): 1.9797649383544922
MAPE (test data): 94.00914311408997
MSE (test data): 6.8788161277771
R2 (test data): 0.9994160740397732
loss (test data): 6.878816082999969
Epoch 1/10, Loss: 1.2613
Epoch 2/10, Loss: 0.0896
Epoch 3/10, Loss: 0.0974
Epoch 4/10, Loss: 0.1401
Epoch 5/10, Loss: 0.4385
Epoch 6/10, Loss: 2.4231
Epoch 7/10, Loss: 0.3213
Epoch 8/10, Loss: 0.1576
Epoch 9/10, Loss: 0.1451
Epoch 10/10, Loss: 0.2753
Performance Metrics:
RMSE (test data): 1.2824958562850952
MAE (test data): 1.2062289714813232
MAPE (test data): 92.49608516693115
MSE (test data): 1.644795536994934
R2 (test data): 0.9998603773062051
loss (test data): 1.6447955788262005
Epoch 1/10, Loss: 0.3001
Epoch 2/10, Loss: 0.3718
Epoch 3/10, Loss: 1.1222
Epoch 4/10, Loss: 10.8474
Epoch 5/10, Loss: 7.7495
Epoch 6/10, Loss: 2.5982
Epoch 7/10, Loss: 0.8919
Epoch 8/10, Loss: 0.1787
Epoch 9/10, Loss: 0.2072
Epoch 10/10, Loss: 1.0336
Performance Metrics:
RMSE (test data): 0.8239948153495789
MAE (test data): 0.6903182864189148
MAPE (test data): 92.7524745464325
MSE (test data): 0.6789674758911133
R2 (test data): 0.9999423640986753
loss (test data): 0.6789675341210216
Epoch 1/10, Loss: 1.1666
Epoch 2/10, Loss: 0.4010
Epoch 3/10, Loss: 0.4354
Epoch 4/10, Loss: 0.1116
Epoch 5/10, Loss: 3.0831
Epoch 6/10, Loss: 5.8979
Epoch 7/10, Loss: 1.2614
Epoch 8/10, Loss: 0.5324
Epoch 9/10, Loss: 0.0959
Epoch 10/10, Loss: 0.0890
Performance Metrics:
RMSE (test data): 1.5773959159851074
MAE (test data): 1.4799134731292725
MAPE (test data): 92.36217141151428
MSE (test data): 2.48817777633667
R2 (test data): 0.9997887846370691
loss (test data): 2.488177883566113
Epoch 1/10, Loss: 0.5246
Epoch 2/10, Loss: 0.5398
Epoch 3/10, Loss: 6.7385
Epoch 4/10, Loss: 2.2693
Epoch 5/10, Loss: 0.1826
Epoch 6/10, Loss: 0.1788
Epoch 7/10, Loss: 0.2365
Epoch 8/10, Loss: 1.9957
Epoch 9/10, Loss: 0.4273
Epoch 10/10, Loss: 0.1583
Performance Metrics:
RMSE (test data): 0.822266697883606
MAE (test data): 0.6766055822372437
MAPE (test data): 92.78399348258972
MSE (test data): 0.6761225461959839
R2 (test data): 0.9999426056048436
loss (test data): 0.6761225145770454
Epoch 1/10, Loss: 2.3703
Epoch 2/10, Loss: 3.3732
Epoch 3/10, Loss: 2.8683
Epoch 4/10, Loss: 1.2956
Epoch 5/10, Loss: 0.6817
Epoch 6/10, Loss: 2.1277
Epoch 7/10, Loss: 0.2729
Epoch 8/10, Loss: 1.8164
Epoch 9/10, Loss: 0.8634
Epoch 10/10, Loss: 0.1996
Performance Metrics:
RMSE (test data): 1.0919857025146484
MAE (test data): 1.0073786973953247
MAPE (test data): 92.50788688659668
MSE (test data): 1.1924328804016113
R2 (test data): 0.9998987772739684
loss (test data): 1.1924328931670212
Epoch 1/10, Loss: 0.7803
Epoch 2/10, Loss: 2.2026
Epoch 3/10, Loss: 4.1291
Epoch 4/10, Loss: 3.9057
Epoch 5/10, Loss: 6.3539
Epoch 6/10, Loss: 0.7481
Epoch 7/10, Loss: 0.1954
Epoch 8/10, Loss: 0.1082
Epoch 9/10, Loss: 0.2386
Epoch 10/10, Loss: 0.5861
Performance Metrics:
RMSE (test data): 0.4407636523246765
MAE (test data): 0.3390801250934601
MAPE (test data): 92.92160272598267
MSE (test data): 0.19427259266376495
R2 (test data): 0.9999835086725397
loss (test data): 0.19427258193591085
Epoch 1/10, Loss: 0.6158
Epoch 2/10, Loss: 1.5853
Epoch 3/10, Loss: 0.6396
Epoch 4/10, Loss: 0.3587
Epoch 5/10, Loss: 18.9787
Epoch 6/10, Loss: 6.3019
Epoch 7/10, Loss: 0.5605
Epoch 8/10, Loss: 0.2606
Epoch 9/10, Loss: 0.1843
Epoch 10/10, Loss: 0.0929
Performance Metrics:
RMSE (test data): 0.7688747644424438
MAE (test data): 0.5997874140739441
MAPE (test data): 92.85929203033447
MSE (test data): 0.5911684036254883
R2 (test data): 0.9999498171503867
loss (test data): 0.5911684312184128
Epoch 1/10, Loss: 0.1946
Epoch 2/10, Loss: 0.4347
Epoch 3/10, Loss: 0.0993
Epoch 4/10, Loss: 0.1308
Epoch 5/10, Loss: 0.1714
Epoch 6/10, Loss: 0.9648
Epoch 7/10, Loss: 2.0941
Epoch 8/10, Loss: 0.2917
Epoch 9/10, Loss: 1.2202
Epoch 10/10, Loss: 0.1484
Performance Metrics:
RMSE (test data): 0.6378987431526184
MAE (test data): 0.41461649537086487
MAPE (test data): 92.95603632926941
MSE (test data): 0.4069148004055023
R2 (test data): 0.9999654579953129
loss (test data): 0.40691476706814333
Epoch 1/10, Loss: 1.9434
Epoch 2/10, Loss: 1.0690
Epoch 3/10, Loss: 0.4448
Epoch 4/10, Loss: 3.2347
Epoch 5/10, Loss: 9.0256
Epoch 6/10, Loss: 0.3259
Epoch 7/10, Loss: 0.1362
Epoch 8/10, Loss: 0.1689
Epoch 9/10, Loss: 0.4354
Epoch 10/10, Loss: 2.7956
Performance Metrics:
RMSE (test data): 0.6678521633148193
MAE (test data): 0.5704538822174072
MAPE (test data): 92.63508319854736
MSE (test data): 0.446026474237442
R2 (test data): 0.9999621378982444
loss (test data): 0.4460264671673688
Epoch 1/10, Loss: 18.5542
Epoch 2/10, Loss: 0.6182
Epoch 3/10, Loss: 0.2242
Epoch 4/10, Loss: 0.5635
Epoch 5/10, Loss: 0.1204
Epoch 6/10, Loss: 0.1191
Epoch 7/10, Loss: 0.0856
Epoch 8/10, Loss: 0.1134
Epoch 9/10, Loss: 0.4028
Epoch 10/10, Loss: 0.7796
Performance Metrics:
RMSE (test data): 0.8540473580360413
MAE (test data): 0.5723437666893005
MAPE (test data): 93.1099534034729
MSE (test data): 0.7293969392776489
R2 (test data): 0.999938083269464
loss (test data): 0.7293969291635165
Epoch 1/10, Loss: 1.3955
Epoch 2/10, Loss: 0.1508
Epoch 3/10, Loss: 0.1309
Epoch 4/10, Loss: 0.2859
Epoch 5/10, Loss: 0.8030
Epoch 6/10, Loss: 1.2544
Epoch 7/10, Loss: 2.9959
Epoch 8/10, Loss: 3.6323
Epoch 9/10, Loss: 0.3511
Epoch 10/10, Loss: 1.3006
Performance Metrics:
RMSE (test data): 0.6148666739463806
MAE (test data): 0.4865591526031494
MAPE (test data): 92.79484152793884
MSE (test data): 0.3780610263347626
R2 (test data): 0.9999679073188211
loss (test data): 0.3780610314900243
Epoch 1/10, Loss: 0.4272
Epoch 2/10, Loss: 0.1116
Epoch 3/10, Loss: 1.6290
Epoch 4/10, Loss: 1.7613
Epoch 5/10, Loss: 0.1792
Epoch 6/10, Loss: 0.1094
Epoch 7/10, Loss: 1.2757
Epoch 8/10, Loss: 1.2461
Epoch 9/10, Loss: 2.8656
Epoch 10/10, Loss: 0.8122
Performance Metrics:
RMSE (test data): 0.7357495427131653
MAE (test data): 0.5034467577934265
MAPE (test data): 93.12441349029541
MSE (test data): 0.5413274168968201
R2 (test data): 0.9999540480323224
loss (test data): 0.5413274222975705
Epoch 1/10, Loss: 1.6942
Epoch 2/10, Loss: 2.6248
Epoch 3/10, Loss: 0.6252
Epoch 4/10, Loss: 0.2683
Epoch 5/10, Loss: 0.1266
Epoch 6/10, Loss: 0.4074
Epoch 7/10, Loss: 7.8019
Epoch 8/10, Loss: 0.5822
Epoch 9/10, Loss: 1.6216
Epoch 10/10, Loss: 0.3559
Performance Metrics:
RMSE (test data): 0.6436164379119873
MAE (test data): 0.4863853454589844
MAPE (test data): 92.91256070137024
MSE (test data): 0.414242148399353
R2 (test data): 0.999964835991734
loss (test data): 0.4142421463372484
Epoch 1/10, Loss: 1.1107
Epoch 2/10, Loss: 0.1481
Epoch 3/10, Loss: 0.0781
Epoch 4/10, Loss: 1.8910
Epoch 5/10, Loss: 5.8022
Epoch 6/10, Loss: 2.3116
Epoch 7/10, Loss: 0.1396
Epoch 8/10, Loss: 0.1057
Epoch 9/10, Loss: 0.1875
Epoch 10/10, Loss: 0.1805
Performance Metrics:
RMSE (test data): 0.7062088847160339
MAE (test data): 0.581429660320282
MAPE (test data): 92.79059767723083
MSE (test data): 0.49873101711273193
R2 (test data): 0.999957663936129
loss (test data): 0.49873102992723956
Epoch 1/10, Loss: 2.4310
Epoch 2/10, Loss: 5.4986
Epoch 3/10, Loss: 0.9381
Epoch 4/10, Loss: 0.1431
Epoch 5/10, Loss: 0.4526
Epoch 6/10, Loss: 0.2663
Epoch 7/10, Loss: 0.1879
Epoch 8/10, Loss: 1.0154
Epoch 9/10, Loss: 0.8601
Epoch 10/10, Loss: 0.1975
Performance Metrics:
RMSE (test data): 1.2200807332992554
MAE (test data): 1.1617850065231323
MAPE (test data): 92.48733520507812
MSE (test data): 1.4885969161987305
R2 (test data): 0.9998736366270022
loss (test data): 1.4885969607794698
Epoch 1/10, Loss: 0.3718
Epoch 2/10, Loss: 3.1077
Epoch 3/10, Loss: 1.8521
Epoch 4/10, Loss: 2.9468
Epoch 5/10, Loss: 2.1688
Epoch 6/10, Loss: 0.5023
Epoch 7/10, Loss: 1.2922
Epoch 8/10, Loss: 0.1292
Epoch 9/10, Loss: 0.2016
Epoch 10/10, Loss: 1.1403
Performance Metrics:
RMSE (test data): 0.7791682481765747
MAE (test data): 0.7016471028327942
MAPE (test data): 92.65174865722656
MSE (test data): 0.607103168964386
R2 (test data): 0.99994846448705
loss (test data): 0.607103186639569
Epoch 1/10, Loss: 4.9346
Epoch 2/10, Loss: 0.6278
Epoch 3/10, Loss: 0.1662
Epoch 4/10, Loss: 0.1443
Epoch 5/10, Loss: 0.1585
Epoch 6/10, Loss: 0.2017
Epoch 7/10, Loss: 8.0691
Epoch 8/10, Loss: 6.2764
Epoch 9/10, Loss: 0.1884
Epoch 10/10, Loss: 0.2154
Performance Metrics:
RMSE (test data): 0.9890974164009094
MAE (test data): 0.9197337627410889
MAPE (test data): 92.58972406387329
MSE (test data): 0.9783137440681458
R2 (test data): 0.9999169533286878
loss (test data): 0.9783137186355214
Epoch 1/10, Loss: 0.4898
Epoch 2/10, Loss: 0.1376
Epoch 3/10, Loss: 0.2676
Epoch 4/10, Loss: 0.0953
Epoch 5/10, Loss: 0.0998
Epoch 6/10, Loss: 0.1330
Epoch 7/10, Loss: 0.1275
Epoch 8/10, Loss: 1.1659
Epoch 9/10, Loss: 3.2476
Epoch 10/10, Loss: 9.2099
Performance Metrics:
RMSE (test data): 1.1817469596862793
MAE (test data): 0.7914137244224548
MAPE (test data): 93.27213764190674
MSE (test data): 1.3965257406234741
R2 (test data): 0.9998814523278216
loss (test data): 1.396525743176556
Epoch 1/10, Loss: 4.5918
Epoch 2/10, Loss: 0.4020
Epoch 3/10, Loss: 0.1025
Epoch 4/10, Loss: 0.1241
Epoch 5/10, Loss: 0.1368
Epoch 6/10, Loss: 0.1053
Epoch 7/10, Loss: 0.0844
Epoch 8/10, Loss: 0.1150
Epoch 9/10, Loss: 0.1481
Epoch 10/10, Loss: 0.1594
Performance Metrics:
RMSE (test data): 1.0221154689788818
MAE (test data): 0.9156773686408997
MAPE (test data): 92.59101152420044
MSE (test data): 1.044719934463501
R2 (test data): 0.9999113162703879
loss (test data): 1.0447198997023077
Epoch 1/10, Loss: 6.1390
Epoch 2/10, Loss: 0.4457
Epoch 3/10, Loss: 2.5465
Epoch 4/10, Loss: 0.5319
Epoch 5/10, Loss: 0.7209
Epoch 6/10, Loss: 0.1121
Epoch 7/10, Loss: 0.1900
Epoch 8/10, Loss: 0.0990
Epoch 9/10, Loss: 0.2353
Epoch 10/10, Loss: 0.4224
Performance Metrics:
RMSE (test data): 0.5484552979469299
DEBUG flwr 2024-03-10 08:09:10,079 | connection.py:141 | gRPC channel closed
INFO flwr 2024-03-10 08:09:10,081 | app.py:304 | Disconnect and shut down
MAE (test data): 0.4430607259273529
MAPE (test data): 92.77979135513306
MSE (test data): 0.30080321431159973
R2 (test data): 0.9999744655479712
loss (test data): 0.3008032016198364
Epoch 1/10, Loss: 22.1135
Epoch 2/10, Loss: 15.2681
Epoch 3/10, Loss: 1.0004
Epoch 4/10, Loss: 0.1310
Epoch 5/10, Loss: 0.0953
Epoch 6/10, Loss: 0.0807
Epoch 7/10, Loss: 0.0858
Epoch 8/10, Loss: 0.0875
Epoch 9/10, Loss: 0.1361
Epoch 10/10, Loss: 0.1021
Performance Metrics:
RMSE (test data): 0.7872366905212402
MAE (test data): 0.681268036365509
MAPE (test data): 92.71271228790283
MSE (test data): 0.6197416186332703
R2 (test data): 0.99994739163839
loss (test data): 0.6197416589916047
Epoch 1/10, Loss: 0.1276
Epoch 2/10, Loss: 0.0944
Epoch 3/10, Loss: 0.2931
Epoch 4/10, Loss: 0.1181
Epoch 5/10, Loss: 0.1741
Epoch 6/10, Loss: 1.9352
Epoch 7/10, Loss: 3.4716
Epoch 8/10, Loss: 0.4599
Epoch 9/10, Loss: 0.1637
Epoch 10/10, Loss: 0.5338
Performance Metrics:
RMSE (test data): 0.500338077545166
MAE (test data): 0.3832181692123413
MAPE (test data): 93.01165342330933
MSE (test data): 0.25033819675445557
R2 (test data): 0.9999787494001222
loss (test data): 0.2503381919183291
Epoch 1/10, Loss: 0.8363
Epoch 2/10, Loss: 17.7441
Epoch 3/10, Loss: 3.4472
Epoch 4/10, Loss: 0.1394
Epoch 5/10, Loss: 0.1054
Epoch 6/10, Loss: 0.0711
Epoch 7/10, Loss: 0.7327
Epoch 8/10, Loss: 0.3327
Epoch 9/10, Loss: 0.1633
Epoch 10/10, Loss: 0.0747
Performance Metrics:
RMSE (test data): 0.9719131588935852
MAE (test data): 0.908627986907959
MAPE (test data): 92.61086583137512
MSE (test data): 0.9446152448654175
R2 (test data): 0.9999198139081023
loss (test data): 0.9446152491860178
Epoch 1/10, Loss: 1.2371
Epoch 2/10, Loss: 0.2986
Epoch 3/10, Loss: 0.2237
Epoch 4/10, Loss: 0.6493
Epoch 5/10, Loss: 1.0153
Epoch 6/10, Loss: 0.4260
Epoch 7/10, Loss: 0.4395
Epoch 8/10, Loss: 3.3385
Epoch 9/10, Loss: 0.7304
Epoch 10/10, Loss: 0.3669
Performance Metrics:
RMSE (test data): 0.8589491248130798
MAE (test data): 0.7706571221351624
MAPE (test data): 92.6397979259491
MSE (test data): 0.7377935647964478
R2 (test data): 0.9999373704999148
loss (test data): 0.7377935643054705
Epoch 1/10, Loss: 1.9316
Epoch 2/10, Loss: 0.9652
Epoch 3/10, Loss: 0.1366
Epoch 4/10, Loss: 0.1110
Epoch 5/10, Loss: 8.8832
Epoch 6/10, Loss: 0.8365
Epoch 7/10, Loss: 0.1183
Epoch 8/10, Loss: 0.1710
Epoch 9/10, Loss: 0.3732
Epoch 10/10, Loss: 0.3166
Performance Metrics:
RMSE (test data): 0.7105194926261902
MAE (test data): 0.609409511089325
MAPE (test data): 92.69986152648926
MSE (test data): 0.5048379898071289
R2 (test data): 0.9999571455278707
loss (test data): 0.5048380240773448
Epoch 1/10, Loss: 0.7693
Epoch 2/10, Loss: 0.5559
Epoch 3/10, Loss: 0.2239
Epoch 4/10, Loss: 0.3709
Epoch 5/10, Loss: 0.2764
Epoch 6/10, Loss: 4.7429
Epoch 7/10, Loss: 6.5157
Epoch 8/10, Loss: 1.5045
Epoch 9/10, Loss: 0.1731
Epoch 10/10, Loss: 0.1115
Performance Metrics:
RMSE (test data): 0.9021127820014954
MAE (test data): 0.8168681859970093
MAPE (test data): 92.60857105255127
MSE (test data): 0.813807487487793
R2 (test data): 0.9999309178645901
loss (test data): 0.8138074542977272
Epoch 1/10, Loss: 0.3923
Epoch 2/10, Loss: 0.1916
Epoch 3/10, Loss: 0.2029
Epoch 4/10, Loss: 0.1950
Epoch 5/10, Loss: 0.1213
Epoch 6/10, Loss: 0.2019
Epoch 7/10, Loss: 0.2657
Epoch 8/10, Loss: 0.3973
Epoch 9/10, Loss: 4.3136
Epoch 10/10, Loss: 3.2853
Performance Metrics:
RMSE (test data): 0.7802895903587341
MAE (test data): 0.6362506747245789
MAPE (test data): 92.75038838386536
MSE (test data): 0.6088518500328064
R2 (test data): 0.9999483160454322
loss (test data): 0.6088518740906943
Epoch 1/10, Loss: 2.9021
Epoch 2/10, Loss: 0.1158
Epoch 3/10, Loss: 0.0758
Epoch 4/10, Loss: 0.1794
Epoch 5/10, Loss: 0.1740
Epoch 6/10, Loss: 0.9756
Epoch 7/10, Loss: 0.2861
Epoch 8/10, Loss: 2.0286
Epoch 9/10, Loss: 3.6423
Epoch 10/10, Loss: 2.3394
Performance Metrics:
RMSE (test data): 1.5348540544509888
MAE (test data): 1.4336168766021729
MAPE (test data): 92.36656427383423
MSE (test data): 2.3557770252227783
R2 (test data): 0.9998000238160852
loss (test data): 2.3557771202759845
Epoch 1/10, Loss: 15.5245
Epoch 2/10, Loss: 2.5013
Epoch 3/10, Loss: 0.1022
Epoch 4/10, Loss: 0.0924
Epoch 5/10, Loss: 0.0856
Epoch 6/10, Loss: 0.1078
Epoch 7/10, Loss: 0.1176
Epoch 8/10, Loss: 0.1039
Epoch 9/10, Loss: 0.1481
Epoch 10/10, Loss: 0.0557
Performance Metrics:
RMSE (test data): 1.0886343717575073
MAE (test data): 0.9871840476989746
MAPE (test data): 92.59556531906128
MSE (test data): 1.1851248741149902
R2 (test data): 0.999899397639286
loss (test data): 1.1851248032178674
Epoch 1/10, Loss: 1.3844
Epoch 2/10, Loss: 0.1270
Epoch 3/10, Loss: 0.1846
Epoch 4/10, Loss: 0.1362
Epoch 5/10, Loss: 0.1066
Epoch 6/10, Loss: 0.6964
Epoch 7/10, Loss: 5.8470
Epoch 8/10, Loss: 1.5066
Epoch 9/10, Loss: 0.8724
Epoch 10/10, Loss: 0.1582
Performance Metrics:
RMSE (test data): 0.8849402666091919
MAE (test data): 0.8079742193222046
MAPE (test data): 92.65244603157043
MSE (test data): 0.783119261264801
R2 (test data): 0.9999335229142245
loss (test data): 0.783119227190976
Epoch 1/10, Loss: 0.4155
Epoch 2/10, Loss: 0.1613
Epoch 3/10, Loss: 6.7714
Epoch 4/10, Loss: 1.8226
Epoch 5/10, Loss: 1.2015
Epoch 6/10, Loss: 0.1100
Epoch 7/10, Loss: 0.0688
Epoch 8/10, Loss: 0.6698
Epoch 9/10, Loss: 1.8644
Epoch 10/10, Loss: 1.1421
Performance Metrics:
RMSE (test data): 1.0193253755569458
MAE (test data): 0.9088004231452942
MAPE (test data): 92.63526797294617
MSE (test data): 1.0390241146087646
R2 (test data): 0.999911799772479
loss (test data): 1.0390240977191454
Epoch 1/10, Loss: 2.6948
Epoch 2/10, Loss: 0.9923
Epoch 3/10, Loss: 0.3275
Epoch 4/10, Loss: 1.1912
Epoch 5/10, Loss: 0.5203
Epoch 6/10, Loss: 0.3659
Epoch 7/10, Loss: 0.3301
Epoch 8/10, Loss: 1.1795
Epoch 9/10, Loss: 3.8768
Epoch 10/10, Loss: 0.1842
Performance Metrics:
RMSE (test data): 1.238916039466858
MAE (test data): 1.1574642658233643
MAPE (test data): 92.56858825683594
MSE (test data): 1.5349129438400269
R2 (test data): 0.9998697049806039
loss (test data): 1.5349128489832116
Epoch 1/10, Loss: 2.8988
Epoch 2/10, Loss: 3.7274
Epoch 3/10, Loss: 0.1434
Epoch 4/10, Loss: 0.1044
Epoch 5/10, Loss: 0.1352
Epoch 6/10, Loss: 0.0642
Epoch 7/10, Loss: 0.1489
Epoch 8/10, Loss: 0.7839
Epoch 9/10, Loss: 4.4619
Epoch 10/10, Loss: 1.2735
Performance Metrics:
RMSE (test data): 1.0217564105987549
MAE (test data): 0.9422926306724548
MAPE (test data): 92.58330464363098
MSE (test data): 1.0439860820770264
R2 (test data): 0.9999113785632364
loss (test data): 1.0439860512436516
Epoch 1/10, Loss: 1.0070
Epoch 2/10, Loss: 0.0992
Epoch 3/10, Loss: 0.0657
Epoch 4/10, Loss: 0.2094
Epoch 5/10, Loss: 2.8793
Epoch 6/10, Loss: 0.2732
Epoch 7/10, Loss: 0.3724
Epoch 8/10, Loss: 3.1491
Epoch 9/10, Loss: 1.0094
Epoch 10/10, Loss: 0.2143
Performance Metrics:
RMSE (test data): 0.8549991250038147
MAE (test data): 0.7769620418548584
MAPE (test data): 92.65398383140564
MSE (test data): 0.7310235500335693
R2 (test data): 0.9999379451899617
loss (test data): 0.7310235566126653
Epoch 1/10, Loss: 4.1404
Epoch 2/10, Loss: 0.6376
Epoch 3/10, Loss: 0.1358
Epoch 4/10, Loss: 0.4116
Epoch 5/10, Loss: 0.0890
Epoch 6/10, Loss: 0.9157
Epoch 7/10, Loss: 11.3740
Epoch 8/10, Loss: 3.4289
Epoch 9/10, Loss: 0.4200
Epoch 10/10, Loss: 0.2813
Performance Metrics:
RMSE (test data): 0.7654560208320618
MAE (test data): 0.6288838982582092
MAPE (test data): 92.77559518814087
MSE (test data): 0.5859229564666748
R2 (test data): 0.9999502624259599
loss (test data): 0.5859229531771268
Epoch 1/10, Loss: 0.6954
Epoch 2/10, Loss: 0.0791
Epoch 3/10, Loss: 0.0507
Epoch 4/10, Loss: 0.0645
Epoch 5/10, Loss: 0.4358
Epoch 6/10, Loss: 2.9372
Epoch 7/10, Loss: 0.1376
Epoch 8/10, Loss: 0.2189
Epoch 9/10, Loss: 0.4984
Epoch 10/10, Loss: 0.7540
Performance Metrics:
RMSE (test data): 0.804308295249939
MAE (test data): 0.6926278471946716
MAPE (test data): 92.67953038215637
MSE (test data): 0.6469117999076843
R2 (test data): 0.9999450852259048
loss (test data): 0.6469118616726293
wandb: - 0.001 MB of 0.001 MB uploadedwandb: \ 0.001 MB of 0.001 MB uploadedwandb: | 0.001 MB of 0.001 MB uploadedwandb: / 0.007 MB of 0.068 MB uploaded (0.004 MB deduped)wandb: - 0.068 MB of 0.068 MB uploaded (0.004 MB deduped)wandb: 
wandb: Run history:
wandb: Communication Time ▅▁▃█▁▃▁▃▂▅▂▂▁▃▁▁▁▁▁▁▂▁▁▂▂▁▃▁▂▂▂▅▂▂▂▂▂▁▂▆
wandb:    MAE (test data) █▁▁▁▁▁▁▁▁▁▁▁▁▁▁▁▁▁▁▁▁▁▁▁▁▁▁▁▁▁▁▁▁▁▁▁▁▁▁▁
wandb:   MAPE (test data) ▁███████████████████████████████████████
wandb:    MSE (test data) █▁▁▁▁▁▁▁▁▁▁▁▁▁▁▁▁▁▁▁▁▁▁▁▁▁▁▁▁▁▁▁▁▁▁▁▁▁▁▁
wandb:     R2 (test data) ▁███████████████████████████████████████
wandb:   RMSE (test data) █▁▁▁▁▁▁▁▁▁▁▁▁▁▁▁▁▁▁▁▁▁▁▁▁▁▁▁▁▁▁▁▁▁▁▁▁▁▁▁
wandb:    loss(test data) █▁▁▁▁▁▁▁▁▁▁▁▁▁▁▁▁▁▁▁▁▁▁▁▁▁▁▁▁▁▁▁▁▁▁▁▁▁▁▁
wandb: 
wandb: Run summary:
wandb: Communication Time 0.83508
wandb:    MAE (test data) 0.69263
wandb:   MAPE (test data) 92.67953
wandb:    MSE (test data) 0.64691
wandb:     R2 (test data) 0.99995
wandb:   RMSE (test data) 0.80431
wandb:    loss(test data) 0.64691
wandb: 
wandb: 🚀 View run peachy-galaxy-6 at: https://wandb.ai/digitalai/CFL9/runs/qwpm4ats
wandb: ️⚡ View job at https://wandb.ai/digitalai/CFL9/jobs/QXJ0aWZhY3RDb2xsZWN0aW9uOjE0NzM1NzYzNA==/version_details/v1
wandb: Synced 6 W&B file(s), 0 media file(s), 2 artifact file(s) and 0 other file(s)
wandb: Find logs at: ./wandb/run-20240310_080708-qwpm4ats/logs
