wandb: Currently logged in as: longyunbo218 (digitalai). Use `wandb login --relogin` to force relogin
wandb: wandb version 0.16.3 is available!  To upgrade, please run:
wandb:  $ pip install wandb --upgrade
wandb: Tracking run with wandb version 0.16.2
wandb: Run data is saved locally in /Users/yunbo/Documents/GitHub/PFL_Optimiozation/Model_training/wandb/run-20240213_142725-di3yfpva
wandb: Run `wandb offline` to turn off syncing.
wandb: Syncing run dancing-rooster-3
wandb: ⭐️ View project at https://wandb.ai/digitalai/CFL_TEST
wandb: 🚀 View run at https://wandb.ai/digitalai/CFL_TEST/runs/di3yfpva
INFO flwr 2024-02-13 14:27:31,582 | grpc.py:52 | Opened insecure gRPC connection (no certificates were passed)
DEBUG flwr 2024-02-13 14:27:31,583 | connection.py:42 | ChannelConnectivity.IDLE
DEBUG flwr 2024-02-13 14:27:31,588 | connection.py:42 | ChannelConnectivity.CONNECTING
DEBUG flwr 2024-02-13 14:27:31,588 | connection.py:42 | ChannelConnectivity.READY
torch.Size([6184, 27])
torch.Size([6184])
Epoch 1/10, Loss: 14990.0439
Epoch 2/10, Loss: 3955.5915
Epoch 3/10, Loss: 3310.4135
Epoch 4/10, Loss: 3472.7022
Epoch 5/10, Loss: 2724.4005
Epoch 6/10, Loss: 2580.0488
Epoch 7/10, Loss: 2799.6193
Epoch 8/10, Loss: 3751.0465
Epoch 9/10, Loss: 2410.1105
Epoch 10/10, Loss: 2896.0212
Performance Metrics:
RMSE (test data): 110.87163543701172
MAE (test data): 89.37974548339844
MAPE (test data): 78.61950993537903
MSE (test data): 12292.51953125
R2 (test data): 0.25244242084284463
loss (test data): 12292.519693484364
Epoch 1/10, Loss: 462.0650
Epoch 2/10, Loss: 25.1894
Epoch 3/10, Loss: 15.6202
Epoch 4/10, Loss: 10.6375
Epoch 5/10, Loss: 7.8966
Epoch 6/10, Loss: 6.8833
Epoch 7/10, Loss: 8.4527
Epoch 8/10, Loss: 4.1252
Epoch 9/10, Loss: 4.8122
Epoch 10/10, Loss: 4.7137
Performance Metrics:
RMSE (test data): 5.377739906311035
MAE (test data): 4.453097343444824
MAPE (test data): 125.60958862304688
MSE (test data): 28.920087814331055
R2 (test data): 0.9982412531232924
loss (test data): 28.920087797069982
Epoch 1/10, Loss: 7.5315
Epoch 2/10, Loss: 3.3140
Epoch 3/10, Loss: 10.5010
Epoch 4/10, Loss: 2.4420
Epoch 5/10, Loss: 1.7367
Epoch 6/10, Loss: 4.3318
Epoch 7/10, Loss: 2.0421
Epoch 8/10, Loss: 6.5619
Epoch 9/10, Loss: 22.6323
Epoch 10/10, Loss: 31.4589
Performance Metrics:
RMSE (test data): 3.0797717571258545
MAE (test data): 2.322416067123413
MAPE (test data): 126.87475681304932
MSE (test data): 9.484993934631348
R2 (test data): 0.9994231793564966
loss (test data): 9.48499401230618
Epoch 1/10, Loss: 32.9272
Epoch 2/10, Loss: 4.6231
Epoch 3/10, Loss: 14.4391
Epoch 4/10, Loss: 38.8828
Epoch 5/10, Loss: 7.4121
Epoch 6/10, Loss: 269.7291
Epoch 7/10, Loss: 2.2128
Epoch 8/10, Loss: 1.6313
Epoch 9/10, Loss: 1.0943
Epoch 10/10, Loss: 0.9953
Performance Metrics:
RMSE (test data): 1.8497381210327148
MAE (test data): 1.3753435611724854
MAPE (test data): 126.92264318466187
MSE (test data): 3.4215309619903564
R2 (test data): 0.9997919229266411
loss (test data): 3.421531146776314
Epoch 1/10, Loss: 9.9595
Epoch 2/10, Loss: 28.2800
Epoch 3/10, Loss: 26.4642
Epoch 4/10, Loss: 3.4682
Epoch 5/10, Loss: 104.9094
Epoch 6/10, Loss: 2.9101
Epoch 7/10, Loss: 4.0382
Epoch 8/10, Loss: 8.0030
Epoch 9/10, Loss: 25.7762
Epoch 10/10, Loss: 9.1725
Performance Metrics:
RMSE (test data): 1.3401310443878174
MAE (test data): 1.0146148204803467
MAPE (test data): 127.65543460845947
MSE (test data): 1.7959511280059814
R2 (test data): 0.9998907809818587
loss (test data): 1.79595121498561
Epoch 1/10, Loss: 42.8932
Epoch 2/10, Loss: 12.8866
Epoch 3/10, Loss: 7.5234
Epoch 4/10, Loss: 29.6657
Epoch 5/10, Loss: 42.8356
Epoch 6/10, Loss: 17.1205
Epoch 7/10, Loss: 39.4687
Epoch 8/10, Loss: 76.6625
Epoch 9/10, Loss: 7.3680
Epoch 10/10, Loss: 2.4955
Performance Metrics:
RMSE (test data): 2.871922254562378
MAE (test data): 2.1282639503479004
MAPE (test data): 127.77684926986694
MSE (test data): 8.247937202453613
R2 (test data): 0.9994984097960041
loss (test data): 8.247936580130263
Epoch 1/10, Loss: 4.5851
Epoch 2/10, Loss: 26.2703
Epoch 3/10, Loss: 2.9771
Epoch 4/10, Loss: 5.3011
Epoch 5/10, Loss: 35.2747
Epoch 6/10, Loss: 51.2198
Epoch 7/10, Loss: 3.5907
Epoch 8/10, Loss: 8.4971
Epoch 9/10, Loss: 12.9432
Epoch 10/10, Loss: 8.8644
Performance Metrics:
RMSE (test data): 1.54633367061615
MAE (test data): 1.1588306427001953
MAPE (test data): 127.43433713912964
MSE (test data): 2.3911478519439697
R2 (test data): 0.9998545846842722
loss (test data): 2.3911478134147877
Epoch 1/10, Loss: 10.5109
Epoch 2/10, Loss: 54.8269
Epoch 3/10, Loss: 8.8136
Epoch 4/10, Loss: 4.4876
Epoch 5/10, Loss: 79.9286
Epoch 6/10, Loss: 12.6237
Epoch 7/10, Loss: 1.3133
Epoch 8/10, Loss: 2.0041
Epoch 9/10, Loss: 9.2565
Epoch 10/10, Loss: 2.0933
Performance Metrics:
RMSE (test data): 6.085383892059326
MAE (test data): 5.092353343963623
MAPE (test data): 130.70975542068481
MSE (test data): 37.031898498535156
R2 (test data): 0.9977479412845683
loss (test data): 37.03189828400467
Epoch 1/10, Loss: 33.7017
Epoch 2/10, Loss: 25.6158
Epoch 3/10, Loss: 8.4077
Epoch 4/10, Loss: 6.6386
Epoch 5/10, Loss: 3.0051
Epoch 6/10, Loss: 1.1583
Epoch 7/10, Loss: 2.2251
Epoch 8/10, Loss: 60.9051
Epoch 9/10, Loss: 1.6479
Epoch 10/10, Loss: 0.7865
Performance Metrics:
RMSE (test data): 1.674926519393921
MAE (test data): 1.161695122718811
MAPE (test data): 127.96527147293091
MSE (test data): 2.8053786754608154
R2 (test data): 0.9998293936424134
loss (test data): 2.805378577596693
Epoch 1/10, Loss: 5.9453
Epoch 2/10, Loss: 9.9459
Epoch 3/10, Loss: 6.0502
Epoch 4/10, Loss: 4.8564
Epoch 5/10, Loss: 14.7933
Epoch 6/10, Loss: 33.8035
Epoch 7/10, Loss: 109.2392
Epoch 8/10, Loss: 5.6771
Epoch 9/10, Loss: 1.4131
Epoch 10/10, Loss: 1.2816
Performance Metrics:
RMSE (test data): 2.246875762939453
MAE (test data): 1.567832112312317
MAPE (test data): 128.25970649719238
MSE (test data): 5.048450469970703
R2 (test data): 0.9996929833959974
loss (test data): 5.048450839388502
Epoch 1/10, Loss: 2.0404
Epoch 2/10, Loss: 0.9165
Epoch 3/10, Loss: 8.2357
Epoch 4/10, Loss: 16.6065
Epoch 5/10, Loss: 3.5003
Epoch 6/10, Loss: 31.2294
Epoch 7/10, Loss: 1.9745
Epoch 8/10, Loss: 1.3656
Epoch 9/10, Loss: 11.6273
Epoch 10/10, Loss: 4.5249
Performance Metrics:
RMSE (test data): 1.4182612895965576
MAE (test data): 1.0985329151153564
MAPE (test data): 127.18243598937988
MSE (test data): 2.011465072631836
R2 (test data): 0.999877674718879
loss (test data): 2.0114650448137663
Epoch 1/10, Loss: 5.5860
Epoch 2/10, Loss: 13.7970
Epoch 3/10, Loss: 102.8401
Epoch 4/10, Loss: 14.6007
Epoch 5/10, Loss: 1.3208
Epoch 6/10, Loss: 0.4692
Epoch 7/10, Loss: 0.7233
Epoch 8/10, Loss: 0.5450
Epoch 9/10, Loss: 1.1100
Epoch 10/10, Loss: 2.4871
Performance Metrics:
RMSE (test data): 2.065742015838623
MAE (test data): 1.4345914125442505
MAPE (test data): 128.25376987457275
MSE (test data): 4.267290115356445
R2 (test data): 0.9997404889012961
loss (test data): 4.267290449173279
Epoch 1/10, Loss: 84.4618
Epoch 2/10, Loss: 0.8371
Epoch 3/10, Loss: 0.6676
Epoch 4/10, Loss: 2.7408
Epoch 5/10, Loss: 9.2325
Epoch 6/10, Loss: 13.7634
Epoch 7/10, Loss: 1.0962
Epoch 8/10, Loss: 20.7760
Epoch 9/10, Loss: 4.4328
Epoch 10/10, Loss: 1.0570
Performance Metrics:
RMSE (test data): 2.576361894607544
MAE (test data): 1.8540490865707397
MAPE (test data): 128.49981784820557
MSE (test data): 6.637640476226807
R2 (test data): 0.9995963383663976
loss (test data): 6.637640780761462
Epoch 1/10, Loss: 11.4044
Epoch 2/10, Loss: 8.8081
Epoch 3/10, Loss: 0.3899
Epoch 4/10, Loss: 0.6108
Epoch 5/10, Loss: 14.3734
Epoch 6/10, Loss: 4.0632
Epoch 7/10, Loss: 6.4985
Epoch 8/10, Loss: 13.5513
Epoch 9/10, Loss: 20.2689
Epoch 10/10, Loss: 2.6912
Performance Metrics:
RMSE (test data): 1.5684863328933716
MAE (test data): 1.1205904483795166
MAPE (test data): 127.91601419448853
MSE (test data): 2.4601495265960693
R2 (test data): 0.9998503884070724
loss (test data): 2.4601495487888783
Epoch 1/10, Loss: 5.0558
Epoch 2/10, Loss: 5.9417
Epoch 3/10, Loss: 22.3131
Epoch 4/10, Loss: 1.5486
Epoch 5/10, Loss: 1.3862
Epoch 6/10, Loss: 0.4914
Epoch 7/10, Loss: 4.8049
Epoch 8/10, Loss: 13.9277
Epoch 9/10, Loss: 11.0475
Epoch 10/10, Loss: 28.8362
Performance Metrics:
RMSE (test data): 2.099992275238037
MAE (test data): 1.6302258968353271
MAPE (test data): 127.49446630477905
MSE (test data): 4.409967422485352
R2 (test data): 0.9997318121556709
loss (test data): 4.409967172199784
Epoch 1/10, Loss: 1.8611
Epoch 2/10, Loss: 1.4310
Epoch 3/10, Loss: 7.9590
Epoch 4/10, Loss: 5.4680
Epoch 5/10, Loss: 2.0348
Epoch 6/10, Loss: 56.2901
Epoch 7/10, Loss: 19.5951
Epoch 8/10, Loss: 1.1711
Epoch 9/10, Loss: 1.1273
Epoch 10/10, Loss: 4.7481
Performance Metrics:
RMSE (test data): 2.16987943649292
MAE (test data): 1.682786464691162
MAPE (test data): 127.0048975944519
MSE (test data): 4.708376884460449
R2 (test data): 0.9997136646596567
loss (test data): 4.708376944565973
Epoch 1/10, Loss: 4.1743
Epoch 2/10, Loss: 3.5020
Epoch 3/10, Loss: 1.0449
Epoch 4/10, Loss: 3.2298
Epoch 5/10, Loss: 49.5330
Epoch 6/10, Loss: 1.7475
Epoch 7/10, Loss: 0.9371
Epoch 8/10, Loss: 13.0688
Epoch 9/10, Loss: 15.2992
Epoch 10/10, Loss: 3.5300
Performance Metrics:
RMSE (test data): 2.2500898838043213
MAE (test data): 1.7778739929199219
MAPE (test data): 128.33681106567383
MSE (test data): 5.0629048347473145
R2 (test data): 0.9996921044089145
loss (test data): 5.062904457007213
Epoch 1/10, Loss: 13.9030
Epoch 2/10, Loss: 50.2994
Epoch 3/10, Loss: 0.6638
Epoch 4/10, Loss: 0.4429
Epoch 5/10, Loss: 0.2059
Epoch 6/10, Loss: 0.2153
Epoch 7/10, Loss: 0.5541
Epoch 8/10, Loss: 0.1607
Epoch 9/10, Loss: 0.4458
Epoch 10/10, Loss: 0.3863
Performance Metrics:
RMSE (test data): 1.5784871578216553
MAE (test data): 1.0806668996810913
MAPE (test data): 127.87203788757324
MSE (test data): 2.491621732711792
R2 (test data): 0.9998484744600884
loss (test data): 2.491621722771263
Epoch 1/10, Loss: 45.2022
Epoch 2/10, Loss: 9.3015
Epoch 3/10, Loss: 1.1708
Epoch 4/10, Loss: 0.5201
Epoch 5/10, Loss: 0.3798
Epoch 6/10, Loss: 0.4985
Epoch 7/10, Loss: 27.1275
Epoch 8/10, Loss: 0.3353
Epoch 9/10, Loss: 0.4034
Epoch 10/10, Loss: 0.5795
Performance Metrics:
RMSE (test data): 2.3520803451538086
MAE (test data): 1.8275315761566162
MAPE (test data): 127.40010023117065
MSE (test data): 5.532281398773193
R2 (test data): 0.9996635596923208
loss (test data): 5.532281717178354
Epoch 1/10, Loss: 12.8846
Epoch 2/10, Loss: 0.5975
Epoch 3/10, Loss: 3.0021
Epoch 4/10, Loss: 14.6558
Epoch 5/10, Loss: 7.2505
Epoch 6/10, Loss: 22.3388
Epoch 7/10, Loss: 1.2638
Epoch 8/10, Loss: 3.0651
Epoch 9/10, Loss: 4.6499
Epoch 10/10, Loss: 4.7187
Performance Metrics:
RMSE (test data): 3.3927252292633057
MAE (test data): 2.876868486404419
MAPE (test data): 129.0290117263794
MSE (test data): 11.510584831237793
R2 (test data): 0.9992999950379183
loss (test data): 11.510584705478543
Epoch 1/10, Loss: 4.0706
Epoch 2/10, Loss: 2.4037
Epoch 3/10, Loss: 50.3362
Epoch 4/10, Loss: 1.5477
Epoch 5/10, Loss: 0.6184
Epoch 6/10, Loss: 0.8445
Epoch 7/10, Loss: 10.7321
Epoch 8/10, Loss: 0.3831
Epoch 9/10, Loss: 0.2159
Epoch 10/10, Loss: 8.8703
Performance Metrics:
RMSE (test data): 13.094593048095703
MAE (test data): 12.471806526184082
MAPE (test data): 134.18289422988892
MSE (test data): 171.46836853027344
R2 (test data): 0.9895723190167569
loss (test data): 171.4683611918513
Epoch 1/10, Loss: 18.5284
Epoch 2/10, Loss: 0.6486
Epoch 3/10, Loss: 3.1964
Epoch 4/10, Loss: 0.6085
Epoch 5/10, Loss: 2.0746
Epoch 6/10, Loss: 33.0825
Epoch 7/10, Loss: 0.3173
Epoch 8/10, Loss: 0.2378
Epoch 9/10, Loss: 11.9253
Epoch 10/10, Loss: 1.0833
Performance Metrics:
RMSE (test data): 1.9299732446670532
MAE (test data): 1.4262564182281494
MAPE (test data): 127.9938817024231
MSE (test data): 3.724796772003174
R2 (test data): 0.9997734801121668
loss (test data): 3.7247969763619557
Epoch 1/10, Loss: 1.9587
Epoch 2/10, Loss: 4.6090
Epoch 3/10, Loss: 0.8899
Epoch 4/10, Loss: 9.6170
Epoch 5/10, Loss: 5.7923
Epoch 6/10, Loss: 0.1570
Epoch 7/10, Loss: 1.2997
Epoch 8/10, Loss: 23.5052
Epoch 9/10, Loss: 0.7547
Epoch 10/10, Loss: 0.8343
Performance Metrics:
RMSE (test data): 1.9395767450332642
MAE (test data): 1.3822475671768188
MAPE (test data): 128.08399200439453
MSE (test data): 3.761957883834839
R2 (test data): 0.9997712201847719
loss (test data): 3.7619582088670196
Epoch 1/10, Loss: 5.2587
Epoch 2/10, Loss: 0.5185
Epoch 3/10, Loss: 0.8463
Epoch 4/10, Loss: 13.2061
Epoch 5/10, Loss: 12.7680
Epoch 6/10, Loss: 0.4103
Epoch 7/10, Loss: 0.1953
Epoch 8/10, Loss: 0.7117
Epoch 9/10, Loss: 2.1247
Epoch 10/10, Loss: 36.8065
Performance Metrics:
RMSE (test data): 4.805976867675781
MAE (test data): 4.2600531578063965
MAPE (test data): 129.81723546981812
MSE (test data): 23.097412109375
R2 (test data): 0.9985953533985322
loss (test data): 23.097412894753848
Epoch 1/10, Loss: 2.3019
Epoch 2/10, Loss: 0.1503
Epoch 3/10, Loss: 0.9055
Epoch 4/10, Loss: 4.1485
Epoch 5/10, Loss: 1.6532
Epoch 6/10, Loss: 6.9095
Epoch 7/10, Loss: 35.5179
Epoch 8/10, Loss: 0.1901
Epoch 9/10, Loss: 0.1064
Epoch 10/10, Loss: 0.1224
Performance Metrics:
RMSE (test data): 1.8835153579711914
MAE (test data): 1.2912830114364624
MAPE (test data): 128.1167507171631
MSE (test data): 3.5476300716400146
R2 (test data): 0.9997842543543173
loss (test data): 3.5476299281573405
Epoch 1/10, Loss: 1.9965
Epoch 2/10, Loss: 9.6684
Epoch 3/10, Loss: 0.1243
Epoch 4/10, Loss: 0.5057
Epoch 5/10, Loss: 25.9882
Epoch 6/10, Loss: 40.3762
Epoch 7/10, Loss: 0.1756
Epoch 8/10, Loss: 0.1174
Epoch 9/10, Loss: 0.1036
Epoch 10/10, Loss: 0.1145
Performance Metrics:
RMSE (test data): 2.427212715148926
MAE (test data): 1.857066035270691
MAPE (test data): 128.47048044204712
MSE (test data): 5.891361713409424
R2 (test data): 0.9996417226023382
loss (test data): 5.891361544189256
Epoch 1/10, Loss: 1.1562
Epoch 2/10, Loss: 0.2854
Epoch 3/10, Loss: 0.3336
Epoch 4/10, Loss: 1.2496
Epoch 5/10, Loss: 2.1729
Epoch 6/10, Loss: 1.9205
Epoch 7/10, Loss: 30.1761
Epoch 8/10, Loss: 3.4054
Epoch 9/10, Loss: 0.2203
Epoch 10/10, Loss: 0.8013
Performance Metrics:
RMSE (test data): 1.635764479637146
MAE (test data): 1.0948385000228882
MAPE (test data): 127.87330150604248
MSE (test data): 2.6757254600524902
R2 (test data): 0.9998372783735854
loss (test data): 2.6757254178245065
Epoch 1/10, Loss: 0.9875
Epoch 2/10, Loss: 0.6358
Epoch 3/10, Loss: 1.1209
Epoch 4/10, Loss: 35.5139
Epoch 5/10, Loss: 0.6101
Epoch 6/10, Loss: 2.9957
Epoch 7/10, Loss: 0.2873
Epoch 8/10, Loss: 0.1220
Epoch 9/10, Loss: 0.3419
Epoch 10/10, Loss: 0.5087
Performance Metrics:
RMSE (test data): 2.491621494293213
MAE (test data): 1.8802180290222168
MAPE (test data): 128.3647656440735
MSE (test data): 6.20817756652832
R2 (test data): 0.999622455720616
loss (test data): 6.208177908050991
Epoch 1/10, Loss: 14.8395
Epoch 2/10, Loss: 70.4787
Epoch 3/10, Loss: 0.1667
Epoch 4/10, Loss: 0.0946
Epoch 5/10, Loss: 0.0876
Epoch 6/10, Loss: 0.0922
Epoch 7/10, Loss: 0.0853
Epoch 8/10, Loss: 0.0771
Epoch 9/10, Loss: 0.0978
Epoch 10/10, Loss: 0.0775
Performance Metrics:
RMSE (test data): 7.859304428100586
MAE (test data): 6.162048816680908
MAPE (test data): 125.64376592636108
MSE (test data): 61.7686653137207
R2 (test data): 0.9962435991977248
loss (test data): 61.76866092940801
Epoch 1/10, Loss: 29.9704
Epoch 2/10, Loss: 0.1142
Epoch 3/10, Loss: 0.1266
Epoch 4/10, Loss: 0.1603
Epoch 5/10, Loss: 0.4518
Epoch 6/10, Loss: 0.1869
Epoch 7/10, Loss: 0.4157
Epoch 8/10, Loss: 2.1013
Epoch 9/10, Loss: 189.7415
Epoch 10/10, Loss: 0.7749
Performance Metrics:
RMSE (test data): 2.2973663806915283
MAE (test data): 1.6972535848617554
MAPE (test data): 128.19702625274658
MSE (test data): 5.277892112731934
R2 (test data): 0.9996790301324874
loss (test data): 5.2778923573151815
Epoch 1/10, Loss: 0.6869
Epoch 2/10, Loss: 0.1052
Epoch 3/10, Loss: 0.0738
Epoch 4/10, Loss: 0.0509
Epoch 5/10, Loss: 0.0652
Epoch 6/10, Loss: 0.0533
Epoch 7/10, Loss: 0.0744
Epoch 8/10, Loss: 0.0360
Epoch 9/10, Loss: 0.1390
Epoch 10/10, Loss: 0.1524
Performance Metrics:
RMSE (test data): 3.8220248222351074
MAE (test data): 2.9591121673583984
MAPE (test data): 129.23872470855713
MSE (test data): 14.60787296295166
R2 (test data): 0.999111636480801
loss (test data): 14.607872943841185
Epoch 1/10, Loss: 3.6598
Epoch 2/10, Loss: 5.5932
Epoch 3/10, Loss: 0.1519
Epoch 4/10, Loss: 0.1112
Epoch 5/10, Loss: 0.1801
Epoch 6/10, Loss: 3.4515
Epoch 7/10, Loss: 33.9303
Epoch 8/10, Loss: 0.2510
Epoch 9/10, Loss: 0.0961
Epoch 10/10, Loss: 0.0901
Performance Metrics:
RMSE (test data): 2.130427598953247
MAE (test data): 1.6065213680267334
MAPE (test data): 128.29991579055786
MSE (test data): 4.538722038269043
R2 (test data): 0.9997239820326705
loss (test data): 4.538722368695309
Epoch 1/10, Loss: 1.0573
Epoch 2/10, Loss: 0.0935
Epoch 3/10, Loss: 0.1278
Epoch 4/10, Loss: 0.1634
Epoch 5/10, Loss: 25.3075
Epoch 6/10, Loss: 24.1602
Epoch 7/10, Loss: 0.1749
Epoch 8/10, Loss: 0.1162
Epoch 9/10, Loss: 0.4444
Epoch 10/10, Loss: 0.0843
Performance Metrics:
RMSE (test data): 1.9262185096740723
MAE (test data): 1.358609914779663
MAPE (test data): 128.17342281341553
MSE (test data): 3.710317611694336
R2 (test data): 0.9997743606634928
loss (test data): 3.7103175499705863
Epoch 1/10, Loss: 10.5163
Epoch 2/10, Loss: 1.7556
Epoch 3/10, Loss: 0.1605
Epoch 4/10, Loss: 1.4381
DEBUG flwr 2024-02-13 14:28:22,854 | connection.py:141 | gRPC channel closed
Epoch 5/10, Loss: 7.8495
Epoch 6/10, Loss: 0.1563
Epoch 7/10, Loss: 0.1501
Epoch 8/10, Loss: 6.2071
Epoch 9/10, Loss: 16.2184
Epoch 10/10, Loss: 0.5335
Performance Metrics:
RMSE (test data): 2.145453453063965
MAE (test data): 1.5629419088363647
MAPE (test data): 128.3026099205017
MSE (test data): 4.602970600128174
R2 (test data): 0.9997200748377496
loss (test data): 4.602970707085183
Epoch 1/10, Loss: 0.7613
Epoch 2/10, Loss: 0.1308
Epoch 3/10, Loss: 3.1105
Epoch 4/10, Loss: 0.1171
Epoch 5/10, Loss: 0.1290
Epoch 6/10, Loss: 0.0937
Epoch 7/10, Loss: 14.6062
Epoch 8/10, Loss: 0.4760
Epoch 9/10, Loss: 0.1895
Epoch 10/10, Loss: 1.8170
Performance Metrics:
RMSE (test data): 1.8176671266555786
MAE (test data): 1.2246570587158203
MAPE (test data): 128.08010578155518
MSE (test data): 3.3039135932922363
R2 (test data): 0.9997990757283984
loss (test data): 3.3039134945034134
Traceback (most recent call last):
  File "/Users/yunbo/Documents/GitHub/PFL_Optimiozation/Model_training/client_MLP1.py", line 338, in <module>
    fl.client.start_numpy_client(
  File "/Users/yunbo/anaconda3/envs/basic/lib/python3.9/site-packages/flwr/client/app.py", line 401, in start_numpy_client
    start_client(
  File "/Users/yunbo/anaconda3/envs/basic/lib/python3.9/site-packages/flwr/client/app.py", line 294, in start_client
    bwd_msg: Bwd = app(fwd=fwd_msg)
  File "/Users/yunbo/anaconda3/envs/basic/lib/python3.9/site-packages/flwr/client/flower.py", line 82, in __call__
    task_res = handle(
  File "/Users/yunbo/anaconda3/envs/basic/lib/python3.9/site-packages/flwr/client/message_handler/message_handler.py", line 117, in handle
    client_msg = handle_legacy_message(client_fn, server_msg)
  File "/Users/yunbo/anaconda3/envs/basic/lib/python3.9/site-packages/flwr/client/message_handler/message_handler.py", line 155, in handle_legacy_message
    return _evaluate(client, server_msg.evaluate_ins)
  File "/Users/yunbo/anaconda3/envs/basic/lib/python3.9/site-packages/flwr/client/message_handler/message_handler.py", line 227, in _evaluate
    evaluate_res = maybe_call_evaluate(
  File "/Users/yunbo/anaconda3/envs/basic/lib/python3.9/site-packages/flwr/client/client.py", line 243, in maybe_call_evaluate
    return client.evaluate(evaluate_ins)
  File "/Users/yunbo/anaconda3/envs/basic/lib/python3.9/site-packages/flwr/client/numpy_client.py", line 251, in _evaluate
    results = self.numpy_client.evaluate(parameters, ins.config)  # type: ignore
  File "/Users/yunbo/Documents/GitHub/PFL_Optimiozation/Model_training/client_MLP1.py", line 311, in evaluate
    wandb.log({'Scatter Plot': wandb.Image('scatter_plot0.png')})
  File "/Users/yunbo/anaconda3/envs/basic/lib/python3.9/site-packages/wandb/sdk/data_types/image.py", line 177, in __init__
    self._initialize_from_path(data_or_path)
  File "/Users/yunbo/anaconda3/envs/basic/lib/python3.9/site-packages/wandb/sdk/data_types/image.py", line 278, in _initialize_from_path
    self._image.load()
  File "/Users/yunbo/anaconda3/envs/basic/lib/python3.9/site-packages/PIL/ImageFile.py", line 288, in load
    raise_oserror(err_code)
  File "/Users/yunbo/anaconda3/envs/basic/lib/python3.9/site-packages/PIL/ImageFile.py", line 72, in raise_oserror
    raise OSError(msg)
OSError: unrecognized data stream contents when reading image file
Traceback (most recent call last):
  File "/Users/yunbo/Documents/GitHub/PFL_Optimiozation/Model_training/client_MLP1.py", line 338, in <module>
    fl.client.start_numpy_client(
  File "/Users/yunbo/anaconda3/envs/basic/lib/python3.9/site-packages/flwr/client/app.py", line 401, in start_numpy_client
    start_client(
  File "/Users/yunbo/anaconda3/envs/basic/lib/python3.9/site-packages/flwr/client/app.py", line 294, in start_client
    bwd_msg: Bwd = app(fwd=fwd_msg)
  File "/Users/yunbo/anaconda3/envs/basic/lib/python3.9/site-packages/flwr/client/flower.py", line 82, in __call__
    task_res = handle(
  File "/Users/yunbo/anaconda3/envs/basic/lib/python3.9/site-packages/flwr/client/message_handler/message_handler.py", line 117, in handle
    client_msg = handle_legacy_message(client_fn, server_msg)
  File "/Users/yunbo/anaconda3/envs/basic/lib/python3.9/site-packages/flwr/client/message_handler/message_handler.py", line 155, in handle_legacy_message
    return _evaluate(client, server_msg.evaluate_ins)
  File "/Users/yunbo/anaconda3/envs/basic/lib/python3.9/site-packages/flwr/client/message_handler/message_handler.py", line 227, in _evaluate
    evaluate_res = maybe_call_evaluate(
  File "/Users/yunbo/anaconda3/envs/basic/lib/python3.9/site-packages/flwr/client/client.py", line 243, in maybe_call_evaluate
    return client.evaluate(evaluate_ins)
  File "/Users/yunbo/anaconda3/envs/basic/lib/python3.9/site-packages/flwr/client/numpy_client.py", line 251, in _evaluate
    results = self.numpy_client.evaluate(parameters, ins.config)  # type: ignore
  File "/Users/yunbo/Documents/GitHub/PFL_Optimiozation/Model_training/client_MLP1.py", line 311, in evaluate
    wandb.log({'Scatter Plot': wandb.Image('scatter_plot0.png')})
  File "/Users/yunbo/anaconda3/envs/basic/lib/python3.9/site-packages/wandb/sdk/data_types/image.py", line 177, in __init__
    self._initialize_from_path(data_or_path)
  File "/Users/yunbo/anaconda3/envs/basic/lib/python3.9/site-packages/wandb/sdk/data_types/image.py", line 278, in _initialize_from_path
    self._image.load()
  File "/Users/yunbo/anaconda3/envs/basic/lib/python3.9/site-packages/PIL/ImageFile.py", line 288, in load
    raise_oserror(err_code)
  File "/Users/yunbo/anaconda3/envs/basic/lib/python3.9/site-packages/PIL/ImageFile.py", line 72, in raise_oserror
    raise OSError(msg)
OSError: unrecognized data stream contents when reading image file
wandb: - 2.370 MB of 2.370 MB uploadedwandb: \ 2.370 MB of 2.370 MB uploadedwandb: | 2.378 MB of 2.413 MB uploadedwandb: / 2.413 MB of 2.413 MB uploadedwandb: 
wandb: Run history:
wandb: Communication Time █▄▂▂▃▁▃▂▂▃▃▅▄▄▂▃▄▃▃▂▄▃▃▃▂▅▃▄▂▃▃▃▃▂▅
wandb:    MAE (test data) █▁▁▁▁▁▁▁▁▁▁▁▁▁▁▁▁▁▁▁▂▁▁▁▁▁▁▁▁▁▁▁▁▁▁
wandb:   MAPE (test data) ▁▇▇▇▇▇▇█▇▇▇▇▇▇▇▇▇▇▇▇█▇▇▇▇▇▇▇▇▇▇▇▇▇▇
wandb:    MSE (test data) █▁▁▁▁▁▁▁▁▁▁▁▁▁▁▁▁▁▁▁▁▁▁▁▁▁▁▁▁▁▁▁▁▁▁
wandb:     R2 (test data) ▁██████████████████████████████████
wandb:   RMSE (test data) █▁▁▁▁▁▁▁▁▁▁▁▁▁▁▁▁▁▁▁▂▁▁▁▁▁▁▁▁▁▁▁▁▁▁
wandb:    loss(test data) █▁▁▁▁▁▁▁▁▁▁▁▁▁▁▁▁▁▁▁▁▁▁▁▁▁▁▁▁▁▁▁▁▁▁
wandb: 
wandb: Run summary:
wandb: Communication Time 1.06517
wandb:    MAE (test data) 1.22466
wandb:   MAPE (test data) 128.08011
wandb:    MSE (test data) 3.30391
wandb:     R2 (test data) 0.9998
wandb:   RMSE (test data) 1.81767
wandb:    loss(test data) 3.30391
wandb: 
wandb: 🚀 View run dancing-rooster-3 at: https://wandb.ai/digitalai/CFL_TEST/runs/di3yfpva
wandb: ️⚡ View job at https://wandb.ai/digitalai/CFL_TEST/jobs/QXJ0aWZhY3RDb2xsZWN0aW9uOjEzOTQ0MjUyOQ==/version_details/v0
wandb: Synced 6 W&B file(s), 65 media file(s), 2 artifact file(s) and 0 other file(s)
wandb: Find logs at: ./wandb/run-20240213_142725-di3yfpva/logs
