wandb: Currently logged in as: longyunbo218 (digitalai). Use `wandb login --relogin` to force relogin
wandb: wandb version 0.16.4 is available!  To upgrade, please run:
wandb:  $ pip install wandb --upgrade
wandb: Tracking run with wandb version 0.16.2
wandb: Run data is saved locally in /Users/yunbo/Documents/GitHub/PFL_Optimiozation/Model_training/1_cluster/wandb/run-20240309_123333-7tw3x05q
wandb: Run `wandb offline` to turn off syncing.
wandb: Syncing run noble-durian-26
wandb: ⭐️ View project at https://wandb.ai/digitalai/CFL
wandb: 🚀 View run at https://wandb.ai/digitalai/CFL/runs/7tw3x05q
INFO flwr 2024-03-09 12:33:57,523 | grpc.py:52 | Opened insecure gRPC connection (no certificates were passed)
DEBUG flwr 2024-03-09 12:33:57,531 | connection.py:42 | ChannelConnectivity.IDLE
DEBUG flwr 2024-03-09 12:33:57,532 | connection.py:42 | ChannelConnectivity.READY
Epoch 1/10, Loss: 20218.0938
Epoch 2/10, Loss: 5788.7932
Epoch 3/10, Loss: 4824.6452
Epoch 4/10, Loss: 4359.6730
Epoch 5/10, Loss: 3823.7087
Epoch 6/10, Loss: 3567.8711
Epoch 7/10, Loss: 3576.7137
Epoch 8/10, Loss: 3481.4527
Epoch 9/10, Loss: 4276.7902
Epoch 10/10, Loss: 3833.8287
Performance Metrics:
RMSE (test data): 201.77732849121094
MAE (test data): 145.50311279296875
MAPE (test data): 71.05331420898438
MSE (test data): 40714.08984375
R2 (test data): -0.7173440027039681
loss (test data): 40714.09133184524
Epoch 1/10, Loss: 3489.4353
Epoch 2/10, Loss: 51.5419
Epoch 3/10, Loss: 35.3150
Epoch 4/10, Loss: 33.4054
Epoch 5/10, Loss: 22.8529
Epoch 6/10, Loss: 17.3637
Epoch 7/10, Loss: 16.7714
Epoch 8/10, Loss: 11.7625
Epoch 9/10, Loss: 7.5618
Epoch 10/10, Loss: 12.4845
Performance Metrics:
RMSE (test data): 146.78358459472656
MAE (test data): 106.90766906738281
MAPE (test data): 81.66399002075195
MSE (test data): 21545.419921875
R2 (test data): 0.09120172025794304
loss (test data): 21545.418741414836
Epoch 1/10, Loss: 1157.5166
Epoch 2/10, Loss: 25.3928
Epoch 3/10, Loss: 12.4053
Epoch 4/10, Loss: 8.9486
Epoch 5/10, Loss: 8.6135
Epoch 6/10, Loss: 6.8138
Epoch 7/10, Loss: 5.1593
Epoch 8/10, Loss: 3.6590
Epoch 9/10, Loss: 4.2272
Epoch 10/10, Loss: 5.1342
Performance Metrics:
RMSE (test data): 114.90707397460938
MAE (test data): 87.26676177978516
MAPE (test data): 95.67143321037292
MSE (test data): 13203.6357421875
R2 (test data): 0.44306296433579373
loss (test data): 13203.636057871165
Epoch 1/10, Loss: 615.4610
Epoch 2/10, Loss: 23.9972
Epoch 3/10, Loss: 10.9538
Epoch 4/10, Loss: 8.3232
Epoch 5/10, Loss: 6.5698
Epoch 6/10, Loss: 7.2534
Epoch 7/10, Loss: 4.2792
Epoch 8/10, Loss: 4.7570
Epoch 9/10, Loss: 3.1916
Epoch 10/10, Loss: 4.9011
Performance Metrics:
RMSE (test data): 106.6469955444336
MAE (test data): 80.30225372314453
MAPE (test data): 99.85536336898804
MSE (test data): 11373.5810546875
R2 (test data): 0.5202557242975849
loss (test data): 11373.581562643087
Epoch 1/10, Loss: 864.6308
Epoch 2/10, Loss: 22.3888
Epoch 3/10, Loss: 18.7078
Epoch 4/10, Loss: 14.8118
Epoch 5/10, Loss: 13.5243
Epoch 6/10, Loss: 11.0280
Epoch 7/10, Loss: 10.1235
Epoch 8/10, Loss: 9.3899
Epoch 9/10, Loss: 8.1924
Epoch 10/10, Loss: 9.0175
Performance Metrics:
RMSE (test data): 107.0489273071289
MAE (test data): 76.74220275878906
MAPE (test data): 97.26245403289795
MSE (test data): 11459.47265625
R2 (test data): 0.5166327853353005
loss (test data): 11459.472865513393
Epoch 1/10, Loss: 737.1570
Epoch 2/10, Loss: 11.7078
Epoch 3/10, Loss: 6.6698
Epoch 4/10, Loss: 6.2807
Epoch 5/10, Loss: 5.0480
Epoch 6/10, Loss: 4.5117
Epoch 7/10, Loss: 5.3107
Epoch 8/10, Loss: 3.6246
Epoch 9/10, Loss: 3.8287
Epoch 10/10, Loss: 2.6680
Performance Metrics:
RMSE (test data): 101.68858337402344
MAE (test data): 77.26752471923828
MAPE (test data): 100.10255575180054
MSE (test data): 10340.5673828125
R2 (test data): 0.5638288510395544
loss (test data): 10340.567744104854
Epoch 1/10, Loss: 388.9490
Epoch 2/10, Loss: 30.4306
Epoch 3/10, Loss: 13.6949
Epoch 4/10, Loss: 9.6224
Epoch 5/10, Loss: 7.6959
Epoch 6/10, Loss: 7.5467
Epoch 7/10, Loss: 4.7788
Epoch 8/10, Loss: 5.3582
Epoch 9/10, Loss: 28.9276
Epoch 10/10, Loss: 61.5694
Performance Metrics:
RMSE (test data): 96.72842407226562
MAE (test data): 72.04322814941406
MAPE (test data): 101.52252912521362
MSE (test data): 9356.388671875
R2 (test data): 0.6053421341420592
loss (test data): 9356.3876953125
Epoch 1/10, Loss: 436.9931
Epoch 2/10, Loss: 6.9798
Epoch 3/10, Loss: 4.9499
Epoch 4/10, Loss: 3.7003
Epoch 5/10, Loss: 6.8906
Epoch 6/10, Loss: 3.1624
Epoch 7/10, Loss: 4.4018
Epoch 8/10, Loss: 2.6229
Epoch 9/10, Loss: 3.4046
Epoch 10/10, Loss: 7.6550
Performance Metrics:
RMSE (test data): 99.35828399658203
MAE (test data): 74.50361633300781
MAPE (test data): 100.80162286758423
MSE (test data): 9872.0693359375
R2 (test data): 0.5835903576391295
loss (test data): 9872.07007014795
Epoch 1/10, Loss: 526.8795
Epoch 2/10, Loss: 20.3861
Epoch 3/10, Loss: 17.0134
Epoch 4/10, Loss: 11.6852
Epoch 5/10, Loss: 8.9696
Epoch 6/10, Loss: 7.8116
Epoch 7/10, Loss: 5.7951
Epoch 8/10, Loss: 6.9239
Epoch 9/10, Loss: 4.0075
Epoch 10/10, Loss: 5.0707
Performance Metrics:
RMSE (test data): 96.4620590209961
MAE (test data): 71.56178283691406
MAPE (test data): 101.57084465026855
MSE (test data): 9304.9287109375
R2 (test data): 0.607512716044172
loss (test data): 9304.928501674107
Epoch 1/10, Loss: 440.0504
Epoch 2/10, Loss: 9.4002
Epoch 3/10, Loss: 9.5005
Epoch 4/10, Loss: 8.5270
Epoch 5/10, Loss: 5.9280
Epoch 6/10, Loss: 4.0688
Epoch 7/10, Loss: 3.7089
Epoch 8/10, Loss: 5.9900
Epoch 9/10, Loss: 4.1551
Epoch 10/10, Loss: 1.6877
Performance Metrics:
RMSE (test data): 94.55577850341797
MAE (test data): 69.46311950683594
MAPE (test data): 103.74561548233032
MSE (test data): 8940.7958984375
R2 (test data): 0.6228720469370088
loss (test data): 8940.795753115699
Epoch 1/10, Loss: 333.3094
Epoch 2/10, Loss: 6.8359
Epoch 3/10, Loss: 4.1065
Epoch 4/10, Loss: 3.6783
Epoch 5/10, Loss: 3.0800
Epoch 6/10, Loss: 2.1977
Epoch 7/10, Loss: 5.7622
Epoch 8/10, Loss: 2.3482
Epoch 9/10, Loss: 2.8448
Epoch 10/10, Loss: 1.4252
Performance Metrics:
RMSE (test data): 94.35301971435547
MAE (test data): 68.73991394042969
MAPE (test data): 102.52845287322998
MSE (test data): 8902.4921875
R2 (test data): 0.6244876871134909
loss (test data): 8902.492529118017
Epoch 1/10, Loss: 435.6567
Epoch 2/10, Loss: 4.9694
Epoch 3/10, Loss: 3.8079
Epoch 4/10, Loss: 2.9617
Epoch 5/10, Loss: 2.4742
Epoch 6/10, Loss: 2.4613
Epoch 7/10, Loss: 1.5129
Epoch 8/10, Loss: 1.1764
Epoch 9/10, Loss: 1.5793
Epoch 10/10, Loss: 0.8817
Performance Metrics:
RMSE (test data): 97.99071502685547
MAE (test data): 74.64111328125
MAPE (test data): 101.86018943786621
MSE (test data): 9602.1796875
R2 (test data): 0.5949744738392369
loss (test data): 9602.18005952381
Epoch 1/10, Loss: 468.4066
Epoch 2/10, Loss: 5.0960
Epoch 3/10, Loss: 3.1051
Epoch 4/10, Loss: 2.1389
Epoch 5/10, Loss: 1.6910
Epoch 6/10, Loss: 1.2477
Epoch 7/10, Loss: 1.4156
Epoch 8/10, Loss: 0.9126
Epoch 9/10, Loss: 0.7034
Epoch 10/10, Loss: 0.8687
Performance Metrics:
RMSE (test data): 94.32328796386719
MAE (test data): 68.97420501708984
MAPE (test data): 101.9838809967041
MSE (test data): 8896.8828125
R2 (test data): 0.6247243363033558
loss (test data): 8896.882290235806
Epoch 1/10, Loss: 372.1408
Epoch 2/10, Loss: 2.6146
Epoch 3/10, Loss: 1.6850
Epoch 4/10, Loss: 1.2015
Epoch 5/10, Loss: 1.0832
Epoch 6/10, Loss: 0.7940
Epoch 7/10, Loss: 0.8024
Epoch 8/10, Loss: 0.5816
Epoch 9/10, Loss: 0.5756
Epoch 10/10, Loss: 0.4656
Performance Metrics:
RMSE (test data): 95.97122955322266
MAE (test data): 74.4141616821289
MAPE (test data): 103.16005945205688
MSE (test data): 9210.4775390625
R2 (test data): 0.6114967071528822
loss (test data): 9210.47770003434
Epoch 1/10, Loss: 265.7562
Epoch 2/10, Loss: 4.5731
Epoch 3/10, Loss: 1.6362
Epoch 4/10, Loss: 1.2362
Epoch 5/10, Loss: 1.1537
Epoch 6/10, Loss: 1.0584
Epoch 7/10, Loss: 1.1183
Epoch 8/10, Loss: 0.6497
Epoch 9/10, Loss: 0.5639
Epoch 10/10, Loss: 1.0621
Performance Metrics:
RMSE (test data): 94.96879577636719
MAE (test data): 70.4856948852539
MAPE (test data): 102.3766279220581
MSE (test data): 9019.072265625
R2 (test data): 0.6195702627258826
loss (test data): 9019.073154547275
Epoch 1/10, Loss: 477.4174
Epoch 2/10, Loss: 2.5771
Epoch 3/10, Loss: 1.5784
Epoch 4/10, Loss: 1.1309
Epoch 5/10, Loss: 1.0824
Epoch 6/10, Loss: 0.7478
Epoch 7/10, Loss: 0.7102
Epoch 8/10, Loss: 0.5801
Epoch 9/10, Loss: 0.6100
Epoch 10/10, Loss: 0.5324
Performance Metrics:
RMSE (test data): 97.25037384033203
MAE (test data): 75.0082778930664
MAPE (test data): 102.11719274520874
MSE (test data): 9457.6357421875
R2 (test data): 0.6010714360575267
loss (test data): 9457.635572272779
Epoch 1/10, Loss: 440.2305
Epoch 2/10, Loss: 2.0046
Epoch 3/10, Loss: 1.3636
Epoch 4/10, Loss: 1.1102
Epoch 5/10, Loss: 0.9834
Epoch 6/10, Loss: 0.9440
Epoch 7/10, Loss: 0.6346
Epoch 8/10, Loss: 0.5227
Epoch 9/10, Loss: 0.4332
Epoch 10/10, Loss: 0.5305
Performance Metrics:
RMSE (test data): 92.8965835571289
MAE (test data): 67.20829010009766
MAPE (test data): 102.93982028961182
MSE (test data): 8629.775390625
R2 (test data): 0.635991055522467
loss (test data): 8629.77553013393
Epoch 1/10, Loss: 305.4410
Epoch 2/10, Loss: 2.5146
Epoch 3/10, Loss: 1.7280
Epoch 4/10, Loss: 1.4005
Epoch 5/10, Loss: 0.9654
Epoch 6/10, Loss: 0.8563
Epoch 7/10, Loss: 0.6459
Epoch 8/10, Loss: 0.6772
Epoch 9/10, Loss: 0.5447
Epoch 10/10, Loss: 0.3637
Performance Metrics:
RMSE (test data): 98.10928344726562
MAE (test data): 77.73744201660156
MAPE (test data): 102.57517099380493
MSE (test data): 9625.431640625
R2 (test data): 0.5939937216184046
loss (test data): 9625.431236406823
Epoch 1/10, Loss: 459.6623
Epoch 2/10, Loss: 3.3510
Epoch 3/10, Loss: 1.1290
Epoch 4/10, Loss: 0.8731
Epoch 5/10, Loss: 0.7345
Epoch 6/10, Loss: 0.6241
Epoch 7/10, Loss: 0.4824
Epoch 8/10, Loss: 0.4642
Epoch 9/10, Loss: 0.3792
Epoch 10/10, Loss: 0.3114
Performance Metrics:
RMSE (test data): 93.43748474121094
MAE (test data): 67.61375427246094
MAPE (test data): 102.53109931945801
MSE (test data): 8730.5634765625
R2 (test data): 0.6317397645335516
loss (test data): 8730.563408596612
Epoch 1/10, Loss: 292.8597
Epoch 2/10, Loss: 3.0749
Epoch 3/10, Loss: 1.5406
Epoch 4/10, Loss: 1.3434
Epoch 5/10, Loss: 0.9307
Epoch 6/10, Loss: 0.6979
Epoch 7/10, Loss: 0.5832
Epoch 8/10, Loss: 0.5184
Epoch 9/10, Loss: 0.4713
Epoch 10/10, Loss: 0.3091
Performance Metrics:
RMSE (test data): 101.72665405273438
MAE (test data): 82.69778442382812
MAPE (test data): 101.32147073745728
MSE (test data): 10348.3115234375
R2 (test data): 0.5635022106383366
loss (test data): 10348.311659369276
Epoch 1/10, Loss: 570.5981
Epoch 2/10, Loss: 3.6707
Epoch 3/10, Loss: 1.9434
Epoch 4/10, Loss: 1.7876
Epoch 5/10, Loss: 1.2280
Epoch 6/10, Loss: 1.0262
Epoch 7/10, Loss: 0.9217
Epoch 8/10, Loss: 0.8041
Epoch 9/10, Loss: 0.5438
Epoch 10/10, Loss: 0.6036
Performance Metrics:
RMSE (test data): 96.20167541503906
MAE (test data): 72.26332092285156
MAPE (test data): 101.35091543197632
MSE (test data): 9254.7626953125
R2 (test data): 0.6096287447442794
loss (test data): 9254.76253434066
Epoch 1/10, Loss: 323.1122
Epoch 2/10, Loss: 2.3856
Epoch 3/10, Loss: 1.4761
Epoch 4/10, Loss: 0.9245
Epoch 5/10, Loss: 0.8171
Epoch 6/10, Loss: 0.4803
Epoch 7/10, Loss: 0.4076
Epoch 8/10, Loss: 0.3561
Epoch 9/10, Loss: 0.3072
Epoch 10/10, Loss: 0.2639
Performance Metrics:
RMSE (test data): 96.6024169921875
MAE (test data): 75.89286041259766
MAPE (test data): 102.81161069869995
MSE (test data): 9332.02734375
R2 (test data): 0.6063696588738595
loss (test data): 9332.027426024497
Epoch 1/10, Loss: 569.3452
Epoch 2/10, Loss: 3.0200
Epoch 3/10, Loss: 2.0992
Epoch 4/10, Loss: 1.6170
Epoch 5/10, Loss: 1.2012
Epoch 6/10, Loss: 0.9329
Epoch 7/10, Loss: 0.8572
Epoch 8/10, Loss: 0.6730
Epoch 9/10, Loss: 0.5561
Epoch 10/10, Loss: 0.5254
Performance Metrics:
RMSE (test data): 96.23711395263672
MAE (test data): 75.76251983642578
MAPE (test data): 102.68425941467285
MSE (test data): 9261.58203125
R2 (test data): 0.6093410431528049
loss (test data): 9261.583131224244
Epoch 1/10, Loss: 419.0279
Epoch 2/10, Loss: 2.1232
Epoch 3/10, Loss: 1.3516
Epoch 4/10, Loss: 1.1273
Epoch 5/10, Loss: 0.9592
Epoch 6/10, Loss: 0.8207
Epoch 7/10, Loss: 0.8032
Epoch 8/10, Loss: 0.6890
Epoch 9/10, Loss: 0.5723
Epoch 10/10, Loss: 0.5590
Performance Metrics:
RMSE (test data): 97.36582946777344
MAE (test data): 74.0993881225586
MAPE (test data): 100.26742219924927
MSE (test data): 9480.10546875
R2 (test data): 0.6001236411601423
loss (test data): 9480.105584113153
Epoch 1/10, Loss: 333.6949
Epoch 2/10, Loss: 2.7057
Epoch 3/10, Loss: 1.5561
Epoch 4/10, Loss: 1.1119
Epoch 5/10, Loss: 0.8728
Epoch 6/10, Loss: 0.7828
Epoch 7/10, Loss: 0.7970
Epoch 8/10, Loss: 0.6063
Epoch 9/10, Loss: 0.5342
Epoch 10/10, Loss: 0.5320
Performance Metrics:
RMSE (test data): 97.97052764892578
MAE (test data): 74.28521728515625
MAPE (test data): 100.38574934005737
MSE (test data): 9598.224609375
R2 (test data): 0.5951413079916845
loss (test data): 9598.224681812328
Epoch 1/10, Loss: 392.6383
Epoch 2/10, Loss: 1.7142
Epoch 3/10, Loss: 1.1569
Epoch 4/10, Loss: 0.7608
Epoch 5/10, Loss: 0.6667
Epoch 6/10, Loss: 0.5490
Epoch 7/10, Loss: 0.5391
Epoch 8/10, Loss: 0.4934
Epoch 9/10, Loss: 0.3413
Epoch 10/10, Loss: 0.3325
Performance Metrics:
RMSE (test data): 99.65634155273438
MAE (test data): 79.79601287841797
MAPE (test data): 102.05278396606445
MSE (test data): 9931.3857421875
R2 (test data): 0.5810883692040715
loss (test data): 9931.385960393773
Epoch 1/10, Loss: 406.0009
Epoch 2/10, Loss: 2.4086
Epoch 3/10, Loss: 1.2469
Epoch 4/10, Loss: 0.9474
Epoch 5/10, Loss: 0.7540
Epoch 6/10, Loss: 0.6357
Epoch 7/10, Loss: 0.5507
Epoch 8/10, Loss: 0.4309
Epoch 9/10, Loss: 0.3689
Epoch 10/10, Loss: 0.3198
Performance Metrics:
RMSE (test data): 97.40754699707031
MAE (test data): 73.88407135009766
MAPE (test data): 100.7155179977417
MSE (test data): 9488.23046875
R2 (test data): 0.5997809171870092
loss (test data): 9488.230794270834
Epoch 1/10, Loss: 370.7592
Epoch 2/10, Loss: 1.8053
Epoch 3/10, Loss: 0.9521
Epoch 4/10, Loss: 0.6374
Epoch 5/10, Loss: 0.6348
Epoch 6/10, Loss: 0.4479
Epoch 7/10, Loss: 0.3601
Epoch 8/10, Loss: 0.3216
Epoch 9/10, Loss: 0.3110
Epoch 10/10, Loss: 0.2145
Performance Metrics:
RMSE (test data): 94.04391479492188
MAE (test data): 70.40231323242188
MAPE (test data): 102.28774547576904
MSE (test data): 8844.2578125
R2 (test data): 0.6269440834630903
loss (test data): 8844.2574994992
Epoch 1/10, Loss: 276.8764
Epoch 2/10, Loss: 1.5988
Epoch 3/10, Loss: 0.7725
Epoch 4/10, Loss: 0.6660
Epoch 5/10, Loss: 0.4799
Epoch 6/10, Loss: 0.3576
Epoch 7/10, Loss: 0.3428
Epoch 8/10, Loss: 0.2571
Epoch 9/10, Loss: 0.2470
Epoch 10/10, Loss: 0.1729
Performance Metrics:
RMSE (test data): 96.22853088378906
MAE (test data): 74.70670318603516
MAPE (test data): 102.50146389007568
MSE (test data): 9259.9296875
R2 (test data): 0.6094107973519949
loss (test data): 9259.929533682463
Epoch 1/10, Loss: 399.7011
Epoch 2/10, Loss: 2.9465
Epoch 3/10, Loss: 1.4065
Epoch 4/10, Loss: 0.7669
Epoch 5/10, Loss: 0.6078
Epoch 6/10, Loss: 0.4791
Epoch 7/10, Loss: 0.4132
Epoch 8/10, Loss: 0.3404
Epoch 9/10, Loss: 0.3266
Epoch 10/10, Loss: 0.2605
Performance Metrics:
RMSE (test data): 96.75263214111328
MAE (test data): 76.74488830566406
MAPE (test data): 103.11471223831177
MSE (test data): 9361.072265625
R2 (test data): 0.6051445295345493
loss (test data): 9361.072362208104
Epoch 1/10, Loss: 544.6895
Epoch 2/10, Loss: 3.9036
Epoch 3/10, Loss: 1.6309
Epoch 4/10, Loss: 0.9774
Epoch 5/10, Loss: 0.8061
Epoch 6/10, Loss: 0.6578
Epoch 7/10, Loss: 0.5288
Epoch 8/10, Loss: 0.5656
Epoch 9/10, Loss: 0.4540
Epoch 10/10, Loss: 0.4151
Performance Metrics:
RMSE (test data): 100.15803527832031
MAE (test data): 80.0276870727539
MAPE (test data): 101.22437477111816
MSE (test data): 10031.6318359375
R2 (test data): 0.576859924888172
loss (test data): 10031.632283081502
Epoch 1/10, Loss: 374.0357
Epoch 2/10, Loss: 2.3162
Epoch 3/10, Loss: 1.3741
Epoch 4/10, Loss: 0.9686
Epoch 5/10, Loss: 0.8082
Epoch 6/10, Loss: 0.5916
Epoch 7/10, Loss: 0.5187
Epoch 8/10, Loss: 0.3855
Epoch 9/10, Loss: 0.3771
Epoch 10/10, Loss: 0.3219
Performance Metrics:
RMSE (test data): 99.12432861328125
MAE (test data): 78.77804565429688
MAPE (test data): 101.25718116760254
MSE (test data): 9825.6318359375
R2 (test data): 0.585549157213768
loss (test data): 9825.631496108059
Epoch 1/10, Loss: 366.1155
Epoch 2/10, Loss: 1.7746
Epoch 3/10, Loss: 1.2308
Epoch 4/10, Loss: 0.8354
Epoch 5/10, Loss: 0.6812
Epoch 6/10, Loss: 0.6709
Epoch 7/10, Loss: 0.4834
Epoch 8/10, Loss: 0.4328
Epoch 9/10, Loss: 0.3576
Epoch 10/10, Loss: 0.2786
Performance Metrics:
RMSE (test data): 99.37805938720703
MAE (test data): 78.42919921875
MAPE (test data): 100.81309080123901
MSE (test data): 9875.998046875
R2 (test data): 0.5834246223910464
loss (test data): 9875.999177255037
Epoch 1/10, Loss: 329.1356
Epoch 2/10, Loss: 2.4848
Epoch 3/10, Loss: 1.8060
Epoch 4/10, Loss: 1.0957
Epoch 5/10, Loss: 0.8746
Epoch 6/10, Loss: 0.6623
Epoch 7/10, Loss: 0.5262
Epoch 8/10, Loss: 0.3996
Epoch 9/10, Loss: 0.3943
Epoch 10/10, Loss: 0.3008
Performance Metrics:
RMSE (test data): 98.7989273071289
MAE (test data): 78.63023376464844
MAPE (test data): 101.37743949890137
MSE (test data): 9761.2275390625
R2 (test data): 0.5882657223611856
loss (test data): 9761.228311727335
Epoch 1/10, Loss: 379.7734
Epoch 2/10, Loss: 1.9582
Epoch 3/10, Loss: 1.2181
Epoch 4/10, Loss: 0.9633
Epoch 5/10, Loss: 0.7894
Epoch 6/10, Loss: 0.5371
Epoch 7/10, Loss: 0.3967
Epoch 8/10, Loss: 0.3292
Epoch 9/10, Loss: 0.2692
Epoch 10/10, Loss: 0.2088
Performance Metrics:
RMSE (test data): 100.53585815429688
MAE (test data): 79.86406707763672
MAPE (test data): 100.80405473709106
MSE (test data): 10107.458984375
R2 (test data): 0.5736615214309817
loss (test data): 10107.45869820284
Epoch 1/10, Loss: 318.9606
Epoch 2/10, Loss: 1.7655
Epoch 3/10, Loss: 1.1630
Epoch 4/10, Loss: 0.8153
Epoch 5/10, Loss: 0.6322
Epoch 6/10, Loss: 0.6485
Epoch 7/10, Loss: 0.5161
Epoch 8/10, Loss: 0.4011
Epoch 9/10, Loss: 0.2620
Epoch 10/10, Loss: 0.2768
Performance Metrics:
RMSE (test data): 99.59452819824219
MAE (test data): 79.15679168701172
MAPE (test data): 101.01436376571655
MSE (test data): 9919.0693359375
R2 (test data): 0.581607849597076
loss (test data): 9919.070444854624
Epoch 1/10, Loss: 320.4684
Epoch 2/10, Loss: 1.2277
Epoch 3/10, Loss: 0.8180
Epoch 4/10, Loss: 0.6697
Epoch 5/10, Loss: 0.5938
Epoch 6/10, Loss: 0.4811
Epoch 7/10, Loss: 0.4676
Epoch 8/10, Loss: 0.3343
Epoch 9/10, Loss: 0.2646
Epoch 10/10, Loss: 0.2623
Performance Metrics:
RMSE (test data): 99.51628875732422
MAE (test data): 79.80123901367188
MAPE (test data): 101.58742666244507
MSE (test data): 9903.4921875
R2 (test data): 0.582264943307423
loss (test data): 9903.492296603137
Epoch 1/10, Loss: 412.0082
Epoch 2/10, Loss: 1.6153
Epoch 3/10, Loss: 1.0661
Epoch 4/10, Loss: 0.9150
Epoch 5/10, Loss: 0.7397
Epoch 6/10, Loss: 0.5913
Epoch 7/10, Loss: 0.4952
Epoch 8/10, Loss: 0.4011
Epoch 9/10, Loss: 0.3344
Epoch 10/10, Loss: 0.2666
Performance Metrics:
RMSE (test data): 98.77592468261719
MAE (test data): 79.20984649658203
MAPE (test data): 101.86030864715576
MSE (test data): 9756.6826171875
R2 (test data): 0.5884574909463103
loss (test data): 9756.681883871337
Epoch 1/10, Loss: 319.1483
Epoch 2/10, Loss: 1.7737
Epoch 3/10, Loss: 1.1106
Epoch 4/10, Loss: 0.8774
Epoch 5/10, Loss: 0.5963
Epoch 6/10, Loss: 0.5171
Epoch 7/10, Loss: 0.4529
Epoch 8/10, Loss: 0.4464
Epoch 9/10, Loss: 0.4505
Epoch 10/10, Loss: 0.2425
Performance Metrics:
RMSE (test data): 99.38201904296875
MAE (test data): 78.8199462890625
MAPE (test data): 100.80493688583374
MSE (test data): 9876.78515625
R2 (test data): 0.5833914748395415
loss (test data): 9876.784973815247
Epoch 1/10, Loss: 415.1462
Epoch 2/10, Loss: 1.3769
Epoch 3/10, Loss: 0.9851
Epoch 4/10, Loss: 0.7640
Epoch 5/10, Loss: 0.6889
Epoch 6/10, Loss: 0.5195
Epoch 7/10, Loss: 0.4818
Epoch 8/10, Loss: 0.4850
Epoch 9/10, Loss: 0.4164
Epoch 10/10, Loss: 0.3053
Performance Metrics:
RMSE (test data): 99.18862915039062
MAE (test data): 78.61389923095703
MAPE (test data): 100.95915794372559
MSE (test data): 9838.384765625
R2 (test data): 0.5850112247285254
loss (test data): 9838.384572458792
Epoch 1/10, Loss: 351.4127
Epoch 2/10, Loss: 1.4047
Epoch 3/10, Loss: 0.9311
Epoch 4/10, Loss: 0.7004
Epoch 5/10, Loss: 0.5499
Epoch 6/10, Loss: 0.5555
Epoch 7/10, Loss: 0.3917
Epoch 8/10, Loss: 0.3487
Epoch 9/10, Loss: 0.2813
Epoch 10/10, Loss: 0.2544
Performance Metrics:
RMSE (test data): 99.2178726196289
MAE (test data): 79.2130355834961
MAPE (test data): 101.35815143585205
MSE (test data): 9844.1865234375
R2 (test data): 0.5847664710917839
loss (test data): 9844.187217404991
Epoch 1/10, Loss: 341.9488
Epoch 2/10, Loss: 1.4016
Epoch 3/10, Loss: 0.8359
Epoch 4/10, Loss: 0.6768
Epoch 5/10, Loss: 0.5419
Epoch 6/10, Loss: 0.5479
Epoch 7/10, Loss: 0.4464
Epoch 8/10, Loss: 0.3539
Epoch 9/10, Loss: 0.3569
Epoch 10/10, Loss: 0.2485
Performance Metrics:
RMSE (test data): 99.2158203125
MAE (test data): 79.14826202392578
MAPE (test data): 101.4574646949768
MSE (test data): 9843.7783203125
R2 (test data): 0.5847836846369566
loss (test data): 9843.779017857143
Epoch 1/10, Loss: 405.3370
Epoch 2/10, Loss: 1.4609
Epoch 3/10, Loss: 0.9537
Epoch 4/10, Loss: 0.8299
Epoch 5/10, Loss: 0.6289
Epoch 6/10, Loss: 0.5437
Epoch 7/10, Loss: 0.5180
Epoch 8/10, Loss: 0.5027
Epoch 9/10, Loss: 0.3909
Epoch 10/10, Loss: 0.3446
Performance Metrics:
RMSE (test data): 98.3200912475586
MAE (test data): 78.29930114746094
MAPE (test data): 101.90412998199463
MSE (test data): 9666.8408203125
R2 (test data): 0.5922470510962377
loss (test data): 9666.840462597298
Epoch 1/10, Loss: 288.9731
Epoch 2/10, Loss: 1.2626
Epoch 3/10, Loss: 0.8282
Epoch 4/10, Loss: 0.7465
Epoch 5/10, Loss: 0.5388
Epoch 6/10, Loss: 0.4833
Epoch 7/10, Loss: 0.3614
Epoch 8/10, Loss: 0.3679
Epoch 9/10, Loss: 0.2689
Epoch 10/10, Loss: 0.2180
Performance Metrics:
RMSE (test data): 99.76984405517578
MAE (test data): 78.82757568359375
MAPE (test data): 100.74993371963501
MSE (test data): 9954.021484375
R2 (test data): 0.5801335987705472
loss (test data): 9954.021307305975
Epoch 1/10, Loss: 405.5723
Epoch 2/10, Loss: 1.2462
Epoch 3/10, Loss: 0.7601
Epoch 4/10, Loss: 0.6117
Epoch 5/10, Loss: 0.4691
Epoch 6/10, Loss: 0.4266
Epoch 7/10, Loss: 0.3240
Epoch 8/10, Loss: 0.2998
Epoch 9/10, Loss: 0.2743
Epoch 10/10, Loss: 0.2030
Performance Metrics:
RMSE (test data): 99.7366714477539
MAE (test data): 79.97418212890625
MAPE (test data): 101.43449306488037
MSE (test data): 9947.404296875
R2 (test data): 0.5804127179671943
loss (test data): 9947.40413590316
Epoch 1/10, Loss: 546.7933
Epoch 2/10, Loss: 2.6879
Epoch 3/10, Loss: 1.4825
Epoch 4/10, Loss: 1.0553
Epoch 5/10, Loss: 0.8697
Epoch 6/10, Loss: 0.7158
Epoch 7/10, Loss: 0.6278
Epoch 8/10, Loss: 0.5249
Epoch 9/10, Loss: 0.4693
Epoch 10/10, Loss: 0.3612
Performance Metrics:
RMSE (test data): 99.14386749267578
MAE (test data): 79.02902221679688
MAPE (test data): 101.31402015686035
MSE (test data): 9829.505859375
R2 (test data): 0.5853857558972879
loss (test data): 9829.505360362295
Epoch 1/10, Loss: 489.3741
Epoch 2/10, Loss: 1.8573
Epoch 3/10, Loss: 1.1904
Epoch 4/10, Loss: 0.8703
Epoch 5/10, Loss: 0.7629
Epoch 6/10, Loss: 0.6910
Epoch 7/10, Loss: 0.6175
Epoch 8/10, Loss: 0.5477
Epoch 9/10, Loss: 0.5046
Epoch 10/10, Loss: 0.4383
Performance Metrics:
RMSE (test data): 97.82905578613281
MAE (test data): 77.58552551269531
MAPE (test data): 101.9006609916687
MSE (test data): 9570.5234375
R2 (test data): 0.5963097639370791
loss (test data): 9570.523460751489
Epoch 1/10, Loss: 456.1657
Epoch 2/10, Loss: 1.8598
Epoch 3/10, Loss: 1.0914
Epoch 4/10, Loss: 0.7698
Epoch 5/10, Loss: 0.6419
Epoch 6/10, Loss: 0.5190
Epoch 7/10, Loss: 0.4619
Epoch 8/10, Loss: 0.4205
Epoch 9/10, Loss: 0.3647
Epoch 10/10, Loss: 0.3334
Performance Metrics:
RMSE (test data): 99.1013412475586
MAE (test data): 78.83135986328125
MAPE (test data): 101.224684715271
MSE (test data): 9821.0751953125
R2 (test data): 0.5857413902236177
loss (test data): 9821.074197287087
Epoch 1/10, Loss: 283.5149
Epoch 2/10, Loss: 1.3052
Epoch 3/10, Loss: 0.8949
Epoch 4/10, Loss: 0.6040
Epoch 5/10, Loss: 0.4702
Epoch 6/10, Loss: 0.3954
Epoch 7/10, Loss: 0.3397
Epoch 8/10, Loss: 0.3276
Epoch 9/10, Loss: 0.2755
Epoch 10/10, Loss: 0.2724
Performance Metrics:
RMSE (test data): 98.61781311035156
MAE (test data): 79.52168273925781
MAPE (test data): 102.40843296051025
MSE (test data): 9725.47265625
R2 (test data): 0.5897739516644298
loss (test data): 9725.471749441964
Epoch 1/10, Loss: 500.6679
Epoch 2/10, Loss: 1.7733
Epoch 3/10, Loss: 0.9749
Epoch 4/10, Loss: 0.8472
Epoch 5/10, Loss: 0.7225
Epoch 6/10, Loss: 0.6555
Epoch 7/10, Loss: 0.5915
Epoch 8/10, Loss: 0.5133
Epoch 9/10, Loss: 0.4551
Epoch 10/10, Loss: 0.4360
Performance Metrics:
RMSE (test data): 97.93635559082031
MAE (test data): 78.37310791015625
MAPE (test data): 102.44625806808472
MSE (test data): 9591.529296875
R2 (test data): 0.5954237534813813
loss (test data): 9591.528617216118
Epoch 1/10, Loss: 449.3208
Epoch 2/10, Loss: 1.3225
Epoch 3/10, Loss: 0.8967
Epoch 4/10, Loss: 0.6993
Epoch 5/10, Loss: 0.6099
Epoch 6/10, Loss: 0.5684
Epoch 7/10, Loss: 0.4258
Epoch 8/10, Loss: 0.3803
Epoch 9/10, Loss: 0.3345
Epoch 10/10, Loss: 0.3000
Performance Metrics:
RMSE (test data): 99.36663818359375
MAE (test data): 79.81829833984375
MAPE (test data): 101.78341865539551
MSE (test data): 9873.728515625
R2 (test data): 0.5835203587157822
loss (test data): 9873.729327638508
Epoch 1/10, Loss: 356.3909
Epoch 2/10, Loss: 1.1685
Epoch 3/10, Loss: 0.7530
Epoch 4/10, Loss: 0.6595
Epoch 5/10, Loss: 0.5278
Epoch 6/10, Loss: 0.4463
Epoch 7/10, Loss: 0.4275
Epoch 8/10, Loss: 0.3591
Epoch 9/10, Loss: 0.3601
Epoch 10/10, Loss: 0.2991
Performance Metrics:
RMSE (test data): 99.3221435546875
MAE (test data): 79.01138305664062
MAPE (test data): 101.32555961608887
MSE (test data): 9864.8876953125
R2 (test data): 0.5838933199745315
loss (test data): 9864.88745743189
Epoch 1/10, Loss: 342.9534
Epoch 2/10, Loss: 1.5033
Epoch 3/10, Loss: 0.9540
Epoch 4/10, Loss: 0.8053
Epoch 5/10, Loss: 0.5685
Epoch 6/10, Loss: 0.5248
Epoch 7/10, Loss: 0.4062
Epoch 8/10, Loss: 0.3327
Epoch 9/10, Loss: 0.3223
Epoch 10/10, Loss: 0.3072
Performance Metrics:
RMSE (test data): 99.1029052734375
MAE (test data): 78.35694885253906
MAPE (test data): 101.03286504745483
MSE (test data): 9821.3857421875
R2 (test data): 0.5857282681069675
loss (test data): 9821.385083991529
Epoch 1/10, Loss: 532.9677
Epoch 2/10, Loss: 3.2695
Epoch 3/10, Loss: 2.0258
Epoch 4/10, Loss: 1.3233
Epoch 5/10, Loss: 1.0053
Epoch 6/10, Loss: 0.9038
Epoch 7/10, Loss: 0.7999
Epoch 8/10, Loss: 0.7789
Epoch 9/10, Loss: 0.7656
Epoch 10/10, Loss: 0.5504
Performance Metrics:
RMSE (test data): 99.52360534667969
MAE (test data): 79.13147735595703
MAPE (test data): 100.9724497795105
MSE (test data): 9904.9482421875
R2 (test data): 0.5822035030337323
loss (test data): 9904.948929000688
Epoch 1/10, Loss: 440.9373
Epoch 2/10, Loss: 1.9529
Epoch 3/10, Loss: 1.0317
Epoch 4/10, Loss: 0.7333
Epoch 5/10, Loss: 0.5959
Epoch 6/10, Loss: 0.4798
Epoch 7/10, Loss: 0.4184
Epoch 8/10, Loss: 0.3715
Epoch 9/10, Loss: 0.3019
Epoch 10/10, Loss: 0.2790
Performance Metrics:
RMSE (test data): 99.35568237304688
MAE (test data): 78.55172729492188
MAPE (test data): 100.88350772857666
MSE (test data): 9871.5517578125
R2 (test data): 0.5836122211368435
loss (test data): 9871.551663017972
Epoch 1/10, Loss: 258.2538
Epoch 2/10, Loss: 1.0461
Epoch 3/10, Loss: 0.5840
Epoch 4/10, Loss: 0.5031
Epoch 5/10, Loss: 0.3916
Epoch 6/10, Loss: 0.3256
Epoch 7/10, Loss: 0.3112
Epoch 8/10, Loss: 0.2681
Epoch 9/10, Loss: 0.1965
Epoch 10/10, Loss: 0.1949
Performance Metrics:
RMSE (test data): 99.51229858398438
MAE (test data): 78.70559692382812
MAPE (test data): 100.83721876144409
MSE (test data): 9902.6982421875
R2 (test data): 0.5822984447216737
loss (test data): 9902.698074061354
Epoch 1/10, Loss: 426.3659
Epoch 2/10, Loss: 2.0037
Epoch 3/10, Loss: 1.1492
Epoch 4/10, Loss: 0.8568
Epoch 5/10, Loss: 0.6640
Epoch 6/10, Loss: 0.5124
Epoch 7/10, Loss: 0.4478
Epoch 8/10, Loss: 0.4207
Epoch 9/10, Loss: 0.3124
Epoch 10/10, Loss: 0.3675
Performance Metrics:
RMSE (test data): 99.4087905883789
MAE (test data): 78.9283676147461
MAPE (test data): 101.01373195648193
MSE (test data): 9882.1083984375
R2 (test data): 0.5831669273471614
loss (test data): 9882.108405591804
Epoch 1/10, Loss: 366.8935
Epoch 2/10, Loss: 1.9980
Epoch 3/10, Loss: 1.1143
Epoch 4/10, Loss: 0.9701
Epoch 5/10, Loss: 0.7295
Epoch 6/10, Loss: 0.6246
Epoch 7/10, Loss: 0.5543
Epoch 8/10, Loss: 0.4438
Epoch 9/10, Loss: 0.4075
Epoch 10/10, Loss: 0.3610
Performance Metrics:
RMSE (test data): 99.45541381835938
MAE (test data): 78.83790588378906
MAPE (test data): 100.82801580429077
MSE (test data): 9891.3798828125
R2 (test data): 0.5827758329666736
loss (test data): 9891.380385402357
Epoch 1/10, Loss: 595.9869
Epoch 2/10, Loss: 2.8766
Epoch 3/10, Loss: 1.5196
Epoch 4/10, Loss: 1.1556
Epoch 5/10, Loss: 1.0049
Epoch 6/10, Loss: 0.7869
Epoch 7/10, Loss: 0.6457
Epoch 8/10, Loss: 0.5324
Epoch 9/10, Loss: 0.4462
Epoch 10/10, Loss: 0.3833
Performance Metrics:
RMSE (test data): 99.32156372070312
MAE (test data): 78.27169799804688
MAPE (test data): 100.7933259010315
MSE (test data): 9864.7724609375
R2 (test data): 0.5838981451152936
loss (test data): 9864.773022550366
Epoch 1/10, Loss: 627.6169
Epoch 2/10, Loss: 4.2476
Epoch 3/10, Loss: 2.7159
Epoch 4/10, Loss: 2.0285
Epoch 5/10, Loss: 1.7569
Epoch 6/10, Loss: 1.6468
Epoch 7/10, Loss: 1.5998
Epoch 8/10, Loss: 1.3449
Epoch 9/10, Loss: 1.0932
Epoch 10/10, Loss: 0.9092
Performance Metrics:
RMSE (test data): 99.62445831298828
MAE (test data): 78.1431884765625
MAPE (test data): 100.25674104690552
MSE (test data): 9925.033203125
R2 (test data): 0.5813563226175225
loss (test data): 9925.033535800138
Epoch 1/10, Loss: 376.0924
Epoch 2/10, Loss: 1.9622
Epoch 3/10, Loss: 1.0764
Epoch 4/10, Loss: 0.6165
Epoch 5/10, Loss: 0.5209
Epoch 6/10, Loss: 0.4569
Epoch 7/10, Loss: 0.4203
Epoch 8/10, Loss: 0.3804
Epoch 9/10, Loss: 0.4031
Epoch 10/10, Loss: 0.3250
Performance Metrics:
RMSE (test data): 99.6678237915039
MAE (test data): 78.42032623291016
MAPE (test data): 100.70521831512451
MSE (test data): 9933.67578125
R2 (test data): 0.5809917778922997
loss (test data): 9933.676092462225
Epoch 1/10, Loss: 378.8287
Epoch 2/10, Loss: 3.3924
Epoch 3/10, Loss: 2.0305
Epoch 4/10, Loss: 1.8556
Epoch 5/10, Loss: 1.3361
Epoch 6/10, Loss: 1.1924
Epoch 7/10, Loss: 1.0710
Epoch 8/10, Loss: 0.9238
Epoch 9/10, Loss: 0.7917
Epoch 10/10, Loss: 0.8427
Performance Metrics:
RMSE (test data): 100.5910873413086
MAE (test data): 79.83065795898438
MAPE (test data): 100.41003227233887
MSE (test data): 10118.5673828125
R2 (test data): 0.5731929262284134
loss (test data): 10118.56803206559
Epoch 1/10, Loss: 450.1819
Epoch 2/10, Loss: 2.5912
Epoch 3/10, Loss: 1.2093
Epoch 4/10, Loss: 0.9371
Epoch 5/10, Loss: 0.7942
Epoch 6/10, Loss: 0.7629
Epoch 7/10, Loss: 0.7148
Epoch 8/10, Loss: 0.6343
Epoch 9/10, Loss: 0.6573
Epoch 10/10, Loss: 0.5429
Performance Metrics:
RMSE (test data): 100.29330444335938
MAE (test data): 78.98298645019531
MAPE (test data): 100.34365653991699
MSE (test data): 10058.7470703125
R2 (test data): 0.5757162168171766
loss (test data): 10058.74695405506
Epoch 1/10, Loss: 345.1955
Epoch 2/10, Loss: 2.5600
Epoch 3/10, Loss: 1.2890
Epoch 4/10, Loss: 0.9990
Epoch 5/10, Loss: 0.8366
Epoch 6/10, Loss: 0.7054
Epoch 7/10, Loss: 0.6425
Epoch 8/10, Loss: 0.5341
Epoch 9/10, Loss: 0.4725
Epoch 10/10, Loss: 0.4155
Performance Metrics:
RMSE (test data): 100.03456115722656
MAE (test data): 79.9365234375
MAPE (test data): 100.69968700408936
MSE (test data): 10006.9130859375
R2 (test data): 0.5779025869247053
loss (test data): 10006.91323796646
Epoch 1/10, Loss: 314.3073
Epoch 2/10, Loss: 2.2020
Epoch 3/10, Loss: 1.0939
Epoch 4/10, Loss: 0.8216
Epoch 5/10, Loss: 0.6520
Epoch 6/10, Loss: 0.5742
Epoch 7/10, Loss: 0.5556
Epoch 8/10, Loss: 0.4611
Epoch 9/10, Loss: 0.4520
Epoch 10/10, Loss: 0.3438
Performance Metrics:
RMSE (test data): 98.88693237304688
MAE (test data): 79.05166625976562
MAPE (test data): 101.39182806015015
MSE (test data): 9778.6259765625
R2 (test data): 0.5875318657723057
loss (test data): 9778.626269888966
Epoch 1/10, Loss: 421.3878
Epoch 2/10, Loss: 1.5601
Epoch 3/10, Loss: 0.8259
Epoch 4/10, Loss: 0.6082
Epoch 5/10, Loss: 0.4897
Epoch 6/10, Loss: 0.4100
Epoch 7/10, Loss: 0.3862
Epoch 8/10, Loss: 0.3841
Epoch 9/10, Loss: 0.3697
Epoch 10/10, Loss: 0.3333
Performance Metrics:
RMSE (test data): 99.52851104736328
MAE (test data): 79.4619140625
MAPE (test data): 100.88752508163452
MSE (test data): 9905.9248046875
R2 (test data): 0.5821623807678721
loss (test data): 9905.923858530792
Epoch 1/10, Loss: 335.6418
Epoch 2/10, Loss: 2.5220
Epoch 3/10, Loss: 1.3527
Epoch 4/10, Loss: 0.9592
Epoch 5/10, Loss: 0.7679
Epoch 6/10, Loss: 0.6354
Epoch 7/10, Loss: 0.5104
Epoch 8/10, Loss: 0.4724
Epoch 9/10, Loss: 0.3996
Epoch 10/10, Loss: 0.3932
Performance Metrics:
RMSE (test data): 99.25538635253906
MAE (test data): 79.12328338623047
MAPE (test data): 101.01950168609619
MSE (test data): 9851.6318359375
R2 (test data): 0.5844524723228655
loss (test data): 9851.63128505609
Epoch 1/10, Loss: 356.3450
Epoch 2/10, Loss: 2.2238
Epoch 3/10, Loss: 1.1654
Epoch 4/10, Loss: 0.8718
Epoch 5/10, Loss: 0.6240
Epoch 6/10, Loss: 0.5338
Epoch 7/10, Loss: 0.4690
Epoch 8/10, Loss: 0.4154
Epoch 9/10, Loss: 0.3606
Epoch 10/10, Loss: 0.3545
Performance Metrics:
RMSE (test data): 99.1864013671875
MAE (test data): 79.08235168457031
MAPE (test data): 101.02635622024536
MSE (test data): 9837.9423828125
R2 (test data): 0.5850299059758168
loss (test data): 9837.941731770834
Epoch 1/10, Loss: 410.5483
Epoch 2/10, Loss: 2.6377
Epoch 3/10, Loss: 1.1944
Epoch 4/10, Loss: 0.8105
Epoch 5/10, Loss: 0.7191
Epoch 6/10, Loss: 0.5706
Epoch 7/10, Loss: 0.5023
Epoch 8/10, Loss: 0.4449
Epoch 9/10, Loss: 0.4014
Epoch 10/10, Loss: 0.3679
Performance Metrics:
RMSE (test data): 98.14750671386719
MAE (test data): 78.56002807617188
MAPE (test data): 101.88148021697998
MSE (test data): 9632.9326171875
R2 (test data): 0.5936773556330169
loss (test data): 9632.931476076008
Epoch 1/10, Loss: 473.1018
Epoch 2/10, Loss: 2.2122
Epoch 3/10, Loss: 1.2095
Epoch 4/10, Loss: 0.7547
Epoch 5/10, Loss: 0.6667
Epoch 6/10, Loss: 0.5516
Epoch 7/10, Loss: 0.4688
Epoch 8/10, Loss: 0.4402
Epoch 9/10, Loss: 0.4019
Epoch 10/10, Loss: 0.3738
Performance Metrics:
RMSE (test data): 99.74263000488281
MAE (test data): 79.63521575927734
MAPE (test data): 100.91879367828369
MSE (test data): 9948.591796875
R2 (test data): 0.5803626079926556
loss (test data): 9948.592032967033
Epoch 1/10, Loss: 380.9949
Epoch 2/10, Loss: 1.8260
Epoch 3/10, Loss: 0.8050
Epoch 4/10, Loss: 0.5742
Epoch 5/10, Loss: 0.4761
Epoch 6/10, Loss: 0.4576
Epoch 7/10, Loss: 0.4107
Epoch 8/10, Loss: 0.3673
Epoch 9/10, Loss: 0.3556
Epoch 10/10, Loss: 0.3656
Performance Metrics:
RMSE (test data): 100.41410064697266
MAE (test data): 80.61787414550781
MAPE (test data): 100.71101188659668
MSE (test data): 10082.9912109375
R2 (test data): 0.5746935787663221
loss (test data): 10082.991164434523
Epoch 1/10, Loss: 403.6688
Epoch 2/10, Loss: 2.9757
Epoch 3/10, Loss: 1.2087
Epoch 4/10, Loss: 0.8531
Epoch 5/10, Loss: 0.6296
Epoch 6/10, Loss: 0.5614
Epoch 7/10, Loss: 0.4830
Epoch 8/10, Loss: 0.4794
Epoch 9/10, Loss: 0.4633
Epoch 10/10, Loss: 0.3815
Performance Metrics:
RMSE (test data): 98.31695556640625
MAE (test data): 78.64407348632812
MAPE (test data): 101.85748338699341
MSE (test data): 9666.2236328125
R2 (test data): 0.5922730859911356
loss (test data): 9666.22334664034
Epoch 1/10, Loss: 312.7861
Epoch 2/10, Loss: 1.5880
Epoch 3/10, Loss: 0.7653
Epoch 4/10, Loss: 0.5734
Epoch 5/10, Loss: 0.4785
Epoch 6/10, Loss: 0.4398
Epoch 7/10, Loss: 0.4448
Epoch 8/10, Loss: 0.3426
Epoch 9/10, Loss: 0.3275
Epoch 10/10, Loss: 0.3518
Performance Metrics:
RMSE (test data): 98.64429473876953
MAE (test data): 78.48092651367188
MAPE (test data): 101.3763427734375
MSE (test data): 9730.6962890625
R2 (test data): 0.5895535947129726
loss (test data): 9730.695949233059
Epoch 1/10, Loss: 425.6409
Epoch 2/10, Loss: 2.2734
Epoch 3/10, Loss: 0.8353
Epoch 4/10, Loss: 0.5485
Epoch 5/10, Loss: 0.4782
Epoch 6/10, Loss: 0.3849
Epoch 7/10, Loss: 0.3457
Epoch 8/10, Loss: 0.3387
Epoch 9/10, Loss: 0.2806
Epoch 10/10, Loss: 0.2584
Performance Metrics:
RMSE (test data): 99.18443298339844
MAE (test data): 79.2018051147461
MAPE (test data): 101.28076076507568
MSE (test data): 9837.5517578125
R2 (test data): 0.585046381521841
loss (test data): 9837.551026284913
Epoch 1/10, Loss: 440.9982
Epoch 2/10, Loss: 2.8517
Epoch 3/10, Loss: 1.3635
Epoch 4/10, Loss: 0.9476
Epoch 5/10, Loss: 0.8379
Epoch 6/10, Loss: 0.7632
Epoch 7/10, Loss: 0.6189
Epoch 8/10, Loss: 0.6805
Epoch 9/10, Loss: 0.5158
Epoch 10/10, Loss: 0.5246
Performance Metrics:
RMSE (test data): 98.1583023071289
MAE (test data): 78.65764617919922
MAPE (test data): 102.03574895858765
MSE (test data): 9635.0517578125
R2 (test data): 0.5935879434106133
loss (test data): 9635.051160428113
Epoch 1/10, Loss: 366.7934
Epoch 2/10, Loss: 2.6741
Epoch 3/10, Loss: 1.4596
Epoch 4/10, Loss: 1.0733
Epoch 5/10, Loss: 0.9392
Epoch 6/10, Loss: 0.7962
Epoch 7/10, Loss: 0.6455
Epoch 8/10, Loss: 0.4921
Epoch 9/10, Loss: 0.4686
Epoch 10/10, Loss: 0.4019
Performance Metrics:
RMSE (test data): 99.10761260986328
MAE (test data): 79.15824890136719
MAPE (test data): 101.49914026260376
MSE (test data): 9822.3193359375
R2 (test data): 0.5856888327266713
loss (test data): 9822.320090716576
Epoch 1/10, Loss: 322.8792
Epoch 2/10, Loss: 1.5422
Epoch 3/10, Loss: 0.7037
Epoch 4/10, Loss: 0.5370
Epoch 5/10, Loss: 0.4369
Epoch 6/10, Loss: 0.3736
Epoch 7/10, Loss: 0.3411
Epoch 8/10, Loss: 0.2977
Epoch 9/10, Loss: 0.3441
Epoch 10/10, Loss: 0.2854
Performance Metrics:
RMSE (test data): 99.58678436279297
MAE (test data): 79.75898742675781
MAPE (test data): 101.26149654388428
MSE (test data): 9917.5283203125
R2 (test data): 0.5816728868152121
loss (test data): 9917.528567135989
Epoch 1/10, Loss: 315.6424
Epoch 2/10, Loss: 1.7580
Epoch 3/10, Loss: 0.8634
Epoch 4/10, Loss: 0.5690
Epoch 5/10, Loss: 0.5165
Epoch 6/10, Loss: 0.4239
Epoch 7/10, Loss: 0.3391
Epoch 8/10, Loss: 0.3352
Epoch 9/10, Loss: 0.2698
Epoch 10/10, Loss: 0.2672
Performance Metrics:
RMSE (test data): 98.97772216796875
MAE (test data): 79.33238983154297
MAPE (test data): 101.58793926239014
MSE (test data): 9796.58984375
R2 (test data): 0.5867741301382781
loss (test data): 9796.59046617445
Epoch 1/10, Loss: 277.9019
Epoch 2/10, Loss: 1.2543
Epoch 3/10, Loss: 0.6327
Epoch 4/10, Loss: 0.4525
Epoch 5/10, Loss: 0.4011
Epoch 6/10, Loss: 0.3073
Epoch 7/10, Loss: 0.2832
Epoch 8/10, Loss: 0.2852
Epoch 9/10, Loss: 0.2371
Epoch 10/10, Loss: 0.2208
Performance Metrics:
RMSE (test data): 99.41606903076172
MAE (test data): 79.5332260131836
MAPE (test data): 101.34220123291016
MSE (test data): 9883.5546875
R2 (test data): 0.58310593086827
loss (test data): 9883.554658882784
Epoch 1/10, Loss: 312.4321
Epoch 2/10, Loss: 1.3164
Epoch 3/10, Loss: 0.7517
Epoch 4/10, Loss: 0.5428
Epoch 5/10, Loss: 0.4358
Epoch 6/10, Loss: 0.3769
Epoch 7/10, Loss: 0.3649
Epoch 8/10, Loss: 0.3053
Epoch 9/10, Loss: 0.2629
Epoch 10/10, Loss: 0.2536
Performance Metrics:
RMSE (test data): 102.9176025390625
MAE (test data): 81.38230895996094
MAPE (test data): 99.98923540115356
MSE (test data): 10592.033203125
R2 (test data): 0.5532219120732769
loss (test data): 10592.032662975045
Epoch 1/10, Loss: 336.0238
Epoch 2/10, Loss: 1.4278
Epoch 3/10, Loss: 0.7324
Epoch 4/10, Loss: 0.6087
Epoch 5/10, Loss: 0.5223
Epoch 6/10, Loss: 0.4252
Epoch 7/10, Loss: 0.3589
Epoch 8/10, Loss: 0.3394
Epoch 9/10, Loss: 0.2815
Epoch 10/10, Loss: 0.2922
Performance Metrics:
RMSE (test data): 99.11863708496094
MAE (test data): 79.12287139892578
MAPE (test data): 101.33965015411377
MSE (test data): 9824.50390625
R2 (test data): 0.5855967379336803
loss (test data): 9824.503519917582
Epoch 1/10, Loss: 327.6248
Epoch 2/10, Loss: 1.3879
Epoch 3/10, Loss: 0.6675
Epoch 4/10, Loss: 0.4844
Epoch 5/10, Loss: 0.4090
Epoch 6/10, Loss: 0.3518
Epoch 7/10, Loss: 0.3135
Epoch 8/10, Loss: 0.3167
Epoch 9/10, Loss: 0.2775
Epoch 10/10, Loss: 0.2456
Performance Metrics:
RMSE (test data): 99.8072280883789
MAE (test data): 79.72789001464844
MAPE (test data): 101.07810497283936
MSE (test data): 9961.4833984375
R2 (test data): 0.5798188467009838
loss (test data): 9961.48345209478
Epoch 1/10, Loss: 375.8614
Epoch 2/10, Loss: 1.9937
Epoch 3/10, Loss: 0.8729
Epoch 4/10, Loss: 0.5890
Epoch 5/10, Loss: 0.4813
Epoch 6/10, Loss: 0.4060
Epoch 7/10, Loss: 0.3548
Epoch 8/10, Loss: 0.3233
Epoch 9/10, Loss: 0.2996
Epoch 10/10, Loss: 0.2733
Performance Metrics:
RMSE (test data): 99.77802276611328
MAE (test data): 79.67632293701172
MAPE (test data): 101.10944509506226
MSE (test data): 9955.654296875
R2 (test data): 0.5800647331611899
loss (test data): 9955.65412159455
Epoch 1/10, Loss: 368.9151
Epoch 2/10, Loss: 2.1820
Epoch 3/10, Loss: 0.9562
Epoch 4/10, Loss: 0.6828
Epoch 5/10, Loss: 0.5370
Epoch 6/10, Loss: 0.5030
Epoch 7/10, Loss: 0.4032
Epoch 8/10, Loss: 0.3826
Epoch 9/10, Loss: 0.3793
Epoch 10/10, Loss: 0.4048
Performance Metrics:
RMSE (test data): 98.5075912475586
MAE (test data): 78.9368667602539
MAPE (test data): 101.8791675567627
MSE (test data): 9703.7451171875
R2 (test data): 0.5906903885522616
loss (test data): 9703.745428399725
Epoch 1/10, Loss: 291.8660
Epoch 2/10, Loss: 2.4015
Epoch 3/10, Loss: 1.2705
Epoch 4/10, Loss: 0.8621
DEBUG flwr 2024-03-09 13:44:51,375 | connection.py:141 | gRPC channel closed
INFO flwr 2024-03-09 13:44:51,377 | app.py:304 | Disconnect and shut down
Epoch 5/10, Loss: 0.6237
Epoch 6/10, Loss: 0.4914
Epoch 7/10, Loss: 0.3920
Epoch 8/10, Loss: 0.3635
Epoch 9/10, Loss: 0.3300
Epoch 10/10, Loss: 0.3187
Performance Metrics:
RMSE (test data): 99.39200592041016
MAE (test data): 79.31720733642578
MAPE (test data): 101.26352310180664
MSE (test data): 9878.7705078125
R2 (test data): 0.5833077254220332
loss (test data): 9878.770443423764
Epoch 1/10, Loss: 430.1939
Epoch 2/10, Loss: 3.0513
Epoch 3/10, Loss: 1.2214
Epoch 4/10, Loss: 0.8674
Epoch 5/10, Loss: 0.6950
Epoch 6/10, Loss: 0.6032
Epoch 7/10, Loss: 0.5176
Epoch 8/10, Loss: 0.4906
Epoch 9/10, Loss: 0.4416
Epoch 10/10, Loss: 0.3985
Performance Metrics:
RMSE (test data): 99.62152862548828
MAE (test data): 79.55653381347656
MAPE (test data): 101.18962526321411
MSE (test data): 9924.4482421875
R2 (test data): 0.5813810009633333
loss (test data): 9924.448489010989
Epoch 1/10, Loss: 311.3054
Epoch 2/10, Loss: 2.4299
Epoch 3/10, Loss: 1.0314
Epoch 4/10, Loss: 0.7241
Epoch 5/10, Loss: 0.5747
Epoch 6/10, Loss: 0.5022
Epoch 7/10, Loss: 0.4707
Epoch 8/10, Loss: 0.4319
Epoch 9/10, Loss: 0.3933
Epoch 10/10, Loss: 0.3566
Performance Metrics:
RMSE (test data): 98.65814208984375
MAE (test data): 78.7687759399414
MAPE (test data): 101.81088447570801
MSE (test data): 9733.4287109375
R2 (test data): 0.5894383763872793
loss (test data): 9733.42754657452
Epoch 1/10, Loss: 432.5536
Epoch 2/10, Loss: 2.2198
Epoch 3/10, Loss: 1.0226
Epoch 4/10, Loss: 0.7758
Epoch 5/10, Loss: 0.6531
Epoch 6/10, Loss: 0.5619
Epoch 7/10, Loss: 0.5059
Epoch 8/10, Loss: 0.4381
Epoch 9/10, Loss: 0.4431
Epoch 10/10, Loss: 0.3817
Performance Metrics:
RMSE (test data): 100.55134582519531
MAE (test data): 80.2737808227539
MAPE (test data): 100.7880687713623
MSE (test data): 10110.5732421875
R2 (test data): 0.573530138332303
loss (test data): 10110.573517628205
Epoch 1/10, Loss: 436.2718
Epoch 2/10, Loss: 2.4472
Epoch 3/10, Loss: 1.1213
Epoch 4/10, Loss: 0.8174
Epoch 5/10, Loss: 0.6157
Epoch 6/10, Loss: 0.5525
Epoch 7/10, Loss: 0.5315
Epoch 8/10, Loss: 0.4903
Epoch 9/10, Loss: 0.4232
Epoch 10/10, Loss: 0.4327
Performance Metrics:
RMSE (test data): 101.52130889892578
MAE (test data): 80.69937896728516
MAPE (test data): 100.288987159729
MSE (test data): 10306.576171875
R2 (test data): 0.5652626412592372
loss (test data): 10306.57581773695
Epoch 1/10, Loss: 373.7656
Epoch 2/10, Loss: 1.9443
Epoch 3/10, Loss: 0.9875
Epoch 4/10, Loss: 0.6919
Epoch 5/10, Loss: 0.5382
Epoch 6/10, Loss: 0.5045
Epoch 7/10, Loss: 0.4427
Epoch 8/10, Loss: 0.4814
Epoch 9/10, Loss: 0.3796
Epoch 10/10, Loss: 0.3540
Performance Metrics:
RMSE (test data): 100.73329162597656
MAE (test data): 77.94941711425781
MAPE (test data): 100.0535249710083
MSE (test data): 10147.1962890625
R2 (test data): 0.5719853935319419
loss (test data): 10147.195766798306
Epoch 1/10, Loss: 421.2805
Epoch 2/10, Loss: 2.9417
Epoch 3/10, Loss: 1.3453
Epoch 4/10, Loss: 0.8894
Epoch 5/10, Loss: 0.6709
Epoch 6/10, Loss: 0.5359
Epoch 7/10, Loss: 0.4721
Epoch 8/10, Loss: 0.4559
Epoch 9/10, Loss: 0.4020
Epoch 10/10, Loss: 0.3788
Performance Metrics:
RMSE (test data): 101.6659927368164
MAE (test data): 79.50534057617188
MAPE (test data): 100.34596920013428
MSE (test data): 10335.974609375
R2 (test data): 0.564022604003761
loss (test data): 10335.974180116758
Epoch 1/10, Loss: 440.6556
Epoch 2/10, Loss: 4.5790
Epoch 3/10, Loss: 1.7476
Epoch 4/10, Loss: 1.3237
Epoch 5/10, Loss: 1.1020
Epoch 6/10, Loss: 0.9629
Epoch 7/10, Loss: 0.8808
Epoch 8/10, Loss: 0.7669
Epoch 9/10, Loss: 0.7683
Epoch 10/10, Loss: 0.6990
Performance Metrics:
RMSE (test data): 98.71839904785156
MAE (test data): 78.44536590576172
MAPE (test data): 101.73314809799194
MSE (test data): 9745.322265625
R2 (test data): 0.5889366555192876
loss (test data): 9745.322117173191
Epoch 1/10, Loss: 378.8385
Epoch 2/10, Loss: 2.7280
Epoch 3/10, Loss: 1.5561
Epoch 4/10, Loss: 1.1932
Epoch 5/10, Loss: 1.0312
Epoch 6/10, Loss: 0.9084
Epoch 7/10, Loss: 0.8331
Epoch 8/10, Loss: 0.7044
Epoch 9/10, Loss: 0.6468
Epoch 10/10, Loss: 0.6004
Performance Metrics:
RMSE (test data): 99.45447540283203
MAE (test data): 79.1597671508789
MAPE (test data): 101.18639469146729
MSE (test data): 9891.1923828125
R2 (test data): 0.5827837610616409
loss (test data): 9891.19240069826
Epoch 1/10, Loss: 360.5292
Epoch 2/10, Loss: 2.3337
Epoch 3/10, Loss: 1.2246
Epoch 4/10, Loss: 0.9030
Epoch 5/10, Loss: 0.7417
Epoch 6/10, Loss: 0.6286
Epoch 7/10, Loss: 0.5738
Epoch 8/10, Loss: 0.5057
Epoch 9/10, Loss: 0.6063
Epoch 10/10, Loss: 0.4474
Performance Metrics:
RMSE (test data): 99.06913757324219
MAE (test data): 78.6103744506836
MAPE (test data): 101.12876892089844
MSE (test data): 9814.693359375
R2 (test data): 0.5860105338348145
loss (test data): 9814.693466689561
Epoch 1/10, Loss: 306.3068
Epoch 2/10, Loss: 1.6122
Epoch 3/10, Loss: 0.9784
Epoch 4/10, Loss: 0.7579
Epoch 5/10, Loss: 0.6363
Epoch 6/10, Loss: 0.5271
Epoch 7/10, Loss: 0.4755
Epoch 8/10, Loss: 0.4229
Epoch 9/10, Loss: 0.4329
Epoch 10/10, Loss: 0.3569
Performance Metrics:
RMSE (test data): 99.01250457763672
MAE (test data): 78.5621566772461
MAPE (test data): 101.16784572601318
MSE (test data): 9803.4755859375
R2 (test data): 0.5864837233460883
loss (test data): 9803.475256839514
Epoch 1/10, Loss: 331.1474
Epoch 2/10, Loss: 2.2590
Epoch 3/10, Loss: 1.1175
Epoch 4/10, Loss: 0.7260
Epoch 5/10, Loss: 0.5529
Epoch 6/10, Loss: 0.4865
Epoch 7/10, Loss: 0.4224
Epoch 8/10, Loss: 0.3677
Epoch 9/10, Loss: 0.3590
Epoch 10/10, Loss: 0.3108
Performance Metrics:
RMSE (test data): 98.73155212402344
MAE (test data): 78.67424774169922
MAPE (test data): 101.61389112472534
MSE (test data): 9747.9189453125
R2 (test data): 0.5888271241808702
loss (test data): 9747.918755723444
Epoch 1/10, Loss: 301.1804
Epoch 2/10, Loss: 2.0607
Epoch 3/10, Loss: 1.0172
Epoch 4/10, Loss: 0.5984
Epoch 5/10, Loss: 0.4841
Epoch 6/10, Loss: 0.3895
Epoch 7/10, Loss: 0.3387
Epoch 8/10, Loss: 0.3166
Epoch 9/10, Loss: 0.2675
Epoch 10/10, Loss: 0.3514
Performance Metrics:
RMSE (test data): 98.7394790649414
MAE (test data): 78.313720703125
MAPE (test data): 101.3770341873169
MSE (test data): 9749.4853515625
R2 (test data): 0.5887610320865942
loss (test data): 9749.485677083334
Epoch 1/10, Loss: 317.0692
Epoch 2/10, Loss: 1.4889
Epoch 3/10, Loss: 0.8276
Epoch 4/10, Loss: 0.5293
Epoch 5/10, Loss: 0.4262
Epoch 6/10, Loss: 0.3693
Epoch 7/10, Loss: 0.3132
Epoch 8/10, Loss: 0.2815
Epoch 9/10, Loss: 0.2321
Epoch 10/10, Loss: 0.2320
Performance Metrics:
RMSE (test data): 99.22087097167969
MAE (test data): 78.88536071777344
MAPE (test data): 101.26000642776489
MSE (test data): 9844.78125
R2 (test data): 0.5847414207315307
loss (test data): 9844.781031793727
Epoch 1/10, Loss: 350.9138
Epoch 2/10, Loss: 2.0285
Epoch 3/10, Loss: 0.9805
Epoch 4/10, Loss: 0.6396
Epoch 5/10, Loss: 0.4616
Epoch 6/10, Loss: 0.4059
Epoch 7/10, Loss: 0.3122
Epoch 8/10, Loss: 0.3038
Epoch 9/10, Loss: 0.2452
Epoch 10/10, Loss: 0.2334
Performance Metrics:
RMSE (test data): 98.62081909179688
MAE (test data): 77.98713684082031
MAPE (test data): 101.37193202972412
MSE (test data): 9726.06640625
R2 (test data): 0.5897488907498981
loss (test data): 9726.065901871565
Epoch 1/10, Loss: 427.2966
Epoch 2/10, Loss: 1.8519
Epoch 3/10, Loss: 1.0124
Epoch 4/10, Loss: 0.6845
Epoch 5/10, Loss: 0.4938
Epoch 6/10, Loss: 0.4187
Epoch 7/10, Loss: 0.3289
Epoch 8/10, Loss: 0.2835
Epoch 9/10, Loss: 0.2609
Epoch 10/10, Loss: 0.2558
Performance Metrics:
RMSE (test data): 98.90971374511719
MAE (test data): 78.3863296508789
MAPE (test data): 101.19037628173828
MSE (test data): 9783.1318359375
R2 (test data): 0.5873418509785023
loss (test data): 9783.131048964056
wandb: Network error (ConnectionError), entering retry loop.
wandb: - 0.001 MB of 0.001 MB uploadedwandb: \ 0.001 MB of 0.001 MB uploadedwandb: | 0.001 MB of 0.001 MB uploadedwandb: / 0.001 MB of 0.001 MB uploadedwandb: - 0.001 MB of 0.001 MB uploadedwandb: \ 0.001 MB of 0.001 MB uploadedwandb: | 0.001 MB of 0.001 MB uploadedwandb: / 0.001 MB of 0.001 MB uploadedwandb: - 0.001 MB of 0.001 MB uploadedwandb: \ 0.001 MB of 0.001 MB uploadedwandb: | 0.001 MB of 0.001 MB uploadedwandb: / 0.001 MB of 0.001 MB uploadedwandb: - 0.001 MB of 0.001 MB uploadedwandb: \ 0.001 MB of 0.001 MB uploadedwandb: | 0.001 MB of 0.001 MB uploadedwandb: / 0.001 MB of 0.001 MB uploadedwandb: - 0.001 MB of 0.001 MB uploadedwandb: \ 0.001 MB of 0.001 MB uploadedwandb: | 0.001 MB of 0.001 MB uploadedwandb: / 0.001 MB of 0.001 MB uploadedwandb: - 0.001 MB of 0.001 MB uploadedwandb: \ 0.001 MB of 0.001 MB uploadedwandb: | 0.001 MB of 0.001 MB uploadedwandb: / 0.001 MB of 0.001 MB uploadedwandb: - 0.001 MB of 0.001 MB uploadedwandb: \ 0.001 MB of 0.001 MB uploadedwandb: | 0.001 MB of 0.001 MB uploadedwandb: / 0.001 MB of 0.001 MB uploadedwandb: - 0.001 MB of 0.001 MB uploadedwandb: \ 0.001 MB of 0.001 MB uploadedwandb: | 0.001 MB of 0.001 MB uploadedwandb: / 0.001 MB of 0.001 MB uploadedwandb: - 0.001 MB of 0.001 MB uploadedwandb: \ 0.001 MB of 0.001 MB uploadedwandb: | 0.001 MB of 0.001 MB uploadedwandb: / 0.001 MB of 0.001 MB uploadedwandb: - 0.001 MB of 0.001 MB uploadedwandb: \ 0.001 MB of 0.001 MB uploadedwandb: | 0.001 MB of 0.001 MB uploadedwandb: / 0.001 MB of 0.001 MB uploadedwandb: - 0.001 MB of 0.001 MB uploadedwandb: \ 0.001 MB of 0.001 MB uploadedwandb: | 0.001 MB of 0.001 MB uploadedwandb: / 0.001 MB of 0.001 MB uploadedwandb: - 0.001 MB of 0.001 MB uploadedwandb: \ 0.001 MB of 0.001 MB uploadedwandb: | 0.001 MB of 0.001 MB uploadedwandb: / 0.001 MB of 0.001 MB uploadedwandb: - 0.001 MB of 0.001 MB uploadedwandb: \ 0.001 MB of 0.001 MB uploadedwandb: | 0.001 MB of 0.001 MB uploadedwandb: / 0.001 MB of 0.001 MB uploadedwandb: - 0.001 MB of 0.062 MB uploadedwandb: \ 0.005 MB of 0.062 MB uploadedwandb: | 0.016 MB of 0.062 MB uploadedwandb: / 0.016 MB of 0.062 MB uploadedwandb: - 0.016 MB of 0.062 MB uploadedwandb: \ 0.016 MB of 0.062 MB uploadedwandb: | 0.016 MB of 0.062 MB uploadedwandb: / 0.016 MB of 0.062 MB uploadedwandb: - 0.016 MB of 0.062 MB uploadedwandb: \ 0.016 MB of 0.062 MB uploadedwandb: | 0.016 MB of 0.062 MB uploadedwandb: / 0.016 MB of 0.062 MB uploadedwandb: - 0.016 MB of 0.062 MB uploadedwandb: \ 0.016 MB of 0.062 MB uploadedwandb: | 0.016 MB of 0.062 MB uploadedwandb: / 0.016 MB of 0.062 MB uploadedwandb: - 0.016 MB of 0.062 MB uploadedwandb: \ 0.016 MB of 0.062 MB uploadedwandb: | 0.016 MB of 0.062 MB uploadedwandb: / 0.012 MB of 0.062 MB uploadedwandb: - 0.012 MB of 0.062 MB uploadedwandb: Network error (ConnectionError), entering retry loop.
wandb: Network error (TransientError), entering retry loop.
wandb: \ 0.012 MB of 0.062 MB uploadedwandb: | 0.012 MB of 0.062 MB uploadedwandb: / 0.012 MB of 0.062 MB uploadedwandb: - 0.012 MB of 0.062 MB uploadedwandb: \ 0.012 MB of 0.062 MB uploadedwandb: | 0.012 MB of 0.062 MB uploadedwandb: / 0.012 MB of 0.062 MB uploadedwandb: - 0.012 MB of 0.062 MB uploadedwandb: \ 0.012 MB of 0.062 MB uploadedwandb: | 0.012 MB of 0.062 MB uploadedwandb: / 0.012 MB of 0.062 MB uploadedwandb: - 0.012 MB of 0.062 MB uploadedwandb: \ 0.012 MB of 0.062 MB uploadedwandb: | 0.012 MB of 0.062 MB uploadedwandb: / 0.012 MB of 0.062 MB uploadedwandb: - 0.012 MB of 0.062 MB uploadedwandb: \ 0.012 MB of 0.062 MB uploadedwandb: | 0.012 MB of 0.062 MB uploadedwandb: / 0.012 MB of 0.062 MB uploadedwandb: - 0.012 MB of 0.062 MB uploadedwandb: \ 0.012 MB of 0.062 MB uploadedwandb: | 0.012 MB of 0.062 MB uploadedwandb: / 0.012 MB of 0.062 MB uploadedwandb: - 0.012 MB of 0.062 MB uploadedwandb: \ 0.012 MB of 0.062 MB uploadedwandb: | 0.012 MB of 0.062 MB uploadedwandb: / 0.012 MB of 0.062 MB uploadedwandb: - 0.012 MB of 0.062 MB uploadedwandb: \ 0.012 MB of 0.062 MB uploadedwandb: | 0.012 MB of 0.062 MB uploadedwandb: / 0.012 MB of 0.062 MB uploadedwandb: - 0.012 MB of 0.062 MB uploadedwandb: \ 0.012 MB of 0.062 MB uploadedwandb: | 0.012 MB of 0.062 MB uploadedwandb: / 0.012 MB of 0.062 MB uploadedwandb: - 0.012 MB of 0.062 MB uploadedwandb: \ 0.012 MB of 0.062 MB uploadedwandb: | 0.012 MB of 0.062 MB uploadedwandb: / 0.012 MB of 0.062 MB uploadedwandb: - 0.012 MB of 0.062 MB uploadedwandb: \ 0.012 MB of 0.062 MB uploadedwandb: | 0.012 MB of 0.062 MB uploadedwandb: / 0.012 MB of 0.062 MB uploadedwandb: - 0.012 MB of 0.062 MB uploadedwandb: \ 0.012 MB of 0.062 MB uploadedwandb: | 0.012 MB of 0.062 MB uploadedwandb: / 0.012 MB of 0.062 MB uploadedwandb: - 0.012 MB of 0.062 MB uploadedwandb: \ 0.012 MB of 0.062 MB uploadedwandb: | 0.012 MB of 0.062 MB uploadedwandb: / 0.012 MB of 0.062 MB uploadedwandb: - 0.012 MB of 0.062 MB uploadedwandb: \ 0.012 MB of 0.062 MB uploadedwandb: | 0.012 MB of 0.062 MB uploadedwandb: / 0.012 MB of 0.062 MB uploadedwandb: - 0.012 MB of 0.062 MB uploadedwandb: \ 0.012 MB of 0.062 MB uploadedwandb: | 0.012 MB of 0.062 MB uploadedwandb: / 0.012 MB of 0.062 MB uploadedwandb: - 0.012 MB of 0.062 MB uploadedwandb: \ 0.012 MB of 0.062 MB uploadedwandb: | 0.012 MB of 0.062 MB uploadedwandb: / 0.012 MB of 0.062 MB uploadedwandb: - 0.012 MB of 0.062 MB uploadedwandb: \ 0.012 MB of 0.062 MB uploadedwandb: | 0.012 MB of 0.062 MB uploadedwandb: / 0.012 MB of 0.062 MB uploadedwandb: - 0.012 MB of 0.062 MB uploadedwandb: \ 0.012 MB of 0.062 MB uploadedwandb: | 0.012 MB of 0.062 MB uploadedwandb: / 0.012 MB of 0.062 MB uploadedwandb: - 0.012 MB of 0.062 MB uploadedwandb: \ 0.012 MB of 0.062 MB uploadedwandb: | 0.012 MB of 0.062 MB uploadedwandb: / 0.012 MB of 0.062 MB uploadedwandb: - 0.012 MB of 0.062 MB uploadedwandb: \ 0.012 MB of 0.062 MB uploadedwandb: | 0.012 MB of 0.062 MB uploadedwandb: / 0.012 MB of 0.062 MB uploadedwandb: - 0.012 MB of 0.062 MB uploadedwandb: \ 0.012 MB of 0.062 MB uploadedwandb: | 0.012 MB of 0.062 MB uploadedwandb: / 0.012 MB of 0.062 MB uploadedwandb: - 0.012 MB of 0.062 MB uploadedwandb: \ 0.012 MB of 0.062 MB uploadedwandb: | 0.012 MB of 0.062 MB uploadedwandb: / 0.012 MB of 0.062 MB uploadedwandb: - 0.012 MB of 0.062 MB uploadedwandb: \ 0.012 MB of 0.062 MB uploadedwandb: | 0.012 MB of 0.062 MB uploadedwandb: / 0.012 MB of 0.062 MB uploadedwandb: - 0.012 MB of 0.062 MB uploadedwandb: \ 0.012 MB of 0.062 MB uploadedwandb: | 0.012 MB of 0.062 MB uploadedwandb: / 0.012 MB of 0.062 MB uploadedwandb: - 0.012 MB of 0.062 MB uploadedwandb: \ 0.012 MB of 0.062 MB uploadedwandb: | 0.012 MB of 0.062 MB uploadedwandb: / 0.012 MB of 0.062 MB uploadedwandb: - 0.012 MB of 0.062 MB uploadedwandb: \ 0.012 MB of 0.062 MB uploadedwandb: | 0.012 MB of 0.062 MB uploadedwandb: / 0.012 MB of 0.062 MB uploadedwandb: - 0.012 MB of 0.062 MB uploadedwandb: \ 0.012 MB of 0.062 MB uploadedwandb: | 0.012 MB of 0.062 MB uploadedwandb: / 0.012 MB of 0.062 MB uploadedwandb: - 0.012 MB of 0.062 MB uploadedwandb: \ 0.012 MB of 0.062 MB uploadedwandb: | 0.012 MB of 0.062 MB uploadedwandb: / 0.012 MB of 0.062 MB uploadedwandb: - 0.012 MB of 0.062 MB uploadedwandb: \ 0.012 MB of 0.062 MB uploadedwandb: | 0.012 MB of 0.062 MB uploadedwandb: / 0.012 MB of 0.062 MB uploadedwandb: - 0.012 MB of 0.062 MB uploadedwandb: \ 0.012 MB of 0.062 MB uploadedwandb: | 0.012 MB of 0.062 MB uploadedwandb: / 0.012 MB of 0.062 MB uploadedwandb: - 0.012 MB of 0.062 MB uploadedwandb: \ 0.012 MB of 0.062 MB uploadedwandb: | 0.012 MB of 0.062 MB uploadedwandb: / 0.012 MB of 0.062 MB uploadedwandb: - 0.012 MB of 0.062 MB uploadedwandb: \ 0.012 MB of 0.062 MB uploadedwandb: | 0.012 MB of 0.062 MB uploadedwandb: / 0.012 MB of 0.062 MB uploadedwandb: - 0.012 MB of 0.062 MB uploadedwandb: \ 0.012 MB of 0.062 MB uploadedwandb: | 0.012 MB of 0.062 MB uploadedwandb: / 0.012 MB of 0.062 MB uploadedwandb: - 0.012 MB of 0.062 MB uploadedwandb: \ 0.012 MB of 0.062 MB uploadedwandb: | 0.012 MB of 0.062 MB uploadedwandb: / 0.012 MB of 0.062 MB uploadedwandb: - 0.012 MB of 0.062 MB uploadedwandb: \ 0.012 MB of 0.062 MB uploadedwandb: | 0.012 MB of 0.062 MB uploadedwandb: / 0.012 MB of 0.062 MB uploadedwandb: - 0.012 MB of 0.062 MB uploadedwandb: \ 0.012 MB of 0.062 MB uploadedwandb: | 0.012 MB of 0.062 MB uploadedwandb: / 0.012 MB of 0.062 MB uploadedwandb: - 0.012 MB of 0.062 MB uploadedwandb: \ 0.012 MB of 0.062 MB uploadedwandb: | 0.012 MB of 0.062 MB uploadedwandb: / 0.012 MB of 0.062 MB uploadedwandb: - 0.012 MB of 0.062 MB uploadedwandb: \ 0.012 MB of 0.062 MB uploadedwandb: | 0.012 MB of 0.062 MB uploadedwandb: / 0.012 MB of 0.062 MB uploadedwandb: - 0.012 MB of 0.062 MB uploadedwandb: \ 0.012 MB of 0.062 MB uploadedwandb: | 0.012 MB of 0.062 MB uploadedwandb: / 0.012 MB of 0.062 MB uploadedwandb: - 0.012 MB of 0.062 MB uploadedwandb: \ 0.012 MB of 0.062 MB uploadedwandb: | 0.012 MB of 0.062 MB uploadedwandb: / 0.012 MB of 0.062 MB uploadedwandb: - 0.012 MB of 0.062 MB uploadedwandb: \ 0.012 MB of 0.062 MB uploadedwandb: | 0.012 MB of 0.062 MB uploadedwandb: / 0.012 MB of 0.062 MB uploadedwandb: - 0.012 MB of 0.062 MB uploadedwandb: \ 0.012 MB of 0.062 MB uploadedwandb: | 0.012 MB of 0.062 MB uploadedwandb: / 0.012 MB of 0.062 MB uploadedwandb: - 0.012 MB of 0.062 MB uploadedwandb: \ 0.012 MB of 0.062 MB uploadedwandb: | 0.012 MB of 0.062 MB uploadedwandb: / 0.012 MB of 0.062 MB uploadedwandb: - 0.012 MB of 0.062 MB uploadedwandb: \ 0.012 MB of 0.062 MB uploadedwandb: | 0.012 MB of 0.062 MB uploadedwandb: / 0.012 MB of 0.062 MB uploadedwandb: - 0.012 MB of 0.062 MB uploadedwandb: \ 0.012 MB of 0.062 MB uploadedwandb: | 0.012 MB of 0.062 MB uploadedwandb: / 0.012 MB of 0.062 MB uploadedwandb: - 0.012 MB of 0.062 MB uploadedwandb: \ 0.012 MB of 0.062 MB uploadedwandb: | 0.012 MB of 0.062 MB uploadedwandb: / 0.012 MB of 0.062 MB uploadedwandb: - 0.012 MB of 0.062 MB uploadedwandb: \ 0.012 MB of 0.062 MB uploadedwandb: | 0.012 MB of 0.062 MB uploadedwandb: / 0.012 MB of 0.062 MB uploadedwandb: - 0.012 MB of 0.062 MB uploadedwandb: \ 0.012 MB of 0.062 MB uploadedwandb: | 0.012 MB of 0.062 MB uploadedwandb: / 0.012 MB of 0.062 MB uploadedwandb: - 0.012 MB of 0.062 MB uploadedwandb: \ 0.012 MB of 0.062 MB uploadedwandb: | 0.012 MB of 0.062 MB uploadedwandb: / 0.012 MB of 0.062 MB uploadedwandb: - 0.012 MB of 0.062 MB uploadedwandb: \ 0.012 MB of 0.062 MB uploadedwandb: | 0.012 MB of 0.062 MB uploadedwandb: / 0.012 MB of 0.062 MB uploadedwandb: - 0.012 MB of 0.062 MB uploadedwandb: \ 0.012 MB of 0.062 MB uploadedwandb: | 0.012 MB of 0.062 MB uploadedwandb: / 0.012 MB of 0.062 MB uploadedwandb: - 0.012 MB of 0.062 MB uploadedwandb: \ 0.012 MB of 0.062 MB uploadedwandb: | 0.012 MB of 0.062 MB uploadedwandb: / 0.012 MB of 0.062 MB uploadedwandb: - 0.012 MB of 0.062 MB uploadedwandb: \ 0.012 MB of 0.062 MB uploadedwandb: | 0.012 MB of 0.062 MB uploadedwandb: / 0.012 MB of 0.062 MB uploadedwandb: - 0.012 MB of 0.062 MB uploadedwandb: \ 0.012 MB of 0.062 MB uploadedwandb: | 0.012 MB of 0.062 MB uploadedwandb: / 0.012 MB of 0.062 MB uploadedwandb: - 0.012 MB of 0.062 MB uploadedwandb: \ 0.012 MB of 0.062 MB uploadedwandb: | 0.012 MB of 0.062 MB uploadedwandb: / 0.012 MB of 0.062 MB uploadedwandb: - 0.012 MB of 0.062 MB uploadedwandb: \ 0.012 MB of 0.062 MB uploadedwandb: | 0.012 MB of 0.062 MB uploadedwandb: / 0.012 MB of 0.062 MB uploadedwandb: - 0.012 MB of 0.062 MB uploadedwandb: \ 0.012 MB of 0.062 MB uploadedwandb: | 0.012 MB of 0.062 MB uploadedwandb: / 0.012 MB of 0.062 MB uploadedwandb: - 0.012 MB of 0.062 MB uploadedwandb: \ 0.012 MB of 0.062 MB uploadedwandb: | 0.012 MB of 0.062 MB uploadedwandb: / 0.012 MB of 0.062 MB uploadedwandb: - 0.012 MB of 0.062 MB uploadedwandb: \ 0.012 MB of 0.062 MB uploadedwandb: | 0.012 MB of 0.062 MB uploadedwandb: / 0.012 MB of 0.062 MB uploadedwandb: - 0.012 MB of 0.062 MB uploadedwandb: \ 0.012 MB of 0.062 MB uploadedwandb: | 0.012 MB of 0.062 MB uploadedwandb: / 0.012 MB of 0.062 MB uploadedwandb: - 0.012 MB of 0.062 MB uploadedwandb: \ 0.012 MB of 0.062 MB uploadedwandb: | 0.012 MB of 0.062 MB uploadedwandb: / 0.012 MB of 0.062 MB uploadedwandb: - 0.012 MB of 0.062 MB uploadedwandb: \ 0.012 MB of 0.062 MB uploadedwandb: | 0.012 MB of 0.062 MB uploadedwandb: / 0.012 MB of 0.062 MB uploadedwandb: - 0.012 MB of 0.062 MB uploadedwandb: \ 0.012 MB of 0.062 MB uploadedwandb: | 0.012 MB of 0.062 MB uploadedwandb: / 0.012 MB of 0.062 MB uploadedwandb: - 0.012 MB of 0.062 MB uploadedwandb: \ 0.012 MB of 0.062 MB uploadedwandb: | 0.012 MB of 0.062 MB uploadedwandb: / 0.012 MB of 0.062 MB uploadedwandb: - 0.012 MB of 0.062 MB uploadedwandb: \ 0.012 MB of 0.062 MB uploadedwandb: | 0.012 MB of 0.062 MB uploadedwandb: / 0.012 MB of 0.062 MB uploadedwandb: - 0.012 MB of 0.062 MB uploadedwandb: \ 0.012 MB of 0.062 MB uploadedwandb: | 0.012 MB of 0.062 MB uploadedwandb: / 0.012 MB of 0.062 MB uploadedwandb: - 0.012 MB of 0.062 MB uploadedwandb: \ 0.012 MB of 0.062 MB uploadedwandb: | 0.012 MB of 0.062 MB uploadedwandb: / 0.012 MB of 0.062 MB uploadedwandb: - 0.012 MB of 0.062 MB uploadedwandb: \ 0.012 MB of 0.062 MB uploadedwandb: | 0.012 MB of 0.062 MB uploadedwandb: / 0.012 MB of 0.062 MB uploadedwandb: - 0.012 MB of 0.062 MB uploadedwandb: \ 0.012 MB of 0.062 MB uploadedwandb: | 0.012 MB of 0.062 MB uploadedwandb: / 0.012 MB of 0.062 MB uploadedwandb: - 0.012 MB of 0.062 MB uploadedwandb: \ 0.012 MB of 0.062 MB uploadedwandb: | 0.012 MB of 0.062 MB uploadedwandb: / 0.012 MB of 0.062 MB uploadedwandb: - 0.012 MB of 0.062 MB uploadedwandb: \ 0.012 MB of 0.062 MB uploadedwandb: | 0.012 MB of 0.062 MB uploadedwandb: / 0.012 MB of 0.062 MB uploadedwandb: - 0.012 MB of 0.062 MB uploadedwandb: \ 0.012 MB of 0.062 MB uploadedwandb: | 0.012 MB of 0.062 MB uploadedwandb: / 0.012 MB of 0.062 MB uploadedwandb: - 0.012 MB of 0.062 MB uploadedwandb: \ 0.012 MB of 0.062 MB uploadedwandb: | 0.012 MB of 0.062 MB uploadedwandb: / 0.012 MB of 0.062 MB uploadedwandb: - 0.012 MB of 0.062 MB uploadedwandb: \ 0.012 MB of 0.062 MB uploadedwandb: | 0.012 MB of 0.062 MB uploadedwandb: / 0.058 MB of 0.062 MB uploadedwandb: - 0.058 MB of 0.062 MB uploadedwandb: \ 0.058 MB of 0.062 MB uploadedwandb: | 0.058 MB of 0.062 MB uploadedwandb: / 0.058 MB of 0.062 MB uploadedwandb: - 0.058 MB of 0.062 MB uploadedwandb: \ 0.058 MB of 0.062 MB uploadedwandb: | 0.058 MB of 0.062 MB uploadedwandb: / 0.058 MB of 0.062 MB uploadedwandb: - 0.058 MB of 0.062 MB uploadedwandb: \ 0.058 MB of 0.062 MB uploadedwandb: | 0.058 MB of 0.062 MB uploadedwandb: / 0.058 MB of 0.062 MB uploadedwandb: - 0.058 MB of 0.062 MB uploadedwandb: \ 0.058 MB of 0.062 MB uploadedwandb: | 0.058 MB of 0.062 MB uploadedwandb: / 0.058 MB of 0.062 MB uploadedwandb: - 0.058 MB of 0.062 MB uploadedwandb: \ 0.058 MB of 0.062 MB uploadedwandb: | 0.058 MB of 0.062 MB uploadedwandb: / 0.058 MB of 0.062 MB uploadedwandb: - 0.058 MB of 0.062 MB uploadedwandb: \ 0.058 MB of 0.062 MB uploadedwandb: | 0.058 MB of 0.062 MB uploadedwandb: / 0.058 MB of 0.062 MB uploadedwandb: - 0.058 MB of 0.062 MB uploadedwandb: \ 0.058 MB of 0.062 MB uploadedwandb: | 0.058 MB of 0.062 MB uploadedwandb: / 0.058 MB of 0.062 MB uploadedwandb: - 0.058 MB of 0.062 MB uploadedwandb: \ 0.058 MB of 0.062 MB uploadedwandb: | 0.058 MB of 0.062 MB uploadedwandb: / 0.058 MB of 0.062 MB uploadedwandb: - 0.058 MB of 0.062 MB uploadedwandb: \ 0.058 MB of 0.062 MB uploadedwandb: | 0.058 MB of 0.062 MB uploadedwandb: / 0.058 MB of 0.062 MB uploadedwandb: - 0.058 MB of 0.062 MB uploadedwandb: \ 0.058 MB of 0.062 MB uploadedwandb: | 0.058 MB of 0.062 MB uploadedwandb: / 0.058 MB of 0.062 MB uploadedwandb: - 0.058 MB of 0.062 MB uploadedwandb: \ 0.058 MB of 0.062 MB uploadedwandb: | 0.058 MB of 0.062 MB uploadedwandb: / 0.058 MB of 0.062 MB uploadedwandb: - 0.058 MB of 0.062 MB uploadedwandb: \ 0.058 MB of 0.062 MB uploadedwandb: | 0.058 MB of 0.062 MB uploadedwandb: / 0.058 MB of 0.062 MB uploadedwandb: - 0.058 MB of 0.062 MB uploadedwandb: \ 0.058 MB of 0.062 MB uploadedwandb: | 0.058 MB of 0.062 MB uploadedwandb: / 0.058 MB of 0.062 MB uploadedwandb: - 0.058 MB of 0.062 MB uploadedwandb: \ 0.058 MB of 0.062 MB uploadedwandb: | 0.058 MB of 0.062 MB uploadedwandb: / 0.058 MB of 0.062 MB uploadedwandb: - 0.058 MB of 0.062 MB uploadedwandb: \ 0.058 MB of 0.062 MB uploadedwandb: | 0.058 MB of 0.062 MB uploadedwandb: / 0.058 MB of 0.062 MB uploadedwandb: - 0.058 MB of 0.062 MB uploadedwandb: \ 0.058 MB of 0.062 MB uploadedwandb: | 0.058 MB of 0.062 MB uploadedwandb: / 0.058 MB of 0.062 MB uploadedwandb: - 0.058 MB of 0.062 MB uploadedwandb: \ 0.058 MB of 0.062 MB uploadedwandb: | 0.058 MB of 0.062 MB uploadedwandb: / 0.058 MB of 0.062 MB uploadedwandb: - 0.058 MB of 0.062 MB uploadedwandb: \ 0.058 MB of 0.062 MB uploadedwandb: | 0.058 MB of 0.062 MB uploadedwandb: / 0.058 MB of 0.062 MB uploadedwandb: - 0.058 MB of 0.062 MB uploadedwandb: \ 0.058 MB of 0.062 MB uploadedwandb: | 0.058 MB of 0.062 MB uploadedwandb: / 0.058 MB of 0.062 MB uploadedwandb: - 0.058 MB of 0.062 MB uploadedwandb: \ 0.058 MB of 0.062 MB uploadedwandb: | 0.058 MB of 0.062 MB uploadedwandb: / 0.058 MB of 0.062 MB uploadedwandb: - 0.058 MB of 0.062 MB uploadedwandb: \ 0.058 MB of 0.062 MB uploadedwandb: | 0.058 MB of 0.062 MB uploadedwandb: / 0.058 MB of 0.062 MB uploadedwandb: - 0.058 MB of 0.062 MB uploadedwandb: \ 0.058 MB of 0.062 MB uploadedwandb: | 0.058 MB of 0.062 MB uploadedwandb: / 0.058 MB of 0.062 MB uploadedwandb: - 0.058 MB of 0.062 MB uploadedwandb: \ 0.058 MB of 0.062 MB uploadedwandb: | 0.058 MB of 0.062 MB uploadedwandb: / 0.058 MB of 0.062 MB uploadedwandb: - 0.058 MB of 0.062 MB uploadedwandb: \ 0.058 MB of 0.062 MB uploadedwandb: | 0.058 MB of 0.062 MB uploadedwandb: / 0.058 MB of 0.062 MB uploadedwandb: - 0.058 MB of 0.062 MB uploadedwandb: \ 0.058 MB of 0.062 MB uploadedwandb: | 0.058 MB of 0.062 MB uploadedwandb: / 0.058 MB of 0.062 MB uploadedwandb: - 0.058 MB of 0.062 MB uploadedwandb: \ 0.058 MB of 0.062 MB uploadedwandb: | 0.058 MB of 0.062 MB uploadedwandb: / 0.058 MB of 0.062 MB uploadedwandb: - 0.058 MB of 0.062 MB uploadedwandb: \ 0.058 MB of 0.062 MB uploadedwandb: | 0.058 MB of 0.062 MB uploadedwandb: / 0.058 MB of 0.062 MB uploadedwandb: - 0.058 MB of 0.062 MB uploadedwandb: \ 0.058 MB of 0.062 MB uploadedwandb: | 0.058 MB of 0.062 MB uploadedwandb: / 0.058 MB of 0.062 MB uploadedwandb: - 0.058 MB of 0.062 MB uploadedwandb: \ 0.058 MB of 0.062 MB uploadedwandb: | 0.058 MB of 0.062 MB uploadedwandb: / 0.058 MB of 0.062 MB uploadedwandb: - 0.058 MB of 0.062 MB uploadedwandb: \ 0.058 MB of 0.062 MB uploadedwandb: | 0.058 MB of 0.062 MB uploadedwandb: / 0.058 MB of 0.062 MB uploadedwandb: - 0.058 MB of 0.062 MB uploadedwandb: \ 0.058 MB of 0.062 MB uploadedwandb: | 0.058 MB of 0.062 MB uploadedwandb: / 0.058 MB of 0.062 MB uploadedwandb: - 0.058 MB of 0.062 MB uploadedwandb: \ 0.058 MB of 0.062 MB uploadedwandb: | 0.058 MB of 0.062 MB uploadedwandb: / 0.058 MB of 0.062 MB uploadedwandb: - 0.058 MB of 0.062 MB uploadedwandb: \ 0.058 MB of 0.062 MB uploadedwandb: | 0.058 MB of 0.062 MB uploadedwandb: / 0.058 MB of 0.062 MB uploadedwandb: - 0.058 MB of 0.062 MB uploadedwandb: \ 0.058 MB of 0.062 MB uploadedwandb: | 0.058 MB of 0.062 MB uploadedwandb: / 0.058 MB of 0.062 MB uploadedwandb: - 0.058 MB of 0.062 MB uploadedwandb: \ 0.058 MB of 0.062 MB uploadedwandb: | 0.058 MB of 0.062 MB uploadedwandb: / 0.058 MB of 0.062 MB uploadedwandb: - 0.058 MB of 0.062 MB uploadedwandb: \ 0.058 MB of 0.062 MB uploadedwandb: | 0.058 MB of 0.062 MB uploadedwandb: / 0.058 MB of 0.062 MB uploadedwandb: - 0.058 MB of 0.062 MB uploadedwandb: \ 0.058 MB of 0.062 MB uploadedwandb: | 0.058 MB of 0.062 MB uploadedwandb: / 0.058 MB of 0.062 MB uploadedwandb: - 0.058 MB of 0.062 MB uploadedwandb: \ 0.058 MB of 0.062 MB uploadedwandb: | 0.058 MB of 0.062 MB uploadedwandb: / 0.058 MB of 0.062 MB uploadedwandb: - 0.058 MB of 0.062 MB uploadedwandb: \ 0.058 MB of 0.062 MB uploadedwandb: | 0.058 MB of 0.062 MB uploadedwandb: / 0.058 MB of 0.062 MB uploadedwandb: - 0.058 MB of 0.062 MB uploadedwandb: \ 0.058 MB of 0.062 MB uploadedwandb: | 0.058 MB of 0.062 MB uploadedwandb: / 0.058 MB of 0.062 MB uploadedwandb: - 0.058 MB of 0.062 MB uploadedwandb: \ 0.058 MB of 0.062 MB uploadedwandb: | 0.058 MB of 0.062 MB uploadedwandb: / 0.058 MB of 0.062 MB uploadedwandb: - 0.058 MB of 0.062 MB uploadedwandb: \ 0.058 MB of 0.062 MB uploadedwandb: | 0.058 MB of 0.062 MB uploadedwandb: / 0.058 MB of 0.062 MB uploadedwandb: - 0.058 MB of 0.062 MB uploadedwandb: \ 0.058 MB of 0.062 MB uploadedwandb: | 0.058 MB of 0.062 MB uploadedwandb: / 0.058 MB of 0.062 MB uploadedwandb: - 0.058 MB of 0.062 MB uploadedwandb: \ 0.058 MB of 0.062 MB uploadedwandb: | 0.058 MB of 0.062 MB uploadedwandb: / 0.058 MB of 0.062 MB uploadedwandb: - 0.058 MB of 0.062 MB uploadedwandb: \ 0.058 MB of 0.062 MB uploadedwandb: | 0.058 MB of 0.062 MB uploadedwandb: / 0.058 MB of 0.062 MB uploadedwandb: - 0.058 MB of 0.062 MB uploadedwandb: \ 0.058 MB of 0.062 MB uploadedwandb: | 0.058 MB of 0.062 MB uploadedwandb: / 0.058 MB of 0.062 MB uploadedwandb: - 0.058 MB of 0.062 MB uploadedwandb: \ 0.058 MB of 0.062 MB uploadedwandb: | 0.058 MB of 0.062 MB uploadedwandb: / 0.058 MB of 0.062 MB uploadedwandb: - 0.058 MB of 0.062 MB uploadedwandb: \ 0.058 MB of 0.062 MB uploadedwandb: | 0.058 MB of 0.062 MB uploadedwandb: / 0.058 MB of 0.062 MB uploadedwandb: - 0.058 MB of 0.062 MB uploadedwandb: \ 0.058 MB of 0.062 MB uploadedwandb: | 0.058 MB of 0.062 MB uploadedwandb: / 0.058 MB of 0.062 MB uploadedwandb: - 0.058 MB of 0.062 MB uploadedwandb: \ 0.058 MB of 0.062 MB uploadedwandb: | 0.058 MB of 0.062 MB uploadedwandb: / 0.058 MB of 0.062 MB uploadedwandb: - 0.058 MB of 0.062 MB uploadedwandb: \ 0.058 MB of 0.062 MB uploadedwandb: | 0.058 MB of 0.062 MB uploadedwandb: / 0.058 MB of 0.062 MB uploadedwandb: - 0.058 MB of 0.062 MB uploadedwandb: \ 0.058 MB of 0.062 MB uploadedwandb: | 0.058 MB of 0.062 MB uploadedwandb: / 0.058 MB of 0.062 MB uploadedwandb: - 0.058 MB of 0.062 MB uploadedwandb: \ 0.058 MB of 0.062 MB uploadedwandb: | 0.058 MB of 0.062 MB uploadedwandb: / 0.058 MB of 0.062 MB uploadedwandb: - 0.058 MB of 0.062 MB uploadedwandb: \ 0.058 MB of 0.062 MB uploadedwandb: | 0.058 MB of 0.062 MB uploadedwandb: / 0.058 MB of 0.062 MB uploadedwandb: - 0.058 MB of 0.062 MB uploadedwandb: \ 0.058 MB of 0.062 MB uploadedwandb: | 0.058 MB of 0.062 MB uploadedwandb: / 0.058 MB of 0.062 MB uploadedwandb: - 0.058 MB of 0.062 MB uploadedwandb: \ 0.058 MB of 0.062 MB uploadedwandb: | 0.058 MB of 0.062 MB uploadedwandb: / 0.058 MB of 0.062 MB uploadedwandb: - 0.058 MB of 0.062 MB uploadedwandb: \ 0.058 MB of 0.062 MB uploadedwandb: | 0.058 MB of 0.062 MB uploadedwandb: / 0.058 MB of 0.062 MB uploadedwandb: - 0.058 MB of 0.062 MB uploadedwandb: \ 0.058 MB of 0.062 MB uploadedwandb: | 0.058 MB of 0.062 MB uploadedwandb: / 0.058 MB of 0.062 MB uploadedwandb: - 0.058 MB of 0.062 MB uploadedwandb: \ 0.058 MB of 0.062 MB uploadedwandb: | 0.058 MB of 0.062 MB uploadedwandb: / 0.058 MB of 0.062 MB uploadedwandb: - 0.058 MB of 0.062 MB uploadedwandb: \ 0.058 MB of 0.062 MB uploadedwandb: | 0.058 MB of 0.062 MB uploadedwandb: / 0.058 MB of 0.062 MB uploadedwandb: - 0.058 MB of 0.062 MB uploadedwandb: \ 0.058 MB of 0.062 MB uploadedwandb: | 0.058 MB of 0.062 MB uploadedwandb: / 0.058 MB of 0.062 MB uploadedwandb: - 0.058 MB of 0.062 MB uploadedwandb: \ 0.058 MB of 0.062 MB uploadedwandb: | 0.058 MB of 0.062 MB uploadedwandb: / 0.058 MB of 0.062 MB uploadedwandb: - 0.058 MB of 0.062 MB uploadedwandb: \ 0.058 MB of 0.062 MB uploadedwandb: | 0.058 MB of 0.062 MB uploadedwandb: / 0.058 MB of 0.062 MB uploadedwandb: - 0.058 MB of 0.062 MB uploadedwandb: \ 0.058 MB of 0.062 MB uploadedwandb: | 0.058 MB of 0.062 MB uploadedwandb: / 0.058 MB of 0.062 MB uploadedwandb: - 0.058 MB of 0.062 MB uploadedwandb: \ 0.058 MB of 0.062 MB uploadedwandb: | 0.058 MB of 0.062 MB uploadedwandb: / 0.058 MB of 0.062 MB uploadedwandb: - 0.058 MB of 0.062 MB uploadedwandb: \ 0.058 MB of 0.062 MB uploadedwandb: | 0.058 MB of 0.062 MB uploadedwandb: / 0.058 MB of 0.062 MB uploadedwandb: - 0.058 MB of 0.062 MB uploadedwandb: \ 0.058 MB of 0.062 MB uploadedwandb: | 0.058 MB of 0.062 MB uploadedwandb: / 0.058 MB of 0.062 MB uploadedwandb: - 0.058 MB of 0.062 MB uploadedwandb: \ 0.058 MB of 0.062 MB uploadedwandb: | 0.058 MB of 0.062 MB uploadedwandb: / 0.058 MB of 0.062 MB uploadedwandb: - 0.058 MB of 0.062 MB uploadedwandb: \ 0.058 MB of 0.062 MB uploadedwandb: | 0.062 MB of 0.062 MB uploadedwandb: / 0.062 MB of 0.062 MB uploadedwandb: - 0.062 MB of 0.062 MB uploadedwandb: \ 0.062 MB of 0.062 MB uploadedwandb: | 0.062 MB of 0.062 MB uploadedwandb: / 0.062 MB of 0.062 MB uploadedwandb: - 0.062 MB of 0.062 MB uploadedwandb: \ 0.062 MB of 0.062 MB uploadedwandb: | 0.062 MB of 0.062 MB uploadedwandb: / 0.062 MB of 0.062 MB uploadedwandb: - 0.062 MB of 0.062 MB uploadedwandb: \ 0.062 MB of 0.062 MB uploadedwandb: | 0.062 MB of 0.062 MB uploadedwandb: / 0.062 MB of 0.062 MB uploadedwandb: - 0.062 MB of 0.062 MB uploadedwandb: \ 0.058 MB of 0.062 MB uploadedwandb: | 0.058 MB of 0.062 MB uploadedwandb: / 0.058 MB of 0.062 MB uploadedwandb: - 0.058 MB of 0.062 MB uploadedwandb: \ 0.058 MB of 0.062 MB uploadedwandb: | 0.058 MB of 0.062 MB uploadedwandb: / 0.058 MB of 0.062 MB uploadedwandb: - 0.058 MB of 0.062 MB uploadedwandb: \ 0.058 MB of 0.062 MB uploadedwandb: | 0.058 MB of 0.062 MB uploadedwandb: / 0.058 MB of 0.062 MB uploadedwandb: - 0.058 MB of 0.062 MB uploadedwandb: \ 0.058 MB of 0.062 MB uploadedwandb: | 0.058 MB of 0.062 MB uploadedwandb: / 0.058 MB of 0.062 MB uploadedwandb: - 0.058 MB of 0.062 MB uploadedwandb: \ 0.058 MB of 0.062 MB uploadedwandb: | 0.058 MB of 0.062 MB uploadedwandb: / 0.058 MB of 0.062 MB uploadedwandb: - 0.058 MB of 0.062 MB uploadedwandb: \ 0.058 MB of 0.062 MB uploadedwandb: | 0.058 MB of 0.062 MB uploadedwandb: / 0.058 MB of 0.062 MB uploadedwandb: - 0.058 MB of 0.062 MB uploadedwandb: \ 0.058 MB of 0.062 MB uploadedwandb: | 0.058 MB of 0.062 MB uploadedwandb: / 0.058 MB of 0.062 MB uploadedwandb: - 0.058 MB of 0.062 MB uploadedwandb: \ 0.058 MB of 0.062 MB uploadedwandb: | 0.058 MB of 0.062 MB uploadedwandb: / 0.058 MB of 0.062 MB uploadedwandb: - 0.058 MB of 0.062 MB uploadedwandb: \ 0.058 MB of 0.062 MB uploadedwandb: | 0.058 MB of 0.062 MB uploadedwandb: / 0.058 MB of 0.062 MB uploadedwandb: - 0.058 MB of 0.062 MB uploadedwandb: \ 0.058 MB of 0.062 MB uploadedwandb: | 0.058 MB of 0.062 MB uploadedwandb: / 0.058 MB of 0.062 MB uploadedwandb: - 0.058 MB of 0.062 MB uploadedwandb: \ 0.058 MB of 0.062 MB uploadedwandb: | 0.058 MB of 0.062 MB uploadedwandb: / 0.058 MB of 0.062 MB uploadedwandb: - 0.058 MB of 0.062 MB uploadedwandb: \ 0.058 MB of 0.062 MB uploadedwandb: | 0.058 MB of 0.062 MB uploadedwandb: / 0.058 MB of 0.062 MB uploadedwandb: - 0.058 MB of 0.062 MB uploadedwandb: \ 0.058 MB of 0.062 MB uploadedwandb: | 0.058 MB of 0.062 MB uploadedwandb: / 0.058 MB of 0.062 MB uploadedwandb: - 0.058 MB of 0.062 MB uploadedwandb: \ 0.058 MB of 0.062 MB uploadedwandb: | 0.058 MB of 0.062 MB uploadedwandb: / 0.058 MB of 0.062 MB uploadedwandb: - 0.058 MB of 0.062 MB uploadedwandb: \ 0.058 MB of 0.062 MB uploadedwandb: | 0.058 MB of 0.062 MB uploadedwandb: / 0.058 MB of 0.062 MB uploadedwandb: - 0.058 MB of 0.062 MB uploadedwandb: \ 0.058 MB of 0.062 MB uploadedwandb: | 0.058 MB of 0.062 MB uploadedwandb: / 0.058 MB of 0.062 MB uploadedwandb: - 0.058 MB of 0.062 MB uploadedwandb: \ 0.058 MB of 0.062 MB uploadedwandb: | 0.058 MB of 0.062 MB uploadedwandb: / 0.058 MB of 0.062 MB uploadedwandb: - 0.058 MB of 0.062 MB uploadedwandb: \ 0.058 MB of 0.062 MB uploadedwandb: | 0.058 MB of 0.062 MB uploadedwandb: / 0.058 MB of 0.062 MB uploadedwandb: - 0.058 MB of 0.062 MB uploadedwandb: \ 0.058 MB of 0.062 MB uploadedwandb: | 0.058 MB of 0.062 MB uploadedwandb: / 0.058 MB of 0.062 MB uploadedwandb: - 0.058 MB of 0.062 MB uploadedwandb: \ 0.058 MB of 0.062 MB uploadedwandb: | 0.058 MB of 0.062 MB uploadedwandb: / 0.058 MB of 0.062 MB uploadedwandb: - 0.058 MB of 0.062 MB uploadedwandb: \ 0.058 MB of 0.062 MB uploadedwandb: | 0.058 MB of 0.062 MB uploadedwandb: / 0.058 MB of 0.062 MB uploadedwandb: - 0.058 MB of 0.062 MB uploadedwandb: \ 0.058 MB of 0.062 MB uploadedwandb: | 0.058 MB of 0.062 MB uploadedwandb: / 0.058 MB of 0.062 MB uploadedwandb: - 0.058 MB of 0.062 MB uploadedwandb: \ 0.058 MB of 0.062 MB uploadedwandb: | 0.058 MB of 0.062 MB uploadedwandb: / 0.058 MB of 0.062 MB uploadedwandb: - 0.058 MB of 0.062 MB uploadedwandb: \ 0.058 MB of 0.062 MB uploadedwandb: | 0.058 MB of 0.062 MB uploadedwandb: / 0.058 MB of 0.062 MB uploadedwandb: - 0.058 MB of 0.062 MB uploadedwandb: \ 0.058 MB of 0.062 MB uploadedwandb: | 0.058 MB of 0.062 MB uploadedwandb: / 0.058 MB of 0.062 MB uploadedwandb: - 0.058 MB of 0.062 MB uploadedwandb: \ 0.058 MB of 0.062 MB uploadedwandb: | 0.058 MB of 0.062 MB uploadedwandb: / 0.058 MB of 0.062 MB uploadedwandb: - 0.058 MB of 0.062 MB uploadedwandb: \ 0.058 MB of 0.062 MB uploadedwandb: | 0.058 MB of 0.062 MB uploadedwandb: / 0.058 MB of 0.062 MB uploadedwandb: - 0.058 MB of 0.062 MB uploadedwandb: \ 0.058 MB of 0.062 MB uploadedwandb: | 0.058 MB of 0.062 MB uploadedwandb: / 0.058 MB of 0.062 MB uploadedwandb: - 0.058 MB of 0.062 MB uploadedwandb: \ 0.058 MB of 0.062 MB uploadedwandb: | 0.058 MB of 0.062 MB uploadedwandb: / 0.058 MB of 0.062 MB uploadedwandb: - 0.058 MB of 0.062 MB uploadedwandb: \ 0.058 MB of 0.062 MB uploadedwandb: | 0.058 MB of 0.062 MB uploadedwandb: / 0.058 MB of 0.062 MB uploadedwandb: - 0.058 MB of 0.062 MB uploadedwandb: \ 0.058 MB of 0.062 MB uploadedwandb: | 0.058 MB of 0.062 MB uploadedwandb: / 0.058 MB of 0.062 MB uploadedwandb: - 0.058 MB of 0.062 MB uploadedwandb: \ 0.058 MB of 0.062 MB uploadedwandb: | 0.058 MB of 0.062 MB uploadedwandb: / 0.058 MB of 0.062 MB uploadedwandb: - 0.058 MB of 0.062 MB uploadedwandb: \ 0.058 MB of 0.062 MB uploadedwandb: | 0.058 MB of 0.062 MB uploadedwandb: / 0.058 MB of 0.062 MB uploadedwandb: - 0.058 MB of 0.062 MB uploadedwandb: \ 0.058 MB of 0.062 MB uploadedwandb: | 0.058 MB of 0.062 MB uploadedwandb: / 0.058 MB of 0.062 MB uploadedwandb: - 0.058 MB of 0.062 MB uploadedwandb: \ 0.058 MB of 0.062 MB uploadedwandb: | 0.058 MB of 0.062 MB uploadedwandb: / 0.058 MB of 0.062 MB uploadedwandb: - 0.058 MB of 0.062 MB uploadedwandb: \ 0.058 MB of 0.062 MB uploadedwandb: | 0.058 MB of 0.062 MB uploadedwandb: / 0.058 MB of 0.062 MB uploadedwandb: - 0.058 MB of 0.062 MB uploadedwandb: \ 0.058 MB of 0.062 MB uploadedwandb: | 0.058 MB of 0.062 MB uploadedwandb: / 0.058 MB of 0.062 MB uploadedwandb: - 0.058 MB of 0.062 MB uploadedwandb: \ 0.058 MB of 0.062 MB uploadedwandb: | 0.058 MB of 0.062 MB uploadedwandb: / 0.058 MB of 0.062 MB uploadedwandb: - 0.058 MB of 0.062 MB uploadedwandb: \ 0.058 MB of 0.062 MB uploadedwandb: | 0.058 MB of 0.062 MB uploadedwandb: / 0.058 MB of 0.062 MB uploadedwandb: - 0.058 MB of 0.062 MB uploadedwandb: \ 0.058 MB of 0.062 MB uploadedwandb: | 0.058 MB of 0.062 MB uploadedwandb: / 0.058 MB of 0.062 MB uploadedwandb: - 0.058 MB of 0.062 MB uploadedwandb: \ 0.058 MB of 0.062 MB uploadedwandb: | 0.058 MB of 0.062 MB uploadedwandb: / 0.058 MB of 0.062 MB uploadedwandb: - 0.058 MB of 0.062 MB uploadedwandb: \ 0.058 MB of 0.062 MB uploadedwandb: | 0.058 MB of 0.062 MB uploadedwandb: / 0.058 MB of 0.062 MB uploadedwandb: - 0.058 MB of 0.062 MB uploadedwandb: \ 0.058 MB of 0.062 MB uploadedwandb: | 0.058 MB of 0.062 MB uploadedwandb: / 0.058 MB of 0.062 MB uploadedwandb: - 0.058 MB of 0.062 MB uploadedwandb: \ 0.058 MB of 0.062 MB uploadedwandb: | 0.058 MB of 0.062 MB uploadedwandb: / 0.058 MB of 0.062 MB uploadedwandb: - 0.058 MB of 0.062 MB uploadedwandb: \ 0.058 MB of 0.062 MB uploadedwandb: | 0.058 MB of 0.062 MB uploadedwandb: / 0.058 MB of 0.062 MB uploadedwandb: - 0.058 MB of 0.062 MB uploadedwandb: \ 0.058 MB of 0.062 MB uploadedwandb: | 0.058 MB of 0.062 MB uploadedwandb: / 0.058 MB of 0.062 MB uploadedwandb: - 0.058 MB of 0.062 MB uploadedwandb: \ 0.058 MB of 0.062 MB uploadedwandb: | 0.058 MB of 0.062 MB uploadedwandb: / 0.058 MB of 0.062 MB uploadedwandb: - 0.058 MB of 0.062 MB uploadedwandb: \ 0.058 MB of 0.062 MB uploadedwandb: | 0.058 MB of 0.062 MB uploadedwandb: / 0.058 MB of 0.062 MB uploadedwandb: - 0.058 MB of 0.062 MB uploadedwandb: \ 0.058 MB of 0.062 MB uploadedwandb: | 0.058 MB of 0.062 MB uploadedwandb: / 0.058 MB of 0.062 MB uploadedwandb: - 0.058 MB of 0.062 MB uploadedwandb: \ 0.058 MB of 0.062 MB uploadedwandb: | 0.058 MB of 0.062 MB uploadedwandb: / 0.058 MB of 0.062 MB uploadedwandb: - 0.058 MB of 0.062 MB uploadedwandb: \ 0.058 MB of 0.062 MB uploadedwandb: | 0.058 MB of 0.062 MB uploadedwandb: / 0.058 MB of 0.062 MB uploadedwandb: - 0.058 MB of 0.062 MB uploadedwandb: \ 0.058 MB of 0.062 MB uploadedwandb: | 0.058 MB of 0.062 MB uploadedwandb: / 0.058 MB of 0.062 MB uploadedwandb: - 0.058 MB of 0.062 MB uploadedwandb: \ 0.058 MB of 0.062 MB uploadedwandb: | 0.058 MB of 0.062 MB uploadedwandb: / 0.058 MB of 0.062 MB uploadedwandb: - 0.058 MB of 0.062 MB uploadedwandb: \ 0.058 MB of 0.062 MB uploadedwandb: | 0.058 MB of 0.062 MB uploadedwandb: / 0.058 MB of 0.062 MB uploadedwandb: - 0.058 MB of 0.062 MB uploadedwandb: \ 0.058 MB of 0.062 MB uploadedwandb: | 0.058 MB of 0.062 MB uploadedwandb: / 0.058 MB of 0.062 MB uploadedwandb: - 0.058 MB of 0.062 MB uploadedwandb: \ 0.058 MB of 0.062 MB uploadedwandb: | 0.058 MB of 0.062 MB uploadedwandb: / 0.058 MB of 0.062 MB uploadedwandb: - 0.058 MB of 0.062 MB uploadedwandb: \ 0.058 MB of 0.062 MB uploadedwandb: | 0.058 MB of 0.062 MB uploadedwandb: / 0.058 MB of 0.062 MB uploadedwandb: - 0.058 MB of 0.062 MB uploadedwandb: \ 0.058 MB of 0.062 MB uploadedwandb: | 0.058 MB of 0.062 MB uploadedwandb: / 0.058 MB of 0.062 MB uploadedwandb: - 0.058 MB of 0.062 MB uploadedwandb: \ 0.058 MB of 0.062 MB uploadedwandb: | 0.058 MB of 0.062 MB uploadedwandb: / 0.058 MB of 0.062 MB uploadedwandb: - 0.058 MB of 0.062 MB uploadedwandb: \ 0.058 MB of 0.062 MB uploadedwandb: | 0.058 MB of 0.062 MB uploadedwandb: / 0.058 MB of 0.062 MB uploadedwandb: - 0.058 MB of 0.062 MB uploadedwandb: \ 0.058 MB of 0.062 MB uploadedwandb: | 0.058 MB of 0.062 MB uploadedwandb: / 0.058 MB of 0.062 MB uploadedwandb: - 0.058 MB of 0.062 MB uploadedwandb: \ 0.058 MB of 0.062 MB uploadedwandb: | 0.058 MB of 0.062 MB uploadedwandb: / 0.058 MB of 0.062 MB uploadedwandb: - 0.058 MB of 0.062 MB uploadedwandb: \ 0.058 MB of 0.062 MB uploadedwandb: | 0.058 MB of 0.062 MB uploadedwandb: / 0.058 MB of 0.062 MB uploadedwandb: - 0.058 MB of 0.062 MB uploadedwandb: \ 0.058 MB of 0.062 MB uploadedwandb: | 0.058 MB of 0.062 MB uploadedwandb: / 0.058 MB of 0.062 MB uploadedwandb: - 0.058 MB of 0.062 MB uploadedwandb: \ 0.058 MB of 0.062 MB uploadedwandb: | 0.058 MB of 0.062 MB uploadedwandb: / 0.058 MB of 0.062 MB uploadedwandb: - 0.058 MB of 0.062 MB uploadedwandb: \ 0.058 MB of 0.062 MB uploadedwandb: | 0.058 MB of 0.062 MB uploadedwandb: / 0.058 MB of 0.062 MB uploadedwandb: - 0.058 MB of 0.062 MB uploadedwandb: \ 0.058 MB of 0.062 MB uploadedwandb: | 0.058 MB of 0.062 MB uploadedwandb: / 0.058 MB of 0.062 MB uploadedwandb: - 0.058 MB of 0.062 MB uploadedwandb: \ 0.058 MB of 0.062 MB uploadedwandb: | 0.058 MB of 0.062 MB uploadedwandb: / 0.058 MB of 0.062 MB uploadedwandb: - 0.058 MB of 0.062 MB uploadedwandb: \ 0.058 MB of 0.062 MB uploadedwandb: | 0.058 MB of 0.062 MB uploadedwandb: / 0.058 MB of 0.062 MB uploadedwandb: - 0.058 MB of 0.062 MB uploadedwandb: \ 0.058 MB of 0.062 MB uploadedwandb: | 0.058 MB of 0.062 MB uploadedwandb: / 0.058 MB of 0.062 MB uploadedwandb: - 0.058 MB of 0.062 MB uploadedwandb: \ 0.058 MB of 0.062 MB uploadedwandb: | 0.058 MB of 0.062 MB uploadedwandb: / 0.058 MB of 0.062 MB uploadedwandb: - 0.058 MB of 0.062 MB uploadedwandb: \ 0.058 MB of 0.062 MB uploadedwandb: | 0.058 MB of 0.062 MB uploadedwandb: / 0.058 MB of 0.062 MB uploadedwandb: - 0.058 MB of 0.062 MB uploadedwandb: \ 0.058 MB of 0.062 MB uploadedwandb: | 0.058 MB of 0.062 MB uploadedwandb: / 0.058 MB of 0.062 MB uploadedwandb: - 0.058 MB of 0.062 MB uploadedwandb: \ 0.058 MB of 0.062 MB uploadedwandb: | 0.058 MB of 0.062 MB uploadedwandb: / 0.058 MB of 0.062 MB uploadedwandb: - 0.058 MB of 0.062 MB uploadedwandb: \ 0.058 MB of 0.062 MB uploadedwandb: | 0.058 MB of 0.062 MB uploadedwandb: / 0.058 MB of 0.062 MB uploadedwandb: - 0.058 MB of 0.062 MB uploadedwandb: \ 0.058 MB of 0.062 MB uploadedwandb: | 0.058 MB of 0.062 MB uploadedwandb: / 0.058 MB of 0.062 MB uploadedwandb: - 0.058 MB of 0.062 MB uploadedwandb: \ 0.058 MB of 0.062 MB uploadedwandb: | 0.058 MB of 0.062 MB uploadedwandb: / 0.058 MB of 0.062 MB uploadedwandb: - 0.058 MB of 0.062 MB uploadedwandb: \ 0.058 MB of 0.062 MB uploadedwandb: | 0.058 MB of 0.062 MB uploadedwandb: / 0.058 MB of 0.062 MB uploadedwandb: - 0.058 MB of 0.062 MB uploadedwandb: \ 0.058 MB of 0.062 MB uploadedwandb: | 0.058 MB of 0.062 MB uploadedwandb: / 0.058 MB of 0.062 MB uploadedwandb: - 0.058 MB of 0.062 MB uploadedwandb: \ 0.058 MB of 0.062 MB uploadedwandb: | 0.058 MB of 0.062 MB uploadedwandb: / 0.058 MB of 0.062 MB uploadedwandb: - 0.058 MB of 0.062 MB uploadedwandb: \ 0.058 MB of 0.062 MB uploadedwandb: | 0.058 MB of 0.062 MB uploadedwandb: / 0.058 MB of 0.062 MB uploadedwandb: - 0.058 MB of 0.062 MB uploadedwandb: \ 0.058 MB of 0.062 MB uploadedwandb: | 0.058 MB of 0.062 MB uploadedwandb: / 0.058 MB of 0.062 MB uploadedwandb: - 0.058 MB of 0.062 MB uploadedwandb: \ 0.058 MB of 0.062 MB uploadedwandb: | 0.058 MB of 0.062 MB uploadedwandb: / 0.058 MB of 0.062 MB uploadedwandb: - 0.058 MB of 0.062 MB uploadedwandb: \ 0.058 MB of 0.062 MB uploadedwandb: | 0.058 MB of 0.062 MB uploadedwandb: / 0.058 MB of 0.062 MB uploadedwandb: - 0.058 MB of 0.062 MB uploadedwandb: \ 0.058 MB of 0.062 MB uploadedwandb: | 0.058 MB of 0.062 MB uploadedwandb: / 0.058 MB of 0.062 MB uploadedwandb: - 0.058 MB of 0.062 MB uploadedwandb: \ 0.058 MB of 0.062 MB uploadedwandb: | 0.058 MB of 0.062 MB uploadedwandb: / 0.058 MB of 0.062 MB uploadedwandb: - 0.058 MB of 0.062 MB uploadedwandb: \ 0.058 MB of 0.062 MB uploadedwandb: | 0.062 MB of 0.062 MB uploadedwandb: 
wandb: Run history:
wandb: Communication Time ▁▁▁▁▁▁▁▁▁▁▁▁▅▁▁▁▁█▁▁█▁▁▁▁▁▁▁▁▁▁▁▁▁▁▁▁▁▁▁
wandb:    MAE (test data) █▃▂▂▁▁▂▂▁▂▂▁▂▂▂▂▂▂▂▂▂▂▂▂▂▂▂▂▂▂▂▂▂▂▂▂▂▂▂▂
wandb:   MAPE (test data) ▁▆▇████████████████████████████████▇████
wandb:    MSE (test data) █▂▁▁▁▁▁▁▁▁▁▁▁▁▁▁▁▁▁▁▁▁▁▁▁▁▁▁▁▁▁▁▁▁▁▁▁▁▁▁
wandb:     R2 (test data) ▁▇██████████████████████████████████████
wandb:   RMSE (test data) █▂▁▁▁▁▁▁▁▁▁▁▁▁▁▁▁▁▁▁▁▁▁▁▁▁▁▁▁▁▁▁▁▁▁▁▁▁▁▁
wandb:    loss(test data) █▂▁▁▁▁▁▁▁▁▁▁▁▁▁▁▁▁▁▁▁▁▁▁▁▁▁▁▁▁▁▁▁▁▁▁▁▁▁▁
wandb: 
wandb: Run summary:
wandb: Communication Time 3.29669
wandb:    MAE (test data) 78.38633
wandb:   MAPE (test data) 101.19038
wandb:    MSE (test data) 9783.13184
wandb:     R2 (test data) 0.58734
wandb:   RMSE (test data) 98.90971
wandb:    loss(test data) 9783.13105
wandb: 
wandb: 🚀 View run noble-durian-26 at: https://wandb.ai/digitalai/CFL/runs/7tw3x05q
wandb: ️⚡ View job at https://wandb.ai/digitalai/CFL/jobs/QXJ0aWZhY3RDb2xsZWN0aW9uOjE0NzEyNzUxNA==/version_details/v5
wandb: Synced 6 W&B file(s), 0 media file(s), 0 artifact file(s) and 0 other file(s)
wandb: Find logs at: ./wandb/run-20240309_123333-7tw3x05q/logs
