wandb: Currently logged in as: longyunbo218 (digitalai). Use `wandb login --relogin` to force relogin
wandb: wandb version 0.16.4 is available!  To upgrade, please run:
wandb:  $ pip install wandb --upgrade
wandb: Tracking run with wandb version 0.16.2
wandb: Run data is saved locally in /Users/yunbo/Documents/GitHub/PFL_Optimiozation/Model_training/1_cluster/wandb/run-20240309_123333-e6g7jv5y
wandb: Run `wandb offline` to turn off syncing.
wandb: Syncing run lyric-wood-24
wandb: ⭐️ View project at https://wandb.ai/digitalai/CFL
wandb: 🚀 View run at https://wandb.ai/digitalai/CFL/runs/e6g7jv5y
INFO flwr 2024-03-09 12:33:56,799 | grpc.py:52 | Opened insecure gRPC connection (no certificates were passed)
DEBUG flwr 2024-03-09 12:33:56,815 | connection.py:42 | ChannelConnectivity.IDLE
DEBUG flwr 2024-03-09 12:33:56,816 | connection.py:42 | ChannelConnectivity.CONNECTING
DEBUG flwr 2024-03-09 12:33:56,819 | connection.py:42 | ChannelConnectivity.READY
Epoch 1/10, Loss: 13443.3856
Epoch 2/10, Loss: 3637.6144
Epoch 3/10, Loss: 3200.6349
Epoch 4/10, Loss: 2652.6880
Epoch 5/10, Loss: 3192.2123
Epoch 6/10, Loss: 2829.5771
Epoch 7/10, Loss: 2703.7576
Epoch 8/10, Loss: 2671.1980
Epoch 9/10, Loss: 2309.7532
Epoch 10/10, Loss: 2096.0421
Performance Metrics:
RMSE (test data): 182.35211181640625
MAE (test data): 142.67868041992188
MAPE (test data): 70.8555817604065
MSE (test data): 33252.29296875
R2 (test data): -1.1752359288965648
loss (test data): 33252.293302288585
Epoch 1/10, Loss: 1554.2041
Epoch 2/10, Loss: 42.0068
Epoch 3/10, Loss: 34.7422
Epoch 4/10, Loss: 25.1867
Epoch 5/10, Loss: 12.6640
Epoch 6/10, Loss: 10.7289
Epoch 7/10, Loss: 7.9628
Epoch 8/10, Loss: 9.2526
Epoch 9/10, Loss: 3.6836
Epoch 10/10, Loss: 5.4508
Performance Metrics:
RMSE (test data): 134.10818481445312
MAE (test data): 105.16657257080078
MAPE (test data): 77.20919251441956
MSE (test data): 17985.00390625
R2 (test data): -0.17650911271441583
loss (test data): 17985.003810678365
Epoch 1/10, Loss: 514.7208
Epoch 2/10, Loss: 23.3433
Epoch 3/10, Loss: 11.0685
Epoch 4/10, Loss: 6.4068
Epoch 5/10, Loss: 8.0514
Epoch 6/10, Loss: 7.1062
Epoch 7/10, Loss: 6.1435
Epoch 8/10, Loss: 31.9805
Epoch 9/10, Loss: 10.4996
Epoch 10/10, Loss: 40.6150
Performance Metrics:
RMSE (test data): 104.79283142089844
MAE (test data): 84.95095825195312
MAPE (test data): 88.97992372512817
MSE (test data): 10981.537109375
R2 (test data): 0.28163048365945276
loss (test data): 10981.537017651888
Epoch 1/10, Loss: 408.9697
Epoch 2/10, Loss: 13.7662
Epoch 3/10, Loss: 9.0475
Epoch 4/10, Loss: 13.1792
Epoch 5/10, Loss: 4.2561
Epoch 6/10, Loss: 6.9930
Epoch 7/10, Loss: 8.5471
Epoch 8/10, Loss: 13.9349
Epoch 9/10, Loss: 12.7567
Epoch 10/10, Loss: 12.7994
Performance Metrics:
RMSE (test data): 95.2733383178711
MAE (test data): 77.02200317382812
MAPE (test data): 93.06450486183167
MSE (test data): 9077.0087890625
R2 (test data): 0.4062173222491249
loss (test data): 9077.008855770218
Epoch 1/10, Loss: 545.7756
Epoch 2/10, Loss: 20.1532
Epoch 3/10, Loss: 9.0360
Epoch 4/10, Loss: 6.7090
Epoch 5/10, Loss: 6.4396
Epoch 6/10, Loss: 14.1225
Epoch 7/10, Loss: 3.5564
Epoch 8/10, Loss: 10.5876
Epoch 9/10, Loss: 21.4347
Epoch 10/10, Loss: 4.8823
Performance Metrics:
RMSE (test data): 95.98628234863281
MAE (test data): 74.33341217041016
MAPE (test data): 90.61670899391174
MSE (test data): 9213.3662109375
R2 (test data): 0.39729736785716463
loss (test data): 9213.365966716698
Epoch 1/10, Loss: 346.2597
Epoch 2/10, Loss: 9.7678
Epoch 3/10, Loss: 5.5919
Epoch 4/10, Loss: 4.3586
Epoch 5/10, Loss: 4.5429
Epoch 6/10, Loss: 2.9533
Epoch 7/10, Loss: 3.0069
Epoch 8/10, Loss: 3.4930
Epoch 9/10, Loss: 7.1812
Epoch 10/10, Loss: 5.3800
Performance Metrics:
RMSE (test data): 91.85331726074219
MAE (test data): 74.7336196899414
MAPE (test data): 93.1980550289154
MSE (test data): 8437.0322265625
R2 (test data): 0.4480820588954204
loss (test data): 8437.033053032636
Epoch 1/10, Loss: 732.2821
Epoch 2/10, Loss: 22.4233
Epoch 3/10, Loss: 12.0318
Epoch 4/10, Loss: 11.0193
Epoch 5/10, Loss: 10.8473
Epoch 6/10, Loss: 9.4898
Epoch 7/10, Loss: 11.5772
Epoch 8/10, Loss: 8.2771
Epoch 9/10, Loss: 7.5486
Epoch 10/10, Loss: 23.2303
Performance Metrics:
RMSE (test data): 87.07743072509766
MAE (test data): 70.10966491699219
MAPE (test data): 94.3902850151062
MSE (test data): 7582.4794921875
R2 (test data): 0.5039836499397772
loss (test data): 7582.4792202252665
Epoch 1/10, Loss: 321.4520
Epoch 2/10, Loss: 5.2726
Epoch 3/10, Loss: 3.8346
Epoch 4/10, Loss: 3.1484
Epoch 5/10, Loss: 2.8407
Epoch 6/10, Loss: 3.4365
Epoch 7/10, Loss: 2.7888
Epoch 8/10, Loss: 10.2567
Epoch 9/10, Loss: 10.3310
Epoch 10/10, Loss: 4.4473
Performance Metrics:
RMSE (test data): 89.1308364868164
MAE (test data): 72.74842071533203
MAPE (test data): 93.78811120986938
MSE (test data): 7944.30615234375
R2 (test data): 0.4803143474954117
loss (test data): 7944.306021493996
Epoch 1/10, Loss: 227.2130
Epoch 2/10, Loss: 18.9148
Epoch 3/10, Loss: 9.5490
Epoch 4/10, Loss: 8.2150
Epoch 5/10, Loss: 3.7408
Epoch 6/10, Loss: 2.5965
Epoch 7/10, Loss: 3.0041
Epoch 8/10, Loss: 12.7979
Epoch 9/10, Loss: 2.3130
Epoch 10/10, Loss: 1.4593
Performance Metrics:
RMSE (test data): 86.47537231445312
MAE (test data): 69.81720733642578
MAPE (test data): 94.40768361091614
MSE (test data): 7477.990234375
R2 (test data): 0.5108189278652568
loss (test data): 7477.989964978448
Epoch 1/10, Loss: 285.6257
Epoch 2/10, Loss: 8.2988
Epoch 3/10, Loss: 5.9413
Epoch 4/10, Loss: 6.2337
Epoch 5/10, Loss: 4.3238
Epoch 6/10, Loss: 3.5161
Epoch 7/10, Loss: 2.1799
Epoch 8/10, Loss: 1.7981
Epoch 9/10, Loss: 1.1274
Epoch 10/10, Loss: 4.2190
Performance Metrics:
RMSE (test data): 84.08148193359375
MAE (test data): 67.4883041381836
MAPE (test data): 96.43104672431946
MSE (test data): 7069.69580078125
R2 (test data): 0.5375279383601833
loss (test data): 7069.695979416821
Epoch 1/10, Loss: 282.3839
Epoch 2/10, Loss: 5.5084
Epoch 3/10, Loss: 4.1411
Epoch 4/10, Loss: 2.5908
Epoch 5/10, Loss: 1.6826
Epoch 6/10, Loss: 2.2806
Epoch 7/10, Loss: 1.8523
Epoch 8/10, Loss: 0.9841
Epoch 9/10, Loss: 0.5365
Epoch 10/10, Loss: 0.9464
Performance Metrics:
RMSE (test data): 84.45008087158203
MAE (test data): 66.8507308959961
MAPE (test data): 95.1755940914154
MSE (test data): 7131.81591796875
R2 (test data): 0.5334642543861997
loss (test data): 7131.81649412459
Epoch 1/10, Loss: 172.1707
Epoch 2/10, Loss: 2.5588
Epoch 3/10, Loss: 1.7878
Epoch 4/10, Loss: 0.9999
Epoch 5/10, Loss: 1.7873
Epoch 6/10, Loss: 1.5245
Epoch 7/10, Loss: 1.1685
Epoch 8/10, Loss: 2.2629
Epoch 9/10, Loss: 7.4888
Epoch 10/10, Loss: 2.8960
Performance Metrics:
RMSE (test data): 88.53302764892578
MAE (test data): 72.85446166992188
MAPE (test data): 94.56616044044495
MSE (test data): 7838.0966796875
R2 (test data): 0.48726213015839415
loss (test data): 7838.096924068657
Epoch 1/10, Loss: 245.1672
Epoch 2/10, Loss: 3.4312
Epoch 3/10, Loss: 2.1761
Epoch 4/10, Loss: 1.4637
Epoch 5/10, Loss: 0.9602
Epoch 6/10, Loss: 0.6004
Epoch 7/10, Loss: 0.5793
Epoch 8/10, Loss: 0.6647
Epoch 9/10, Loss: 0.5229
Epoch 10/10, Loss: 7.4224
Performance Metrics:
RMSE (test data): 84.81974029541016
MAE (test data): 67.16633605957031
MAPE (test data): 94.39781308174133
MSE (test data): 7194.38818359375
R2 (test data): 0.529371062804137
loss (test data): 7194.38805098009
Epoch 1/10, Loss: 245.2444
Epoch 2/10, Loss: 2.9082
Epoch 3/10, Loss: 1.9355
Epoch 4/10, Loss: 1.4531
Epoch 5/10, Loss: 0.8872
Epoch 6/10, Loss: 0.7987
Epoch 7/10, Loss: 0.7511
Epoch 8/10, Loss: 0.5712
Epoch 9/10, Loss: 0.7611
Epoch 10/10, Loss: 0.2832
Performance Metrics:
RMSE (test data): 86.79885864257812
MAE (test data): 72.55545806884766
MAPE (test data): 95.66622376441956
MSE (test data): 7534.0419921875
R2 (test data): 0.50715222951916
loss (test data): 7534.0418183625825
Epoch 1/10, Loss: 166.9581
Epoch 2/10, Loss: 2.8182
Epoch 3/10, Loss: 1.5886
Epoch 4/10, Loss: 1.3861
Epoch 5/10, Loss: 1.0379
Epoch 6/10, Loss: 2.5887
Epoch 7/10, Loss: 2.2130
Epoch 8/10, Loss: 1.3445
Epoch 9/10, Loss: 1.0163
Epoch 10/10, Loss: 2.3912
Performance Metrics:
RMSE (test data): 85.51994323730469
MAE (test data): 68.38270568847656
MAPE (test data): 94.53164935112
MSE (test data): 7313.66064453125
R2 (test data): 0.5215686916369181
loss (test data): 7313.661023129618
Epoch 1/10, Loss: 347.1178
Epoch 2/10, Loss: 2.6695
Epoch 3/10, Loss: 1.9103
Epoch 4/10, Loss: 1.3795
Epoch 5/10, Loss: 0.9763
Epoch 6/10, Loss: 0.7820
Epoch 7/10, Loss: 0.8489
Epoch 8/10, Loss: 0.6595
Epoch 9/10, Loss: 0.6451
Epoch 10/10, Loss: 0.6017
Performance Metrics:
RMSE (test data): 88.36741638183594
MAE (test data): 73.32386016845703
MAPE (test data): 94.6742832660675
MSE (test data): 7808.80078125
R2 (test data): 0.4891785798498157
loss (test data): 7808.800644627463
Epoch 1/10, Loss: 318.5499
Epoch 2/10, Loss: 3.5444
Epoch 3/10, Loss: 2.1645
Epoch 4/10, Loss: 1.4826
Epoch 5/10, Loss: 1.1387
Epoch 6/10, Loss: 1.0368
Epoch 7/10, Loss: 0.8689
Epoch 8/10, Loss: 1.1563
Epoch 9/10, Loss: 0.5256
Epoch 10/10, Loss: 0.7627
Performance Metrics:
RMSE (test data): 83.3548355102539
MAE (test data): 65.48464965820312
MAPE (test data): 95.321786403656
MSE (test data): 6948.02880859375
R2 (test data): 0.5454869611911931
loss (test data): 6948.028361684113
Epoch 1/10, Loss: 171.3199
Epoch 2/10, Loss: 1.2493
Epoch 3/10, Loss: 0.9749
Epoch 4/10, Loss: 0.6363
Epoch 5/10, Loss: 0.5446
Epoch 6/10, Loss: 0.4186
Epoch 7/10, Loss: 0.3096
Epoch 8/10, Loss: 0.3814
Epoch 9/10, Loss: 0.4584
Epoch 10/10, Loss: 0.5539
Performance Metrics:
RMSE (test data): 89.23809814453125
MAE (test data): 75.90538024902344
MAPE (test data): 95.1354444026947
MSE (test data): 7963.43798828125
R2 (test data): 0.4790628115192681
loss (test data): 7963.437931675903
Epoch 1/10, Loss: 174.2575
Epoch 2/10, Loss: 1.4131
Epoch 3/10, Loss: 0.7359
Epoch 4/10, Loss: 0.5993
Epoch 5/10, Loss: 0.6286
Epoch 6/10, Loss: 0.3697
Epoch 7/10, Loss: 0.2917
Epoch 8/10, Loss: 0.4167
Epoch 9/10, Loss: 0.2836
Epoch 10/10, Loss: 0.2956
Performance Metrics:
RMSE (test data): 83.78984069824219
MAE (test data): 65.8281478881836
MAPE (test data): 94.90840435028076
MSE (test data): 7020.73681640625
R2 (test data): 0.5407306566215861
loss (test data): 7020.736802776068
Epoch 1/10, Loss: 293.5738
Epoch 2/10, Loss: 1.5990
Epoch 3/10, Loss: 1.1135
Epoch 4/10, Loss: 0.7994
Epoch 5/10, Loss: 0.7256
Epoch 6/10, Loss: 0.5343
Epoch 7/10, Loss: 0.5128
Epoch 8/10, Loss: 0.4794
Epoch 9/10, Loss: 0.3392
Epoch 10/10, Loss: 0.3027
Performance Metrics:
RMSE (test data): 93.29564666748047
MAE (test data): 81.05835723876953
MAPE (test data): 94.06265616416931
MSE (test data): 8704.0771484375
R2 (test data): 0.43061307526735304
loss (test data): 8704.077015984196
Epoch 1/10, Loss: 200.7882
Epoch 2/10, Loss: 1.7017
Epoch 3/10, Loss: 1.3881
Epoch 4/10, Loss: 0.8484
Epoch 5/10, Loss: 0.5628
Epoch 6/10, Loss: 0.5022
Epoch 7/10, Loss: 0.4393
Epoch 8/10, Loss: 0.4475
Epoch 9/10, Loss: 0.7819
Epoch 10/10, Loss: 0.3569
Performance Metrics:
RMSE (test data): 86.9344711303711
MAE (test data): 70.74646759033203
MAPE (test data): 94.0406858921051
MSE (test data): 7557.60205078125
R2 (test data): 0.5056110103049666
loss (test data): 7557.602115404351
Epoch 1/10, Loss: 265.0180
Epoch 2/10, Loss: 1.4341
Epoch 3/10, Loss: 0.8808
Epoch 4/10, Loss: 0.6921
Epoch 5/10, Loss: 0.5653
Epoch 6/10, Loss: 0.4098
Epoch 7/10, Loss: 0.3535
Epoch 8/10, Loss: 0.2808
Epoch 9/10, Loss: 0.2293
Epoch 10/10, Loss: 0.1859
Performance Metrics:
RMSE (test data): 87.38090515136719
MAE (test data): 74.12162017822266
MAPE (test data): 95.43185234069824
MSE (test data): 7635.4228515625
R2 (test data): 0.5005202814233464
loss (test data): 7635.422861183805
Epoch 1/10, Loss: 188.6914
Epoch 2/10, Loss: 1.4488
Epoch 3/10, Loss: 0.8422
Epoch 4/10, Loss: 0.4939
Epoch 5/10, Loss: 0.5175
Epoch 6/10, Loss: 0.3074
Epoch 7/10, Loss: 0.4486
Epoch 8/10, Loss: 0.3296
Epoch 9/10, Loss: 0.2446
Epoch 10/10, Loss: 0.6623
Performance Metrics:
RMSE (test data): 87.28282928466797
MAE (test data): 74.23217010498047
MAPE (test data): 95.4008400440216
MSE (test data): 7618.29248046875
R2 (test data): 0.5016408719976263
loss (test data): 7618.292643229167
Epoch 1/10, Loss: 194.5199
Epoch 2/10, Loss: 1.1285
Epoch 3/10, Loss: 0.8986
Epoch 4/10, Loss: 0.6592
Epoch 5/10, Loss: 0.3875
Epoch 6/10, Loss: 0.4034
Epoch 7/10, Loss: 0.2723
Epoch 8/10, Loss: 0.3112
Epoch 9/10, Loss: 0.2980
Epoch 10/10, Loss: 0.2306
Performance Metrics:
RMSE (test data): 88.55086517333984
MAE (test data): 72.60248565673828
MAPE (test data): 92.97357201576233
MSE (test data): 7841.255859375
R2 (test data): 0.48705547725444287
loss (test data): 7841.255951258467
Epoch 1/10, Loss: 198.0764
Epoch 2/10, Loss: 0.9688
Epoch 3/10, Loss: 0.6286
Epoch 4/10, Loss: 0.4621
Epoch 5/10, Loss: 0.4186
Epoch 6/10, Loss: 0.3020
Epoch 7/10, Loss: 0.2700
Epoch 8/10, Loss: 0.3199
Epoch 9/10, Loss: 0.1762
Epoch 10/10, Loss: 0.1473
Performance Metrics:
RMSE (test data): 89.23492431640625
MAE (test data): 72.96726989746094
MAPE (test data): 93.05527210235596
MSE (test data): 7962.87109375
R2 (test data): 0.4790999102546788
loss (test data): 7962.870776888341
Epoch 1/10, Loss: 218.6404
Epoch 2/10, Loss: 1.0013
Epoch 3/10, Loss: 0.6032
Epoch 4/10, Loss: 0.4492
Epoch 5/10, Loss: 0.3809
Epoch 6/10, Loss: 0.4260
Epoch 7/10, Loss: 0.3041
Epoch 8/10, Loss: 0.2480
Epoch 9/10, Loss: 0.2274
Epoch 10/10, Loss: 0.2317
Performance Metrics:
RMSE (test data): 90.99942779541016
MAE (test data): 78.11994934082031
MAPE (test data): 94.67604756355286
MSE (test data): 8280.896484375
R2 (test data): 0.45829587409147643
loss (test data): 8280.896879730475
Epoch 1/10, Loss: 197.8386
Epoch 2/10, Loss: 1.1126
Epoch 3/10, Loss: 0.7131
Epoch 4/10, Loss: 0.5436
Epoch 5/10, Loss: 0.4030
Epoch 6/10, Loss: 0.2653
Epoch 7/10, Loss: 0.2227
Epoch 8/10, Loss: 0.2241
Epoch 9/10, Loss: 0.1973
Epoch 10/10, Loss: 0.2632
Performance Metrics:
RMSE (test data): 88.55500793457031
MAE (test data): 72.53128814697266
MAPE (test data): 93.42727065086365
MSE (test data): 7841.98876953125
R2 (test data): 0.48700751623115546
loss (test data): 7841.989220610119
Epoch 1/10, Loss: 203.6628
Epoch 2/10, Loss: 1.3409
Epoch 3/10, Loss: 0.7758
Epoch 4/10, Loss: 0.5616
Epoch 5/10, Loss: 0.3548
Epoch 6/10, Loss: 0.3008
Epoch 7/10, Loss: 0.2043
Epoch 8/10, Loss: 0.1875
Epoch 9/10, Loss: 0.2317
Epoch 10/10, Loss: 0.2118
Performance Metrics:
RMSE (test data): 84.52899932861328
MAE (test data): 68.86695098876953
MAPE (test data): 94.89197731018066
MSE (test data): 7145.1513671875
R2 (test data): 0.5325919330122897
loss (test data): 7145.151470776888
Epoch 1/10, Loss: 214.2593
Epoch 2/10, Loss: 1.0368
Epoch 3/10, Loss: 0.6009
Epoch 4/10, Loss: 0.4090
Epoch 5/10, Loss: 0.3691
Epoch 6/10, Loss: 0.2492
Epoch 7/10, Loss: 0.2993
Epoch 8/10, Loss: 0.4955
Epoch 9/10, Loss: 0.2463
Epoch 10/10, Loss: 0.1419
Performance Metrics:
RMSE (test data): 86.9958724975586
MAE (test data): 73.04220581054688
MAPE (test data): 95.14403939247131
MSE (test data): 7568.28125
R2 (test data): 0.504912419879435
loss (test data): 7568.281306124281
Epoch 1/10, Loss: 138.7600
Epoch 2/10, Loss: 1.0521
Epoch 3/10, Loss: 0.5273
Epoch 4/10, Loss: 0.5780
Epoch 5/10, Loss: 0.3290
Epoch 6/10, Loss: 0.2604
Epoch 7/10, Loss: 0.1684
Epoch 8/10, Loss: 0.1322
Epoch 9/10, Loss: 0.1730
Epoch 10/10, Loss: 0.1477
Performance Metrics:
RMSE (test data): 87.63008117675781
MAE (test data): 75.0068359375
MAPE (test data): 95.70335745811462
MSE (test data): 7679.03173828125
R2 (test data): 0.4976675965116121
loss (test data): 7679.031105359709
Epoch 1/10, Loss: 194.2478
Epoch 2/10, Loss: 1.0586
Epoch 3/10, Loss: 0.6374
Epoch 4/10, Loss: 0.5381
Epoch 5/10, Loss: 0.5023
Epoch 6/10, Loss: 0.3681
Epoch 7/10, Loss: 0.2577
Epoch 8/10, Loss: 0.2486
Epoch 9/10, Loss: 0.2711
Epoch 10/10, Loss: 0.3512
Performance Metrics:
RMSE (test data): 91.64183044433594
MAE (test data): 78.4383544921875
MAPE (test data): 93.91687512397766
MSE (test data): 8398.224609375
R2 (test data): 0.45062075344201213
loss (test data): 8398.224622524118
Epoch 1/10, Loss: 260.2596
Epoch 2/10, Loss: 1.6855
Epoch 3/10, Loss: 1.0453
Epoch 4/10, Loss: 0.7084
Epoch 5/10, Loss: 0.5094
Epoch 6/10, Loss: 0.4228
Epoch 7/10, Loss: 0.2946
Epoch 8/10, Loss: 0.2096
Epoch 9/10, Loss: 0.1939
Epoch 10/10, Loss: 0.1710
Performance Metrics:
RMSE (test data): 90.53565216064453
MAE (test data): 77.25170135498047
MAPE (test data): 94.03159618377686
MSE (test data): 8196.7041015625
R2 (test data): 0.463803438739237
loss (test data): 8196.704135237069
Epoch 1/10, Loss: 219.3639
Epoch 2/10, Loss: 1.3211
Epoch 3/10, Loss: 0.7899
Epoch 4/10, Loss: 0.5373
Epoch 5/10, Loss: 0.4540
Epoch 6/10, Loss: 0.3143
Epoch 7/10, Loss: 0.2837
Epoch 8/10, Loss: 0.2210
Epoch 9/10, Loss: 0.1940
Epoch 10/10, Loss: 0.2103
Performance Metrics:
RMSE (test data): 90.88980865478516
MAE (test data): 77.05647277832031
MAPE (test data): 93.61729621887207
MSE (test data): 8260.95703125
R2 (test data): 0.45960026952568755
loss (test data): 8260.956974484297
Epoch 1/10, Loss: 210.3163
Epoch 2/10, Loss: 1.1930
Epoch 3/10, Loss: 0.7803
Epoch 4/10, Loss: 0.5013
Epoch 5/10, Loss: 0.3789
Epoch 6/10, Loss: 0.3424
Epoch 7/10, Loss: 0.2490
Epoch 8/10, Loss: 0.1980
Epoch 9/10, Loss: 0.2044
Epoch 10/10, Loss: 0.2444
Performance Metrics:
RMSE (test data): 90.21112823486328
MAE (test data): 77.08565521240234
MAPE (test data): 94.10673379898071
MSE (test data): 8138.0478515625
R2 (test data): 0.46764049677527564
loss (test data): 8138.047840337644
Epoch 1/10, Loss: 221.6944
Epoch 2/10, Loss: 1.1979
Epoch 3/10, Loss: 0.6901
Epoch 4/10, Loss: 0.5171
Epoch 5/10, Loss: 0.3407
Epoch 6/10, Loss: 0.2728
Epoch 7/10, Loss: 0.2463
Epoch 8/10, Loss: 0.1898
Epoch 9/10, Loss: 0.1438
Epoch 10/10, Loss: 0.1739
Performance Metrics:
RMSE (test data): 91.88338470458984
MAE (test data): 78.36346435546875
MAPE (test data): 93.57696771621704
MSE (test data): 8442.556640625
R2 (test data): 0.4477206625017459
loss (test data): 8442.55738531404
Epoch 1/10, Loss: 322.7680
Epoch 2/10, Loss: 1.7668
Epoch 3/10, Loss: 1.0999
Epoch 4/10, Loss: 0.7667
Epoch 5/10, Loss: 0.5606
Epoch 6/10, Loss: 0.4341
Epoch 7/10, Loss: 0.3410
Epoch 8/10, Loss: 0.2821
Epoch 9/10, Loss: 0.2264
Epoch 10/10, Loss: 0.1720
Performance Metrics:
RMSE (test data): 91.0997085571289
MAE (test data): 77.61030578613281
MAPE (test data): 93.7315821647644
MSE (test data): 8299.1572265625
R2 (test data): 0.4571013430166173
loss (test data): 8299.157513277401
Epoch 1/10, Loss: 290.9830
Epoch 2/10, Loss: 1.4173
Epoch 3/10, Loss: 0.9285
Epoch 4/10, Loss: 0.6813
Epoch 5/10, Loss: 0.5536
Epoch 6/10, Loss: 0.5413
Epoch 7/10, Loss: 0.3170
Epoch 8/10, Loss: 0.4783
Epoch 9/10, Loss: 0.3701
Epoch 10/10, Loss: 0.2734
Performance Metrics:
RMSE (test data): 91.00559997558594
MAE (test data): 78.20944213867188
MAPE (test data): 94.26832795143127
MSE (test data): 8282.0185546875
R2 (test data): 0.45822250716906965
loss (test data): 8282.018437267485
Epoch 1/10, Loss: 202.8240
Epoch 2/10, Loss: 0.9929
Epoch 3/10, Loss: 0.6497
Epoch 4/10, Loss: 0.4681
Epoch 5/10, Loss: 0.3770
Epoch 6/10, Loss: 0.2824
Epoch 7/10, Loss: 0.2394
Epoch 8/10, Loss: 0.2284
Epoch 9/10, Loss: 0.1889
Epoch 10/10, Loss: 0.2358
Performance Metrics:
RMSE (test data): 90.26189422607422
MAE (test data): 77.57764434814453
MAPE (test data): 94.51712965965271
MSE (test data): 8147.208984375
R2 (test data): 0.46704121082645733
loss (test data): 8147.209075296336
Epoch 1/10, Loss: 190.9549
Epoch 2/10, Loss: 0.9361
Epoch 3/10, Loss: 0.6556
Epoch 4/10, Loss: 0.4829
Epoch 5/10, Loss: 0.4090
Epoch 6/10, Loss: 0.2992
Epoch 7/10, Loss: 0.2415
Epoch 8/10, Loss: 0.2711
Epoch 9/10, Loss: 0.1920
Epoch 10/10, Loss: 0.1764
Performance Metrics:
RMSE (test data): 90.8951187133789
MAE (test data): 77.32217407226562
MAPE (test data): 93.59341859817505
MSE (test data): 8261.9228515625
R2 (test data): 0.45953712441604966
loss (test data): 8261.922279896604
Epoch 1/10, Loss: 302.8315
Epoch 2/10, Loss: 1.3246
Epoch 3/10, Loss: 0.9632
Epoch 4/10, Loss: 0.7478
Epoch 5/10, Loss: 0.6154
Epoch 6/10, Loss: 0.4337
Epoch 7/10, Loss: 0.3022
Epoch 8/10, Loss: 0.2217
Epoch 9/10, Loss: 0.1985
Epoch 10/10, Loss: 0.1639
Performance Metrics:
RMSE (test data): 90.70491790771484
MAE (test data): 77.09371948242188
MAPE (test data): 93.70892643928528
MSE (test data): 8227.3828125
R2 (test data): 0.4617965646303971
loss (test data): 8227.382787163895
Epoch 1/10, Loss: 254.2407
Epoch 2/10, Loss: 1.0403
Epoch 3/10, Loss: 0.6748
Epoch 4/10, Loss: 0.5150
Epoch 5/10, Loss: 0.4770
Epoch 6/10, Loss: 0.4628
Epoch 7/10, Loss: 0.2906
Epoch 8/10, Loss: 0.2484
Epoch 9/10, Loss: 0.2534
Epoch 10/10, Loss: 0.1911
Performance Metrics:
RMSE (test data): 90.73674011230469
MAE (test data): 77.58384704589844
MAPE (test data): 94.0374493598938
MSE (test data): 8233.15625
R2 (test data): 0.46141889260280866
loss (test data): 8233.156201893473
Epoch 1/10, Loss: 263.9998
Epoch 2/10, Loss: 0.8946
Epoch 3/10, Loss: 0.6746
Epoch 4/10, Loss: 0.5329
Epoch 5/10, Loss: 0.4080
Epoch 6/10, Loss: 0.3300
Epoch 7/10, Loss: 0.3153
Epoch 8/10, Loss: 0.2214
Epoch 9/10, Loss: 0.2271
Epoch 10/10, Loss: 0.2225
Performance Metrics:
RMSE (test data): 90.66188049316406
MAE (test data): 77.465087890625
MAPE (test data): 94.11788582801819
MSE (test data): 8219.576171875
R2 (test data): 0.46230728249292685
loss (test data): 8219.575513456999
Epoch 1/10, Loss: 201.8951
Epoch 2/10, Loss: 0.9203
Epoch 3/10, Loss: 0.6739
Epoch 4/10, Loss: 0.5717
Epoch 5/10, Loss: 0.3885
Epoch 6/10, Loss: 0.2949
Epoch 7/10, Loss: 0.2628
Epoch 8/10, Loss: 0.2335
Epoch 9/10, Loss: 0.2633
Epoch 10/10, Loss: 0.2489
Performance Metrics:
RMSE (test data): 89.56156158447266
MAE (test data): 76.5920181274414
MAPE (test data): 94.5616066455841
MSE (test data): 8021.2734375
R2 (test data): 0.4752794432392192
loss (test data): 8021.273355398193
Epoch 1/10, Loss: 191.8388
Epoch 2/10, Loss: 0.9393
Epoch 3/10, Loss: 0.7160
Epoch 4/10, Loss: 0.5644
Epoch 5/10, Loss: 0.3938
Epoch 6/10, Loss: 0.3315
Epoch 7/10, Loss: 0.2654
Epoch 8/10, Loss: 0.1864
Epoch 9/10, Loss: 0.2439
Epoch 10/10, Loss: 0.1818
Performance Metrics:
RMSE (test data): 91.14341735839844
MAE (test data): 77.23289489746094
MAPE (test data): 93.49767565727234
MSE (test data): 8307.1220703125
R2 (test data): 0.45658031577588853
loss (test data): 8307.122226819069
Epoch 1/10, Loss: 201.0095
Epoch 2/10, Loss: 1.0116
Epoch 3/10, Loss: 0.7094
Epoch 4/10, Loss: 0.5056
Epoch 5/10, Loss: 0.4301
Epoch 6/10, Loss: 0.3468
Epoch 7/10, Loss: 0.2441
Epoch 8/10, Loss: 0.2008
Epoch 9/10, Loss: 0.2130
Epoch 10/10, Loss: 0.1623
Performance Metrics:
RMSE (test data): 91.33148193359375
MAE (test data): 78.34642028808594
MAPE (test data): 94.0798819065094
MSE (test data): 8341.439453125
R2 (test data): 0.45433541711680037
loss (test data): 8341.439593596058
Epoch 1/10, Loss: 299.6171
Epoch 2/10, Loss: 1.4056
Epoch 3/10, Loss: 0.9154
Epoch 4/10, Loss: 0.6557
Epoch 5/10, Loss: 0.5308
Epoch 6/10, Loss: 0.3650
Epoch 7/10, Loss: 0.3259
Epoch 8/10, Loss: 0.2545
Epoch 9/10, Loss: 0.2022
Epoch 10/10, Loss: 0.2131
Performance Metrics:
RMSE (test data): 90.64374542236328
MAE (test data): 77.33654022216797
MAPE (test data): 93.97876858711243
MSE (test data): 8216.2890625
R2 (test data): 0.46252229236850895
loss (test data): 8216.28864317144
Epoch 1/10, Loss: 212.2020
Epoch 2/10, Loss: 0.9063
Epoch 3/10, Loss: 0.6709
Epoch 4/10, Loss: 0.5262
Epoch 5/10, Loss: 0.4278
Epoch 6/10, Loss: 0.3026
Epoch 7/10, Loss: 0.2842
Epoch 8/10, Loss: 0.3017
Epoch 9/10, Loss: 0.2239
Epoch 10/10, Loss: 0.2370
Performance Metrics:
RMSE (test data): 89.20148468017578
MAE (test data): 75.88892364501953
MAPE (test data): 94.51323747634888
MSE (test data): 7956.904296875
R2 (test data): 0.47949020206718984
loss (test data): 7956.904562423029
Epoch 1/10, Loss: 151.5934
Epoch 2/10, Loss: 0.8035
Epoch 3/10, Loss: 0.6251
Epoch 4/10, Loss: 0.4163
Epoch 5/10, Loss: 0.3313
Epoch 6/10, Loss: 0.3047
Epoch 7/10, Loss: 0.2268
Epoch 8/10, Loss: 0.3231
Epoch 9/10, Loss: 0.2114
Epoch 10/10, Loss: 0.1907
Performance Metrics:
RMSE (test data): 90.57404327392578
MAE (test data): 77.1525650024414
MAPE (test data): 93.89687776565552
MSE (test data): 8203.6572265625
R2 (test data): 0.46334859500017567
loss (test data): 8203.65723538203
Epoch 1/10, Loss: 230.4116
Epoch 2/10, Loss: 0.8174
Epoch 3/10, Loss: 0.5941
Epoch 4/10, Loss: 0.5111
Epoch 5/10, Loss: 0.4174
Epoch 6/10, Loss: 0.3934
Epoch 7/10, Loss: 0.3273
Epoch 8/10, Loss: 0.3290
Epoch 9/10, Loss: 0.2737
Epoch 10/10, Loss: 0.2293
Performance Metrics:
RMSE (test data): 90.07288360595703
MAE (test data): 77.81776428222656
MAPE (test data): 94.99598145484924
MSE (test data): 8113.125
R2 (test data): 0.4692708519044253
loss (test data): 8113.125175749179
Epoch 1/10, Loss: 250.8460
Epoch 2/10, Loss: 0.9224
Epoch 3/10, Loss: 0.5905
Epoch 4/10, Loss: 0.4699
Epoch 5/10, Loss: 0.3589
Epoch 6/10, Loss: 0.3202
Epoch 7/10, Loss: 0.2506
Epoch 8/10, Loss: 0.2075
Epoch 9/10, Loss: 0.1971
Epoch 10/10, Loss: 0.2571
Performance Metrics:
RMSE (test data): 89.17106628417969
MAE (test data): 76.48356628417969
MAPE (test data): 95.01668810844421
MSE (test data): 7951.478515625
R2 (test data): 0.4798451778958748
loss (test data): 7951.4780890804595
Epoch 1/10, Loss: 199.2011
Epoch 2/10, Loss: 0.6941
Epoch 3/10, Loss: 0.4904
Epoch 4/10, Loss: 0.3972
Epoch 5/10, Loss: 0.3405
Epoch 6/10, Loss: 0.2926
Epoch 7/10, Loss: 0.2307
Epoch 8/10, Loss: 0.1876
Epoch 9/10, Loss: 0.1935
Epoch 10/10, Loss: 0.1784
Performance Metrics:
RMSE (test data): 90.82061004638672
MAE (test data): 78.12458801269531
MAPE (test data): 94.43359971046448
MSE (test data): 8248.3837890625
R2 (test data): 0.46042279699766075
loss (test data): 8248.383214189502
Epoch 1/10, Loss: 181.8159
Epoch 2/10, Loss: 0.9077
Epoch 3/10, Loss: 0.6339
Epoch 4/10, Loss: 0.4538
Epoch 5/10, Loss: 0.3356
Epoch 6/10, Loss: 0.3248
Epoch 7/10, Loss: 0.2582
Epoch 8/10, Loss: 0.2512
Epoch 9/10, Loss: 0.2386
Epoch 10/10, Loss: 0.2808
Performance Metrics:
RMSE (test data): 90.77035522460938
MAE (test data): 77.305419921875
MAPE (test data): 93.9814567565918
MSE (test data): 8239.2578125
R2 (test data): 0.4610197384812139
loss (test data): 8239.257973336156
Epoch 1/10, Loss: 245.5782
Epoch 2/10, Loss: 0.8648
Epoch 3/10, Loss: 0.5474
Epoch 4/10, Loss: 0.4370
Epoch 5/10, Loss: 0.4180
Epoch 6/10, Loss: 0.2972
Epoch 7/10, Loss: 0.2569
Epoch 8/10, Loss: 0.3130
Epoch 9/10, Loss: 0.2038
Epoch 10/10, Loss: 0.1973
Performance Metrics:
RMSE (test data): 90.6206283569336
MAE (test data): 76.8117904663086
MAPE (test data): 93.7296986579895
MSE (test data): 8212.0986328125
R2 (test data): 0.46279639093934755
loss (test data): 8212.098624474036
Epoch 1/10, Loss: 200.6420
Epoch 2/10, Loss: 0.8333
Epoch 3/10, Loss: 0.5738
Epoch 4/10, Loss: 0.3823
Epoch 5/10, Loss: 0.3511
Epoch 6/10, Loss: 0.2677
Epoch 7/10, Loss: 0.2750
Epoch 8/10, Loss: 0.2013
Epoch 9/10, Loss: 0.2456
Epoch 10/10, Loss: 0.2253
Performance Metrics:
RMSE (test data): 91.03325653076172
MAE (test data): 77.48738861083984
MAPE (test data): 93.67941617965698
MSE (test data): 8287.0537109375
R2 (test data): 0.45789308511963545
loss (test data): 8287.05426127617
Epoch 1/10, Loss: 213.3011
Epoch 2/10, Loss: 0.7918
Epoch 3/10, Loss: 0.4832
Epoch 4/10, Loss: 0.4006
Epoch 5/10, Loss: 0.3200
Epoch 6/10, Loss: 0.2578
Epoch 7/10, Loss: 0.2346
Epoch 8/10, Loss: 0.2276
Epoch 9/10, Loss: 0.1854
Epoch 10/10, Loss: 0.2155
Performance Metrics:
RMSE (test data): 90.87503814697266
MAE (test data): 76.9714584350586
MAPE (test data): 93.57555508613586
MSE (test data): 8258.2724609375
R2 (test data): 0.459775858233908
loss (test data): 8258.272822057163
Epoch 1/10, Loss: 180.1388
Epoch 2/10, Loss: 1.1983
Epoch 3/10, Loss: 0.7447
Epoch 4/10, Loss: 0.5079
Epoch 5/10, Loss: 0.4459
Epoch 6/10, Loss: 0.3151
Epoch 7/10, Loss: 0.2799
Epoch 8/10, Loss: 0.2845
Epoch 9/10, Loss: 0.2090
Epoch 10/10, Loss: 0.2590
Performance Metrics:
RMSE (test data): 90.9250717163086
MAE (test data): 77.06118774414062
MAPE (test data): 93.55720281600952
MSE (test data): 8267.369140625
R2 (test data): 0.45918084100993184
loss (test data): 8267.36863566682
Epoch 1/10, Loss: 240.6940
Epoch 2/10, Loss: 1.1939
Epoch 3/10, Loss: 0.7534
Epoch 4/10, Loss: 0.5726
Epoch 5/10, Loss: 0.4308
Epoch 6/10, Loss: 0.3482
Epoch 7/10, Loss: 0.2660
Epoch 8/10, Loss: 0.2794
Epoch 9/10, Loss: 0.1774
Epoch 10/10, Loss: 0.1988
Performance Metrics:
RMSE (test data): 90.8952407836914
MAE (test data): 77.23295593261719
MAPE (test data): 93.70085597038269
MSE (test data): 8261.9453125
R2 (test data): 0.459535585924031
loss (test data): 8261.945759569991
Epoch 1/10, Loss: 203.7794
Epoch 2/10, Loss: 0.8219
Epoch 3/10, Loss: 0.5601
Epoch 4/10, Loss: 0.4286
Epoch 5/10, Loss: 0.3437
Epoch 6/10, Loss: 0.3018
Epoch 7/10, Loss: 0.2956
Epoch 8/10, Loss: 0.2135
Epoch 9/10, Loss: 0.1900
Epoch 10/10, Loss: 0.1909
Performance Metrics:
RMSE (test data): 90.87420654296875
MAE (test data): 77.0799331665039
MAPE (test data): 93.54806542396545
MSE (test data): 8258.12109375
R2 (test data): 0.45978578055029884
loss (test data): 8258.121079959463
Epoch 1/10, Loss: 220.1011
Epoch 2/10, Loss: 0.9435
Epoch 3/10, Loss: 0.6112
Epoch 4/10, Loss: 0.4895
Epoch 5/10, Loss: 0.4527
Epoch 6/10, Loss: 0.3982
Epoch 7/10, Loss: 0.3136
Epoch 8/10, Loss: 0.2983
Epoch 9/10, Loss: 0.2764
Epoch 10/10, Loss: 0.2664
Performance Metrics:
RMSE (test data): 90.6720199584961
MAE (test data): 76.52521514892578
MAPE (test data): 93.51410269737244
MSE (test data): 8221.4150390625
R2 (test data): 0.4621869796948307
loss (test data): 8221.414561845751
Epoch 1/10, Loss: 237.5797
Epoch 2/10, Loss: 0.8103
Epoch 3/10, Loss: 0.5306
Epoch 4/10, Loss: 0.4179
Epoch 5/10, Loss: 0.3417
Epoch 6/10, Loss: 0.2859
Epoch 7/10, Loss: 0.2570
Epoch 8/10, Loss: 0.2215
Epoch 9/10, Loss: 0.2927
Epoch 10/10, Loss: 0.1795
Performance Metrics:
RMSE (test data): 90.97504425048828
MAE (test data): 76.43404388427734
MAPE (test data): 93.04834604263306
MSE (test data): 8276.4580078125
R2 (test data): 0.4585862217444112
loss (test data): 8276.458431149938
Epoch 1/10, Loss: 186.1697
Epoch 2/10, Loss: 0.9803
Epoch 3/10, Loss: 0.5200
Epoch 4/10, Loss: 0.4036
Epoch 5/10, Loss: 0.2864
Epoch 6/10, Loss: 0.2259
Epoch 7/10, Loss: 0.1890
Epoch 8/10, Loss: 0.1619
Epoch 9/10, Loss: 0.1665
Epoch 10/10, Loss: 0.1257
Performance Metrics:
RMSE (test data): 90.85282135009766
MAE (test data): 76.52574157714844
MAPE (test data): 93.44593286514282
MSE (test data): 8254.2353515625
R2 (test data): 0.4600399470709646
loss (test data): 8254.23576143011
Epoch 1/10, Loss: 319.2089
Epoch 2/10, Loss: 2.7451
Epoch 3/10, Loss: 2.0215
Epoch 4/10, Loss: 1.1593
Epoch 5/10, Loss: 0.9210
Epoch 6/10, Loss: 0.8407
Epoch 7/10, Loss: 0.6908
Epoch 8/10, Loss: 0.5902
Epoch 9/10, Loss: 0.5806
Epoch 10/10, Loss: 0.4800
Performance Metrics:
RMSE (test data): 91.85969543457031
MAE (test data): 77.90776062011719
MAPE (test data): 93.1829571723938
MSE (test data): 8438.203125
R2 (test data): 0.44800552135199523
loss (test data): 8438.20282128746
Epoch 1/10, Loss: 216.8100
Epoch 2/10, Loss: 1.1386
Epoch 3/10, Loss: 0.5613
Epoch 4/10, Loss: 0.3992
Epoch 5/10, Loss: 0.3401
Epoch 6/10, Loss: 0.2620
Epoch 7/10, Loss: 0.2953
Epoch 8/10, Loss: 0.2071
Epoch 9/10, Loss: 0.1931
Epoch 10/10, Loss: 0.1710
Performance Metrics:
RMSE (test data): 91.36073303222656
MAE (test data): 77.01283264160156
MAPE (test data): 93.1823194026947
MSE (test data): 8346.783203125
R2 (test data): 0.453985836729802
loss (test data): 8346.783318580665
Epoch 1/10, Loss: 179.9857
Epoch 2/10, Loss: 1.0744
Epoch 3/10, Loss: 0.6855
Epoch 4/10, Loss: 0.5232
Epoch 5/10, Loss: 0.4433
Epoch 6/10, Loss: 0.3933
Epoch 7/10, Loss: 0.2745
Epoch 8/10, Loss: 0.2406
Epoch 9/10, Loss: 0.2194
Epoch 10/10, Loss: 0.2292
Performance Metrics:
RMSE (test data): 91.4333724975586
MAE (test data): 78.03086853027344
MAPE (test data): 93.46834421157837
MSE (test data): 8360.0615234375
R2 (test data): 0.45311723846933816
loss (test data): 8360.061420970598
Epoch 1/10, Loss: 179.0057
Epoch 2/10, Loss: 0.9372
Epoch 3/10, Loss: 0.6278
Epoch 4/10, Loss: 0.4679
Epoch 5/10, Loss: 0.3824
Epoch 6/10, Loss: 0.3636
Epoch 7/10, Loss: 0.3055
Epoch 8/10, Loss: 0.2725
Epoch 9/10, Loss: 0.2593
Epoch 10/10, Loss: 0.3592
Performance Metrics:
RMSE (test data): 90.21347045898438
MAE (test data): 76.97509002685547
MAPE (test data): 94.06813383102417
MSE (test data): 8138.4697265625
R2 (test data): 0.46761289086384394
loss (test data): 8138.470077579793
Epoch 1/10, Loss: 281.0986
Epoch 2/10, Loss: 0.9654
Epoch 3/10, Loss: 0.5734
Epoch 4/10, Loss: 0.4800
Epoch 5/10, Loss: 0.4548
Epoch 6/10, Loss: 0.3385
Epoch 7/10, Loss: 0.2970
Epoch 8/10, Loss: 0.2845
Epoch 9/10, Loss: 0.2336
Epoch 10/10, Loss: 0.2208
Performance Metrics:
RMSE (test data): 90.85942077636719
MAE (test data): 77.4130630493164
MAPE (test data): 93.64306330680847
MSE (test data): 8255.4345703125
R2 (test data): 0.459961524188758
loss (test data): 8255.434561332615
Epoch 1/10, Loss: 190.4712
Epoch 2/10, Loss: 0.6742
Epoch 3/10, Loss: 0.4244
Epoch 4/10, Loss: 0.4211
Epoch 5/10, Loss: 0.3386
Epoch 6/10, Loss: 0.2891
Epoch 7/10, Loss: 0.2939
Epoch 8/10, Loss: 0.2907
Epoch 9/10, Loss: 0.2086
Epoch 10/10, Loss: 0.2428
Performance Metrics:
RMSE (test data): 90.54559326171875
MAE (test data): 76.97087097167969
MAPE (test data): 93.74073147773743
MSE (test data): 8198.5048828125
R2 (test data): 0.4636856898429912
loss (test data): 8198.50417243945
Epoch 1/10, Loss: 195.1230
Epoch 2/10, Loss: 1.0175
Epoch 3/10, Loss: 0.6234
Epoch 4/10, Loss: 0.4576
Epoch 5/10, Loss: 0.4108
Epoch 6/10, Loss: 0.3687
Epoch 7/10, Loss: 0.3058
Epoch 8/10, Loss: 0.2746
Epoch 9/10, Loss: 0.2741
Epoch 10/10, Loss: 0.2165
Performance Metrics:
RMSE (test data): 90.45060729980469
MAE (test data): 76.89090728759766
MAPE (test data): 93.75332593917847
MSE (test data): 8181.31298828125
R2 (test data): 0.46481028086018483
loss (test data): 8181.3128226344415
Epoch 1/10, Loss: 167.1640
Epoch 2/10, Loss: 0.9449
Epoch 3/10, Loss: 0.5467
Epoch 4/10, Loss: 0.4349
Epoch 5/10, Loss: 0.3689
Epoch 6/10, Loss: 0.2958
Epoch 7/10, Loss: 0.2906
Epoch 8/10, Loss: 0.2522
Epoch 9/10, Loss: 0.2353
Epoch 10/10, Loss: 0.2500
Performance Metrics:
RMSE (test data): 89.27104187011719
MAE (test data): 76.34142303466797
MAPE (test data): 94.54073905944824
MSE (test data): 7969.318359375
R2 (test data): 0.4786781555379578
loss (test data): 7969.318021506825
Epoch 1/10, Loss: 175.8819
Epoch 2/10, Loss: 0.9537
Epoch 3/10, Loss: 0.5554
Epoch 4/10, Loss: 0.4141
Epoch 5/10, Loss: 0.3702
Epoch 6/10, Loss: 0.3207
Epoch 7/10, Loss: 0.2913
Epoch 8/10, Loss: 0.2036
Epoch 9/10, Loss: 0.2170
Epoch 10/10, Loss: 0.1858
Performance Metrics:
RMSE (test data): 91.02545928955078
MAE (test data): 77.45403289794922
MAPE (test data): 93.62543821334839
MSE (test data): 8285.6337890625
R2 (test data): 0.45798599820416885
loss (test data): 8285.633956793925
Epoch 1/10, Loss: 196.2883
Epoch 2/10, Loss: 0.9511
Epoch 3/10, Loss: 0.5437
Epoch 4/10, Loss: 0.4353
Epoch 5/10, Loss: 0.3331
Epoch 6/10, Loss: 0.2757
Epoch 7/10, Loss: 0.2336
Epoch 8/10, Loss: 0.1863
Epoch 9/10, Loss: 0.2035
Epoch 10/10, Loss: 0.1849
Performance Metrics:
RMSE (test data): 91.71520233154297
MAE (test data): 78.40738677978516
MAPE (test data): 93.4585690498352
MSE (test data): 8411.677734375
R2 (test data): 0.44974071039310093
loss (test data): 8411.677649787689
Epoch 1/10, Loss: 212.2344
Epoch 2/10, Loss: 0.7415
Epoch 3/10, Loss: 0.4081
Epoch 4/10, Loss: 0.3248
Epoch 5/10, Loss: 0.2955
Epoch 6/10, Loss: 0.2584
Epoch 7/10, Loss: 0.2288
Epoch 8/10, Loss: 0.2422
Epoch 9/10, Loss: 0.2120
Epoch 10/10, Loss: 0.1713
Performance Metrics:
RMSE (test data): 89.47447967529297
MAE (test data): 76.37200927734375
MAPE (test data): 94.47121024131775
MSE (test data): 8005.6826171875
R2 (test data): 0.47629928609672956
loss (test data): 8005.683159187705
Epoch 1/10, Loss: 205.5618
Epoch 2/10, Loss: 0.8830
Epoch 3/10, Loss: 0.4267
Epoch 4/10, Loss: 0.3299
Epoch 5/10, Loss: 0.2934
Epoch 6/10, Loss: 0.2375
Epoch 7/10, Loss: 0.2309
Epoch 8/10, Loss: 0.2049
Epoch 9/10, Loss: 0.1614
Epoch 10/10, Loss: 0.1969
Performance Metrics:
RMSE (test data): 89.84748077392578
MAE (test data): 76.2645034790039
MAPE (test data): 94.0498948097229
MSE (test data): 8072.5703125
R2 (test data): 0.4719237958952651
loss (test data): 8072.5702204561785
Epoch 1/10, Loss: 218.0799
Epoch 2/10, Loss: 1.7672
Epoch 3/10, Loss: 1.1333
Epoch 4/10, Loss: 0.7056
Epoch 5/10, Loss: 0.5419
Epoch 6/10, Loss: 0.4954
Epoch 7/10, Loss: 0.3692
Epoch 8/10, Loss: 0.2400
Epoch 9/10, Loss: 0.2223
Epoch 10/10, Loss: 0.2184
Performance Metrics:
RMSE (test data): 90.42329406738281
MAE (test data): 76.91677856445312
MAPE (test data): 93.93675923347473
MSE (test data): 8176.37158203125
R2 (test data): 0.4651335218590872
loss (test data): 8176.371423440066
Epoch 1/10, Loss: 237.2468
Epoch 2/10, Loss: 1.1871
Epoch 3/10, Loss: 0.5995
Epoch 4/10, Loss: 0.4538
Epoch 5/10, Loss: 0.3370
Epoch 6/10, Loss: 0.3230
Epoch 7/10, Loss: 0.2863
Epoch 8/10, Loss: 0.2431
Epoch 9/10, Loss: 0.2335
Epoch 10/10, Loss: 0.2331
Performance Metrics:
RMSE (test data): 89.31407165527344
MAE (test data): 76.31753540039062
MAPE (test data): 94.59983110427856
MSE (test data): 7977.00341796875
R2 (test data): 0.47817539231067985
loss (test data): 7977.003690893113
Epoch 1/10, Loss: 214.3901
Epoch 2/10, Loss: 0.9402
Epoch 3/10, Loss: 0.4444
Epoch 4/10, Loss: 0.3197
Epoch 5/10, Loss: 0.2680
Epoch 6/10, Loss: 0.2404
Epoch 7/10, Loss: 0.2240
Epoch 8/10, Loss: 0.2104
Epoch 9/10, Loss: 0.2023
Epoch 10/10, Loss: 0.2011
Performance Metrics:
RMSE (test data): 90.16068267822266
MAE (test data): 76.65824890136719
MAPE (test data): 94.11137104034424
MSE (test data): 8128.9482421875
R2 (test data): 0.4682358033342563
loss (test data): 8128.94769249025
Epoch 1/10, Loss: 224.6540
Epoch 2/10, Loss: 0.8617
Epoch 3/10, Loss: 0.4953
Epoch 4/10, Loss: 0.3919
Epoch 5/10, Loss: 0.3481
Epoch 6/10, Loss: 0.2887
Epoch 7/10, Loss: 0.2898
Epoch 8/10, Loss: 0.2916
Epoch 9/10, Loss: 0.2652
Epoch 10/10, Loss: 0.2422
Performance Metrics:
RMSE (test data): 90.68743133544922
MAE (test data): 77.23030853271484
MAPE (test data): 93.90053153038025
MSE (test data): 8224.2099609375
R2 (test data): 0.46200408917884017
loss (test data): 8224.210344186165
Epoch 1/10, Loss: 267.3867
Epoch 2/10, Loss: 2.1050
Epoch 3/10, Loss: 1.3700
Epoch 4/10, Loss: 1.0892
Epoch 5/10, Loss: 0.8524
Epoch 6/10, Loss: 0.7537
Epoch 7/10, Loss: 0.6981
Epoch 8/10, Loss: 0.6353
Epoch 9/10, Loss: 0.5765
Epoch 10/10, Loss: 0.4942
Performance Metrics:
RMSE (test data): 90.10331726074219
MAE (test data): 76.91187286376953
MAPE (test data): 94.19242143630981
MSE (test data): 8118.6083984375
R2 (test data): 0.46891217884744174
loss (test data): 8118.608111722599
Epoch 1/10, Loss: 196.3601
Epoch 2/10, Loss: 0.6904
Epoch 3/10, Loss: 0.3445
Epoch 4/10, Loss: 0.2574
Epoch 5/10, Loss: 0.2207
Epoch 6/10, Loss: 0.2058
Epoch 7/10, Loss: 0.1983
Epoch 8/10, Loss: 0.1844
Epoch 9/10, Loss: 0.1664
Epoch 10/10, Loss: 0.1492
Performance Metrics:
RMSE (test data): 90.40401458740234
MAE (test data): 76.9930419921875
MAPE (test data): 94.01941895484924
MSE (test data): 8172.88623046875
R2 (test data): 0.46536155324423234
loss (test data): 8172.885647257286
Epoch 1/10, Loss: 206.1948
Epoch 2/10, Loss: 0.7851
Epoch 3/10, Loss: 0.4410
Epoch 4/10, Loss: 0.3099
Epoch 5/10, Loss: 0.2816
Epoch 6/10, Loss: 0.2629
Epoch 7/10, Loss: 0.2137
Epoch 8/10, Loss: 0.2018
Epoch 9/10, Loss: 0.1946
Epoch 10/10, Loss: 0.1749
Performance Metrics:
RMSE (test data): 93.17520141601562
MAE (test data): 78.67324829101562
MAPE (test data): 92.84765720367432
MSE (test data): 8681.6181640625
R2 (test data): 0.4320822931945686
loss (test data): 8681.61741776991
Epoch 1/10, Loss: 208.6826
Epoch 2/10, Loss: 0.7754
Epoch 3/10, Loss: 0.4431
Epoch 4/10, Loss: 0.3363
Epoch 5/10, Loss: 0.2859
Epoch 6/10, Loss: 0.2546
Epoch 7/10, Loss: 0.2224
Epoch 8/10, Loss: 0.1965
Epoch 9/10, Loss: 0.1931
Epoch 10/10, Loss: 0.1897
Performance Metrics:
RMSE (test data): 90.2138671875
MAE (test data): 76.75472259521484
MAPE (test data): 94.00834441184998
MSE (test data): 8138.54248046875
R2 (test data): 0.46760815306236436
loss (test data): 8138.542385378181
Epoch 1/10, Loss: 244.4715
Epoch 2/10, Loss: 0.8139
Epoch 3/10, Loss: 0.5613
Epoch 4/10, Loss: 0.4315
Epoch 5/10, Loss: 0.3536
Epoch 6/10, Loss: 0.2795
Epoch 7/10, Loss: 0.2646
Epoch 8/10, Loss: 0.2352
Epoch 9/10, Loss: 0.1878
Epoch 10/10, Loss: 0.1817
Performance Metrics:
RMSE (test data): 90.82093811035156
MAE (test data): 77.12316131591797
MAPE (test data): 93.75605583190918
MSE (test data): 8248.443359375
R2 (test data): 0.46041888059092795
loss (test data): 8248.443014611556
Epoch 1/10, Loss: 256.0962
Epoch 2/10, Loss: 1.0715
Epoch 3/10, Loss: 0.5599
Epoch 4/10, Loss: 0.4209
Epoch 5/10, Loss: 0.3316
Epoch 6/10, Loss: 0.2897
Epoch 7/10, Loss: 0.2662
Epoch 8/10, Loss: 0.2475
Epoch 9/10, Loss: 0.2111
Epoch 10/10, Loss: 0.2079
Performance Metrics:
RMSE (test data): 90.70072937011719
MAE (test data): 77.0621337890625
MAPE (test data): 93.82117986679077
MSE (test data): 8226.6220703125
R2 (test data): 0.4618463215236335
loss (test data): 8226.622191220238
Epoch 1/10, Loss: 229.1936
Epoch 2/10, Loss: 0.9063
Epoch 3/10, Loss: 0.5058
Epoch 4/10, Loss: 0.3707
Epoch 5/10, Loss: 0.3219
Epoch 6/10, Loss: 0.2635
Epoch 7/10, Loss: 0.2508
Epoch 8/10, Loss: 0.2258
Epoch 9/10, Loss: 0.2109
Epoch 10/10, Loss: 0.2213
Performance Metrics:
RMSE (test data): 89.34346008300781
MAE (test data): 76.29540252685547
MAPE (test data): 94.53595876693726
MSE (test data): 7982.25439453125
R2 (test data): 0.477831903689796
loss (test data): 7982.25443927032
Epoch 1/10, Loss: 249.2545
Epoch 2/10, Loss: 2.1262
Epoch 3/10, Loss: 1.0210
Epoch 4/10, Loss: 0.6451
Epoch 5/10, Loss: 0.4951
DEBUG flwr 2024-03-09 13:44:51,374 | connection.py:141 | gRPC channel closed
INFO flwr 2024-03-09 13:44:51,377 | app.py:304 | Disconnect and shut down
Epoch 6/10, Loss: 0.4226
Epoch 7/10, Loss: 0.3401
Epoch 8/10, Loss: 0.2853
Epoch 9/10, Loss: 0.2522
Epoch 10/10, Loss: 0.2270
Performance Metrics:
RMSE (test data): 90.28727722167969
MAE (test data): 76.62311553955078
MAPE (test data): 93.95745992660522
MSE (test data): 8151.79248046875
R2 (test data): 0.46674134742623685
loss (test data): 8151.793135840004
Epoch 1/10, Loss: 253.9898
Epoch 2/10, Loss: 1.2035
Epoch 3/10, Loss: 0.6401
Epoch 4/10, Loss: 0.4506
Epoch 5/10, Loss: 0.3922
Epoch 6/10, Loss: 0.3352
Epoch 7/10, Loss: 0.3073
Epoch 8/10, Loss: 0.2829
Epoch 9/10, Loss: 0.2503
Epoch 10/10, Loss: 0.2290
Performance Metrics:
RMSE (test data): 90.53478240966797
MAE (test data): 76.82233428955078
MAPE (test data): 93.88877749443054
MSE (test data): 8196.546875
R2 (test data): 0.4638137009578699
loss (test data): 8196.54724894807
Epoch 1/10, Loss: 211.0207
Epoch 2/10, Loss: 1.0421
Epoch 3/10, Loss: 0.5863
Epoch 4/10, Loss: 0.4332
Epoch 5/10, Loss: 0.3994
Epoch 6/10, Loss: 0.3517
Epoch 7/10, Loss: 0.3379
Epoch 8/10, Loss: 0.3055
Epoch 9/10, Loss: 0.2773
Epoch 10/10, Loss: 0.2452
Performance Metrics:
RMSE (test data): 89.35647583007812
MAE (test data): 76.11935424804688
MAPE (test data): 94.53878998756409
MSE (test data): 7984.5791015625
R2 (test data): 0.47767977952762697
loss (test data): 7984.579941823174
Epoch 1/10, Loss: 246.9733
Epoch 2/10, Loss: 1.1271
Epoch 3/10, Loss: 0.6162
Epoch 4/10, Loss: 0.4435
Epoch 5/10, Loss: 0.3889
Epoch 6/10, Loss: 0.3486
Epoch 7/10, Loss: 0.3144
Epoch 8/10, Loss: 0.2657
Epoch 9/10, Loss: 0.2522
Epoch 10/10, Loss: 0.2489
Performance Metrics:
RMSE (test data): 91.48644256591797
MAE (test data): 77.73072052001953
MAPE (test data): 93.58949065208435
MSE (test data): 8369.76953125
R2 (test data): 0.4524821851748835
loss (test data): 8369.769388052904
Epoch 1/10, Loss: 225.6763
Epoch 2/10, Loss: 1.0253
Epoch 3/10, Loss: 0.5291
Epoch 4/10, Loss: 0.3972
Epoch 5/10, Loss: 0.3374
Epoch 6/10, Loss: 0.3185
Epoch 7/10, Loss: 0.3001
Epoch 8/10, Loss: 0.2937
Epoch 9/10, Loss: 0.2753
Epoch 10/10, Loss: 0.2966
Performance Metrics:
RMSE (test data): 92.3145523071289
MAE (test data): 78.1528549194336
MAPE (test data): 93.22315454483032
MSE (test data): 8521.9765625
R2 (test data): 0.4425253428487421
loss (test data): 8521.977108028017
Epoch 1/10, Loss: 206.1550
Epoch 2/10, Loss: 0.8431
Epoch 3/10, Loss: 0.4527
Epoch 4/10, Loss: 0.3920
Epoch 5/10, Loss: 0.3487
Epoch 6/10, Loss: 0.2981
Epoch 7/10, Loss: 0.3071
Epoch 8/10, Loss: 0.2657
Epoch 9/10, Loss: 0.2858
Epoch 10/10, Loss: 0.2423
Performance Metrics:
RMSE (test data): 91.02367401123047
MAE (test data): 75.44268035888672
MAPE (test data): 93.07776689529419
MSE (test data): 8285.3095703125
R2 (test data): 0.45800717271586844
loss (test data): 8285.31017260622
Epoch 1/10, Loss: 291.4389
Epoch 2/10, Loss: 1.1930
Epoch 3/10, Loss: 0.5625
Epoch 4/10, Loss: 0.4302
Epoch 5/10, Loss: 0.3484
Epoch 6/10, Loss: 0.2942
Epoch 7/10, Loss: 0.2780
Epoch 8/10, Loss: 0.2348
Epoch 9/10, Loss: 0.2231
Epoch 10/10, Loss: 0.1961
Performance Metrics:
RMSE (test data): 91.78215789794922
MAE (test data): 76.90524291992188
MAPE (test data): 93.39035153388977
MSE (test data): 8423.96484375
R2 (test data): 0.44893696448985876
loss (test data): 8423.964340876437
Epoch 1/10, Loss: 210.7334
Epoch 2/10, Loss: 1.7617
Epoch 3/10, Loss: 1.3205
Epoch 4/10, Loss: 0.7454
Epoch 5/10, Loss: 0.6240
Epoch 6/10, Loss: 0.5232
Epoch 7/10, Loss: 0.5145
Epoch 8/10, Loss: 0.4990
Epoch 9/10, Loss: 0.5638
Epoch 10/10, Loss: 0.5137
Performance Metrics:
RMSE (test data): 89.40202331542969
MAE (test data): 76.29219818115234
MAPE (test data): 94.57746148109436
MSE (test data): 7992.72119140625
R2 (test data): 0.477147176994275
loss (test data): 7992.721751366225
Epoch 1/10, Loss: 207.6178
Epoch 2/10, Loss: 1.3102
Epoch 3/10, Loss: 0.9942
Epoch 4/10, Loss: 0.7270
Epoch 5/10, Loss: 0.7176
Epoch 6/10, Loss: 0.6285
Epoch 7/10, Loss: 0.4991
Epoch 8/10, Loss: 0.5531
Epoch 9/10, Loss: 0.4457
Epoch 10/10, Loss: 0.4294
Performance Metrics:
RMSE (test data): 90.67882537841797
MAE (test data): 77.32127380371094
MAPE (test data): 93.970388174057
MSE (test data): 8222.6494140625
R2 (test data): 0.4621061706039844
loss (test data): 8222.649711681548
Epoch 1/10, Loss: 227.7344
Epoch 2/10, Loss: 1.2004
Epoch 3/10, Loss: 0.8039
Epoch 4/10, Loss: 0.5931
Epoch 5/10, Loss: 0.4852
Epoch 6/10, Loss: 0.4253
Epoch 7/10, Loss: 0.3586
Epoch 8/10, Loss: 0.3770
Epoch 9/10, Loss: 0.3410
Epoch 10/10, Loss: 0.2641
Performance Metrics:
RMSE (test data): 90.36906433105469
MAE (test data): 76.88265991210938
MAPE (test data): 93.90532374382019
MSE (test data): 8166.568359375
R2 (test data): 0.4657748182079511
loss (test data): 8166.568135519294
Epoch 1/10, Loss: 300.4095
Epoch 2/10, Loss: 1.4302
Epoch 3/10, Loss: 0.7192
Epoch 4/10, Loss: 0.5444
Epoch 5/10, Loss: 0.4534
Epoch 6/10, Loss: 0.3835
Epoch 7/10, Loss: 0.3446
Epoch 8/10, Loss: 0.2964
Epoch 9/10, Loss: 0.2649
Epoch 10/10, Loss: 0.2278
Performance Metrics:
RMSE (test data): 90.35834503173828
MAE (test data): 76.87007904052734
MAPE (test data): 93.92983913421631
MSE (test data): 8164.63037109375
R2 (test data): 0.4659015652292027
loss (test data): 8164.63062846367
Epoch 1/10, Loss: 216.1599
Epoch 2/10, Loss: 1.0286
Epoch 3/10, Loss: 0.5230
Epoch 4/10, Loss: 0.3738
Epoch 5/10, Loss: 0.3123
Epoch 6/10, Loss: 0.2951
Epoch 7/10, Loss: 0.2329
Epoch 8/10, Loss: 0.2570
Epoch 9/10, Loss: 0.2475
Epoch 10/10, Loss: 0.2115
Performance Metrics:
RMSE (test data): 90.14844512939453
MAE (test data): 76.9798812866211
MAPE (test data): 94.29797530174255
MSE (test data): 8126.74169921875
R2 (test data): 0.46838015497800034
loss (test data): 8126.741053308446
Epoch 1/10, Loss: 287.4788
Epoch 2/10, Loss: 1.4224
Epoch 3/10, Loss: 0.7131
Epoch 4/10, Loss: 0.4704
Epoch 5/10, Loss: 0.3427
Epoch 6/10, Loss: 0.2866
Epoch 7/10, Loss: 0.2644
Epoch 8/10, Loss: 0.2043
Epoch 9/10, Loss: 0.2066
Epoch 10/10, Loss: 0.1659
Performance Metrics:
RMSE (test data): 90.17742919921875
MAE (test data): 76.69699096679688
MAPE (test data): 94.07744407653809
MSE (test data): 8131.96826171875
R2 (test data): 0.46803814196653193
loss (test data): 8131.969120420259
Epoch 1/10, Loss: 213.0643
Epoch 2/10, Loss: 0.9762
Epoch 3/10, Loss: 0.4893
Epoch 4/10, Loss: 0.3492
Epoch 5/10, Loss: 0.2702
Epoch 6/10, Loss: 0.2165
Epoch 7/10, Loss: 0.1931
Epoch 8/10, Loss: 0.1924
Epoch 9/10, Loss: 0.1623
Epoch 10/10, Loss: 0.1548
Performance Metrics:
RMSE (test data): 90.7168197631836
MAE (test data): 77.3080062866211
MAPE (test data): 93.96722912788391
MSE (test data): 8229.5419921875
R2 (test data): 0.46165535145001735
loss (test data): 8229.541436877822
Epoch 1/10, Loss: 187.5023
Epoch 2/10, Loss: 1.0854
Epoch 3/10, Loss: 0.5103
Epoch 4/10, Loss: 0.3450
Epoch 5/10, Loss: 0.2560
Epoch 6/10, Loss: 0.2132
Epoch 7/10, Loss: 0.1970
Epoch 8/10, Loss: 0.1716
Epoch 9/10, Loss: 0.1634
Epoch 10/10, Loss: 0.1347
Performance Metrics:
RMSE (test data): 90.01165771484375
MAE (test data): 76.39474487304688
MAPE (test data): 94.0720796585083
MSE (test data): 8102.0986328125
R2 (test data): 0.46999216362092466
loss (test data): 8102.098647244458
Epoch 1/10, Loss: 295.0708
Epoch 2/10, Loss: 1.1685
Epoch 3/10, Loss: 0.6339
Epoch 4/10, Loss: 0.4395
Epoch 5/10, Loss: 0.3119
Epoch 6/10, Loss: 0.2424
Epoch 7/10, Loss: 0.2219
Epoch 8/10, Loss: 0.1792
Epoch 9/10, Loss: 0.1733
Epoch 10/10, Loss: 0.1469
Performance Metrics:
RMSE (test data): 90.38591003417969
MAE (test data): 76.84494018554688
MAPE (test data): 93.92664432525635
MSE (test data): 8169.61328125
R2 (test data): 0.4655756543533789
loss (test data): 8169.612706377001
wandb: Network error (ConnectionError), entering retry loop.
wandb: - 0.001 MB of 0.001 MB uploadedwandb: \ 0.001 MB of 0.001 MB uploadedwandb: | 0.001 MB of 0.001 MB uploadedwandb: / 0.001 MB of 0.001 MB uploadedwandb: - 0.001 MB of 0.001 MB uploadedwandb: \ 0.001 MB of 0.001 MB uploadedwandb: | 0.001 MB of 0.001 MB uploadedwandb: / 0.001 MB of 0.001 MB uploadedwandb: - 0.001 MB of 0.001 MB uploadedwandb: \ 0.001 MB of 0.001 MB uploadedwandb: | 0.001 MB of 0.001 MB uploadedwandb: / 0.001 MB of 0.001 MB uploadedwandb: - 0.001 MB of 0.001 MB uploadedwandb: \ 0.001 MB of 0.001 MB uploadedwandb: | 0.001 MB of 0.001 MB uploadedwandb: / 0.001 MB of 0.001 MB uploadedwandb: - 0.001 MB of 0.001 MB uploadedwandb: \ 0.001 MB of 0.001 MB uploadedwandb: | 0.001 MB of 0.001 MB uploadedwandb: / 0.001 MB of 0.001 MB uploadedwandb: - 0.001 MB of 0.001 MB uploadedwandb: \ 0.001 MB of 0.001 MB uploadedwandb: | 0.001 MB of 0.001 MB uploadedwandb: / 0.001 MB of 0.001 MB uploadedwandb: - 0.001 MB of 0.001 MB uploadedwandb: \ 0.001 MB of 0.001 MB uploadedwandb: | 0.001 MB of 0.001 MB uploadedwandb: / 0.001 MB of 0.001 MB uploadedwandb: - 0.001 MB of 0.001 MB uploadedwandb: \ 0.001 MB of 0.001 MB uploadedwandb: | 0.001 MB of 0.001 MB uploadedwandb: / 0.001 MB of 0.001 MB uploadedwandb: - 0.001 MB of 0.001 MB uploadedwandb: \ 0.001 MB of 0.001 MB uploadedwandb: | 0.001 MB of 0.001 MB uploadedwandb: / 0.001 MB of 0.001 MB uploadedwandb: - 0.001 MB of 0.001 MB uploadedwandb: \ 0.001 MB of 0.001 MB uploadedwandb: | 0.001 MB of 0.001 MB uploadedwandb: / 0.001 MB of 0.001 MB uploadedwandb: - 0.001 MB of 0.001 MB uploadedwandb: \ 0.001 MB of 0.001 MB uploadedwandb: | 0.001 MB of 0.001 MB uploadedwandb: / 0.001 MB of 0.001 MB uploadedwandb: - 0.001 MB of 0.001 MB uploadedwandb: \ 0.001 MB of 0.001 MB uploadedwandb: | 0.001 MB of 0.001 MB uploadedwandb: / 0.001 MB of 0.001 MB uploadedwandb: - 0.001 MB of 0.001 MB uploadedwandb: \ 0.001 MB of 0.001 MB uploadedwandb: | 0.001 MB of 0.001 MB uploadedwandb: / 0.001 MB of 0.062 MB uploadedwandb: - 0.001 MB of 0.062 MB uploadedwandb: \ 0.016 MB of 0.062 MB uploadedwandb: | 0.016 MB of 0.062 MB uploadedwandb: / 0.016 MB of 0.062 MB uploadedwandb: - 0.016 MB of 0.062 MB uploadedwandb: \ 0.016 MB of 0.062 MB uploadedwandb: | 0.016 MB of 0.062 MB uploadedwandb: / 0.016 MB of 0.062 MB uploadedwandb: - 0.016 MB of 0.062 MB uploadedwandb: \ 0.016 MB of 0.062 MB uploadedwandb: | 0.016 MB of 0.062 MB uploadedwandb: / 0.016 MB of 0.062 MB uploadedwandb: - 0.016 MB of 0.062 MB uploadedwandb: \ 0.016 MB of 0.062 MB uploadedwandb: | 0.016 MB of 0.062 MB uploadedwandb: / 0.016 MB of 0.062 MB uploadedwandb: - 0.016 MB of 0.062 MB uploadedwandb: \ 0.016 MB of 0.062 MB uploadedwandb: | 0.016 MB of 0.062 MB uploadedwandb: / 0.016 MB of 0.062 MB uploadedwandb: - 0.016 MB of 0.062 MB uploadedwandb: Network error (ConnectionError), entering retry loop.
wandb: \ 0.016 MB of 0.062 MB uploadedwandb: | 0.016 MB of 0.062 MB uploadedwandb: / 0.016 MB of 0.062 MB uploadedwandb: - 0.016 MB of 0.062 MB uploadedwandb: \ 0.016 MB of 0.062 MB uploadedwandb: | 0.016 MB of 0.062 MB uploadedwandb: / 0.016 MB of 0.062 MB uploadedwandb: - 0.016 MB of 0.062 MB uploadedwandb: \ 0.016 MB of 0.062 MB uploadedwandb: | 0.016 MB of 0.062 MB uploadedwandb: / 0.016 MB of 0.062 MB uploadedwandb: - 0.016 MB of 0.062 MB uploadedwandb: \ 0.016 MB of 0.062 MB uploadedwandb: | 0.016 MB of 0.062 MB uploadedwandb: / 0.016 MB of 0.062 MB uploadedwandb: - 0.016 MB of 0.062 MB uploadedwandb: \ 0.016 MB of 0.062 MB uploadedwandb: | 0.016 MB of 0.062 MB uploadedwandb: / 0.016 MB of 0.062 MB uploadedwandb: - 0.016 MB of 0.062 MB uploadedwandb: \ 0.016 MB of 0.062 MB uploadedwandb: | 0.016 MB of 0.062 MB uploadedwandb: / 0.016 MB of 0.062 MB uploadedwandb: - 0.016 MB of 0.062 MB uploadedwandb: \ 0.016 MB of 0.062 MB uploadedwandb: | 0.016 MB of 0.062 MB uploadedwandb: / 0.016 MB of 0.062 MB uploadedwandb: - 0.016 MB of 0.062 MB uploadedwandb: \ 0.016 MB of 0.062 MB uploadedwandb: | 0.016 MB of 0.062 MB uploadedwandb: / 0.016 MB of 0.062 MB uploadedwandb: - 0.016 MB of 0.062 MB uploadedwandb: \ 0.016 MB of 0.062 MB uploadedwandb: | 0.016 MB of 0.062 MB uploadedwandb: / 0.016 MB of 0.062 MB uploadedwandb: - 0.016 MB of 0.062 MB uploadedwandb: \ 0.016 MB of 0.062 MB uploadedwandb: | 0.016 MB of 0.062 MB uploadedwandb: / 0.016 MB of 0.062 MB uploadedwandb: - 0.016 MB of 0.062 MB uploadedwandb: \ 0.016 MB of 0.062 MB uploadedwandb: | 0.016 MB of 0.062 MB uploadedwandb: / 0.016 MB of 0.062 MB uploadedwandb: - 0.016 MB of 0.062 MB uploadedwandb: \ 0.016 MB of 0.062 MB uploadedwandb: | 0.016 MB of 0.062 MB uploadedwandb: / 0.016 MB of 0.062 MB uploadedwandb: - 0.016 MB of 0.062 MB uploadedwandb: \ 0.016 MB of 0.062 MB uploadedwandb: | 0.016 MB of 0.062 MB uploadedwandb: / 0.016 MB of 0.062 MB uploadedwandb: - 0.016 MB of 0.062 MB uploadedwandb: \ 0.016 MB of 0.062 MB uploadedwandb: | 0.016 MB of 0.062 MB uploadedwandb: / 0.016 MB of 0.062 MB uploadedwandb: - 0.016 MB of 0.062 MB uploadedwandb: \ 0.016 MB of 0.062 MB uploadedwandb: | 0.016 MB of 0.062 MB uploadedwandb: / 0.016 MB of 0.062 MB uploadedwandb: - 0.016 MB of 0.062 MB uploadedwandb: \ 0.016 MB of 0.062 MB uploadedwandb: | 0.016 MB of 0.062 MB uploadedwandb: / 0.016 MB of 0.062 MB uploadedwandb: - 0.016 MB of 0.062 MB uploadedwandb: \ 0.016 MB of 0.062 MB uploadedwandb: | 0.016 MB of 0.062 MB uploadedwandb: / 0.016 MB of 0.062 MB uploadedwandb: - 0.016 MB of 0.062 MB uploadedwandb: \ 0.016 MB of 0.062 MB uploadedwandb: | 0.016 MB of 0.062 MB uploadedwandb: / 0.016 MB of 0.062 MB uploadedwandb: - 0.016 MB of 0.062 MB uploadedwandb: \ 0.016 MB of 0.062 MB uploadedwandb: | 0.016 MB of 0.062 MB uploadedwandb: / 0.016 MB of 0.062 MB uploadedwandb: - 0.016 MB of 0.062 MB uploadedwandb: \ 0.016 MB of 0.062 MB uploadedwandb: | 0.016 MB of 0.062 MB uploadedwandb: / 0.016 MB of 0.062 MB uploadedwandb: - 0.016 MB of 0.062 MB uploadedwandb: \ 0.016 MB of 0.062 MB uploadedwandb: | 0.016 MB of 0.062 MB uploadedwandb: / 0.016 MB of 0.062 MB uploadedwandb: - 0.016 MB of 0.062 MB uploadedwandb: \ 0.016 MB of 0.062 MB uploadedwandb: | 0.016 MB of 0.062 MB uploadedwandb: / 0.016 MB of 0.062 MB uploadedwandb: - 0.016 MB of 0.062 MB uploadedwandb: \ 0.016 MB of 0.062 MB uploadedwandb: | 0.016 MB of 0.062 MB uploadedwandb: / 0.016 MB of 0.062 MB uploadedwandb: - 0.016 MB of 0.062 MB uploadedwandb: \ 0.016 MB of 0.062 MB uploadedwandb: | 0.016 MB of 0.062 MB uploadedwandb: / 0.016 MB of 0.062 MB uploadedwandb: - 0.016 MB of 0.062 MB uploadedwandb: \ 0.016 MB of 0.062 MB uploadedwandb: | 0.016 MB of 0.062 MB uploadedwandb: / 0.016 MB of 0.062 MB uploadedwandb: - 0.016 MB of 0.062 MB uploadedwandb: \ 0.016 MB of 0.062 MB uploadedwandb: | 0.016 MB of 0.062 MB uploadedwandb: / 0.016 MB of 0.062 MB uploadedwandb: - 0.016 MB of 0.062 MB uploadedwandb: \ 0.016 MB of 0.062 MB uploadedwandb: | 0.016 MB of 0.062 MB uploadedwandb: / 0.016 MB of 0.062 MB uploadedwandb: - 0.016 MB of 0.062 MB uploadedwandb: \ 0.016 MB of 0.062 MB uploadedwandb: | 0.016 MB of 0.062 MB uploadedwandb: / 0.016 MB of 0.062 MB uploadedwandb: - 0.016 MB of 0.062 MB uploadedwandb: \ 0.016 MB of 0.062 MB uploadedwandb: | 0.016 MB of 0.062 MB uploadedwandb: / 0.016 MB of 0.062 MB uploadedwandb: - 0.016 MB of 0.062 MB uploadedwandb: \ 0.016 MB of 0.062 MB uploadedwandb: | 0.016 MB of 0.062 MB uploadedwandb: / 0.016 MB of 0.062 MB uploadedwandb: - 0.016 MB of 0.062 MB uploadedwandb: \ 0.016 MB of 0.062 MB uploadedwandb: | 0.016 MB of 0.062 MB uploadedwandb: / 0.016 MB of 0.062 MB uploadedwandb: - 0.016 MB of 0.062 MB uploadedwandb: \ 0.016 MB of 0.062 MB uploadedwandb: | 0.016 MB of 0.062 MB uploadedwandb: / 0.016 MB of 0.062 MB uploadedwandb: - 0.016 MB of 0.062 MB uploadedwandb: \ 0.016 MB of 0.062 MB uploadedwandb: | 0.016 MB of 0.062 MB uploadedwandb: / 0.016 MB of 0.062 MB uploadedwandb: - 0.016 MB of 0.062 MB uploadedwandb: \ 0.016 MB of 0.062 MB uploadedwandb: | 0.016 MB of 0.062 MB uploadedwandb: / 0.016 MB of 0.062 MB uploadedwandb: - 0.016 MB of 0.062 MB uploadedwandb: \ 0.016 MB of 0.062 MB uploadedwandb: | 0.016 MB of 0.062 MB uploadedwandb: / 0.016 MB of 0.062 MB uploadedwandb: - 0.016 MB of 0.062 MB uploadedwandb: \ 0.016 MB of 0.062 MB uploadedwandb: | 0.016 MB of 0.062 MB uploadedwandb: / 0.016 MB of 0.062 MB uploadedwandb: - 0.016 MB of 0.062 MB uploadedwandb: \ 0.016 MB of 0.062 MB uploadedwandb: | 0.016 MB of 0.062 MB uploadedwandb: / 0.016 MB of 0.062 MB uploadedwandb: - 0.016 MB of 0.062 MB uploadedwandb: \ 0.016 MB of 0.062 MB uploadedwandb: | 0.016 MB of 0.062 MB uploadedwandb: / 0.016 MB of 0.062 MB uploadedwandb: - 0.016 MB of 0.062 MB uploadedwandb: \ 0.016 MB of 0.062 MB uploadedwandb: | 0.016 MB of 0.062 MB uploadedwandb: / 0.016 MB of 0.062 MB uploadedwandb: - 0.016 MB of 0.062 MB uploadedwandb: \ 0.016 MB of 0.062 MB uploadedwandb: | 0.016 MB of 0.062 MB uploadedwandb: / 0.016 MB of 0.062 MB uploadedwandb: - 0.016 MB of 0.062 MB uploadedwandb: \ 0.016 MB of 0.062 MB uploadedwandb: | 0.016 MB of 0.062 MB uploadedwandb: / 0.016 MB of 0.062 MB uploadedwandb: - 0.016 MB of 0.062 MB uploadedwandb: \ 0.016 MB of 0.062 MB uploadedwandb: | 0.016 MB of 0.062 MB uploadedwandb: / 0.016 MB of 0.062 MB uploadedwandb: - 0.016 MB of 0.062 MB uploadedwandb: \ 0.016 MB of 0.062 MB uploadedwandb: | 0.016 MB of 0.062 MB uploadedwandb: / 0.016 MB of 0.062 MB uploadedwandb: - 0.016 MB of 0.062 MB uploadedwandb: \ 0.016 MB of 0.062 MB uploadedwandb: | 0.016 MB of 0.062 MB uploadedwandb: / 0.016 MB of 0.062 MB uploadedwandb: - 0.016 MB of 0.062 MB uploadedwandb: \ 0.016 MB of 0.062 MB uploadedwandb: | 0.016 MB of 0.062 MB uploadedwandb: / 0.016 MB of 0.062 MB uploadedwandb: - 0.016 MB of 0.062 MB uploadedwandb: \ 0.016 MB of 0.062 MB uploadedwandb: | 0.016 MB of 0.062 MB uploadedwandb: / 0.016 MB of 0.062 MB uploadedwandb: - 0.016 MB of 0.062 MB uploadedwandb: \ 0.016 MB of 0.062 MB uploadedwandb: | 0.016 MB of 0.062 MB uploadedwandb: / 0.016 MB of 0.062 MB uploadedwandb: - 0.016 MB of 0.062 MB uploadedwandb: \ 0.016 MB of 0.062 MB uploadedwandb: | 0.016 MB of 0.062 MB uploadedwandb: / 0.016 MB of 0.062 MB uploadedwandb: - 0.016 MB of 0.062 MB uploadedwandb: \ 0.016 MB of 0.062 MB uploadedwandb: | 0.016 MB of 0.062 MB uploadedwandb: / 0.016 MB of 0.062 MB uploadedwandb: - 0.016 MB of 0.062 MB uploadedwandb: \ 0.016 MB of 0.062 MB uploadedwandb: | 0.016 MB of 0.062 MB uploadedwandb: / 0.016 MB of 0.062 MB uploadedwandb: - 0.016 MB of 0.062 MB uploadedwandb: \ 0.016 MB of 0.062 MB uploadedwandb: | 0.016 MB of 0.062 MB uploadedwandb: / 0.016 MB of 0.062 MB uploadedwandb: - 0.016 MB of 0.062 MB uploadedwandb: \ 0.016 MB of 0.062 MB uploadedwandb: | 0.016 MB of 0.062 MB uploadedwandb: / 0.016 MB of 0.062 MB uploadedwandb: - 0.016 MB of 0.062 MB uploadedwandb: \ 0.016 MB of 0.062 MB uploadedwandb: | 0.016 MB of 0.062 MB uploadedwandb: / 0.016 MB of 0.062 MB uploadedwandb: - 0.016 MB of 0.062 MB uploadedwandb: \ 0.016 MB of 0.062 MB uploadedwandb: | 0.016 MB of 0.062 MB uploadedwandb: / 0.016 MB of 0.062 MB uploadedwandb: - 0.016 MB of 0.062 MB uploadedwandb: \ 0.016 MB of 0.062 MB uploadedwandb: | 0.016 MB of 0.062 MB uploadedwandb: / 0.016 MB of 0.062 MB uploadedwandb: - 0.016 MB of 0.062 MB uploadedwandb: \ 0.016 MB of 0.062 MB uploadedwandb: | 0.016 MB of 0.062 MB uploadedwandb: / 0.016 MB of 0.062 MB uploadedwandb: - 0.016 MB of 0.062 MB uploadedwandb: \ 0.016 MB of 0.062 MB uploadedwandb: | 0.016 MB of 0.062 MB uploadedwandb: / 0.016 MB of 0.062 MB uploadedwandb: - 0.016 MB of 0.062 MB uploadedwandb: \ 0.016 MB of 0.062 MB uploadedwandb: | 0.016 MB of 0.062 MB uploadedwandb: / 0.016 MB of 0.062 MB uploadedwandb: - 0.016 MB of 0.062 MB uploadedwandb: \ 0.016 MB of 0.062 MB uploadedwandb: | 0.016 MB of 0.062 MB uploadedwandb: / 0.016 MB of 0.062 MB uploadedwandb: - 0.016 MB of 0.062 MB uploadedwandb: \ 0.016 MB of 0.062 MB uploadedwandb: | 0.016 MB of 0.062 MB uploadedwandb: / 0.016 MB of 0.062 MB uploadedwandb: - 0.016 MB of 0.062 MB uploadedwandb: \ 0.016 MB of 0.062 MB uploadedwandb: | 0.016 MB of 0.062 MB uploadedwandb: / 0.016 MB of 0.062 MB uploadedwandb: - 0.016 MB of 0.062 MB uploadedwandb: \ 0.016 MB of 0.062 MB uploadedwandb: | 0.016 MB of 0.062 MB uploadedwandb: / 0.016 MB of 0.062 MB uploadedwandb: - 0.016 MB of 0.062 MB uploadedwandb: \ 0.016 MB of 0.062 MB uploadedwandb: | 0.016 MB of 0.062 MB uploadedwandb: / 0.016 MB of 0.062 MB uploadedwandb: - 0.016 MB of 0.062 MB uploadedwandb: \ 0.016 MB of 0.062 MB uploadedwandb: | 0.016 MB of 0.062 MB uploadedwandb: / 0.016 MB of 0.062 MB uploadedwandb: - 0.016 MB of 0.062 MB uploadedwandb: \ 0.016 MB of 0.062 MB uploadedwandb: | 0.016 MB of 0.062 MB uploadedwandb: / 0.016 MB of 0.062 MB uploadedwandb: - 0.016 MB of 0.062 MB uploadedwandb: \ 0.016 MB of 0.062 MB uploadedwandb: | 0.016 MB of 0.062 MB uploadedwandb: / 0.016 MB of 0.062 MB uploadedwandb: - 0.016 MB of 0.062 MB uploadedwandb: \ 0.016 MB of 0.062 MB uploadedwandb: | 0.016 MB of 0.062 MB uploadedwandb: / 0.016 MB of 0.062 MB uploadedwandb: - 0.016 MB of 0.062 MB uploadedwandb: \ 0.016 MB of 0.062 MB uploadedwandb: | 0.016 MB of 0.062 MB uploadedwandb: / 0.016 MB of 0.062 MB uploadedwandb: - 0.016 MB of 0.062 MB uploadedwandb: \ 0.016 MB of 0.062 MB uploadedwandb: | 0.016 MB of 0.062 MB uploadedwandb: / 0.016 MB of 0.062 MB uploadedwandb: - 0.016 MB of 0.062 MB uploadedwandb: \ 0.016 MB of 0.062 MB uploadedwandb: | 0.016 MB of 0.062 MB uploadedwandb: / 0.016 MB of 0.062 MB uploadedwandb: - 0.016 MB of 0.062 MB uploadedwandb: \ 0.016 MB of 0.062 MB uploadedwandb: | 0.016 MB of 0.062 MB uploadedwandb: / 0.016 MB of 0.062 MB uploadedwandb: - 0.016 MB of 0.062 MB uploadedwandb: \ 0.016 MB of 0.062 MB uploadedwandb: | 0.016 MB of 0.062 MB uploadedwandb: / 0.016 MB of 0.062 MB uploadedwandb: - 0.016 MB of 0.062 MB uploadedwandb: \ 0.016 MB of 0.062 MB uploadedwandb: | 0.016 MB of 0.062 MB uploadedwandb: / 0.016 MB of 0.062 MB uploadedwandb: - 0.016 MB of 0.062 MB uploadedwandb: \ 0.062 MB of 0.062 MB uploadedwandb: | 0.062 MB of 0.062 MB uploadedwandb: / 0.062 MB of 0.062 MB uploadedwandb: - 0.062 MB of 0.062 MB uploadedwandb: \ 0.062 MB of 0.062 MB uploadedwandb: | 0.062 MB of 0.062 MB uploadedwandb: / 0.062 MB of 0.062 MB uploadedwandb: - 0.062 MB of 0.062 MB uploadedwandb: \ 0.062 MB of 0.062 MB uploadedwandb: | 0.062 MB of 0.062 MB uploadedwandb: / 0.062 MB of 0.062 MB uploadedwandb: - 0.062 MB of 0.062 MB uploadedwandb: \ 0.062 MB of 0.062 MB uploadedwandb: | 0.062 MB of 0.062 MB uploadedwandb: / 0.062 MB of 0.062 MB uploadedwandb: - 0.062 MB of 0.062 MB uploadedwandb: \ 0.062 MB of 0.062 MB uploadedwandb: | 0.062 MB of 0.062 MB uploadedwandb: / 0.062 MB of 0.062 MB uploadedwandb: - 0.016 MB of 0.062 MB uploadedwandb: \ 0.016 MB of 0.062 MB uploadedwandb: | 0.016 MB of 0.062 MB uploadedwandb: / 0.062 MB of 0.062 MB uploadedwandb: - 0.062 MB of 0.062 MB uploadedwandb: \ 0.062 MB of 0.062 MB uploadedwandb: | 0.062 MB of 0.062 MB uploadedwandb: / 0.062 MB of 0.062 MB uploadedwandb: - 0.062 MB of 0.062 MB uploadedwandb: \ 0.062 MB of 0.062 MB uploadedwandb: | 0.062 MB of 0.062 MB uploadedwandb: / 0.062 MB of 0.062 MB uploadedwandb: - 0.062 MB of 0.062 MB uploadedwandb: \ 0.062 MB of 0.062 MB uploadedwandb: | 0.062 MB of 0.062 MB uploadedwandb: / 0.062 MB of 0.062 MB uploadedwandb: - 0.062 MB of 0.062 MB uploadedwandb: \ 0.062 MB of 0.062 MB uploadedwandb: | 0.062 MB of 0.062 MB uploadedwandb: / 0.062 MB of 0.062 MB uploadedwandb: - 0.062 MB of 0.062 MB uploadedwandb: \ 0.062 MB of 0.062 MB uploadedwandb: | 0.062 MB of 0.062 MB uploadedwandb: / 0.062 MB of 0.062 MB uploadedwandb: - 0.062 MB of 0.062 MB uploadedwandb: \ 0.062 MB of 0.062 MB uploadedwandb: | 0.062 MB of 0.062 MB uploadedwandb: / 0.062 MB of 0.062 MB uploadedwandb: - 0.062 MB of 0.062 MB uploadedwandb: \ 0.062 MB of 0.062 MB uploadedwandb: | 0.062 MB of 0.062 MB uploadedwandb: / 0.062 MB of 0.062 MB uploadedwandb: - 0.062 MB of 0.062 MB uploadedwandb: \ 0.062 MB of 0.062 MB uploadedwandb: | 0.062 MB of 0.062 MB uploadedwandb: / 0.062 MB of 0.062 MB uploadedwandb: - 0.062 MB of 0.062 MB uploadedwandb: \ 0.062 MB of 0.062 MB uploadedwandb: | 0.062 MB of 0.062 MB uploadedwandb: / 0.062 MB of 0.062 MB uploadedwandb: - 0.062 MB of 0.062 MB uploadedwandb: \ 0.062 MB of 0.062 MB uploadedwandb: | 0.062 MB of 0.062 MB uploadedwandb: / 0.062 MB of 0.062 MB uploadedwandb: - 0.062 MB of 0.062 MB uploadedwandb: \ 0.062 MB of 0.062 MB uploadedwandb: | 0.062 MB of 0.062 MB uploadedwandb: / 0.062 MB of 0.062 MB uploadedwandb: - 0.062 MB of 0.062 MB uploadedwandb: \ 0.062 MB of 0.062 MB uploadedwandb: | 0.062 MB of 0.062 MB uploadedwandb: / 0.062 MB of 0.062 MB uploadedwandb: - 0.062 MB of 0.062 MB uploadedwandb: \ 0.062 MB of 0.062 MB uploadedwandb: | 0.062 MB of 0.062 MB uploadedwandb: / 0.062 MB of 0.062 MB uploadedwandb: - 0.062 MB of 0.062 MB uploadedwandb: \ 0.062 MB of 0.062 MB uploadedwandb: | 0.062 MB of 0.062 MB uploadedwandb: / 0.062 MB of 0.062 MB uploadedwandb: - 0.062 MB of 0.062 MB uploadedwandb: \ 0.062 MB of 0.062 MB uploadedwandb: | 0.062 MB of 0.062 MB uploadedwandb: / 0.062 MB of 0.062 MB uploadedwandb: - 0.062 MB of 0.062 MB uploadedwandb: \ 0.062 MB of 0.062 MB uploadedwandb: | 0.062 MB of 0.062 MB uploadedwandb: / 0.062 MB of 0.062 MB uploadedwandb: - 0.062 MB of 0.062 MB uploadedwandb: \ 0.062 MB of 0.062 MB uploadedwandb: | 0.062 MB of 0.062 MB uploadedwandb: / 0.062 MB of 0.062 MB uploadedwandb: - 0.062 MB of 0.062 MB uploadedwandb: \ 0.062 MB of 0.062 MB uploadedwandb: | 0.062 MB of 0.062 MB uploadedwandb: / 0.062 MB of 0.062 MB uploadedwandb: - 0.062 MB of 0.062 MB uploadedwandb: \ 0.062 MB of 0.062 MB uploadedwandb: | 0.062 MB of 0.062 MB uploadedwandb: / 0.062 MB of 0.062 MB uploadedwandb: - 0.062 MB of 0.062 MB uploadedwandb: \ 0.062 MB of 0.062 MB uploadedwandb: | 0.062 MB of 0.062 MB uploadedwandb: / 0.062 MB of 0.062 MB uploadedwandb: - 0.062 MB of 0.062 MB uploadedwandb: \ 0.062 MB of 0.062 MB uploadedwandb: | 0.062 MB of 0.062 MB uploadedwandb: / 0.062 MB of 0.062 MB uploadedwandb: - 0.062 MB of 0.062 MB uploadedwandb: \ 0.062 MB of 0.062 MB uploadedwandb: | 0.062 MB of 0.062 MB uploadedwandb: / 0.062 MB of 0.062 MB uploadedwandb: - 0.062 MB of 0.062 MB uploadedwandb: \ 0.062 MB of 0.062 MB uploadedwandb: | 0.062 MB of 0.062 MB uploadedwandb: / 0.062 MB of 0.062 MB uploadedwandb: - 0.062 MB of 0.062 MB uploadedwandb: \ 0.062 MB of 0.062 MB uploadedwandb: | 0.062 MB of 0.062 MB uploadedwandb: / 0.062 MB of 0.062 MB uploadedwandb: - 0.062 MB of 0.062 MB uploadedwandb: \ 0.062 MB of 0.062 MB uploadedwandb: | 0.062 MB of 0.062 MB uploadedwandb: / 0.062 MB of 0.062 MB uploadedwandb: - 0.062 MB of 0.062 MB uploadedwandb: \ 0.062 MB of 0.062 MB uploadedwandb: | 0.062 MB of 0.062 MB uploadedwandb: / 0.062 MB of 0.062 MB uploadedwandb: - 0.062 MB of 0.062 MB uploadedwandb: \ 0.062 MB of 0.062 MB uploadedwandb: | 0.062 MB of 0.062 MB uploadedwandb: / 0.062 MB of 0.062 MB uploadedwandb: - 0.062 MB of 0.062 MB uploadedwandb: \ 0.062 MB of 0.062 MB uploadedwandb: | 0.062 MB of 0.062 MB uploadedwandb: / 0.062 MB of 0.062 MB uploadedwandb: - 0.062 MB of 0.062 MB uploadedwandb: \ 0.062 MB of 0.062 MB uploadedwandb: | 0.062 MB of 0.062 MB uploadedwandb: / 0.062 MB of 0.062 MB uploadedwandb: - 0.062 MB of 0.062 MB uploadedwandb: \ 0.062 MB of 0.062 MB uploadedwandb: | 0.062 MB of 0.062 MB uploadedwandb: / 0.062 MB of 0.062 MB uploadedwandb: - 0.062 MB of 0.062 MB uploadedwandb: \ 0.062 MB of 0.062 MB uploadedwandb: | 0.062 MB of 0.062 MB uploadedwandb: / 0.062 MB of 0.062 MB uploadedwandb: - 0.062 MB of 0.062 MB uploadedwandb: \ 0.062 MB of 0.062 MB uploadedwandb: | 0.062 MB of 0.062 MB uploadedwandb: / 0.062 MB of 0.062 MB uploadedwandb: - 0.062 MB of 0.062 MB uploadedwandb: \ 0.062 MB of 0.062 MB uploadedwandb: | 0.062 MB of 0.062 MB uploadedwandb: / 0.062 MB of 0.062 MB uploadedwandb: - 0.062 MB of 0.062 MB uploadedwandb: \ 0.062 MB of 0.062 MB uploadedwandb: | 0.062 MB of 0.062 MB uploadedwandb: / 0.062 MB of 0.062 MB uploadedwandb: - 0.062 MB of 0.062 MB uploadedwandb: \ 0.062 MB of 0.062 MB uploadedwandb: | 0.062 MB of 0.062 MB uploadedwandb: / 0.062 MB of 0.062 MB uploadedwandb: - 0.062 MB of 0.062 MB uploadedwandb: \ 0.062 MB of 0.062 MB uploadedwandb: | 0.062 MB of 0.062 MB uploadedwandb: / 0.062 MB of 0.062 MB uploadedwandb: - 0.062 MB of 0.062 MB uploadedwandb: \ 0.062 MB of 0.062 MB uploadedwandb: | 0.062 MB of 0.062 MB uploadedwandb: / 0.062 MB of 0.062 MB uploadedwandb: - 0.062 MB of 0.062 MB uploadedwandb: \ 0.062 MB of 0.062 MB uploadedwandb: | 0.062 MB of 0.062 MB uploadedwandb: / 0.062 MB of 0.062 MB uploadedwandb: - 0.062 MB of 0.062 MB uploadedwandb: \ 0.062 MB of 0.062 MB uploadedwandb: | 0.062 MB of 0.062 MB uploadedwandb: / 0.062 MB of 0.062 MB uploadedwandb: - 0.062 MB of 0.062 MB uploadedwandb: \ 0.062 MB of 0.062 MB uploadedwandb: | 0.062 MB of 0.062 MB uploadedwandb: / 0.062 MB of 0.062 MB uploadedwandb: - 0.062 MB of 0.062 MB uploadedwandb: \ 0.062 MB of 0.062 MB uploadedwandb: | 0.062 MB of 0.062 MB uploadedwandb: / 0.062 MB of 0.062 MB uploadedwandb: - 0.062 MB of 0.062 MB uploadedwandb: \ 0.062 MB of 0.062 MB uploadedwandb: | 0.062 MB of 0.062 MB uploadedwandb: / 0.062 MB of 0.062 MB uploadedwandb: - 0.062 MB of 0.062 MB uploadedwandb: \ 0.062 MB of 0.062 MB uploadedwandb: | 0.062 MB of 0.062 MB uploadedwandb: / 0.062 MB of 0.062 MB uploadedwandb: - 0.062 MB of 0.062 MB uploadedwandb: \ 0.062 MB of 0.062 MB uploadedwandb: | 0.062 MB of 0.062 MB uploadedwandb: / 0.062 MB of 0.062 MB uploadedwandb: - 0.062 MB of 0.062 MB uploadedwandb: \ 0.062 MB of 0.062 MB uploadedwandb: | 0.062 MB of 0.062 MB uploadedwandb: / 0.062 MB of 0.062 MB uploadedwandb: - 0.062 MB of 0.062 MB uploadedwandb: \ 0.062 MB of 0.062 MB uploadedwandb: | 0.062 MB of 0.062 MB uploadedwandb: / 0.062 MB of 0.062 MB uploadedwandb: - 0.062 MB of 0.062 MB uploadedwandb: \ 0.062 MB of 0.062 MB uploadedwandb: | 0.062 MB of 0.062 MB uploadedwandb: / 0.062 MB of 0.062 MB uploadedwandb: - 0.062 MB of 0.062 MB uploadedwandb: \ 0.062 MB of 0.062 MB uploadedwandb: | 0.062 MB of 0.062 MB uploadedwandb: / 0.062 MB of 0.062 MB uploadedwandb: - 0.062 MB of 0.062 MB uploadedwandb: \ 0.062 MB of 0.062 MB uploadedwandb: | 0.062 MB of 0.062 MB uploadedwandb: / 0.062 MB of 0.062 MB uploadedwandb: - 0.062 MB of 0.062 MB uploadedwandb: \ 0.062 MB of 0.062 MB uploadedwandb: | 0.062 MB of 0.062 MB uploadedwandb: / 0.062 MB of 0.062 MB uploadedwandb: - 0.062 MB of 0.062 MB uploadedwandb: \ 0.062 MB of 0.062 MB uploadedwandb: | 0.062 MB of 0.062 MB uploadedwandb: / 0.062 MB of 0.062 MB uploadedwandb: - 0.062 MB of 0.062 MB uploadedwandb: \ 0.062 MB of 0.062 MB uploadedwandb: | 0.062 MB of 0.062 MB uploadedwandb: / 0.062 MB of 0.062 MB uploadedwandb: - 0.062 MB of 0.062 MB uploadedwandb: \ 0.062 MB of 0.062 MB uploadedwandb: | 0.062 MB of 0.062 MB uploadedwandb: / 0.062 MB of 0.062 MB uploadedwandb: - 0.062 MB of 0.062 MB uploadedwandb: \ 0.062 MB of 0.062 MB uploadedwandb: | 0.062 MB of 0.062 MB uploadedwandb: / 0.062 MB of 0.062 MB uploadedwandb: - 0.062 MB of 0.062 MB uploadedwandb: \ 0.062 MB of 0.062 MB uploadedwandb: | 0.062 MB of 0.062 MB uploadedwandb: / 0.062 MB of 0.062 MB uploadedwandb: - 0.062 MB of 0.062 MB uploadedwandb: \ 0.062 MB of 0.062 MB uploadedwandb: | 0.062 MB of 0.062 MB uploadedwandb: / 0.062 MB of 0.062 MB uploadedwandb: - 0.062 MB of 0.062 MB uploadedwandb: \ 0.062 MB of 0.062 MB uploadedwandb: | 0.062 MB of 0.062 MB uploadedwandb: / 0.062 MB of 0.062 MB uploadedwandb: - 0.062 MB of 0.062 MB uploadedwandb: \ 0.062 MB of 0.062 MB uploadedwandb: | 0.062 MB of 0.062 MB uploadedwandb: / 0.062 MB of 0.062 MB uploadedwandb: - 0.062 MB of 0.062 MB uploadedwandb: \ 0.062 MB of 0.062 MB uploadedwandb: | 0.062 MB of 0.062 MB uploadedwandb: / 0.062 MB of 0.062 MB uploadedwandb: - 0.062 MB of 0.062 MB uploadedwandb: \ 0.062 MB of 0.062 MB uploadedwandb: | 0.062 MB of 0.062 MB uploadedwandb: / 0.062 MB of 0.062 MB uploadedwandb: - 0.062 MB of 0.062 MB uploadedwandb: \ 0.062 MB of 0.062 MB uploadedwandb: | 0.062 MB of 0.062 MB uploadedwandb: / 0.062 MB of 0.062 MB uploadedwandb: - 0.062 MB of 0.062 MB uploadedwandb: \ 0.062 MB of 0.062 MB uploadedwandb: | 0.062 MB of 0.062 MB uploadedwandb: / 0.062 MB of 0.062 MB uploadedwandb: - 0.062 MB of 0.062 MB uploadedwandb: \ 0.062 MB of 0.062 MB uploadedwandb: | 0.062 MB of 0.062 MB uploadedwandb: / 0.062 MB of 0.062 MB uploadedwandb: - 0.062 MB of 0.062 MB uploadedwandb: \ 0.062 MB of 0.062 MB uploadedwandb: | 0.062 MB of 0.062 MB uploadedwandb: / 0.062 MB of 0.062 MB uploadedwandb: - 0.062 MB of 0.062 MB uploadedwandb: \ 0.062 MB of 0.062 MB uploadedwandb: | 0.062 MB of 0.062 MB uploadedwandb: / 0.062 MB of 0.062 MB uploadedwandb: - 0.062 MB of 0.062 MB uploadedwandb: \ 0.062 MB of 0.062 MB uploadedwandb: | 0.062 MB of 0.062 MB uploadedwandb: / 0.062 MB of 0.062 MB uploadedwandb: - 0.062 MB of 0.062 MB uploadedwandb: \ 0.062 MB of 0.062 MB uploadedwandb: | 0.062 MB of 0.062 MB uploadedwandb: / 0.062 MB of 0.062 MB uploadedwandb: - 0.062 MB of 0.062 MB uploadedwandb: \ 0.062 MB of 0.062 MB uploadedwandb: | 0.062 MB of 0.062 MB uploadedwandb: / 0.062 MB of 0.062 MB uploadedwandb: - 0.062 MB of 0.062 MB uploadedwandb: \ 0.062 MB of 0.062 MB uploadedwandb: | 0.062 MB of 0.062 MB uploadedwandb: / 0.062 MB of 0.062 MB uploadedwandb: - 0.062 MB of 0.062 MB uploadedwandb: \ 0.062 MB of 0.062 MB uploadedwandb: | 0.062 MB of 0.062 MB uploadedwandb: / 0.062 MB of 0.062 MB uploadedwandb: - 0.062 MB of 0.062 MB uploadedwandb: \ 0.062 MB of 0.062 MB uploadedwandb: | 0.062 MB of 0.062 MB uploadedwandb: / 0.062 MB of 0.062 MB uploadedwandb: - 0.062 MB of 0.062 MB uploadedwandb: \ 0.062 MB of 0.062 MB uploadedwandb: | 0.062 MB of 0.062 MB uploadedwandb: / 0.062 MB of 0.062 MB uploadedwandb: - 0.062 MB of 0.062 MB uploadedwandb: \ 0.062 MB of 0.062 MB uploadedwandb: | 0.062 MB of 0.062 MB uploadedwandb: / 0.062 MB of 0.062 MB uploadedwandb: - 0.062 MB of 0.062 MB uploadedwandb: \ 0.062 MB of 0.062 MB uploadedwandb: | 0.062 MB of 0.062 MB uploadedwandb: / 0.062 MB of 0.062 MB uploadedwandb: - 0.062 MB of 0.062 MB uploadedwandb: \ 0.062 MB of 0.062 MB uploadedwandb: | 0.062 MB of 0.062 MB uploadedwandb: / 0.062 MB of 0.062 MB uploadedwandb: - 0.062 MB of 0.062 MB uploadedwandb: \ 0.062 MB of 0.062 MB uploadedwandb: | 0.062 MB of 0.062 MB uploadedwandb: / 0.062 MB of 0.062 MB uploadedwandb: - 0.062 MB of 0.062 MB uploadedwandb: \ 0.062 MB of 0.062 MB uploadedwandb: | 0.062 MB of 0.062 MB uploadedwandb: / 0.062 MB of 0.062 MB uploadedwandb: - 0.062 MB of 0.062 MB uploadedwandb: \ 0.062 MB of 0.062 MB uploadedwandb: | 0.062 MB of 0.062 MB uploadedwandb: / 0.062 MB of 0.062 MB uploadedwandb: - 0.062 MB of 0.062 MB uploadedwandb: \ 0.062 MB of 0.062 MB uploadedwandb: | 0.062 MB of 0.062 MB uploadedwandb: / 0.062 MB of 0.062 MB uploadedwandb: - 0.062 MB of 0.062 MB uploadedwandb: \ 0.062 MB of 0.062 MB uploadedwandb: | 0.062 MB of 0.062 MB uploadedwandb: / 0.062 MB of 0.062 MB uploadedwandb: - 0.062 MB of 0.062 MB uploadedwandb: \ 0.062 MB of 0.062 MB uploadedwandb: | 0.062 MB of 0.062 MB uploadedwandb: / 0.062 MB of 0.062 MB uploadedwandb: - 0.062 MB of 0.062 MB uploadedwandb: \ 0.062 MB of 0.062 MB uploadedwandb: | 0.062 MB of 0.062 MB uploadedwandb: / 0.062 MB of 0.062 MB uploadedwandb: - 0.062 MB of 0.062 MB uploadedwandb: \ 0.062 MB of 0.062 MB uploadedwandb: | 0.062 MB of 0.062 MB uploadedwandb: / 0.062 MB of 0.062 MB uploadedwandb: - 0.062 MB of 0.062 MB uploadedwandb: \ 0.062 MB of 0.062 MB uploadedwandb: | 0.062 MB of 0.062 MB uploadedwandb: / 0.062 MB of 0.062 MB uploadedwandb: - 0.062 MB of 0.062 MB uploadedwandb: \ 0.062 MB of 0.062 MB uploadedwandb: | 0.062 MB of 0.062 MB uploadedwandb: / 0.062 MB of 0.062 MB uploadedwandb: - 0.062 MB of 0.062 MB uploadedwandb: \ 0.062 MB of 0.062 MB uploadedwandb: | 0.062 MB of 0.062 MB uploadedwandb: / 0.062 MB of 0.062 MB uploadedwandb: - 0.062 MB of 0.062 MB uploadedwandb: \ 0.062 MB of 0.062 MB uploadedwandb: | 0.062 MB of 0.062 MB uploadedwandb: / 0.062 MB of 0.062 MB uploadedwandb: - 0.062 MB of 0.062 MB uploadedwandb: \ 0.062 MB of 0.062 MB uploadedwandb: | 0.062 MB of 0.062 MB uploadedwandb: / 0.062 MB of 0.062 MB uploadedwandb: - 0.062 MB of 0.062 MB uploadedwandb: \ 0.062 MB of 0.062 MB uploadedwandb: | 0.062 MB of 0.062 MB uploadedwandb: / 0.062 MB of 0.062 MB uploadedwandb: - 0.062 MB of 0.062 MB uploadedwandb: \ 0.062 MB of 0.062 MB uploadedwandb: | 0.062 MB of 0.062 MB uploadedwandb: / 0.062 MB of 0.062 MB uploadedwandb: - 0.062 MB of 0.062 MB uploadedwandb: \ 0.062 MB of 0.062 MB uploadedwandb: | 0.062 MB of 0.062 MB uploadedwandb: / 0.062 MB of 0.062 MB uploadedwandb: - 0.062 MB of 0.062 MB uploadedwandb: \ 0.062 MB of 0.062 MB uploadedwandb: | 0.062 MB of 0.062 MB uploadedwandb: / 0.062 MB of 0.062 MB uploadedwandb: - 0.062 MB of 0.062 MB uploadedwandb: \ 0.062 MB of 0.062 MB uploadedwandb: | 0.062 MB of 0.062 MB uploadedwandb: / 0.062 MB of 0.062 MB uploadedwandb: - 0.062 MB of 0.062 MB uploadedwandb: \ 0.062 MB of 0.062 MB uploadedwandb: | 0.062 MB of 0.062 MB uploadedwandb: / 0.062 MB of 0.062 MB uploadedwandb: - 0.062 MB of 0.062 MB uploadedwandb: \ 0.062 MB of 0.062 MB uploadedwandb: | 0.062 MB of 0.062 MB uploadedwandb: / 0.062 MB of 0.062 MB uploadedwandb: - 0.062 MB of 0.062 MB uploadedwandb: \ 0.062 MB of 0.062 MB uploadedwandb: | 0.062 MB of 0.062 MB uploadedwandb: / 0.062 MB of 0.062 MB uploadedwandb: - 0.062 MB of 0.062 MB uploadedwandb: \ 0.062 MB of 0.062 MB uploadedwandb: | 0.062 MB of 0.062 MB uploadedwandb: / 0.062 MB of 0.062 MB uploadedwandb: - 0.062 MB of 0.062 MB uploadedwandb: \ 0.062 MB of 0.062 MB uploadedwandb: | 0.062 MB of 0.062 MB uploadedwandb: / 0.062 MB of 0.062 MB uploadedwandb: - 0.062 MB of 0.062 MB uploadedwandb: \ 0.062 MB of 0.062 MB uploadedwandb: | 0.062 MB of 0.062 MB uploadedwandb: / 0.062 MB of 0.062 MB uploadedwandb: - 0.062 MB of 0.062 MB uploadedwandb: \ 0.062 MB of 0.062 MB uploadedwandb: | 0.062 MB of 0.062 MB uploadedwandb: / 0.062 MB of 0.062 MB uploadedwandb: - 0.062 MB of 0.062 MB uploadedwandb: \ 0.062 MB of 0.062 MB uploadedwandb: | 0.062 MB of 0.062 MB uploadedwandb: / 0.062 MB of 0.062 MB uploadedwandb: - 0.062 MB of 0.062 MB uploadedwandb: \ 0.062 MB of 0.062 MB uploadedwandb: | 0.062 MB of 0.062 MB uploadedwandb: / 0.062 MB of 0.062 MB uploadedwandb: - 0.062 MB of 0.062 MB uploadedwandb: \ 0.062 MB of 0.062 MB uploadedwandb: | 0.062 MB of 0.062 MB uploadedwandb: / 0.062 MB of 0.062 MB uploadedwandb: - 0.062 MB of 0.062 MB uploadedwandb: \ 0.062 MB of 0.062 MB uploadedwandb: | 0.062 MB of 0.062 MB uploadedwandb: / 0.062 MB of 0.062 MB uploadedwandb: - 0.062 MB of 0.062 MB uploadedwandb: \ 0.062 MB of 0.062 MB uploadedwandb: | 0.062 MB of 0.062 MB uploadedwandb: / 0.062 MB of 0.062 MB uploadedwandb: - 0.062 MB of 0.062 MB uploadedwandb: \ 0.062 MB of 0.062 MB uploadedwandb: | 0.062 MB of 0.062 MB uploadedwandb: / 0.062 MB of 0.062 MB uploadedwandb: - 0.062 MB of 0.062 MB uploadedwandb: \ 0.062 MB of 0.062 MB uploadedwandb: | 0.062 MB of 0.062 MB uploadedwandb: / 0.062 MB of 0.062 MB uploadedwandb: - 0.062 MB of 0.062 MB uploadedwandb: \ 0.062 MB of 0.062 MB uploadedwandb: | 0.062 MB of 0.062 MB uploadedwandb: / 0.062 MB of 0.062 MB uploadedwandb: - 0.062 MB of 0.062 MB uploadedwandb: \ 0.062 MB of 0.062 MB uploadedwandb: | 0.062 MB of 0.062 MB uploadedwandb: / 0.062 MB of 0.062 MB uploadedwandb: - 0.062 MB of 0.062 MB uploadedwandb: \ 0.062 MB of 0.062 MB uploadedwandb: | 0.062 MB of 0.062 MB uploadedwandb: / 0.062 MB of 0.062 MB uploadedwandb: - 0.062 MB of 0.062 MB uploadedwandb: \ 0.062 MB of 0.062 MB uploadedwandb: | 0.062 MB of 0.062 MB uploadedwandb: / 0.062 MB of 0.062 MB uploadedwandb: - 0.062 MB of 0.062 MB uploadedwandb: \ 0.062 MB of 0.062 MB uploadedwandb: | 0.062 MB of 0.062 MB uploadedwandb: / 0.062 MB of 0.062 MB uploadedwandb: - 0.062 MB of 0.062 MB uploadedwandb: \ 0.062 MB of 0.062 MB uploadedwandb: | 0.062 MB of 0.062 MB uploadedwandb: / 0.062 MB of 0.062 MB uploadedwandb: - 0.062 MB of 0.062 MB uploadedwandb: \ 0.062 MB of 0.062 MB uploadedwandb: | 0.062 MB of 0.062 MB uploadedwandb: / 0.062 MB of 0.062 MB uploadedwandb: - 0.062 MB of 0.062 MB uploadedwandb: \ 0.062 MB of 0.062 MB uploadedwandb: | 0.062 MB of 0.062 MB uploadedwandb: / 0.062 MB of 0.062 MB uploadedwandb: - 0.062 MB of 0.062 MB uploadedwandb: \ 0.062 MB of 0.062 MB uploadedwandb: | 0.062 MB of 0.062 MB uploadedwandb: / 0.062 MB of 0.062 MB uploadedwandb: - 0.062 MB of 0.062 MB uploadedwandb: \ 0.062 MB of 0.062 MB uploadedwandb: | 0.062 MB of 0.062 MB uploadedwandb: / 0.062 MB of 0.062 MB uploadedwandb: - 0.062 MB of 0.062 MB uploadedwandb: \ 0.062 MB of 0.062 MB uploadedwandb: | 0.062 MB of 0.062 MB uploadedwandb: / 0.062 MB of 0.062 MB uploadedwandb: - 0.062 MB of 0.062 MB uploadedwandb: \ 0.062 MB of 0.062 MB uploadedwandb: | 0.062 MB of 0.062 MB uploadedwandb: / 0.062 MB of 0.062 MB uploadedwandb: - 0.062 MB of 0.062 MB uploadedwandb: \ 0.062 MB of 0.062 MB uploadedwandb: | 0.062 MB of 0.062 MB uploadedwandb: / 0.062 MB of 0.062 MB uploadedwandb: - 0.062 MB of 0.062 MB uploadedwandb: \ 0.062 MB of 0.062 MB uploadedwandb: | 0.062 MB of 0.062 MB uploadedwandb: / 0.062 MB of 0.062 MB uploadedwandb: - 0.062 MB of 0.062 MB uploadedwandb: \ 0.062 MB of 0.062 MB uploadedwandb: | 0.062 MB of 0.062 MB uploadedwandb: / 0.062 MB of 0.062 MB uploadedwandb: - 0.062 MB of 0.062 MB uploadedwandb: \ 0.062 MB of 0.062 MB uploadedwandb: | 0.062 MB of 0.062 MB uploadedwandb: / 0.062 MB of 0.062 MB uploadedwandb: - 0.062 MB of 0.062 MB uploadedwandb: \ 0.062 MB of 0.062 MB uploadedwandb: | 0.062 MB of 0.062 MB uploadedwandb: / 0.062 MB of 0.062 MB uploadedwandb: - 0.062 MB of 0.062 MB uploadedwandb: \ 0.062 MB of 0.062 MB uploadedwandb: | 0.062 MB of 0.062 MB uploadedwandb: / 0.062 MB of 0.062 MB uploadedwandb: - 0.062 MB of 0.062 MB uploadedwandb: \ 0.062 MB of 0.062 MB uploadedwandb: | 0.062 MB of 0.062 MB uploadedwandb: / 0.062 MB of 0.062 MB uploadedwandb: - 0.062 MB of 0.062 MB uploadedwandb: \ 0.062 MB of 0.062 MB uploadedwandb: | 0.062 MB of 0.062 MB uploadedwandb: / 0.062 MB of 0.062 MB uploadedwandb: - 0.062 MB of 0.062 MB uploadedwandb: \ 0.062 MB of 0.062 MB uploadedwandb: | 0.062 MB of 0.062 MB uploadedwandb: / 0.062 MB of 0.062 MB uploadedwandb: - 0.062 MB of 0.062 MB uploadedwandb: \ 0.062 MB of 0.062 MB uploadedwandb: | 0.062 MB of 0.062 MB uploadedwandb: / 0.062 MB of 0.062 MB uploadedwandb: - 0.062 MB of 0.062 MB uploadedwandb: \ 0.062 MB of 0.062 MB uploadedwandb: | 0.062 MB of 0.062 MB uploadedwandb: / 0.062 MB of 0.062 MB uploadedwandb: - 0.062 MB of 0.062 MB uploadedwandb: \ 0.062 MB of 0.062 MB uploadedwandb: | 0.062 MB of 0.062 MB uploadedwandb: / 0.062 MB of 0.062 MB uploadedwandb: - 0.062 MB of 0.062 MB uploadedwandb: \ 0.062 MB of 0.062 MB uploadedwandb: | 0.062 MB of 0.062 MB uploadedwandb: / 0.062 MB of 0.062 MB uploadedwandb: - 0.062 MB of 0.062 MB uploadedwandb: \ 0.062 MB of 0.062 MB uploadedwandb: | 0.062 MB of 0.062 MB uploadedwandb: / 0.062 MB of 0.062 MB uploadedwandb: - 0.062 MB of 0.062 MB uploadedwandb: \ 0.062 MB of 0.062 MB uploadedwandb: | 0.062 MB of 0.062 MB uploadedwandb: / 0.062 MB of 0.062 MB uploadedwandb: - 0.062 MB of 0.062 MB uploadedwandb: \ 0.062 MB of 0.062 MB uploadedwandb: | 0.062 MB of 0.062 MB uploadedwandb: / 0.062 MB of 0.062 MB uploadedwandb: - 0.062 MB of 0.062 MB uploadedwandb: \ 0.062 MB of 0.062 MB uploadedwandb: | 0.062 MB of 0.062 MB uploadedwandb: / 0.062 MB of 0.062 MB uploadedwandb: - 0.062 MB of 0.062 MB uploadedwandb: \ 0.062 MB of 0.062 MB uploadedwandb: | 0.062 MB of 0.062 MB uploadedwandb: / 0.062 MB of 0.062 MB uploadedwandb: - 0.062 MB of 0.062 MB uploadedwandb: \ 0.062 MB of 0.062 MB uploadedwandb: | 0.062 MB of 0.062 MB uploadedwandb: / 0.062 MB of 0.062 MB uploadedwandb: - 0.062 MB of 0.062 MB uploadedwandb: \ 0.062 MB of 0.062 MB uploadedwandb: | 0.062 MB of 0.062 MB uploadedwandb: / 0.062 MB of 0.062 MB uploadedwandb: - 0.062 MB of 0.062 MB uploadedwandb: \ 0.062 MB of 0.062 MB uploadedwandb: | 0.062 MB of 0.062 MB uploadedwandb: / 0.062 MB of 0.062 MB uploadedwandb: - 0.062 MB of 0.062 MB uploadedwandb: \ 0.062 MB of 0.062 MB uploadedwandb: | 0.062 MB of 0.062 MB uploadedwandb: / 0.062 MB of 0.062 MB uploadedwandb: - 0.062 MB of 0.062 MB uploadedwandb: \ 0.062 MB of 0.062 MB uploadedwandb: | 0.062 MB of 0.062 MB uploadedwandb: / 0.062 MB of 0.062 MB uploadedwandb: - 0.062 MB of 0.062 MB uploadedwandb: \ 0.062 MB of 0.062 MB uploadedwandb: | 0.062 MB of 0.062 MB uploadedwandb: / 0.062 MB of 0.062 MB uploadedwandb: - 0.062 MB of 0.062 MB uploadedwandb: \ 0.062 MB of 0.062 MB uploadedwandb: | 0.062 MB of 0.062 MB uploadedwandb: / 0.062 MB of 0.062 MB uploadedwandb: - 0.062 MB of 0.062 MB uploadedwandb: \ 0.062 MB of 0.062 MB uploadedwandb: | 0.062 MB of 0.062 MB uploadedwandb: / 0.062 MB of 0.062 MB uploadedwandb: - 0.062 MB of 0.062 MB uploadedwandb: \ 0.062 MB of 0.062 MB uploadedwandb: | 0.062 MB of 0.062 MB uploadedwandb: / 0.062 MB of 0.062 MB uploadedwandb: - 0.062 MB of 0.062 MB uploadedwandb: \ 0.062 MB of 0.062 MB uploadedwandb: | 0.062 MB of 0.062 MB uploadedwandb: / 0.062 MB of 0.062 MB uploadedwandb: - 0.062 MB of 0.062 MB uploadedwandb: \ 0.062 MB of 0.062 MB uploadedwandb: | 0.062 MB of 0.062 MB uploadedwandb: / 0.062 MB of 0.062 MB uploadedwandb: - 0.062 MB of 0.062 MB uploadedwandb: \ 0.062 MB of 0.062 MB uploadedwandb: | 0.062 MB of 0.062 MB uploadedwandb: / 0.062 MB of 0.062 MB uploadedwandb: - 0.062 MB of 0.062 MB uploadedwandb: \ 0.062 MB of 0.062 MB uploadedwandb: | 0.062 MB of 0.062 MB uploadedwandb: / 0.062 MB of 0.062 MB uploadedwandb: - 0.062 MB of 0.062 MB uploadedwandb: \ 0.062 MB of 0.062 MB uploadedwandb: | 0.062 MB of 0.062 MB uploadedwandb: / 0.062 MB of 0.062 MB uploadedwandb: 
wandb: Run history:
wandb: Communication Time ▁▁▁▁▁▁▁▁▁▁▁▁▅▁▁▁▁█▁▁█▁▁▁▁▁▁▁▁▁▁▁▁▁▁▁▁▁▁▁
wandb:    MAE (test data) █▃▂▂▁▁▂▂▁▂▂▁▂▂▂▂▂▂▂▂▂▂▂▂▂▂▂▂▂▂▂▂▂▂▂▂▂▂▂▂
wandb:   MAPE (test data) ▁▆▇████████████▇█▇████▇▇▇▇█████████▇████
wandb:    MSE (test data) █▂▁▁▁▁▁▁▁▁▁▁▁▁▁▁▁▁▁▁▁▁▁▁▁▁▁▁▁▁▁▁▁▁▁▁▁▁▁▁
wandb:     R2 (test data) ▁▇██████████████████████████████████████
wandb:   RMSE (test data) █▂▂▁▁▁▁▁▁▁▁▁▂▁▁▁▁▁▁▁▁▁▁▁▁▁▁▁▁▁▁▁▁▁▁▂▁▁▁▁
wandb:    loss(test data) █▂▁▁▁▁▁▁▁▁▁▁▁▁▁▁▁▁▁▁▁▁▁▁▁▁▁▁▁▁▁▁▁▁▁▁▁▁▁▁
wandb: 
wandb: Run summary:
wandb: Communication Time 3.85449
wandb:    MAE (test data) 76.84494
wandb:   MAPE (test data) 93.92664
wandb:    MSE (test data) 8169.61328
wandb:     R2 (test data) 0.46558
wandb:   RMSE (test data) 90.38591
wandb:    loss(test data) 8169.61271
wandb: 
wandb: 🚀 View run lyric-wood-24 at: https://wandb.ai/digitalai/CFL/runs/e6g7jv5y
wandb: ️⚡ View job at https://wandb.ai/digitalai/CFL/jobs/QXJ0aWZhY3RDb2xsZWN0aW9uOjE0NzEyNzUxNA==/version_details/v5
wandb: Synced 6 W&B file(s), 0 media file(s), 0 artifact file(s) and 0 other file(s)
wandb: Find logs at: ./wandb/run-20240309_123333-e6g7jv5y/logs
