wandb: Currently logged in as: longyunbo218 (digitalai). Use `wandb login --relogin` to force relogin
wandb: wandb version 0.16.4 is available!  To upgrade, please run:
wandb:  $ pip install wandb --upgrade
wandb: Tracking run with wandb version 0.16.2
wandb: Run data is saved locally in /Users/yunbo/Documents/GitHub/PFL_Optimiozation/Model_training/1_cluster/wandb/run-20240309_123333-f1erxmhy
wandb: Run `wandb offline` to turn off syncing.
wandb: Syncing run fanciful-energy-24
wandb: ⭐️ View project at https://wandb.ai/digitalai/CFL
wandb: 🚀 View run at https://wandb.ai/digitalai/CFL/runs/f1erxmhy
INFO flwr 2024-03-09 12:33:57,209 | grpc.py:52 | Opened insecure gRPC connection (no certificates were passed)
DEBUG flwr 2024-03-09 12:33:57,219 | connection.py:42 | ChannelConnectivity.IDLE
DEBUG flwr 2024-03-09 12:33:57,221 | connection.py:42 | ChannelConnectivity.CONNECTING
DEBUG flwr 2024-03-09 12:33:57,221 | connection.py:42 | ChannelConnectivity.READY
Epoch 1/10, Loss: 5095.7332
Epoch 2/10, Loss: 2317.4089
Epoch 3/10, Loss: 1955.0417
Epoch 4/10, Loss: 1758.9567
Epoch 5/10, Loss: 1690.8573
Epoch 6/10, Loss: 1675.0060
Epoch 7/10, Loss: 1622.0632
Epoch 8/10, Loss: 1499.9766
Epoch 9/10, Loss: 1561.2917
Epoch 10/10, Loss: 1456.9726
Performance Metrics:
RMSE (test data): 125.13479614257812
MAE (test data): 106.31803131103516
MAPE (test data): 61.50115132331848
MSE (test data): 15658.7177734375
R2 (test data): -0.2626744546737274
loss (test data): 15658.718842338734
Epoch 1/10, Loss: 159.5692
Epoch 2/10, Loss: 8.4163
Epoch 3/10, Loss: 7.6097
Epoch 4/10, Loss: 7.4084
Epoch 5/10, Loss: 5.9914
Epoch 6/10, Loss: 9.5028
Epoch 7/10, Loss: 9.4555
Epoch 8/10, Loss: 20.2359
Epoch 9/10, Loss: 4.8109
Epoch 10/10, Loss: 26.6321
Performance Metrics:
RMSE (test data): 51.079856872558594
MAE (test data): 36.50395202636719
MAPE (test data): 114.31390047073364
MSE (test data): 2609.151611328125
R2 (test data): 0.7896054396973209
loss (test data): 2609.1517110459176
Epoch 1/10, Loss: 68.5591
Epoch 2/10, Loss: 6.6049
Epoch 3/10, Loss: 6.5985
Epoch 4/10, Loss: 6.8305
Epoch 5/10, Loss: 8.7691
Epoch 6/10, Loss: 18.5154
Epoch 7/10, Loss: 6.9933
Epoch 8/10, Loss: 5.8395
Epoch 9/10, Loss: 6.7440
Epoch 10/10, Loss: 5.8091
Performance Metrics:
RMSE (test data): 142.9009246826172
MAE (test data): 116.37841796875
MAPE (test data): 163.1646752357483
MSE (test data): 20420.673828125
R2 (test data): -0.646664983310614
loss (test data): 20420.673948486932
Epoch 1/10, Loss: 360.4491
Epoch 2/10, Loss: 7.4675
Epoch 3/10, Loss: 3.8756
Epoch 4/10, Loss: 2.8881
Epoch 5/10, Loss: 3.3936
Epoch 6/10, Loss: 3.2855
Epoch 7/10, Loss: 5.5739
Epoch 8/10, Loss: 5.1755
Epoch 9/10, Loss: 6.3882
Epoch 10/10, Loss: 10.6542
Performance Metrics:
RMSE (test data): 152.30931091308594
MAE (test data): 129.0641326904297
MAPE (test data): 171.52994871139526
MSE (test data): 23198.126953125
R2 (test data): -0.8706309391910965
loss (test data): 23198.128335679317
Epoch 1/10, Loss: 445.6051
Epoch 2/10, Loss: 5.3368
Epoch 3/10, Loss: 4.0476
Epoch 4/10, Loss: 2.9356
Epoch 5/10, Loss: 2.6373
Epoch 6/10, Loss: 3.2726
Epoch 7/10, Loss: 5.5731
Epoch 8/10, Loss: 2.2413
Epoch 9/10, Loss: 3.7384
Epoch 10/10, Loss: 3.8691
Performance Metrics:
RMSE (test data): 147.11663818359375
MAE (test data): 125.973876953125
MAPE (test data): 167.8673505783081
MSE (test data): 21643.306640625
R2 (test data): -0.7452545398429049
loss (test data): 21643.306024114652
Epoch 1/10, Loss: 204.6972
Epoch 2/10, Loss: 5.5430
Epoch 3/10, Loss: 4.2180
Epoch 4/10, Loss: 3.7544
Epoch 5/10, Loss: 3.5432
Epoch 6/10, Loss: 3.2776
Epoch 7/10, Loss: 6.7705
Epoch 8/10, Loss: 6.4403
Epoch 9/10, Loss: 2.4913
Epoch 10/10, Loss: 4.2232
Performance Metrics:
RMSE (test data): 174.137939453125
MAE (test data): 147.60406494140625
MAPE (test data): 183.40734243392944
MSE (test data): 30324.0234375
R2 (test data): -1.4452428681882648
loss (test data): 30324.02412590593
Epoch 1/10, Loss: 275.6542
Epoch 2/10, Loss: 2.8719
Epoch 3/10, Loss: 2.2830
Epoch 4/10, Loss: 1.9528
Epoch 5/10, Loss: 1.7250
Epoch 6/10, Loss: 1.9181
Epoch 7/10, Loss: 2.1707
Epoch 8/10, Loss: 4.1747
Epoch 9/10, Loss: 1.4724
Epoch 10/10, Loss: 6.6029
Performance Metrics:
RMSE (test data): 180.9781951904297
MAE (test data): 155.5559539794922
MAPE (test data): 187.93052434921265
MSE (test data): 32753.107421875
R2 (test data): -1.641117314354501
loss (test data): 32753.108617914266
Epoch 1/10, Loss: 509.7347
Epoch 2/10, Loss: 6.8021
Epoch 3/10, Loss: 4.5970
Epoch 4/10, Loss: 3.6508
Epoch 5/10, Loss: 2.7398
Epoch 6/10, Loss: 1.9618
Epoch 7/10, Loss: 1.5988
Epoch 8/10, Loss: 1.4839
Epoch 9/10, Loss: 2.5407
Epoch 10/10, Loss: 1.0506
Performance Metrics:
RMSE (test data): 169.83621215820312
MAE (test data): 148.29046630859375
MAPE (test data): 182.91311264038086
MSE (test data): 28844.337890625
R2 (test data): -1.3259251560183114
loss (test data): 28844.337470506733
Epoch 1/10, Loss: 391.1709
Epoch 2/10, Loss: 2.8746
Epoch 3/10, Loss: 1.9103
Epoch 4/10, Loss: 1.4676
Epoch 5/10, Loss: 1.3555
Epoch 6/10, Loss: 1.0526
Epoch 7/10, Loss: 1.1080
Epoch 8/10, Loss: 1.8993
Epoch 9/10, Loss: 2.1103
Epoch 10/10, Loss: 5.5374
Performance Metrics:
RMSE (test data): 177.3133544921875
MAE (test data): 154.91671752929688
MAPE (test data): 187.26638555526733
MSE (test data): 31440.02734375
R2 (test data): -1.5352344407630505
loss (test data): 31440.0298511371
Epoch 1/10, Loss: 225.9720
Epoch 2/10, Loss: 1.5405
Epoch 3/10, Loss: 1.0427
Epoch 4/10, Loss: 0.8387
Epoch 5/10, Loss: 0.5377
Epoch 6/10, Loss: 0.4537
Epoch 7/10, Loss: 1.6511
Epoch 8/10, Loss: 1.5331
Epoch 9/10, Loss: 3.0699
Epoch 10/10, Loss: 1.4510
Performance Metrics:
RMSE (test data): 174.2185821533203
MAE (test data): 153.2437744140625
MAPE (test data): 185.67888736724854
MSE (test data): 30352.11328125
R2 (test data): -1.4475079434334788
loss (test data): 30352.113037080664
Epoch 1/10, Loss: 285.3673
Epoch 2/10, Loss: 1.3739
Epoch 3/10, Loss: 0.5829
Epoch 4/10, Loss: 0.2328
Epoch 5/10, Loss: 0.1060
Epoch 6/10, Loss: 0.0625
Epoch 7/10, Loss: 0.0593
Epoch 8/10, Loss: 0.0855
Epoch 9/10, Loss: 1.9569
Epoch 10/10, Loss: 0.2343
Performance Metrics:
RMSE (test data): 179.67852783203125
MAE (test data): 157.09967041015625
MAPE (test data): 188.39311599731445
MSE (test data): 32284.373046875
R2 (test data): -1.6033197780467066
loss (test data): 32284.37196109094
Epoch 1/10, Loss: 339.1303
Epoch 2/10, Loss: 1.0510
Epoch 3/10, Loss: 0.4843
Epoch 4/10, Loss: 0.2942
Epoch 5/10, Loss: 0.1707
Epoch 6/10, Loss: 0.1460
Epoch 7/10, Loss: 0.1256
Epoch 8/10, Loss: 0.2263
Epoch 9/10, Loss: 0.7384
Epoch 10/10, Loss: 1.6453
Performance Metrics:
RMSE (test data): 174.42156982421875
MAE (test data): 151.12176513671875
MAPE (test data): 185.1799726486206
MSE (test data): 30422.884765625
R2 (test data): -1.4532147219759972
loss (test data): 30422.884953747944
Epoch 1/10, Loss: 331.6782
Epoch 2/10, Loss: 0.3884
Epoch 3/10, Loss: 0.1902
Epoch 4/10, Loss: 0.1234
Epoch 5/10, Loss: 0.0793
Epoch 6/10, Loss: 0.0743
Epoch 7/10, Loss: 0.1201
Epoch 8/10, Loss: 0.1520
Epoch 9/10, Loss: 2.1988
Epoch 10/10, Loss: 0.1618
Performance Metrics:
RMSE (test data): 182.34117126464844
MAE (test data): 159.6492919921875
MAPE (test data): 189.7463321685791
MSE (test data): 33248.30078125
R2 (test data): -1.681048123879202
loss (test data): 33248.29912971892
Epoch 1/10, Loss: 344.1901
Epoch 2/10, Loss: 1.0868
Epoch 3/10, Loss: 0.5625
Epoch 4/10, Loss: 0.2439
Epoch 5/10, Loss: 0.0942
Epoch 6/10, Loss: 0.0525
Epoch 7/10, Loss: 0.0434
Epoch 8/10, Loss: 0.0595
Epoch 9/10, Loss: 0.2031
Epoch 10/10, Loss: 1.4276
Performance Metrics:
RMSE (test data): 181.46426391601562
MAE (test data): 157.32200622558594
MAPE (test data): 189.60040807724
MSE (test data): 32929.28125
R2 (test data): -1.6553231816511125
loss (test data): 32929.277928561976
Epoch 1/10, Loss: 320.0199
Epoch 2/10, Loss: 0.6266
Epoch 3/10, Loss: 0.2781
Epoch 4/10, Loss: 0.1301
Epoch 5/10, Loss: 0.0754
Epoch 6/10, Loss: 0.0503
Epoch 7/10, Loss: 0.0429
Epoch 8/10, Loss: 0.0895
Epoch 9/10, Loss: 0.1329
Epoch 10/10, Loss: 6.7784
Performance Metrics:
RMSE (test data): 182.7827911376953
MAE (test data): 159.6558837890625
MAPE (test data): 189.7019624710083
MSE (test data): 33409.55078125
R2 (test data): -1.694050787308016
loss (test data): 33409.548103197034
Epoch 1/10, Loss: 294.1939
Epoch 2/10, Loss: 0.6930
Epoch 3/10, Loss: 0.2571
Epoch 4/10, Loss: 0.1305
Epoch 5/10, Loss: 0.0697
Epoch 6/10, Loss: 0.0467
Epoch 7/10, Loss: 0.0347
Epoch 8/10, Loss: 0.1998
Epoch 9/10, Loss: 0.1489
Epoch 10/10, Loss: 1.7143
Performance Metrics:
RMSE (test data): 181.49034118652344
MAE (test data): 156.36680603027344
MAPE (test data): 189.34930562973022
MSE (test data): 32938.74609375
R2 (test data): -1.6560864394877357
loss (test data): 32938.74350826546
Epoch 1/10, Loss: 350.1900
Epoch 2/10, Loss: 1.3239
Epoch 3/10, Loss: 0.6003
Epoch 4/10, Loss: 0.3286
Epoch 5/10, Loss: 0.2068
Epoch 6/10, Loss: 0.1557
Epoch 7/10, Loss: 0.1413
Epoch 8/10, Loss: 0.1488
Epoch 9/10, Loss: 0.3614
Epoch 10/10, Loss: 0.6005
Performance Metrics:
RMSE (test data): 185.04354858398438
MAE (test data): 162.0254669189453
MAPE (test data): 191.41783714294434
MSE (test data): 34241.11328125
R2 (test data): -1.7611062431620548
loss (test data): 34241.118435680786
Epoch 1/10, Loss: 358.0967
Epoch 2/10, Loss: 0.7022
Epoch 3/10, Loss: 0.3414
Epoch 4/10, Loss: 0.1642
Epoch 5/10, Loss: 0.0824
Epoch 6/10, Loss: 0.0515
Epoch 7/10, Loss: 0.0459
Epoch 8/10, Loss: 0.0500
Epoch 9/10, Loss: 0.0511
Epoch 10/10, Loss: 0.4676
Performance Metrics:
RMSE (test data): 181.6602020263672
MAE (test data): 156.3189239501953
MAPE (test data): 189.7660493850708
MSE (test data): 33000.4296875
R2 (test data): -1.6610604986621809
loss (test data): 33000.42796843761
Epoch 1/10, Loss: 308.5116
Epoch 2/10, Loss: 1.0600
Epoch 3/10, Loss: 0.5468
Epoch 4/10, Loss: 0.2867
Epoch 5/10, Loss: 0.2044
Epoch 6/10, Loss: 0.1455
Epoch 7/10, Loss: 0.1278
Epoch 8/10, Loss: 0.1081
Epoch 9/10, Loss: 0.7127
Epoch 10/10, Loss: 0.2864
Performance Metrics:
RMSE (test data): 182.4025421142578
MAE (test data): 159.89007568359375
MAPE (test data): 189.97231721878052
MSE (test data): 33270.6875
R2 (test data): -1.6828532223747996
loss (test data): 33270.685115271815
Epoch 1/10, Loss: 344.3364
Epoch 2/10, Loss: 1.4433
Epoch 3/10, Loss: 0.7552
Epoch 4/10, Loss: 0.4554
Epoch 5/10, Loss: 0.2914
Epoch 6/10, Loss: 0.1779
Epoch 7/10, Loss: 0.1441
Epoch 8/10, Loss: 0.1142
Epoch 9/10, Loss: 0.1667
Epoch 10/10, Loss: 0.6808
Performance Metrics:
RMSE (test data): 179.51451110839844
MAE (test data): 153.81459045410156
MAPE (test data): 188.5990858078003
MSE (test data): 32225.4609375
R2 (test data): -1.5985691911716455
loss (test data): 32225.4595937647
Epoch 1/10, Loss: 331.2241
Epoch 2/10, Loss: 0.4085
Epoch 3/10, Loss: 0.1895
Epoch 4/10, Loss: 0.1159
Epoch 5/10, Loss: 0.0730
Epoch 6/10, Loss: 0.0588
Epoch 7/10, Loss: 0.0596
Epoch 8/10, Loss: 0.0602
Epoch 9/10, Loss: 0.0860
Epoch 10/10, Loss: 0.7009
Performance Metrics:
RMSE (test data): 180.88360595703125
MAE (test data): 157.17567443847656
MAPE (test data): 189.214289188385
MSE (test data): 32718.880859375
R2 (test data): -1.6383571800445567
loss (test data): 32718.879513572414
Epoch 1/10, Loss: 252.3658
Epoch 2/10, Loss: 0.5851
Epoch 3/10, Loss: 0.2410
Epoch 4/10, Loss: 0.1298
Epoch 5/10, Loss: 0.0929
Epoch 6/10, Loss: 0.0692
Epoch 7/10, Loss: 0.0984
Epoch 8/10, Loss: 0.2221
Epoch 9/10, Loss: 0.2906
Epoch 10/10, Loss: 0.4534
Performance Metrics:
RMSE (test data): 181.8650360107422
MAE (test data): 158.0550537109375
MAPE (test data): 190.3447389602661
MSE (test data): 33074.890625
R2 (test data): -1.6670648496574962
loss (test data): 33074.88940254543
Epoch 1/10, Loss: 266.4499
Epoch 2/10, Loss: 0.5504
Epoch 3/10, Loss: 0.2553
Epoch 4/10, Loss: 0.1335
Epoch 5/10, Loss: 0.0782
Epoch 6/10, Loss: 0.0518
Epoch 7/10, Loss: 0.0423
Epoch 8/10, Loss: 0.0500
Epoch 9/10, Loss: 0.1312
Epoch 10/10, Loss: 0.1938
Performance Metrics:
RMSE (test data): 184.66995239257812
MAE (test data): 160.1562957763672
MAPE (test data): 191.96479320526123
MSE (test data): 34102.9921875
R2 (test data): -1.7499678486408472
loss (test data): 34102.98843147272
Epoch 1/10, Loss: 355.3673
Epoch 2/10, Loss: 1.1087
Epoch 3/10, Loss: 0.4402
Epoch 4/10, Loss: 0.2300
Epoch 5/10, Loss: 0.1176
Epoch 6/10, Loss: 0.0723
Epoch 7/10, Loss: 0.0632
Epoch 8/10, Loss: 0.0392
Epoch 9/10, Loss: 0.1150
Epoch 10/10, Loss: 0.0953
Performance Metrics:
RMSE (test data): 182.4364013671875
MAE (test data): 157.7482147216797
MAPE (test data): 189.88683223724365
MSE (test data): 33283.04296875
R2 (test data): -1.683849923933832
loss (test data): 33283.04473558965
Epoch 1/10, Loss: 353.0674
Epoch 2/10, Loss: 1.2676
Epoch 3/10, Loss: 0.4383
Epoch 4/10, Loss: 0.2370
Epoch 5/10, Loss: 0.1488
Epoch 6/10, Loss: 0.1101
Epoch 7/10, Loss: 0.0849
Epoch 8/10, Loss: 0.0558
Epoch 9/10, Loss: 0.0480
Epoch 10/10, Loss: 0.0741
Performance Metrics:
RMSE (test data): 181.07435607910156
MAE (test data): 156.29641723632812
MAPE (test data): 188.92651796340942
MSE (test data): 32787.921875
R2 (test data): -1.6439247066732632
loss (test data): 32787.92307678172
Epoch 1/10, Loss: 357.2282
Epoch 2/10, Loss: 1.1253
Epoch 3/10, Loss: 0.4116
Epoch 4/10, Loss: 0.2186
Epoch 5/10, Loss: 0.1351
Epoch 6/10, Loss: 0.0903
Epoch 7/10, Loss: 0.0649
Epoch 8/10, Loss: 0.0692
Epoch 9/10, Loss: 0.0633
Epoch 10/10, Loss: 0.0765
Performance Metrics:
RMSE (test data): 181.09445190429688
MAE (test data): 155.97177124023438
MAPE (test data): 189.49673175811768
MSE (test data): 32795.19921875
R2 (test data): -1.6445114919522044
loss (test data): 32795.19987614665
Epoch 1/10, Loss: 286.1423
Epoch 2/10, Loss: 0.6741
Epoch 3/10, Loss: 0.2453
Epoch 4/10, Loss: 0.1297
Epoch 5/10, Loss: 0.0721
Epoch 6/10, Loss: 0.0455
Epoch 7/10, Loss: 0.0352
Epoch 8/10, Loss: 0.0306
Epoch 9/10, Loss: 0.0359
Epoch 10/10, Loss: 0.0615
Performance Metrics:
RMSE (test data): 181.51808166503906
MAE (test data): 156.84359741210938
MAPE (test data): 189.31297063827515
MSE (test data): 32948.81640625
R2 (test data): -1.6568985947667008
loss (test data): 32948.81598819902
Epoch 1/10, Loss: 308.7147
Epoch 2/10, Loss: 0.3558
Epoch 3/10, Loss: 0.1660
Epoch 4/10, Loss: 0.1136
Epoch 5/10, Loss: 0.0710
Epoch 6/10, Loss: 0.0504
Epoch 7/10, Loss: 0.0454
Epoch 8/10, Loss: 0.0428
Epoch 9/10, Loss: 0.0811
Epoch 10/10, Loss: 0.1216
Performance Metrics:
RMSE (test data): 182.7763671875
MAE (test data): 159.892333984375
MAPE (test data): 190.67015647888184
MSE (test data): 33407.19921875
R2 (test data): -1.6938610963649365
loss (test data): 33407.1964628293
Epoch 1/10, Loss: 367.2061
Epoch 2/10, Loss: 1.0598
Epoch 3/10, Loss: 0.4924
Epoch 4/10, Loss: 0.2839
Epoch 5/10, Loss: 0.1549
Epoch 6/10, Loss: 0.0848
Epoch 7/10, Loss: 0.0468
Epoch 8/10, Loss: 0.0437
Epoch 9/10, Loss: 0.0462
Epoch 10/10, Loss: 0.0846
Performance Metrics:
RMSE (test data): 181.66070556640625
MAE (test data): 157.93887329101562
MAPE (test data): 190.1000738143921
MSE (test data): 33000.609375
R2 (test data): -1.6610752083991973
loss (test data): 33000.611086712044
Epoch 1/10, Loss: 282.7567
Epoch 2/10, Loss: 0.6792
Epoch 3/10, Loss: 0.2737
Epoch 4/10, Loss: 0.1561
Epoch 5/10, Loss: 0.0921
Epoch 6/10, Loss: 0.0655
Epoch 7/10, Loss: 0.0562
Epoch 8/10, Loss: 0.0559
Epoch 9/10, Loss: 0.0617
Epoch 10/10, Loss: 0.0918
Performance Metrics:
RMSE (test data): 182.6832275390625
MAE (test data): 158.73472595214844
MAPE (test data): 190.98094701766968
MSE (test data): 33373.1640625
R2 (test data): -1.6911168332914621
loss (test data): 33373.163550502395
Epoch 1/10, Loss: 317.3173
Epoch 2/10, Loss: 1.4586
Epoch 3/10, Loss: 0.5276
Epoch 4/10, Loss: 0.2797
Epoch 5/10, Loss: 0.1491
Epoch 6/10, Loss: 0.0976
Epoch 7/10, Loss: 0.0674
Epoch 8/10, Loss: 0.0560
Epoch 9/10, Loss: 0.0724
Epoch 10/10, Loss: 0.0650
Performance Metrics:
RMSE (test data): 181.01528930664062
MAE (test data): 155.3873748779297
MAPE (test data): 189.28754329681396
MSE (test data): 32766.533203125
R2 (test data): -1.6421997231300947
loss (test data): 32766.532059456957
Epoch 1/10, Loss: 311.8823
Epoch 2/10, Loss: 1.2992
Epoch 3/10, Loss: 0.4666
Epoch 4/10, Loss: 0.2963
Epoch 5/10, Loss: 0.1919
Epoch 6/10, Loss: 0.1029
Epoch 7/10, Loss: 0.0698
Epoch 8/10, Loss: 0.0492
Epoch 9/10, Loss: 0.0392
Epoch 10/10, Loss: 0.0447
Performance Metrics:
RMSE (test data): 182.91412353515625
MAE (test data): 157.4365692138672
MAPE (test data): 190.52618741989136
MSE (test data): 33457.57421875
R2 (test data): -1.6979232960122692
loss (test data): 33457.572141817596
Epoch 1/10, Loss: 281.5816
Epoch 2/10, Loss: 1.0530
Epoch 3/10, Loss: 0.4666
Epoch 4/10, Loss: 0.2803
Epoch 5/10, Loss: 0.1560
Epoch 6/10, Loss: 0.0949
Epoch 7/10, Loss: 0.0724
Epoch 8/10, Loss: 0.0620
Epoch 9/10, Loss: 0.0496
Epoch 10/10, Loss: 0.0813
Performance Metrics:
RMSE (test data): 182.47299194335938
MAE (test data): 156.88119506835938
MAPE (test data): 190.13090133666992
MSE (test data): 33296.39453125
R2 (test data): -1.6849261573197798
loss (test data): 33296.39236657283
Epoch 1/10, Loss: 282.8619
Epoch 2/10, Loss: 1.5617
Epoch 3/10, Loss: 0.5551
Epoch 4/10, Loss: 0.2411
Epoch 5/10, Loss: 0.1170
Epoch 6/10, Loss: 0.0736
Epoch 7/10, Loss: 0.0602
Epoch 8/10, Loss: 0.0451
Epoch 9/10, Loss: 0.0476
Epoch 10/10, Loss: 0.2100
Performance Metrics:
RMSE (test data): 183.50433349609375
MAE (test data): 157.99960327148438
MAPE (test data): 190.94821214675903
MSE (test data): 33673.83984375
R2 (test data): -1.715362430764991
loss (test data): 33673.83872764576
Epoch 1/10, Loss: 316.0630
Epoch 2/10, Loss: 1.3809
Epoch 3/10, Loss: 0.5018
Epoch 4/10, Loss: 0.2948
Epoch 5/10, Loss: 0.1841
Epoch 6/10, Loss: 0.1207
Epoch 7/10, Loss: 0.0811
Epoch 8/10, Loss: 0.0621
Epoch 9/10, Loss: 0.0565
Epoch 10/10, Loss: 0.0529
Performance Metrics:
RMSE (test data): 178.24388122558594
MAE (test data): 153.374755859375
MAPE (test data): 187.77207136154175
MSE (test data): 31770.87890625
R2 (test data): -1.5619130208520606
loss (test data): 31770.877060623825
Epoch 1/10, Loss: 254.0075
Epoch 2/10, Loss: 1.0461
Epoch 3/10, Loss: 0.4668
Epoch 4/10, Loss: 0.2772
Epoch 5/10, Loss: 0.1748
Epoch 6/10, Loss: 0.0863
Epoch 7/10, Loss: 0.0657
Epoch 8/10, Loss: 0.0534
Epoch 9/10, Loss: 0.0502
Epoch 10/10, Loss: 0.0864
Performance Metrics:
RMSE (test data): 182.20370483398438
MAE (test data): 156.53448486328125
MAPE (test data): 189.97055292129517
MSE (test data): 33198.19140625
R2 (test data): -1.6770075990061462
loss (test data): 33198.19152661193
Epoch 1/10, Loss: 250.2029
Epoch 2/10, Loss: 1.4517
Epoch 3/10, Loss: 0.5200
Epoch 4/10, Loss: 0.3107
Epoch 5/10, Loss: 0.1956
Epoch 6/10, Loss: 0.1248
Epoch 7/10, Loss: 0.0845
Epoch 8/10, Loss: 0.0619
Epoch 9/10, Loss: 0.0691
Epoch 10/10, Loss: 0.1263
Performance Metrics:
RMSE (test data): 182.74217224121094
MAE (test data): 157.10096740722656
MAPE (test data): 190.43660163879395
MSE (test data): 33394.703125
R2 (test data): -1.692853813234657
loss (test data): 33394.704969937084
Epoch 1/10, Loss: 335.9298
Epoch 2/10, Loss: 2.3050
Epoch 3/10, Loss: 0.6556
Epoch 4/10, Loss: 0.3679
Epoch 5/10, Loss: 0.2283
Epoch 6/10, Loss: 0.1417
Epoch 7/10, Loss: 0.0981
Epoch 8/10, Loss: 0.0896
Epoch 9/10, Loss: 0.0745
Epoch 10/10, Loss: 0.0696
Performance Metrics:
RMSE (test data): 184.591064453125
MAE (test data): 158.77630615234375
MAPE (test data): 191.54589176177979
MSE (test data): 34073.859375
R2 (test data): -1.7476188709239362
loss (test data): 34073.858342505955
Epoch 1/10, Loss: 327.8089
Epoch 2/10, Loss: 2.4775
Epoch 3/10, Loss: 0.7154
Epoch 4/10, Loss: 0.4131
Epoch 5/10, Loss: 0.2707
Epoch 6/10, Loss: 0.1912
Epoch 7/10, Loss: 0.1077
Epoch 8/10, Loss: 0.0790
Epoch 9/10, Loss: 0.0625
Epoch 10/10, Loss: 0.0627
Performance Metrics:
RMSE (test data): 183.27493286132812
MAE (test data): 157.41452026367188
MAPE (test data): 190.59906005859375
MSE (test data): 33589.703125
R2 (test data): -1.7085781855619513
loss (test data): 33589.70594202046
Epoch 1/10, Loss: 207.3426
Epoch 2/10, Loss: 0.9939
Epoch 3/10, Loss: 0.4435
Epoch 4/10, Loss: 0.2977
Epoch 5/10, Loss: 0.1767
Epoch 6/10, Loss: 0.1048
Epoch 7/10, Loss: 0.0786
Epoch 8/10, Loss: 0.0640
Epoch 9/10, Loss: 0.0594
Epoch 10/10, Loss: 0.0606
Performance Metrics:
RMSE (test data): 183.5701446533203
MAE (test data): 157.6963348388672
MAPE (test data): 190.77980518341064
MSE (test data): 33698.0
R2 (test data): -1.7173107598309172
loss (test data): 33698.0003606264
Epoch 1/10, Loss: 212.4864
Epoch 2/10, Loss: 1.3821
Epoch 3/10, Loss: 0.4366
Epoch 4/10, Loss: 0.2722
Epoch 5/10, Loss: 0.1678
Epoch 6/10, Loss: 0.1107
Epoch 7/10, Loss: 0.0792
Epoch 8/10, Loss: 0.0717
Epoch 9/10, Loss: 0.0543
Epoch 10/10, Loss: 0.0548
Performance Metrics:
RMSE (test data): 183.88055419921875
MAE (test data): 157.921142578125
MAPE (test data): 191.02038145065308
MSE (test data): 33812.05859375
R2 (test data): -1.726507916959481
loss (test data): 33812.056433666796
Epoch 1/10, Loss: 274.7062
Epoch 2/10, Loss: 1.2825
Epoch 3/10, Loss: 0.4596
Epoch 4/10, Loss: 0.3203
Epoch 5/10, Loss: 0.2128
Epoch 6/10, Loss: 0.1300
Epoch 7/10, Loss: 0.0940
Epoch 8/10, Loss: 0.0680
Epoch 9/10, Loss: 0.0655
Epoch 10/10, Loss: 0.0453
Performance Metrics:
RMSE (test data): 183.27383422851562
MAE (test data): 157.49899291992188
MAPE (test data): 190.66591262817383
MSE (test data): 33589.30078125
R2 (test data): -1.7085455331148731
loss (test data): 33589.30088070938
Epoch 1/10, Loss: 302.1610
Epoch 2/10, Loss: 1.0478
Epoch 3/10, Loss: 0.4199
Epoch 4/10, Loss: 0.2806
Epoch 5/10, Loss: 0.1520
Epoch 6/10, Loss: 0.0961
Epoch 7/10, Loss: 0.0782
Epoch 8/10, Loss: 0.0738
Epoch 9/10, Loss: 0.0762
Epoch 10/10, Loss: 0.8466
Performance Metrics:
RMSE (test data): 183.03993225097656
MAE (test data): 158.03964233398438
MAPE (test data): 190.8363938331604
MSE (test data): 33503.6171875
R2 (test data): -1.7016360171946974
loss (test data): 33503.61443571387
Epoch 1/10, Loss: 295.2547
Epoch 2/10, Loss: 1.7835
Epoch 3/10, Loss: 0.5747
Epoch 4/10, Loss: 0.3831
Epoch 5/10, Loss: 0.2698
Epoch 6/10, Loss: 0.1513
Epoch 7/10, Loss: 0.1010
Epoch 8/10, Loss: 0.0808
Epoch 9/10, Loss: 0.0647
Epoch 10/10, Loss: 0.0773
Performance Metrics:
RMSE (test data): 180.79489135742188
MAE (test data): 155.54400634765625
MAPE (test data): 189.19847011566162
MSE (test data): 32686.79296875
R2 (test data): -1.6357699535057235
loss (test data): 32686.794042819445
Epoch 1/10, Loss: 319.1275
Epoch 2/10, Loss: 1.7360
Epoch 3/10, Loss: 0.7240
Epoch 4/10, Loss: 0.4566
Epoch 5/10, Loss: 0.2863
Epoch 6/10, Loss: 0.1966
Epoch 7/10, Loss: 0.1374
Epoch 8/10, Loss: 0.1279
Epoch 9/10, Loss: 0.1175
Epoch 10/10, Loss: 0.1215
Performance Metrics:
RMSE (test data): 183.42921447753906
MAE (test data): 157.40013122558594
MAPE (test data): 190.70700407028198
MSE (test data): 33646.27734375
R2 (test data): -1.7131402803278903
loss (test data): 33646.28126653828
Epoch 1/10, Loss: 249.6446
Epoch 2/10, Loss: 1.8029
Epoch 3/10, Loss: 0.4556
Epoch 4/10, Loss: 0.3181
Epoch 5/10, Loss: 0.2381
Epoch 6/10, Loss: 0.1938
Epoch 7/10, Loss: 0.1159
Epoch 8/10, Loss: 0.0755
Epoch 9/10, Loss: 0.0702
Epoch 10/10, Loss: 0.0587
Performance Metrics:
RMSE (test data): 184.1822967529297
MAE (test data): 158.193115234375
MAPE (test data): 191.1340594291687
MSE (test data): 33923.12109375
R2 (test data): -1.7354637334241954
loss (test data): 33923.119750933496
Epoch 1/10, Loss: 269.0889
Epoch 2/10, Loss: 1.4797
Epoch 3/10, Loss: 0.4574
Epoch 4/10, Loss: 0.3173
Epoch 5/10, Loss: 0.2414
Epoch 6/10, Loss: 0.1823
Epoch 7/10, Loss: 0.1513
Epoch 8/10, Loss: 0.1022
Epoch 9/10, Loss: 0.0765
Epoch 10/10, Loss: 0.0859
Performance Metrics:
RMSE (test data): 185.25845336914062
MAE (test data): 159.65208435058594
MAPE (test data): 191.93058013916016
MSE (test data): 34320.6953125
R2 (test data): -1.7675225629454334
loss (test data): 34320.689423953314
Epoch 1/10, Loss: 244.2983
Epoch 2/10, Loss: 1.5694
Epoch 3/10, Loss: 0.5442
Epoch 4/10, Loss: 0.3274
Epoch 5/10, Loss: 0.2548
Epoch 6/10, Loss: 0.1646
Epoch 7/10, Loss: 0.0844
Epoch 8/10, Loss: 0.0703
Epoch 9/10, Loss: 0.0527
Epoch 10/10, Loss: 0.0717
Performance Metrics:
RMSE (test data): 183.83946228027344
MAE (test data): 157.95130920410156
MAPE (test data): 190.96399545669556
MSE (test data): 33796.9453125
R2 (test data): -1.725289388776997
loss (test data): 33796.9460741797
Epoch 1/10, Loss: 287.0112
Epoch 2/10, Loss: 1.7855
Epoch 3/10, Loss: 0.5914
Epoch 4/10, Loss: 0.4039
Epoch 5/10, Loss: 0.2704
Epoch 6/10, Loss: 0.1955
Epoch 7/10, Loss: 0.1617
Epoch 8/10, Loss: 0.1772
Epoch 9/10, Loss: 0.1524
Epoch 10/10, Loss: 0.2044
Performance Metrics:
RMSE (test data): 184.83053588867188
MAE (test data): 159.1263885498047
MAPE (test data): 191.83765649795532
MSE (test data): 34162.32421875
R2 (test data): -1.7547525624341485
loss (test data): 34162.32565390524
Epoch 1/10, Loss: 251.2700
Epoch 2/10, Loss: 2.2355
Epoch 3/10, Loss: 0.5114
Epoch 4/10, Loss: 0.3100
Epoch 5/10, Loss: 0.2298
Epoch 6/10, Loss: 0.1329
Epoch 7/10, Loss: 0.0912
Epoch 8/10, Loss: 0.0668
Epoch 9/10, Loss: 0.0610
Epoch 10/10, Loss: 0.0495
Performance Metrics:
RMSE (test data): 184.94400024414062
MAE (test data): 159.4951629638672
MAPE (test data): 191.89603328704834
MSE (test data): 34204.28515625
R2 (test data): -1.7581363103646162
loss (test data): 34204.28745415221
Epoch 1/10, Loss: 276.4368
Epoch 2/10, Loss: 1.8906
Epoch 3/10, Loss: 0.6544
Epoch 4/10, Loss: 0.3947
Epoch 5/10, Loss: 0.2654
Epoch 6/10, Loss: 0.1771
Epoch 7/10, Loss: 0.1318
Epoch 8/10, Loss: 0.1071
Epoch 9/10, Loss: 0.0943
Epoch 10/10, Loss: 0.1050
Performance Metrics:
RMSE (test data): 183.22622680664062
MAE (test data): 157.52369689941406
MAPE (test data): 190.77224731445312
MSE (test data): 33571.84765625
R2 (test data): -1.7071380632809459
loss (test data): 33571.84714103662
Epoch 1/10, Loss: 316.2721
Epoch 2/10, Loss: 1.8184
Epoch 3/10, Loss: 0.6186
Epoch 4/10, Loss: 0.3361
Epoch 5/10, Loss: 0.2534
Epoch 6/10, Loss: 0.1886
Epoch 7/10, Loss: 0.1194
Epoch 8/10, Loss: 0.0770
Epoch 9/10, Loss: 0.0642
Epoch 10/10, Loss: 0.0577
Performance Metrics:
RMSE (test data): 182.9573211669922
MAE (test data): 157.217041015625
MAPE (test data): 190.40683507919312
MSE (test data): 33473.37890625
R2 (test data): -1.6991977626017167
loss (test data): 33473.37770309009
Epoch 1/10, Loss: 278.3488
Epoch 2/10, Loss: 1.3388
Epoch 3/10, Loss: 0.5929
Epoch 4/10, Loss: 0.3751
Epoch 5/10, Loss: 0.2292
Epoch 6/10, Loss: 0.1679
Epoch 7/10, Loss: 0.1241
Epoch 8/10, Loss: 0.1055
Epoch 9/10, Loss: 0.0867
Epoch 10/10, Loss: 0.0676
Performance Metrics:
RMSE (test data): 183.25965881347656
MAE (test data): 157.47756958007812
MAPE (test data): 190.52428007125854
MSE (test data): 33584.1015625
R2 (test data): -1.7081261212694177
loss (test data): 33584.10049394331
Epoch 1/10, Loss: 372.1022
Epoch 2/10, Loss: 1.6618
Epoch 3/10, Loss: 0.6255
Epoch 4/10, Loss: 0.3711
Epoch 5/10, Loss: 0.2349
Epoch 6/10, Loss: 0.1434
Epoch 7/10, Loss: 0.1113
Epoch 8/10, Loss: 0.0874
Epoch 9/10, Loss: 0.1011
Epoch 10/10, Loss: 0.0875
Performance Metrics:
RMSE (test data): 183.0136260986328
MAE (test data): 157.07847595214844
MAPE (test data): 190.39489030838013
MSE (test data): 33493.98828125
R2 (test data): -1.7008600232179045
loss (test data): 33493.99096228905
Epoch 1/10, Loss: 310.7078
Epoch 2/10, Loss: 1.3569
Epoch 3/10, Loss: 0.5797
Epoch 4/10, Loss: 0.3819
Epoch 5/10, Loss: 0.2613
Epoch 6/10, Loss: 0.1542
Epoch 7/10, Loss: 0.1126
Epoch 8/10, Loss: 0.0877
Epoch 9/10, Loss: 0.0909
Epoch 10/10, Loss: 0.0861
Performance Metrics:
RMSE (test data): 182.8077850341797
MAE (test data): 156.9937744140625
MAPE (test data): 190.2074694633484
MSE (test data): 33418.6875
R2 (test data): -1.694787908246382
loss (test data): 33418.689350449844
Epoch 1/10, Loss: 307.6945
Epoch 2/10, Loss: 1.4304
Epoch 3/10, Loss: 0.6004
Epoch 4/10, Loss: 0.3648
Epoch 5/10, Loss: 0.2646
Epoch 6/10, Loss: 0.1422
Epoch 7/10, Loss: 0.0999
Epoch 8/10, Loss: 0.0822
Epoch 9/10, Loss: 0.0807
Epoch 10/10, Loss: 0.0944
Performance Metrics:
RMSE (test data): 181.75021362304688
MAE (test data): 156.28492736816406
MAPE (test data): 189.6804928779602
MSE (test data): 33033.140625
R2 (test data): -1.663698328961035
loss (test data): 33033.140351199574
Epoch 1/10, Loss: 340.6979
Epoch 2/10, Loss: 2.4180
Epoch 3/10, Loss: 0.8136
Epoch 4/10, Loss: 0.4415
Epoch 5/10, Loss: 0.3169
Epoch 6/10, Loss: 0.2225
Epoch 7/10, Loss: 0.1235
Epoch 8/10, Loss: 0.0978
Epoch 9/10, Loss: 0.0908
Epoch 10/10, Loss: 0.1007
Performance Metrics:
RMSE (test data): 183.23959350585938
MAE (test data): 157.31546020507812
MAPE (test data): 190.47574996948242
MSE (test data): 33576.75
R2 (test data): -1.707533535843401
loss (test data): 33576.75081841519
Epoch 1/10, Loss: 270.4993
Epoch 2/10, Loss: 1.9444
Epoch 3/10, Loss: 0.5483
Epoch 4/10, Loss: 0.3614
Epoch 5/10, Loss: 0.2512
Epoch 6/10, Loss: 0.1568
Epoch 7/10, Loss: 0.1112
Epoch 8/10, Loss: 0.0918
Epoch 9/10, Loss: 0.0826
Epoch 10/10, Loss: 0.0942
Performance Metrics:
RMSE (test data): 182.8235321044922
MAE (test data): 157.0361785888672
MAPE (test data): 190.24584293365479
MSE (test data): 33424.44140625
R2 (test data): -1.695251606107314
loss (test data): 33424.43987324327
Epoch 1/10, Loss: 260.5471
Epoch 2/10, Loss: 1.4473
Epoch 3/10, Loss: 0.5517
Epoch 4/10, Loss: 0.3455
Epoch 5/10, Loss: 0.2556
Epoch 6/10, Loss: 0.1431
Epoch 7/10, Loss: 0.1000
Epoch 8/10, Loss: 0.0880
Epoch 9/10, Loss: 0.0917
Epoch 10/10, Loss: 0.0890
Performance Metrics:
RMSE (test data): 181.88340759277344
MAE (test data): 156.4407958984375
MAPE (test data): 189.69695568084717
MSE (test data): 33081.57421875
R2 (test data): -1.6676040658189084
loss (test data): 33081.57686671249
Epoch 1/10, Loss: 274.1961
Epoch 2/10, Loss: 1.2616
Epoch 3/10, Loss: 0.5425
Epoch 4/10, Loss: 0.3684
Epoch 5/10, Loss: 0.2601
Epoch 6/10, Loss: 0.1553
Epoch 7/10, Loss: 0.1010
Epoch 8/10, Loss: 0.0782
Epoch 9/10, Loss: 0.0673
Epoch 10/10, Loss: 0.0790
Performance Metrics:
RMSE (test data): 181.50205993652344
MAE (test data): 156.0174102783203
MAPE (test data): 189.41704034805298
MSE (test data): 32943.0
R2 (test data): -1.6564299003788303
loss (test data): 32943.002758217684
Epoch 1/10, Loss: 251.8904
Epoch 2/10, Loss: 1.6813
Epoch 3/10, Loss: 0.6877
Epoch 4/10, Loss: 0.4175
Epoch 5/10, Loss: 0.3051
Epoch 6/10, Loss: 0.2089
Epoch 7/10, Loss: 0.1311
Epoch 8/10, Loss: 0.0963
Epoch 9/10, Loss: 0.0847
Epoch 10/10, Loss: 0.0984
Performance Metrics:
RMSE (test data): 180.39718627929688
MAE (test data): 155.30328369140625
MAPE (test data): 188.87887001037598
MSE (test data): 32543.142578125
R2 (test data): -1.6241864454866963
loss (test data): 32543.145119277753
Epoch 1/10, Loss: 299.7730
Epoch 2/10, Loss: 1.9105
Epoch 3/10, Loss: 0.7300
Epoch 4/10, Loss: 0.4469
Epoch 5/10, Loss: 0.3247
Epoch 6/10, Loss: 0.2348
Epoch 7/10, Loss: 0.1461
Epoch 8/10, Loss: 0.1010
Epoch 9/10, Loss: 0.0896
Epoch 10/10, Loss: 0.0806
Performance Metrics:
RMSE (test data): 179.85243225097656
MAE (test data): 154.432373046875
MAPE (test data): 188.54812383651733
MSE (test data): 32346.896484375
R2 (test data): -1.6083617584814207
loss (test data): 32346.898639175142
Epoch 1/10, Loss: 293.8713
Epoch 2/10, Loss: 1.7301
Epoch 3/10, Loss: 0.6803
Epoch 4/10, Loss: 0.4347
Epoch 5/10, Loss: 0.2899
Epoch 6/10, Loss: 0.1814
Epoch 7/10, Loss: 0.1330
Epoch 8/10, Loss: 0.0962
Epoch 9/10, Loss: 0.0942
Epoch 10/10, Loss: 0.0806
Performance Metrics:
RMSE (test data): 178.45101928710938
MAE (test data): 153.60899353027344
MAPE (test data): 187.84552812576294
MSE (test data): 31844.767578125
R2 (test data): -1.567871445413056
loss (test data): 31844.76973476273
Epoch 1/10, Loss: 255.8540
Epoch 2/10, Loss: 1.6049
Epoch 3/10, Loss: 0.6354
Epoch 4/10, Loss: 0.4098
Epoch 5/10, Loss: 0.3045
Epoch 6/10, Loss: 0.2262
Epoch 7/10, Loss: 0.1258
Epoch 8/10, Loss: 0.0837
Epoch 9/10, Loss: 0.0807
Epoch 10/10, Loss: 0.0723
Performance Metrics:
RMSE (test data): 182.51939392089844
MAE (test data): 156.50643920898438
MAPE (test data): 190.16916751861572
MSE (test data): 33313.328125
R2 (test data): -1.6862917200567158
loss (test data): 33313.32696502337
Epoch 1/10, Loss: 323.0113
Epoch 2/10, Loss: 1.8695
Epoch 3/10, Loss: 0.7605
Epoch 4/10, Loss: 0.4537
Epoch 5/10, Loss: 0.3356
Epoch 6/10, Loss: 0.2519
Epoch 7/10, Loss: 0.1944
Epoch 8/10, Loss: 0.1216
Epoch 9/10, Loss: 0.0848
Epoch 10/10, Loss: 0.0828
Performance Metrics:
RMSE (test data): 184.7893829345703
MAE (test data): 158.6345977783203
MAPE (test data): 191.46541357040405
MSE (test data): 34147.1171875
R2 (test data): -1.7535260930969474
loss (test data): 34147.11501822886
Epoch 1/10, Loss: 333.4697
Epoch 2/10, Loss: 2.2476
Epoch 3/10, Loss: 0.8540
Epoch 4/10, Loss: 0.5173
Epoch 5/10, Loss: 0.3587
Epoch 6/10, Loss: 0.2702
Epoch 7/10, Loss: 0.2092
Epoch 8/10, Loss: 0.1565
Epoch 9/10, Loss: 0.1047
Epoch 10/10, Loss: 0.0823
Performance Metrics:
RMSE (test data): 183.5386505126953
MAE (test data): 157.42823791503906
MAPE (test data): 190.6915307044983
MSE (test data): 33686.43359375
R2 (test data): -1.7163781848964756
loss (test data): 33686.43533486343
Epoch 1/10, Loss: 281.1205
Epoch 2/10, Loss: 2.0416
Epoch 3/10, Loss: 0.8446
Epoch 4/10, Loss: 0.4924
Epoch 5/10, Loss: 0.3315
Epoch 6/10, Loss: 0.2518
Epoch 7/10, Loss: 0.1983
Epoch 8/10, Loss: 0.1376
Epoch 9/10, Loss: 0.0999
Epoch 10/10, Loss: 0.0889
Performance Metrics:
RMSE (test data): 184.15524291992188
MAE (test data): 157.98524475097656
MAPE (test data): 191.04937314987183
MSE (test data): 33913.15625
R2 (test data): -1.7346605260230743
loss (test data): 33913.15890760982
Epoch 1/10, Loss: 278.9251
Epoch 2/10, Loss: 1.9330
Epoch 3/10, Loss: 0.7317
Epoch 4/10, Loss: 0.4216
Epoch 5/10, Loss: 0.3069
Epoch 6/10, Loss: 0.2456
Epoch 7/10, Loss: 0.1907
Epoch 8/10, Loss: 0.1334
Epoch 9/10, Loss: 0.0892
Epoch 10/10, Loss: 0.0761
Performance Metrics:
RMSE (test data): 184.3684539794922
MAE (test data): 158.1837921142578
MAPE (test data): 191.1664605140686
MSE (test data): 33991.7265625
R2 (test data): -1.7409960526668473
loss (test data): 33991.7281970334
Epoch 1/10, Loss: 279.6832
Epoch 2/10, Loss: 1.8115
Epoch 3/10, Loss: 0.5271
Epoch 4/10, Loss: 0.3818
Epoch 5/10, Loss: 0.2577
Epoch 6/10, Loss: 0.1605
Epoch 7/10, Loss: 0.1230
Epoch 8/10, Loss: 0.1251
Epoch 9/10, Loss: 0.2635
Epoch 10/10, Loss: 0.1628
Performance Metrics:
RMSE (test data): 185.13780212402344
MAE (test data): 159.4208526611328
MAPE (test data): 191.92787408828735
MSE (test data): 34276.00390625
R2 (test data): -1.7639190902553072
loss (test data): 34276.0012185497
Epoch 1/10, Loss: 274.7316
Epoch 2/10, Loss: 2.0000
Epoch 3/10, Loss: 0.7524
Epoch 4/10, Loss: 0.4541
Epoch 5/10, Loss: 0.3431
Epoch 6/10, Loss: 0.2746
Epoch 7/10, Loss: 0.1797
Epoch 8/10, Loss: 0.0982
Epoch 9/10, Loss: 0.0815
Epoch 10/10, Loss: 0.0737
Performance Metrics:
RMSE (test data): 182.95123291015625
MAE (test data): 156.83596801757812
MAPE (test data): 190.2992606163025
MSE (test data): 33471.15234375
R2 (test data): -1.699018570329215
loss (test data): 33471.154656352905
Epoch 1/10, Loss: 267.1242
Epoch 2/10, Loss: 2.0036
Epoch 3/10, Loss: 0.7155
Epoch 4/10, Loss: 0.4385
Epoch 5/10, Loss: 0.3182
Epoch 6/10, Loss: 0.2497
Epoch 7/10, Loss: 0.1967
Epoch 8/10, Loss: 0.1266
Epoch 9/10, Loss: 0.0953
Epoch 10/10, Loss: 0.0826
Performance Metrics:
RMSE (test data): 182.6428985595703
MAE (test data): 156.3943328857422
MAPE (test data): 190.21785259246826
MSE (test data): 33358.4296875
R2 (test data): -1.6899285575709069
loss (test data): 33358.42820250022
Epoch 1/10, Loss: 351.3859
Epoch 2/10, Loss: 1.7192
Epoch 3/10, Loss: 0.5385
Epoch 4/10, Loss: 0.3598
Epoch 5/10, Loss: 0.2370
Epoch 6/10, Loss: 0.1679
Epoch 7/10, Loss: 0.1247
Epoch 8/10, Loss: 0.2056
Epoch 9/10, Loss: 0.4866
Epoch 10/10, Loss: 0.3012
Performance Metrics:
RMSE (test data): 185.08932495117188
MAE (test data): 159.2513427734375
MAPE (test data): 191.82475805282593
MSE (test data): 34258.05859375
R2 (test data): -1.7624724438943482
loss (test data): 34258.060720297246
Epoch 1/10, Loss: 361.8704
Epoch 2/10, Loss: 2.2397
Epoch 3/10, Loss: 0.8591
Epoch 4/10, Loss: 0.5356
Epoch 5/10, Loss: 0.3943
Epoch 6/10, Loss: 0.2930
Epoch 7/10, Loss: 0.2425
Epoch 8/10, Loss: 0.1456
Epoch 9/10, Loss: 0.0927
Epoch 10/10, Loss: 0.0937
Performance Metrics:
RMSE (test data): 184.50372314453125
MAE (test data): 158.575439453125
MAPE (test data): 191.30946397781372
MSE (test data): 34041.62109375
R2 (test data): -1.7450192884321987
loss (test data): 34041.62044140671
Epoch 1/10, Loss: 260.5083
Epoch 2/10, Loss: 1.7934
Epoch 3/10, Loss: 0.7485
Epoch 4/10, Loss: 0.4967
Epoch 5/10, Loss: 0.3443
Epoch 6/10, Loss: 0.1948
Epoch 7/10, Loss: 0.1356
Epoch 8/10, Loss: 0.0926
Epoch 9/10, Loss: 0.0763
Epoch 10/10, Loss: 0.0740
Performance Metrics:
RMSE (test data): 184.13597106933594
MAE (test data): 158.01185607910156
MAPE (test data): 191.0158634185791
MSE (test data): 33906.0546875
R2 (test data): -1.734087466256549
loss (test data): 33906.053092474715
Epoch 1/10, Loss: 303.7193
Epoch 2/10, Loss: 1.7486
Epoch 3/10, Loss: 0.5065
Epoch 4/10, Loss: 0.3420
Epoch 5/10, Loss: 0.2395
Epoch 6/10, Loss: 0.1653
Epoch 7/10, Loss: 0.1764
Epoch 8/10, Loss: 0.1832
Epoch 9/10, Loss: 0.1732
Epoch 10/10, Loss: 0.4133
Performance Metrics:
RMSE (test data): 185.4506378173828
MAE (test data): 159.57171630859375
MAPE (test data): 191.99360609054565
MSE (test data): 34391.94140625
R2 (test data): -1.7732684078865049
loss (test data): 34391.944169980445
Epoch 1/10, Loss: 323.3428
Epoch 2/10, Loss: 2.5396
Epoch 3/10, Loss: 0.8646
Epoch 4/10, Loss: 0.5104
Epoch 5/10, Loss: 0.3846
Epoch 6/10, Loss: 0.2930
Epoch 7/10, Loss: 0.2014
Epoch 8/10, Loss: 0.1263
Epoch 9/10, Loss: 0.0884
Epoch 10/10, Loss: 0.0841
Performance Metrics:
RMSE (test data): 182.91575622558594
MAE (test data): 157.27455139160156
MAPE (test data): 190.3516173362732
MSE (test data): 33458.171875
R2 (test data): -1.6979714931224321
loss (test data): 33458.16968298872
Epoch 1/10, Loss: 341.9916
Epoch 2/10, Loss: 2.2333
Epoch 3/10, Loss: 0.8384
Epoch 4/10, Loss: 0.5154
Epoch 5/10, Loss: 0.3818
Epoch 6/10, Loss: 0.2993
Epoch 7/10, Loss: 0.2245
Epoch 8/10, Loss: 0.1367
Epoch 9/10, Loss: 0.1181
Epoch 10/10, Loss: 0.0926
Performance Metrics:
RMSE (test data): 183.37579345703125
MAE (test data): 157.393798828125
MAPE (test data): 190.5927062034607
MSE (test data): 33626.6796875
R2 (test data): -1.7115594260737534
loss (test data): 33626.677714850644
Epoch 1/10, Loss: 227.0609
Epoch 2/10, Loss: 1.3551
Epoch 3/10, Loss: 0.4532
Epoch 4/10, Loss: 0.3442
Epoch 5/10, Loss: 0.2717
Epoch 6/10, Loss: 0.2473
Epoch 7/10, Loss: 0.1626
Epoch 8/10, Loss: 0.1801
Epoch 9/10, Loss: 0.8611
Epoch 10/10, Loss: 0.1129
Performance Metrics:
RMSE (test data): 184.10546875
MAE (test data): 158.3330078125
MAPE (test data): 191.13434553146362
MSE (test data): 33894.82421875
R2 (test data): -1.733181972612834
loss (test data): 33894.82295678731
Epoch 1/10, Loss: 233.3525
Epoch 2/10, Loss: 1.8679
Epoch 3/10, Loss: 0.7382
Epoch 4/10, Loss: 0.4782
Epoch 5/10, Loss: 0.3523
Epoch 6/10, Loss: 0.2654
Epoch 7/10, Loss: 0.2087
Epoch 8/10, Loss: 0.1165
Epoch 9/10, Loss: 0.1225
Epoch 10/10, Loss: 0.1007
Performance Metrics:
RMSE (test data): 183.1034698486328
MAE (test data): 157.44888305664062
MAPE (test data): 190.50575494766235
MSE (test data): 33526.8828125
R2 (test data): -1.703512283753453
loss (test data): 33526.88236780401
Epoch 1/10, Loss: 257.5943
Epoch 2/10, Loss: 2.0798
Epoch 3/10, Loss: 0.7199
Epoch 4/10, Loss: 0.4049
Epoch 5/10, Loss: 0.2877
Epoch 6/10, Loss: 0.1893
Epoch 7/10, Loss: 0.1320
Epoch 8/10, Loss: 0.1113
Epoch 9/10, Loss: 0.0859
Epoch 10/10, Loss: 0.0832
Performance Metrics:
RMSE (test data): 168.2691192626953
MAE (test data): 145.69935607910156
MAPE (test data): 182.1161389350891
MSE (test data): 28314.498046875
R2 (test data): -1.283200391716993
loss (test data): 28314.4978527799
Epoch 1/10, Loss: 207.5723
Epoch 2/10, Loss: 1.2346
Epoch 3/10, Loss: 0.5493
Epoch 4/10, Loss: 0.3652
Epoch 5/10, Loss: 0.2718
Epoch 6/10, Loss: 0.2030
Epoch 7/10, Loss: 0.1608
Epoch 8/10, Loss: 0.2052
Epoch 9/10, Loss: 0.2939
Epoch 10/10, Loss: 0.1614
Performance Metrics:
RMSE (test data): 183.39938354492188
MAE (test data): 157.83531188964844
MAPE (test data): 190.70605039596558
MSE (test data): 33635.3359375
R2 (test data): -1.7122576142156447
loss (test data): 33635.33601375985
Epoch 1/10, Loss: 336.3946
Epoch 2/10, Loss: 2.2172
Epoch 3/10, Loss: 0.8256
Epoch 4/10, Loss: 0.4868
Epoch 5/10, Loss: 0.3401
Epoch 6/10, Loss: 0.2400
Epoch 7/10, Loss: 0.1670
Epoch 8/10, Loss: 0.1306
Epoch 9/10, Loss: 0.1012
Epoch 10/10, Loss: 0.0937
Performance Metrics:
RMSE (test data): 182.4331817626953
MAE (test data): 156.7238006591797
MAPE (test data): 189.9858593940735
MSE (test data): 33281.86328125
R2 (test data): -1.6837547550710834
loss (test data): 33281.865504040856
Epoch 1/10, Loss: 304.7801
Epoch 2/10, Loss: 2.2750
Epoch 3/10, Loss: 0.8657
Epoch 4/10, Loss: 0.5042
Epoch 5/10, Loss: 0.3578
Epoch 6/10, Loss: 0.2607
Epoch 7/10, Loss: 0.1634
Epoch 8/10, Loss: 0.1214
Epoch 9/10, Loss: 0.0965
Epoch 10/10, Loss: 0.0934
Performance Metrics:
RMSE (test data): 182.25718688964844
MAE (test data): 156.70838928222656
MAPE (test data): 189.95120525360107
MSE (test data): 33217.6796875
R2 (test data): -1.6785786090152413
loss (test data): 33217.67481835455
Epoch 1/10, Loss: 301.4127
Epoch 2/10, Loss: 1.2470
Epoch 3/10, Loss: 0.5709
Epoch 4/10, Loss: 0.3898
Epoch 5/10, Loss: 0.2924
Epoch 6/10, Loss: 0.2315
Epoch 7/10, Loss: 0.1825
Epoch 8/10, Loss: 0.1528
Epoch 9/10, Loss: 0.1445
Epoch 10/10, Loss: 0.1943
Performance Metrics:
RMSE (test data): 184.16763305664062
MAE (test data): 158.74456787109375
MAPE (test data): 191.2858009338379
MSE (test data): 33917.71875
R2 (test data): -1.7350283176896664
loss (test data): 33917.72065925262
Epoch 1/10, Loss: 305.9721
DEBUG flwr 2024-03-09 13:44:51,373 | connection.py:141 | gRPC channel closed
INFO flwr 2024-03-09 13:44:51,375 | app.py:304 | Disconnect and shut down
Epoch 2/10, Loss: 2.3555
Epoch 3/10, Loss: 1.0263
Epoch 4/10, Loss: 0.6521
Epoch 5/10, Loss: 0.4453
Epoch 6/10, Loss: 0.2917
Epoch 7/10, Loss: 0.2101
Epoch 8/10, Loss: 0.1422
Epoch 9/10, Loss: 0.1142
Epoch 10/10, Loss: 0.0964
Performance Metrics:
RMSE (test data): 183.03338623046875
MAE (test data): 157.29527282714844
MAPE (test data): 190.3563141822815
MSE (test data): 33501.22265625
R2 (test data): -1.70144297941764
loss (test data): 33501.22123189058
Epoch 1/10, Loss: 250.1250
Epoch 2/10, Loss: 1.8201
Epoch 3/10, Loss: 0.8073
Epoch 4/10, Loss: 0.5187
Epoch 5/10, Loss: 0.3528
Epoch 6/10, Loss: 0.2438
Epoch 7/10, Loss: 0.1734
Epoch 8/10, Loss: 0.1271
Epoch 9/10, Loss: 0.0979
Epoch 10/10, Loss: 0.0896
Performance Metrics:
RMSE (test data): 182.76641845703125
MAE (test data): 156.94406127929688
MAPE (test data): 190.13229608535767
MSE (test data): 33403.56640625
R2 (test data): -1.6935685425621267
loss (test data): 33403.56795349803
Epoch 1/10, Loss: 294.7508
Epoch 2/10, Loss: 1.3662
Epoch 3/10, Loss: 0.6512
Epoch 4/10, Loss: 0.4505
Epoch 5/10, Loss: 0.3627
Epoch 6/10, Loss: 0.2957
Epoch 7/10, Loss: 0.2907
Epoch 8/10, Loss: 0.1939
Epoch 9/10, Loss: 0.2039
Epoch 10/10, Loss: 0.1497
Performance Metrics:
RMSE (test data): 183.1383819580078
MAE (test data): 157.90342712402344
MAPE (test data): 190.66085815429688
MSE (test data): 33539.66796875
R2 (test data): -1.7045432071214925
loss (test data): 33539.6670540912
Epoch 1/10, Loss: 310.9424
Epoch 2/10, Loss: 2.8368
Epoch 3/10, Loss: 0.8637
Epoch 4/10, Loss: 0.4779
Epoch 5/10, Loss: 0.3334
Epoch 6/10, Loss: 0.2655
Epoch 7/10, Loss: 0.2091
Epoch 8/10, Loss: 0.1618
Epoch 9/10, Loss: 0.1344
Epoch 10/10, Loss: 0.1233
Performance Metrics:
RMSE (test data): 181.1476287841797
MAE (test data): 155.39730834960938
MAPE (test data): 189.1451358795166
MSE (test data): 32814.4609375
R2 (test data): -1.6460646184140524
loss (test data): 32814.46145455097
Epoch 1/10, Loss: 268.5357
Epoch 2/10, Loss: 1.9786
Epoch 3/10, Loss: 0.7330
Epoch 4/10, Loss: 0.4229
Epoch 5/10, Loss: 0.3027
Epoch 6/10, Loss: 0.2463
Epoch 7/10, Loss: 0.2148
Epoch 8/10, Loss: 0.1898
Epoch 9/10, Loss: 0.1803
Epoch 10/10, Loss: 0.1975
Performance Metrics:
RMSE (test data): 178.9053497314453
MAE (test data): 153.13540649414062
MAPE (test data): 187.59952783584595
MSE (test data): 32007.125
R2 (test data): -1.5809633077401943
loss (test data): 32007.124016431702
Epoch 1/10, Loss: 286.7530
Epoch 2/10, Loss: 1.4430
Epoch 3/10, Loss: 0.5997
Epoch 4/10, Loss: 0.3838
Epoch 5/10, Loss: 0.2976
Epoch 6/10, Loss: 0.2553
Epoch 7/10, Loss: 0.2091
Epoch 8/10, Loss: 0.1557
Epoch 9/10, Loss: 0.1244
Epoch 10/10, Loss: 0.1168
Performance Metrics:
RMSE (test data): 175.5130157470703
MAE (test data): 151.08470153808594
MAPE (test data): 185.59482097625732
MSE (test data): 30804.818359375
R2 (test data): -1.4840128590729136
loss (test data): 30804.819833578957
Epoch 1/10, Loss: 281.1061
Epoch 2/10, Loss: 1.6134
Epoch 3/10, Loss: 0.4523
Epoch 4/10, Loss: 0.2718
Epoch 5/10, Loss: 0.2112
Epoch 6/10, Loss: 0.1939
Epoch 7/10, Loss: 0.1824
Epoch 8/10, Loss: 0.1695
Epoch 9/10, Loss: 0.1828
Epoch 10/10, Loss: 0.1830
Performance Metrics:
RMSE (test data): 172.0747528076172
MAE (test data): 148.1506805419922
MAPE (test data): 183.66377353668213
MSE (test data): 29609.72265625
R2 (test data): -1.3876436274188366
loss (test data): 29609.721975653814
Epoch 1/10, Loss: 227.4130
Epoch 2/10, Loss: 1.8982
Epoch 3/10, Loss: 0.6064
Epoch 4/10, Loss: 0.3734
Epoch 5/10, Loss: 0.2658
Epoch 6/10, Loss: 0.2066
Epoch 7/10, Loss: 0.1741
Epoch 8/10, Loss: 0.1687
Epoch 9/10, Loss: 0.1571
Epoch 10/10, Loss: 0.1738
Performance Metrics:
RMSE (test data): 181.05393981933594
MAE (test data): 156.57972717285156
MAPE (test data): 189.69496488571167
MSE (test data): 32780.52734375
R2 (test data): -1.6433283973832715
loss (test data): 32780.52792672439
Epoch 1/10, Loss: 229.5983
Epoch 2/10, Loss: 1.9108
Epoch 3/10, Loss: 0.6694
Epoch 4/10, Loss: 0.3875
Epoch 5/10, Loss: 0.2679
Epoch 6/10, Loss: 0.2045
Epoch 7/10, Loss: 0.1791
Epoch 8/10, Loss: 0.1804
Epoch 9/10, Loss: 0.1663
Epoch 10/10, Loss: 0.1627
Performance Metrics:
RMSE (test data): 182.8871307373047
MAE (test data): 157.26153564453125
MAPE (test data): 190.455961227417
MSE (test data): 33447.703125
R2 (test data): -1.697127649808659
loss (test data): 33447.704994744505
Epoch 1/10, Loss: 266.5568
Epoch 2/10, Loss: 1.7344
Epoch 3/10, Loss: 0.6499
Epoch 4/10, Loss: 0.3482
Epoch 5/10, Loss: 0.2558
Epoch 6/10, Loss: 0.2107
Epoch 7/10, Loss: 0.1794
Epoch 8/10, Loss: 0.1724
Epoch 9/10, Loss: 0.1555
Epoch 10/10, Loss: 0.1935
Performance Metrics:
RMSE (test data): 183.4745330810547
MAE (test data): 157.77557373046875
MAPE (test data): 190.76569080352783
MSE (test data): 33662.90234375
R2 (test data): -1.7144804320696445
loss (test data): 33662.9009722212
Epoch 1/10, Loss: 248.1283
Epoch 2/10, Loss: 1.4734
Epoch 3/10, Loss: 0.5965
Epoch 4/10, Loss: 0.3313
Epoch 5/10, Loss: 0.2618
Epoch 6/10, Loss: 0.2207
Epoch 7/10, Loss: 0.2030
Epoch 8/10, Loss: 0.1645
Epoch 9/10, Loss: 0.1645
Epoch 10/10, Loss: 0.1509
Performance Metrics:
RMSE (test data): 183.56039428710938
MAE (test data): 157.79751586914062
MAPE (test data): 190.77889919281006
MSE (test data): 33694.41796875
R2 (test data): -1.7170219564467883
loss (test data): 33694.41871802599
Epoch 1/10, Loss: 272.9465
Epoch 2/10, Loss: 1.9304
Epoch 3/10, Loss: 0.7106
Epoch 4/10, Loss: 0.3857
Epoch 5/10, Loss: 0.3169
Epoch 6/10, Loss: 0.2124
Epoch 7/10, Loss: 0.1809
Epoch 8/10, Loss: 0.1728
Epoch 9/10, Loss: 0.1490
Epoch 10/10, Loss: 0.1017
Performance Metrics:
RMSE (test data): 184.5713653564453
MAE (test data): 158.64581298828125
MAPE (test data): 191.40039682388306
MSE (test data): 34066.58984375
R2 (test data): -1.7470330227010349
loss (test data): 34066.59296994443
Epoch 1/10, Loss: 280.1415
Epoch 2/10, Loss: 1.9345
Epoch 3/10, Loss: 0.7430
Epoch 4/10, Loss: 0.4578
Epoch 5/10, Loss: 0.2875
Epoch 6/10, Loss: 0.2378
Epoch 7/10, Loss: 0.1885
Epoch 8/10, Loss: 0.1630
Epoch 9/10, Loss: 0.1045
Epoch 10/10, Loss: 0.1038
Performance Metrics:
RMSE (test data): 184.2626190185547
MAE (test data): 158.36343383789062
MAPE (test data): 191.17485284805298
MSE (test data): 33952.7109375
R2 (test data): -1.7378500184208838
loss (test data): 33952.71243995686
Epoch 1/10, Loss: 349.2228
Epoch 2/10, Loss: 3.0294
Epoch 3/10, Loss: 0.9768
Epoch 4/10, Loss: 0.4728
Epoch 5/10, Loss: 0.3304
Epoch 6/10, Loss: 0.2493
Epoch 7/10, Loss: 0.1934
Epoch 8/10, Loss: 0.1725
Epoch 9/10, Loss: 0.1608
Epoch 10/10, Loss: 0.1442
Performance Metrics:
RMSE (test data): 183.54246520996094
MAE (test data): 157.55274963378906
MAPE (test data): 190.7201886177063
MSE (test data): 33687.8359375
R2 (test data): -1.7164910730063734
loss (test data): 33687.8353832379
Epoch 1/10, Loss: 290.9426
Epoch 2/10, Loss: 2.4187
Epoch 3/10, Loss: 0.7763
Epoch 4/10, Loss: 0.4257
Epoch 5/10, Loss: 0.3005
Epoch 6/10, Loss: 0.2492
Epoch 7/10, Loss: 0.1911
Epoch 8/10, Loss: 0.1655
Epoch 9/10, Loss: 0.1563
Epoch 10/10, Loss: 0.1082
Performance Metrics:
RMSE (test data): 183.501953125
MAE (test data): 157.69720458984375
MAPE (test data): 190.70658683776855
MSE (test data): 33672.96484375
R2 (test data): -1.7152919613530044
loss (test data): 33672.96551446916
Epoch 1/10, Loss: 210.6772
Epoch 2/10, Loss: 1.8059
Epoch 3/10, Loss: 0.6278
Epoch 4/10, Loss: 0.3708
Epoch 5/10, Loss: 0.2501
Epoch 6/10, Loss: 0.2002
Epoch 7/10, Loss: 0.1254
Epoch 8/10, Loss: 0.0884
Epoch 9/10, Loss: 0.0817
Epoch 10/10, Loss: 0.0751
Performance Metrics:
RMSE (test data): 183.99777221679688
MAE (test data): 158.02870178222656
MAPE (test data): 190.99688529968262
MSE (test data): 33855.1796875
R2 (test data): -1.7299852066093866
loss (test data): 33855.18005180157
wandb: - 0.001 MB of 0.001 MB uploadedwandb: \ 0.001 MB of 0.001 MB uploadedwandb: | 0.001 MB of 0.001 MB uploadedwandb: / 0.001 MB of 0.001 MB uploadedwandb: - 0.001 MB of 0.001 MB uploadedwandb: \ 0.001 MB of 0.001 MB uploadedwandb: | 0.001 MB of 0.001 MB uploadedwandb: / 0.001 MB of 0.001 MB uploadedwandb: - 0.001 MB of 0.001 MB uploadedwandb: \ 0.001 MB of 0.001 MB uploadedwandb: | 0.001 MB of 0.001 MB uploadedwandb: / 0.001 MB of 0.001 MB uploadedwandb: - 0.001 MB of 0.001 MB uploadedwandb: \ 0.001 MB of 0.001 MB uploadedwandb: | 0.001 MB of 0.001 MB uploadedwandb: / 0.001 MB of 0.001 MB uploadedwandb: - 0.001 MB of 0.001 MB uploadedwandb: \ 0.001 MB of 0.001 MB uploadedwandb: | 0.001 MB of 0.001 MB uploadedwandb: / 0.001 MB of 0.001 MB uploadedwandb: - 0.001 MB of 0.001 MB uploadedwandb: \ 0.001 MB of 0.001 MB uploadedwandb: | 0.001 MB of 0.001 MB uploadedwandb: / 0.001 MB of 0.001 MB uploadedwandb: - 0.001 MB of 0.001 MB uploadedwandb: \ 0.001 MB of 0.001 MB uploadedwandb: | 0.001 MB of 0.001 MB uploadedwandb: / 0.001 MB of 0.001 MB uploadedwandb: - 0.001 MB of 0.001 MB uploadedwandb: \ 0.001 MB of 0.001 MB uploadedwandb: | 0.001 MB of 0.001 MB uploadedwandb: / 0.001 MB of 0.001 MB uploadedwandb: - 0.001 MB of 0.001 MB uploadedwandb: \ 0.001 MB of 0.001 MB uploadedwandb: | 0.001 MB of 0.001 MB uploadedwandb: / 0.001 MB of 0.001 MB uploadedwandb: - 0.001 MB of 0.001 MB uploadedwandb: \ 0.001 MB of 0.001 MB uploadedwandb: Network error (ConnectionError), entering retry loop.
wandb: | 0.001 MB of 0.001 MB uploadedwandb: / 0.001 MB of 0.001 MB uploadedwandb: - 0.001 MB of 0.001 MB uploadedwandb: \ 0.001 MB of 0.001 MB uploadedwandb: | 0.001 MB of 0.001 MB uploadedwandb: / 0.001 MB of 0.001 MB uploadedwandb: - 0.001 MB of 0.001 MB uploadedwandb: \ 0.001 MB of 0.001 MB uploadedwandb: | 0.001 MB of 0.001 MB uploadedwandb: / 0.001 MB of 0.001 MB uploadedwandb: - 0.001 MB of 0.001 MB uploadedwandb: \ 0.001 MB of 0.001 MB uploadedwandb: | 0.001 MB of 0.001 MB uploadedwandb: / 0.001 MB of 0.001 MB uploadedwandb: - 0.001 MB of 0.001 MB uploadedwandb: \ 0.001 MB of 0.001 MB uploadedwandb: | 0.001 MB of 0.001 MB uploadedwandb: / 0.001 MB of 0.001 MB uploadedwandb: - 0.001 MB of 0.001 MB uploadedwandb: \ 0.001 MB of 0.001 MB uploadedwandb: | 0.001 MB of 0.001 MB uploadedwandb: / 0.001 MB of 0.001 MB uploadedwandb: - 0.001 MB of 0.001 MB uploadedwandb: \ 0.001 MB of 0.001 MB uploadedwandb: | 0.001 MB of 0.001 MB uploadedwandb: / 0.001 MB of 0.001 MB uploadedwandb: - 0.001 MB of 0.001 MB uploadedwandb: \ 0.001 MB of 0.001 MB uploadedwandb: | 0.001 MB of 0.001 MB uploadedwandb: / 0.001 MB of 0.001 MB uploadedwandb: - 0.001 MB of 0.001 MB uploadedwandb: \ 0.001 MB of 0.001 MB uploadedwandb: | 0.001 MB of 0.001 MB uploadedwandb: / 0.001 MB of 0.001 MB uploadedwandb: - 0.001 MB of 0.001 MB uploadedwandb: \ 0.001 MB of 0.001 MB uploadedwandb: | 0.001 MB of 0.001 MB uploadedwandb: / 0.001 MB of 0.001 MB uploadedwandb: - 0.001 MB of 0.001 MB uploadedwandb: \ 0.001 MB of 0.001 MB uploadedwandb: | 0.001 MB of 0.001 MB uploadedwandb: / 0.001 MB of 0.001 MB uploadedwandb: - 0.001 MB of 0.001 MB uploadedwandb: \ 0.001 MB of 0.001 MB uploadedwandb: | 0.001 MB of 0.001 MB uploadedwandb: / 0.001 MB of 0.001 MB uploadedwandb: - 0.001 MB of 0.001 MB uploadedwandb: \ 0.001 MB of 0.001 MB uploadedwandb: | 0.001 MB of 0.001 MB uploadedwandb: / 0.001 MB of 0.001 MB uploadedwandb: - 0.001 MB of 0.001 MB uploadedwandb: \ 0.001 MB of 0.001 MB uploadedwandb: | 0.001 MB of 0.001 MB uploadedwandb: / 0.001 MB of 0.001 MB uploadedwandb: - 0.001 MB of 0.001 MB uploadedwandb: \ 0.001 MB of 0.001 MB uploadedwandb: | 0.001 MB of 0.001 MB uploadedwandb: / 0.001 MB of 0.001 MB uploadedwandb: - 0.001 MB of 0.001 MB uploadedwandb: \ 0.001 MB of 0.001 MB uploadedwandb: | 0.001 MB of 0.001 MB uploadedwandb: / 0.001 MB of 0.001 MB uploadedwandb: - 0.001 MB of 0.001 MB uploadedwandb: \ 0.001 MB of 0.001 MB uploadedwandb: | 0.001 MB of 0.001 MB uploadedwandb: / 0.001 MB of 0.001 MB uploadedwandb: - 0.001 MB of 0.001 MB uploadedwandb: \ 0.001 MB of 0.001 MB uploadedwandb: | 0.001 MB of 0.001 MB uploadedwandb: / 0.001 MB of 0.001 MB uploadedwandb: - 0.001 MB of 0.001 MB uploadedwandb: \ 0.001 MB of 0.001 MB uploadedwandb: | 0.001 MB of 0.001 MB uploadedwandb: / 0.001 MB of 0.001 MB uploadedwandb: - 0.001 MB of 0.001 MB uploadedwandb: \ 0.001 MB of 0.001 MB uploadedwandb: | 0.001 MB of 0.001 MB uploadedwandb: / 0.001 MB of 0.001 MB uploadedwandb: - 0.001 MB of 0.001 MB uploadedwandb: \ 0.001 MB of 0.001 MB uploadedwandb: | 0.001 MB of 0.001 MB uploadedwandb: / 0.001 MB of 0.001 MB uploadedwandb: - 0.001 MB of 0.001 MB uploadedwandb: \ 0.001 MB of 0.001 MB uploadedwandb: | 0.001 MB of 0.001 MB uploadedwandb: / 0.001 MB of 0.001 MB uploadedwandb: - 0.001 MB of 0.001 MB uploadedwandb: \ 0.001 MB of 0.001 MB uploadedwandb: | 0.001 MB of 0.001 MB uploadedwandb: / 0.001 MB of 0.001 MB uploadedwandb: - 0.001 MB of 0.001 MB uploadedwandb: \ 0.001 MB of 0.001 MB uploadedwandb: | 0.001 MB of 0.001 MB uploadedwandb: / 0.001 MB of 0.001 MB uploadedwandb: - 0.001 MB of 0.001 MB uploadedwandb: \ 0.001 MB of 0.001 MB uploadedwandb: | 0.001 MB of 0.001 MB uploadedwandb: / 0.001 MB of 0.001 MB uploadedwandb: - 0.001 MB of 0.001 MB uploadedwandb: \ 0.001 MB of 0.001 MB uploadedwandb: | 0.001 MB of 0.001 MB uploadedwandb: / 0.001 MB of 0.001 MB uploadedwandb: - 0.001 MB of 0.001 MB uploadedwandb: \ 0.001 MB of 0.001 MB uploadedwandb: | 0.001 MB of 0.001 MB uploadedwandb: / 0.001 MB of 0.001 MB uploadedwandb: - 0.001 MB of 0.001 MB uploadedwandb: \ 0.001 MB of 0.001 MB uploadedwandb: | 0.001 MB of 0.001 MB uploadedwandb: / 0.001 MB of 0.001 MB uploadedwandb: - 0.001 MB of 0.001 MB uploadedwandb: \ 0.001 MB of 0.001 MB uploadedwandb: | 0.001 MB of 0.001 MB uploadedwandb: / 0.001 MB of 0.001 MB uploadedwandb: - 0.001 MB of 0.001 MB uploadedwandb: \ 0.001 MB of 0.001 MB uploadedwandb: | 0.001 MB of 0.001 MB uploadedwandb: / 0.001 MB of 0.001 MB uploadedwandb: - 0.001 MB of 0.001 MB uploadedwandb: \ 0.001 MB of 0.001 MB uploadedwandb: | 0.001 MB of 0.001 MB uploadedwandb: / 0.001 MB of 0.001 MB uploadedwandb: - 0.001 MB of 0.001 MB uploadedwandb: \ 0.001 MB of 0.001 MB uploadedwandb: | 0.001 MB of 0.001 MB uploadedwandb: / 0.001 MB of 0.001 MB uploadedwandb: - 0.001 MB of 0.001 MB uploadedwandb: \ 0.001 MB of 0.001 MB uploadedwandb: | 0.001 MB of 0.001 MB uploadedwandb: / 0.001 MB of 0.001 MB uploadedwandb: - 0.001 MB of 0.001 MB uploadedwandb: \ 0.001 MB of 0.001 MB uploadedwandb: | 0.001 MB of 0.001 MB uploadedwandb: / 0.001 MB of 0.001 MB uploadedwandb: - 0.001 MB of 0.001 MB uploadedwandb: \ 0.001 MB of 0.001 MB uploadedwandb: | 0.001 MB of 0.001 MB uploadedwandb: / 0.001 MB of 0.001 MB uploadedwandb: - 0.001 MB of 0.001 MB uploadedwandb: \ 0.001 MB of 0.001 MB uploadedwandb: | 0.001 MB of 0.001 MB uploadedwandb: / 0.001 MB of 0.001 MB uploadedwandb: - 0.001 MB of 0.001 MB uploadedwandb: \ 0.001 MB of 0.001 MB uploadedwandb: | 0.001 MB of 0.001 MB uploadedwandb: / 0.001 MB of 0.001 MB uploadedwandb: - 0.001 MB of 0.001 MB uploadedwandb: \ 0.001 MB of 0.001 MB uploadedwandb: | 0.001 MB of 0.001 MB uploadedwandb: / 0.001 MB of 0.001 MB uploadedwandb: - 0.001 MB of 0.001 MB uploadedwandb: \ 0.001 MB of 0.001 MB uploadedwandb: | 0.001 MB of 0.001 MB uploadedwandb: / 0.001 MB of 0.001 MB uploadedwandb: - 0.001 MB of 0.001 MB uploadedwandb: \ 0.001 MB of 0.001 MB uploadedwandb: | 0.001 MB of 0.001 MB uploadedwandb: / 0.001 MB of 0.001 MB uploadedwandb: - 0.001 MB of 0.001 MB uploadedwandb: \ 0.001 MB of 0.001 MB uploadedwandb: | 0.001 MB of 0.001 MB uploadedwandb: / 0.001 MB of 0.001 MB uploadedwandb: - 0.001 MB of 0.001 MB uploadedwandb: \ 0.001 MB of 0.001 MB uploadedwandb: | 0.001 MB of 0.001 MB uploadedwandb: / 0.001 MB of 0.001 MB uploadedwandb: - 0.001 MB of 0.001 MB uploadedwandb: \ 0.001 MB of 0.001 MB uploadedwandb: | 0.001 MB of 0.001 MB uploadedwandb: / 0.001 MB of 0.001 MB uploadedwandb: - 0.001 MB of 0.001 MB uploadedwandb: \ 0.001 MB of 0.001 MB uploadedwandb: | 0.001 MB of 0.001 MB uploadedwandb: / 0.001 MB of 0.001 MB uploadedwandb: - 0.001 MB of 0.001 MB uploadedwandb: \ 0.001 MB of 0.001 MB uploadedwandb: | 0.001 MB of 0.001 MB uploadedwandb: / 0.001 MB of 0.001 MB uploadedwandb: - 0.001 MB of 0.001 MB uploadedwandb: \ 0.001 MB of 0.001 MB uploadedwandb: | 0.001 MB of 0.001 MB uploadedwandb: / 0.001 MB of 0.001 MB uploadedwandb: - 0.001 MB of 0.001 MB uploadedwandb: \ 0.001 MB of 0.001 MB uploadedwandb: | 0.001 MB of 0.001 MB uploadedwandb: / 0.001 MB of 0.001 MB uploadedwandb: - 0.001 MB of 0.001 MB uploadedwandb: \ 0.001 MB of 0.001 MB uploadedwandb: | 0.001 MB of 0.001 MB uploadedwandb: / 0.001 MB of 0.001 MB uploadedwandb: - 0.001 MB of 0.001 MB uploadedwandb: \ 0.001 MB of 0.001 MB uploadedwandb: | 0.001 MB of 0.001 MB uploadedwandb: / 0.001 MB of 0.001 MB uploadedwandb: - 0.001 MB of 0.001 MB uploadedwandb: \ 0.001 MB of 0.001 MB uploadedwandb: | 0.001 MB of 0.001 MB uploadedwandb: / 0.001 MB of 0.001 MB uploadedwandb: - 0.001 MB of 0.001 MB uploadedwandb: \ 0.001 MB of 0.001 MB uploadedwandb: | 0.001 MB of 0.001 MB uploadedwandb: / 0.001 MB of 0.001 MB uploadedwandb: - 0.001 MB of 0.001 MB uploadedwandb: \ 0.001 MB of 0.001 MB uploadedwandb: | 0.001 MB of 0.001 MB uploadedwandb: / 0.001 MB of 0.001 MB uploadedwandb: - 0.001 MB of 0.001 MB uploadedwandb: \ 0.001 MB of 0.001 MB uploadedwandb: | 0.001 MB of 0.001 MB uploadedwandb: / 0.001 MB of 0.001 MB uploadedwandb: - 0.001 MB of 0.001 MB uploadedwandb: \ 0.001 MB of 0.001 MB uploadedwandb: | 0.001 MB of 0.001 MB uploadedwandb: / 0.001 MB of 0.001 MB uploadedwandb: - 0.001 MB of 0.001 MB uploadedwandb: \ 0.001 MB of 0.001 MB uploadedwandb: | 0.001 MB of 0.001 MB uploadedwandb: / 0.001 MB of 0.001 MB uploadedwandb: - 0.001 MB of 0.001 MB uploadedwandb: \ 0.001 MB of 0.001 MB uploadedwandb: | 0.001 MB of 0.001 MB uploadedwandb: / 0.001 MB of 0.001 MB uploadedwandb: - 0.001 MB of 0.001 MB uploadedwandb: \ 0.001 MB of 0.001 MB uploadedwandb: | 0.001 MB of 0.001 MB uploadedwandb: / 0.001 MB of 0.001 MB uploadedwandb: - 0.001 MB of 0.001 MB uploadedwandb: \ 0.001 MB of 0.001 MB uploadedwandb: | 0.001 MB of 0.001 MB uploadedwandb: / 0.001 MB of 0.001 MB uploadedwandb: - 0.001 MB of 0.001 MB uploadedwandb: \ 0.001 MB of 0.001 MB uploadedwandb: | 0.001 MB of 0.001 MB uploadedwandb: / 0.001 MB of 0.001 MB uploadedwandb: - 0.001 MB of 0.001 MB uploadedwandb: \ 0.001 MB of 0.001 MB uploadedwandb: | 0.001 MB of 0.001 MB uploadedwandb: / 0.001 MB of 0.001 MB uploadedwandb: - 0.001 MB of 0.001 MB uploadedwandb: \ 0.001 MB of 0.001 MB uploadedwandb: | 0.001 MB of 0.001 MB uploadedwandb: / 0.001 MB of 0.001 MB uploadedwandb: - 0.001 MB of 0.001 MB uploadedwandb: \ 0.001 MB of 0.001 MB uploadedwandb: | 0.001 MB of 0.001 MB uploadedwandb: / 0.001 MB of 0.001 MB uploadedwandb: - 0.001 MB of 0.001 MB uploadedwandb: \ 0.001 MB of 0.001 MB uploadedwandb: | 0.001 MB of 0.001 MB uploadedwandb: / 0.001 MB of 0.001 MB uploadedwandb: - 0.001 MB of 0.001 MB uploadedwandb: \ 0.001 MB of 0.001 MB uploadedwandb: | 0.001 MB of 0.001 MB uploadedwandb: / 0.001 MB of 0.001 MB uploadedwandb: - 0.001 MB of 0.001 MB uploadedwandb: \ 0.001 MB of 0.001 MB uploadedwandb: | 0.001 MB of 0.001 MB uploadedwandb: / 0.001 MB of 0.001 MB uploadedwandb: - 0.001 MB of 0.001 MB uploadedwandb: \ 0.001 MB of 0.001 MB uploadedwandb: | 0.001 MB of 0.001 MB uploadedwandb: / 0.001 MB of 0.001 MB uploadedwandb: - 0.001 MB of 0.001 MB uploadedwandb: \ 0.001 MB of 0.001 MB uploadedwandb: | 0.001 MB of 0.001 MB uploadedwandb: / 0.001 MB of 0.001 MB uploadedwandb: - 0.001 MB of 0.001 MB uploadedwandb: \ 0.001 MB of 0.001 MB uploadedwandb: | 0.001 MB of 0.001 MB uploadedwandb: / 0.001 MB of 0.001 MB uploadedwandb: - 0.001 MB of 0.001 MB uploadedwandb: \ 0.001 MB of 0.001 MB uploadedwandb: | 0.001 MB of 0.001 MB uploadedwandb: / 0.001 MB of 0.001 MB uploadedwandb: - 0.001 MB of 0.001 MB uploadedwandb: \ 0.001 MB of 0.001 MB uploadedwandb: | 0.001 MB of 0.001 MB uploadedwandb: / 0.001 MB of 0.001 MB uploadedwandb: - 0.001 MB of 0.001 MB uploadedwandb: \ 0.001 MB of 0.001 MB uploadedwandb: | 0.001 MB of 0.001 MB uploadedwandb: / 0.001 MB of 0.001 MB uploadedwandb: - 0.001 MB of 0.001 MB uploadedwandb: \ 0.001 MB of 0.001 MB uploadedwandb: | 0.001 MB of 0.001 MB uploadedwandb: / 0.001 MB of 0.001 MB uploadedwandb: - 0.001 MB of 0.001 MB uploadedwandb: \ 0.001 MB of 0.001 MB uploadedwandb: | 0.001 MB of 0.001 MB uploadedwandb: / 0.001 MB of 0.001 MB uploadedwandb: - 0.001 MB of 0.001 MB uploadedwandb: \ 0.001 MB of 0.001 MB uploadedwandb: | 0.001 MB of 0.001 MB uploadedwandb: / 0.001 MB of 0.001 MB uploadedwandb: - 0.001 MB of 0.001 MB uploadedwandb: \ 0.001 MB of 0.001 MB uploadedwandb: | 0.001 MB of 0.001 MB uploadedwandb: / 0.001 MB of 0.001 MB uploadedwandb: - 0.001 MB of 0.001 MB uploadedwandb: \ 0.001 MB of 0.001 MB uploadedwandb: | 0.001 MB of 0.001 MB uploadedwandb: / 0.001 MB of 0.001 MB uploadedwandb: - 0.001 MB of 0.001 MB uploadedwandb: \ 0.001 MB of 0.001 MB uploadedwandb: | 0.001 MB of 0.001 MB uploadedwandb: / 0.001 MB of 0.001 MB uploadedwandb: - 0.001 MB of 0.001 MB uploadedwandb: \ 0.001 MB of 0.001 MB uploadedwandb: | 0.001 MB of 0.001 MB uploadedwandb: / 0.001 MB of 0.001 MB uploadedwandb: - 0.001 MB of 0.001 MB uploadedwandb: \ 0.001 MB of 0.001 MB uploadedwandb: | 0.001 MB of 0.001 MB uploadedwandb: / 0.001 MB of 0.001 MB uploadedwandb: - 0.001 MB of 0.001 MB uploadedwandb: \ 0.001 MB of 0.001 MB uploadedwandb: | 0.001 MB of 0.001 MB uploadedwandb: / 0.001 MB of 0.001 MB uploadedwandb: - 0.001 MB of 0.001 MB uploadedwandb: \ 0.001 MB of 0.001 MB uploadedwandb: | 0.001 MB of 0.001 MB uploadedwandb: / 0.001 MB of 0.001 MB uploadedwandb: - 0.001 MB of 0.001 MB uploadedwandb: \ 0.001 MB of 0.001 MB uploadedwandb: | 0.001 MB of 0.001 MB uploadedwandb: / 0.001 MB of 0.001 MB uploadedwandb: - 0.001 MB of 0.001 MB uploadedwandb: \ 0.001 MB of 0.001 MB uploadedwandb: | 0.001 MB of 0.001 MB uploadedwandb: / 0.001 MB of 0.001 MB uploadedwandb: - 0.001 MB of 0.001 MB uploadedwandb: \ 0.001 MB of 0.001 MB uploadedwandb: | 0.001 MB of 0.001 MB uploadedwandb: / 0.001 MB of 0.001 MB uploadedwandb: - 0.001 MB of 0.001 MB uploadedwandb: \ 0.001 MB of 0.001 MB uploadedwandb: | 0.001 MB of 0.001 MB uploadedwandb: / 0.001 MB of 0.001 MB uploadedwandb: - 0.001 MB of 0.001 MB uploadedwandb: \ 0.001 MB of 0.001 MB uploadedwandb: | 0.001 MB of 0.001 MB uploadedwandb: / 0.001 MB of 0.001 MB uploadedwandb: - 0.001 MB of 0.001 MB uploadedwandb: \ 0.001 MB of 0.001 MB uploadedwandb: | 0.001 MB of 0.001 MB uploadedwandb: / 0.001 MB of 0.001 MB uploadedwandb: - 0.001 MB of 0.001 MB uploadedwandb: \ 0.001 MB of 0.001 MB uploadedwandb: | 0.001 MB of 0.001 MB uploadedwandb: / 0.001 MB of 0.001 MB uploadedwandb: - 0.001 MB of 0.001 MB uploadedwandb: \ 0.001 MB of 0.001 MB uploadedwandb: | 0.001 MB of 0.001 MB uploadedwandb: / 0.001 MB of 0.001 MB uploadedwandb: - 0.001 MB of 0.001 MB uploadedwandb: \ 0.001 MB of 0.001 MB uploadedwandb: | 0.001 MB of 0.001 MB uploadedwandb: / 0.001 MB of 0.001 MB uploadedwandb: - 0.001 MB of 0.001 MB uploadedwandb: \ 0.001 MB of 0.001 MB uploadedwandb: | 0.001 MB of 0.001 MB uploadedwandb: / 0.001 MB of 0.001 MB uploadedwandb: - 0.001 MB of 0.001 MB uploadedwandb: \ 0.001 MB of 0.001 MB uploadedwandb: | 0.001 MB of 0.001 MB uploadedwandb: / 0.001 MB of 0.001 MB uploadedwandb: - 0.001 MB of 0.001 MB uploadedwandb: \ 0.001 MB of 0.001 MB uploadedwandb: | 0.001 MB of 0.001 MB uploadedwandb: / 0.001 MB of 0.001 MB uploadedwandb: - 0.001 MB of 0.001 MB uploadedwandb: \ 0.001 MB of 0.001 MB uploadedwandb: | 0.001 MB of 0.001 MB uploadedwandb: / 0.001 MB of 0.001 MB uploadedwandb: - 0.001 MB of 0.001 MB uploadedwandb: \ 0.001 MB of 0.001 MB uploadedwandb: | 0.001 MB of 0.001 MB uploadedwandb: / 0.001 MB of 0.001 MB uploadedwandb: - 0.001 MB of 0.001 MB uploadedwandb: \ 0.001 MB of 0.001 MB uploadedwandb: | 0.001 MB of 0.001 MB uploadedwandb: / 0.001 MB of 0.001 MB uploadedwandb: - 0.001 MB of 0.001 MB uploadedwandb: \ 0.001 MB of 0.001 MB uploadedwandb: | 0.001 MB of 0.001 MB uploadedwandb: / 0.001 MB of 0.001 MB uploadedwandb: - 0.001 MB of 0.001 MB uploadedwandb: \ 0.001 MB of 0.001 MB uploadedwandb: | 0.001 MB of 0.001 MB uploadedwandb: / 0.001 MB of 0.001 MB uploadedwandb: - 0.001 MB of 0.001 MB uploadedwandb: \ 0.001 MB of 0.001 MB uploadedwandb: | 0.001 MB of 0.001 MB uploadedwandb: / 0.001 MB of 0.001 MB uploadedwandb: - 0.001 MB of 0.001 MB uploadedwandb: \ 0.001 MB of 0.001 MB uploadedwandb: | 0.001 MB of 0.001 MB uploadedwandb: / 0.001 MB of 0.001 MB uploadedwandb: - 0.001 MB of 0.001 MB uploadedwandb: \ 0.001 MB of 0.001 MB uploadedwandb: | 0.001 MB of 0.001 MB uploadedwandb: / 0.001 MB of 0.001 MB uploadedwandb: - 0.001 MB of 0.001 MB uploadedwandb: \ 0.001 MB of 0.001 MB uploadedwandb: | 0.001 MB of 0.001 MB uploadedwandb: / 0.001 MB of 0.001 MB uploadedwandb: - 0.001 MB of 0.001 MB uploadedwandb: \ 0.001 MB of 0.001 MB uploadedwandb: | 0.001 MB of 0.001 MB uploadedwandb: / 0.001 MB of 0.001 MB uploadedwandb: - 0.001 MB of 0.001 MB uploadedwandb: \ 0.001 MB of 0.001 MB uploadedwandb: | 0.001 MB of 0.001 MB uploadedwandb: / 0.001 MB of 0.001 MB uploadedwandb: - 0.001 MB of 0.001 MB uploadedwandb: \ 0.001 MB of 0.001 MB uploadedwandb: | 0.001 MB of 0.001 MB uploadedwandb: / 0.001 MB of 0.001 MB uploadedwandb: - 0.001 MB of 0.001 MB uploadedwandb: \ 0.001 MB of 0.001 MB uploadedwandb: | 0.001 MB of 0.001 MB uploadedwandb: / 0.001 MB of 0.001 MB uploadedwandb: - 0.001 MB of 0.001 MB uploadedwandb: \ 0.001 MB of 0.001 MB uploadedwandb: | 0.001 MB of 0.001 MB uploadedwandb: / 0.001 MB of 0.001 MB uploadedwandb: - 0.001 MB of 0.001 MB uploadedwandb: \ 0.001 MB of 0.001 MB uploadedwandb: | 0.001 MB of 0.001 MB uploadedwandb: / 0.001 MB of 0.001 MB uploadedwandb: - 0.001 MB of 0.001 MB uploadedwandb: \ 0.001 MB of 0.001 MB uploadedwandb: | 0.001 MB of 0.001 MB uploadedwandb: / 0.001 MB of 0.001 MB uploadedwandb: - 0.001 MB of 0.001 MB uploadedwandb: \ 0.001 MB of 0.001 MB uploadedwandb: | 0.001 MB of 0.001 MB uploadedwandb: / 0.001 MB of 0.001 MB uploadedwandb: - 0.001 MB of 0.001 MB uploadedwandb: \ 0.001 MB of 0.001 MB uploadedwandb: | 0.001 MB of 0.001 MB uploadedwandb: / 0.001 MB of 0.001 MB uploadedwandb: - 0.001 MB of 0.001 MB uploadedwandb: \ 0.001 MB of 0.001 MB uploadedwandb: | 0.001 MB of 0.001 MB uploadedwandb: / 0.001 MB of 0.001 MB uploadedwandb: - 0.001 MB of 0.001 MB uploadedwandb: \ 0.001 MB of 0.001 MB uploadedwandb: | 0.001 MB of 0.001 MB uploadedwandb: / 0.001 MB of 0.001 MB uploadedwandb: - 0.001 MB of 0.001 MB uploadedwandb: \ 0.001 MB of 0.001 MB uploadedwandb: | 0.001 MB of 0.001 MB uploadedwandb: / 0.001 MB of 0.001 MB uploadedwandb: - 0.001 MB of 0.001 MB uploadedwandb: \ 0.001 MB of 0.001 MB uploadedwandb: | 0.001 MB of 0.001 MB uploadedwandb: / 0.001 MB of 0.001 MB uploadedwandb: - 0.001 MB of 0.001 MB uploadedwandb: \ 0.001 MB of 0.001 MB uploadedwandb: | 0.001 MB of 0.001 MB uploadedwandb: / 0.001 MB of 0.001 MB uploadedwandb: - 0.001 MB of 0.001 MB uploadedwandb: \ 0.001 MB of 0.001 MB uploadedwandb: | 0.001 MB of 0.001 MB uploadedwandb: / 0.001 MB of 0.001 MB uploadedwandb: - 0.001 MB of 0.001 MB uploadedwandb: \ 0.001 MB of 0.001 MB uploadedwandb: | 0.001 MB of 0.001 MB uploadedwandb: / 0.001 MB of 0.001 MB uploadedwandb: - 0.001 MB of 0.001 MB uploadedwandb: \ 0.001 MB of 0.001 MB uploadedwandb: | 0.001 MB of 0.001 MB uploadedwandb: / 0.001 MB of 0.001 MB uploadedwandb: - 0.001 MB of 0.001 MB uploadedwandb: \ 0.001 MB of 0.001 MB uploadedwandb: | 0.001 MB of 0.001 MB uploadedwandb: / 0.001 MB of 0.001 MB uploadedwandb: - 0.001 MB of 0.001 MB uploadedwandb: \ 0.001 MB of 0.001 MB uploadedwandb: | 0.001 MB of 0.001 MB uploadedwandb: / 0.001 MB of 0.001 MB uploadedwandb: - 0.001 MB of 0.001 MB uploadedwandb: \ 0.001 MB of 0.001 MB uploadedwandb: | 0.001 MB of 0.001 MB uploadedwandb: / 0.001 MB of 0.001 MB uploadedwandb: - 0.001 MB of 0.001 MB uploadedwandb: \ 0.001 MB of 0.001 MB uploadedwandb: | 0.001 MB of 0.001 MB uploadedwandb: / 0.001 MB of 0.001 MB uploadedwandb: - 0.001 MB of 0.001 MB uploadedwandb: \ 0.001 MB of 0.001 MB uploadedwandb: | 0.001 MB of 0.001 MB uploadedwandb: / 0.001 MB of 0.001 MB uploadedwandb: - 0.001 MB of 0.001 MB uploadedwandb: \ 0.001 MB of 0.001 MB uploadedwandb: | 0.001 MB of 0.001 MB uploadedwandb: / 0.001 MB of 0.001 MB uploadedwandb: - 0.001 MB of 0.001 MB uploadedwandb: \ 0.001 MB of 0.001 MB uploadedwandb: | 0.001 MB of 0.001 MB uploadedwandb: / 0.001 MB of 0.001 MB uploadedwandb: - 0.001 MB of 0.001 MB uploadedwandb: \ 0.001 MB of 0.001 MB uploadedwandb: | 0.001 MB of 0.001 MB uploadedwandb: / 0.001 MB of 0.001 MB uploadedwandb: - 0.001 MB of 0.001 MB uploadedwandb: \ 0.001 MB of 0.001 MB uploadedwandb: | 0.001 MB of 0.001 MB uploadedwandb: / 0.001 MB of 0.001 MB uploadedwandb: - 0.001 MB of 0.001 MB uploadedwandb: \ 0.001 MB of 0.001 MB uploadedwandb: | 0.001 MB of 0.001 MB uploadedwandb: / 0.001 MB of 0.001 MB uploadedwandb: - 0.001 MB of 0.001 MB uploadedwandb: \ 0.001 MB of 0.001 MB uploadedwandb: | 0.001 MB of 0.001 MB uploadedwandb: / 0.001 MB of 0.001 MB uploadedwandb: - 0.001 MB of 0.001 MB uploadedwandb: \ 0.001 MB of 0.001 MB uploadedwandb: | 0.001 MB of 0.001 MB uploadedwandb: / 0.001 MB of 0.001 MB uploadedwandb: - 0.001 MB of 0.001 MB uploadedwandb: \ 0.001 MB of 0.001 MB uploadedwandb: | 0.001 MB of 0.001 MB uploadedwandb: / 0.001 MB of 0.001 MB uploadedwandb: - 0.001 MB of 0.001 MB uploadedwandb: \ 0.001 MB of 0.001 MB uploadedwandb: | 0.001 MB of 0.001 MB uploadedwandb: / 0.001 MB of 0.001 MB uploadedwandb: - 0.001 MB of 0.001 MB uploadedwandb: \ 0.001 MB of 0.001 MB uploadedwandb: | 0.001 MB of 0.001 MB uploadedwandb: / 0.001 MB of 0.001 MB uploadedwandb: - 0.001 MB of 0.001 MB uploadedwandb: \ 0.001 MB of 0.001 MB uploadedwandb: | 0.001 MB of 0.001 MB uploadedwandb: / 0.001 MB of 0.001 MB uploadedwandb: - 0.001 MB of 0.001 MB uploadedwandb: \ 0.001 MB of 0.001 MB uploadedwandb: | 0.001 MB of 0.001 MB uploadedwandb: / 0.001 MB of 0.001 MB uploadedwandb: - 0.001 MB of 0.001 MB uploadedwandb: \ 0.001 MB of 0.001 MB uploadedwandb: | 0.001 MB of 0.001 MB uploadedwandb: / 0.001 MB of 0.001 MB uploadedwandb: - 0.001 MB of 0.001 MB uploadedwandb: \ 0.001 MB of 0.001 MB uploadedwandb: | 0.001 MB of 0.001 MB uploadedwandb: / 0.001 MB of 0.001 MB uploadedwandb: - 0.001 MB of 0.001 MB uploadedwandb: \ 0.001 MB of 0.001 MB uploadedwandb: | 0.001 MB of 0.001 MB uploadedwandb: / 0.001 MB of 0.001 MB uploadedwandb: - 0.001 MB of 0.001 MB uploadedwandb: \ 0.001 MB of 0.001 MB uploadedwandb: | 0.001 MB of 0.001 MB uploadedwandb: / 0.001 MB of 0.001 MB uploadedwandb: - 0.001 MB of 0.001 MB uploadedwandb: \ 0.001 MB of 0.001 MB uploadedwandb: | 0.001 MB of 0.001 MB uploadedwandb: / 0.001 MB of 0.001 MB uploadedwandb: - 0.001 MB of 0.001 MB uploadedwandb: \ 0.001 MB of 0.001 MB uploadedwandb: | 0.007 MB of 0.068 MB uploaded (0.004 MB deduped)wandb: / 0.017 MB of 0.068 MB uploaded (0.004 MB deduped)wandb: - 0.068 MB of 0.068 MB uploaded (0.004 MB deduped)wandb: \ 0.068 MB of 0.068 MB uploaded (0.004 MB deduped)wandb: | 0.068 MB of 0.068 MB uploaded (0.004 MB deduped)wandb: / 0.068 MB of 0.068 MB uploaded (0.004 MB deduped)wandb: - 0.068 MB of 0.068 MB uploaded (0.004 MB deduped)wandb: 
wandb: Run history:
wandb: Communication Time ▁▁▁▁▁▁▁▁▁▁▁▁▅▁▁▁▁█▁▁█▁▁▁▁▁▁▁▁▁▁▁▁▁▁▁▁▁▁▁
wandb:    MAE (test data) ▁▂▆▆██████▇█▇████▇████▇█▇██████████▇████
wandb:   MAPE (test data) ▁▆██████████████████████████████████████
wandb:    MSE (test data) ▁▃▇▆▇█▇█▇█▇█▇████▇██████▇██████████▇▇███
wandb:     R2 (test data) █▆▂▃▂▁▂▁▂▁▂▁▂▁▁▁▁▂▁▁▁▁▁▁▂▁▁▁▁▁▁▁▁▁▁▂▂▁▁▁
wandb:   RMSE (test data) ▁▃▇▆▇████████████▇██████▇██████████▇████
wandb:    loss(test data) ▁▃▇▆▇█▇█▇█▇█▇████▇██████▇██████████▇▇███
wandb: 
wandb: Run summary:
wandb: Communication Time 6.83456
wandb:    MAE (test data) 158.0287
wandb:   MAPE (test data) 190.99689
wandb:    MSE (test data) 33855.17969
wandb:     R2 (test data) -1.72999
wandb:   RMSE (test data) 183.99777
wandb:    loss(test data) 33855.18005
wandb: 
wandb: 🚀 View run fanciful-energy-24 at: https://wandb.ai/digitalai/CFL/runs/f1erxmhy
wandb: ️⚡ View job at https://wandb.ai/digitalai/CFL/jobs/QXJ0aWZhY3RDb2xsZWN0aW9uOjE0NzEyNzUxNA==/version_details/v4
wandb: Synced 6 W&B file(s), 0 media file(s), 2 artifact file(s) and 0 other file(s)
wandb: Find logs at: ./wandb/run-20240309_123333-f1erxmhy/logs
