wandb: Currently logged in as: longyunbo218 (digitalai). Use `wandb login --relogin` to force relogin
wandb: wandb version 0.16.4 is available!  To upgrade, please run:
wandb:  $ pip install wandb --upgrade
wandb: Tracking run with wandb version 0.16.2
wandb: Run data is saved locally in /Users/yunbo/Documents/GitHub/PFL_Optimiozation/Model_training/1_cluster/wandb/run-20240309_123333-gh5paojw
wandb: Run `wandb offline` to turn off syncing.
wandb: Syncing run eager-fire-30
wandb: ⭐️ View project at https://wandb.ai/digitalai/CFL
wandb: 🚀 View run at https://wandb.ai/digitalai/CFL/runs/gh5paojw
INFO flwr 2024-03-09 12:33:56,958 | grpc.py:52 | Opened insecure gRPC connection (no certificates were passed)
DEBUG flwr 2024-03-09 12:33:56,971 | connection.py:42 | ChannelConnectivity.IDLE
DEBUG flwr 2024-03-09 12:33:56,972 | connection.py:42 | ChannelConnectivity.READY
Epoch 1/10, Loss: 15440.8421
Epoch 2/10, Loss: 4622.6873
Epoch 3/10, Loss: 3982.3156
Epoch 4/10, Loss: 3715.4173
Epoch 5/10, Loss: 3490.2044
Epoch 6/10, Loss: 3659.6840
Epoch 7/10, Loss: 3358.4508
Epoch 8/10, Loss: 3150.2086
Epoch 9/10, Loss: 3930.1814
Epoch 10/10, Loss: 2788.7443
Performance Metrics:
RMSE (test data): 193.58509826660156
MAE (test data): 145.1624298095703
MAPE (test data): 74.24184083938599
MSE (test data): 37475.1875
R2 (test data): -0.8668782920606779
loss (test data): 37475.18702775594
Epoch 1/10, Loss: 2201.3064
Epoch 2/10, Loss: 50.5358
Epoch 3/10, Loss: 41.0211
Epoch 4/10, Loss: 41.8531
Epoch 5/10, Loss: 34.8687
Epoch 6/10, Loss: 30.5732
Epoch 7/10, Loss: 30.1370
Epoch 8/10, Loss: 32.9916
Epoch 9/10, Loss: 36.4408
Epoch 10/10, Loss: 24.1872
Performance Metrics:
RMSE (test data): 140.78521728515625
MAE (test data): 106.6948471069336
MAPE (test data): 85.662442445755
MSE (test data): 19820.478515625
R2 (test data): 0.012615350470254527
loss (test data): 19820.48018554005
Epoch 1/10, Loss: 953.1539
Epoch 2/10, Loss: 30.6680
Epoch 3/10, Loss: 23.3893
Epoch 4/10, Loss: 17.5918
Epoch 5/10, Loss: 14.4338
Epoch 6/10, Loss: 12.9910
Epoch 7/10, Loss: 11.6443
Epoch 8/10, Loss: 13.3281
Epoch 9/10, Loss: 15.5509
Epoch 10/10, Loss: 19.3688
Performance Metrics:
RMSE (test data): 108.90441131591797
MAE (test data): 85.34169006347656
MAPE (test data): 99.52303767204285
MSE (test data): 11860.1708984375
R2 (test data): 0.40916925003362514
loss (test data): 11860.169355455102
Epoch 1/10, Loss: 921.7272
Epoch 2/10, Loss: 19.5933
Epoch 3/10, Loss: 8.9444
Epoch 4/10, Loss: 13.5848
Epoch 5/10, Loss: 5.6888
Epoch 6/10, Loss: 6.6668
Epoch 7/10, Loss: 13.2162
Epoch 8/10, Loss: 21.8793
Epoch 9/10, Loss: 48.6951
Epoch 10/10, Loss: 15.0997
Performance Metrics:
RMSE (test data): 100.26981353759766
MAE (test data): 77.56089782714844
MAPE (test data): 104.01715040206909
MSE (test data): 10054.03515625
R2 (test data): 0.49914436929678074
loss (test data): 10054.034288876877
Epoch 1/10, Loss: 311.0187
Epoch 2/10, Loss: 10.2127
Epoch 3/10, Loss: 19.3777
Epoch 4/10, Loss: 12.0577
Epoch 5/10, Loss: 6.4933
Epoch 6/10, Loss: 6.7789
Epoch 7/10, Loss: 6.1293
Epoch 8/10, Loss: 7.7152
Epoch 9/10, Loss: 15.3770
Epoch 10/10, Loss: 67.5868
Performance Metrics:
RMSE (test data): 100.85041046142578
MAE (test data): 74.81981658935547
MAPE (test data): 101.87615156173706
MSE (test data): 10170.8056640625
R2 (test data): 0.4933272312221937
loss (test data): 10170.80598361204
Epoch 1/10, Loss: 311.2569
Epoch 2/10, Loss: 7.9355
Epoch 3/10, Loss: 5.7898
Epoch 4/10, Loss: 4.1905
Epoch 5/10, Loss: 11.5598
Epoch 6/10, Loss: 27.1394
Epoch 7/10, Loss: 3.3049
Epoch 8/10, Loss: 3.7976
Epoch 9/10, Loss: 11.4753
Epoch 10/10, Loss: 188.8715
Performance Metrics:
RMSE (test data): 95.51344299316406
MAE (test data): 74.70027923583984
MAPE (test data): 104.62460517883301
MSE (test data): 9122.8173828125
R2 (test data): 0.5455342447955247
loss (test data): 9122.816957997577
Epoch 1/10, Loss: 361.1092
Epoch 2/10, Loss: 8.4103
Epoch 3/10, Loss: 3.6058
Epoch 4/10, Loss: 4.6770
Epoch 5/10, Loss: 2.4860
Epoch 6/10, Loss: 3.0768
Epoch 7/10, Loss: 2.3696
Epoch 8/10, Loss: 1.7901
Epoch 9/10, Loss: 2.8917
Epoch 10/10, Loss: 4.8091
Performance Metrics:
RMSE (test data): 90.4927749633789
MAE (test data): 69.79566192626953
MAPE (test data): 106.36155605316162
MSE (test data): 8188.94287109375
R2 (test data): 0.5920564853975571
loss (test data): 8188.942715840103
Epoch 1/10, Loss: 373.9028
Epoch 2/10, Loss: 9.0492
Epoch 3/10, Loss: 7.8507
Epoch 4/10, Loss: 5.7194
Epoch 5/10, Loss: 4.3604
Epoch 6/10, Loss: 5.0837
Epoch 7/10, Loss: 5.3715
Epoch 8/10, Loss: 6.3736
Epoch 9/10, Loss: 23.0468
Epoch 10/10, Loss: 3.4072
Performance Metrics:
RMSE (test data): 92.69847869873047
MAE (test data): 72.1490249633789
MAPE (test data): 105.64212799072266
MSE (test data): 8593.0078125
R2 (test data): 0.571927419600416
loss (test data): 8593.00792783128
Epoch 1/10, Loss: 341.2085
Epoch 2/10, Loss: 5.2086
Epoch 3/10, Loss: 6.5944
Epoch 4/10, Loss: 3.5601
Epoch 5/10, Loss: 3.2422
Epoch 6/10, Loss: 2.3138
Epoch 7/10, Loss: 2.6867
Epoch 8/10, Loss: 2.8592
Epoch 9/10, Loss: 2.4805
Epoch 10/10, Loss: 1.8483
Performance Metrics:
RMSE (test data): 89.84513092041016
MAE (test data): 69.22152709960938
MAPE (test data): 106.59482479095459
MSE (test data): 8072.14794921875
R2 (test data): 0.5978747503059042
loss (test data): 8072.1485357704405
Epoch 1/10, Loss: 247.9534
Epoch 2/10, Loss: 6.9190
Epoch 3/10, Loss: 6.2016
Epoch 4/10, Loss: 2.6720
Epoch 5/10, Loss: 3.8049
Epoch 6/10, Loss: 10.8701
Epoch 7/10, Loss: 2.1506
Epoch 8/10, Loss: 5.7463
Epoch 9/10, Loss: 57.7843
Epoch 10/10, Loss: 25.2831
Performance Metrics:
RMSE (test data): 87.38177490234375
MAE (test data): 66.41282653808594
MAPE (test data): 108.97154808044434
MSE (test data): 7635.5751953125
R2 (test data): 0.6196232342913779
loss (test data): 7635.575686664702
Epoch 1/10, Loss: 497.7642
Epoch 2/10, Loss: 6.3847
Epoch 3/10, Loss: 3.9314
Epoch 4/10, Loss: 2.9777
Epoch 5/10, Loss: 2.4491
Epoch 6/10, Loss: 2.2742
Epoch 7/10, Loss: 2.9078
Epoch 8/10, Loss: 1.9104
Epoch 9/10, Loss: 1.9397
Epoch 10/10, Loss: 1.3153
Performance Metrics:
RMSE (test data): 87.40892791748047
MAE (test data): 66.00706481933594
MAPE (test data): 107.88617134094238
MSE (test data): 7640.3212890625
R2 (test data): 0.6193867783029339
loss (test data): 7640.322128114627
Epoch 1/10, Loss: 499.6779
Epoch 2/10, Loss: 3.9885
Epoch 3/10, Loss: 2.3195
Epoch 4/10, Loss: 1.8862
Epoch 5/10, Loss: 1.4288
Epoch 6/10, Loss: 1.2890
Epoch 7/10, Loss: 1.1312
Epoch 8/10, Loss: 0.9264
Epoch 9/10, Loss: 1.1664
Epoch 10/10, Loss: 2.5689
Performance Metrics:
RMSE (test data): 91.0708236694336
MAE (test data): 71.55391693115234
MAPE (test data): 106.80177211761475
MSE (test data): 8293.8955078125
R2 (test data): 0.5868281128779917
loss (test data): 8293.895685586456
Epoch 1/10, Loss: 238.4736
Epoch 2/10, Loss: 2.6479
Epoch 3/10, Loss: 1.4534
Epoch 4/10, Loss: 1.8010
Epoch 5/10, Loss: 1.0821
Epoch 6/10, Loss: 1.1133
Epoch 7/10, Loss: 1.4586
Epoch 8/10, Loss: 0.6736
Epoch 9/10, Loss: 1.3938
Epoch 10/10, Loss: 0.8904
Performance Metrics:
RMSE (test data): 87.77349090576172
MAE (test data): 66.762451171875
MAPE (test data): 107.28967189788818
MSE (test data): 7704.18603515625
R2 (test data): 0.6162053332922584
loss (test data): 7704.185672784001
Epoch 1/10, Loss: 560.5605
Epoch 2/10, Loss: 6.6484
Epoch 3/10, Loss: 3.7843
Epoch 4/10, Loss: 2.5885
Epoch 5/10, Loss: 1.7909
Epoch 6/10, Loss: 1.3550
Epoch 7/10, Loss: 2.0800
Epoch 8/10, Loss: 1.9283
Epoch 9/10, Loss: 0.7908
Epoch 10/10, Loss: 0.8803
Performance Metrics:
RMSE (test data): 89.26023864746094
MAE (test data): 71.31364440917969
MAPE (test data): 107.89791345596313
MSE (test data): 7967.39013671875
R2 (test data): 0.6030934448332772
loss (test data): 7967.38999033674
Epoch 1/10, Loss: 546.5069
Epoch 2/10, Loss: 4.2621
Epoch 3/10, Loss: 2.6249
Epoch 4/10, Loss: 1.6336
Epoch 5/10, Loss: 1.3866
Epoch 6/10, Loss: 1.2604
Epoch 7/10, Loss: 1.1690
Epoch 8/10, Loss: 0.9331
Epoch 9/10, Loss: 1.0483
Epoch 10/10, Loss: 0.9518
Performance Metrics:
RMSE (test data): 88.5975112915039
MAE (test data): 68.50277709960938
MAPE (test data): 107.83059597015381
MSE (test data): 7849.5185546875
R2 (test data): 0.6089653535171855
loss (test data): 7849.518977113907
Epoch 1/10, Loss: 313.2024
Epoch 2/10, Loss: 3.8920
Epoch 3/10, Loss: 1.9749
Epoch 4/10, Loss: 1.4497
Epoch 5/10, Loss: 1.0701
Epoch 6/10, Loss: 1.1157
Epoch 7/10, Loss: 1.7863
Epoch 8/10, Loss: 0.7725
Epoch 9/10, Loss: 0.7205
Epoch 10/10, Loss: 1.6715
Performance Metrics:
RMSE (test data): 90.75537109375
MAE (test data): 72.14930725097656
MAPE (test data): 106.78036212921143
MSE (test data): 8236.537109375
R2 (test data): 0.5896855317313558
loss (test data): 8236.536594137622
Epoch 1/10, Loss: 426.3763
Epoch 2/10, Loss: 2.3756
Epoch 3/10, Loss: 1.3968
Epoch 4/10, Loss: 1.2126
Epoch 5/10, Loss: 1.0648
Epoch 6/10, Loss: 0.7716
Epoch 7/10, Loss: 0.7258
Epoch 8/10, Loss: 0.6433
Epoch 9/10, Loss: 0.8738
Epoch 10/10, Loss: 0.4022
Performance Metrics:
RMSE (test data): 86.33380126953125
MAE (test data): 65.00190734863281
MAPE (test data): 108.14800262451172
MSE (test data): 7453.52490234375
R2 (test data): 0.6286923483200731
loss (test data): 7453.524747772537
Epoch 1/10, Loss: 254.7244
Epoch 2/10, Loss: 1.2375
Epoch 3/10, Loss: 0.8679
Epoch 4/10, Loss: 0.6087
Epoch 5/10, Loss: 0.4858
Epoch 6/10, Loss: 0.3973
Epoch 7/10, Loss: 0.3728
Epoch 8/10, Loss: 0.2862
Epoch 9/10, Loss: 0.2617
Epoch 10/10, Loss: 0.1964
Performance Metrics:
RMSE (test data): 91.56871795654297
MAE (test data): 74.71620178222656
MAPE (test data): 107.09309577941895
MSE (test data): 8384.830078125
R2 (test data): 0.5822980622746268
loss (test data): 8384.83063157866
Epoch 1/10, Loss: 331.0755
Epoch 2/10, Loss: 1.4363
Epoch 3/10, Loss: 1.0765
Epoch 4/10, Loss: 0.8040
Epoch 5/10, Loss: 0.6573
Epoch 6/10, Loss: 0.6094
Epoch 7/10, Loss: 0.4542
Epoch 8/10, Loss: 0.3643
Epoch 9/10, Loss: 0.4043
Epoch 10/10, Loss: 0.2947
Performance Metrics:
RMSE (test data): 86.86083221435547
MAE (test data): 65.47026062011719
MAPE (test data): 107.79581069946289
MSE (test data): 7544.80419921875
R2 (test data): 0.6241451367937857
loss (test data): 7544.804255860739
Epoch 1/10, Loss: 223.1153
Epoch 2/10, Loss: 2.2208
Epoch 3/10, Loss: 1.0287
Epoch 4/10, Loss: 1.0869
Epoch 5/10, Loss: 0.6538
Epoch 6/10, Loss: 0.5850
Epoch 7/10, Loss: 0.6972
Epoch 8/10, Loss: 0.8766
Epoch 9/10, Loss: 0.4825
Epoch 10/10, Loss: 0.3679
Performance Metrics:
RMSE (test data): 95.35177612304688
MAE (test data): 79.74026489257812
MAPE (test data): 105.55962324142456
MSE (test data): 9091.9619140625
R2 (test data): 0.547071321670348
loss (test data): 9091.962221498843
Epoch 1/10, Loss: 331.5633
Epoch 2/10, Loss: 1.7566
Epoch 3/10, Loss: 1.1622
Epoch 4/10, Loss: 0.9894
Epoch 5/10, Loss: 0.7596
Epoch 6/10, Loss: 0.6215
Epoch 7/10, Loss: 0.5294
Epoch 8/10, Loss: 0.3991
Epoch 9/10, Loss: 0.3170
Epoch 10/10, Loss: 0.5695
Performance Metrics:
RMSE (test data): 89.76061248779297
MAE (test data): 70.01185607910156
MAPE (test data): 106.26745223999023
MSE (test data): 8056.96728515625
R2 (test data): 0.5986310140852282
loss (test data): 8056.9675127478595
Epoch 1/10, Loss: 348.1448
Epoch 2/10, Loss: 1.6725
Epoch 3/10, Loss: 0.8867
Epoch 4/10, Loss: 0.5724
Epoch 5/10, Loss: 0.5029
Epoch 6/10, Loss: 0.4017
Epoch 7/10, Loss: 0.4832
Epoch 8/10, Loss: 0.5863
Epoch 9/10, Loss: 0.2818
Epoch 10/10, Loss: 0.5090
Performance Metrics:
RMSE (test data): 89.82711791992188
MAE (test data): 72.81819152832031
MAPE (test data): 107.58005380630493
MSE (test data): 8068.9111328125
R2 (test data): 0.5980360198491883
loss (test data): 8068.911245755263
Epoch 1/10, Loss: 316.5925
Epoch 2/10, Loss: 1.9467
Epoch 3/10, Loss: 0.9856
Epoch 4/10, Loss: 0.7277
Epoch 5/10, Loss: 0.7060
Epoch 6/10, Loss: 0.4349
Epoch 7/10, Loss: 0.4143
Epoch 8/10, Loss: 0.3193
Epoch 9/10, Loss: 0.3705
Epoch 10/10, Loss: 0.2714
Performance Metrics:
RMSE (test data): 89.58108520507812
MAE (test data): 72.82962799072266
MAPE (test data): 107.47425556182861
MSE (test data): 8024.77099609375
R2 (test data): 0.6002349319926893
loss (test data): 8024.770936380809
Epoch 1/10, Loss: 338.2685
Epoch 2/10, Loss: 2.2208
Epoch 3/10, Loss: 1.2070
Epoch 4/10, Loss: 0.8794
Epoch 5/10, Loss: 0.7576
Epoch 6/10, Loss: 0.5771
Epoch 7/10, Loss: 0.5231
Epoch 8/10, Loss: 0.3943
Epoch 9/10, Loss: 0.4459
Epoch 10/10, Loss: 0.7769
Performance Metrics:
RMSE (test data): 90.98555755615234
MAE (test data): 71.74029541015625
MAPE (test data): 105.26955127716064
MSE (test data): 8278.37109375
R2 (test data): 0.58760147257409
loss (test data): 8278.371395726874
Epoch 1/10, Loss: 279.9156
Epoch 2/10, Loss: 1.3508
Epoch 3/10, Loss: 0.8204
Epoch 4/10, Loss: 0.6659
Epoch 5/10, Loss: 0.5836
Epoch 6/10, Loss: 0.5535
Epoch 7/10, Loss: 0.5627
Epoch 8/10, Loss: 0.4593
Epoch 9/10, Loss: 0.3211
Epoch 10/10, Loss: 0.9104
Performance Metrics:
RMSE (test data): 91.63460540771484
MAE (test data): 71.9793701171875
MAPE (test data): 105.238938331604
MSE (test data): 8396.900390625
R2 (test data): 0.58169677307517
loss (test data): 8396.90065882141
Epoch 1/10, Loss: 310.5933
Epoch 2/10, Loss: 1.9024
Epoch 3/10, Loss: 1.2962
Epoch 4/10, Loss: 0.7809
Epoch 5/10, Loss: 0.5723
Epoch 6/10, Loss: 0.5045
Epoch 7/10, Loss: 0.3968
Epoch 8/10, Loss: 0.3630
Epoch 9/10, Loss: 0.2068
Epoch 10/10, Loss: 0.2600
Performance Metrics:
RMSE (test data): 93.20307922363281
MAE (test data): 76.84393310546875
MAPE (test data): 106.45002126693726
MSE (test data): 8686.8134765625
R2 (test data): 0.5672543734136337
loss (test data): 8686.813258866177
Epoch 1/10, Loss: 343.8272
Epoch 2/10, Loss: 2.2641
Epoch 3/10, Loss: 1.1162
Epoch 4/10, Loss: 0.8619
Epoch 5/10, Loss: 0.7342
Epoch 6/10, Loss: 0.6245
Epoch 7/10, Loss: 0.4354
Epoch 8/10, Loss: 0.4532
Epoch 9/10, Loss: 0.3412
Epoch 10/10, Loss: 0.2309
Performance Metrics:
RMSE (test data): 91.01933288574219
MAE (test data): 71.52732849121094
MAPE (test data): 105.61443567276001
MSE (test data): 8284.51953125
R2 (test data): 0.5872951533304487
loss (test data): 8284.520501670597
Epoch 1/10, Loss: 216.5482
Epoch 2/10, Loss: 1.1207
Epoch 3/10, Loss: 0.7863
Epoch 4/10, Loss: 0.6364
Epoch 5/10, Loss: 0.5048
Epoch 6/10, Loss: 0.4103
Epoch 7/10, Loss: 0.3209
Epoch 8/10, Loss: 0.2613
Epoch 9/10, Loss: 0.2378
Epoch 10/10, Loss: 0.1645
Performance Metrics:
RMSE (test data): 87.1832504272461
MAE (test data): 67.7364501953125
MAPE (test data): 107.58894681930542
MSE (test data): 7600.9189453125
R2 (test data): 0.6213497206138703
loss (test data): 7600.918565196977
Epoch 1/10, Loss: 388.9584
Epoch 2/10, Loss: 1.8102
Epoch 3/10, Loss: 0.8570
Epoch 4/10, Loss: 0.6330
Epoch 5/10, Loss: 0.4734
Epoch 6/10, Loss: 0.4329
Epoch 7/10, Loss: 0.3584
Epoch 8/10, Loss: 0.3449
Epoch 9/10, Loss: 0.3591
Epoch 10/10, Loss: 0.3443
Performance Metrics:
RMSE (test data): 89.58482360839844
MAE (test data): 71.90802764892578
MAPE (test data): 107.28899240493774
MSE (test data): 8025.44091796875
R2 (test data): 0.6002015431305824
loss (test data): 8025.4411186042325
Epoch 1/10, Loss: 245.4184
Epoch 2/10, Loss: 1.4693
Epoch 3/10, Loss: 0.7023
Epoch 4/10, Loss: 0.4894
Epoch 5/10, Loss: 0.4422
Epoch 6/10, Loss: 0.3365
Epoch 7/10, Loss: 0.2695
Epoch 8/10, Loss: 0.2648
Epoch 9/10, Loss: 0.2699
Epoch 10/10, Loss: 0.4377
Performance Metrics:
RMSE (test data): 90.05839538574219
MAE (test data): 73.67845916748047
MAPE (test data): 107.71770477294922
MSE (test data): 8110.51416015625
R2 (test data): 0.5959635250587895
loss (test data): 8110.5139325646405
Epoch 1/10, Loss: 252.5735
Epoch 2/10, Loss: 1.8260
Epoch 3/10, Loss: 0.8565
Epoch 4/10, Loss: 0.6827
Epoch 5/10, Loss: 0.5294
Epoch 6/10, Loss: 0.4351
Epoch 7/10, Loss: 0.3195
Epoch 8/10, Loss: 0.2565
Epoch 9/10, Loss: 0.4307
Epoch 10/10, Loss: 0.3568
Performance Metrics:
RMSE (test data): 93.81875610351562
MAE (test data): 77.23698425292969
MAPE (test data): 105.61778545379639
MSE (test data): 8801.958984375
R2 (test data): 0.5615182390621596
loss (test data): 8801.958789198987
Epoch 1/10, Loss: 291.0336
Epoch 2/10, Loss: 2.6192
Epoch 3/10, Loss: 1.2531
Epoch 4/10, Loss: 0.8366
Epoch 5/10, Loss: 0.6022
Epoch 6/10, Loss: 0.5514
Epoch 7/10, Loss: 0.5247
Epoch 8/10, Loss: 0.3016
Epoch 9/10, Loss: 0.2687
Epoch 10/10, Loss: 0.2501
Performance Metrics:
RMSE (test data): 92.74000549316406
MAE (test data): 76.02587127685547
MAPE (test data): 105.79599142074585
MSE (test data): 8600.7080078125
R2 (test data): 0.5715438231912153
loss (test data): 8600.708065819357
Epoch 1/10, Loss: 320.9000
Epoch 2/10, Loss: 1.9357
Epoch 3/10, Loss: 1.0136
Epoch 4/10, Loss: 0.7487
Epoch 5/10, Loss: 0.5894
Epoch 6/10, Loss: 0.4812
Epoch 7/10, Loss: 0.4082
Epoch 8/10, Loss: 0.4694
Epoch 9/10, Loss: 0.3651
Epoch 10/10, Loss: 0.3263
Performance Metrics:
RMSE (test data): 93.09466552734375
MAE (test data): 75.81521606445312
MAPE (test data): 105.36361932754517
MSE (test data): 8666.6171875
R2 (test data): 0.5682604800594035
loss (test data): 8666.617045553809
Epoch 1/10, Loss: 361.8993
Epoch 2/10, Loss: 2.8442
Epoch 3/10, Loss: 1.1218
Epoch 4/10, Loss: 0.7635
Epoch 5/10, Loss: 0.5248
Epoch 6/10, Loss: 0.5877
Epoch 7/10, Loss: 0.3861
Epoch 8/10, Loss: 0.3619
Epoch 9/10, Loss: 0.2963
Epoch 10/10, Loss: 0.2779
Performance Metrics:
RMSE (test data): 92.4909896850586
MAE (test data): 75.95564270019531
MAPE (test data): 105.84734678268433
MSE (test data): 8554.5830078125
R2 (test data): 0.5738415952737677
loss (test data): 8554.58333572185
Epoch 1/10, Loss: 289.3702
Epoch 2/10, Loss: 1.7038
Epoch 3/10, Loss: 0.7429
Epoch 4/10, Loss: 0.5986
Epoch 5/10, Loss: 0.4364
Epoch 6/10, Loss: 0.3747
Epoch 7/10, Loss: 0.3069
Epoch 8/10, Loss: 0.3086
Epoch 9/10, Loss: 0.2591
Epoch 10/10, Loss: 0.2073
Performance Metrics:
RMSE (test data): 94.19444274902344
MAE (test data): 77.1971435546875
MAPE (test data): 105.22149801254272
MSE (test data): 8872.59375
R2 (test data): 0.5579994295395163
loss (test data): 8872.594533092572
Epoch 1/10, Loss: 341.1057
Epoch 2/10, Loss: 1.7627
Epoch 3/10, Loss: 0.8488
Epoch 4/10, Loss: 0.7077
Epoch 5/10, Loss: 0.5889
Epoch 6/10, Loss: 0.4536
Epoch 7/10, Loss: 0.3347
Epoch 8/10, Loss: 0.3240
Epoch 9/10, Loss: 0.2558
Epoch 10/10, Loss: 0.2521
Performance Metrics:
RMSE (test data): 93.30823516845703
MAE (test data): 76.47154235839844
MAPE (test data): 105.46066761016846
MSE (test data): 8706.4267578125
R2 (test data): 0.5662773524203375
loss (test data): 8706.425714371506
Epoch 1/10, Loss: 172.1533
Epoch 2/10, Loss: 0.9994
Epoch 3/10, Loss: 0.8489
Epoch 4/10, Loss: 0.5109
Epoch 5/10, Loss: 0.3719
Epoch 6/10, Loss: 0.3791
Epoch 7/10, Loss: 0.2907
Epoch 8/10, Loss: 0.4058
Epoch 9/10, Loss: 0.3184
Epoch 10/10, Loss: 0.3099
Performance Metrics:
RMSE (test data): 93.1816635131836
MAE (test data): 76.98612213134766
MAPE (test data): 105.97240924835205
MSE (test data): 8682.822265625
R2 (test data): 0.5674532026527408
loss (test data): 8682.82205407058
Epoch 1/10, Loss: 266.0454
Epoch 2/10, Loss: 1.4854
Epoch 3/10, Loss: 0.9391
Epoch 4/10, Loss: 0.6771
Epoch 5/10, Loss: 0.5077
Epoch 6/10, Loss: 0.4012
Epoch 7/10, Loss: 0.3682
Epoch 8/10, Loss: 0.2949
Epoch 9/10, Loss: 0.2321
Epoch 10/10, Loss: 0.2762
Performance Metrics:
RMSE (test data): 92.4251708984375
MAE (test data): 76.37391662597656
MAPE (test data): 106.28397464752197
MSE (test data): 8542.412109375
R2 (test data): 0.5744479285648247
loss (test data): 8542.411911469253
Epoch 1/10, Loss: 326.3401
Epoch 2/10, Loss: 1.9537
Epoch 3/10, Loss: 1.0308
Epoch 4/10, Loss: 0.7389
Epoch 5/10, Loss: 0.6048
Epoch 6/10, Loss: 0.5388
Epoch 7/10, Loss: 0.4379
Epoch 8/10, Loss: 0.3219
Epoch 9/10, Loss: 0.3520
Epoch 10/10, Loss: 0.2612
Performance Metrics:
RMSE (test data): 93.05236053466797
MAE (test data): 76.09490966796875
MAPE (test data): 105.32838106155396
MSE (test data): 8658.7421875
R2 (test data): 0.5686527801982348
loss (test data): 8658.7420636383
Epoch 1/10, Loss: 189.3891
Epoch 2/10, Loss: 1.0822
Epoch 3/10, Loss: 0.6946
Epoch 4/10, Loss: 0.5161
Epoch 5/10, Loss: 0.4439
Epoch 6/10, Loss: 0.4254
Epoch 7/10, Loss: 0.3088
Epoch 8/10, Loss: 0.2162
Epoch 9/10, Loss: 0.3595
Epoch 10/10, Loss: 0.3907
Performance Metrics:
RMSE (test data): 92.85325622558594
MAE (test data): 75.8571548461914
MAPE (test data): 105.48317432403564
MSE (test data): 8621.7275390625
R2 (test data): 0.5704967213382952
loss (test data): 8621.727374254782
Epoch 1/10, Loss: 321.4993
Epoch 2/10, Loss: 2.0325
Epoch 3/10, Loss: 0.8024
Epoch 4/10, Loss: 0.6040
Epoch 5/10, Loss: 0.5109
Epoch 6/10, Loss: 0.4496
Epoch 7/10, Loss: 0.3444
Epoch 8/10, Loss: 0.2809
Epoch 9/10, Loss: 0.2259
Epoch 10/10, Loss: 0.2351
Performance Metrics:
RMSE (test data): 92.88097381591797
MAE (test data): 76.38216400146484
MAPE (test data): 105.79495429992676
MSE (test data): 8626.875
R2 (test data): 0.5702402893407112
loss (test data): 8626.874943016794
Epoch 1/10, Loss: 256.1429
Epoch 2/10, Loss: 1.6973
Epoch 3/10, Loss: 0.8452
Epoch 4/10, Loss: 0.6593
Epoch 5/10, Loss: 0.5546
Epoch 6/10, Loss: 0.5139
Epoch 7/10, Loss: 0.4112
Epoch 8/10, Loss: 0.2943
Epoch 9/10, Loss: 0.2745
Epoch 10/10, Loss: 0.2298
Performance Metrics:
RMSE (test data): 92.84941101074219
MAE (test data): 76.28924560546875
MAPE (test data): 105.89158535003662
MSE (test data): 8621.013671875
R2 (test data): 0.5705322730762111
loss (test data): 8621.013611479626
Epoch 1/10, Loss: 268.9435
Epoch 2/10, Loss: 1.9066
Epoch 3/10, Loss: 0.8706
Epoch 4/10, Loss: 0.6488
Epoch 5/10, Loss: 0.5655
Epoch 6/10, Loss: 0.4824
Epoch 7/10, Loss: 0.3995
Epoch 8/10, Loss: 0.4100
Epoch 9/10, Loss: 0.2928
Epoch 10/10, Loss: 0.3255
Performance Metrics:
RMSE (test data): 91.86942291259766
MAE (test data): 75.41091918945312
MAPE (test data): 106.39452934265137
MSE (test data): 8439.990234375
R2 (test data): 0.579550194691016
loss (test data): 8439.990511443048
Epoch 1/10, Loss: 286.1308
Epoch 2/10, Loss: 1.7629
Epoch 3/10, Loss: 0.8888
Epoch 4/10, Loss: 0.7344
Epoch 5/10, Loss: 0.5122
Epoch 6/10, Loss: 0.4012
Epoch 7/10, Loss: 0.3027
Epoch 8/10, Loss: 0.2381
Epoch 9/10, Loss: 0.2542
Epoch 10/10, Loss: 0.1683
Performance Metrics:
RMSE (test data): 93.38948059082031
MAE (test data): 76.03565216064453
MAPE (test data): 105.2630066871643
MSE (test data): 8721.595703125
R2 (test data): 0.5655216083425553
loss (test data): 8721.59646403848
Epoch 1/10, Loss: 303.6232
Epoch 2/10, Loss: 1.7372
Epoch 3/10, Loss: 0.8334
Epoch 4/10, Loss: 0.6116
Epoch 5/10, Loss: 0.5067
Epoch 6/10, Loss: 0.4694
Epoch 7/10, Loss: 0.4051
Epoch 8/10, Loss: 0.2915
Epoch 9/10, Loss: 0.2770
Epoch 10/10, Loss: 0.2195
Performance Metrics:
RMSE (test data): 93.46653747558594
MAE (test data): 77.15766143798828
MAPE (test data): 105.77107667922974
MSE (test data): 8735.994140625
R2 (test data): 0.5648043595252947
loss (test data): 8735.994160586184
Epoch 1/10, Loss: 325.8016
Epoch 2/10, Loss: 1.5816
Epoch 3/10, Loss: 0.8239
Epoch 4/10, Loss: 0.6167
Epoch 5/10, Loss: 0.6118
Epoch 6/10, Loss: 0.4584
Epoch 7/10, Loss: 0.4167
Epoch 8/10, Loss: 0.5177
Epoch 9/10, Loss: 0.3557
Epoch 10/10, Loss: 0.4079
Performance Metrics:
RMSE (test data): 92.80244445800781
MAE (test data): 76.17261505126953
MAPE (test data): 105.75731992721558
MSE (test data): 8612.2939453125
R2 (test data): 0.5709666683067898
loss (test data): 8612.293706460736
Epoch 1/10, Loss: 244.9612
Epoch 2/10, Loss: 1.5435
Epoch 3/10, Loss: 0.6887
Epoch 4/10, Loss: 0.5589
Epoch 5/10, Loss: 0.4891
Epoch 6/10, Loss: 0.4206
Epoch 7/10, Loss: 0.3137
Epoch 8/10, Loss: 0.2769
Epoch 9/10, Loss: 0.2379
Epoch 10/10, Loss: 0.2260
Performance Metrics:
RMSE (test data): 91.44166564941406
MAE (test data): 74.70477294921875
MAPE (test data): 106.41748905181885
MSE (test data): 8361.578125
R2 (test data): 0.5834563967953237
loss (test data): 8361.57851603446
Epoch 1/10, Loss: 218.5029
Epoch 2/10, Loss: 1.3682
Epoch 3/10, Loss: 0.8869
Epoch 4/10, Loss: 0.6556
Epoch 5/10, Loss: 0.5776
Epoch 6/10, Loss: 0.6308
Epoch 7/10, Loss: 0.3888
Epoch 8/10, Loss: 0.3522
Epoch 9/10, Loss: 0.3167
Epoch 10/10, Loss: 0.5423
Performance Metrics:
RMSE (test data): 92.73380279541016
MAE (test data): 75.93785095214844
MAPE (test data): 105.68557977676392
MSE (test data): 8599.55859375
R2 (test data): 0.5716010548882756
loss (test data): 8599.559255369388
Epoch 1/10, Loss: 272.9027
Epoch 2/10, Loss: 1.4016
Epoch 3/10, Loss: 0.6435
Epoch 4/10, Loss: 0.5072
Epoch 5/10, Loss: 0.4083
Epoch 6/10, Loss: 0.3478
Epoch 7/10, Loss: 0.3056
Epoch 8/10, Loss: 0.2705
Epoch 9/10, Loss: 0.2291
Epoch 10/10, Loss: 0.2006
Performance Metrics:
RMSE (test data): 92.23505401611328
MAE (test data): 76.5315933227539
MAPE (test data): 106.7397952079773
MSE (test data): 8507.3056640625
R2 (test data): 0.576196792233505
loss (test data): 8507.30571865719
Epoch 1/10, Loss: 322.8194
Epoch 2/10, Loss: 1.6350
Epoch 3/10, Loss: 0.9190
Epoch 4/10, Loss: 0.6739
Epoch 5/10, Loss: 0.5526
Epoch 6/10, Loss: 0.5298
Epoch 7/10, Loss: 0.4641
Epoch 8/10, Loss: 0.3920
Epoch 9/10, Loss: 0.3514
Epoch 10/10, Loss: 0.3030
Performance Metrics:
RMSE (test data): 91.43880462646484
MAE (test data): 75.30937957763672
MAPE (test data): 106.89352750778198
MSE (test data): 8361.0556640625
R2 (test data): 0.5834824175388352
loss (test data): 8361.056108667999
Epoch 1/10, Loss: 307.4551
Epoch 2/10, Loss: 1.3180
Epoch 3/10, Loss: 0.6421
Epoch 4/10, Loss: 0.4750
Epoch 5/10, Loss: 0.4706
Epoch 6/10, Loss: 0.3695
Epoch 7/10, Loss: 0.2929
Epoch 8/10, Loss: 0.2650
Epoch 9/10, Loss: 0.2788
Epoch 10/10, Loss: 0.2032
Performance Metrics:
RMSE (test data): 92.99234771728516
MAE (test data): 76.89541625976562
MAPE (test data): 106.14660978317261
MSE (test data): 8647.576171875
R2 (test data): 0.5692090349467623
loss (test data): 8647.575962026664
Epoch 1/10, Loss: 375.4817
Epoch 2/10, Loss: 2.2565
Epoch 3/10, Loss: 0.8260
Epoch 4/10, Loss: 0.5708
Epoch 5/10, Loss: 0.4800
Epoch 6/10, Loss: 0.4254
Epoch 7/10, Loss: 0.4604
Epoch 8/10, Loss: 0.3824
Epoch 9/10, Loss: 0.3291
Epoch 10/10, Loss: 0.3378
Performance Metrics:
RMSE (test data): 92.93653106689453
MAE (test data): 76.10472106933594
MAPE (test data): 105.78601360321045
MSE (test data): 8637.19921875
R2 (test data): 0.5697259612273471
loss (test data): 8637.199419044266
Epoch 1/10, Loss: 233.6226
Epoch 2/10, Loss: 1.3343
Epoch 3/10, Loss: 0.6258
Epoch 4/10, Loss: 0.4518
Epoch 5/10, Loss: 0.4056
Epoch 6/10, Loss: 0.3757
Epoch 7/10, Loss: 0.3959
Epoch 8/10, Loss: 0.3200
Epoch 9/10, Loss: 0.3312
Epoch 10/10, Loss: 0.2271
Performance Metrics:
RMSE (test data): 92.77202606201172
MAE (test data): 75.56044006347656
MAPE (test data): 105.54770231246948
MSE (test data): 8606.6494140625
R2 (test data): 0.5712478417280448
loss (test data): 8606.649516427542
Epoch 1/10, Loss: 381.7117
Epoch 2/10, Loss: 2.8373
Epoch 3/10, Loss: 1.0683
Epoch 4/10, Loss: 0.6462
Epoch 5/10, Loss: 0.4548
Epoch 6/10, Loss: 0.4033
Epoch 7/10, Loss: 0.3253
Epoch 8/10, Loss: 0.3062
Epoch 9/10, Loss: 0.2741
Epoch 10/10, Loss: 0.2232
Performance Metrics:
RMSE (test data): 93.1614990234375
MAE (test data): 76.24812316894531
MAPE (test data): 105.43829202651978
MSE (test data): 8679.0654296875
R2 (test data): 0.5676403761775313
loss (test data): 8679.064799801276
Epoch 1/10, Loss: 250.5269
Epoch 2/10, Loss: 1.5308
Epoch 3/10, Loss: 0.5757
Epoch 4/10, Loss: 0.4331
Epoch 5/10, Loss: 0.4529
Epoch 6/10, Loss: 0.3186
Epoch 7/10, Loss: 0.3019
Epoch 8/10, Loss: 0.2677
Epoch 9/10, Loss: 0.1926
Epoch 10/10, Loss: 0.1637
Performance Metrics:
RMSE (test data): 93.02864074707031
MAE (test data): 75.74837493896484
MAPE (test data): 105.38222789764404
MSE (test data): 8654.328125
R2 (test data): 0.5688726329025674
loss (test data): 8654.328903656753
Epoch 1/10, Loss: 312.0784
Epoch 2/10, Loss: 2.2455
Epoch 3/10, Loss: 1.0054
Epoch 4/10, Loss: 0.6207
Epoch 5/10, Loss: 0.4827
Epoch 6/10, Loss: 0.4290
Epoch 7/10, Loss: 0.3146
Epoch 8/10, Loss: 0.3398
Epoch 9/10, Loss: 0.2224
Epoch 10/10, Loss: 0.1764
Performance Metrics:
RMSE (test data): 93.12287902832031
MAE (test data): 75.83366394042969
MAPE (test data): 105.34521341323853
MSE (test data): 8671.8701171875
R2 (test data): 0.5679988139946786
loss (test data): 8671.869632318418
Epoch 1/10, Loss: 274.8995
Epoch 2/10, Loss: 1.9821
Epoch 3/10, Loss: 0.8307
Epoch 4/10, Loss: 0.6057
Epoch 5/10, Loss: 0.4964
Epoch 6/10, Loss: 0.3911
Epoch 7/10, Loss: 0.4124
Epoch 8/10, Loss: 0.2552
Epoch 9/10, Loss: 0.2935
Epoch 10/10, Loss: 0.2171
Performance Metrics:
RMSE (test data): 93.03667449951172
MAE (test data): 76.01720428466797
MAPE (test data): 105.48672676086426
MSE (test data): 8655.822265625
R2 (test data): 0.5687982882946019
loss (test data): 8655.821222525223
Epoch 1/10, Loss: 195.5208
Epoch 2/10, Loss: 1.6823
Epoch 3/10, Loss: 0.8087
Epoch 4/10, Loss: 0.5839
Epoch 5/10, Loss: 0.4578
Epoch 6/10, Loss: 0.4135
Epoch 7/10, Loss: 0.3103
Epoch 8/10, Loss: 0.2672
Epoch 9/10, Loss: 0.2579
Epoch 10/10, Loss: 0.2594
Performance Metrics:
RMSE (test data): 93.04019165039062
MAE (test data): 75.907470703125
MAPE (test data): 105.34175634384155
MSE (test data): 8656.4775390625
R2 (test data): 0.5687655943978855
loss (test data): 8656.477475596173
Epoch 1/10, Loss: 230.4830
Epoch 2/10, Loss: 1.4537
Epoch 3/10, Loss: 0.6249
Epoch 4/10, Loss: 0.5717
Epoch 5/10, Loss: 0.4964
Epoch 6/10, Loss: 0.4150
Epoch 7/10, Loss: 0.3722
Epoch 8/10, Loss: 0.3634
Epoch 9/10, Loss: 0.2667
Epoch 10/10, Loss: 0.2177
Performance Metrics:
RMSE (test data): 92.89663696289062
MAE (test data): 75.36817169189453
MAPE (test data): 105.35138845443726
MSE (test data): 8629.78515625
R2 (test data): 0.5700952855337599
loss (test data): 8629.785680700232
Epoch 1/10, Loss: 247.3046
Epoch 2/10, Loss: 2.5635
Epoch 3/10, Loss: 1.4770
Epoch 4/10, Loss: 1.2868
Epoch 5/10, Loss: 0.7997
Epoch 6/10, Loss: 0.7831
Epoch 7/10, Loss: 0.6337
Epoch 8/10, Loss: 0.5367
Epoch 9/10, Loss: 0.5389
Epoch 10/10, Loss: 0.5015
Performance Metrics:
RMSE (test data): 93.2127914428711
MAE (test data): 75.3184814453125
MAPE (test data): 104.86124753952026
MSE (test data): 8688.625
R2 (test data): 0.5671641509546528
loss (test data): 8688.624446887557
Epoch 1/10, Loss: 201.5054
Epoch 2/10, Loss: 1.6943
Epoch 3/10, Loss: 0.7293
Epoch 4/10, Loss: 0.5907
Epoch 5/10, Loss: 0.5242
Epoch 6/10, Loss: 0.5213
Epoch 7/10, Loss: 0.3840
Epoch 8/10, Loss: 0.3250
Epoch 9/10, Loss: 0.2777
Epoch 10/10, Loss: 0.2840
Performance Metrics:
RMSE (test data): 93.18351745605469
MAE (test data): 75.46209716796875
MAPE (test data): 105.27291297912598
MSE (test data): 8683.16796875
R2 (test data): 0.5674359788973778
loss (test data): 8683.167784492925
Epoch 1/10, Loss: 353.6604
Epoch 2/10, Loss: 4.0802
Epoch 3/10, Loss: 1.5594
Epoch 4/10, Loss: 0.9230
Epoch 5/10, Loss: 0.7746
Epoch 6/10, Loss: 0.7293
Epoch 7/10, Loss: 0.6053
Epoch 8/10, Loss: 0.4271
Epoch 9/10, Loss: 0.3289
Epoch 10/10, Loss: 0.3110
Performance Metrics:
RMSE (test data): 94.09429931640625
MAE (test data): 76.78585052490234
MAPE (test data): 104.89306449890137
MSE (test data): 8853.7373046875
R2 (test data): 0.5589388007373701
loss (test data): 8853.737714147668
Epoch 1/10, Loss: 282.4117
Epoch 2/10, Loss: 2.3152
Epoch 3/10, Loss: 1.0317
Epoch 4/10, Loss: 0.8386
Epoch 5/10, Loss: 0.7862
Epoch 6/10, Loss: 0.7036
Epoch 7/10, Loss: 0.6957
Epoch 8/10, Loss: 0.6549
Epoch 9/10, Loss: 0.6524
Epoch 10/10, Loss: 0.5152
Performance Metrics:
RMSE (test data): 93.7004623413086
MAE (test data): 75.87401580810547
MAPE (test data): 104.94321584701538
MSE (test data): 8779.7763671875
R2 (test data): 0.5626232978016711
loss (test data): 8779.776249467703
Epoch 1/10, Loss: 216.5080
Epoch 2/10, Loss: 2.8603
Epoch 3/10, Loss: 1.1163
Epoch 4/10, Loss: 0.8755
Epoch 5/10, Loss: 0.7038
Epoch 6/10, Loss: 0.5664
Epoch 7/10, Loss: 0.5743
Epoch 8/10, Loss: 0.4733
Epoch 9/10, Loss: 0.6541
Epoch 10/10, Loss: 0.3732
Performance Metrics:
RMSE (test data): 93.55404663085938
MAE (test data): 76.81671142578125
MAPE (test data): 105.16383647918701
MSE (test data): 8752.3603515625
R2 (test data): 0.563989064921312
loss (test data): 8752.360204839273
Epoch 1/10, Loss: 205.7932
Epoch 2/10, Loss: 1.7358
Epoch 3/10, Loss: 0.7696
Epoch 4/10, Loss: 0.6173
Epoch 5/10, Loss: 0.5077
Epoch 6/10, Loss: 0.4303
Epoch 7/10, Loss: 0.3836
Epoch 8/10, Loss: 0.4656
Epoch 9/10, Loss: 0.2659
Epoch 10/10, Loss: 0.2676
Performance Metrics:
RMSE (test data): 92.38868713378906
MAE (test data): 75.88370513916016
MAPE (test data): 105.86906671524048
MSE (test data): 8535.669921875
R2 (test data): 0.5747837986023021
loss (test data): 8535.669836229581
Epoch 1/10, Loss: 232.0572
Epoch 2/10, Loss: 2.2484
Epoch 3/10, Loss: 0.8600
Epoch 4/10, Loss: 0.6785
Epoch 5/10, Loss: 0.5086
Epoch 6/10, Loss: 0.4596
Epoch 7/10, Loss: 0.4333
Epoch 8/10, Loss: 0.3373
Epoch 9/10, Loss: 0.3129
Epoch 10/10, Loss: 0.5485
Performance Metrics:
RMSE (test data): 93.07136535644531
MAE (test data): 76.36676788330078
MAPE (test data): 105.35922050476074
MSE (test data): 8662.279296875
R2 (test data): 0.5684765580466148
loss (test data): 8662.279578720083
Epoch 1/10, Loss: 243.7338
Epoch 2/10, Loss: 2.3345
Epoch 3/10, Loss: 0.8349
Epoch 4/10, Loss: 0.5772
Epoch 5/10, Loss: 0.5505
Epoch 6/10, Loss: 0.4714
Epoch 7/10, Loss: 0.4161
Epoch 8/10, Loss: 0.3775
Epoch 9/10, Loss: 0.3365
Epoch 10/10, Loss: 0.2819
Performance Metrics:
RMSE (test data): 92.77224731445312
MAE (test data): 75.9414291381836
MAPE (test data): 105.49581050872803
MSE (test data): 8606.689453125
R2 (test data): 0.5712458907287896
loss (test data): 8606.688724968335
Epoch 1/10, Loss: 270.8665
Epoch 2/10, Loss: 2.2811
Epoch 3/10, Loss: 0.9334
Epoch 4/10, Loss: 0.7078
Epoch 5/10, Loss: 0.5894
Epoch 6/10, Loss: 0.5436
Epoch 7/10, Loss: 0.4645
Epoch 8/10, Loss: 0.4399
Epoch 9/10, Loss: 0.3961
Epoch 10/10, Loss: 0.3476
Performance Metrics:
RMSE (test data): 92.68640899658203
MAE (test data): 75.89024353027344
MAPE (test data): 105.516517162323
MSE (test data): 8590.7705078125
R2 (test data): 0.5720388578000162
loss (test data): 8590.770844934705
Epoch 1/10, Loss: 230.8901
Epoch 2/10, Loss: 1.9466
Epoch 3/10, Loss: 0.8744
Epoch 4/10, Loss: 0.7003
Epoch 5/10, Loss: 0.5747
Epoch 6/10, Loss: 0.5315
Epoch 7/10, Loss: 0.4492
Epoch 8/10, Loss: 0.4173
Epoch 9/10, Loss: 0.3430
Epoch 10/10, Loss: 0.3370
Performance Metrics:
RMSE (test data): 91.58211517333984
MAE (test data): 75.30001831054688
MAPE (test data): 106.3562273979187
MSE (test data): 8387.2841796875
R2 (test data): 0.5821757945940731
loss (test data): 8387.284922516488
Epoch 1/10, Loss: 270.7820
Epoch 2/10, Loss: 2.3531
Epoch 3/10, Loss: 0.9658
Epoch 4/10, Loss: 0.6726
Epoch 5/10, Loss: 0.4993
Epoch 6/10, Loss: 0.4413
Epoch 7/10, Loss: 0.3812
Epoch 8/10, Loss: 0.3041
Epoch 9/10, Loss: 0.2851
Epoch 10/10, Loss: 0.2655
Performance Metrics:
RMSE (test data): 93.27593994140625
MAE (test data): 76.45584106445312
MAPE (test data): 105.33677339553833
MSE (test data): 8700.4013671875
R2 (test data): 0.566577481929079
loss (test data): 8700.401062480893
Epoch 1/10, Loss: 279.2618
Epoch 2/10, Loss: 1.6198
Epoch 3/10, Loss: 0.5694
Epoch 4/10, Loss: 0.4416
Epoch 5/10, Loss: 0.3764
Epoch 6/10, Loss: 0.3411
Epoch 7/10, Loss: 0.3326
Epoch 8/10, Loss: 0.3543
Epoch 9/10, Loss: 0.3253
Epoch 10/10, Loss: 0.2677
Performance Metrics:
RMSE (test data): 93.92588806152344
MAE (test data): 77.38095092773438
MAPE (test data): 105.084228515625
MSE (test data): 8822.072265625
R2 (test data): 0.5605162551404905
loss (test data): 8822.072466942916
Epoch 1/10, Loss: 298.2037
Epoch 2/10, Loss: 1.9848
Epoch 3/10, Loss: 0.7624
Epoch 4/10, Loss: 0.5750
Epoch 5/10, Loss: 0.4707
Epoch 6/10, Loss: 0.4078
Epoch 7/10, Loss: 0.3453
Epoch 8/10, Loss: 0.3349
Epoch 9/10, Loss: 0.3100
Epoch 10/10, Loss: 0.2674
Performance Metrics:
RMSE (test data): 91.77315521240234
MAE (test data): 75.3569107055664
MAPE (test data): 106.3166618347168
MSE (test data): 8422.3125
R2 (test data): 0.5804308497601046
loss (test data): 8422.312555618339
Epoch 1/10, Loss: 237.2225
Epoch 2/10, Loss: 1.5184
Epoch 3/10, Loss: 0.5257
Epoch 4/10, Loss: 0.3985
Epoch 5/10, Loss: 0.3473
Epoch 6/10, Loss: 0.3102
Epoch 7/10, Loss: 0.2736
Epoch 8/10, Loss: 0.3978
Epoch 9/10, Loss: 0.2505
Epoch 10/10, Loss: 0.2168
Performance Metrics:
RMSE (test data): 92.13634490966797
MAE (test data): 75.27714538574219
MAPE (test data): 105.88186979293823
MSE (test data): 8489.1064453125
R2 (test data): 0.577103408484066
loss (test data): 8489.106625645582
Epoch 1/10, Loss: 220.5534
Epoch 2/10, Loss: 1.8658
Epoch 3/10, Loss: 0.7440
Epoch 4/10, Loss: 0.6557
Epoch 5/10, Loss: 0.4617
Epoch 6/10, Loss: 0.4518
Epoch 7/10, Loss: 0.3866
Epoch 8/10, Loss: 0.3210
Epoch 9/10, Loss: 0.3385
Epoch 10/10, Loss: 0.3421
Performance Metrics:
RMSE (test data): 92.68424987792969
MAE (test data): 75.9612045288086
MAPE (test data): 105.73068857192993
MSE (test data): 8590.3701171875
R2 (test data): 0.5720588803006854
loss (test data): 8590.369037577524
Epoch 1/10, Loss: 284.6054
Epoch 2/10, Loss: 2.5986
Epoch 3/10, Loss: 1.1412
Epoch 4/10, Loss: 0.7693
Epoch 5/10, Loss: 0.6043
Epoch 6/10, Loss: 0.5775
Epoch 7/10, Loss: 0.5335
Epoch 8/10, Loss: 0.5406
Epoch 9/10, Loss: 0.4514
Epoch 10/10, Loss: 0.3642
Performance Metrics:
RMSE (test data): 91.64117431640625
MAE (test data): 75.39288330078125
MAPE (test data): 106.46454095840454
MSE (test data): 8398.10546875
R2 (test data): 0.5816367439066783
loss (test data): 8398.10565266586
Epoch 1/10, Loss: 227.6692
Epoch 2/10, Loss: 1.9163
Epoch 3/10, Loss: 0.9107
Epoch 4/10, Loss: 0.6842
Epoch 5/10, Loss: 0.5254
Epoch 6/10, Loss: 0.5492
Epoch 7/10, Loss: 0.4749
Epoch 8/10, Loss: 0.4189
Epoch 9/10, Loss: 0.2727
Epoch 10/10, Loss: 0.2712
Performance Metrics:
RMSE (test data): 92.51900482177734
MAE (test data): 75.77872467041016
MAPE (test data): 105.93931674957275
MSE (test data): 8559.765625
R2 (test data): 0.5735834486865352
loss (test data): 8559.7653001616
Epoch 1/10, Loss: 220.1813
Epoch 2/10, Loss: 1.7677
Epoch 3/10, Loss: 0.6559
Epoch 4/10, Loss: 0.4540
Epoch 5/10, Loss: 0.3597
Epoch 6/10, Loss: 0.3304
Epoch 7/10, Loss: 0.2736
Epoch 8/10, Loss: 0.3605
Epoch 9/10, Loss: 0.2784
Epoch 10/10, Loss: 0.3201
Performance Metrics:
RMSE (test data): 93.03620910644531
MAE (test data): 76.37603759765625
MAPE (test data): 105.6479811668396
MSE (test data): 8655.736328125
R2 (test data): 0.568802557160668
loss (test data): 8655.73556209327
Epoch 1/10, Loss: 277.8404
Epoch 2/10, Loss: 2.0613
Epoch 3/10, Loss: 0.6592
Epoch 4/10, Loss: 0.4003
Epoch 5/10, Loss: 0.3343
Epoch 6/10, Loss: 0.3206
Epoch 7/10, Loss: 0.2994
Epoch 8/10, Loss: 0.2636
Epoch 9/10, Loss: 0.2528
Epoch 10/10, Loss: 0.2290
Performance Metrics:
RMSE (test data): 92.41573333740234
MAE (test data): 75.94725036621094
MAPE (test data): 105.98863363265991
MSE (test data): 8540.66796875
R2 (test data): 0.5745348070848089
loss (test data): 8540.667959878363
Epoch 1/10, Loss: 350.9011
Epoch 2/10, Loss: 2.7673
Epoch 3/10, Loss: 1.1998
Epoch 4/10, Loss: 0.8173
Epoch 5/10, Loss: 0.7831
Epoch 6/10, Loss: 0.6428
Epoch 7/10, Loss: 0.6459
Epoch 8/10, Loss: 0.5923
Epoch 9/10, Loss: 0.4748
Epoch 10/10, Loss: 0.2786
Performance Metrics:
RMSE (test data): 92.79148864746094
MAE (test data): 76.09517669677734
MAPE (test data): 105.7773232460022
MSE (test data): 8610.2607421875
R2 (test data): 0.5710679553639775
loss (test data): 8610.260697488098
Epoch 1/10, Loss: 328.6087
Epoch 2/10, Loss: 2.2573
Epoch 3/10, Loss: 0.7244
Epoch 4/10, Loss: 0.4617
Epoch 5/10, Loss: 0.3814
Epoch 6/10, Loss: 0.3434
Epoch 7/10, Loss: 0.3054
Epoch 8/10, Loss: 0.3377
Epoch 9/10, Loss: 0.2818
Epoch 10/10, Loss: 0.2690
Performance Metrics:
RMSE (test data): 96.05792236328125
MAE (test data): 77.87779235839844
MAPE (test data): 104.38965559005737
MSE (test data): 9227.125
R2 (test data): 0.5403380156970807
loss (test data): 9227.124715425183
Epoch 1/10, Loss: 251.4994
Epoch 2/10, Loss: 2.4597
Epoch 3/10, Loss: 0.7192
Epoch 4/10, Loss: 0.4226
Epoch 5/10, Loss: 0.3339
Epoch 6/10, Loss: 0.3085
Epoch 7/10, Loss: 0.3257
Epoch 8/10, Loss: 0.2539
Epoch 9/10, Loss: 0.2526
Epoch 10/10, Loss: 0.2288
Performance Metrics:
RMSE (test data): 92.5498275756836
MAE (test data): 75.77037811279297
MAPE (test data): 105.79065084457397
MSE (test data): 8565.470703125
R2 (test data): 0.5732992309682259
loss (test data): 8565.470526374695
Epoch 1/10, Loss: 247.9858
Epoch 2/10, Loss: 1.7755
Epoch 3/10, Loss: 0.6556
Epoch 4/10, Loss: 0.3907
Epoch 5/10, Loss: 0.3327
Epoch 6/10, Loss: 0.3059
Epoch 7/10, Loss: 0.2596
Epoch 8/10, Loss: 0.2578
Epoch 9/10, Loss: 0.2438
Epoch 10/10, Loss: 0.2293
Performance Metrics:
RMSE (test data): 93.19802856445312
MAE (test data): 76.2527084350586
MAPE (test data): 105.49924373626709
MSE (test data): 8685.873046875
R2 (test data): 0.5673011834043706
loss (test data): 8685.87375080527
Epoch 1/10, Loss: 218.7630
Epoch 2/10, Loss: 1.8965
Epoch 3/10, Loss: 0.6706
Epoch 4/10, Loss: 0.4319
Epoch 5/10, Loss: 0.3949
Epoch 6/10, Loss: 0.3685
Epoch 7/10, Loss: 0.3571
Epoch 8/10, Loss: 0.3027
Epoch 9/10, Loss: 0.2696
Epoch 10/10, Loss: 0.2577
Performance Metrics:
RMSE (test data): 93.1528091430664
MAE (test data): 76.21820068359375
MAPE (test data): 105.5331826210022
MSE (test data): 8677.4453125
R2 (test data): 0.5677210827916507
loss (test data): 8677.4447440328
Epoch 1/10, Loss: 284.2962
Epoch 2/10, Loss: 3.4695
Epoch 3/10, Loss: 1.1758
Epoch 4/10, Loss: 0.5558
Epoch 5/10, Loss: 0.3983
Epoch 6/10, Loss: 0.3424
Epoch 7/10, Loss: 0.3522
Epoch 8/10, Loss: 0.3170
Epoch 9/10, Loss: 0.2719
Epoch 10/10, Loss: 0.2533
Performance Metrics:
RMSE (test data): 91.80748748779297
MAE (test data): 75.39873504638672
MAPE (test data): 106.32952451705933
MSE (test data): 8428.6142578125
R2 (test data): 0.5801169103283156
loss (test data): 8428.614358471457
Epoch 1/10, Loss: 240.7783
Epoch 2/10, Loss: 2.9138
Epoch 3/10, Loss: 1.0133
Epoch 4/10, Loss: 0.6513
Epoch 5/10, Loss: 0.5439
Epoch 6/10, Loss: 0.4746
DEBUG flwr 2024-03-09 13:44:51,373 | connection.py:141 | gRPC channel closed
INFO flwr 2024-03-09 13:44:51,375 | app.py:304 | Disconnect and shut down
Epoch 7/10, Loss: 0.4020
Epoch 8/10, Loss: 0.3987
Epoch 9/10, Loss: 0.3341
Epoch 10/10, Loss: 0.3320
Performance Metrics:
RMSE (test data): 92.70433807373047
MAE (test data): 75.76168060302734
MAPE (test data): 105.73177337646484
MSE (test data): 8594.0947265625
R2 (test data): 0.5718733087946986
loss (test data): 8594.094165943286
Epoch 1/10, Loss: 307.4756
Epoch 2/10, Loss: 2.5874
Epoch 3/10, Loss: 0.9885
Epoch 4/10, Loss: 0.5764
Epoch 5/10, Loss: 0.4487
Epoch 6/10, Loss: 0.3940
Epoch 7/10, Loss: 0.3601
Epoch 8/10, Loss: 0.3407
Epoch 9/10, Loss: 0.3101
Epoch 10/10, Loss: 0.2884
Performance Metrics:
RMSE (test data): 92.89720916748047
MAE (test data): 75.94282531738281
MAPE (test data): 105.67671060562134
MSE (test data): 8629.8916015625
R2 (test data): 0.5700900020349153
loss (test data): 8629.891790255393
Epoch 1/10, Loss: 261.5420
Epoch 2/10, Loss: 2.8273
Epoch 3/10, Loss: 1.1702
Epoch 4/10, Loss: 0.6119
Epoch 5/10, Loss: 0.4676
Epoch 6/10, Loss: 0.4012
Epoch 7/10, Loss: 0.3448
Epoch 8/10, Loss: 0.3200
Epoch 9/10, Loss: 0.3008
Epoch 10/10, Loss: 0.2701
Performance Metrics:
RMSE (test data): 91.88670349121094
MAE (test data): 75.24799346923828
MAPE (test data): 106.35068416595459
MSE (test data): 8443.166015625
R2 (test data): 0.5793919905004725
loss (test data): 8443.166350699905
Epoch 1/10, Loss: 212.7751
Epoch 2/10, Loss: 1.6075
Epoch 3/10, Loss: 0.6435
Epoch 4/10, Loss: 0.4770
Epoch 5/10, Loss: 0.3975
Epoch 6/10, Loss: 0.3523
Epoch 7/10, Loss: 0.2951
Epoch 8/10, Loss: 0.2867
Epoch 9/10, Loss: 0.2568
Epoch 10/10, Loss: 0.2416
Performance Metrics:
RMSE (test data): 93.89802551269531
MAE (test data): 76.8527603149414
MAPE (test data): 105.2678108215332
MSE (test data): 8816.83984375
R2 (test data): 0.5607769227121512
loss (test data): 8816.839802121549
Epoch 1/10, Loss: 332.3907
Epoch 2/10, Loss: 2.9490
Epoch 3/10, Loss: 1.0644
Epoch 4/10, Loss: 0.5763
Epoch 5/10, Loss: 0.4821
Epoch 6/10, Loss: 0.4069
Epoch 7/10, Loss: 0.3794
Epoch 8/10, Loss: 0.3594
Epoch 9/10, Loss: 0.3576
Epoch 10/10, Loss: 0.3247
Performance Metrics:
RMSE (test data): 94.7343978881836
MAE (test data): 77.25496673583984
MAPE (test data): 104.85341548919678
MSE (test data): 8974.6064453125
R2 (test data): 0.5529175560191182
loss (test data): 8974.606615920904
Epoch 1/10, Loss: 234.6192
Epoch 2/10, Loss: 1.9248
Epoch 3/10, Loss: 0.6800
Epoch 4/10, Loss: 0.4902
Epoch 5/10, Loss: 0.4026
Epoch 6/10, Loss: 0.3621
Epoch 7/10, Loss: 0.3434
Epoch 8/10, Loss: 0.3225
Epoch 9/10, Loss: 0.3527
Epoch 10/10, Loss: 0.3324
Performance Metrics:
RMSE (test data): 93.7602310180664
MAE (test data): 74.70454406738281
MAPE (test data): 104.87784147262573
MSE (test data): 8790.98046875
R2 (test data): 0.5620651540780353
loss (test data): 8790.980191340735
Epoch 1/10, Loss: 260.0624
Epoch 2/10, Loss: 2.5039
Epoch 3/10, Loss: 0.9247
Epoch 4/10, Loss: 0.4991
Epoch 5/10, Loss: 0.4316
Epoch 6/10, Loss: 0.3775
Epoch 7/10, Loss: 0.3425
Epoch 8/10, Loss: 0.3436
Epoch 9/10, Loss: 0.3579
Epoch 10/10, Loss: 0.3028
Performance Metrics:
RMSE (test data): 94.54264068603516
MAE (test data): 76.00740051269531
MAPE (test data): 105.10863065719604
MSE (test data): 8938.3115234375
R2 (test data): 0.5547256226607763
loss (test data): 8938.311960195013
Epoch 1/10, Loss: 245.2952
Epoch 2/10, Loss: 2.4864
Epoch 3/10, Loss: 0.9045
Epoch 4/10, Loss: 0.6347
Epoch 5/10, Loss: 0.5260
Epoch 6/10, Loss: 0.4125
Epoch 7/10, Loss: 0.3512
Epoch 8/10, Loss: 0.3675
Epoch 9/10, Loss: 0.3145
Epoch 10/10, Loss: 0.3003
Performance Metrics:
RMSE (test data): 91.90032196044922
MAE (test data): 75.17514038085938
MAPE (test data): 106.38610124588013
MSE (test data): 8445.6689453125
R2 (test data): 0.5792673128011638
loss (test data): 8445.6689859173
Epoch 1/10, Loss: 208.8076
Epoch 2/10, Loss: 2.2789
Epoch 3/10, Loss: 1.0717
Epoch 4/10, Loss: 0.8936
Epoch 5/10, Loss: 0.7674
Epoch 6/10, Loss: 0.7715
Epoch 7/10, Loss: 0.5795
Epoch 8/10, Loss: 0.5407
Epoch 9/10, Loss: 0.5035
Epoch 10/10, Loss: 0.4773
Performance Metrics:
RMSE (test data): 92.94629669189453
MAE (test data): 76.16908264160156
MAPE (test data): 105.71461915969849
MSE (test data): 8639.013671875
R2 (test data): 0.5696355733044319
loss (test data): 8639.013835659067
Epoch 1/10, Loss: 199.7730
Epoch 2/10, Loss: 1.9837
Epoch 3/10, Loss: 0.8363
Epoch 4/10, Loss: 0.5756
Epoch 5/10, Loss: 0.5799
Epoch 6/10, Loss: 0.4753
Epoch 7/10, Loss: 0.4414
Epoch 8/10, Loss: 0.3468
Epoch 9/10, Loss: 0.4235
Epoch 10/10, Loss: 0.6358
Performance Metrics:
RMSE (test data): 92.57402801513672
MAE (test data): 75.6666488647461
MAPE (test data): 105.69576025009155
MSE (test data): 8569.9501953125
R2 (test data): 0.5730760594851643
loss (test data): 8569.950516056299
Epoch 1/10, Loss: 203.7244
Epoch 2/10, Loss: 1.8475
Epoch 3/10, Loss: 0.7309
Epoch 4/10, Loss: 0.5342
Epoch 5/10, Loss: 0.4384
Epoch 6/10, Loss: 0.3729
Epoch 7/10, Loss: 0.3788
Epoch 8/10, Loss: 0.2931
Epoch 9/10, Loss: 0.3446
Epoch 10/10, Loss: 0.2828
Performance Metrics:
RMSE (test data): 92.54492950439453
MAE (test data): 75.6468276977539
MAPE (test data): 105.72421550750732
MSE (test data): 8564.564453125
R2 (test data): 0.5733443593392858
loss (test data): 8564.56470528422
Epoch 1/10, Loss: 319.6370
Epoch 2/10, Loss: 3.1702
Epoch 3/10, Loss: 1.1061
Epoch 4/10, Loss: 0.5977
Epoch 5/10, Loss: 0.4385
Epoch 6/10, Loss: 0.3503
Epoch 7/10, Loss: 0.3349
Epoch 8/10, Loss: 0.3093
Epoch 9/10, Loss: 0.3151
Epoch 10/10, Loss: 0.2515
Performance Metrics:
RMSE (test data): 92.28743743896484
MAE (test data): 75.72342681884766
MAPE (test data): 106.12667798995972
MSE (test data): 8516.9716796875
R2 (test data): 0.5757153029870455
loss (test data): 8516.971001689706
Epoch 1/10, Loss: 239.6242
Epoch 2/10, Loss: 2.1469
Epoch 3/10, Loss: 0.7231
Epoch 4/10, Loss: 0.4055
Epoch 5/10, Loss: 0.3293
Epoch 6/10, Loss: 0.3022
Epoch 7/10, Loss: 0.2655
Epoch 8/10, Loss: 0.2367
Epoch 9/10, Loss: 0.2187
Epoch 10/10, Loss: 0.2453
Performance Metrics:
RMSE (test data): 92.33683776855469
MAE (test data): 75.47562408447266
MAPE (test data): 105.91700077056885
MSE (test data): 8526.091796875
R2 (test data): 0.5752609096673277
loss (test data): 8526.092406629434
Epoch 1/10, Loss: 219.2592
Epoch 2/10, Loss: 2.1838
Epoch 3/10, Loss: 0.7549
Epoch 4/10, Loss: 0.4320
Epoch 5/10, Loss: 0.3662
Epoch 6/10, Loss: 0.3100
Epoch 7/10, Loss: 0.2601
Epoch 8/10, Loss: 0.2936
Epoch 9/10, Loss: 0.2000
Epoch 10/10, Loss: 0.2098
Performance Metrics:
RMSE (test data): 92.8443603515625
MAE (test data): 76.05428314208984
MAPE (test data): 105.75892925262451
MSE (test data): 8620.0751953125
R2 (test data): 0.5705789864711364
loss (test data): 8620.075986253058
Epoch 1/10, Loss: 256.0435
Epoch 2/10, Loss: 3.3395
Epoch 3/10, Loss: 1.0682
Epoch 4/10, Loss: 0.5233
Epoch 5/10, Loss: 0.3269
Epoch 6/10, Loss: 0.2668
Epoch 7/10, Loss: 0.2475
Epoch 8/10, Loss: 0.2272
Epoch 9/10, Loss: 0.2210
Epoch 10/10, Loss: 0.2186
Performance Metrics:
RMSE (test data): 92.17935180664062
MAE (test data): 75.11969757080078
MAPE (test data): 105.93925714492798
MSE (test data): 8497.0322265625
R2 (test data): 0.5767085805679195
loss (test data): 8497.032302653848
Epoch 1/10, Loss: 264.7488
Epoch 2/10, Loss: 2.8849
Epoch 3/10, Loss: 0.9323
Epoch 4/10, Loss: 0.5651
Epoch 5/10, Loss: 0.4113
Epoch 6/10, Loss: 0.3142
Epoch 7/10, Loss: 0.2688
Epoch 8/10, Loss: 0.2332
Epoch 9/10, Loss: 0.2315
Epoch 10/10, Loss: 0.2102
Performance Metrics:
RMSE (test data): 92.49671936035156
MAE (test data): 75.52684783935547
MAPE (test data): 105.74368238449097
MSE (test data): 8555.642578125
R2 (test data): 0.5737888370178854
loss (test data): 8555.642453239649
wandb: Network error (ConnectionError), entering retry loop.
wandb: - 0.001 MB of 0.001 MB uploadedwandb: \ 0.001 MB of 0.001 MB uploadedwandb: | 0.001 MB of 0.001 MB uploadedwandb: / 0.001 MB of 0.001 MB uploadedwandb: - 0.001 MB of 0.001 MB uploadedwandb: \ 0.001 MB of 0.001 MB uploadedwandb: | 0.001 MB of 0.001 MB uploadedwandb: / 0.001 MB of 0.001 MB uploadedwandb: - 0.001 MB of 0.001 MB uploadedwandb: \ 0.001 MB of 0.001 MB uploadedwandb: | 0.001 MB of 0.001 MB uploadedwandb: / 0.001 MB of 0.062 MB uploadedwandb: - 0.062 MB of 0.062 MB uploadedwandb: \ 0.062 MB of 0.062 MB uploadedwandb: | 0.062 MB of 0.062 MB uploadedwandb: / 0.062 MB of 0.062 MB uploadedwandb: - 0.062 MB of 0.062 MB uploadedwandb: \ 0.062 MB of 0.062 MB uploadedwandb: | 0.062 MB of 0.062 MB uploadedwandb: / 0.062 MB of 0.062 MB uploadedwandb: - 0.062 MB of 0.062 MB uploadedwandb: \ 0.062 MB of 0.062 MB uploadedwandb: | 0.062 MB of 0.062 MB uploadedwandb: / 0.062 MB of 0.062 MB uploadedwandb: - 0.062 MB of 0.062 MB uploadedwandb: \ 0.062 MB of 0.062 MB uploadedwandb: | 0.062 MB of 0.062 MB uploadedwandb: / 0.062 MB of 0.062 MB uploadedwandb: - 0.062 MB of 0.062 MB uploadedwandb: \ 0.062 MB of 0.062 MB uploadedwandb: | 0.062 MB of 0.062 MB uploadedwandb: / 0.062 MB of 0.062 MB uploadedwandb: - 0.062 MB of 0.062 MB uploadedwandb: 
wandb: Run history:
wandb: Communication Time ▁▁▁▁▁▁▁▁▁▁▁▁▅▁▁▁▁█▁▁█▁▁▁▁▁▁▁▁▁▁▁▁▁▁▁▁▁▁▁
wandb:    MAE (test data) █▃▂▂▁▁▂▂▁▂▂▁▂▂▂▂▂▂▂▂▂▂▂▂▂▂▂▂▂▂▂▂▂▂▂▂▂▂▂▂
wandb:   MAPE (test data) ▁▆▇███████████▇▇█▇███▇▇▇▇▇█████████▇████
wandb:    MSE (test data) █▂▁▁▁▁▁▁▁▁▁▁▁▁▁▁▁▁▁▁▁▁▁▁▁▁▁▁▁▁▁▁▁▁▁▁▁▁▁▁
wandb:     R2 (test data) ▁▇██████████████████████████████████████
wandb:   RMSE (test data) █▂▂▁▁▁▁▁▁▁▁▁▁▁▁▁▁▁▁▁▁▁▁▁▁▁▁▁▁▁▁▁▁▁▁▁▁▁▁▁
wandb:    loss(test data) █▂▁▁▁▁▁▁▁▁▁▁▁▁▁▁▁▁▁▁▁▁▁▁▁▁▁▁▁▁▁▁▁▁▁▁▁▁▁▁
wandb: 
wandb: Run summary:
wandb: Communication Time 3.88323
wandb:    MAE (test data) 75.52685
wandb:   MAPE (test data) 105.74368
wandb:    MSE (test data) 8555.64258
wandb:     R2 (test data) 0.57379
wandb:   RMSE (test data) 92.49672
wandb:    loss(test data) 8555.64245
wandb: 
wandb: 🚀 View run eager-fire-30 at: https://wandb.ai/digitalai/CFL/runs/gh5paojw
wandb: ️⚡ View job at https://wandb.ai/digitalai/CFL/jobs/QXJ0aWZhY3RDb2xsZWN0aW9uOjE0NzEyNzUxNA==/version_details/v5
wandb: Synced 6 W&B file(s), 0 media file(s), 0 artifact file(s) and 0 other file(s)
wandb: Find logs at: ./wandb/run-20240309_123333-gh5paojw/logs
