wandb: Currently logged in as: longyunbo218 (digitalai). Use `wandb login --relogin` to force relogin
wandb: wandb version 0.16.4 is available!  To upgrade, please run:
wandb:  $ pip install wandb --upgrade
wandb: Tracking run with wandb version 0.16.2
wandb: Run data is saved locally in /Users/yunbo/Documents/GitHub/PFL_Optimiozation/Model_training/1_cluster/wandb/run-20240309_123333-suwz3nuv
wandb: Run `wandb offline` to turn off syncing.
wandb: Syncing run worthy-sponge-29
wandb: ⭐️ View project at https://wandb.ai/digitalai/CFL
wandb: 🚀 View run at https://wandb.ai/digitalai/CFL/runs/suwz3nuv
INFO flwr 2024-03-09 12:33:57,053 | grpc.py:52 | Opened insecure gRPC connection (no certificates were passed)
DEBUG flwr 2024-03-09 12:33:57,059 | connection.py:42 | ChannelConnectivity.IDLE
DEBUG flwr 2024-03-09 12:33:57,062 | connection.py:42 | ChannelConnectivity.READY
Epoch 1/10, Loss: 10847.8145
Epoch 2/10, Loss: 3073.9934
Epoch 3/10, Loss: 2810.9420
Epoch 4/10, Loss: 2554.1145
Epoch 5/10, Loss: 2365.4816
Epoch 6/10, Loss: 2127.4605
Epoch 7/10, Loss: 2427.5888
Epoch 8/10, Loss: 2167.0744
Epoch 9/10, Loss: 2024.1742
Epoch 10/10, Loss: 2007.0362
Performance Metrics:
RMSE (test data): 120.1191177368164
MAE (test data): 101.67108917236328
MAPE (test data): 62.729412317276
MSE (test data): 14428.6015625
R2 (test data): -0.17136794865767246
loss (test data): 14428.601979715739
Epoch 1/10, Loss: 434.8018
Epoch 2/10, Loss: 34.2037
Epoch 3/10, Loss: 19.9379
Epoch 4/10, Loss: 15.4751
Epoch 5/10, Loss: 9.7717
Epoch 6/10, Loss: 6.3831
Epoch 7/10, Loss: 4.8707
Epoch 8/10, Loss: 4.4988
Epoch 9/10, Loss: 3.6133
Epoch 10/10, Loss: 2.4004
Performance Metrics:
RMSE (test data): 51.25210189819336
MAE (test data): 36.334957122802734
MAPE (test data): 119.3610429763794
MSE (test data): 2626.77783203125
R2 (test data): 0.7867483383744892
loss (test data): 2626.777811676393
Epoch 1/10, Loss: 108.4711
Epoch 2/10, Loss: 13.8863
Epoch 3/10, Loss: 4.6689
Epoch 4/10, Loss: 3.2130
Epoch 5/10, Loss: 2.0048
Epoch 6/10, Loss: 2.1796
Epoch 7/10, Loss: 1.6032
Epoch 8/10, Loss: 2.0517
Epoch 9/10, Loss: 1.5599
Epoch 10/10, Loss: 1.3911
Performance Metrics:
RMSE (test data): 141.1763153076172
MAE (test data): 113.67503356933594
MAPE (test data): 169.67661380767822
MSE (test data): 19930.751953125
R2 (test data): -0.6180530646454125
loss (test data): 19930.75157003012
Epoch 1/10, Loss: 1021.3027
Epoch 2/10, Loss: 24.2416
Epoch 3/10, Loss: 8.8644
Epoch 4/10, Loss: 4.8930
Epoch 5/10, Loss: 4.6703
Epoch 6/10, Loss: 3.4622
Epoch 7/10, Loss: 3.1599
Epoch 8/10, Loss: 2.9291
Epoch 9/10, Loss: 2.7036
Epoch 10/10, Loss: 2.1224
Performance Metrics:
RMSE (test data): 150.86314392089844
MAE (test data): 127.35301208496094
MAPE (test data): 178.66402864456177
MSE (test data): 22759.689453125
R2 (test data): -0.8477168205087451
loss (test data): 22759.68947383283
Epoch 1/10, Loss: 1041.5081
Epoch 2/10, Loss: 10.2489
Epoch 3/10, Loss: 7.2087
Epoch 4/10, Loss: 5.5098
Epoch 5/10, Loss: 4.5495
Epoch 6/10, Loss: 4.3517
Epoch 7/10, Loss: 3.7008
Epoch 8/10, Loss: 3.2394
Epoch 9/10, Loss: 2.8591
Epoch 10/10, Loss: 2.5557
Performance Metrics:
RMSE (test data): 145.66064453125
MAE (test data): 124.18026733398438
MAPE (test data): 174.88259077072144
MSE (test data): 21217.025390625
R2 (test data): -0.7224775440205169
loss (test data): 21217.0249030497
Epoch 1/10, Loss: 872.9897
Epoch 2/10, Loss: 9.2175
Epoch 3/10, Loss: 4.8227
Epoch 4/10, Loss: 3.5519
Epoch 5/10, Loss: 3.3369
Epoch 6/10, Loss: 3.0933
Epoch 7/10, Loss: 3.1151
Epoch 8/10, Loss: 2.7402
Epoch 9/10, Loss: 2.5073
Epoch 10/10, Loss: 2.6532
Performance Metrics:
RMSE (test data): 171.60952758789062
MAE (test data): 144.49122619628906
MAPE (test data): 190.4599905014038
MSE (test data): 29449.828125
R2 (test data): -1.3908474035922076
loss (test data): 29449.829017319276
Epoch 1/10, Loss: 1123.7873
Epoch 2/10, Loss: 13.7374
Epoch 3/10, Loss: 5.0516
Epoch 4/10, Loss: 3.1598
Epoch 5/10, Loss: 2.3749
Epoch 6/10, Loss: 2.0598
Epoch 7/10, Loss: 1.8107
Epoch 8/10, Loss: 1.6318
Epoch 9/10, Loss: 1.4361
Epoch 10/10, Loss: 1.3860
Performance Metrics:
RMSE (test data): 177.02395629882812
MAE (test data): 150.76747131347656
MAPE (test data): 194.23964023590088
MSE (test data): 31337.482421875
R2 (test data): -1.54409413780564
loss (test data): 31337.481470256025
Epoch 1/10, Loss: 1757.0624
Epoch 2/10, Loss: 20.9733
Epoch 3/10, Loss: 11.6442
Epoch 4/10, Loss: 8.6955
Epoch 5/10, Loss: 7.2172
Epoch 6/10, Loss: 6.0556
Epoch 7/10, Loss: 5.0478
Epoch 8/10, Loss: 4.6673
Epoch 9/10, Loss: 3.9381
Epoch 10/10, Loss: 3.6224
Performance Metrics:
RMSE (test data): 165.21246337890625
MAE (test data): 142.6658172607422
MAPE (test data): 188.57214450836182
MSE (test data): 27295.15625
R2 (test data): -1.2159228866109566
loss (test data): 27295.15469879518
Epoch 1/10, Loss: 1365.2539
Epoch 2/10, Loss: 14.8679
Epoch 3/10, Loss: 6.6143
Epoch 4/10, Loss: 4.6090
Epoch 5/10, Loss: 4.0465
Epoch 6/10, Loss: 3.6059
Epoch 7/10, Loss: 3.3382
Epoch 8/10, Loss: 2.9688
Epoch 9/10, Loss: 2.8180
Epoch 10/10, Loss: 2.5700
Performance Metrics:
RMSE (test data): 171.4334716796875
MAE (test data): 147.94674682617188
MAPE (test data): 192.2988772392273
MSE (test data): 29389.4375
R2 (test data): -1.385944719137573
loss (test data): 29389.439271460844
Epoch 1/10, Loss: 1317.3632
Epoch 2/10, Loss: 16.7337
Epoch 3/10, Loss: 6.1775
Epoch 4/10, Loss: 4.1057
Epoch 5/10, Loss: 2.9858
Epoch 6/10, Loss: 2.5018
Epoch 7/10, Loss: 2.2271
Epoch 8/10, Loss: 1.8495
Epoch 9/10, Loss: 1.7010
Epoch 10/10, Loss: 1.5929
Performance Metrics:
RMSE (test data): 168.06719970703125
MAE (test data): 145.9647979736328
MAPE (test data): 190.62891006469727
MSE (test data): 28246.58203125
R2 (test data): -1.293163214470857
loss (test data): 28246.58065323795
Epoch 1/10, Loss: 850.2845
Epoch 2/10, Loss: 8.3756
Epoch 3/10, Loss: 3.1533
Epoch 4/10, Loss: 1.7039
Epoch 5/10, Loss: 1.2681
Epoch 6/10, Loss: 1.0000
Epoch 7/10, Loss: 0.8065
Epoch 8/10, Loss: 0.7011
Epoch 9/10, Loss: 0.5971
Epoch 10/10, Loss: 0.5298
Performance Metrics:
RMSE (test data): 172.8251190185547
MAE (test data): 149.2681884765625
MAPE (test data): 192.8499698638916
MSE (test data): 29868.521484375
R2 (test data): -1.424838501815263
loss (test data): 29868.522545180724
Epoch 1/10, Loss: 1235.8001
Epoch 2/10, Loss: 8.3011
Epoch 3/10, Loss: 4.1222
Epoch 4/10, Loss: 2.6093
Epoch 5/10, Loss: 2.0676
Epoch 6/10, Loss: 1.5489
Epoch 7/10, Loss: 1.3653
Epoch 8/10, Loss: 1.1726
Epoch 9/10, Loss: 0.9667
Epoch 10/10, Loss: 0.8634
Performance Metrics:
RMSE (test data): 167.65557861328125
MAE (test data): 143.21229553222656
MAPE (test data): 189.65985774993896
MSE (test data): 28108.39453125
R2 (test data): -1.2819448673203704
loss (test data): 28108.3964655497
Epoch 1/10, Loss: 1178.8098
Epoch 2/10, Loss: 6.6365
Epoch 3/10, Loss: 3.0935
Epoch 4/10, Loss: 1.7745
Epoch 5/10, Loss: 1.1688
Epoch 6/10, Loss: 0.8268
Epoch 7/10, Loss: 0.6416
Epoch 8/10, Loss: 0.5364
Epoch 9/10, Loss: 0.4558
Epoch 10/10, Loss: 0.3850
Performance Metrics:
RMSE (test data): 174.9943084716797
MAE (test data): 151.30149841308594
MAPE (test data): 193.8992977142334
MSE (test data): 30623.009765625
R2 (test data): -1.486090520635309
loss (test data): 30623.00859375
Epoch 1/10, Loss: 1332.9636
Epoch 2/10, Loss: 6.8105
Epoch 3/10, Loss: 3.1552
Epoch 4/10, Loss: 2.1000
Epoch 5/10, Loss: 1.5659
Epoch 6/10, Loss: 1.2791
Epoch 7/10, Loss: 1.0990
Epoch 8/10, Loss: 0.8946
Epoch 9/10, Loss: 0.7768
Epoch 10/10, Loss: 0.6782
Performance Metrics:
RMSE (test data): 174.1803436279297
MAE (test data): 148.57843017578125
MAPE (test data): 193.93057823181152
MSE (test data): 30338.791015625
R2 (test data): -1.4630167223438435
loss (test data): 30338.791342243974
Epoch 1/10, Loss: 1332.0899
Epoch 2/10, Loss: 8.4280
Epoch 3/10, Loss: 4.5436
Epoch 4/10, Loss: 2.8826
Epoch 5/10, Loss: 2.1117
Epoch 6/10, Loss: 1.7524
Epoch 7/10, Loss: 1.4029
Epoch 8/10, Loss: 1.1227
Epoch 9/10, Loss: 0.7129
Epoch 10/10, Loss: 0.5244
Performance Metrics:
RMSE (test data): 175.27725219726562
MAE (test data): 151.46359252929688
MAPE (test data): 193.60212087631226
MSE (test data): 30722.11328125
R2 (test data): -1.4941360883472403
loss (test data): 30722.112051957833
Epoch 1/10, Loss: 1697.5743
Epoch 2/10, Loss: 8.4309
Epoch 3/10, Loss: 4.2919
Epoch 4/10, Loss: 2.7556
Epoch 5/10, Loss: 1.9941
Epoch 6/10, Loss: 1.5914
Epoch 7/10, Loss: 1.2219
Epoch 8/10, Loss: 1.0421
Epoch 9/10, Loss: 0.8227
Epoch 10/10, Loss: 0.7845
Performance Metrics:
RMSE (test data): 173.97247314453125
MAE (test data): 147.41099548339844
MAPE (test data): 193.42937469482422
MSE (test data): 30266.419921875
R2 (test data): -1.457141258753028
loss (test data): 30266.419182040663
Epoch 1/10, Loss: 1211.3298
Epoch 2/10, Loss: 4.4817
Epoch 3/10, Loss: 2.6114
Epoch 4/10, Loss: 1.5577
Epoch 5/10, Loss: 1.1657
Epoch 6/10, Loss: 0.8703
Epoch 7/10, Loss: 0.5956
Epoch 8/10, Loss: 0.4463
Epoch 9/10, Loss: 0.4370
Epoch 10/10, Loss: 0.3333
Performance Metrics:
RMSE (test data): 177.50933837890625
MAE (test data): 153.26644897460938
MAPE (test data): 195.5759048461914
MSE (test data): 31509.56640625
R2 (test data): -1.5580647362814126
loss (test data): 31509.568013930722
Epoch 1/10, Loss: 1241.6157
Epoch 2/10, Loss: 7.6564
Epoch 3/10, Loss: 3.6612
Epoch 4/10, Loss: 2.3407
Epoch 5/10, Loss: 1.7251
Epoch 6/10, Loss: 1.3593
Epoch 7/10, Loss: 1.1383
Epoch 8/10, Loss: 0.9929
Epoch 9/10, Loss: 0.8364
Epoch 10/10, Loss: 0.6408
Performance Metrics:
RMSE (test data): 174.49176025390625
MAE (test data): 147.9080352783203
MAPE (test data): 194.0814971923828
MSE (test data): 30447.373046875
R2 (test data): -1.4718317712638482
loss (test data): 30447.372742846386
Epoch 1/10, Loss: 1360.4294
Epoch 2/10, Loss: 7.6739
Epoch 3/10, Loss: 4.2478
Epoch 4/10, Loss: 2.1191
Epoch 5/10, Loss: 0.6280
Epoch 6/10, Loss: 0.3931
Epoch 7/10, Loss: 0.2613
Epoch 8/10, Loss: 0.2129
Epoch 9/10, Loss: 0.1690
Epoch 10/10, Loss: 0.1308
Performance Metrics:
RMSE (test data): 175.23829650878906
MAE (test data): 151.77969360351562
MAPE (test data): 194.25345659255981
MSE (test data): 30708.4609375
R2 (test data): -1.493027880031406
loss (test data): 30708.4611125753
Epoch 1/10, Loss: 1403.6800
Epoch 2/10, Loss: 9.8252
Epoch 3/10, Loss: 4.4572
Epoch 4/10, Loss: 2.6061
Epoch 5/10, Loss: 1.6081
Epoch 6/10, Loss: 1.1568
Epoch 7/10, Loss: 0.9660
Epoch 8/10, Loss: 0.7491
Epoch 9/10, Loss: 0.6624
Epoch 10/10, Loss: 0.5784
Performance Metrics:
RMSE (test data): 172.394775390625
MAE (test data): 145.4526824951172
MAPE (test data): 192.88259744644165
MSE (test data): 29719.95703125
R2 (test data): -1.412777572642109
loss (test data): 29719.95898625753
Epoch 1/10, Loss: 896.4058
Epoch 2/10, Loss: 12.0427
Epoch 3/10, Loss: 4.7739
Epoch 4/10, Loss: 1.7408
Epoch 5/10, Loss: 0.8971
Epoch 6/10, Loss: 0.6438
Epoch 7/10, Loss: 0.4752
Epoch 8/10, Loss: 0.4221
Epoch 9/10, Loss: 0.3640
Epoch 10/10, Loss: 0.3367
Performance Metrics:
RMSE (test data): 173.43441772460938
MAE (test data): 148.5940399169922
MAPE (test data): 193.2561993598938
MSE (test data): 30079.498046875
R2 (test data): -1.4419665025365123
loss (test data): 30079.50061182229
Epoch 1/10, Loss: 1295.0546
Epoch 2/10, Loss: 14.2607
Epoch 3/10, Loss: 3.1652
Epoch 4/10, Loss: 1.6930
Epoch 5/10, Loss: 1.1827
Epoch 6/10, Loss: 0.8422
Epoch 7/10, Loss: 0.6676
Epoch 8/10, Loss: 0.5383
Epoch 9/10, Loss: 0.5033
Epoch 10/10, Loss: 0.4012
Performance Metrics:
RMSE (test data): 174.5238494873047
MAE (test data): 149.42941284179688
MAPE (test data): 194.59660053253174
MSE (test data): 30458.572265625
R2 (test data): -1.472740952206486
loss (test data): 30458.571822289156
Epoch 1/10, Loss: 1129.4897
Epoch 2/10, Loss: 14.8127
Epoch 3/10, Loss: 5.1313
Epoch 4/10, Loss: 1.8314
Epoch 5/10, Loss: 0.9791
Epoch 6/10, Loss: 0.6769
Epoch 7/10, Loss: 0.5512
Epoch 8/10, Loss: 0.4289
Epoch 9/10, Loss: 0.4167
Epoch 10/10, Loss: 0.3631
Performance Metrics:
RMSE (test data): 177.37039184570312
MAE (test data): 151.59487915039062
MAPE (test data): 196.29210233688354
MSE (test data): 31460.25390625
R2 (test data): -1.5540612635844018
loss (test data): 31460.253232304218
Epoch 1/10, Loss: 1649.5537
Epoch 2/10, Loss: 15.6037
Epoch 3/10, Loss: 7.7489
Epoch 4/10, Loss: 3.5322
Epoch 5/10, Loss: 2.1853
Epoch 6/10, Loss: 1.5936
Epoch 7/10, Loss: 1.1782
Epoch 8/10, Loss: 0.9129
Epoch 9/10, Loss: 0.7531
Epoch 10/10, Loss: 0.6058
Performance Metrics:
RMSE (test data): 175.16566467285156
MAE (test data): 149.38014221191406
MAPE (test data): 194.01204586029053
MSE (test data): 30683.01171875
R2 (test data): -1.4909618116349632
loss (test data): 30683.011946536146
Epoch 1/10, Loss: 1185.3385
Epoch 2/10, Loss: 10.4076
Epoch 3/10, Loss: 3.7362
Epoch 4/10, Loss: 2.3848
Epoch 5/10, Loss: 1.6280
Epoch 6/10, Loss: 1.1539
Epoch 7/10, Loss: 0.9436
Epoch 8/10, Loss: 0.7486
Epoch 9/10, Loss: 0.6317
Epoch 10/10, Loss: 0.5263
Performance Metrics:
RMSE (test data): 173.7080841064453
MAE (test data): 147.78433227539062
MAPE (test data): 192.9716944694519
MSE (test data): 30174.498046875
R2 (test data): -1.4496788012568427
loss (test data): 30174.498942018072
Epoch 1/10, Loss: 1060.4055
Epoch 2/10, Loss: 11.7328
Epoch 3/10, Loss: 4.1211
Epoch 4/10, Loss: 2.2396
Epoch 5/10, Loss: 1.6390
Epoch 6/10, Loss: 1.2475
Epoch 7/10, Loss: 0.9721
Epoch 8/10, Loss: 0.7312
Epoch 9/10, Loss: 0.5767
Epoch 10/10, Loss: 0.4657
Performance Metrics:
RMSE (test data): 173.76332092285156
MAE (test data): 147.4171142578125
MAPE (test data): 193.6885118484497
MSE (test data): 30193.693359375
R2 (test data): -1.4512370547100004
loss (test data): 30193.692746611447
Epoch 1/10, Loss: 1121.8851
Epoch 2/10, Loss: 11.0876
Epoch 3/10, Loss: 6.7353
Epoch 4/10, Loss: 4.0464
Epoch 5/10, Loss: 2.3396
Epoch 6/10, Loss: 1.4153
Epoch 7/10, Loss: 1.0239
Epoch 8/10, Loss: 0.7962
Epoch 9/10, Loss: 0.6097
Epoch 10/10, Loss: 0.4963
Performance Metrics:
RMSE (test data): 174.01564025878906
MAE (test data): 148.115478515625
MAPE (test data): 193.30625534057617
MSE (test data): 30281.44140625
R2 (test data): -1.4583607638783054
loss (test data): 30281.44096385542
Epoch 1/10, Loss: 1376.8875
Epoch 2/10, Loss: 12.2537
Epoch 3/10, Loss: 6.1552
Epoch 4/10, Loss: 3.1454
Epoch 5/10, Loss: 2.1378
Epoch 6/10, Loss: 1.4963
Epoch 7/10, Loss: 1.0462
Epoch 8/10, Loss: 0.7535
Epoch 9/10, Loss: 0.6208
Epoch 10/10, Loss: 0.5302
Performance Metrics:
RMSE (test data): 175.56605529785156
MAE (test data): 151.59014892578125
MAPE (test data): 194.95357275009155
MSE (test data): 30823.44140625
R2 (test data): -1.5023623165482305
loss (test data): 30823.44015625
Epoch 1/10, Loss: 943.4391
Epoch 2/10, Loss: 13.1479
Epoch 3/10, Loss: 6.3498
Epoch 4/10, Loss: 2.4177
Epoch 5/10, Loss: 1.7198
Epoch 6/10, Loss: 1.2720
Epoch 7/10, Loss: 0.9683
Epoch 8/10, Loss: 0.7388
Epoch 9/10, Loss: 0.6739
Epoch 10/10, Loss: 0.5616
Performance Metrics:
RMSE (test data): 174.4521484375
MAE (test data): 149.4874267578125
MAPE (test data): 194.40463781356812
MSE (test data): 30433.5546875
R2 (test data): -1.4707100238945112
loss (test data): 30433.5553125
Epoch 1/10, Loss: 1148.5134
Epoch 2/10, Loss: 13.7101
Epoch 3/10, Loss: 7.2180
Epoch 4/10, Loss: 4.6898
Epoch 5/10, Loss: 2.9575
Epoch 6/10, Loss: 1.5698
Epoch 7/10, Loss: 1.0704
Epoch 8/10, Loss: 0.8220
Epoch 9/10, Loss: 0.6838
Epoch 10/10, Loss: 0.6057
Performance Metrics:
RMSE (test data): 175.44943237304688
MAE (test data): 150.22154235839844
MAPE (test data): 195.32501697540283
MSE (test data): 30782.50390625
R2 (test data): -1.4990389086484042
loss (test data): 30782.503782944277
Epoch 1/10, Loss: 1058.4441
Epoch 2/10, Loss: 15.1527
Epoch 3/10, Loss: 8.0380
Epoch 4/10, Loss: 5.2506
Epoch 5/10, Loss: 3.5777
Epoch 6/10, Loss: 2.3590
Epoch 7/10, Loss: 1.4490
Epoch 8/10, Loss: 0.9937
Epoch 9/10, Loss: 0.7047
Epoch 10/10, Loss: 0.5551
Performance Metrics:
RMSE (test data): 173.59420776367188
MAE (test data): 146.63192749023438
MAPE (test data): 193.36562156677246
MSE (test data): 30134.951171875
R2 (test data): -1.4464682048359863
loss (test data): 30134.950897966868
Epoch 1/10, Loss: 1015.5810
Epoch 2/10, Loss: 13.6623
Epoch 3/10, Loss: 7.1447
Epoch 4/10, Loss: 4.3709
Epoch 5/10, Loss: 2.5300
Epoch 6/10, Loss: 1.2637
Epoch 7/10, Loss: 0.8701
Epoch 8/10, Loss: 0.6568
Epoch 9/10, Loss: 0.5431
Epoch 10/10, Loss: 0.4764
Performance Metrics:
RMSE (test data): 175.28302001953125
MAE (test data): 148.39321899414062
MAPE (test data): 194.51440572738647
MSE (test data): 30724.13671875
R2 (test data): -1.4943005144325352
loss (test data): 30724.1367375753
Epoch 1/10, Loss: 948.5065
Epoch 2/10, Loss: 10.6202
Epoch 3/10, Loss: 5.1493
Epoch 4/10, Loss: 3.1037
Epoch 5/10, Loss: 1.8341
Epoch 6/10, Loss: 1.1404
Epoch 7/10, Loss: 0.8389
Epoch 8/10, Loss: 0.6732
Epoch 9/10, Loss: 0.5805
Epoch 10/10, Loss: 0.5039
Performance Metrics:
RMSE (test data): 174.757080078125
MAE (test data): 147.74642944335938
MAPE (test data): 194.0325379371643
MSE (test data): 30540.037109375
R2 (test data): -1.479354668818944
loss (test data): 30540.03697571536
Epoch 1/10, Loss: 1259.3537
Epoch 2/10, Loss: 14.4797
Epoch 3/10, Loss: 7.7447
Epoch 4/10, Loss: 4.3823
Epoch 5/10, Loss: 2.5262
Epoch 6/10, Loss: 1.4916
Epoch 7/10, Loss: 1.1352
Epoch 8/10, Loss: 0.9281
Epoch 9/10, Loss: 0.7363
Epoch 10/10, Loss: 0.5955
Performance Metrics:
RMSE (test data): 175.80101013183594
MAE (test data): 148.86761474609375
MAPE (test data): 194.90712881088257
MSE (test data): 30905.994140625
R2 (test data): -1.509064397520787
loss (test data): 30905.99375
Epoch 1/10, Loss: 1193.4622
Epoch 2/10, Loss: 14.6848
Epoch 3/10, Loss: 8.2676
Epoch 4/10, Loss: 4.9844
Epoch 5/10, Loss: 2.9925
Epoch 6/10, Loss: 1.8747
Epoch 7/10, Loss: 1.3477
Epoch 8/10, Loss: 1.1111
Epoch 9/10, Loss: 0.9440
Epoch 10/10, Loss: 0.7813
Performance Metrics:
RMSE (test data): 170.66802978515625
MAE (test data): 144.41615295410156
MAPE (test data): 191.69533252716064
MSE (test data): 29127.57421875
R2 (test data): -1.364685537676173
loss (test data): 29127.573546686748
Epoch 1/10, Loss: 1011.6399
Epoch 2/10, Loss: 13.7701
Epoch 3/10, Loss: 7.9049
Epoch 4/10, Loss: 5.0582
Epoch 5/10, Loss: 3.0358
Epoch 6/10, Loss: 1.6500
Epoch 7/10, Loss: 1.1974
Epoch 8/10, Loss: 0.9667
Epoch 9/10, Loss: 0.7820
Epoch 10/10, Loss: 0.6327
Performance Metrics:
RMSE (test data): 174.29823303222656
MAE (test data): 147.11761474609375
MAPE (test data): 193.76757144927979
MSE (test data): 30379.875
R2 (test data): -1.4663520195542294
loss (test data): 30379.874791980423
Epoch 1/10, Loss: 1324.9637
Epoch 2/10, Loss: 12.6050
Epoch 3/10, Loss: 7.1796
Epoch 4/10, Loss: 4.9316
Epoch 5/10, Loss: 2.9242
Epoch 6/10, Loss: 1.6263
Epoch 7/10, Loss: 1.2980
Epoch 8/10, Loss: 1.1331
Epoch 9/10, Loss: 0.8900
Epoch 10/10, Loss: 0.7817
Performance Metrics:
RMSE (test data): 174.75425720214844
MAE (test data): 147.59445190429688
MAPE (test data): 194.22942399978638
MSE (test data): 30539.052734375
R2 (test data): -1.4792748547162415
loss (test data): 30539.05487010542
Epoch 1/10, Loss: 1107.4625
Epoch 2/10, Loss: 14.8549
Epoch 3/10, Loss: 8.0130
Epoch 4/10, Loss: 5.1123
Epoch 5/10, Loss: 2.6935
Epoch 6/10, Loss: 1.7247
Epoch 7/10, Loss: 1.3462
Epoch 8/10, Loss: 1.1159
Epoch 9/10, Loss: 1.0068
Epoch 10/10, Loss: 0.8204
Performance Metrics:
RMSE (test data): 176.4235076904297
MAE (test data): 149.08631896972656
MAPE (test data): 195.25662660598755
MSE (test data): 31125.251953125
R2 (test data): -1.5268646006839255
loss (test data): 31125.252902861444
Epoch 1/10, Loss: 1159.0751
Epoch 2/10, Loss: 16.1087
Epoch 3/10, Loss: 8.9987
Epoch 4/10, Loss: 6.0769
Epoch 5/10, Loss: 4.4928
Epoch 6/10, Loss: 3.4541
Epoch 7/10, Loss: 2.7030
Epoch 8/10, Loss: 2.0209
Epoch 9/10, Loss: 1.2335
Epoch 10/10, Loss: 0.8718
Performance Metrics:
RMSE (test data): 174.99728393554688
MAE (test data): 147.55357360839844
MAPE (test data): 194.1661238670349
MSE (test data): 30624.046875
R2 (test data): -1.4861746832707077
loss (test data): 30624.04550075301
Epoch 1/10, Loss: 1237.3370
Epoch 2/10, Loss: 13.5520
Epoch 3/10, Loss: 7.6430
Epoch 4/10, Loss: 5.1167
Epoch 5/10, Loss: 2.8978
Epoch 6/10, Loss: 1.6390
Epoch 7/10, Loss: 1.3091
Epoch 8/10, Loss: 1.0625
Epoch 9/10, Loss: 0.8241
Epoch 10/10, Loss: 0.6664
Performance Metrics:
RMSE (test data): 175.27490234375
MAE (test data): 147.81858825683594
MAPE (test data): 194.3485140800476
MSE (test data): 30721.2890625
R2 (test data): -1.4940693767064133
loss (test data): 30721.290088478916
Epoch 1/10, Loss: 1186.5159
Epoch 2/10, Loss: 15.5408
Epoch 3/10, Loss: 8.7218
Epoch 4/10, Loss: 5.4763
Epoch 5/10, Loss: 2.8053
Epoch 6/10, Loss: 1.8177
Epoch 7/10, Loss: 1.4849
Epoch 8/10, Loss: 1.1830
Epoch 9/10, Loss: 0.8672
Epoch 10/10, Loss: 0.7091
Performance Metrics:
RMSE (test data): 175.53683471679688
MAE (test data): 147.994384765625
MAPE (test data): 194.57738399505615
MSE (test data): 30813.177734375
R2 (test data): -1.5015291035856317
loss (test data): 30813.17694371235
Epoch 1/10, Loss: 1035.2230
Epoch 2/10, Loss: 14.9324
Epoch 3/10, Loss: 8.5141
Epoch 4/10, Loss: 5.7165
Epoch 5/10, Loss: 4.0095
Epoch 6/10, Loss: 2.3191
Epoch 7/10, Loss: 1.1858
Epoch 8/10, Loss: 0.8954
Epoch 9/10, Loss: 0.7899
Epoch 10/10, Loss: 0.6591
Performance Metrics:
RMSE (test data): 174.9032745361328
MAE (test data): 147.57070922851562
MAPE (test data): 194.19143199920654
MSE (test data): 30591.15625
R2 (test data): -1.4835046629155815
loss (test data): 30591.156833584337
Epoch 1/10, Loss: 1414.9245
Epoch 2/10, Loss: 14.1718
Epoch 3/10, Loss: 8.2069
Epoch 4/10, Loss: 5.5580
Epoch 5/10, Loss: 3.4233
Epoch 6/10, Loss: 1.8791
Epoch 7/10, Loss: 1.4572
Epoch 8/10, Loss: 1.1281
Epoch 9/10, Loss: 0.8722
Epoch 10/10, Loss: 0.7026
Performance Metrics:
RMSE (test data): 174.68524169921875
MAE (test data): 148.1107177734375
MAPE (test data): 194.4138526916504
MSE (test data): 30514.935546875
R2 (test data): -1.4773167929037423
loss (test data): 30514.936059864456
Epoch 1/10, Loss: 1163.1023
Epoch 2/10, Loss: 16.0806
Epoch 3/10, Loss: 9.3055
Epoch 4/10, Loss: 6.4442
Epoch 5/10, Loss: 4.6993
Epoch 6/10, Loss: 3.3977
Epoch 7/10, Loss: 1.9891
Epoch 8/10, Loss: 1.0823
Epoch 9/10, Loss: 0.8302
Epoch 10/10, Loss: 0.6571
Performance Metrics:
RMSE (test data): 172.44833374023438
MAE (test data): 145.59132385253906
MAPE (test data): 192.6849126815796
MSE (test data): 29738.4296875
R2 (test data): -1.4142771228697093
loss (test data): 29738.43026449548
Epoch 1/10, Loss: 1203.4156
Epoch 2/10, Loss: 12.8149
Epoch 3/10, Loss: 7.3699
Epoch 4/10, Loss: 4.8771
Epoch 5/10, Loss: 2.8192
Epoch 6/10, Loss: 1.7128
Epoch 7/10, Loss: 1.3476
Epoch 8/10, Loss: 1.0207
Epoch 9/10, Loss: 0.7681
Epoch 10/10, Loss: 0.6389
Performance Metrics:
RMSE (test data): 174.97079467773438
MAE (test data): 147.36569213867188
MAPE (test data): 194.1895604133606
MSE (test data): 30614.78125
R2 (test data): -1.4854227927773032
loss (test data): 30614.78382247741
Epoch 1/10, Loss: 1119.0543
Epoch 2/10, Loss: 13.4574
Epoch 3/10, Loss: 7.6040
Epoch 4/10, Loss: 5.3321
Epoch 5/10, Loss: 3.7674
Epoch 6/10, Loss: 2.6940
Epoch 7/10, Loss: 1.3935
Epoch 8/10, Loss: 0.9806
Epoch 9/10, Loss: 0.8386
Epoch 10/10, Loss: 0.6208
Performance Metrics:
RMSE (test data): 175.5919647216797
MAE (test data): 147.95289611816406
MAPE (test data): 194.53436136245728
MSE (test data): 30832.5390625
R2 (test data): -1.5031009975210488
loss (test data): 30832.538947665664
Epoch 1/10, Loss: 1124.3992
Epoch 2/10, Loss: 13.4401
Epoch 3/10, Loss: 7.8686
Epoch 4/10, Loss: 5.2478
Epoch 5/10, Loss: 2.8024
Epoch 6/10, Loss: 2.0317
Epoch 7/10, Loss: 1.5069
Epoch 8/10, Loss: 1.1724
Epoch 9/10, Loss: 0.9407
Epoch 10/10, Loss: 0.7751
Performance Metrics:
RMSE (test data): 176.63778686523438
MAE (test data): 149.36102294921875
MAPE (test data): 195.37289142608643
MSE (test data): 31200.91015625
R2 (test data): -1.533006664832084
loss (test data): 31200.909084149098
Epoch 1/10, Loss: 1177.2919
Epoch 2/10, Loss: 16.1425
Epoch 3/10, Loss: 8.7621
Epoch 4/10, Loss: 5.8370
Epoch 5/10, Loss: 3.7748
Epoch 6/10, Loss: 2.3790
Epoch 7/10, Loss: 1.6188
Epoch 8/10, Loss: 1.2423
Epoch 9/10, Loss: 1.0452
Epoch 10/10, Loss: 0.7886
Performance Metrics:
RMSE (test data): 175.15939331054688
MAE (test data): 147.5757293701172
MAPE (test data): 194.3078875541687
MSE (test data): 30680.814453125
R2 (test data): -1.4907834093137655
loss (test data): 30680.81394578313
Epoch 1/10, Loss: 1405.0064
Epoch 2/10, Loss: 18.9836
Epoch 3/10, Loss: 11.9808
Epoch 4/10, Loss: 7.4045
Epoch 5/10, Loss: 5.1807
Epoch 6/10, Loss: 2.8917
Epoch 7/10, Loss: 1.8121
Epoch 8/10, Loss: 1.4112
Epoch 9/10, Loss: 1.1798
Epoch 10/10, Loss: 1.0383
Performance Metrics:
RMSE (test data): 176.13536071777344
MAE (test data): 148.81210327148438
MAPE (test data): 195.254647731781
MSE (test data): 31023.666015625
R2 (test data): -1.5186174556738918
loss (test data): 31023.666623682228
Epoch 1/10, Loss: 1233.3378
Epoch 2/10, Loss: 15.7766
Epoch 3/10, Loss: 8.1933
Epoch 4/10, Loss: 5.4560
Epoch 5/10, Loss: 3.8654
Epoch 6/10, Loss: 2.0784
Epoch 7/10, Loss: 1.4179
Epoch 8/10, Loss: 1.1788
Epoch 9/10, Loss: 0.9183
Epoch 10/10, Loss: 0.7549
Performance Metrics:
RMSE (test data): 176.23062133789062
MAE (test data): 149.14517211914062
MAPE (test data): 195.29850482940674
MSE (test data): 31057.23046875
R2 (test data): -1.521342257194798
loss (test data): 31057.230288968374
Epoch 1/10, Loss: 984.2543
Epoch 2/10, Loss: 15.1672
Epoch 3/10, Loss: 7.7311
Epoch 4/10, Loss: 5.1269
Epoch 5/10, Loss: 3.1537
Epoch 6/10, Loss: 1.7947
Epoch 7/10, Loss: 1.3571
Epoch 8/10, Loss: 1.1172
Epoch 9/10, Loss: 0.8710
Epoch 10/10, Loss: 0.6646
Performance Metrics:
RMSE (test data): 174.59613037109375
MAE (test data): 147.27603149414062
MAPE (test data): 194.1695213317871
MSE (test data): 30483.80859375
R2 (test data): -1.4747898723779116
loss (test data): 30483.809135918676
Epoch 1/10, Loss: 1037.0353
Epoch 2/10, Loss: 15.4794
Epoch 3/10, Loss: 8.1599
Epoch 4/10, Loss: 5.0226
Epoch 5/10, Loss: 3.0100
Epoch 6/10, Loss: 1.6566
Epoch 7/10, Loss: 1.2881
Epoch 8/10, Loss: 1.0303
Epoch 9/10, Loss: 0.7776
Epoch 10/10, Loss: 0.6021
Performance Metrics:
RMSE (test data): 174.1466827392578
MAE (test data): 146.70870971679688
MAPE (test data): 193.65915060043335
MSE (test data): 30327.064453125
R2 (test data): -1.4620647210062918
loss (test data): 30327.06468938253
Epoch 1/10, Loss: 1124.9307
Epoch 2/10, Loss: 11.7357
Epoch 3/10, Loss: 6.8209
Epoch 4/10, Loss: 3.8549
Epoch 5/10, Loss: 2.6696
Epoch 6/10, Loss: 2.0393
Epoch 7/10, Loss: 1.6355
Epoch 8/10, Loss: 1.3606
Epoch 9/10, Loss: 1.1316
Epoch 10/10, Loss: 0.9151
Performance Metrics:
RMSE (test data): 174.3942108154297
MAE (test data): 146.91845703125
MAPE (test data): 193.72408390045166
MSE (test data): 30413.33984375
R2 (test data): -1.4690688842925264
loss (test data): 30413.34063064759
Epoch 1/10, Loss: 1069.4814
Epoch 2/10, Loss: 12.4579
Epoch 3/10, Loss: 6.2750
Epoch 4/10, Loss: 3.6682
Epoch 5/10, Loss: 2.5017
Epoch 6/10, Loss: 1.8601
Epoch 7/10, Loss: 1.4236
Epoch 8/10, Loss: 1.0971
Epoch 9/10, Loss: 0.9454
Epoch 10/10, Loss: 0.7502
Performance Metrics:
RMSE (test data): 174.0640869140625
MAE (test data): 146.3950958251953
MAPE (test data): 193.53036880493164
MSE (test data): 30298.30859375
R2 (test data): -1.459730362859037
loss (test data): 30298.310454631024
Epoch 1/10, Loss: 1229.9180
Epoch 2/10, Loss: 14.9871
Epoch 3/10, Loss: 6.8535
Epoch 4/10, Loss: 3.5540
Epoch 5/10, Loss: 2.3123
Epoch 6/10, Loss: 1.7657
Epoch 7/10, Loss: 1.4032
Epoch 8/10, Loss: 1.1578
Epoch 9/10, Loss: 0.9199
Epoch 10/10, Loss: 0.7147
Performance Metrics:
RMSE (test data): 173.89248657226562
MAE (test data): 146.39459228515625
MAPE (test data): 193.34039688110352
MSE (test data): 30238.595703125
R2 (test data): -1.4548826340092025
loss (test data): 30238.59806193524
Epoch 1/10, Loss: 1071.4319
Epoch 2/10, Loss: 15.5752
Epoch 3/10, Loss: 7.1288
Epoch 4/10, Loss: 3.6699
Epoch 5/10, Loss: 2.4607
Epoch 6/10, Loss: 1.8011
Epoch 7/10, Loss: 1.3781
Epoch 8/10, Loss: 1.1303
Epoch 9/10, Loss: 0.8919
Epoch 10/10, Loss: 0.6797
Performance Metrics:
RMSE (test data): 172.7694091796875
MAE (test data): 145.61285400390625
MAPE (test data): 192.7495837211609
MSE (test data): 29849.267578125
R2 (test data): -1.423275462061917
loss (test data): 29849.26922251506
Epoch 1/10, Loss: 1225.6573
Epoch 2/10, Loss: 14.2187
Epoch 3/10, Loss: 6.8686
Epoch 4/10, Loss: 3.7132
Epoch 5/10, Loss: 2.5619
Epoch 6/10, Loss: 1.9897
Epoch 7/10, Loss: 1.6670
Epoch 8/10, Loss: 1.3792
Epoch 9/10, Loss: 1.1660
Epoch 10/10, Loss: 0.9721
Performance Metrics:
RMSE (test data): 174.1907958984375
MAE (test data): 146.54803466796875
MAPE (test data): 193.53092908859253
MSE (test data): 30342.435546875
R2 (test data): -1.4633126209131668
loss (test data): 30342.436607680724
Epoch 1/10, Loss: 803.8321
Epoch 2/10, Loss: 13.6601
Epoch 3/10, Loss: 7.3506
Epoch 4/10, Loss: 3.9536
Epoch 5/10, Loss: 2.5209
Epoch 6/10, Loss: 1.8393
Epoch 7/10, Loss: 1.4735
Epoch 8/10, Loss: 1.1892
Epoch 9/10, Loss: 0.9841
Epoch 10/10, Loss: 0.7628
Performance Metrics:
RMSE (test data): 173.77159118652344
MAE (test data): 146.28036499023438
MAPE (test data): 193.28067302703857
MSE (test data): 30196.568359375
R2 (test data): -1.4514706144438025
loss (test data): 30196.569571724398
Epoch 1/10, Loss: 1064.7892
Epoch 2/10, Loss: 12.8808
Epoch 3/10, Loss: 6.1770
Epoch 4/10, Loss: 3.8294
Epoch 5/10, Loss: 2.7284
Epoch 6/10, Loss: 1.9713
Epoch 7/10, Loss: 1.5476
Epoch 8/10, Loss: 1.2367
Epoch 9/10, Loss: 0.9079
Epoch 10/10, Loss: 0.7166
Performance Metrics:
RMSE (test data): 172.8759307861328
MAE (test data): 145.78321838378906
MAPE (test data): 192.7273392677307
MSE (test data): 29886.087890625
R2 (test data): -1.4262646790592388
loss (test data): 29886.088921310242
Epoch 1/10, Loss: 1030.5214
Epoch 2/10, Loss: 12.9128
Epoch 3/10, Loss: 6.1699
Epoch 4/10, Loss: 3.8252
Epoch 5/10, Loss: 2.5800
Epoch 6/10, Loss: 2.0048
Epoch 7/10, Loss: 1.5860
Epoch 8/10, Loss: 1.2543
Epoch 9/10, Loss: 1.0184
Epoch 10/10, Loss: 0.8677
Performance Metrics:
RMSE (test data): 172.32334899902344
MAE (test data): 145.24795532226562
MAPE (test data): 192.27688312530518
MSE (test data): 29695.337890625
R2 (test data): -1.4107789563274693
loss (test data): 29695.340551581325
Epoch 1/10, Loss: 979.7355
Epoch 2/10, Loss: 13.5163
Epoch 3/10, Loss: 6.9245
Epoch 4/10, Loss: 3.9477
Epoch 5/10, Loss: 2.8214
Epoch 6/10, Loss: 2.1010
Epoch 7/10, Loss: 1.5732
Epoch 8/10, Loss: 1.1913
Epoch 9/10, Loss: 0.9252
Epoch 10/10, Loss: 0.7860
Performance Metrics:
RMSE (test data): 171.29078674316406
MAE (test data): 144.634033203125
MAPE (test data): 191.78340435028076
MSE (test data): 29340.533203125
R2 (test data): -1.3819745210849312
loss (test data): 29340.535065888555
Epoch 1/10, Loss: 1235.0134
Epoch 2/10, Loss: 15.0133
Epoch 3/10, Loss: 8.2923
Epoch 4/10, Loss: 5.0494
Epoch 5/10, Loss: 3.4424
Epoch 6/10, Loss: 2.6879
Epoch 7/10, Loss: 2.0481
Epoch 8/10, Loss: 1.6300
Epoch 9/10, Loss: 1.3008
Epoch 10/10, Loss: 1.0411
Performance Metrics:
RMSE (test data): 170.62962341308594
MAE (test data): 143.5886688232422
MAPE (test data): 191.35992527008057
MSE (test data): 29114.466796875
R2 (test data): -1.3636215224702388
loss (test data): 29114.46759883283
Epoch 1/10, Loss: 1042.8224
Epoch 2/10, Loss: 13.4842
Epoch 3/10, Loss: 6.8640
Epoch 4/10, Loss: 3.8541
Epoch 5/10, Loss: 2.8230
Epoch 6/10, Loss: 2.1856
Epoch 7/10, Loss: 1.7117
Epoch 8/10, Loss: 1.3927
Epoch 9/10, Loss: 1.0807
Epoch 10/10, Loss: 0.8473
Performance Metrics:
RMSE (test data): 169.29026794433594
MAE (test data): 142.91217041015625
MAPE (test data): 190.65946340560913
MSE (test data): 28659.1953125
R2 (test data): -1.3266609208881355
loss (test data): 28659.196676393072
Epoch 1/10, Loss: 1066.4776
Epoch 2/10, Loss: 13.7903
Epoch 3/10, Loss: 6.8878
Epoch 4/10, Loss: 3.9584
Epoch 5/10, Loss: 2.8752
Epoch 6/10, Loss: 2.2284
Epoch 7/10, Loss: 1.7899
Epoch 8/10, Loss: 1.4752
Epoch 9/10, Loss: 1.2275
Epoch 10/10, Loss: 1.0170
Performance Metrics:
RMSE (test data): 173.1294403076172
MAE (test data): 145.45960998535156
MAPE (test data): 192.91648864746094
MSE (test data): 29973.80078125
R2 (test data): -1.4333855066001226
loss (test data): 29973.802421875
Epoch 1/10, Loss: 1116.7483
Epoch 2/10, Loss: 13.3787
Epoch 3/10, Loss: 6.8153
Epoch 4/10, Loss: 4.1079
Epoch 5/10, Loss: 2.9446
Epoch 6/10, Loss: 2.2768
Epoch 7/10, Loss: 1.7701
Epoch 8/10, Loss: 1.4195
Epoch 9/10, Loss: 1.0929
Epoch 10/10, Loss: 0.8705
Performance Metrics:
RMSE (test data): 175.2968292236328
MAE (test data): 147.52835083007812
MAPE (test data): 194.1930055618286
MSE (test data): 30728.9765625
R2 (test data): -1.4946935075538765
loss (test data): 30728.977688253013
Epoch 1/10, Loss: 948.3211
Epoch 2/10, Loss: 10.6576
Epoch 3/10, Loss: 6.1742
Epoch 4/10, Loss: 3.9674
Epoch 5/10, Loss: 2.9104
Epoch 6/10, Loss: 2.2470
Epoch 7/10, Loss: 1.8203
Epoch 8/10, Loss: 1.5147
Epoch 9/10, Loss: 1.2749
Epoch 10/10, Loss: 1.1480
Performance Metrics:
RMSE (test data): 174.01580810546875
MAE (test data): 146.30303955078125
MAPE (test data): 193.35559606552124
MSE (test data): 30281.501953125
R2 (test data): -1.4583656892330956
loss (test data): 30281.500353915664
Epoch 1/10, Loss: 913.6022
Epoch 2/10, Loss: 13.2813
Epoch 3/10, Loss: 6.8297
Epoch 4/10, Loss: 4.0901
Epoch 5/10, Loss: 2.8969
Epoch 6/10, Loss: 2.1906
Epoch 7/10, Loss: 1.7650
Epoch 8/10, Loss: 1.4258
Epoch 9/10, Loss: 1.2004
Epoch 10/10, Loss: 1.0222
Performance Metrics:
RMSE (test data): 174.48287963867188
MAE (test data): 146.69732666015625
MAPE (test data): 193.6295509338379
MSE (test data): 30444.275390625
R2 (test data): -1.4715804435954585
loss (test data): 30444.277245858433
Epoch 1/10, Loss: 1146.1697
Epoch 2/10, Loss: 14.0929
Epoch 3/10, Loss: 7.8483
Epoch 4/10, Loss: 4.4072
Epoch 5/10, Loss: 3.1263
Epoch 6/10, Loss: 2.3930
Epoch 7/10, Loss: 2.1327
Epoch 8/10, Loss: 1.6238
Epoch 9/10, Loss: 1.3074
Epoch 10/10, Loss: 1.0668
Performance Metrics:
RMSE (test data): 174.59683227539062
MAE (test data): 146.7979278564453
MAPE (test data): 193.6784863471985
MSE (test data): 30484.052734375
R2 (test data): -1.474809658449399
loss (test data): 30484.05375941265
Epoch 1/10, Loss: 1227.3224
Epoch 2/10, Loss: 15.4734
Epoch 3/10, Loss: 8.7746
Epoch 4/10, Loss: 5.2287
Epoch 5/10, Loss: 3.3853
Epoch 6/10, Loss: 2.5153
Epoch 7/10, Loss: 1.9795
Epoch 8/10, Loss: 1.6070
Epoch 9/10, Loss: 1.3594
Epoch 10/10, Loss: 1.1778
Performance Metrics:
RMSE (test data): 175.3119659423828
MAE (test data): 148.01158142089844
MAPE (test data): 194.46645975112915
MSE (test data): 30734.28515625
R2 (test data): -1.495124223127994
loss (test data): 30734.283503388553
Epoch 1/10, Loss: 1087.6288
Epoch 2/10, Loss: 15.7377
Epoch 3/10, Loss: 8.3923
Epoch 4/10, Loss: 5.3555
Epoch 5/10, Loss: 3.4740
Epoch 6/10, Loss: 2.5089
Epoch 7/10, Loss: 2.0169
Epoch 8/10, Loss: 1.6558
Epoch 9/10, Loss: 1.3581
Epoch 10/10, Loss: 1.1232
Performance Metrics:
RMSE (test data): 173.11654663085938
MAE (test data): 145.4053497314453
MAPE (test data): 192.72677898406982
MSE (test data): 29969.337890625
R2 (test data): -1.4330230295747834
loss (test data): 29969.33705195783
Epoch 1/10, Loss: 1220.5148
Epoch 2/10, Loss: 15.5100
Epoch 3/10, Loss: 8.4391
Epoch 4/10, Loss: 5.4026
Epoch 5/10, Loss: 3.6771
Epoch 6/10, Loss: 2.7235
Epoch 7/10, Loss: 2.1952
Epoch 8/10, Loss: 1.7923
Epoch 9/10, Loss: 1.4960
Epoch 10/10, Loss: 1.2693
Performance Metrics:
RMSE (test data): 172.80368041992188
MAE (test data): 144.9800262451172
MAPE (test data): 192.62728691101074
MSE (test data): 29861.111328125
R2 (test data): -1.4242370599581138
loss (test data): 29861.113798004517
Epoch 1/10, Loss: 760.7177
Epoch 2/10, Loss: 11.4458
Epoch 3/10, Loss: 6.0826
Epoch 4/10, Loss: 3.7248
Epoch 5/10, Loss: 2.5839
Epoch 6/10, Loss: 1.8743
Epoch 7/10, Loss: 1.3737
Epoch 8/10, Loss: 1.0623
Epoch 9/10, Loss: 0.8280
Epoch 10/10, Loss: 0.7045
Performance Metrics:
RMSE (test data): 175.1779022216797
MAE (test data): 147.8040313720703
MAPE (test data): 194.28396224975586
MSE (test data): 30687.298828125
R2 (test data): -1.4913097534668487
loss (test data): 30687.29733621988
Epoch 1/10, Loss: 1095.0621
Epoch 2/10, Loss: 15.1720
Epoch 3/10, Loss: 8.0663
Epoch 4/10, Loss: 5.0013
Epoch 5/10, Loss: 3.5939
Epoch 6/10, Loss: 2.8578
Epoch 7/10, Loss: 2.2340
Epoch 8/10, Loss: 1.8511
Epoch 9/10, Loss: 1.5285
Epoch 10/10, Loss: 1.2142
Performance Metrics:
RMSE (test data): 174.6074981689453
MAE (test data): 147.14852905273438
MAPE (test data): 193.73185634613037
MSE (test data): 30487.77734375
R2 (test data): -1.4751119944188469
loss (test data): 30487.777045368977
Epoch 1/10, Loss: 1001.4667
Epoch 2/10, Loss: 14.5575
Epoch 3/10, Loss: 7.3621
Epoch 4/10, Loss: 4.3807
Epoch 5/10, Loss: 3.0779
Epoch 6/10, Loss: 2.4036
Epoch 7/10, Loss: 1.9710
Epoch 8/10, Loss: 1.6637
Epoch 9/10, Loss: 1.3621
Epoch 10/10, Loss: 1.1223
Performance Metrics:
RMSE (test data): 174.16856384277344
MAE (test data): 146.48626708984375
MAPE (test data): 193.37316751480103
MSE (test data): 30334.689453125
R2 (test data): -1.4626837553289729
loss (test data): 30334.690174134037
Epoch 1/10, Loss: 1090.2696
Epoch 2/10, Loss: 13.8449
Epoch 3/10, Loss: 7.2531
Epoch 4/10, Loss: 4.7440
Epoch 5/10, Loss: 3.4307
Epoch 6/10, Loss: 2.6201
Epoch 7/10, Loss: 2.0788
Epoch 8/10, Loss: 1.6548
Epoch 9/10, Loss: 1.3432
Epoch 10/10, Loss: 1.0763
Performance Metrics:
RMSE (test data): 175.4583282470703
MAE (test data): 147.99240112304688
MAPE (test data): 194.4128394126892
MSE (test data): 30785.626953125
R2 (test data): -1.499292502962692
loss (test data): 30785.627155496986
Epoch 1/10, Loss: 1226.8700
Epoch 2/10, Loss: 18.3002
Epoch 3/10, Loss: 9.3933
Epoch 4/10, Loss: 6.0301
Epoch 5/10, Loss: 4.2908
Epoch 6/10, Loss: 3.1814
Epoch 7/10, Loss: 2.5357
Epoch 8/10, Loss: 2.0338
Epoch 9/10, Loss: 1.6648
Epoch 10/10, Loss: 1.3771
Performance Metrics:
RMSE (test data): 172.90621948242188
MAE (test data): 145.6524658203125
MAPE (test data): 192.6990032196045
MSE (test data): 29896.5625
R2 (test data): -1.4271148975805068
loss (test data): 29896.562602597893
Epoch 1/10, Loss: 1152.5569
Epoch 2/10, Loss: 16.5259
Epoch 3/10, Loss: 8.5097
Epoch 4/10, Loss: 5.3460
Epoch 5/10, Loss: 3.8625
Epoch 6/10, Loss: 2.9698
Epoch 7/10, Loss: 2.3532
Epoch 8/10, Loss: 1.8980
Epoch 9/10, Loss: 1.4931
Epoch 10/10, Loss: 1.1672
Performance Metrics:
RMSE (test data): 173.38040161132812
MAE (test data): 145.78961181640625
MAPE (test data): 192.93813705444336
MSE (test data): 30060.76171875
R2 (test data): -1.4404452864729542
loss (test data): 30060.76242752259
Epoch 1/10, Loss: 1294.8257
Epoch 2/10, Loss: 15.9867
Epoch 3/10, Loss: 8.8387
Epoch 4/10, Loss: 5.6139
Epoch 5/10, Loss: 4.0277
Epoch 6/10, Loss: 3.0918
Epoch 7/10, Loss: 2.4741
Epoch 8/10, Loss: 2.0689
Epoch 9/10, Loss: 1.5960
Epoch 10/10, Loss: 1.3179
Performance Metrics:
RMSE (test data): 174.03065490722656
MAE (test data): 146.60304260253906
MAPE (test data): 193.48032474517822
MSE (test data): 30286.669921875
R2 (test data): -1.458785394457561
loss (test data): 30286.671021272592
Epoch 1/10, Loss: 1002.7204
Epoch 2/10, Loss: 12.6356
Epoch 3/10, Loss: 6.7221
Epoch 4/10, Loss: 4.8358
Epoch 5/10, Loss: 2.9662
Epoch 6/10, Loss: 2.0799
Epoch 7/10, Loss: 1.4987
Epoch 8/10, Loss: 1.2016
Epoch 9/10, Loss: 0.8395
Epoch 10/10, Loss: 0.6862
Performance Metrics:
RMSE (test data): 173.05050659179688
MAE (test data): 145.76084899902344
MAPE (test data): 192.83257722854614
MSE (test data): 29946.4765625
R2 (test data): -1.4311672092011456
loss (test data): 29946.47757435994
Epoch 1/10, Loss: 1078.1514
Epoch 2/10, Loss: 12.2618
Epoch 3/10, Loss: 7.7461
Epoch 4/10, Loss: 5.3212
Epoch 5/10, Loss: 4.0254
Epoch 6/10, Loss: 3.1090
Epoch 7/10, Loss: 2.4970
Epoch 8/10, Loss: 1.9763
Epoch 9/10, Loss: 1.6136
Epoch 10/10, Loss: 1.3602
Performance Metrics:
RMSE (test data): 158.8242950439453
MAE (test data): 134.69126892089844
MAPE (test data): 184.5739245414734
MSE (test data): 25225.15625
R2 (test data): -1.0478726630231052
loss (test data): 25225.156394013553
Epoch 1/10, Loss: 1092.1990
Epoch 2/10, Loss: 14.1156
Epoch 3/10, Loss: 8.1010
Epoch 4/10, Loss: 5.4615
Epoch 5/10, Loss: 3.8083
Epoch 6/10, Loss: 2.8129
Epoch 7/10, Loss: 2.1070
Epoch 8/10, Loss: 1.6347
Epoch 9/10, Loss: 1.3027
Epoch 10/10, Loss: 1.0708
Performance Metrics:
RMSE (test data): 173.3126678466797
MAE (test data): 146.0970458984375
MAPE (test data): 193.02605390548706
MSE (test data): 30037.283203125
R2 (test data): -1.43853919334041
loss (test data): 30037.2834563253
Epoch 1/10, Loss: 1073.2784
Epoch 2/10, Loss: 14.9879
Epoch 3/10, Loss: 8.6221
Epoch 4/10, Loss: 5.7549
Epoch 5/10, Loss: 3.9455
Epoch 6/10, Loss: 2.8854
Epoch 7/10, Loss: 2.1632
Epoch 8/10, Loss: 1.6701
Epoch 9/10, Loss: 1.3339
Epoch 10/10, Loss: 1.1279
Performance Metrics:
RMSE (test data): 172.39358520507812
MAE (test data): 145.0501708984375
MAPE (test data): 192.2857165336609
MSE (test data): 29719.548828125
R2 (test data): -1.412744193900671
loss (test data): 29719.54782567771
Epoch 1/10, Loss: 1260.7546
Epoch 2/10, Loss: 14.8097
Epoch 3/10, Loss: 7.5254
Epoch 4/10, Loss: 5.0808
Epoch 5/10, Loss: 3.7595
Epoch 6/10, Loss: 2.8577
Epoch 7/10, Loss: 2.1506
Epoch 8/10, Loss: 1.6750
Epoch 9/10, Loss: 1.3018
Epoch 10/10, Loss: 1.0680
Performance Metrics:
RMSE (test data): 172.2027130126953
MAE (test data): 145.01284790039062
MAPE (test data): 192.25822687149048
MSE (test data): 29653.775390625
R2 (test data): -1.4074045918455078
loss (test data): 29653.775758659638
Epoch 1/10, Loss: 1135.0621
Epoch 2/10, Loss: 14.8337
Epoch 3/10, Loss: 8.1279
Epoch 4/10, Loss: 5.1813
Epoch 5/10, Loss: 3.7149
Epoch 6/10, Loss: 2.7997
Epoch 7/10, Loss: 2.0919
Epoch 8/10, Loss: 1.6329
Epoch 9/10, Loss: 1.2897
Epoch 10/10, Loss: 1.0301
Performance Metrics:
RMSE (test data): 174.0520477294922
DEBUG flwr 2024-03-09 13:44:51,368 | connection.py:141 | gRPC channel closed
INFO flwr 2024-03-09 13:44:51,370 | app.py:304 | Disconnect and shut down
MAE (test data): 146.9766082763672
MAPE (test data): 193.64296197891235
MSE (test data): 30294.1171875
R2 (test data): -1.4593898464044224
loss (test data): 30294.116737575303
Epoch 1/10, Loss: 1068.0467
Epoch 2/10, Loss: 14.3641
Epoch 3/10, Loss: 5.5447
Epoch 4/10, Loss: 3.4777
Epoch 5/10, Loss: 2.6933
Epoch 6/10, Loss: 1.6716
Epoch 7/10, Loss: 1.3160
Epoch 8/10, Loss: 0.8322
Epoch 9/10, Loss: 0.7158
Epoch 10/10, Loss: 0.5567
Performance Metrics:
RMSE (test data): 173.08834838867188
MAE (test data): 145.7144012451172
MAPE (test data): 192.7629828453064
MSE (test data): 29959.576171875
R2 (test data): -1.4322305937063056
loss (test data): 29959.576223644577
Epoch 1/10, Loss: 1109.0436
Epoch 2/10, Loss: 15.3143
Epoch 3/10, Loss: 8.1434
Epoch 4/10, Loss: 5.1920
Epoch 5/10, Loss: 3.5970
Epoch 6/10, Loss: 2.6685
Epoch 7/10, Loss: 1.9914
Epoch 8/10, Loss: 1.5281
Epoch 9/10, Loss: 1.1578
Epoch 10/10, Loss: 0.9667
Performance Metrics:
RMSE (test data): 172.9422607421875
MAE (test data): 145.48434448242188
MAPE (test data): 192.607581615448
MSE (test data): 29909.0234375
R2 (test data): -1.4281265335558135
loss (test data): 29909.023046875
Epoch 1/10, Loss: 1110.9653
Epoch 2/10, Loss: 16.2874
Epoch 3/10, Loss: 7.7747
Epoch 4/10, Loss: 4.7225
Epoch 5/10, Loss: 3.3845
Epoch 6/10, Loss: 2.5303
Epoch 7/10, Loss: 1.9401
Epoch 8/10, Loss: 1.5689
Epoch 9/10, Loss: 1.2429
Epoch 10/10, Loss: 0.9645
Performance Metrics:
RMSE (test data): 173.34825134277344
MAE (test data): 146.52578735351562
MAPE (test data): 193.2361602783203
MSE (test data): 30049.615234375
R2 (test data): -1.4395402971596907
loss (test data): 30049.61505741717
Epoch 1/10, Loss: 1090.6201
Epoch 2/10, Loss: 16.8959
Epoch 3/10, Loss: 9.4145
Epoch 4/10, Loss: 6.2339
Epoch 5/10, Loss: 4.2009
Epoch 6/10, Loss: 3.0043
Epoch 7/10, Loss: 2.2481
Epoch 8/10, Loss: 1.8456
Epoch 9/10, Loss: 1.5015
Epoch 10/10, Loss: 1.2245
Performance Metrics:
RMSE (test data): 171.55258178710938
MAE (test data): 144.21681213378906
MAPE (test data): 191.75341129302979
MSE (test data): 29430.2890625
R2 (test data): -1.3892609973503993
loss (test data): 29430.287900978914
Epoch 1/10, Loss: 1101.4462
Epoch 2/10, Loss: 16.1752
Epoch 3/10, Loss: 8.2018
Epoch 4/10, Loss: 4.9341
Epoch 5/10, Loss: 3.3343
Epoch 6/10, Loss: 2.4607
Epoch 7/10, Loss: 1.9615
Epoch 8/10, Loss: 1.6396
Epoch 9/10, Loss: 1.3880
Epoch 10/10, Loss: 1.1781
Performance Metrics:
RMSE (test data): 169.6164093017578
MAE (test data): 142.32847595214844
MAPE (test data): 190.39011001586914
MSE (test data): 28769.724609375
R2 (test data): -1.3356340681821828
loss (test data): 28769.72551298946
Epoch 1/10, Loss: 994.1682
Epoch 2/10, Loss: 16.3099
Epoch 3/10, Loss: 8.1227
Epoch 4/10, Loss: 5.2935
Epoch 5/10, Loss: 3.4894
Epoch 6/10, Loss: 2.3693
Epoch 7/10, Loss: 1.7689
Epoch 8/10, Loss: 1.4395
Epoch 9/10, Loss: 1.2111
Epoch 10/10, Loss: 1.0369
Performance Metrics:
RMSE (test data): 166.68731689453125
MAE (test data): 140.94735717773438
MAPE (test data): 188.6469841003418
MSE (test data): 27784.6640625
R2 (test data): -1.2556631408175187
loss (test data): 27784.66481927711
Epoch 1/10, Loss: 925.2179
Epoch 2/10, Loss: 13.8768
Epoch 3/10, Loss: 6.8697
Epoch 4/10, Loss: 5.0779
Epoch 5/10, Loss: 3.4940
Epoch 6/10, Loss: 2.2607
Epoch 7/10, Loss: 1.5817
Epoch 8/10, Loss: 1.2838
Epoch 9/10, Loss: 0.9827
Epoch 10/10, Loss: 0.8424
Performance Metrics:
RMSE (test data): 163.5949249267578
MAE (test data): 138.23757934570312
MAPE (test data): 186.95374727249146
MSE (test data): 26763.298828125
R2 (test data): -1.1727448205237012
loss (test data): 26763.298557040664
Epoch 1/10, Loss: 984.4825
Epoch 2/10, Loss: 16.2329
Epoch 3/10, Loss: 8.0077
Epoch 4/10, Loss: 5.3830
Epoch 5/10, Loss: 3.4229
Epoch 6/10, Loss: 2.0715
Epoch 7/10, Loss: 1.4019
Epoch 8/10, Loss: 1.0781
Epoch 9/10, Loss: 0.9821
Epoch 10/10, Loss: 0.7610
Performance Metrics:
RMSE (test data): 172.31588745117188
MAE (test data): 146.1405792236328
MAPE (test data): 193.01493167877197
MSE (test data): 29692.765625
R2 (test data): -1.410569962924721
loss (test data): 29692.766456137047
Epoch 1/10, Loss: 1119.6892
Epoch 2/10, Loss: 19.6108
Epoch 3/10, Loss: 10.8986
Epoch 4/10, Loss: 6.9448
Epoch 5/10, Loss: 5.1688
Epoch 6/10, Loss: 4.0162
Epoch 7/10, Loss: 2.7281
Epoch 8/10, Loss: 1.8519
Epoch 9/10, Loss: 1.3648
Epoch 10/10, Loss: 1.0817
Performance Metrics:
RMSE (test data): 173.79116821289062
MAE (test data): 146.3852081298828
MAPE (test data): 193.51773262023926
MSE (test data): 30203.369140625
R2 (test data): -1.452022704009114
loss (test data): 30203.370113893074
Epoch 1/10, Loss: 1086.5455
Epoch 2/10, Loss: 14.1938
Epoch 3/10, Loss: 7.5565
Epoch 4/10, Loss: 5.4006
Epoch 5/10, Loss: 3.7764
Epoch 6/10, Loss: 2.5654
Epoch 7/10, Loss: 1.8243
Epoch 8/10, Loss: 1.4219
Epoch 9/10, Loss: 1.1666
Epoch 10/10, Loss: 1.0324
Performance Metrics:
RMSE (test data): 174.22727966308594
MAE (test data): 146.72706604003906
MAPE (test data): 193.73488426208496
MSE (test data): 30355.146484375
R2 (test data): -1.4643444657621343
loss (test data): 30355.146209525603
Epoch 1/10, Loss: 1182.5022
Epoch 2/10, Loss: 14.8807
Epoch 3/10, Loss: 8.2324
Epoch 4/10, Loss: 5.8856
Epoch 5/10, Loss: 4.6179
Epoch 6/10, Loss: 3.4281
Epoch 7/10, Loss: 2.4570
Epoch 8/10, Loss: 1.7700
Epoch 9/10, Loss: 1.3379
Epoch 10/10, Loss: 1.2715
Performance Metrics:
RMSE (test data): 174.1208953857422
MAE (test data): 146.52371215820312
MAPE (test data): 193.62084865570068
MSE (test data): 30318.083984375
R2 (test data): -1.4613355674498378
loss (test data): 30318.083139118975
Epoch 1/10, Loss: 1036.9546
Epoch 2/10, Loss: 13.5059
Epoch 3/10, Loss: 7.2088
Epoch 4/10, Loss: 5.2449
Epoch 5/10, Loss: 3.7470
Epoch 6/10, Loss: 2.6193
Epoch 7/10, Loss: 1.8915
Epoch 8/10, Loss: 1.4331
Epoch 9/10, Loss: 1.1565
Epoch 10/10, Loss: 0.9903
Performance Metrics:
RMSE (test data): 175.01803588867188
MAE (test data): 147.2726593017578
MAPE (test data): 194.2038059234619
MSE (test data): 30631.314453125
R2 (test data): -1.4867649500144817
loss (test data): 30631.315235316266
Epoch 1/10, Loss: 989.9973
Epoch 2/10, Loss: 12.6420
Epoch 3/10, Loss: 7.2196
Epoch 4/10, Loss: 5.0635
Epoch 5/10, Loss: 3.4399
Epoch 6/10, Loss: 2.4523
Epoch 7/10, Loss: 1.7905
Epoch 8/10, Loss: 1.3962
Epoch 9/10, Loss: 1.1098
Epoch 10/10, Loss: 0.9919
Performance Metrics:
RMSE (test data): 174.69256591796875
MAE (test data): 146.98399353027344
MAPE (test data): 193.9450740814209
MSE (test data): 30517.490234375
R2 (test data): -1.4775241868257853
loss (test data): 30517.490713478917
Epoch 1/10, Loss: 1035.9998
Epoch 2/10, Loss: 11.7042
Epoch 3/10, Loss: 6.9649
Epoch 4/10, Loss: 4.9703
Epoch 5/10, Loss: 3.4805
Epoch 6/10, Loss: 2.4699
Epoch 7/10, Loss: 1.8952
Epoch 8/10, Loss: 1.5091
Epoch 9/10, Loss: 1.1915
Epoch 10/10, Loss: 1.0439
Performance Metrics:
RMSE (test data): 173.9935302734375
MAE (test data): 146.19313049316406
MAPE (test data): 193.48673820495605
MSE (test data): 30273.75
R2 (test data): -1.4577363634782152
loss (test data): 30273.74961125753
Epoch 1/10, Loss: 1047.0895
Epoch 2/10, Loss: 13.7030
Epoch 3/10, Loss: 7.6771
Epoch 4/10, Loss: 5.3884
Epoch 5/10, Loss: 3.7863
Epoch 6/10, Loss: 2.6340
Epoch 7/10, Loss: 1.9380
Epoch 8/10, Loss: 1.5044
Epoch 9/10, Loss: 1.2536
Epoch 10/10, Loss: 1.0537
Performance Metrics:
RMSE (test data): 173.9630126953125
MAE (test data): 146.36767578125
MAPE (test data): 193.47344636917114
MSE (test data): 30263.12890625
R2 (test data): -1.456874303438381
loss (test data): 30263.13041321536
Epoch 1/10, Loss: 1202.4559
Epoch 2/10, Loss: 16.0626
Epoch 3/10, Loss: 8.8818
Epoch 4/10, Loss: 6.2817
Epoch 5/10, Loss: 4.8377
Epoch 6/10, Loss: 3.3855
Epoch 7/10, Loss: 2.4224
Epoch 8/10, Loss: 1.7974
Epoch 9/10, Loss: 1.4295
Epoch 10/10, Loss: 1.2499
Performance Metrics:
RMSE (test data): 174.40341186523438
MAE (test data): 146.63304138183594
MAPE (test data): 193.7314748764038
MSE (test data): 30416.55078125
R2 (test data): -1.469329443110849
loss (test data): 30416.549881400602
wandb: Network error (ConnectionError), entering retry loop.
wandb: - 0.001 MB of 0.001 MB uploadedwandb: \ 0.001 MB of 0.001 MB uploadedwandb: | 0.001 MB of 0.001 MB uploadedwandb: / 0.001 MB of 0.001 MB uploadedwandb: - 0.001 MB of 0.001 MB uploadedwandb: \ 0.001 MB of 0.001 MB uploadedwandb: | 0.001 MB of 0.001 MB uploadedwandb: / 0.001 MB of 0.001 MB uploadedwandb: - 0.001 MB of 0.001 MB uploadedwandb: \ 0.001 MB of 0.001 MB uploadedwandb: | 0.001 MB of 0.001 MB uploadedwandb: / 0.001 MB of 0.001 MB uploadedwandb: - 0.001 MB of 0.001 MB uploadedwandb: \ 0.001 MB of 0.001 MB uploadedwandb: | 0.001 MB of 0.001 MB uploadedwandb: / 0.001 MB of 0.001 MB uploadedwandb: - 0.001 MB of 0.001 MB uploadedwandb: \ 0.001 MB of 0.001 MB uploadedwandb: | 0.001 MB of 0.001 MB uploadedwandb: / 0.001 MB of 0.001 MB uploadedwandb: - 0.001 MB of 0.001 MB uploadedwandb: \ 0.001 MB of 0.001 MB uploadedwandb: | 0.001 MB of 0.001 MB uploadedwandb: / 0.001 MB of 0.001 MB uploadedwandb: - 0.001 MB of 0.001 MB uploadedwandb: \ 0.001 MB of 0.001 MB uploadedwandb: | 0.001 MB of 0.001 MB uploadedwandb: / 0.001 MB of 0.001 MB uploadedwandb: - 0.001 MB of 0.001 MB uploadedwandb: \ 0.001 MB of 0.001 MB uploadedwandb: | 0.001 MB of 0.001 MB uploadedwandb: / 0.001 MB of 0.001 MB uploadedwandb: - 0.001 MB of 0.001 MB uploadedwandb: \ 0.001 MB of 0.001 MB uploadedwandb: | 0.001 MB of 0.001 MB uploadedwandb: / 0.001 MB of 0.001 MB uploadedwandb: - 0.001 MB of 0.001 MB uploadedwandb: Network error (ConnectionError), entering retry loop.
wandb: \ 0.001 MB of 0.001 MB uploadedwandb: | 0.001 MB of 0.001 MB uploadedwandb: / 0.001 MB of 0.001 MB uploadedwandb: - 0.001 MB of 0.001 MB uploadedwandb: \ 0.001 MB of 0.001 MB uploadedwandb: | 0.001 MB of 0.001 MB uploadedwandb: / 0.001 MB of 0.001 MB uploadedwandb: - 0.001 MB of 0.001 MB uploadedwandb: \ 0.001 MB of 0.001 MB uploadedwandb: | 0.001 MB of 0.001 MB uploadedwandb: / 0.001 MB of 0.001 MB uploadedwandb: - 0.001 MB of 0.001 MB uploadedwandb: \ 0.001 MB of 0.001 MB uploadedwandb: | 0.001 MB of 0.001 MB uploadedwandb: / 0.001 MB of 0.001 MB uploadedwandb: - 0.001 MB of 0.001 MB uploadedwandb: \ 0.001 MB of 0.001 MB uploadedwandb: | 0.001 MB of 0.001 MB uploadedwandb: / 0.001 MB of 0.001 MB uploadedwandb: - 0.001 MB of 0.001 MB uploadedwandb: \ 0.001 MB of 0.001 MB uploadedwandb: | 0.001 MB of 0.001 MB uploadedwandb: / 0.001 MB of 0.001 MB uploadedwandb: - 0.001 MB of 0.001 MB uploadedwandb: \ 0.001 MB of 0.001 MB uploadedwandb: | 0.001 MB of 0.001 MB uploadedwandb: / 0.001 MB of 0.001 MB uploadedwandb: - 0.001 MB of 0.001 MB uploadedwandb: \ 0.001 MB of 0.001 MB uploadedwandb: | 0.001 MB of 0.001 MB uploadedwandb: / 0.001 MB of 0.001 MB uploadedwandb: - 0.001 MB of 0.001 MB uploadedwandb: \ 0.001 MB of 0.001 MB uploadedwandb: | 0.001 MB of 0.001 MB uploadedwandb: / 0.001 MB of 0.001 MB uploadedwandb: - 0.001 MB of 0.001 MB uploadedwandb: \ 0.001 MB of 0.001 MB uploadedwandb: | 0.001 MB of 0.001 MB uploadedwandb: / 0.001 MB of 0.001 MB uploadedwandb: - 0.001 MB of 0.001 MB uploadedwandb: \ 0.001 MB of 0.001 MB uploadedwandb: | 0.001 MB of 0.001 MB uploadedwandb: / 0.001 MB of 0.001 MB uploadedwandb: - 0.001 MB of 0.001 MB uploadedwandb: \ 0.001 MB of 0.001 MB uploadedwandb: | 0.001 MB of 0.001 MB uploadedwandb: / 0.001 MB of 0.001 MB uploadedwandb: - 0.001 MB of 0.001 MB uploadedwandb: \ 0.001 MB of 0.001 MB uploadedwandb: | 0.001 MB of 0.001 MB uploadedwandb: / 0.001 MB of 0.001 MB uploadedwandb: - 0.001 MB of 0.001 MB uploadedwandb: \ 0.001 MB of 0.001 MB uploadedwandb: | 0.001 MB of 0.001 MB uploadedwandb: / 0.001 MB of 0.001 MB uploadedwandb: - 0.001 MB of 0.001 MB uploadedwandb: \ 0.001 MB of 0.001 MB uploadedwandb: | 0.001 MB of 0.001 MB uploadedwandb: / 0.001 MB of 0.001 MB uploadedwandb: - 0.001 MB of 0.001 MB uploadedwandb: \ 0.001 MB of 0.001 MB uploadedwandb: | 0.001 MB of 0.001 MB uploadedwandb: / 0.001 MB of 0.001 MB uploadedwandb: - 0.001 MB of 0.001 MB uploadedwandb: \ 0.001 MB of 0.001 MB uploadedwandb: | 0.001 MB of 0.001 MB uploadedwandb: / 0.001 MB of 0.001 MB uploadedwandb: - 0.001 MB of 0.063 MB uploadedwandb: \ 0.006 MB of 0.063 MB uploadedwandb: | 0.016 MB of 0.063 MB uploadedwandb: / 0.016 MB of 0.063 MB uploadedwandb: - 0.016 MB of 0.063 MB uploadedwandb: \ 0.016 MB of 0.063 MB uploadedwandb: | 0.016 MB of 0.063 MB uploadedwandb: / 0.016 MB of 0.063 MB uploadedwandb: - 0.016 MB of 0.063 MB uploadedwandb: \ 0.016 MB of 0.063 MB uploadedwandb: | 0.016 MB of 0.063 MB uploadedwandb: / 0.016 MB of 0.063 MB uploadedwandb: - 0.016 MB of 0.063 MB uploadedwandb: \ 0.016 MB of 0.063 MB uploadedwandb: | 0.016 MB of 0.063 MB uploadedwandb: / 0.063 MB of 0.063 MB uploadedwandb: 
wandb: Run history:
wandb: Communication Time ▁▁▁▁▁▁▁▁▁▁▁▁▅▁▁▁▁█▁▁█▁▁▁▁▁▁▁▁▁▁▁▁▁▁▁▁▁▁▁
wandb:    MAE (test data) ▁▃▇▇██▇▇██▇█▇█▇▇▇▇▇█▇▇▇▇▇▇▇▇▇▇▇▇▇▇▇▇▇▇▇▇
wandb:   MAPE (test data) ▁▇██████████████████████████████████████
wandb:    MSE (test data) ▁▃▇▆▇███▇█▇█▇████▇████▇▇▇▇████▇▇▇█▇▇▇███
wandb:     R2 (test data) █▆▂▃▂▁▁▁▂▁▂▁▂▁▁▁▁▂▁▁▁▁▂▂▂▂▁▁▁▁▂▂▂▁▂▂▂▁▁▁
wandb:   RMSE (test data) ▁▄▇▇▇████████████▇████▇▇▇▇█████▇▇██▇▇███
wandb:    loss(test data) ▁▃▇▆▇███▇█▇█▇████▇████▇▇▇▇████▇▇▇█▇▇▇███
wandb: 
wandb: Run summary:
wandb: Communication Time 3.17304
wandb:    MAE (test data) 146.63304
wandb:   MAPE (test data) 193.73147
wandb:    MSE (test data) 30416.55078
wandb:     R2 (test data) -1.46933
wandb:   RMSE (test data) 174.40341
wandb:    loss(test data) 30416.54988
wandb: 
wandb: 🚀 View run worthy-sponge-29 at: https://wandb.ai/digitalai/CFL/runs/suwz3nuv
wandb: ️⚡ View job at https://wandb.ai/digitalai/CFL/jobs/QXJ0aWZhY3RDb2xsZWN0aW9uOjE0NzEyNzUxNA==/version_details/v5
wandb: Synced 6 W&B file(s), 0 media file(s), 0 artifact file(s) and 0 other file(s)
wandb: Find logs at: ./wandb/run-20240309_123333-suwz3nuv/logs
