wandb: Currently logged in as: longyunbo218 (digitalai). Use `wandb login --relogin` to force relogin
wandb: ERROR Error while calling W&B API: An internal error occurred. Please contact support. (<Response [500]>)
wandb: - Waiting for wandb.init()...wandb: \ Waiting for wandb.init()...wandb: wandb version 0.16.4 is available!  To upgrade, please run:
wandb:  $ pip install wandb --upgrade
wandb: Tracking run with wandb version 0.16.2
wandb: Run data is saved locally in /Users/yunbo/Documents/GitHub/PFL_Optimiozation/Model_training/3_clusters/wandb/run-20240310_073147-o0lj2kiv
wandb: Run `wandb offline` to turn off syncing.
wandb: Syncing run zesty-serenity-2
wandb: ⭐️ View project at https://wandb.ai/digitalai/CFL3
wandb: 🚀 View run at https://wandb.ai/digitalai/CFL3/runs/o0lj2kiv
INFO flwr 2024-03-10 07:31:54,872 | grpc.py:52 | Opened insecure gRPC connection (no certificates were passed)
DEBUG flwr 2024-03-10 07:31:54,878 | connection.py:42 | ChannelConnectivity.IDLE
DEBUG flwr 2024-03-10 07:31:54,879 | connection.py:42 | ChannelConnectivity.READY
Epoch 1/10, Loss: 19953.8352
Epoch 2/10, Loss: 4917.0095
Epoch 3/10, Loss: 4112.4256
Epoch 4/10, Loss: 3843.6761
Epoch 5/10, Loss: 4054.6932
Epoch 6/10, Loss: 3516.1204
Epoch 7/10, Loss: 3162.1357
Epoch 8/10, Loss: 4470.0966
Epoch 9/10, Loss: 2927.4565
Epoch 10/10, Loss: 3454.4756
Performance Metrics:
RMSE (test data): 94.22490692138672
MAE (test data): 64.29863739013672
MAPE (test data): 104.86050844192505
MSE (test data): 8878.3330078125
R2 (test data): 0.6255067440473441
loss (test data): 8878.333354796245
Epoch 1/10, Loss: 415.4107
Epoch 2/10, Loss: 72.7816
Epoch 3/10, Loss: 51.6391
Epoch 4/10, Loss: 36.9815
Epoch 5/10, Loss: 27.7599
Epoch 6/10, Loss: 17.3967
Epoch 7/10, Loss: 14.3326
Epoch 8/10, Loss: 9.5338
Epoch 9/10, Loss: 8.0925
Epoch 10/10, Loss: 7.4830
Performance Metrics:
RMSE (test data): 10.692082405090332
MAE (test data): 7.565558433532715
MAPE (test data): 148.54693412780762
MSE (test data): 114.32062530517578
R2 (test data): 0.9951778895316802
loss (test data): 114.32062689812629
Epoch 1/10, Loss: 23.5798
Epoch 2/10, Loss: 11.7617
Epoch 3/10, Loss: 7.3106
Epoch 4/10, Loss: 6.1159
Epoch 5/10, Loss: 5.2291
Epoch 6/10, Loss: 4.1209
Epoch 7/10, Loss: 61.2092
Epoch 8/10, Loss: 123.4429
Epoch 9/10, Loss: 11.2182
Epoch 10/10, Loss: 10.7338
Performance Metrics:
RMSE (test data): 4.1570048332214355
MAE (test data): 2.976539134979248
MAPE (test data): 151.75246000289917
MSE (test data): 17.28068733215332
R2 (test data): 0.9992710905900749
loss (test data): 17.280686933915693
Epoch 1/10, Loss: 17.4464
Epoch 2/10, Loss: 3.7126
Epoch 3/10, Loss: 15.8837
Epoch 4/10, Loss: 26.1480
Epoch 5/10, Loss: 16.6640
Epoch 6/10, Loss: 21.6934
Epoch 7/10, Loss: 18.7659
Epoch 8/10, Loss: 12.6697
Epoch 9/10, Loss: 374.2131
Epoch 10/10, Loss: 9.8022
Performance Metrics:
RMSE (test data): 6.952291488647461
MAE (test data): 5.017110824584961
MAPE (test data): 149.6516466140747
MSE (test data): 48.33435821533203
R2 (test data): 0.9979612287025159
loss (test data): 48.334358662476035
Epoch 1/10, Loss: 6.4499
Epoch 2/10, Loss: 10.3271
Epoch 3/10, Loss: 16.5858
Epoch 4/10, Loss: 37.1270
Epoch 5/10, Loss: 7.1609
Epoch 6/10, Loss: 6.1039
Epoch 7/10, Loss: 3.0846
Epoch 8/10, Loss: 184.2438
Epoch 9/10, Loss: 55.5549
Epoch 10/10, Loss: 4.7766
Performance Metrics:
RMSE (test data): 20.13672637939453
MAE (test data): 14.499338150024414
MAPE (test data): 161.9163155555725
MSE (test data): 405.4877624511719
R2 (test data): 0.9828962915560351
loss (test data): 405.4877421620128
Epoch 1/10, Loss: 227.0370
Epoch 2/10, Loss: 40.1005
Epoch 3/10, Loss: 4.3348
Epoch 4/10, Loss: 10.3229
Epoch 5/10, Loss: 3.3122
Epoch 6/10, Loss: 2.2370
Epoch 7/10, Loss: 4.5239
Epoch 8/10, Loss: 7.6302
Epoch 9/10, Loss: 9.3444
Epoch 10/10, Loss: 4.0160
Performance Metrics:
RMSE (test data): 2.8888561725616455
MAE (test data): 1.9798760414123535
MAPE (test data): 153.35605144500732
MSE (test data): 8.345490455627441
R2 (test data): 0.9996479823606831
loss (test data): 8.345490590993302
Epoch 1/10, Loss: 24.8257
Epoch 2/10, Loss: 6.4828
Epoch 3/10, Loss: 53.7662
Epoch 4/10, Loss: 107.7239
Epoch 5/10, Loss: 288.3162
Epoch 6/10, Loss: 49.2527
Epoch 7/10, Loss: 12.8757
Epoch 8/10, Loss: 7.5780
Epoch 9/10, Loss: 6.5870
Epoch 10/10, Loss: 5.7814
Performance Metrics:
RMSE (test data): 3.9298453330993652
MAE (test data): 2.4585647583007812
MAPE (test data): 152.4958610534668
MSE (test data): 15.443684577941895
R2 (test data): 0.9993485764566656
loss (test data): 15.443683505494953
Epoch 1/10, Loss: 14.8984
Epoch 2/10, Loss: 12.1680
Epoch 3/10, Loss: 36.6426
Epoch 4/10, Loss: 3.8632
Epoch 5/10, Loss: 3.7292
Epoch 6/10, Loss: 9.9368
Epoch 7/10, Loss: 57.0970
Epoch 8/10, Loss: 5.0772
Epoch 9/10, Loss: 14.2690
Epoch 10/10, Loss: 12.4805
Performance Metrics:
RMSE (test data): 4.875277519226074
MAE (test data): 3.3952181339263916
MAPE (test data): 150.8591890335083
MSE (test data): 23.768329620361328
R2 (test data): 0.9989974380616433
loss (test data): 23.768329438709078
Epoch 1/10, Loss: 27.5611
Epoch 2/10, Loss: 15.9459
Epoch 3/10, Loss: 11.2149
Epoch 4/10, Loss: 44.1880
Epoch 5/10, Loss: 107.2809
Epoch 6/10, Loss: 3.7115
Epoch 7/10, Loss: 8.0780
Epoch 8/10, Loss: 8.4290
Epoch 9/10, Loss: 22.5193
Epoch 10/10, Loss: 29.5264
Performance Metrics:
RMSE (test data): 4.183218955993652
MAE (test data): 2.5094330310821533
MAPE (test data): 150.9122133255005
MSE (test data): 17.49932098388672
R2 (test data): 0.9992618684419569
loss (test data): 17.499321460723877
Epoch 1/10, Loss: 10.5510
Epoch 2/10, Loss: 4.4471
Epoch 3/10, Loss: 32.3466
Epoch 4/10, Loss: 11.4568
Epoch 5/10, Loss: 72.7131
Epoch 6/10, Loss: 4.2886
Epoch 7/10, Loss: 20.5414
Epoch 8/10, Loss: 27.7985
Epoch 9/10, Loss: 13.9932
Epoch 10/10, Loss: 12.3588
Performance Metrics:
RMSE (test data): 10.642581939697266
MAE (test data): 7.214099884033203
MAPE (test data): 147.26372957229614
MSE (test data): 113.2645492553711
R2 (test data): 0.99522243548782
loss (test data): 113.2645515190376
Epoch 1/10, Loss: 89.4041
Epoch 2/10, Loss: 39.3604
Epoch 3/10, Loss: 9.8545
Epoch 4/10, Loss: 2.1490
Epoch 5/10, Loss: 1.4607
Epoch 6/10, Loss: 3.2358
Epoch 7/10, Loss: 2.6613
Epoch 8/10, Loss: 90.2697
Epoch 9/10, Loss: 38.9018
Epoch 10/10, Loss: 130.3457
Performance Metrics:
RMSE (test data): 5.199847221374512
MAE (test data): 4.166658401489258
MAPE (test data): 151.15262269973755
MSE (test data): 27.03841209411621
R2 (test data): 0.9988595041012965
loss (test data): 27.038411360520584
Epoch 1/10, Loss: 13.2238
Epoch 2/10, Loss: 3.1337
Epoch 3/10, Loss: 2.9830
Epoch 4/10, Loss: 2.1258
Epoch 5/10, Loss: 3.7088
Epoch 6/10, Loss: 2.2818
Epoch 7/10, Loss: 3.4021
Epoch 8/10, Loss: 12.0740
Epoch 9/10, Loss: 41.5492
Epoch 10/10, Loss: 35.5357
Performance Metrics:
RMSE (test data): 3.255760908126831
MAE (test data): 1.9109441041946411
MAPE (test data): 152.6161789894104
MSE (test data): 10.59997844696045
R2 (test data): 0.9995528867358696
loss (test data): 10.599978915064327
Epoch 1/10, Loss: 19.5164
Epoch 2/10, Loss: 2.6271
Epoch 3/10, Loss: 5.2682
Epoch 4/10, Loss: 2.9683
Epoch 5/10, Loss: 3.2023
Epoch 6/10, Loss: 65.6696
Epoch 7/10, Loss: 36.1134
Epoch 8/10, Loss: 9.8115
Epoch 9/10, Loss: 8.2989
Epoch 10/10, Loss: 41.4253
Performance Metrics:
RMSE (test data): 3.89691162109375
MAE (test data): 3.1651809215545654
MAPE (test data): 154.365074634552
MSE (test data): 15.185920715332031
R2 (test data): 0.9993594490377221
loss (test data): 15.185920827118032
Epoch 1/10, Loss: 16.6790
Epoch 2/10, Loss: 1.8935
Epoch 3/10, Loss: 1.6264
Epoch 4/10, Loss: 3.2984
Epoch 5/10, Loss: 38.3473
Epoch 6/10, Loss: 58.4590
Epoch 7/10, Loss: 27.6969
Epoch 8/10, Loss: 2.3120
Epoch 9/10, Loss: 3.2014
Epoch 10/10, Loss: 4.2941
Performance Metrics:
RMSE (test data): 4.600833415985107
MAE (test data): 3.021501302719116
MAPE (test data): 151.19179487228394
MSE (test data): 21.167667388916016
R2 (test data): 0.9991071355002964
loss (test data): 21.16766732254308
Epoch 1/10, Loss: 28.2634
Epoch 2/10, Loss: 1.1506
Epoch 3/10, Loss: 2.0247
Epoch 4/10, Loss: 5.6746
Epoch 5/10, Loss: 5.8299
Epoch 6/10, Loss: 3.5201
Epoch 7/10, Loss: 88.2889
Epoch 8/10, Loss: 105.7706
Epoch 9/10, Loss: 6.6435
Epoch 10/10, Loss: 1.8979
Performance Metrics:
RMSE (test data): 3.352846384048462
MAE (test data): 2.1474709510803223
MAPE (test data): 151.7900586128235
MSE (test data): 11.241578102111816
R2 (test data): 0.9995258236871667
loss (test data): 11.241578538775881
Epoch 1/10, Loss: 12.9007
Epoch 2/10, Loss: 8.7269
Epoch 3/10, Loss: 14.2643
Epoch 4/10, Loss: 2.2342
Epoch 5/10, Loss: 12.6067
Epoch 6/10, Loss: 3.8129
Epoch 7/10, Loss: 4.7790
Epoch 8/10, Loss: 33.4754
Epoch 9/10, Loss: 4.9832
Epoch 10/10, Loss: 20.8088
Performance Metrics:
RMSE (test data): 4.452412128448486
MAE (test data): 2.807567834854126
MAPE (test data): 150.72931051254272
MSE (test data): 19.823972702026367
R2 (test data): 0.9991638133179457
loss (test data): 19.823972260995664
Epoch 1/10, Loss: 3.5321
Epoch 2/10, Loss: 6.6431
Epoch 3/10, Loss: 53.9353
Epoch 4/10, Loss: 40.6281
Epoch 5/10, Loss: 9.8739
Epoch 6/10, Loss: 1.5922
Epoch 7/10, Loss: 2.0668
Epoch 8/10, Loss: 16.4596
Epoch 9/10, Loss: 1.9398
Epoch 10/10, Loss: 4.1184
Performance Metrics:
RMSE (test data): 8.159153938293457
MAE (test data): 5.745162487030029
MAPE (test data): 148.62027168273926
MSE (test data): 66.5718002319336
R2 (test data): 0.9971919625440551
loss (test data): 66.57180735829112
Epoch 1/10, Loss: 147.7634
Epoch 2/10, Loss: 3.0626
Epoch 3/10, Loss: 1.7145
Epoch 4/10, Loss: 3.1175
Epoch 5/10, Loss: 19.1258
Epoch 6/10, Loss: 5.3229
Epoch 7/10, Loss: 7.0970
Epoch 8/10, Loss: 2.0641
Epoch 9/10, Loss: 1.4817
Epoch 10/10, Loss: 5.8965
Performance Metrics:
RMSE (test data): 2.474510908126831
MAE (test data): 1.5714389085769653
MAPE (test data): 151.88405513763428
MSE (test data): 6.123204231262207
R2 (test data): 0.9997417196828032
loss (test data): 6.123204353528145
Epoch 1/10, Loss: 51.7096
Epoch 2/10, Loss: 8.8974
Epoch 3/10, Loss: 4.0702
Epoch 4/10, Loss: 25.8350
Epoch 5/10, Loss: 1.2335
Epoch 6/10, Loss: 3.1023
Epoch 7/10, Loss: 4.1419
Epoch 8/10, Loss: 2.8264
Epoch 9/10, Loss: 57.0024
Epoch 10/10, Loss: 2.5689
Performance Metrics:
RMSE (test data): 3.362492561340332
MAE (test data): 1.9706857204437256
MAPE (test data): 151.28719806671143
MSE (test data): 11.306356430053711
R2 (test data): 0.9995230913213033
loss (test data): 11.306356386387305
Epoch 1/10, Loss: 47.4297
Epoch 2/10, Loss: 54.0877
Epoch 3/10, Loss: 1.7322
Epoch 4/10, Loss: 2.7887
Epoch 5/10, Loss: 1.0969
Epoch 6/10, Loss: 0.9790
Epoch 7/10, Loss: 1.8177
Epoch 8/10, Loss: 10.0512
Epoch 9/10, Loss: 10.1210
Epoch 10/10, Loss: 13.0636
Performance Metrics:
RMSE (test data): 2.5891664028167725
MAE (test data): 1.7754427194595337
MAPE (test data): 152.0662546157837
MSE (test data): 6.703782081604004
R2 (test data): 0.9997172305875028
loss (test data): 6.703781825718862
Epoch 1/10, Loss: 3.3192
Epoch 2/10, Loss: 4.7553
Epoch 3/10, Loss: 43.6273
Epoch 4/10, Loss: 27.9546
Epoch 5/10, Loss: 4.2158
Epoch 6/10, Loss: 2.0431
Epoch 7/10, Loss: 1.4313
Epoch 8/10, Loss: 1.4051
Epoch 9/10, Loss: 5.1748
Epoch 10/10, Loss: 9.9798
Performance Metrics:
RMSE (test data): 3.2905349731445312
MAE (test data): 2.5711781978607178
MAPE (test data): 154.46807146072388
MSE (test data): 10.827620506286621
R2 (test data): 0.9995432846753654
loss (test data): 10.827620602352715
Epoch 1/10, Loss: 25.4119
Epoch 2/10, Loss: 9.6050
Epoch 3/10, Loss: 47.1657
Epoch 4/10, Loss: 7.2492
Epoch 5/10, Loss: 5.1919
Epoch 6/10, Loss: 3.3222
Epoch 7/10, Loss: 4.5666
Epoch 8/10, Loss: 5.9461
Epoch 9/10, Loss: 42.2246
Epoch 10/10, Loss: 9.2834
Performance Metrics:
RMSE (test data): 4.710263729095459
MAE (test data): 3.7372496128082275
MAPE (test data): 154.05399799346924
MSE (test data): 22.186586380004883
R2 (test data): 0.9990641569237613
loss (test data): 22.18658569531563
Epoch 1/10, Loss: 107.0104
Epoch 2/10, Loss: 66.5366
Epoch 3/10, Loss: 6.6317
Epoch 4/10, Loss: 1.8700
Epoch 5/10, Loss: 2.9565
Epoch 6/10, Loss: 3.6200
Epoch 7/10, Loss: 1.7518
Epoch 8/10, Loss: 0.7502
Epoch 9/10, Loss: 0.9525
Epoch 10/10, Loss: 1.9974
Performance Metrics:
RMSE (test data): 2.181023597717285
MAE (test data): 1.416925072669983
MAPE (test data): 152.7175784111023
MSE (test data): 4.756863594055176
R2 (test data): 0.9997993527407429
loss (test data): 4.756863346029987
Epoch 1/10, Loss: 46.0743
Epoch 2/10, Loss: 51.2465
Epoch 3/10, Loss: 1.1931
Epoch 4/10, Loss: 2.4195
Epoch 5/10, Loss: 0.8067
Epoch 6/10, Loss: 1.0547
Epoch 7/10, Loss: 3.1321
Epoch 8/10, Loss: 0.8004
Epoch 9/10, Loss: 0.9067
Epoch 10/10, Loss: 120.4372
Performance Metrics:
RMSE (test data): 4.350877285003662
MAE (test data): 2.9653232097625732
MAPE (test data): 151.2096643447876
MSE (test data): 18.930131912231445
R2 (test data): 0.9992015159834907
loss (test data): 18.93013327811664
Epoch 1/10, Loss: 5.0611
Epoch 2/10, Loss: 2.7241
Epoch 3/10, Loss: 1.2739
Epoch 4/10, Loss: 0.5358
Epoch 5/10, Loss: 0.6002
Epoch 6/10, Loss: 0.5830
Epoch 7/10, Loss: 1.9839
Epoch 8/10, Loss: 1.9985
Epoch 9/10, Loss: 2.6766
Epoch 10/10, Loss: 62.2071
Performance Metrics:
RMSE (test data): 3.1159169673919678
MAE (test data): 1.9492576122283936
MAPE (test data): 151.37832164764404
MSE (test data): 9.708938598632812
R2 (test data): 0.9995904713099137
loss (test data): 9.708939161056128
Epoch 1/10, Loss: 2.1785
Epoch 2/10, Loss: 5.6896
Epoch 3/10, Loss: 4.5913
Epoch 4/10, Loss: 2.1632
Epoch 5/10, Loss: 35.5839
Epoch 6/10, Loss: 1.0387
Epoch 7/10, Loss: 1.0032
Epoch 8/10, Loss: 1.1484
Epoch 9/10, Loss: 26.2423
Epoch 10/10, Loss: 0.8817
Performance Metrics:
RMSE (test data): 5.765777587890625
MAE (test data): 3.7789883613586426
MAPE (test data): 153.81436347961426
MSE (test data): 33.24419021606445
R2 (test data): 0.998597740698099
loss (test data): 33.24419194525415
Epoch 1/10, Loss: 36.6108
Epoch 2/10, Loss: 28.5111
Epoch 3/10, Loss: 1.2652
Epoch 4/10, Loss: 1.0976
Epoch 5/10, Loss: 1.1889
Epoch 6/10, Loss: 2.1247
Epoch 7/10, Loss: 3.8692
Epoch 8/10, Loss: 4.5994
Epoch 9/10, Loss: 8.2116
Epoch 10/10, Loss: 4.2169
Performance Metrics:
RMSE (test data): 5.4383721351623535
MAE (test data): 3.8635380268096924
MAPE (test data): 149.847149848938
MSE (test data): 29.575889587402344
R2 (test data): 0.998752471816773
loss (test data): 29.575889035458967
Epoch 1/10, Loss: 12.5155
Epoch 2/10, Loss: 7.4512
Epoch 3/10, Loss: 1.4720
Epoch 4/10, Loss: 1.0773
Epoch 5/10, Loss: 6.7379
Epoch 6/10, Loss: 83.4623
Epoch 7/10, Loss: 10.3357
Epoch 8/10, Loss: 1.2920
Epoch 9/10, Loss: 0.5209
Epoch 10/10, Loss: 0.7530
Performance Metrics:
RMSE (test data): 2.0137035846710205
MAE (test data): 1.1818177700042725
MAPE (test data): 151.97452306747437
MSE (test data): 4.055002212524414
R2 (test data): 0.9998289576344793
loss (test data): 4.055002602028759
Epoch 1/10, Loss: 3.2218
Epoch 2/10, Loss: 2.6232
Epoch 3/10, Loss: 4.7835
Epoch 4/10, Loss: 13.1809
Epoch 5/10, Loss: 30.4513
Epoch 6/10, Loss: 8.8958
Epoch 7/10, Loss: 1.3764
Epoch 8/10, Loss: 0.7394
Epoch 9/10, Loss: 1.3551
Epoch 10/10, Loss: 9.7253
Performance Metrics:
RMSE (test data): 3.246537446975708
MAE (test data): 2.0716936588287354
MAPE (test data): 151.37194395065308
MSE (test data): 10.54000473022461
R2 (test data): 0.9995554164887965
loss (test data): 10.540004576518859
Epoch 1/10, Loss: 5.2448
Epoch 2/10, Loss: 4.1643
Epoch 3/10, Loss: 2.8201
Epoch 4/10, Loss: 60.2915
Epoch 5/10, Loss: 3.0603
Epoch 6/10, Loss: 1.1084
Epoch 7/10, Loss: 0.5078
Epoch 8/10, Loss: 1.3581
Epoch 9/10, Loss: 2.0700
Epoch 10/10, Loss: 1.5984
Performance Metrics:
RMSE (test data): 2.1232540607452393
MAE (test data): 1.2181272506713867
MAPE (test data): 151.98974609375
MSE (test data): 4.50820779800415
R2 (test data): 0.9998098411775362
loss (test data): 4.508207694514767
Epoch 1/10, Loss: 11.7320
Epoch 2/10, Loss: 0.9412
Epoch 3/10, Loss: 15.3527
Epoch 4/10, Loss: 1.7375
Epoch 5/10, Loss: 0.8514
Epoch 6/10, Loss: 1.0027
Epoch 7/10, Loss: 1.3451
Epoch 8/10, Loss: 4.0447
Epoch 9/10, Loss: 26.6079
Epoch 10/10, Loss: 24.9115
Performance Metrics:
RMSE (test data): 1.57550847530365
MAE (test data): 1.0613932609558105
MAPE (test data): 152.66499519348145
MSE (test data): 2.482226848602295
R2 (test data): 0.9998952982337113
loss (test data): 2.482226769129435
Epoch 1/10, Loss: 1.9444
Epoch 2/10, Loss: 2.5088
Epoch 3/10, Loss: 0.4120
Epoch 4/10, Loss: 0.6893
Epoch 5/10, Loss: 0.5657
Epoch 6/10, Loss: 2.2637
Epoch 7/10, Loss: 6.9478
Epoch 8/10, Loss: 51.2428
Epoch 9/10, Loss: 26.8468
Epoch 10/10, Loss: 1.5925
Performance Metrics:
RMSE (test data): 2.2856714725494385
MAE (test data): 1.3340791463851929
MAPE (test data): 151.87889337539673
MSE (test data): 5.2242937088012695
R2 (test data): 0.9997796362618911
loss (test data): 5.224293663824871
Epoch 1/10, Loss: 6.7183
Epoch 2/10, Loss: 2.5282
Epoch 3/10, Loss: 0.6052
Epoch 4/10, Loss: 0.5675
Epoch 5/10, Loss: 2.7857
Epoch 6/10, Loss: 3.8760
Epoch 7/10, Loss: 0.6390
Epoch 8/10, Loss: 20.7503
Epoch 9/10, Loss: 1.6604
Epoch 10/10, Loss: 1.7076
Performance Metrics:
RMSE (test data): 2.414515733718872
MAE (test data): 1.32852041721344
MAPE (test data): 151.98737382888794
MSE (test data): 5.829885959625244
R2 (test data): 0.9997540920340943
loss (test data): 5.8298857517731495
Epoch 1/10, Loss: 14.5681
Epoch 2/10, Loss: 1.3937
Epoch 3/10, Loss: 14.8511
Epoch 4/10, Loss: 8.9914
Epoch 5/10, Loss: 1.9166
Epoch 6/10, Loss: 5.8575
Epoch 7/10, Loss: 85.1274
Epoch 8/10, Loss: 22.2171
Epoch 9/10, Loss: 0.6836
Epoch 10/10, Loss: 0.6144
Performance Metrics:
RMSE (test data): 2.390662670135498
MAE (test data): 1.4220478534698486
MAPE (test data): 151.70093774795532
MSE (test data): 5.715267658233643
R2 (test data): 0.9997589267072869
loss (test data): 5.7152672835758755
Epoch 1/10, Loss: 2.2436
Epoch 2/10, Loss: 0.3799
Epoch 3/10, Loss: 0.8250
Epoch 4/10, Loss: 0.6502
Epoch 5/10, Loss: 1.2379
Epoch 6/10, Loss: 0.6750
Epoch 7/10, Loss: 26.5023
Epoch 8/10, Loss: 18.5766
Epoch 9/10, Loss: 0.9501
Epoch 10/10, Loss: 0.6241
Performance Metrics:
RMSE (test data): 3.7135982513427734
MAE (test data): 2.05076265335083
MAPE (test data): 151.26911401748657
MSE (test data): 13.790812492370605
R2 (test data): 0.9994182955283193
loss (test data): 13.790812412024417
Epoch 1/10, Loss: 5.0997
Epoch 2/10, Loss: 29.1297
Epoch 3/10, Loss: 3.9757
Epoch 4/10, Loss: 5.6077
Epoch 5/10, Loss: 0.5382
Epoch 6/10, Loss: 0.6399
Epoch 7/10, Loss: 1.3812
Epoch 8/10, Loss: 35.3541
Epoch 9/10, Loss: 3.2774
Epoch 10/10, Loss: 2.3114
Performance Metrics:
RMSE (test data): 1.8344494104385376
MAE (test data): 1.0995572805404663
MAPE (test data): 152.39025354385376
MSE (test data): 3.3652048110961914
R2 (test data): 0.9998580537062206
loss (test data): 3.3652048318377346
Epoch 1/10, Loss: 5.3346
Epoch 2/10, Loss: 3.8541
Epoch 3/10, Loss: 7.6186
Epoch 4/10, Loss: 1.4168
Epoch 5/10, Loss: 0.6081
Epoch 6/10, Loss: 10.3717
Epoch 7/10, Loss: 3.8456
Epoch 8/10, Loss: 1.3697
Epoch 9/10, Loss: 2.6861
Epoch 10/10, Loss: 4.2716
Performance Metrics:
RMSE (test data): 2.8241119384765625
MAE (test data): 1.8750357627868652
MAPE (test data): 151.38888359069824
MSE (test data): 7.9756083488464355
R2 (test data): 0.9996635842102107
loss (test data): 7.975608329633217
Epoch 1/10, Loss: 16.1580
Epoch 2/10, Loss: 29.0878
Epoch 3/10, Loss: 1.6040
Epoch 4/10, Loss: 1.2026
Epoch 5/10, Loss: 18.0707
Epoch 6/10, Loss: 0.8547
Epoch 7/10, Loss: 0.6705
Epoch 8/10, Loss: 1.7655
Epoch 9/10, Loss: 1.9628
Epoch 10/10, Loss: 6.1997
Performance Metrics:
RMSE (test data): 5.63494873046875
MAE (test data): 4.076390743255615
MAPE (test data): 149.87335205078125
MSE (test data): 31.752647399902344
R2 (test data): 0.9986606549646299
loss (test data): 31.752645359807836
Epoch 1/10, Loss: 49.5860
Epoch 2/10, Loss: 14.9442
Epoch 3/10, Loss: 4.3276
Epoch 4/10, Loss: 0.5321
Epoch 5/10, Loss: 0.7068
Epoch 6/10, Loss: 0.5762
Epoch 7/10, Loss: 6.3718
Epoch 8/10, Loss: 2.0772
Epoch 9/10, Loss: 1.0823
Epoch 10/10, Loss: 13.4247
Performance Metrics:
RMSE (test data): 3.7723453044891357
MAE (test data): 2.3077080249786377
MAPE (test data): 150.95289945602417
MSE (test data): 14.230588912963867
R2 (test data): 0.9993997455661466
loss (test data): 14.230587452759236
Epoch 1/10, Loss: 16.8814
Epoch 2/10, Loss: 0.8915
Epoch 3/10, Loss: 0.7375
Epoch 4/10, Loss: 2.2285
Epoch 5/10, Loss: 0.5129
Epoch 6/10, Loss: 1.1180
Epoch 7/10, Loss: 6.7204
Epoch 8/10, Loss: 23.3125
Epoch 9/10, Loss: 1.1853
Epoch 10/10, Loss: 0.3675
Performance Metrics:
RMSE (test data): 2.3816616535186768
MAE (test data): 1.4769763946533203
MAPE (test data): 151.70732736587524
MSE (test data): 5.672311782836914
R2 (test data): 0.9997607385881171
loss (test data): 5.672312005098923
Epoch 1/10, Loss: 23.0154
Epoch 2/10, Loss: 51.7708
Epoch 3/10, Loss: 1.3987
Epoch 4/10, Loss: 1.0795
Epoch 5/10, Loss: 0.5868
Epoch 6/10, Loss: 0.4417
Epoch 7/10, Loss: 0.4047
Epoch 8/10, Loss: 0.4054
Epoch 9/10, Loss: 0.7172
Epoch 10/10, Loss: 1.8031
Performance Metrics:
RMSE (test data): 2.6586151123046875
MAE (test data): 1.6738547086715698
MAPE (test data): 151.5231728553772
MSE (test data): 7.068234920501709
R2 (test data): 0.9997018577325245
loss (test data): 7.068235271579617
Epoch 1/10, Loss: 21.7134
Epoch 2/10, Loss: 19.0437
Epoch 3/10, Loss: 4.1198
Epoch 4/10, Loss: 6.4032
Epoch 5/10, Loss: 5.4619
Epoch 6/10, Loss: 1.6523
Epoch 7/10, Loss: 0.6689
Epoch 8/10, Loss: 2.5056
Epoch 9/10, Loss: 28.7910
Epoch 10/10, Loss: 2.5318
Performance Metrics:
RMSE (test data): 2.7601306438446045
MAE (test data): 1.6934930086135864
MAPE (test data): 151.4670491218567
MSE (test data): 7.618321418762207
R2 (test data): 0.9996786547795664
loss (test data): 7.618321497361738
Epoch 1/10, Loss: 3.5148
Epoch 2/10, Loss: 0.6257
Epoch 3/10, Loss: 1.0594
Epoch 4/10, Loss: 2.6371
Epoch 5/10, Loss: 5.7740
Epoch 6/10, Loss: 23.9818
Epoch 7/10, Loss: 0.9375
Epoch 8/10, Loss: 2.2140
Epoch 9/10, Loss: 0.3896
Epoch 10/10, Loss: 0.9671
Performance Metrics:
RMSE (test data): 4.403913497924805
MAE (test data): 3.3603909015655518
MAPE (test data): 150.3718614578247
MSE (test data): 19.394454956054688
R2 (test data): 0.9991819306092994
loss (test data): 19.39445536127894
Epoch 1/10, Loss: 11.4062
Epoch 2/10, Loss: 24.2510
Epoch 3/10, Loss: 17.4043
Epoch 4/10, Loss: 0.8773
Epoch 5/10, Loss: 0.7295
Epoch 6/10, Loss: 0.6246
Epoch 7/10, Loss: 0.5141
Epoch 8/10, Loss: 0.8274
Epoch 9/10, Loss: 20.3197
Epoch 10/10, Loss: 2.0970
Performance Metrics:
RMSE (test data): 2.1241390705108643
MAE (test data): 1.179153561592102
MAPE (test data): 152.36687660217285
MSE (test data): 4.511966705322266
R2 (test data): 0.9998096826280017
loss (test data): 4.511966590042952
Epoch 1/10, Loss: 31.4225
Epoch 2/10, Loss: 1.0945
Epoch 3/10, Loss: 0.5741
Epoch 4/10, Loss: 1.4638
Epoch 5/10, Loss: 0.7500
Epoch 6/10, Loss: 5.7596
Epoch 7/10, Loss: 7.4432
Epoch 8/10, Loss: 4.9138
Epoch 9/10, Loss: 0.4261
Epoch 10/10, Loss: 0.9540
Performance Metrics:
RMSE (test data): 2.022061586380005
MAE (test data): 1.1686804294586182
MAPE (test data): 152.03787088394165
MSE (test data): 4.088733196258545
R2 (test data): 0.9998275348732896
loss (test data): 4.088732857407231
Epoch 1/10, Loss: 3.1823
Epoch 2/10, Loss: 4.5269
Epoch 3/10, Loss: 6.9871
Epoch 4/10, Loss: 13.7410
Epoch 5/10, Loss: 5.6071
Epoch 6/10, Loss: 5.9012
Epoch 7/10, Loss: 0.8760
Epoch 8/10, Loss: 1.5727
Epoch 9/10, Loss: 20.5661
Epoch 10/10, Loss: 5.9022
Performance Metrics:
RMSE (test data): 2.139094591140747
MAE (test data): 1.2195146083831787
MAPE (test data): 152.14582681655884
MSE (test data): 4.575725555419922
R2 (test data): 0.9998069932158287
loss (test data): 4.57572608596676
Epoch 1/10, Loss: 3.7078
Epoch 2/10, Loss: 0.6227
Epoch 3/10, Loss: 0.6533
Epoch 4/10, Loss: 5.0882
Epoch 5/10, Loss: 27.2314
Epoch 6/10, Loss: 3.5579
Epoch 7/10, Loss: 2.8619
Epoch 8/10, Loss: 0.8459
Epoch 9/10, Loss: 24.8167
Epoch 10/10, Loss: 65.9104
Performance Metrics:
RMSE (test data): 2.0553956031799316
MAE (test data): 1.1515929698944092
MAPE (test data): 152.10261344909668
MSE (test data): 4.224651336669922
R2 (test data): 0.9998218017424632
loss (test data): 4.224651614388267
Epoch 1/10, Loss: 1.6667
Epoch 2/10, Loss: 0.4312
Epoch 3/10, Loss: 0.3304
Epoch 4/10, Loss: 0.3406
Epoch 5/10, Loss: 0.4995
Epoch 6/10, Loss: 0.5378
Epoch 7/10, Loss: 0.6149
Epoch 8/10, Loss: 0.5381
Epoch 9/10, Loss: 0.5840
Epoch 10/10, Loss: 1.1412
Performance Metrics:
RMSE (test data): 3.187633991241455
MAE (test data): 2.022709369659424
MAPE (test data): 151.18969678878784
MSE (test data): 10.161009788513184
R2 (test data): 0.999571402713417
loss (test data): 10.161009659260621
Epoch 1/10, Loss: 10.5922
Epoch 2/10, Loss: 5.8398
Epoch 3/10, Loss: 5.8120
Epoch 4/10, Loss: 1.2702
Epoch 5/10, Loss: 2.1754
Epoch 6/10, Loss: 1.6709
Epoch 7/10, Loss: 6.8235
Epoch 8/10, Loss: 72.1588
Epoch 9/10, Loss: 0.8983
Epoch 10/10, Loss: 0.4835
Performance Metrics:
RMSE (test data): 2.5929365158081055
MAE (test data): 1.5785515308380127
MAPE (test data): 151.54576301574707
MSE (test data): 6.7233195304870605
R2 (test data): 0.9997164064967575
loss (test data): 6.723319072863121
Epoch 1/10, Loss: 2.0964
Epoch 2/10, Loss: 0.3189
Epoch 3/10, Loss: 1.7660
Epoch 4/10, Loss: 0.2867
Epoch 5/10, Loss: 4.1558
Epoch 6/10, Loss: 0.6762
Epoch 7/10, Loss: 0.6253
Epoch 8/10, Loss: 1.2149
Epoch 9/10, Loss: 5.3421
Epoch 10/10, Loss: 1.3935
Performance Metrics:
RMSE (test data): 2.249237298965454
MAE (test data): 1.470113754272461
MAPE (test data): 153.18212509155273
MSE (test data): 5.059068202972412
R2 (test data): 0.9997866055633076
loss (test data): 5.059068308645116
Epoch 1/10, Loss: 32.7605
Epoch 2/10, Loss: 1.3181
Epoch 3/10, Loss: 0.9681
Epoch 4/10, Loss: 0.4698
Epoch 5/10, Loss: 0.9244
Epoch 6/10, Loss: 0.4927
Epoch 7/10, Loss: 0.2824
Epoch 8/10, Loss: 5.2498
Epoch 9/10, Loss: 52.1226
Epoch 10/10, Loss: 2.7908
Performance Metrics:
RMSE (test data): 1.7460110187530518
MAE (test data): 1.063553810119629
MAPE (test data): 152.40161418914795
MSE (test data): 3.0485544204711914
R2 (test data): 0.9998714102083507
loss (test data): 3.0485543313917223
Epoch 1/10, Loss: 4.9438
Epoch 2/10, Loss: 1.1798
Epoch 3/10, Loss: 0.5131
Epoch 4/10, Loss: 0.5868
Epoch 5/10, Loss: 3.1275
Epoch 6/10, Loss: 77.6554
Epoch 7/10, Loss: 1.1810
Epoch 8/10, Loss: 0.4225
Epoch 9/10, Loss: 0.5619
Epoch 10/10, Loss: 0.4388
Performance Metrics:
RMSE (test data): 2.093804121017456
MAE (test data): 1.206966757774353
MAPE (test data): 151.91950798034668
MSE (test data): 4.3840155601501465
R2 (test data): 0.9998150796637368
loss (test data): 4.384015918214679
Epoch 1/10, Loss: 3.2928
Epoch 2/10, Loss: 0.8256
Epoch 3/10, Loss: 1.6773
Epoch 4/10, Loss: 0.9923
Epoch 5/10, Loss: 0.4969
Epoch 6/10, Loss: 2.0965
Epoch 7/10, Loss: 1.0473
Epoch 8/10, Loss: 54.8697
Epoch 9/10, Loss: 5.2263
Epoch 10/10, Loss: 0.6890
Performance Metrics:
RMSE (test data): 2.8202145099639893
MAE (test data): 2.002558946609497
MAPE (test data): 154.20002937316895
MSE (test data): 7.953609466552734
R2 (test data): 0.9996645120986615
loss (test data): 7.953610294467801
Epoch 1/10, Loss: 3.2774
Epoch 2/10, Loss: 0.6878
Epoch 3/10, Loss: 0.3430
Epoch 4/10, Loss: 0.5917
Epoch 5/10, Loss: 1.2071
Epoch 6/10, Loss: 0.3812
Epoch 7/10, Loss: 1.1900
Epoch 8/10, Loss: 0.6320
Epoch 9/10, Loss: 2.0041
Epoch 10/10, Loss: 1.1283
Performance Metrics:
RMSE (test data): 3.0782852172851562
MAE (test data): 2.0549986362457275
MAPE (test data): 151.27718448638916
MSE (test data): 9.475839614868164
R2 (test data): 0.9996003035544955
loss (test data): 9.475840282090854
Epoch 1/10, Loss: 107.9370
Epoch 2/10, Loss: 1.3606
Epoch 3/10, Loss: 0.6715
Epoch 4/10, Loss: 0.4160
Epoch 5/10, Loss: 0.3696
Epoch 6/10, Loss: 0.3423
Epoch 7/10, Loss: 0.3805
Epoch 8/10, Loss: 0.4239
Epoch 9/10, Loss: 0.6437
Epoch 10/10, Loss: 0.7728
Performance Metrics:
RMSE (test data): 2.284512519836426
MAE (test data): 1.326761245727539
MAPE (test data): 151.86443328857422
MSE (test data): 5.218997001647949
R2 (test data): 0.9997798596983858
loss (test data): 5.218996415426443
Epoch 1/10, Loss: 1.9565
Epoch 2/10, Loss: 0.7554
Epoch 3/10, Loss: 10.9397
Epoch 4/10, Loss: 1.8580
Epoch 5/10, Loss: 1.1118
Epoch 6/10, Loss: 0.8530
Epoch 7/10, Loss: 6.0426
Epoch 8/10, Loss: 6.6664
Epoch 9/10, Loss: 0.8084
Epoch 10/10, Loss: 10.7897
Performance Metrics:
RMSE (test data): 3.3016536235809326
MAE (test data): 2.269625186920166
MAPE (test data): 151.0454297065735
MSE (test data): 10.900917053222656
R2 (test data): 0.9995401929746217
loss (test data): 10.900917472420158
Epoch 1/10, Loss: 7.8443
Epoch 2/10, Loss: 4.6575
Epoch 3/10, Loss: 1.1957
Epoch 4/10, Loss: 0.8447
Epoch 5/10, Loss: 1.0312
Epoch 6/10, Loss: 2.2207
Epoch 7/10, Loss: 6.3784
Epoch 8/10, Loss: 1.9138
Epoch 9/10, Loss: 1.5436
Epoch 10/10, Loss: 0.9330
Performance Metrics:
RMSE (test data): 2.578752279281616
MAE (test data): 1.4669216871261597
MAPE (test data): 151.6195297241211
MSE (test data): 6.64996337890625
R2 (test data): 0.9997195006739933
loss (test data): 6.649963633918063
Epoch 1/10, Loss: 7.0886
Epoch 2/10, Loss: 20.4156
Epoch 3/10, Loss: 4.7755
Epoch 4/10, Loss: 2.9410
Epoch 5/10, Loss: 0.4687
Epoch 6/10, Loss: 0.8393
Epoch 7/10, Loss: 3.8992
Epoch 8/10, Loss: 5.6467
Epoch 9/10, Loss: 43.0482
Epoch 10/10, Loss: 1.4418
Performance Metrics:
RMSE (test data): 2.9098236560821533
MAE (test data): 2.062478542327881
MAPE (test data): 151.3936996459961
MSE (test data): 8.467073440551758
R2 (test data): 0.999642853927151
loss (test data): 8.467073430071821
Epoch 1/10, Loss: 2.9222
Epoch 2/10, Loss: 0.3247
Epoch 3/10, Loss: 0.5246
Epoch 4/10, Loss: 0.3900
Epoch 5/10, Loss: 0.8744
Epoch 6/10, Loss: 0.6216
Epoch 7/10, Loss: 0.6111
Epoch 8/10, Loss: 0.9642
Epoch 9/10, Loss: 0.3688
Epoch 10/10, Loss: 1.0899
Performance Metrics:
RMSE (test data): 4.172357559204102
MAE (test data): 3.347052574157715
MAPE (test data): 150.7013440132141
MSE (test data): 17.408567428588867
R2 (test data): 0.9992656964544443
loss (test data): 17.408568972633
Epoch 1/10, Loss: 5.1887
Epoch 2/10, Loss: 5.2691
Epoch 3/10, Loss: 3.2853
Epoch 4/10, Loss: 0.6527
Epoch 5/10, Loss: 22.0528
Epoch 6/10, Loss: 1.9437
Epoch 7/10, Loss: 2.6838
Epoch 8/10, Loss: 0.5749
Epoch 9/10, Loss: 1.0305
Epoch 10/10, Loss: 2.1146
Performance Metrics:
RMSE (test data): 2.324810266494751
MAE (test data): 1.3514360189437866
MAPE (test data): 151.82334184646606
MSE (test data): 5.404743194580078
R2 (test data): 0.9997720247802568
loss (test data): 5.404743495004954
Epoch 1/10, Loss: 2.0966
Epoch 2/10, Loss: 1.0068
Epoch 3/10, Loss: 9.4557
Epoch 4/10, Loss: 1.4704
Epoch 5/10, Loss: 6.5116
Epoch 6/10, Loss: 0.7798
Epoch 7/10, Loss: 0.5875
Epoch 8/10, Loss: 0.3135
Epoch 9/10, Loss: 1.7315
Epoch 10/10, Loss: 47.6018
Performance Metrics:
RMSE (test data): 2.310512065887451
MAE (test data): 1.4718316793441772
MAPE (test data): 152.26911306381226
MSE (test data): 5.338466167449951
R2 (test data): 0.9997748203898016
loss (test data): 5.338466322902358
Epoch 1/10, Loss: 1.8673
Epoch 2/10, Loss: 0.3195
Epoch 3/10, Loss: 0.2440
Epoch 4/10, Loss: 0.2660
Epoch 5/10, Loss: 0.3505
Epoch 6/10, Loss: 0.5008
Epoch 7/10, Loss: 0.4572
Epoch 8/10, Loss: 0.7915
Epoch 9/10, Loss: 0.3197
Epoch 10/10, Loss: 32.5833
Performance Metrics:
RMSE (test data): 2.464036226272583
MAE (test data): 1.532104253768921
MAPE (test data): 151.6759991645813
MSE (test data): 6.071474075317383
R2 (test data): 0.9997439016803881
loss (test data): 6.071474543421259
Epoch 1/10, Loss: 2.3327
Epoch 2/10, Loss: 0.3003
Epoch 3/10, Loss: 0.1955
Epoch 4/10, Loss: 0.5391
Epoch 5/10, Loss: 1.3297
Epoch 6/10, Loss: 0.8995
Epoch 7/10, Loss: 0.3652
Epoch 8/10, Loss: 8.6753
Epoch 9/10, Loss: 50.8404
Epoch 10/10, Loss: 1.1630
Performance Metrics:
RMSE (test data): 2.7281863689422607
MAE (test data): 1.6089471578598022
MAPE (test data): 151.58638954162598
MSE (test data): 7.443000316619873
R2 (test data): 0.9996860499148641
loss (test data): 7.44300054193853
Epoch 1/10, Loss: 2.7440
Epoch 2/10, Loss: 0.2993
Epoch 3/10, Loss: 0.1752
Epoch 4/10, Loss: 0.2741
Epoch 5/10, Loss: 0.6460
Epoch 6/10, Loss: 0.1979
Epoch 7/10, Loss: 0.1949
Epoch 8/10, Loss: 3.1038
Epoch 9/10, Loss: 1.6203
Epoch 10/10, Loss: 1.2603
Performance Metrics:
RMSE (test data): 1.7618951797485352
MAE (test data): 1.0663421154022217
MAPE (test data): 152.40309238433838
MSE (test data): 3.1042745113372803
R2 (test data): 0.9998690598964293
loss (test data): 3.1042745379737884
Epoch 1/10, Loss: 16.6935
Epoch 2/10, Loss: 0.7476
Epoch 3/10, Loss: 0.3921
Epoch 4/10, Loss: 1.0470
Epoch 5/10, Loss: 1.0143
Epoch 6/10, Loss: 0.7921
Epoch 7/10, Loss: 7.9276
Epoch 8/10, Loss: 30.9289
Epoch 9/10, Loss: 0.6042
Epoch 10/10, Loss: 0.4550
Performance Metrics:
RMSE (test data): 2.4266700744628906
MAE (test data): 1.4235384464263916
MAPE (test data): 151.67388916015625
MSE (test data): 5.88872766494751
R2 (test data): 0.9997516100466683
loss (test data): 5.888727781973479
Epoch 1/10, Loss: 2.4038
Epoch 2/10, Loss: 0.3143
Epoch 3/10, Loss: 0.4206
Epoch 4/10, Loss: 0.4524
Epoch 5/10, Loss: 0.9244
Epoch 6/10, Loss: 3.2618
Epoch 7/10, Loss: 1.0428
Epoch 8/10, Loss: 1.4968
Epoch 9/10, Loss: 8.8008
Epoch 10/10, Loss: 22.9222
Performance Metrics:
RMSE (test data): 4.388174533843994
MAE (test data): 2.9403436183929443
MAPE (test data): 150.55838823318481
MSE (test data): 19.25607681274414
R2 (test data): 0.9991877674874897
loss (test data): 19.256076980423142
Epoch 1/10, Loss: 2.6545
Epoch 2/10, Loss: 0.3231
Epoch 3/10, Loss: 0.3583
Epoch 4/10, Loss: 0.4274
Epoch 5/10, Loss: 0.2736
Epoch 6/10, Loss: 0.4413
Epoch 7/10, Loss: 1.6278
Epoch 8/10, Loss: 0.4220
Epoch 9/10, Loss: 0.7997
Epoch 10/10, Loss: 0.4084
Performance Metrics:
RMSE (test data): 2.1592395305633545
MAE (test data): 1.206611156463623
MAPE (test data): 151.91776752471924
MSE (test data): 4.662315368652344
R2 (test data): 0.9998033408149692
loss (test data): 4.662315779116565
Epoch 1/10, Loss: 49.0400
Epoch 2/10, Loss: 2.0303
Epoch 3/10, Loss: 0.7718
Epoch 4/10, Loss: 0.4218
Epoch 5/10, Loss: 0.4118
Epoch 6/10, Loss: 0.6771
Epoch 7/10, Loss: 0.3912
Epoch 8/10, Loss: 0.5828
Epoch 9/10, Loss: 0.8990
Epoch 10/10, Loss: 3.1327
Performance Metrics:
RMSE (test data): 1.933022141456604
MAE (test data): 1.1041826009750366
MAPE (test data): 152.0878553390503
MSE (test data): 3.736574411392212
R2 (test data): 0.9998423891120318
loss (test data): 3.736574676010635
Epoch 1/10, Loss: 3.6501
Epoch 2/10, Loss: 2.7584
Epoch 3/10, Loss: 3.4850
Epoch 4/10, Loss: 13.4931
Epoch 5/10, Loss: 2.1178
Epoch 6/10, Loss: 0.4146
Epoch 7/10, Loss: 0.8239
Epoch 8/10, Loss: 0.3952
Epoch 9/10, Loss: 57.6610
Epoch 10/10, Loss: 2.7331
Performance Metrics:
RMSE (test data): 3.232280731201172
MAE (test data): 2.101747512817383
MAPE (test data): 151.37180089950562
MSE (test data): 10.447639465332031
R2 (test data): 0.9995593124795616
loss (test data): 10.447639910729377
Epoch 1/10, Loss: 4.0061
Epoch 2/10, Loss: 0.4137
Epoch 3/10, Loss: 0.3987
Epoch 4/10, Loss: 0.3213
Epoch 5/10, Loss: 0.4153
Epoch 6/10, Loss: 0.2633
Epoch 7/10, Loss: 0.2590
Epoch 8/10, Loss: 1.5641
Epoch 9/10, Loss: 69.7141
Epoch 10/10, Loss: 0.8845
Performance Metrics:
RMSE (test data): 2.33766508102417
MAE (test data): 1.365713357925415
MAPE (test data): 151.73437595367432
MSE (test data): 5.4646782875061035
R2 (test data): 0.9997694966807485
loss (test data): 5.464678741200066
Epoch 1/10, Loss: 1.6111
Epoch 2/10, Loss: 0.2896
Epoch 3/10, Loss: 0.3282
Epoch 4/10, Loss: 0.2365
Epoch 5/10, Loss: 0.1991
Epoch 6/10, Loss: 0.2566
Epoch 7/10, Loss: 0.2981
Epoch 8/10, Loss: 0.3656
Epoch 9/10, Loss: 0.3018
Epoch 10/10, Loss: 0.3192
Performance Metrics:
RMSE (test data): 1.9415653944015503
MAE (test data): 1.1056585311889648
MAPE (test data): 152.08171606063843
MSE (test data): 3.7696762084960938
R2 (test data): 0.9998409928726909
loss (test data): 3.7696761211632808
Epoch 1/10, Loss: 29.2352
Epoch 2/10, Loss: 1.1298
Epoch 3/10, Loss: 0.3398
Epoch 4/10, Loss: 0.7847
Epoch 5/10, Loss: 1.7938
Epoch 6/10, Loss: 7.8942
Epoch 7/10, Loss: 0.5392
Epoch 8/10, Loss: 0.2539
Epoch 9/10, Loss: 2.4097
Epoch 10/10, Loss: 2.5767
Performance Metrics:
RMSE (test data): 2.370229482650757
MAE (test data): 1.2909514904022217
MAPE (test data): 151.7919898033142
MSE (test data): 5.617988109588623
R2 (test data): 0.9997630300110163
loss (test data): 5.617987921823075
Epoch 1/10, Loss: 2.3348
Epoch 2/10, Loss: 3.8940
Epoch 3/10, Loss: 1.1224
Epoch 4/10, Loss: 8.6151
Epoch 5/10, Loss: 14.1237
Epoch 6/10, Loss: 3.1099
Epoch 7/10, Loss: 0.2994
Epoch 8/10, Loss: 0.3606
Epoch 9/10, Loss: 0.4553
Epoch 10/10, Loss: 0.5505
Performance Metrics:
RMSE (test data): 1.9609870910644531
MAE (test data): 1.1088002920150757
MAPE (test data): 152.03510522842407
MSE (test data): 3.8454701900482178
R2 (test data): 0.9998377958383659
loss (test data): 3.84547013764853
Epoch 1/10, Loss: 1.3454
Epoch 2/10, Loss: 2.5493
Epoch 3/10, Loss: 19.0562
Epoch 4/10, Loss: 6.2900
Epoch 5/10, Loss: 0.5570
Epoch 6/10, Loss: 0.4756
Epoch 7/10, Loss: 0.4370
Epoch 8/10, Loss: 0.2791
Epoch 9/10, Loss: 0.5834
Epoch 10/10, Loss: 0.5088
Performance Metrics:
RMSE (test data): 3.903655529022217
MAE (test data): 2.826143264770508
MAPE (test data): 150.67530870437622
MSE (test data): 15.238526344299316
R2 (test data): 0.9993572300873174
loss (test data): 15.238526899736007
Epoch 1/10, Loss: 3.1655
Epoch 2/10, Loss: 1.8325
Epoch 3/10, Loss: 3.2137
Epoch 4/10, Loss: 6.4548
Epoch 5/10, Loss: 20.4875
Epoch 6/10, Loss: 4.1933
Epoch 7/10, Loss: 1.9206
Epoch 8/10, Loss: 0.3996
Epoch 9/10, Loss: 0.6878
Epoch 10/10, Loss: 0.4095
Performance Metrics:
RMSE (test data): 1.7394670248031616
MAE (test data): 1.1304525136947632
MAPE (test data): 152.53504514694214
MSE (test data): 3.0257456302642822
R2 (test data): 0.9998723722857816
loss (test data): 3.02574576650347
Epoch 1/10, Loss: 6.3143
Epoch 2/10, Loss: 1.2418
Epoch 3/10, Loss: 0.4310
Epoch 4/10, Loss: 1.0043
Epoch 5/10, Loss: 38.2811
Epoch 6/10, Loss: 1.9442
Epoch 7/10, Loss: 0.4187
Epoch 8/10, Loss: 0.3090
Epoch 9/10, Loss: 0.6664
Epoch 10/10, Loss: 0.2473
Performance Metrics:
RMSE (test data): 2.273428201675415
MAE (test data): 1.288220763206482
MAPE (test data): 151.8297791481018
MSE (test data): 5.16847562789917
R2 (test data): 0.9997819906864358
loss (test data): 5.168475887714288
Epoch 1/10, Loss: 5.7449
Epoch 2/10, Loss: 0.7958
Epoch 3/10, Loss: 0.4903
Epoch 4/10, Loss: 0.3397
Epoch 5/10, Loss: 0.4037
Epoch 6/10, Loss: 11.7104
Epoch 7/10, Loss: 8.0062
Epoch 8/10, Loss: 0.4224
Epoch 9/10, Loss: 1.5831
Epoch 10/10, Loss: 3.2568
Performance Metrics:
RMSE (test data): 2.0118448734283447
MAE (test data): 1.243882179260254
MAPE (test data): 152.02492475509644
MSE (test data): 4.047519683837891
R2 (test data): 0.9998292732689033
loss (test data): 4.047519672484625
Epoch 1/10, Loss: 4.0895
Epoch 2/10, Loss: 1.1179
Epoch 3/10, Loss: 0.4558
Epoch 4/10, Loss: 1.2992
Epoch 5/10, Loss: 1.7580
Epoch 6/10, Loss: 1.4821
Epoch 7/10, Loss: 4.3232
Epoch 8/10, Loss: 54.4668
Epoch 9/10, Loss: 3.5704
Epoch 10/10, Loss: 1.3578
Performance Metrics:
RMSE (test data): 2.551196813583374
MAE (test data): 1.6700257062911987
MAPE (test data): 151.79132223129272
MSE (test data): 6.508605480194092
R2 (test data): 0.9997254632514196
loss (test data): 6.5086053142617475
Epoch 1/10, Loss: 2.4272
Epoch 2/10, Loss: 0.8415
Epoch 3/10, Loss: 0.9593
Epoch 4/10, Loss: 1.2064
Epoch 5/10, Loss: 0.4972
Epoch 6/10, Loss: 0.3503
Epoch 7/10, Loss: 0.3203
Epoch 8/10, Loss: 1.1357
Epoch 9/10, Loss: 0.5155
Epoch 10/10, Loss: 12.1263
Performance Metrics:
RMSE (test data): 2.8414056301116943
MAE (test data): 1.7821673154830933
MAPE (test data): 151.38530731201172
MSE (test data): 8.073585510253906
R2 (test data): 0.9996594514636057
loss (test data): 8.073585828145346
Epoch 1/10, Loss: 3.0977
Epoch 2/10, Loss: 2.6566
Epoch 3/10, Loss: 0.2574
Epoch 4/10, Loss: 2.5266
Epoch 5/10, Loss: 2.9394
Epoch 6/10, Loss: 1.2338
Epoch 7/10, Loss: 3.4865
Epoch 8/10, Loss: 7.4884
Epoch 9/10, Loss: 6.5391
Epoch 10/10, Loss: 1.7296
Performance Metrics:
RMSE (test data): 2.1724765300750732
MAE (test data): 1.2575981616973877
MAPE (test data): 151.82733535766602
MSE (test data): 4.719654560089111
R2 (test data): 0.9998009222458526
loss (test data): 4.719654185431344
Epoch 1/10, Loss: 8.5260
Epoch 2/10, Loss: 0.5058
Epoch 3/10, Loss: 0.4664
Epoch 4/10, Loss: 0.8359
Epoch 5/10, Loss: 3.1118
Epoch 6/10, Loss: 4.0555
Epoch 7/10, Loss: 1.7409
Epoch 8/10, Loss: 0.4347
Epoch 9/10, Loss: 0.8695
Epoch 10/10, Loss: 0.4008
Performance Metrics:
RMSE (test data): 2.201555013656616
MAE (test data): 1.2443047761917114
MAPE (test data): 151.84814929962158
MSE (test data): 4.84684419631958
R2 (test data): 0.9997955572871092
loss (test data): 4.846844444344769
Epoch 1/10, Loss: 18.7346
Epoch 2/10, Loss: 3.1942
Epoch 3/10, Loss: 0.5354
Epoch 4/10, Loss: 0.6267
Epoch 5/10, Loss: 3.9275
Epoch 6/10, Loss: 0.8325
Epoch 7/10, Loss: 1.4383
Epoch 8/10, Loss: 0.4250
Epoch 9/10, Loss: 0.6144
Epoch 10/10, Loss: 0.4616
Performance Metrics:
RMSE (test data): 2.7750344276428223
MAE (test data): 1.6445101499557495
MAPE (test data): 151.45424604415894
MSE (test data): 7.7008161544799805
R2 (test data): 0.9996751751359032
loss (test data): 7.700815307351696
Epoch 1/10, Loss: 12.2935
Epoch 2/10, Loss: 0.2872
Epoch 3/10, Loss: 9.4209
Epoch 4/10, Loss: 3.2918
Epoch 5/10, Loss: 0.3078
Epoch 6/10, Loss: 0.3049
Epoch 7/10, Loss: 0.6783
Epoch 8/10, Loss: 0.4732
Epoch 9/10, Loss: 38.1551
Epoch 10/10, Loss: 1.4236
Performance Metrics:
RMSE (test data): 2.2997679710388184
MAE (test data): 1.2720741033554077
MAPE (test data): 151.8530011177063
MSE (test data): 5.288932800292969
R2 (test data): 0.9997769097372524
loss (test data): 5.288933002031767
Epoch 1/10, Loss: 2.5865
Epoch 2/10, Loss: 0.4047
Epoch 3/10, Loss: 0.2804
Epoch 4/10, Loss: 0.2202
Epoch 5/10, Loss: 1.0775
Epoch 6/10, Loss: 5.0334
Epoch 7/10, Loss: 0.5025
Epoch 8/10, Loss: 0.4070
Epoch 9/10, Loss: 0.5957
DEBUG flwr 2024-03-10 07:33:35,629 | connection.py:141 | gRPC channel closed
INFO flwr 2024-03-10 07:33:35,629 | app.py:304 | Disconnect and shut down
Epoch 10/10, Loss: 0.3479
Performance Metrics:
RMSE (test data): 2.31005597114563
MAE (test data): 1.3397834300994873
MAPE (test data): 151.72533988952637
MSE (test data): 5.336358547210693
R2 (test data): 0.9997749092947533
loss (test data): 5.336358629303538
Epoch 1/10, Loss: 5.5218
Epoch 2/10, Loss: 5.6836
Epoch 3/10, Loss: 7.5884
Epoch 4/10, Loss: 0.4113
Epoch 5/10, Loss: 0.2035
Epoch 6/10, Loss: 0.2339
Epoch 7/10, Loss: 0.5943
Epoch 8/10, Loss: 6.7803
Epoch 9/10, Loss: 5.1998
Epoch 10/10, Loss: 1.5583
Performance Metrics:
RMSE (test data): 1.7962373495101929
MAE (test data): 1.0545588731765747
MAPE (test data): 152.1883726119995
MSE (test data): 3.226468801498413
R2 (test data): 0.999863905675164
loss (test data): 3.226468704558991
Epoch 1/10, Loss: 2.8636
Epoch 2/10, Loss: 0.3654
Epoch 3/10, Loss: 0.8015
Epoch 4/10, Loss: 0.2713
Epoch 5/10, Loss: 4.9515
Epoch 6/10, Loss: 7.2878
Epoch 7/10, Loss: 1.3523
Epoch 8/10, Loss: 1.8362
Epoch 9/10, Loss: 1.1522
Epoch 10/10, Loss: 0.8289
Performance Metrics:
RMSE (test data): 4.121732234954834
MAE (test data): 2.770869255065918
MAPE (test data): 150.58029890060425
MSE (test data): 16.988677978515625
R2 (test data): 0.9992834077087325
loss (test data): 16.988677788130094
Epoch 1/10, Loss: 36.8583
Epoch 2/10, Loss: 1.4132
Epoch 3/10, Loss: 0.8979
Epoch 4/10, Loss: 0.4112
Epoch 5/10, Loss: 0.3468
Epoch 6/10, Loss: 0.2218
Epoch 7/10, Loss: 1.3897
Epoch 8/10, Loss: 2.1646
Epoch 9/10, Loss: 0.4484
Epoch 10/10, Loss: 7.4722
Performance Metrics:
RMSE (test data): 2.00876784324646
MAE (test data): 1.1536610126495361
MAPE (test data): 152.0913600921631
MSE (test data): 4.035148620605469
R2 (test data): 0.9998297950839988
loss (test data): 4.035148681738438
Epoch 1/10, Loss: 15.8860
Epoch 2/10, Loss: 2.1454
Epoch 3/10, Loss: 0.2222
Epoch 4/10, Loss: 0.2734
Epoch 5/10, Loss: 1.3264
Epoch 6/10, Loss: 0.2974
Epoch 7/10, Loss: 2.8300
Epoch 8/10, Loss: 0.2167
Epoch 9/10, Loss: 9.2657
Epoch 10/10, Loss: 4.9253
Performance Metrics:
RMSE (test data): 2.085810899734497
MAE (test data): 1.153744101524353
MAPE (test data): 152.19643115997314
MSE (test data): 4.350606918334961
R2 (test data): 0.9998164888834674
loss (test data): 4.3506067506559605
Epoch 1/10, Loss: 1.7308
Epoch 2/10, Loss: 1.0223
Epoch 3/10, Loss: 0.3710
Epoch 4/10, Loss: 2.7967
Epoch 5/10, Loss: 7.6494
Epoch 6/10, Loss: 0.3212
Epoch 7/10, Loss: 0.2588
Epoch 8/10, Loss: 0.7542
Epoch 9/10, Loss: 0.3344
Epoch 10/10, Loss: 0.8995
Performance Metrics:
RMSE (test data): 1.9689662456512451
MAE (test data): 1.0567923784255981
MAPE (test data): 152.118182182312
MSE (test data): 3.8768279552459717
R2 (test data): 0.9998364731400043
loss (test data): 3.876828045198769
Epoch 1/10, Loss: 23.2852
Epoch 2/10, Loss: 0.8289
Epoch 3/10, Loss: 0.4626
Epoch 4/10, Loss: 4.6638
Epoch 5/10, Loss: 0.7712
Epoch 6/10, Loss: 0.4795
Epoch 7/10, Loss: 0.5841
Epoch 8/10, Loss: 5.2644
Epoch 9/10, Loss: 0.4189
Epoch 10/10, Loss: 5.5906
Performance Metrics:
RMSE (test data): 4.425506114959717
MAE (test data): 3.1746082305908203
MAPE (test data): 150.3605842590332
MSE (test data): 19.58510398864746
R2 (test data): 0.9991738889537292
loss (test data): 19.585103476877176
Epoch 1/10, Loss: 5.2460
Epoch 2/10, Loss: 0.3603
Epoch 3/10, Loss: 0.1951
Epoch 4/10, Loss: 9.1929
Epoch 5/10, Loss: 1.0151
Epoch 6/10, Loss: 0.5638
Epoch 7/10, Loss: 0.6575
Epoch 8/10, Loss: 11.0149
Epoch 9/10, Loss: 0.2779
Epoch 10/10, Loss: 1.3903
Performance Metrics:
RMSE (test data): 2.2533881664276123
MAE (test data): 1.2571547031402588
MAPE (test data): 151.89354419708252
MSE (test data): 5.077758312225342
R2 (test data): 0.9997858172119783
loss (test data): 5.077758165506216
Epoch 1/10, Loss: 4.2635
Epoch 2/10, Loss: 1.1778
Epoch 3/10, Loss: 1.0892
Epoch 4/10, Loss: 1.5043
Epoch 5/10, Loss: 0.6197
Epoch 6/10, Loss: 12.3233
Epoch 7/10, Loss: 34.4496
Epoch 8/10, Loss: 0.6556
Epoch 9/10, Loss: 0.3424
Epoch 10/10, Loss: 0.2416
Performance Metrics:
RMSE (test data): 3.2621350288391113
MAE (test data): 1.8305171728134155
MAPE (test data): 151.34398937225342
MSE (test data): 10.641524314880371
R2 (test data): 0.9995511342971838
loss (test data): 10.641524901756874
Epoch 1/10, Loss: 1.7858
Epoch 2/10, Loss: 0.5108
Epoch 3/10, Loss: 0.3670
Epoch 4/10, Loss: 0.2362
Epoch 5/10, Loss: 0.2840
Epoch 6/10, Loss: 1.6775
Epoch 7/10, Loss: 0.9404
Epoch 8/10, Loss: 0.2715
Epoch 9/10, Loss: 2.1617
Epoch 10/10, Loss: 3.9718
Performance Metrics:
RMSE (test data): 2.3149850368499756
MAE (test data): 1.2647196054458618
MAPE (test data): 151.83359384536743
MSE (test data): 5.359155654907227
R2 (test data): 0.9997739477240293
loss (test data): 5.359155162350162
Epoch 1/10, Loss: 13.7351
Epoch 2/10, Loss: 2.9049
Epoch 3/10, Loss: 0.3687
Epoch 4/10, Loss: 0.2804
Epoch 5/10, Loss: 27.2976
Epoch 6/10, Loss: 7.8736
Epoch 7/10, Loss: 0.5960
Epoch 8/10, Loss: 0.2853
Epoch 9/10, Loss: 0.1926
Epoch 10/10, Loss: 0.2261
Performance Metrics:
RMSE (test data): 2.3285934925079346
MAE (test data): 1.3432838916778564
MAPE (test data): 151.7665147781372
MSE (test data): 5.4223480224609375
R2 (test data): 0.9997712822003259
loss (test data): 5.422348304327591
Epoch 1/10, Loss: 2.8075
Epoch 2/10, Loss: 0.2775
Epoch 3/10, Loss: 3.5218
Epoch 4/10, Loss: 1.5073
Epoch 5/10, Loss: 0.6230
Epoch 6/10, Loss: 0.2062
Epoch 7/10, Loss: 1.1892
Epoch 8/10, Loss: 10.0707
Epoch 9/10, Loss: 3.9126
Epoch 10/10, Loss: 0.2307
Performance Metrics:
RMSE (test data): 2.3676822185516357
MAE (test data): 1.361919641494751
MAPE (test data): 151.71148777008057
MSE (test data): 5.605919361114502
R2 (test data): 0.9997635390586594
loss (test data): 5.60591955324669
Epoch 1/10, Loss: 3.1975
Epoch 2/10, Loss: 0.3741
Epoch 3/10, Loss: 0.9389
Epoch 4/10, Loss: 2.3236
Epoch 5/10, Loss: 0.2208
Epoch 6/10, Loss: 1.2026
Epoch 7/10, Loss: 0.9454
Epoch 8/10, Loss: 21.9652
Epoch 9/10, Loss: 1.9189
Epoch 10/10, Loss: 0.5808
Performance Metrics:
RMSE (test data): 1.766182780265808
MAE (test data): 1.012451410293579
MAPE (test data): 152.3302435874939
MSE (test data): 3.119401693344116
R2 (test data): 0.9998684218172696
loss (test data): 3.119401848578191
Epoch 1/10, Loss: 3.3812
Epoch 2/10, Loss: 0.4412
Epoch 3/10, Loss: 0.3313
Epoch 4/10, Loss: 0.1954
Epoch 5/10, Loss: 0.2510
Epoch 6/10, Loss: 0.1538
Epoch 7/10, Loss: 0.1815
Epoch 8/10, Loss: 2.2289
Epoch 9/10, Loss: 19.6412
Epoch 10/10, Loss: 8.3846
Performance Metrics:
RMSE (test data): 2.0744640827178955
MAE (test data): 1.1577069759368896
MAPE (test data): 152.01001167297363
MSE (test data): 4.303401470184326
R2 (test data): 0.9998184800353311
loss (test data): 4.303401310365278
Epoch 1/10, Loss: 2.4631
Epoch 2/10, Loss: 0.2330
Epoch 3/10, Loss: 1.6949
Epoch 4/10, Loss: 0.4594
Epoch 5/10, Loss: 0.5170
Epoch 6/10, Loss: 1.2464
Epoch 7/10, Loss: 1.5409
Epoch 8/10, Loss: 2.7560
Epoch 9/10, Loss: 3.6420
Epoch 10/10, Loss: 2.0342
Performance Metrics:
RMSE (test data): 2.2261126041412354
MAE (test data): 1.2474600076675415
MAPE (test data): 151.93781852722168
MSE (test data): 4.955577850341797
R2 (test data): 0.9997909708406754
loss (test data): 4.955578011580003
Epoch 1/10, Loss: 13.1323
Epoch 2/10, Loss: 4.5079
Epoch 3/10, Loss: 0.7456
Epoch 4/10, Loss: 0.1746
Epoch 5/10, Loss: 0.2193
Epoch 6/10, Loss: 0.4868
Epoch 7/10, Loss: 2.0435
Epoch 8/10, Loss: 4.6863
Epoch 9/10, Loss: 0.3797
Epoch 10/10, Loss: 0.3563
Performance Metrics:
RMSE (test data): 2.4951605796813965
MAE (test data): 1.5277551412582397
MAPE (test data): 151.59807205200195
MSE (test data): 6.225825786590576
R2 (test data): 0.9997373910498906
loss (test data): 6.225825887023311
Epoch 1/10, Loss: 5.0827
Epoch 2/10, Loss: 1.8729
Epoch 3/10, Loss: 0.5356
Epoch 4/10, Loss: 1.5134
Epoch 5/10, Loss: 9.0794
Epoch 6/10, Loss: 1.4615
Epoch 7/10, Loss: 0.2120
Epoch 8/10, Loss: 3.0042
Epoch 9/10, Loss: 0.7537
Epoch 10/10, Loss: 0.4799
Performance Metrics:
RMSE (test data): 1.925226092338562
MAE (test data): 1.1697176694869995
MAPE (test data): 151.96377038955688
MSE (test data): 3.706495523452759
R2 (test data): 0.9998436578557226
loss (test data): 3.7064957981144553
wandb: - 0.001 MB of 0.001 MB uploadedwandb: \ 0.001 MB of 0.001 MB uploadedwandb: | 0.001 MB of 0.001 MB uploadedwandb: / 0.007 MB of 0.068 MB uploadedwandb: - 0.068 MB of 0.068 MB uploadedwandb: 
wandb: Run history:
wandb: Communication Time █▂▂▂▂▁▁▃▃▁▁▃▄▄▁▁▄▄▁▁▄▃▁▁▄▃▂▂▄▂▂▄▄▃▁▂▅▆▂▁
wandb:    MAE (test data) █▁▁▁▁▁▁▁▁▁▁▁▁▁▁▁▁▁▁▁▁▁▁▁▁▁▁▁▁▁▁▁▁▁▁▁▁▁▁▁
wandb:   MAPE (test data) ▁██▇██▇████████████████▇█████▇██████████
wandb:    MSE (test data) █▁▁▁▁▁▁▁▁▁▁▁▁▁▁▁▁▁▁▁▁▁▁▁▁▁▁▁▁▁▁▁▁▁▁▁▁▁▁▁
wandb:     R2 (test data) ▁███████████████████████████████████████
wandb:   RMSE (test data) █▁▁▁▁▁▁▁▁▁▁▁▁▁▁▁▁▁▁▁▁▁▁▁▁▁▁▁▁▁▁▁▁▁▁▁▁▁▁▁
wandb:    loss(test data) █▁▁▁▁▁▁▁▁▁▁▁▁▁▁▁▁▁▁▁▁▁▁▁▁▁▁▁▁▁▁▁▁▁▁▁▁▁▁▁
wandb: 
wandb: Run summary:
wandb: Communication Time 0.72019
wandb:    MAE (test data) 1.16972
wandb:   MAPE (test data) 151.96377
wandb:    MSE (test data) 3.7065
wandb:     R2 (test data) 0.99984
wandb:   RMSE (test data) 1.92523
wandb:    loss(test data) 3.7065
wandb: 
wandb: 🚀 View run zesty-serenity-2 at: https://wandb.ai/digitalai/CFL3/runs/o0lj2kiv
wandb: ️⚡ View job at https://wandb.ai/digitalai/CFL3/jobs/QXJ0aWZhY3RDb2xsZWN0aW9uOjE0NzM1MjY3Nw==/version_details/v0
wandb: Synced 6 W&B file(s), 0 media file(s), 2 artifact file(s) and 0 other file(s)
wandb: Find logs at: ./wandb/run-20240310_073147-o0lj2kiv/logs
