wandb: Currently logged in as: longyunbo218 (digitalai). Use `wandb login --relogin` to force relogin
wandb: wandb version 0.16.4 is available!  To upgrade, please run:
wandb:  $ pip install wandb --upgrade
wandb: Tracking run with wandb version 0.16.2
wandb: Run data is saved locally in /Users/yunbo/Documents/GitHub/PFL_Optimiozation/Model_training/2_clusters/wandb/run-20240309_184510-r968a140
wandb: Run `wandb offline` to turn off syncing.
wandb: Syncing run resilient-shape-40
wandb: ⭐️ View project at https://wandb.ai/digitalai/CFL
wandb: 🚀 View run at https://wandb.ai/digitalai/CFL/runs/r968a140
INFO flwr 2024-03-09 18:45:25,224 | grpc.py:52 | Opened insecure gRPC connection (no certificates were passed)
DEBUG flwr 2024-03-09 18:45:25,239 | connection.py:42 | ChannelConnectivity.IDLE
DEBUG flwr 2024-03-09 18:45:25,243 | connection.py:42 | ChannelConnectivity.CONNECTING
DEBUG flwr 2024-03-09 18:45:25,244 | connection.py:42 | ChannelConnectivity.READY
Epoch 1/10, Loss: 12277.4789
Epoch 2/10, Loss: 3134.8637
Epoch 3/10, Loss: 3176.8618
Epoch 4/10, Loss: 2822.6806
Epoch 5/10, Loss: 2751.2127
Epoch 6/10, Loss: 2812.1555
Epoch 7/10, Loss: 2329.7636
Epoch 8/10, Loss: 2628.4323
Epoch 9/10, Loss: 3723.0732
Epoch 10/10, Loss: 2329.1079
Performance Metrics:
RMSE (test data): 150.18836975097656
MAE (test data): 113.32276153564453
MAPE (test data): 73.57338070869446
MSE (test data): 22556.546875
R2 (test data): -0.475561854060528
loss (test data): 22556.549066733376
Epoch 1/10, Loss: 1239.4859
Epoch 2/10, Loss: 35.1624
Epoch 3/10, Loss: 22.8511
Epoch 4/10, Loss: 21.6890
Epoch 5/10, Loss: 12.9179
Epoch 6/10, Loss: 10.9394
Epoch 7/10, Loss: 9.7460
Epoch 8/10, Loss: 6.4513
Epoch 9/10, Loss: 4.2505
Epoch 10/10, Loss: 11.7142
Performance Metrics:
RMSE (test data): 122.20883178710938
MAE (test data): 96.06404113769531
MAPE (test data): 81.02550506591797
MSE (test data): 14934.9990234375
R2 (test data): 0.02301036009093549
loss (test data): 14934.998879919694
Epoch 1/10, Loss: 762.9347
Epoch 2/10, Loss: 22.3355
Epoch 3/10, Loss: 9.9049
Epoch 4/10, Loss: 12.5409
Epoch 5/10, Loss: 4.6812
Epoch 6/10, Loss: 5.2134
Epoch 7/10, Loss: 2.9331
Epoch 8/10, Loss: 2.6035
Epoch 9/10, Loss: 6.8212
Epoch 10/10, Loss: 7.5207
Performance Metrics:
RMSE (test data): 108.55509185791016
MAE (test data): 87.31929016113281
MAPE (test data): 86.30569577217102
MSE (test data): 11784.2080078125
R2 (test data): 0.22912281776426535
loss (test data): 11784.208777196223
Epoch 1/10, Loss: 820.3924
Epoch 2/10, Loss: 18.2814
Epoch 3/10, Loss: 11.2364
Epoch 4/10, Loss: 7.5061
Epoch 5/10, Loss: 6.8499
Epoch 6/10, Loss: 6.7596
Epoch 7/10, Loss: 5.1070
Epoch 8/10, Loss: 4.9304
Epoch 9/10, Loss: 5.5616
Epoch 10/10, Loss: 4.7001
Performance Metrics:
RMSE (test data): 99.53209686279297
MAE (test data): 78.02861022949219
MAPE (test data): 88.87934684753418
MSE (test data): 9906.638671875
R2 (test data): 0.3519461122343355
loss (test data): 9906.639380003078
Epoch 1/10, Loss: 969.6509
Epoch 2/10, Loss: 10.7017
Epoch 3/10, Loss: 7.4787
Epoch 4/10, Loss: 6.0285
Epoch 5/10, Loss: 4.5208
Epoch 6/10, Loss: 3.6670
Epoch 7/10, Loss: 3.4771
Epoch 8/10, Loss: 3.1031
Epoch 9/10, Loss: 3.3827
Epoch 10/10, Loss: 4.0250
Performance Metrics:
RMSE (test data): 99.37490844726562
MAE (test data): 80.88494110107422
MAPE (test data): 89.12986516952515
MSE (test data): 9875.373046875
R2 (test data): 0.35399144584445186
loss (test data): 9875.372860542386
Epoch 1/10, Loss: 317.9940
Epoch 2/10, Loss: 7.0467
Epoch 3/10, Loss: 5.0289
Epoch 4/10, Loss: 3.7379
Epoch 5/10, Loss: 3.1888
Epoch 6/10, Loss: 3.4616
Epoch 7/10, Loss: 6.1528
Epoch 8/10, Loss: 57.7146
Epoch 9/10, Loss: 10.0277
Epoch 10/10, Loss: 18.9716
Performance Metrics:
RMSE (test data): 101.12319946289062
MAE (test data): 83.22368621826172
MAPE (test data): 88.69004845619202
MSE (test data): 10225.9013671875
R2 (test data): 0.331061209009487
loss (test data): 10225.9018492149
Epoch 1/10, Loss: 348.9119
Epoch 2/10, Loss: 5.8239
Epoch 3/10, Loss: 5.3351
Epoch 4/10, Loss: 33.8720
Epoch 5/10, Loss: 20.2901
Epoch 6/10, Loss: 6.6933
Epoch 7/10, Loss: 85.4688
Epoch 8/10, Loss: 7.9651
Epoch 9/10, Loss: 3.5329
Epoch 10/10, Loss: 7.2134
Performance Metrics:
RMSE (test data): 101.50894165039062
MAE (test data): 83.11148834228516
MAPE (test data): 87.98514604568481
MSE (test data): 10304.0654296875
R2 (test data): 0.3259480161360653
loss (test data): 10304.065938333846
Epoch 1/10, Loss: 290.2862
Epoch 2/10, Loss: 5.4713
Epoch 3/10, Loss: 4.4720
Epoch 4/10, Loss: 5.8410
Epoch 5/10, Loss: 9.8754
Epoch 6/10, Loss: 21.6533
Epoch 7/10, Loss: 15.3809
Epoch 8/10, Loss: 3.0100
Epoch 9/10, Loss: 8.7855
Epoch 10/10, Loss: 54.3961
Performance Metrics:
RMSE (test data): 98.91148376464844
MAE (test data): 82.58494567871094
MAPE (test data): 90.2117133140564
MSE (test data): 9783.4814453125
R2 (test data): 0.360002635226514
loss (test data): 9783.481312217775
Epoch 1/10, Loss: 326.5347
Epoch 2/10, Loss: 6.6150
Epoch 3/10, Loss: 10.0999
Epoch 4/10, Loss: 5.0707
Epoch 5/10, Loss: 5.3810
Epoch 6/10, Loss: 4.4865
Epoch 7/10, Loss: 9.1472
Epoch 8/10, Loss: 7.2427
Epoch 9/10, Loss: 10.5336
Epoch 10/10, Loss: 2.9909
Performance Metrics:
RMSE (test data): 103.8330078125
MAE (test data): 88.08084869384766
MAPE (test data): 88.74517679214478
MSE (test data): 10781.29296875
R2 (test data): 0.2947297036020613
loss (test data): 10781.292437734119
Epoch 1/10, Loss: 329.2373
Epoch 2/10, Loss: 5.1569
Epoch 3/10, Loss: 3.2164
Epoch 4/10, Loss: 2.9516
Epoch 5/10, Loss: 2.0384
Epoch 6/10, Loss: 1.4270
Epoch 7/10, Loss: 1.1227
Epoch 8/10, Loss: 1.2476
Epoch 9/10, Loss: 3.6131
Epoch 10/10, Loss: 25.7565
Performance Metrics:
RMSE (test data): 99.88269805908203
MAE (test data): 84.61959838867188
MAPE (test data): 90.33065438270569
MSE (test data): 9976.552734375
R2 (test data): 0.3473726627974678
loss (test data): 9976.552625974959
Epoch 1/10, Loss: 314.6099
Epoch 2/10, Loss: 2.1553
Epoch 3/10, Loss: 1.7592
Epoch 4/10, Loss: 1.2138
Epoch 5/10, Loss: 1.3483
Epoch 6/10, Loss: 1.3186
Epoch 7/10, Loss: 1.3739
Epoch 8/10, Loss: 0.7726
Epoch 9/10, Loss: 1.9884
Epoch 10/10, Loss: 1.4084
Performance Metrics:
RMSE (test data): 97.71614837646484
MAE (test data): 81.60684204101562
MAPE (test data): 90.51181674003601
MSE (test data): 9548.4462890625
R2 (test data): 0.3753776391883641
loss (test data): 9548.447366969416
Epoch 1/10, Loss: 280.4094
Epoch 2/10, Loss: 2.3745
Epoch 3/10, Loss: 1.4220
Epoch 4/10, Loss: 0.8205
Epoch 5/10, Loss: 0.9173
Epoch 6/10, Loss: 3.7372
Epoch 7/10, Loss: 0.8626
Epoch 8/10, Loss: 9.5618
Epoch 9/10, Loss: 10.6451
Epoch 10/10, Loss: 95.3754
Performance Metrics:
RMSE (test data): 99.6120376586914
MAE (test data): 84.38221740722656
MAPE (test data): 90.3117299079895
MSE (test data): 9922.55859375
R2 (test data): 0.35090473167006364
loss (test data): 9922.558688600036
Epoch 1/10, Loss: 232.7646
Epoch 2/10, Loss: 1.4119
Epoch 3/10, Loss: 0.8471
Epoch 4/10, Loss: 0.6728
Epoch 5/10, Loss: 1.0492
Epoch 6/10, Loss: 0.5231
Epoch 7/10, Loss: 0.4987
Epoch 8/10, Loss: 2.0889
Epoch 9/10, Loss: 1.0615
Epoch 10/10, Loss: 0.3625
Performance Metrics:
RMSE (test data): 99.53671264648438
MAE (test data): 84.36058807373047
MAPE (test data): 90.53725600242615
MSE (test data): 9907.5576171875
R2 (test data): 0.3518860497390852
loss (test data): 9907.557525143679
Epoch 1/10, Loss: 379.1974
Epoch 2/10, Loss: 3.4421
Epoch 3/10, Loss: 2.1441
Epoch 4/10, Loss: 2.0183
Epoch 5/10, Loss: 2.0464
Epoch 6/10, Loss: 5.5745
Epoch 7/10, Loss: 1.7574
Epoch 8/10, Loss: 20.2266
Epoch 9/10, Loss: 33.0015
Epoch 10/10, Loss: 1.3090
Performance Metrics:
RMSE (test data): 100.00647735595703
MAE (test data): 84.7870864868164
MAPE (test data): 90.14489650726318
MSE (test data): 10001.294921875
R2 (test data): 0.34575406212644333
loss (test data): 10001.295761814963
Epoch 1/10, Loss: 249.5511
Epoch 2/10, Loss: 1.4187
Epoch 3/10, Loss: 1.9973
Epoch 4/10, Loss: 1.1761
Epoch 5/10, Loss: 6.2509
Epoch 6/10, Loss: 2.1638
Epoch 7/10, Loss: 5.4344
Epoch 8/10, Loss: 34.1115
Epoch 9/10, Loss: 1.1464
Epoch 10/10, Loss: 62.3806
Performance Metrics:
RMSE (test data): 98.26921844482422
MAE (test data): 81.85919189453125
MAPE (test data): 90.24103879928589
MSE (test data): 9656.83984375
R2 (test data): 0.368287022218038
loss (test data): 9656.840052853038
Epoch 1/10, Loss: 305.9140
Epoch 2/10, Loss: 2.2629
Epoch 3/10, Loss: 1.7186
Epoch 4/10, Loss: 1.3150
Epoch 5/10, Loss: 1.1682
Epoch 6/10, Loss: 1.0335
Epoch 7/10, Loss: 1.4099
Epoch 8/10, Loss: 0.9671
Epoch 9/10, Loss: 6.0783
Epoch 10/10, Loss: 1.3739
Performance Metrics:
RMSE (test data): 98.8824691772461
MAE (test data): 83.5588607788086
MAPE (test data): 90.62931537628174
MSE (test data): 9777.7431640625
R2 (test data): 0.36037799053245323
loss (test data): 9777.743452380952
Epoch 1/10, Loss: 389.5813
Epoch 2/10, Loss: 2.3908
Epoch 3/10, Loss: 1.5842
Epoch 4/10, Loss: 1.2176
Epoch 5/10, Loss: 0.8595
Epoch 6/10, Loss: 0.8382
Epoch 7/10, Loss: 0.7407
Epoch 8/10, Loss: 0.6866
Epoch 9/10, Loss: 0.6007
Epoch 10/10, Loss: 2.3750
Performance Metrics:
RMSE (test data): 98.22569274902344
MAE (test data): 82.2716064453125
MAPE (test data): 90.27318358421326
MSE (test data): 9648.2861328125
R2 (test data): 0.3688465853474936
loss (test data): 9648.286073320762
Epoch 1/10, Loss: 249.8456
Epoch 2/10, Loss: 1.6433
Epoch 3/10, Loss: 1.1231
Epoch 4/10, Loss: 0.8710
Epoch 5/10, Loss: 0.8416
Epoch 6/10, Loss: 0.7599
Epoch 7/10, Loss: 1.0713
Epoch 8/10, Loss: 1.5111
Epoch 9/10, Loss: 0.9396
Epoch 10/10, Loss: 11.8393
Performance Metrics:
RMSE (test data): 98.68672180175781
MAE (test data): 83.16299438476562
MAPE (test data): 90.45818448066711
MSE (test data): 9739.0693359375
R2 (test data): 0.3629078936837379
loss (test data): 9739.069332409688
Epoch 1/10, Loss: 257.7225
Epoch 2/10, Loss: 2.4602
Epoch 3/10, Loss: 1.9300
Epoch 4/10, Loss: 1.1133
Epoch 5/10, Loss: 1.2250
Epoch 6/10, Loss: 0.9240
Epoch 7/10, Loss: 0.6407
Epoch 8/10, Loss: 8.6963
Epoch 9/10, Loss: 49.7065
Epoch 10/10, Loss: 0.8778
Performance Metrics:
RMSE (test data): 98.73811340332031
MAE (test data): 83.68450164794922
MAPE (test data): 90.72414040565491
MSE (test data): 9749.21484375
R2 (test data): 0.3622441937256009
loss (test data): 9749.214963054188
Epoch 1/10, Loss: 213.2293
Epoch 2/10, Loss: 1.8983
Epoch 3/10, Loss: 1.3883
Epoch 4/10, Loss: 1.8692
Epoch 5/10, Loss: 1.0328
Epoch 6/10, Loss: 0.8379
Epoch 7/10, Loss: 1.4398
Epoch 8/10, Loss: 0.8630
Epoch 9/10, Loss: 0.7467
Epoch 10/10, Loss: 0.8060
Performance Metrics:
RMSE (test data): 97.58074951171875
MAE (test data): 81.15803527832031
MAPE (test data): 90.35796523094177
MSE (test data): 9522.0029296875
R2 (test data): 0.3771075271872103
loss (test data): 9522.003170540846
Epoch 1/10, Loss: 201.8308
Epoch 2/10, Loss: 1.7937
Epoch 3/10, Loss: 1.4478
Epoch 4/10, Loss: 1.1906
Epoch 5/10, Loss: 1.7471
Epoch 6/10, Loss: 0.6771
Epoch 7/10, Loss: 0.5117
Epoch 8/10, Loss: 0.3181
Epoch 9/10, Loss: 0.8348
Epoch 10/10, Loss: 0.6341
Performance Metrics:
RMSE (test data): 98.88581085205078
MAE (test data): 83.83657836914062
MAPE (test data): 90.70243239402771
MSE (test data): 9778.404296875
R2 (test data): 0.3603347893671043
loss (test data): 9778.4038716133
Epoch 1/10, Loss: 169.9276
Epoch 2/10, Loss: 1.9772
Epoch 3/10, Loss: 1.7548
Epoch 4/10, Loss: 1.1316
Epoch 5/10, Loss: 0.6345
Epoch 6/10, Loss: 2.1358
Epoch 7/10, Loss: 1.0259
Epoch 8/10, Loss: 0.6676
Epoch 9/10, Loss: 0.3469
Epoch 10/10, Loss: 0.4803
Performance Metrics:
RMSE (test data): 99.03449249267578
MAE (test data): 83.8902587890625
MAPE (test data): 90.57506918907166
MSE (test data): 9807.830078125
R2 (test data): 0.35840985770440603
loss (test data): 9807.829701050005
Epoch 1/10, Loss: 294.4098
Epoch 2/10, Loss: 3.0455
Epoch 3/10, Loss: 1.9661
Epoch 4/10, Loss: 1.5105
Epoch 5/10, Loss: 1.2630
Epoch 6/10, Loss: 0.9241
Epoch 7/10, Loss: 0.7233
Epoch 8/10, Loss: 0.9245
Epoch 9/10, Loss: 0.4117
Epoch 10/10, Loss: 0.3126
Performance Metrics:
RMSE (test data): 97.99100494384766
MAE (test data): 82.8274154663086
MAPE (test data): 90.92995524406433
MSE (test data): 9602.2373046875
R2 (test data): 0.37185888981513715
loss (test data): 9602.23774662613
Epoch 1/10, Loss: 176.3039
Epoch 2/10, Loss: 1.7411
Epoch 3/10, Loss: 0.9977
Epoch 4/10, Loss: 0.6548
Epoch 5/10, Loss: 0.5143
Epoch 6/10, Loss: 0.4008
Epoch 7/10, Loss: 0.4789
Epoch 8/10, Loss: 0.3102
Epoch 9/10, Loss: 0.2406
Epoch 10/10, Loss: 0.3121
Performance Metrics:
RMSE (test data): 97.60716247558594
MAE (test data): 80.02123260498047
MAPE (test data): 90.17446637153625
MSE (test data): 9527.158203125
R2 (test data): 0.37677027231286986
loss (test data): 9527.158662381979
Epoch 1/10, Loss: 288.7936
Epoch 2/10, Loss: 1.4498
Epoch 3/10, Loss: 1.0488
Epoch 4/10, Loss: 0.6850
Epoch 5/10, Loss: 0.7689
Epoch 6/10, Loss: 0.4439
Epoch 7/10, Loss: 0.4249
Epoch 8/10, Loss: 0.4851
Epoch 9/10, Loss: 0.4563
Epoch 10/10, Loss: 0.3607
Performance Metrics:
RMSE (test data): 97.94205474853516
MAE (test data): 82.95907592773438
MAPE (test data): 91.02176427841187
MSE (test data): 9592.6455078125
R2 (test data): 0.37248637104393156
loss (test data): 9592.645582537973
Epoch 1/10, Loss: 312.1085
Epoch 2/10, Loss: 1.5932
Epoch 3/10, Loss: 0.9248
Epoch 4/10, Loss: 0.6696
Epoch 5/10, Loss: 0.5052
Epoch 6/10, Loss: 0.3698
Epoch 7/10, Loss: 0.3574
Epoch 8/10, Loss: 0.2795
Epoch 9/10, Loss: 0.2944
Epoch 10/10, Loss: 0.2144
Performance Metrics:
RMSE (test data): 96.50572204589844
MAE (test data): 79.87914276123047
MAPE (test data): 90.65648317337036
MSE (test data): 9313.3544921875
R2 (test data): 0.3907565180627428
loss (test data): 9313.354344660816
Epoch 1/10, Loss: 327.9553
Epoch 2/10, Loss: 1.4249
Epoch 3/10, Loss: 1.0127
Epoch 4/10, Loss: 0.8706
Epoch 5/10, Loss: 0.9356
Epoch 6/10, Loss: 0.5554
Epoch 7/10, Loss: 0.4273
Epoch 8/10, Loss: 0.3978
Epoch 9/10, Loss: 0.3508
Epoch 10/10, Loss: 0.2728
Performance Metrics:
RMSE (test data): 97.63585662841797
MAE (test data): 81.9668960571289
MAPE (test data): 90.96207022666931
MSE (test data): 9532.7607421875
R2 (test data): 0.3764038338508088
loss (test data): 9532.760302173132
Epoch 1/10, Loss: 340.4838
Epoch 2/10, Loss: 1.9140
Epoch 3/10, Loss: 1.2659
Epoch 4/10, Loss: 0.9436
Epoch 5/10, Loss: 0.8492
Epoch 6/10, Loss: 0.6241
Epoch 7/10, Loss: 0.5437
Epoch 8/10, Loss: 0.4717
Epoch 9/10, Loss: 0.4649
Epoch 10/10, Loss: 0.2966
Performance Metrics:
RMSE (test data): 99.56219482421875
MAE (test data): 84.53524017333984
MAPE (test data): 90.61138033866882
MSE (test data): 9912.630859375
R2 (test data): 0.3515541404615168
loss (test data): 9912.631434408353
Epoch 1/10, Loss: 311.5146
Epoch 2/10, Loss: 1.7891
Epoch 3/10, Loss: 1.1193
Epoch 4/10, Loss: 0.7222
Epoch 5/10, Loss: 0.5463
Epoch 6/10, Loss: 0.5036
Epoch 7/10, Loss: 0.4864
Epoch 8/10, Loss: 0.3830
Epoch 9/10, Loss: 0.4144
Epoch 10/10, Loss: 0.6196
Performance Metrics:
RMSE (test data): 99.6410140991211
MAE (test data): 84.34732055664062
MAPE (test data): 90.36149382591248
MSE (test data): 9928.3310546875
R2 (test data): 0.35052712234518635
loss (test data): 9928.331168539615
Epoch 1/10, Loss: 310.4957
Epoch 2/10, Loss: 1.6990
Epoch 3/10, Loss: 1.0875
Epoch 4/10, Loss: 0.8571
Epoch 5/10, Loss: 0.7177
Epoch 6/10, Loss: 0.6291
Epoch 7/10, Loss: 0.4877
Epoch 8/10, Loss: 0.4122
Epoch 9/10, Loss: 0.4138
Epoch 10/10, Loss: 0.4181
Performance Metrics:
RMSE (test data): 98.75215911865234
MAE (test data): 83.28841400146484
MAPE (test data): 90.50629138946533
MSE (test data): 9751.9892578125
R2 (test data): 0.3620626950771627
loss (test data): 9751.989716107348
Epoch 1/10, Loss: 300.5337
Epoch 2/10, Loss: 1.6884
Epoch 3/10, Loss: 1.0207
Epoch 4/10, Loss: 0.7539
Epoch 5/10, Loss: 0.6044
Epoch 6/10, Loss: 0.3951
Epoch 7/10, Loss: 0.3687
Epoch 8/10, Loss: 0.3401
Epoch 9/10, Loss: 0.3765
Epoch 10/10, Loss: 0.1822
Performance Metrics:
RMSE (test data): 97.56326293945312
MAE (test data): 82.1406478881836
MAPE (test data): 90.92942476272583
MSE (test data): 9518.58984375
R2 (test data): 0.3773308089717189
loss (test data): 9518.589828676622
Epoch 1/10, Loss: 307.3358
Epoch 2/10, Loss: 2.4136
Epoch 3/10, Loss: 1.6560
Epoch 4/10, Loss: 1.2419
Epoch 5/10, Loss: 0.9232
Epoch 6/10, Loss: 0.8290
Epoch 7/10, Loss: 0.6772
Epoch 8/10, Loss: 0.4443
Epoch 9/10, Loss: 0.6791
Epoch 10/10, Loss: 0.4212
Performance Metrics:
RMSE (test data): 97.92768096923828
MAE (test data): 82.01822662353516
MAPE (test data): 90.5243456363678
MSE (test data): 9589.830078125
R2 (test data): 0.37267051414077856
loss (test data): 9589.83055758672
Epoch 1/10, Loss: 222.9055
Epoch 2/10, Loss: 1.0284
Epoch 3/10, Loss: 0.6429
Epoch 4/10, Loss: 0.4841
Epoch 5/10, Loss: 0.4065
Epoch 6/10, Loss: 0.3579
Epoch 7/10, Loss: 0.2899
Epoch 8/10, Loss: 0.4605
Epoch 9/10, Loss: 0.2996
Epoch 10/10, Loss: 0.2893
Performance Metrics:
RMSE (test data): 98.28133392333984
MAE (test data): 81.79170989990234
MAPE (test data): 90.21978378295898
MSE (test data): 9659.220703125
R2 (test data): 0.3681313094882206
loss (test data): 9659.220342366136
Epoch 1/10, Loss: 274.4123
Epoch 2/10, Loss: 1.1444
Epoch 3/10, Loss: 0.8620
Epoch 4/10, Loss: 0.6416
Epoch 5/10, Loss: 0.5274
Epoch 6/10, Loss: 0.3639
Epoch 7/10, Loss: 0.4259
Epoch 8/10, Loss: 0.2152
Epoch 9/10, Loss: 0.2362
Epoch 10/10, Loss: 0.2385
Performance Metrics:
RMSE (test data): 97.51513671875
MAE (test data): 82.26292419433594
MAPE (test data): 91.0366415977478
MSE (test data): 9509.2021484375
R2 (test data): 0.37794493910579696
loss (test data): 9509.201715158046
Epoch 1/10, Loss: 219.7168
Epoch 2/10, Loss: 1.0304
Epoch 3/10, Loss: 0.7540
Epoch 4/10, Loss: 0.4833
Epoch 5/10, Loss: 0.3784
Epoch 6/10, Loss: 0.3104
Epoch 7/10, Loss: 0.2133
Epoch 8/10, Loss: 0.1796
Epoch 9/10, Loss: 0.1844
Epoch 10/10, Loss: 0.1634
Performance Metrics:
RMSE (test data): 97.79827880859375
MAE (test data): 82.57781982421875
MAPE (test data): 91.1069929599762
MSE (test data): 9564.50390625
R2 (test data): 0.37432729092266215
loss (test data): 9564.503879951766
Epoch 1/10, Loss: 205.5620
Epoch 2/10, Loss: 0.8862
Epoch 3/10, Loss: 0.7174
Epoch 4/10, Loss: 0.4939
Epoch 5/10, Loss: 0.3540
Epoch 6/10, Loss: 0.3288
Epoch 7/10, Loss: 0.2761
Epoch 8/10, Loss: 0.2297
Epoch 9/10, Loss: 0.1481
Epoch 10/10, Loss: 0.2188
Performance Metrics:
RMSE (test data): 97.43218994140625
MAE (test data): 81.72586059570312
MAPE (test data): 90.76014161109924
MSE (test data): 9493.03125
R2 (test data): 0.3790027732353307
loss (test data): 9493.030957833025
Epoch 1/10, Loss: 250.5263
Epoch 2/10, Loss: 1.0083
Epoch 3/10, Loss: 0.6696
Epoch 4/10, Loss: 0.4846
Epoch 5/10, Loss: 0.4208
Epoch 6/10, Loss: 0.3377
Epoch 7/10, Loss: 0.2163
Epoch 8/10, Loss: 0.2375
Epoch 9/10, Loss: 0.2048
Epoch 10/10, Loss: 0.1717
Performance Metrics:
RMSE (test data): 95.99140167236328
MAE (test data): 78.59285736083984
MAPE (test data): 90.48651456832886
MSE (test data): 9214.349609375
R2 (test data): 0.3972329858114183
loss (test data): 9214.350120667206
Epoch 1/10, Loss: 273.2096
Epoch 2/10, Loss: 0.9167
Epoch 3/10, Loss: 0.6105
Epoch 4/10, Loss: 0.4713
Epoch 5/10, Loss: 0.3537
Epoch 6/10, Loss: 0.2993
Epoch 7/10, Loss: 0.2685
Epoch 8/10, Loss: 0.2216
Epoch 9/10, Loss: 0.1990
Epoch 10/10, Loss: 0.1686
Performance Metrics:
RMSE (test data): 97.78926086425781
MAE (test data): 82.38847351074219
MAPE (test data): 91.09891057014465
MSE (test data): 9562.7392578125
R2 (test data): 0.37444276308885005
loss (test data): 9562.738631144806
Epoch 1/10, Loss: 320.2057
Epoch 2/10, Loss: 1.0773
Epoch 3/10, Loss: 0.7435
Epoch 4/10, Loss: 0.6106
Epoch 5/10, Loss: 0.4957
Epoch 6/10, Loss: 0.3643
Epoch 7/10, Loss: 0.2911
Epoch 8/10, Loss: 0.2215
Epoch 9/10, Loss: 0.2000
Epoch 10/10, Loss: 0.1804
Performance Metrics:
RMSE (test data): 97.5278091430664
MAE (test data): 82.11784362792969
MAPE (test data): 91.0327136516571
MSE (test data): 9511.673828125
R2 (test data): 0.37778323322438456
loss (test data): 9511.673763982964
Epoch 1/10, Loss: 317.2998
Epoch 2/10, Loss: 1.2470
Epoch 3/10, Loss: 0.7111
Epoch 4/10, Loss: 0.5594
Epoch 5/10, Loss: 0.4603
Epoch 6/10, Loss: 0.3457
Epoch 7/10, Loss: 0.3527
Epoch 8/10, Loss: 0.2371
Epoch 9/10, Loss: 0.1852
Epoch 10/10, Loss: 0.1598
Performance Metrics:
RMSE (test data): 98.987060546875
MAE (test data): 82.95661926269531
MAPE (test data): 90.33556580543518
MSE (test data): 9798.4384765625
R2 (test data): 0.3590242163286653
loss (test data): 9798.438149758826
Epoch 1/10, Loss: 250.3402
Epoch 2/10, Loss: 0.8621
Epoch 3/10, Loss: 0.5067
Epoch 4/10, Loss: 0.3797
Epoch 5/10, Loss: 0.3264
Epoch 6/10, Loss: 0.2795
Epoch 7/10, Loss: 0.2221
Epoch 8/10, Loss: 0.1421
Epoch 9/10, Loss: 0.1371
Epoch 10/10, Loss: 0.1172
Performance Metrics:
RMSE (test data): 99.43817901611328
MAE (test data): 84.37349700927734
MAPE (test data): 90.62352776527405
MSE (test data): 9887.951171875
R2 (test data): 0.35316857661323464
loss (test data): 9887.951924902503
Epoch 1/10, Loss: 300.0908
Epoch 2/10, Loss: 0.9171
Epoch 3/10, Loss: 0.6136
Epoch 4/10, Loss: 0.4726
Epoch 5/10, Loss: 0.4288
Epoch 6/10, Loss: 0.3367
Epoch 7/10, Loss: 0.2422
Epoch 8/10, Loss: 0.2414
Epoch 9/10, Loss: 0.1896
Epoch 10/10, Loss: 0.1519
Performance Metrics:
RMSE (test data): 98.13372039794922
MAE (test data): 82.95401000976562
MAPE (test data): 90.9414291381836
MSE (test data): 9630.2265625
R2 (test data): 0.37002797995444037
loss (test data): 9630.226363820044
Epoch 1/10, Loss: 201.5338
Epoch 2/10, Loss: 0.8985
Epoch 3/10, Loss: 0.5485
Epoch 4/10, Loss: 0.4050
Epoch 5/10, Loss: 0.2898
Epoch 6/10, Loss: 0.2493
Epoch 7/10, Loss: 0.3066
Epoch 8/10, Loss: 0.2190
Epoch 9/10, Loss: 0.1455
Epoch 10/10, Loss: 0.1478
Performance Metrics:
RMSE (test data): 95.3173599243164
MAE (test data): 79.6586685180664
MAPE (test data): 91.99154376983643
MSE (test data): 9085.3994140625
R2 (test data): 0.4056684367827811
loss (test data): 9085.399572493328
Epoch 1/10, Loss: 234.3772
Epoch 2/10, Loss: 0.7497
Epoch 3/10, Loss: 0.5468
Epoch 4/10, Loss: 0.3858
Epoch 5/10, Loss: 0.3351
Epoch 6/10, Loss: 0.2436
Epoch 7/10, Loss: 0.2105
Epoch 8/10, Loss: 0.1626
Epoch 9/10, Loss: 0.1866
Epoch 10/10, Loss: 0.1458
Performance Metrics:
RMSE (test data): 97.76181030273438
MAE (test data): 82.50196838378906
MAPE (test data): 91.03410243988037
MSE (test data): 9557.37109375
R2 (test data): 0.3747939059927139
loss (test data): 9557.370902286022
Epoch 1/10, Loss: 267.2784
Epoch 2/10, Loss: 0.9593
Epoch 3/10, Loss: 0.6385
Epoch 4/10, Loss: 0.4435
Epoch 5/10, Loss: 0.3742
Epoch 6/10, Loss: 0.2738
Epoch 7/10, Loss: 0.2644
Epoch 8/10, Loss: 0.2446
Epoch 9/10, Loss: 0.1956
Epoch 10/10, Loss: 0.1458
Performance Metrics:
RMSE (test data): 96.66434478759766
MAE (test data): 81.1417007446289
MAPE (test data): 91.30558967590332
MSE (test data): 9343.99609375
R2 (test data): 0.38875203692104954
loss (test data): 9343.996324821685
Epoch 1/10, Loss: 185.2866
Epoch 2/10, Loss: 0.8355
Epoch 3/10, Loss: 0.5691
Epoch 4/10, Loss: 0.4478
Epoch 5/10, Loss: 0.3121
Epoch 6/10, Loss: 0.3208
Epoch 7/10, Loss: 0.2770
Epoch 8/10, Loss: 0.1790
Epoch 9/10, Loss: 0.1852
Epoch 10/10, Loss: 0.3767
Performance Metrics:
RMSE (test data): 97.65055847167969
MAE (test data): 82.3761215209961
MAPE (test data): 91.11757278442383
MSE (test data): 9535.6318359375
R2 (test data): 0.3762159849573937
loss (test data): 9535.631773719724
Epoch 1/10, Loss: 293.4053
Epoch 2/10, Loss: 0.8117
Epoch 3/10, Loss: 0.6424
Epoch 4/10, Loss: 0.5663
Epoch 5/10, Loss: 0.4467
Epoch 6/10, Loss: 0.3381
Epoch 7/10, Loss: 0.2634
Epoch 8/10, Loss: 0.2326
Epoch 9/10, Loss: 0.1626
Epoch 10/10, Loss: 0.1556
Performance Metrics:
RMSE (test data): 96.96617889404297
MAE (test data): 81.4803466796875
MAPE (test data): 91.2528395652771
MSE (test data): 9402.4404296875
R2 (test data): 0.3849288196242109
loss (test data): 9402.440953727935
Epoch 1/10, Loss: 200.1341
Epoch 2/10, Loss: 0.6369
Epoch 3/10, Loss: 0.3793
Epoch 4/10, Loss: 0.2756
Epoch 5/10, Loss: 0.2659
Epoch 6/10, Loss: 0.1745
Epoch 7/10, Loss: 0.1647
Epoch 8/10, Loss: 0.1392
Epoch 9/10, Loss: 0.1446
Epoch 10/10, Loss: 0.1256
Performance Metrics:
RMSE (test data): 97.92461395263672
MAE (test data): 82.44477844238281
MAPE (test data): 90.89102149009705
MSE (test data): 9589.2294921875
R2 (test data): 0.37270984589127
loss (test data): 9589.229265445403
Epoch 1/10, Loss: 277.9736
Epoch 2/10, Loss: 1.0172
Epoch 3/10, Loss: 0.5920
Epoch 4/10, Loss: 0.4609
Epoch 5/10, Loss: 0.3993
Epoch 6/10, Loss: 0.2963
Epoch 7/10, Loss: 0.2062
Epoch 8/10, Loss: 0.1656
Epoch 9/10, Loss: 0.1556
Epoch 10/10, Loss: 0.1118
Performance Metrics:
RMSE (test data): 98.07415771484375
MAE (test data): 82.69772338867188
MAPE (test data): 90.94873070716858
MSE (test data): 9618.541015625
R2 (test data): 0.37079243571075904
loss (test data): 9618.54028135904
Epoch 1/10, Loss: 232.0057
Epoch 2/10, Loss: 0.9575
Epoch 3/10, Loss: 0.5234
Epoch 4/10, Loss: 0.3892
Epoch 5/10, Loss: 0.3644
Epoch 6/10, Loss: 0.2738
Epoch 7/10, Loss: 0.2583
Epoch 8/10, Loss: 0.2075
Epoch 9/10, Loss: 0.1322
Epoch 10/10, Loss: 0.1125
Performance Metrics:
RMSE (test data): 98.81869506835938
MAE (test data): 83.42091369628906
MAPE (test data): 90.59786796569824
MSE (test data): 9765.1337890625
R2 (test data): 0.36120287373004756
loss (test data): 9765.133673606835
Epoch 1/10, Loss: 259.0030
Epoch 2/10, Loss: 0.8463
Epoch 3/10, Loss: 0.6573
Epoch 4/10, Loss: 0.5104
Epoch 5/10, Loss: 0.4065
Epoch 6/10, Loss: 0.3300
Epoch 7/10, Loss: 0.2247
Epoch 8/10, Loss: 0.1922
Epoch 9/10, Loss: 0.1496
Epoch 10/10, Loss: 0.1157
Performance Metrics:
RMSE (test data): 97.9557876586914
MAE (test data): 82.36474609375
MAPE (test data): 90.72080850601196
MSE (test data): 9595.3369140625
R2 (test data): 0.37231027517660276
loss (test data): 9595.337473060345
Epoch 1/10, Loss: 225.4150
Epoch 2/10, Loss: 0.5592
Epoch 3/10, Loss: 0.4710
Epoch 4/10, Loss: 0.4078
Epoch 5/10, Loss: 0.3081
Epoch 6/10, Loss: 0.3360
Epoch 7/10, Loss: 0.2789
Epoch 8/10, Loss: 0.2817
Epoch 9/10, Loss: 0.1876
Epoch 10/10, Loss: 0.1419
Performance Metrics:
RMSE (test data): 97.3759994506836
MAE (test data): 81.75102996826172
MAPE (test data): 90.99938869476318
MSE (test data): 9482.0849609375
R2 (test data): 0.37971880199720087
loss (test data): 9482.085147911535
Epoch 1/10, Loss: 223.4600
Epoch 2/10, Loss: 0.6056
Epoch 3/10, Loss: 0.4665
Epoch 4/10, Loss: 0.3732
Epoch 5/10, Loss: 0.2865
Epoch 6/10, Loss: 0.3713
Epoch 7/10, Loss: 0.2345
Epoch 8/10, Loss: 0.2167
Epoch 9/10, Loss: 0.1868
Epoch 10/10, Loss: 0.1514
Performance Metrics:
RMSE (test data): 97.347412109375
MAE (test data): 81.5417251586914
MAPE (test data): 91.01993441581726
MSE (test data): 9476.5185546875
R2 (test data): 0.38008292674080446
loss (test data): 9476.518850702996
Epoch 1/10, Loss: 278.7766
Epoch 2/10, Loss: 0.5915
Epoch 3/10, Loss: 0.3917
Epoch 4/10, Loss: 0.3611
Epoch 5/10, Loss: 0.3304
Epoch 6/10, Loss: 0.3083
Epoch 7/10, Loss: 0.2381
Epoch 8/10, Loss: 0.2099
Epoch 9/10, Loss: 0.1551
Epoch 10/10, Loss: 0.1326
Performance Metrics:
RMSE (test data): 98.30672454833984
MAE (test data): 83.03949737548828
MAPE (test data): 90.75422883033752
MSE (test data): 9664.2119140625
R2 (test data): 0.36780481374435836
loss (test data): 9664.211424017343
Epoch 1/10, Loss: 261.8253
Epoch 2/10, Loss: 0.8801
Epoch 3/10, Loss: 0.5355
Epoch 4/10, Loss: 0.3682
Epoch 5/10, Loss: 0.3154
Epoch 6/10, Loss: 0.2479
Epoch 7/10, Loss: 0.2109
Epoch 8/10, Loss: 0.1645
Epoch 9/10, Loss: 0.1719
Epoch 10/10, Loss: 0.1630
Performance Metrics:
RMSE (test data): 97.98479461669922
MAE (test data): 82.3749771118164
MAPE (test data): 90.70454239845276
MSE (test data): 9601.0205078125
R2 (test data): 0.37193852690157525
loss (test data): 9601.020455376385
Epoch 1/10, Loss: 266.2320
Epoch 2/10, Loss: 0.7413
Epoch 3/10, Loss: 0.5335
Epoch 4/10, Loss: 0.3808
Epoch 5/10, Loss: 0.3442
Epoch 6/10, Loss: 0.2835
Epoch 7/10, Loss: 0.2869
Epoch 8/10, Loss: 0.2350
Epoch 9/10, Loss: 0.2064
Epoch 10/10, Loss: 0.2089
Performance Metrics:
RMSE (test data): 98.554443359375
MAE (test data): 83.43572998046875
MAPE (test data): 90.95286130905151
MSE (test data): 9712.978515625
R2 (test data): 0.36461462760919383
loss (test data): 9712.9789755234
Epoch 1/10, Loss: 261.1865
Epoch 2/10, Loss: 0.5333
Epoch 3/10, Loss: 0.3704
Epoch 4/10, Loss: 0.3828
Epoch 5/10, Loss: 0.3167
Epoch 6/10, Loss: 0.2342
Epoch 7/10, Loss: 0.2565
Epoch 8/10, Loss: 0.1835
Epoch 9/10, Loss: 0.1734
Epoch 10/10, Loss: 0.1386
Performance Metrics:
RMSE (test data): 97.81990051269531
MAE (test data): 82.19973754882812
MAPE (test data): 90.80909490585327
MSE (test data): 9568.7333984375
R2 (test data): 0.3740505955674742
loss (test data): 9568.733666871922
Epoch 1/10, Loss: 209.4827
Epoch 2/10, Loss: 0.5547
Epoch 3/10, Loss: 0.3921
Epoch 4/10, Loss: 0.3448
Epoch 5/10, Loss: 0.2830
Epoch 6/10, Loss: 0.2389
Epoch 7/10, Loss: 0.2154
Epoch 8/10, Loss: 0.2146
Epoch 9/10, Loss: 0.2120
Epoch 10/10, Loss: 0.1660
Performance Metrics:
RMSE (test data): 98.48880767822266
MAE (test data): 83.15587615966797
MAPE (test data): 90.63714742660522
MSE (test data): 9700.044921875
R2 (test data): 0.3654607390081822
loss (test data): 9700.044733137058
Epoch 1/10, Loss: 216.8236
Epoch 2/10, Loss: 0.5403
Epoch 3/10, Loss: 0.3707
Epoch 4/10, Loss: 0.3327
Epoch 5/10, Loss: 0.2842
Epoch 6/10, Loss: 0.2525
Epoch 7/10, Loss: 0.2053
Epoch 8/10, Loss: 0.1484
Epoch 9/10, Loss: 0.1486
Epoch 10/10, Loss: 0.1258
Performance Metrics:
RMSE (test data): 98.13291931152344
MAE (test data): 82.56626892089844
MAPE (test data): 90.73913097381592
MSE (test data): 9630.0693359375
R2 (test data): 0.3700382371794454
loss (test data): 9630.069542795567
Epoch 1/10, Loss: 221.6032
Epoch 2/10, Loss: 0.5020
Epoch 3/10, Loss: 0.4283
Epoch 4/10, Loss: 0.3397
Epoch 5/10, Loss: 0.2711
Epoch 6/10, Loss: 0.3177
Epoch 7/10, Loss: 0.2335
Epoch 8/10, Loss: 0.2153
Epoch 9/10, Loss: 0.1500
Epoch 10/10, Loss: 0.1526
Performance Metrics:
RMSE (test data): 98.46796417236328
MAE (test data): 83.08100128173828
MAPE (test data): 90.61368107795715
MSE (test data): 9695.9404296875
R2 (test data): 0.3657292384077344
loss (test data): 9695.94012597496
Epoch 1/10, Loss: 307.4782
Epoch 2/10, Loss: 0.6084
Epoch 3/10, Loss: 0.4765
Epoch 4/10, Loss: 0.3967
Epoch 5/10, Loss: 0.3455
Epoch 6/10, Loss: 0.2863
Epoch 7/10, Loss: 0.2493
Epoch 8/10, Loss: 0.2731
Epoch 9/10, Loss: 0.2247
Epoch 10/10, Loss: 0.1699
Performance Metrics:
RMSE (test data): 97.86689758300781
MAE (test data): 82.35311889648438
MAPE (test data): 91.02737307548523
MSE (test data): 9577.9296875
R2 (test data): 0.37344904333288464
loss (test data): 9577.929477755542
Epoch 1/10, Loss: 257.3474
Epoch 2/10, Loss: 0.6023
Epoch 3/10, Loss: 0.4768
Epoch 4/10, Loss: 0.4001
Epoch 5/10, Loss: 0.3223
Epoch 6/10, Loss: 0.2790
Epoch 7/10, Loss: 0.2528
Epoch 8/10, Loss: 0.2394
Epoch 9/10, Loss: 0.1556
Epoch 10/10, Loss: 0.1514
Performance Metrics:
RMSE (test data): 98.2597885131836
MAE (test data): 82.8773422241211
MAPE (test data): 90.71384072303772
MSE (test data): 9654.986328125
R2 (test data): 0.36840834943777856
loss (test data): 9654.985238351806
Epoch 1/10, Loss: 240.9413
Epoch 2/10, Loss: 0.6725
Epoch 3/10, Loss: 0.3748
Epoch 4/10, Loss: 0.3027
Epoch 5/10, Loss: 0.2778
Epoch 6/10, Loss: 0.2260
Epoch 7/10, Loss: 0.2173
Epoch 8/10, Loss: 0.1642
Epoch 9/10, Loss: 0.1407
Epoch 10/10, Loss: 0.1303
Performance Metrics:
RMSE (test data): 98.51622772216797
MAE (test data): 83.28519439697266
MAPE (test data): 90.77037572860718
MSE (test data): 9705.447265625
R2 (test data): 0.36510735342832856
loss (test data): 9705.446810216543
Epoch 1/10, Loss: 263.0858
Epoch 2/10, Loss: 0.5667
Epoch 3/10, Loss: 0.4267
Epoch 4/10, Loss: 0.3792
Epoch 5/10, Loss: 0.3187
Epoch 6/10, Loss: 0.2548
Epoch 7/10, Loss: 0.2313
Epoch 8/10, Loss: 0.1959
Epoch 9/10, Loss: 0.1864
Epoch 10/10, Loss: 0.1718
Performance Metrics:
RMSE (test data): 98.38707733154297
MAE (test data): 82.9998779296875
MAPE (test data): 90.78495502471924
MSE (test data): 9680.0166015625
R2 (test data): 0.3667708631875751
loss (test data): 9680.01708230706
Epoch 1/10, Loss: 265.3464
Epoch 2/10, Loss: 0.6639
Epoch 3/10, Loss: 0.4335
Epoch 4/10, Loss: 0.3558
Epoch 5/10, Loss: 0.2964
Epoch 6/10, Loss: 0.2679
Epoch 7/10, Loss: 0.2415
Epoch 8/10, Loss: 0.1883
Epoch 9/10, Loss: 0.1866
Epoch 10/10, Loss: 0.1759
Performance Metrics:
RMSE (test data): 95.77885437011719
MAE (test data): 80.89808654785156
MAPE (test data): 91.90210103988647
MSE (test data): 9173.5888671875
R2 (test data): 0.39989942102024134
loss (test data): 9173.58910595623
Epoch 1/10, Loss: 269.2910
Epoch 2/10, Loss: 0.5784
Epoch 3/10, Loss: 0.3735
Epoch 4/10, Loss: 0.2937
Epoch 5/10, Loss: 0.2628
Epoch 6/10, Loss: 0.2301
Epoch 7/10, Loss: 0.2097
Epoch 8/10, Loss: 0.1673
Epoch 9/10, Loss: 0.1488
Epoch 10/10, Loss: 0.1438
Performance Metrics:
RMSE (test data): 97.89767456054688
MAE (test data): 82.47228240966797
MAPE (test data): 90.94865322113037
MSE (test data): 9583.955078125
R2 (test data): 0.373054846392883
loss (test data): 9583.955462496151
Epoch 1/10, Loss: 299.6762
Epoch 2/10, Loss: 0.5042
Epoch 3/10, Loss: 0.3505
Epoch 4/10, Loss: 0.3176
Epoch 5/10, Loss: 0.2942
Epoch 6/10, Loss: 0.2626
Epoch 7/10, Loss: 0.1987
Epoch 8/10, Loss: 0.2003
Epoch 9/10, Loss: 0.1911
Epoch 10/10, Loss: 0.1316
Performance Metrics:
RMSE (test data): 98.3423080444336
MAE (test data): 83.11271667480469
MAPE (test data): 90.81072211265564
MSE (test data): 9671.208984375
R2 (test data): 0.36734710883619615
loss (test data): 9671.20816912972
Epoch 1/10, Loss: 283.4197
Epoch 2/10, Loss: 0.6939
Epoch 3/10, Loss: 0.4968
Epoch 4/10, Loss: 0.4310
Epoch 5/10, Loss: 0.4501
Epoch 6/10, Loss: 0.3369
Epoch 7/10, Loss: 0.2839
Epoch 8/10, Loss: 0.2621
Epoch 9/10, Loss: 0.2551
Epoch 10/10, Loss: 0.1957
Performance Metrics:
RMSE (test data): 98.53598022460938
MAE (test data): 83.36637878417969
MAPE (test data): 90.81245064735413
MSE (test data): 9709.33984375
R2 (test data): 0.36485266312628084
loss (test data): 9709.340119240045
Epoch 1/10, Loss: 238.0422
Epoch 2/10, Loss: 0.5695
Epoch 3/10, Loss: 0.3931
Epoch 4/10, Loss: 0.3575
Epoch 5/10, Loss: 0.2991
Epoch 6/10, Loss: 0.2649
Epoch 7/10, Loss: 0.2569
Epoch 8/10, Loss: 0.1880
Epoch 9/10, Loss: 0.2017
Epoch 10/10, Loss: 0.1751
Performance Metrics:
RMSE (test data): 98.22944641113281
MAE (test data): 83.046142578125
MAPE (test data): 90.927654504776
MSE (test data): 9649.0244140625
R2 (test data): 0.3687983298526829
loss (test data): 9649.023816900144
Epoch 1/10, Loss: 300.6830
Epoch 2/10, Loss: 0.6309
Epoch 3/10, Loss: 0.3915
Epoch 4/10, Loss: 0.3214
Epoch 5/10, Loss: 0.2879
Epoch 6/10, Loss: 0.2710
Epoch 7/10, Loss: 0.2596
Epoch 8/10, Loss: 0.2110
Epoch 9/10, Loss: 0.2072
Epoch 10/10, Loss: 0.1883
Performance Metrics:
RMSE (test data): 98.1677017211914
MAE (test data): 82.81124114990234
MAPE (test data): 90.86488485336304
MSE (test data): 9636.8974609375
R2 (test data): 0.3695916502331058
loss (test data): 9636.89644717262
Epoch 1/10, Loss: 266.4265
Epoch 2/10, Loss: 0.6381
Epoch 3/10, Loss: 0.4032
Epoch 4/10, Loss: 0.3404
Epoch 5/10, Loss: 0.3241
Epoch 6/10, Loss: 0.2708
Epoch 7/10, Loss: 0.2530
Epoch 8/10, Loss: 0.2284
Epoch 9/10, Loss: 0.1804
Epoch 10/10, Loss: 0.1782
Performance Metrics:
RMSE (test data): 98.28182220458984
MAE (test data): 83.03710174560547
MAPE (test data): 90.87062478065491
MSE (test data): 9659.31640625
R2 (test data): 0.3681250035010616
loss (test data): 9659.316815796901
Epoch 1/10, Loss: 258.2661
Epoch 2/10, Loss: 0.8537
Epoch 3/10, Loss: 0.5326
Epoch 4/10, Loss: 0.4452
Epoch 5/10, Loss: 0.3566
Epoch 6/10, Loss: 0.3291
Epoch 7/10, Loss: 0.3015
Epoch 8/10, Loss: 0.2553
Epoch 9/10, Loss: 0.2151
Epoch 10/10, Loss: 0.2197
Performance Metrics:
RMSE (test data): 98.02327728271484
MAE (test data): 82.6971206665039
MAPE (test data): 90.94593524932861
MSE (test data): 9608.5634765625
R2 (test data): 0.3714450747083343
loss (test data): 9608.563591617278
Epoch 1/10, Loss: 278.5883
Epoch 2/10, Loss: 0.6696
Epoch 3/10, Loss: 0.4277
Epoch 4/10, Loss: 0.3019
Epoch 5/10, Loss: 0.2844
Epoch 6/10, Loss: 0.2553
Epoch 7/10, Loss: 0.2459
Epoch 8/10, Loss: 0.2065
Epoch 9/10, Loss: 0.1788
Epoch 10/10, Loss: 0.1666
Performance Metrics:
RMSE (test data): 98.36038970947266
MAE (test data): 83.16426086425781
MAPE (test data): 90.82464575767517
MSE (test data): 9674.765625
R2 (test data): 0.3671144540110275
loss (test data): 9674.7646673594
Epoch 1/10, Loss: 305.2880
Epoch 2/10, Loss: 0.9718
Epoch 3/10, Loss: 0.5460
Epoch 4/10, Loss: 0.4122
Epoch 5/10, Loss: 0.3569
Epoch 6/10, Loss: 0.3352
Epoch 7/10, Loss: 0.3199
Epoch 8/10, Loss: 0.2459
Epoch 9/10, Loss: 0.3008
Epoch 10/10, Loss: 0.2941
Performance Metrics:
RMSE (test data): 97.58183288574219
MAE (test data): 82.44305419921875
MAPE (test data): 91.14838242530823
MSE (test data): 9522.21484375
R2 (test data): 0.37709368189406967
loss (test data): 9522.21480783046
Epoch 1/10, Loss: 321.6988
Epoch 2/10, Loss: 0.6251
Epoch 3/10, Loss: 0.3921
Epoch 4/10, Loss: 0.2960
Epoch 5/10, Loss: 0.2997
Epoch 6/10, Loss: 0.2640
Epoch 7/10, Loss: 0.2561
Epoch 8/10, Loss: 0.2081
Epoch 9/10, Loss: 0.1815
Epoch 10/10, Loss: 0.1695
Performance Metrics:
RMSE (test data): 98.7841796875
MAE (test data): 83.66973876953125
MAPE (test data): 90.71246981620789
MSE (test data): 9758.3134765625
R2 (test data): 0.36164897631739445
loss (test data): 9758.314112851498
Epoch 1/10, Loss: 302.6953
Epoch 2/10, Loss: 0.9249
Epoch 3/10, Loss: 0.5035
Epoch 4/10, Loss: 0.4185
Epoch 5/10, Loss: 0.3643
Epoch 6/10, Loss: 0.2864
Epoch 7/10, Loss: 0.2726
Epoch 8/10, Loss: 0.2331
Epoch 9/10, Loss: 0.2368
Epoch 10/10, Loss: 0.1886
Performance Metrics:
RMSE (test data): 97.81719970703125
MAE (test data): 82.69268798828125
MAPE (test data): 91.06701016426086
MSE (test data): 9568.205078125
R2 (test data): 0.3740852143819259
loss (test data): 9568.204435421798
Epoch 1/10, Loss: 229.2119
Epoch 2/10, Loss: 0.7938
Epoch 3/10, Loss: 0.5580
Epoch 4/10, Loss: 0.4579
Epoch 5/10, Loss: 0.3836
Epoch 6/10, Loss: 0.3312
Epoch 7/10, Loss: 0.2885
Epoch 8/10, Loss: 0.2589
Epoch 9/10, Loss: 0.2433
Epoch 10/10, Loss: 0.2155
Performance Metrics:
RMSE (test data): 96.7396469116211
MAE (test data): 82.2106704711914
MAPE (test data): 91.66682362556458
MSE (test data): 9358.55859375
R2 (test data): 0.387799370285401
loss (test data): 9358.55949061602
Epoch 1/10, Loss: 204.0577
Epoch 2/10, Loss: 0.5707
Epoch 3/10, Loss: 0.3917
Epoch 4/10, Loss: 0.3935
Epoch 5/10, Loss: 0.2835
Epoch 6/10, Loss: 0.2952
Epoch 7/10, Loss: 0.2135
Epoch 8/10, Loss: 0.2377
Epoch 9/10, Loss: 0.2733
Epoch 10/10, Loss: 0.2391
Performance Metrics:
RMSE (test data): 98.26826477050781
MAE (test data): 83.14460754394531
MAPE (test data): 90.92341661453247
MSE (test data): 9656.6513671875
R2 (test data): 0.36829939053755145
loss (test data): 9656.65091578792
Epoch 1/10, Loss: 277.8065
Epoch 2/10, Loss: 0.6416
Epoch 3/10, Loss: 0.4046
Epoch 4/10, Loss: 0.3318
Epoch 5/10, Loss: 0.3171
Epoch 6/10, Loss: 0.2617
Epoch 7/10, Loss: 0.2437
Epoch 8/10, Loss: 0.2226
Epoch 9/10, Loss: 0.2133
Epoch 10/10, Loss: 0.2224
Performance Metrics:
RMSE (test data): 98.16959381103516
MAE (test data): 82.96686553955078
MAPE (test data): 90.90189933776855
MSE (test data): 9637.2685546875
R2 (test data): 0.3695673288536939
loss (test data): 9637.268172721675
Epoch 1/10, Loss: 339.9416
Epoch 2/10, Loss: 1.1406
Epoch 3/10, Loss: 0.7369
Epoch 4/10, Loss: 0.6162
Epoch 5/10, Loss: 0.4794
Epoch 6/10, Loss: 0.3536
Epoch 7/10, Loss: 0.3327
Epoch 8/10, Loss: 0.2522
Epoch 9/10, Loss: 0.2356
Epoch 10/10, Loss: 0.2023
Performance Metrics:
RMSE (test data): 98.18373107910156
MAE (test data): 83.07337951660156
MAPE (test data): 90.91976284980774
MSE (test data): 9640.044921875
R2 (test data): 0.3693856859496295
loss (test data): 9640.04488659688
Epoch 1/10, Loss: 222.7306
Epoch 2/10, Loss: 0.5237
Epoch 3/10, Loss: 0.3424
Epoch 4/10, Loss: 0.3441
Epoch 5/10, Loss: 0.2824
Epoch 6/10, Loss: 0.2802
Epoch 7/10, Loss: 0.2287
Epoch 8/10, Loss: 0.2093
Epoch 9/10, Loss: 0.2011
Epoch 10/10, Loss: 0.1708
Performance Metrics:
RMSE (test data): 97.60802459716797
MAE (test data): 82.30180358886719
MAPE (test data): 91.07937216758728
MSE (test data): 9527.3271484375
R2 (test data): 0.3767592172126327
loss (test data): 9527.327519499178
Epoch 1/10, Loss: 291.2426
Epoch 2/10, Loss: 0.7446
Epoch 3/10, Loss: 0.4699
Epoch 4/10, Loss: 0.3684
Epoch 5/10, Loss: 0.3365
Epoch 6/10, Loss: 0.2986
Epoch 7/10, Loss: 0.2497
Epoch 8/10, Loss: 0.2581
Epoch 9/10, Loss: 0.2123
Epoch 10/10, Loss: 0.1904
Performance Metrics:
RMSE (test data): 96.01889038085938
MAE (test data): 81.08818054199219
MAPE (test data): 91.7964220046997
MSE (test data): 9219.626953125
R2 (test data): 0.39688781418827723
loss (test data): 9219.626767113095
Epoch 1/10, Loss: 260.9376
Epoch 2/10, Loss: 0.6672
Epoch 3/10, Loss: 0.4351
Epoch 4/10, Loss: 0.3275
Epoch 5/10, Loss: 0.2975
Epoch 6/10, Loss: 0.2729
Epoch 7/10, Loss: 0.2442
Epoch 8/10, Loss: 0.2164
Epoch 9/10, Loss: 0.2448
Epoch 10/10, Loss: 0.1977
Performance Metrics:
RMSE (test data): 98.44586944580078
MAE (test data): 83.322509765625
MAPE (test data): 90.83378314971924
MSE (test data): 9691.5888671875
R2 (test data): 0.3660139036134573
loss (test data): 9691.588524348317
Epoch 1/10, Loss: 210.0585
Epoch 2/10, Loss: 0.7368
Epoch 3/10, Loss: 0.4670
Epoch 4/10, Loss: 0.3385
Epoch 5/10, Loss: 0.2998
Epoch 6/10, Loss: 0.2449
Epoch 7/10, Loss: 0.2694
Epoch 8/10, Loss: 0.2499
Epoch 9/10, Loss: 0.2128
Epoch 10/10, Loss: 0.1969
Performance Metrics:
RMSE (test data): 98.11383056640625
MAE (test data): 82.81780242919922
MAPE (test data): 90.99324941635132
MSE (test data): 9626.32421875
R2 (test data): 0.3702832536089663
loss (test data): 9626.324132799671
Epoch 1/10, Loss: 207.2840
Epoch 2/10, Loss: 0.5423
Epoch 3/10, Loss: 0.3977
Epoch 4/10, Loss: 0.3413
Epoch 5/10, Loss: 0.2755
Epoch 6/10, Loss: 0.3010
DEBUG flwr 2024-03-09 18:56:04,681 | connection.py:141 | gRPC channel closed
INFO flwr 2024-03-09 18:56:04,681 | app.py:304 | Disconnect and shut down
Epoch 7/10, Loss: 0.2144
Epoch 8/10, Loss: 0.1882
Epoch 9/10, Loss: 0.1791
Epoch 10/10, Loss: 0.1918
Performance Metrics:
RMSE (test data): 98.3372573852539
MAE (test data): 82.94017028808594
MAPE (test data): 90.88138937950134
MSE (test data): 9670.2158203125
R2 (test data): 0.36741202848916943
loss (test data): 9670.215813577586
Epoch 1/10, Loss: 293.0133
Epoch 2/10, Loss: 0.7529
Epoch 3/10, Loss: 0.3939
Epoch 4/10, Loss: 0.3345
Epoch 5/10, Loss: 0.2810
Epoch 6/10, Loss: 0.2511
Epoch 7/10, Loss: 0.2198
Epoch 8/10, Loss: 0.2172
Epoch 9/10, Loss: 0.2054
Epoch 10/10, Loss: 0.1666
Performance Metrics:
RMSE (test data): 97.7911148071289
MAE (test data): 82.5709228515625
MAPE (test data): 91.03836417198181
MSE (test data): 9563.1025390625
R2 (test data): 0.3744189627800012
loss (test data): 9563.102481976088
Epoch 1/10, Loss: 229.6755
Epoch 2/10, Loss: 0.5123
Epoch 3/10, Loss: 0.2795
Epoch 4/10, Loss: 0.2254
Epoch 5/10, Loss: 0.2285
Epoch 6/10, Loss: 0.2028
Epoch 7/10, Loss: 0.2155
Epoch 8/10, Loss: 0.1807
Epoch 9/10, Loss: 0.1612
Epoch 10/10, Loss: 0.1530
Performance Metrics:
RMSE (test data): 98.24468994140625
MAE (test data): 82.9878921508789
MAPE (test data): 90.91291427612305
MSE (test data): 9652.01953125
R2 (test data): 0.3686023673889899
loss (test data): 9652.019452996716
Epoch 1/10, Loss: 334.4071
Epoch 2/10, Loss: 0.6731
Epoch 3/10, Loss: 0.4027
Epoch 4/10, Loss: 0.3232
Epoch 5/10, Loss: 0.2764
Epoch 6/10, Loss: 0.2485
Epoch 7/10, Loss: 0.2333
Epoch 8/10, Loss: 0.2048
Epoch 9/10, Loss: 0.2205
Epoch 10/10, Loss: 0.1832
Performance Metrics:
RMSE (test data): 98.7685546875
MAE (test data): 83.5161361694336
MAPE (test data): 90.71318507194519
MSE (test data): 9755.2275390625
R2 (test data): 0.3618508974888509
loss (test data): 9755.22743290743
Epoch 1/10, Loss: 271.8808
Epoch 2/10, Loss: 0.4632
Epoch 3/10, Loss: 0.2865
Epoch 4/10, Loss: 0.2307
Epoch 5/10, Loss: 0.2224
Epoch 6/10, Loss: 0.2120
Epoch 7/10, Loss: 0.2066
Epoch 8/10, Loss: 0.1754
Epoch 9/10, Loss: 0.1670
Epoch 10/10, Loss: 0.1556
Performance Metrics:
RMSE (test data): 98.35441589355469
MAE (test data): 82.96306610107422
MAPE (test data): 90.85182547569275
MSE (test data): 9673.5908203125
R2 (test data): 0.36719126467160124
loss (test data): 9673.590563102935
Epoch 1/10, Loss: 269.6547
Epoch 2/10, Loss: 0.6352
Epoch 3/10, Loss: 0.3765
Epoch 4/10, Loss: 0.2810
Epoch 5/10, Loss: 0.2540
Epoch 6/10, Loss: 0.2174
Epoch 7/10, Loss: 0.2288
Epoch 8/10, Loss: 0.2034
Epoch 9/10, Loss: 0.1931
Epoch 10/10, Loss: 0.2018
Performance Metrics:
RMSE (test data): 98.34062957763672
MAE (test data): 82.75435638427734
MAPE (test data): 90.74709415435791
MSE (test data): 9670.87890625
R2 (test data): 0.3673686534272327
loss (test data): 9670.878855577792
Epoch 1/10, Loss: 245.1482
Epoch 2/10, Loss: 0.6374
Epoch 3/10, Loss: 0.3713
Epoch 4/10, Loss: 0.2753
Epoch 5/10, Loss: 0.2412
Epoch 6/10, Loss: 0.2309
Epoch 7/10, Loss: 0.2137
Epoch 8/10, Loss: 0.2081
Epoch 9/10, Loss: 0.1626
Epoch 10/10, Loss: 0.1643
Performance Metrics:
RMSE (test data): 98.56497955322266
MAE (test data): 83.10385131835938
MAPE (test data): 90.6351089477539
MSE (test data): 9715.0556640625
R2 (test data): 0.3644787685519605
loss (test data): 9715.05571922465
Epoch 1/10, Loss: 236.4129
Epoch 2/10, Loss: 0.4593
Epoch 3/10, Loss: 0.3066
Epoch 4/10, Loss: 0.2715
Epoch 5/10, Loss: 0.2433
Epoch 6/10, Loss: 0.2214
Epoch 7/10, Loss: 0.2043
Epoch 8/10, Loss: 0.1981
Epoch 9/10, Loss: 0.1792
Epoch 10/10, Loss: 0.2585
Performance Metrics:
RMSE (test data): 98.94224548339844
MAE (test data): 83.52373504638672
MAPE (test data): 90.5312180519104
MSE (test data): 9789.5673828125
R2 (test data): 0.35960453599826636
loss (test data): 9789.56703660586
Epoch 1/10, Loss: 285.2614
Epoch 2/10, Loss: 0.6282
Epoch 3/10, Loss: 0.3088
Epoch 4/10, Loss: 0.2670
Epoch 5/10, Loss: 0.2237
Epoch 6/10, Loss: 0.2188
Epoch 7/10, Loss: 0.2161
Epoch 8/10, Loss: 0.1950
Epoch 9/10, Loss: 0.1597
Epoch 10/10, Loss: 0.1369
Performance Metrics:
RMSE (test data): 98.52176666259766
MAE (test data): 82.95011138916016
MAPE (test data): 90.56963324546814
MSE (test data): 9706.5390625
R2 (test data): 0.36503591136752334
loss (test data): 9706.53891882184
Epoch 1/10, Loss: 247.8692
Epoch 2/10, Loss: 0.7062
Epoch 3/10, Loss: 0.3816
Epoch 4/10, Loss: 0.2913
Epoch 5/10, Loss: 0.2653
Epoch 6/10, Loss: 0.2416
Epoch 7/10, Loss: 0.2128
Epoch 8/10, Loss: 0.1789
Epoch 9/10, Loss: 0.1537
Epoch 10/10, Loss: 0.1600
Performance Metrics:
RMSE (test data): 98.46593475341797
MAE (test data): 83.05525207519531
MAPE (test data): 90.66886901855469
MSE (test data): 9695.5400390625
R2 (test data): 0.3657554270510932
loss (test data): 9695.539786342877
Epoch 1/10, Loss: 271.8686
Epoch 2/10, Loss: 0.6682
Epoch 3/10, Loss: 0.3169
Epoch 4/10, Loss: 0.2603
Epoch 5/10, Loss: 0.2469
Epoch 6/10, Loss: 0.2070
Epoch 7/10, Loss: 0.1768
Epoch 8/10, Loss: 0.1558
Epoch 9/10, Loss: 0.1704
Epoch 10/10, Loss: 0.2069
Performance Metrics:
RMSE (test data): 98.39240264892578
MAE (test data): 82.67240142822266
MAPE (test data): 90.61093926429749
MSE (test data): 9681.064453125
R2 (test data): 0.366702343322989
loss (test data): 9681.064402773502
Epoch 1/10, Loss: 290.7021
Epoch 2/10, Loss: 0.7526
Epoch 3/10, Loss: 0.3624
Epoch 4/10, Loss: 0.2813
Epoch 5/10, Loss: 0.2365
Epoch 6/10, Loss: 0.2262
Epoch 7/10, Loss: 0.1882
Epoch 8/10, Loss: 0.1776
Epoch 9/10, Loss: 0.1536
Epoch 10/10, Loss: 0.1372
Performance Metrics:
RMSE (test data): 97.73188018798828
MAE (test data): 81.99858093261719
MAPE (test data): 90.80129861831665
MSE (test data): 9551.5205078125
R2 (test data): 0.3751766179652113
loss (test data): 9551.520392998254
Epoch 1/10, Loss: 231.2958
Epoch 2/10, Loss: 0.7579
Epoch 3/10, Loss: 0.2698
Epoch 4/10, Loss: 0.2460
Epoch 5/10, Loss: 0.1978
Epoch 6/10, Loss: 0.1962
Epoch 7/10, Loss: 0.2221
Epoch 8/10, Loss: 0.1462
Epoch 9/10, Loss: 0.1426
Epoch 10/10, Loss: 0.1454
Performance Metrics:
RMSE (test data): 98.00218963623047
MAE (test data): 82.60791015625
MAPE (test data): 90.9062922000885
MSE (test data): 9604.4296875
R2 (test data): 0.371715542469337
loss (test data): 9604.428988672516
Epoch 1/10, Loss: 361.1509
Epoch 2/10, Loss: 0.7837
Epoch 3/10, Loss: 0.3235
Epoch 4/10, Loss: 0.2537
Epoch 5/10, Loss: 0.2223
Epoch 6/10, Loss: 0.2060
Epoch 7/10, Loss: 0.1794
Epoch 8/10, Loss: 0.1701
Epoch 9/10, Loss: 0.1735
Epoch 10/10, Loss: 0.1392
Performance Metrics:
RMSE (test data): 98.11356353759766
MAE (test data): 82.73725128173828
MAPE (test data): 90.82724452018738
MSE (test data): 9626.271484375
R2 (test data): 0.37028668243364815
loss (test data): 9626.271574093673
Epoch 1/10, Loss: 285.4594
Epoch 2/10, Loss: 0.9282
Epoch 3/10, Loss: 0.3945
Epoch 4/10, Loss: 0.3014
Epoch 5/10, Loss: 0.2571
Epoch 6/10, Loss: 0.2353
Epoch 7/10, Loss: 0.2091
Epoch 8/10, Loss: 0.1766
Epoch 9/10, Loss: 0.1764
Epoch 10/10, Loss: 0.1591
Performance Metrics:
RMSE (test data): 98.26564025878906
MAE (test data): 83.0831298828125
MAPE (test data): 91.0047709941864
MSE (test data): 9656.1357421875
R2 (test data): 0.3683331259468844
loss (test data): 9656.135194735221
Epoch 1/10, Loss: 276.2415
Epoch 2/10, Loss: 1.1270
Epoch 3/10, Loss: 0.6298
Epoch 4/10, Loss: 0.4866
Epoch 5/10, Loss: 0.4742
Epoch 6/10, Loss: 0.3511
Epoch 7/10, Loss: 0.3041
Epoch 8/10, Loss: 0.2807
Epoch 9/10, Loss: 0.2380
Epoch 10/10, Loss: 0.2354
Performance Metrics:
RMSE (test data): 97.46086120605469
MAE (test data): 82.21977996826172
MAPE (test data): 91.1181092262268
MSE (test data): 9498.619140625
R2 (test data): 0.3786372281562669
loss (test data): 9498.619002639445
wandb: - 0.001 MB of 0.001 MB uploadedwandb: \ 0.001 MB of 0.001 MB uploadedwandb: | 0.001 MB of 0.001 MB uploadedwandb: / 0.001 MB of 0.001 MB uploadedwandb: - 0.001 MB of 0.001 MB uploadedwandb: \ 0.062 MB of 0.062 MB uploadedwandb: | 0.062 MB of 0.062 MB uploadedwandb: 
wandb: Run history:
wandb: Communication Time ▁▁▁▁▁▁▁▁▁▁▁▁▁▁▁▁▁▁▁▁█▁▁▁▁▁▁▁▁▁▁▁▁▁▁▁▁▁▁▁
wandb:    MAE (test data) █▃▂▂▁▂▂▂▂▂▁▂▁▁▁▁▂▂▂▂▂▂▂▂▂▂▂▂▂▂▁▂▁▂▂▂▂▂▂▁
wandb:   MAPE (test data) ▁▆▇▇███▇████████████████████████████████
wandb:    MSE (test data) █▂▂▁▁▁▁▁▁▁▁▁▁▁▁▁▁▁▁▁▁▁▁▁▁▁▁▁▁▁▁▁▁▁▁▁▁▁▁▁
wandb:     R2 (test data) ▁▇▇█████████████████████████████████████
wandb:   RMSE (test data) █▃▂▁▁▁▁▁▁▁▁▁▁▁▁▁▁▁▁▁▁▁▁▁▁▁▁▁▁▁▁▁▁▁▁▁▁▁▁▁
wandb:    loss(test data) █▂▂▁▁▁▁▁▁▁▁▁▁▁▁▁▁▁▁▁▁▁▁▁▁▁▁▁▁▁▁▁▁▁▁▁▁▁▁▁
wandb: 
wandb: Run summary:
wandb: Communication Time 2.80863
wandb:    MAE (test data) 82.21978
wandb:   MAPE (test data) 91.11811
wandb:    MSE (test data) 9498.61914
wandb:     R2 (test data) 0.37864
wandb:   RMSE (test data) 97.46086
wandb:    loss(test data) 9498.619
wandb: 
wandb: 🚀 View run resilient-shape-40 at: https://wandb.ai/digitalai/CFL/runs/r968a140
wandb: ️⚡ View job at https://wandb.ai/digitalai/CFL/jobs/QXJ0aWZhY3RDb2xsZWN0aW9uOjE0NzIyMzQ5Ng==/version_details/v0
wandb: Synced 6 W&B file(s), 0 media file(s), 0 artifact file(s) and 0 other file(s)
wandb: Find logs at: ./wandb/run-20240309_184510-r968a140/logs
