wandb: Currently logged in as: longyunbo218 (digitalai). Use `wandb login --relogin` to force relogin
wandb: wandb version 0.16.4 is available!  To upgrade, please run:
wandb:  $ pip install wandb --upgrade
wandb: Tracking run with wandb version 0.16.2
wandb: Run data is saved locally in /Users/yunbo/Documents/GitHub/PFL_Optimiozation/Model_training/2_clusters/wandb/run-20240309_184510-cbc4rir8
wandb: Run `wandb offline` to turn off syncing.
wandb: Syncing run toasty-grass-39
wandb: ⭐️ View project at https://wandb.ai/digitalai/CFL
wandb: 🚀 View run at https://wandb.ai/digitalai/CFL/runs/cbc4rir8
INFO flwr 2024-03-09 18:45:25,411 | grpc.py:52 | Opened insecure gRPC connection (no certificates were passed)
DEBUG flwr 2024-03-09 18:45:25,421 | connection.py:42 | ChannelConnectivity.IDLE
DEBUG flwr 2024-03-09 18:45:25,422 | connection.py:42 | ChannelConnectivity.CONNECTING
DEBUG flwr 2024-03-09 18:45:25,423 | connection.py:42 | ChannelConnectivity.READY
Epoch 1/10, Loss: 10364.2866
Epoch 2/10, Loss: 4949.8987
Epoch 3/10, Loss: 4187.6478
Epoch 4/10, Loss: 4238.3564
Epoch 5/10, Loss: 4058.1032
Epoch 6/10, Loss: 3737.4047
Epoch 7/10, Loss: 3912.6471
Epoch 8/10, Loss: 3567.3174
Epoch 9/10, Loss: 3907.6889
Epoch 10/10, Loss: 3621.3196
Performance Metrics:
RMSE (test data): 188.59332275390625
MAE (test data): 129.32090759277344
MAPE (test data): 59.65649485588074
MSE (test data): 35567.44140625
R2 (test data): -0.4004326561317568
loss (test data): 35567.44419845268
Epoch 1/10, Loss: 651.9545
Epoch 2/10, Loss: 41.2910
Epoch 3/10, Loss: 43.2793
Epoch 4/10, Loss: 34.5665
Epoch 5/10, Loss: 46.8415
Epoch 6/10, Loss: 39.8042
Epoch 7/10, Loss: 104.4441
Epoch 8/10, Loss: 108.4454
Epoch 9/10, Loss: 109.5919
Epoch 10/10, Loss: 62.8405
Performance Metrics:
RMSE (test data): 162.4822998046875
MAE (test data): 119.208740234375
MAPE (test data): 64.12665247917175
MSE (test data): 26400.498046875
R2 (test data): -0.039493277384996084
loss (test data): 26400.497484928303
Epoch 1/10, Loss: 792.0970
Epoch 2/10, Loss: 53.5394
Epoch 3/10, Loss: 56.7042
Epoch 4/10, Loss: 155.6472
Epoch 5/10, Loss: 80.7978
Epoch 6/10, Loss: 50.5062
Epoch 7/10, Loss: 236.1666
Epoch 8/10, Loss: 12.4525
Epoch 9/10, Loss: 27.4084
Epoch 10/10, Loss: 116.2180
Performance Metrics:
RMSE (test data): 150.37193298339844
MAE (test data): 113.90536499023438
MAPE (test data): 66.94429516792297
MSE (test data): 22611.716796875
R2 (test data): 0.10968621409800261
loss (test data): 22611.716236849486
Epoch 1/10, Loss: 382.8019
Epoch 2/10, Loss: 18.9939
Epoch 3/10, Loss: 19.5977
Epoch 4/10, Loss: 116.7642
Epoch 5/10, Loss: 57.3717
Epoch 6/10, Loss: 105.3206
Epoch 7/10, Loss: 11.7770
Epoch 8/10, Loss: 81.1789
Epoch 9/10, Loss: 17.7175
Epoch 10/10, Loss: 51.6947
Performance Metrics:
RMSE (test data): 141.96536254882812
MAE (test data): 103.66714477539062
MAPE (test data): 66.45310521125793
MSE (test data): 20154.1640625
R2 (test data): 0.2064498995593812
loss (test data): 20154.163587967232
Epoch 1/10, Loss: 886.6717
Epoch 2/10, Loss: 13.3768
Epoch 3/10, Loss: 7.6554
Epoch 4/10, Loss: 5.8228
Epoch 5/10, Loss: 11.6528
Epoch 6/10, Loss: 52.1136
Epoch 7/10, Loss: 55.5035
Epoch 8/10, Loss: 28.1099
Epoch 9/10, Loss: 10.9346
Epoch 10/10, Loss: 33.6294
Performance Metrics:
RMSE (test data): 142.18240356445312
MAE (test data): 108.2099380493164
MAPE (test data): 67.16716289520264
MSE (test data): 20215.8359375
R2 (test data): 0.20402157232050122
loss (test data): 20215.836882242867
Epoch 1/10, Loss: 718.8504
Epoch 2/10, Loss: 14.1871
Epoch 3/10, Loss: 9.3692
Epoch 4/10, Loss: 16.9762
Epoch 5/10, Loss: 191.0487
Epoch 6/10, Loss: 12.2884
Epoch 7/10, Loss: 11.1946
Epoch 8/10, Loss: 70.7647
Epoch 9/10, Loss: 57.4543
Epoch 10/10, Loss: 10.3655
Performance Metrics:
RMSE (test data): 144.22994995117188
MAE (test data): 111.65519714355469
MAPE (test data): 67.64150261878967
MSE (test data): 20802.27734375
R2 (test data): 0.18093102361339597
loss (test data): 20802.27847917051
Epoch 1/10, Loss: 773.9627
Epoch 2/10, Loss: 9.0207
Epoch 3/10, Loss: 7.4879
Epoch 4/10, Loss: 7.3174
Epoch 5/10, Loss: 6.7960
Epoch 6/10, Loss: 19.4173
Epoch 7/10, Loss: 109.9275
Epoch 8/10, Loss: 6.5080
Epoch 9/10, Loss: 32.0400
Epoch 10/10, Loss: 32.4157
Performance Metrics:
RMSE (test data): 143.67544555664062
MAE (test data): 110.50701141357422
MAPE (test data): 66.87394976615906
MSE (test data): 20642.6328125
R2 (test data): 0.18721696004687327
loss (test data): 20642.63142900644
Epoch 1/10, Loss: 292.2997
Epoch 2/10, Loss: 5.2661
Epoch 3/10, Loss: 11.9989
Epoch 4/10, Loss: 40.2544
Epoch 5/10, Loss: 13.9487
Epoch 6/10, Loss: 61.8137
Epoch 7/10, Loss: 5.9177
Epoch 8/10, Loss: 97.7080
Epoch 9/10, Loss: 3.4715
Epoch 10/10, Loss: 17.4482
Performance Metrics:
RMSE (test data): 140.96484375
MAE (test data): 111.33967590332031
MAPE (test data): 69.18382048606873
MSE (test data): 19871.087890625
R2 (test data): 0.21759574187503083
loss (test data): 19871.0874398669
Epoch 1/10, Loss: 754.8303
Epoch 2/10, Loss: 6.1204
Epoch 3/10, Loss: 5.0878
Epoch 4/10, Loss: 4.5576
Epoch 5/10, Loss: 4.6141
Epoch 6/10, Loss: 9.8743
Epoch 7/10, Loss: 422.7357
Epoch 8/10, Loss: 14.5400
Epoch 9/10, Loss: 1.8888
Epoch 10/10, Loss: 1.7775
Performance Metrics:
RMSE (test data): 146.6022491455078
MAE (test data): 116.6814193725586
MAPE (test data): 68.94172430038452
MSE (test data): 21492.220703125
R2 (test data): 0.15376525757058657
loss (test data): 21492.22023699742
Epoch 1/10, Loss: 577.8400
Epoch 2/10, Loss: 3.5485
Epoch 3/10, Loss: 2.8108
Epoch 4/10, Loss: 2.6909
Epoch 5/10, Loss: 4.2052
Epoch 6/10, Loss: 1.6836
Epoch 7/10, Loss: 16.8026
Epoch 8/10, Loss: 36.8693
Epoch 9/10, Loss: 10.6179
Epoch 10/10, Loss: 20.9700
Performance Metrics:
RMSE (test data): 142.1311492919922
MAE (test data): 113.53824615478516
MAPE (test data): 69.62051391601562
MSE (test data): 20201.263671875
R2 (test data): 0.20459530972944562
loss (test data): 20201.265406225026
Epoch 1/10, Loss: 407.9786
Epoch 2/10, Loss: 3.3676
Epoch 3/10, Loss: 2.9696
Epoch 4/10, Loss: 26.9226
Epoch 5/10, Loss: 16.5366
Epoch 6/10, Loss: 32.4616
Epoch 7/10, Loss: 1.4050
Epoch 8/10, Loss: 8.8558
Epoch 9/10, Loss: 64.6202
Epoch 10/10, Loss: 3.2215
Performance Metrics:
RMSE (test data): 139.3447265625
MAE (test data): 109.91571044921875
MAPE (test data): 69.16428208351135
MSE (test data): 19416.953125
R2 (test data): 0.23547687731437716
loss (test data): 19416.95184621104
Epoch 1/10, Loss: 216.4962
Epoch 2/10, Loss: 1.5132
Epoch 3/10, Loss: 3.2390
Epoch 4/10, Loss: 32.5015
Epoch 5/10, Loss: 1.4302
Epoch 6/10, Loss: 18.2515
Epoch 7/10, Loss: 40.2652
Epoch 8/10, Loss: 16.1747
Epoch 9/10, Loss: 17.2581
Epoch 10/10, Loss: 2.4241
Performance Metrics:
RMSE (test data): 140.8428955078125
MAE (test data): 112.61206817626953
MAPE (test data): 69.73883509635925
MSE (test data): 19836.72265625
R2 (test data): 0.21894881663768273
loss (test data): 19836.72275783267
Epoch 1/10, Loss: 277.7440
Epoch 2/10, Loss: 1.8331
Epoch 3/10, Loss: 2.6332
Epoch 4/10, Loss: 2.5390
Epoch 5/10, Loss: 57.1946
Epoch 6/10, Loss: 5.6232
Epoch 7/10, Loss: 18.7458
Epoch 8/10, Loss: 8.5696
Epoch 9/10, Loss: 2.6475
Epoch 10/10, Loss: 35.4320
Performance Metrics:
RMSE (test data): 140.71446228027344
MAE (test data): 112.59791564941406
MAPE (test data): 69.97990608215332
MSE (test data): 19800.55859375
R2 (test data): 0.22037279196789217
loss (test data): 19800.557515484754
Epoch 1/10, Loss: 215.8087
Epoch 2/10, Loss: 2.7008
Epoch 3/10, Loss: 2.7196
Epoch 4/10, Loss: 17.4087
Epoch 5/10, Loss: 8.0125
Epoch 6/10, Loss: 24.0957
Epoch 7/10, Loss: 47.2305
Epoch 8/10, Loss: 2.1204
Epoch 9/10, Loss: 1.0573
Epoch 10/10, Loss: 35.0695
Performance Metrics:
RMSE (test data): 141.11085510253906
MAE (test data): 112.73787689208984
MAPE (test data): 69.6954071521759
MSE (test data): 19912.275390625
R2 (test data): 0.21597405362803324
loss (test data): 19912.274272375085
Epoch 1/10, Loss: 212.2869
Epoch 2/10, Loss: 1.8651
Epoch 3/10, Loss: 1.4213
Epoch 4/10, Loss: 25.5164
Epoch 5/10, Loss: 2.2641
Epoch 6/10, Loss: 67.5464
Epoch 7/10, Loss: 0.8844
Epoch 8/10, Loss: 2.0200
Epoch 9/10, Loss: 10.1824
Epoch 10/10, Loss: 18.4783
Performance Metrics:
RMSE (test data): 139.8254852294922
MAE (test data): 109.84593200683594
MAPE (test data): 68.97366642951965
MSE (test data): 19551.166015625
R2 (test data): 0.23019230984382888
loss (test data): 19551.166570367255
Epoch 1/10, Loss: 265.0533
Epoch 2/10, Loss: 1.3101
Epoch 3/10, Loss: 1.2504
Epoch 4/10, Loss: 1.6288
Epoch 5/10, Loss: 9.4237
Epoch 6/10, Loss: 25.9054
Epoch 7/10, Loss: 0.9702
Epoch 8/10, Loss: 8.9987
Epoch 9/10, Loss: 34.2229
Epoch 10/10, Loss: 2.5034
Performance Metrics:
RMSE (test data): 140.6746063232422
MAE (test data): 112.19353485107422
MAPE (test data): 69.72551941871643
MSE (test data): 19789.34375
R2 (test data): 0.22081429023182086
loss (test data): 19789.34436465922
Epoch 1/10, Loss: 272.1671
Epoch 2/10, Loss: 2.2991
Epoch 3/10, Loss: 3.1198
Epoch 4/10, Loss: 2.3532
Epoch 5/10, Loss: 3.2649
Epoch 6/10, Loss: 31.3054
Epoch 7/10, Loss: 8.6943
Epoch 8/10, Loss: 9.4814
Epoch 9/10, Loss: 77.1268
Epoch 10/10, Loss: 0.5478
Performance Metrics:
RMSE (test data): 139.9104766845703
MAE (test data): 110.60441589355469
MAPE (test data): 69.10567283630371
MSE (test data): 19574.939453125
R2 (test data): 0.22925634701897568
loss (test data): 19574.937751435125
Epoch 1/10, Loss: 328.4371
Epoch 2/10, Loss: 2.3848
Epoch 3/10, Loss: 2.0113
Epoch 4/10, Loss: 1.9682
Epoch 5/10, Loss: 3.5751
Epoch 6/10, Loss: 15.0133
Epoch 7/10, Loss: 2.1724
Epoch 8/10, Loss: 22.0448
Epoch 9/10, Loss: 7.5589
Epoch 10/10, Loss: 36.2849
Performance Metrics:
RMSE (test data): 140.01055908203125
MAE (test data): 111.4471664428711
MAPE (test data): 69.58077549934387
MSE (test data): 19602.95703125
R2 (test data): 0.22815307075926994
loss (test data): 19602.95794675483
Epoch 1/10, Loss: 196.9712
Epoch 2/10, Loss: 1.1470
Epoch 3/10, Loss: 1.6187
Epoch 4/10, Loss: 3.1169
Epoch 5/10, Loss: 10.7819
Epoch 6/10, Loss: 13.9243
Epoch 7/10, Loss: 23.2240
Epoch 8/10, Loss: 4.4716
Epoch 9/10, Loss: 5.2328
Epoch 10/10, Loss: 40.9193
Performance Metrics:
RMSE (test data): 139.8254852294922
MAE (test data): 111.84339904785156
MAPE (test data): 70.0016438961029
MSE (test data): 19551.16796875
R2 (test data): 0.23019222474479384
loss (test data): 19551.168647288632
Epoch 1/10, Loss: 294.1277
Epoch 2/10, Loss: 1.9559
Epoch 3/10, Loss: 1.5936
Epoch 4/10, Loss: 2.2042
Epoch 5/10, Loss: 1.4291
Epoch 6/10, Loss: 6.1679
Epoch 7/10, Loss: 17.3113
Epoch 8/10, Loss: 10.2560
Epoch 9/10, Loss: 13.9440
Epoch 10/10, Loss: 10.7624
Performance Metrics:
RMSE (test data): 138.99188232421875
MAE (test data): 109.2899398803711
MAPE (test data): 68.95689964294434
MSE (test data): 19318.7421875
R2 (test data): 0.2393437568765452
loss (test data): 19318.742849108185
Epoch 1/10, Loss: 242.6900
Epoch 2/10, Loss: 1.4877
Epoch 3/10, Loss: 1.2357
Epoch 4/10, Loss: 12.8485
Epoch 5/10, Loss: 1.8837
Epoch 6/10, Loss: 3.7239
Epoch 7/10, Loss: 5.7398
Epoch 8/10, Loss: 21.7370
Epoch 9/10, Loss: 1.3626
Epoch 10/10, Loss: 23.0535
Performance Metrics:
RMSE (test data): 140.67364501953125
MAE (test data): 112.503662109375
MAPE (test data): 69.81701850891113
MSE (test data): 19789.072265625
R2 (test data): 0.22082501140290245
loss (test data): 19789.07212609892
Epoch 1/10, Loss: 213.7245
Epoch 2/10, Loss: 3.5027
Epoch 3/10, Loss: 2.2632
Epoch 4/10, Loss: 1.8294
Epoch 5/10, Loss: 20.5857
Epoch 6/10, Loss: 3.0573
Epoch 7/10, Loss: 9.1755
Epoch 8/10, Loss: 4.5010
Epoch 9/10, Loss: 2.3079
Epoch 10/10, Loss: 36.8957
Performance Metrics:
RMSE (test data): 141.51597595214844
MAE (test data): 112.88587951660156
MAPE (test data): 69.61979866027832
MSE (test data): 20026.771484375
R2 (test data): 0.211465799186497
loss (test data): 20026.772393335792
Epoch 1/10, Loss: 229.9840
Epoch 2/10, Loss: 3.1690
Epoch 3/10, Loss: 1.6740
Epoch 4/10, Loss: 1.7735
Epoch 5/10, Loss: 9.2314
Epoch 6/10, Loss: 4.6345
Epoch 7/10, Loss: 4.9457
Epoch 8/10, Loss: 9.0304
Epoch 9/10, Loss: 10.0112
Epoch 10/10, Loss: 0.9251
Performance Metrics:
RMSE (test data): 140.50416564941406
MAE (test data): 112.02364349365234
MAPE (test data): 69.62992548942566
MSE (test data): 19741.419921875
R2 (test data): 0.2227012157250875
loss (test data): 19741.42140442968
Epoch 1/10, Loss: 652.8515
Epoch 2/10, Loss: 1.4345
Epoch 3/10, Loss: 1.1296
Epoch 4/10, Loss: 0.9331
Epoch 5/10, Loss: 1.5273
Epoch 6/10, Loss: 2.4286
Epoch 7/10, Loss: 4.1475
Epoch 8/10, Loss: 2.2286
Epoch 9/10, Loss: 9.0446
Epoch 10/10, Loss: 19.6161
Performance Metrics:
RMSE (test data): 139.65341186523438
MAE (test data): 108.30694580078125
MAPE (test data): 68.48687529563904
MSE (test data): 19503.076171875
R2 (test data): 0.2320858456578727
loss (test data): 19503.075481208885
Epoch 1/10, Loss: 198.4677
Epoch 2/10, Loss: 1.7720
Epoch 3/10, Loss: 1.2607
Epoch 4/10, Loss: 0.9936
Epoch 5/10, Loss: 9.2644
Epoch 6/10, Loss: 5.1648
Epoch 7/10, Loss: 2.6160
Epoch 8/10, Loss: 40.7087
Epoch 9/10, Loss: 0.3828
Epoch 10/10, Loss: 0.2726
Performance Metrics:
RMSE (test data): 140.32566833496094
MAE (test data): 112.15545654296875
MAPE (test data): 69.83333826065063
MSE (test data): 19691.294921875
R2 (test data): 0.22467491723190847
loss (test data): 19691.294272034072
Epoch 1/10, Loss: 328.3647
Epoch 2/10, Loss: 1.4341
Epoch 3/10, Loss: 1.1927
Epoch 4/10, Loss: 0.8752
Epoch 5/10, Loss: 0.8886
Epoch 6/10, Loss: 0.5611
Epoch 7/10, Loss: 11.7898
Epoch 8/10, Loss: 2.7763
Epoch 9/10, Loss: 1.0395
Epoch 10/10, Loss: 18.7988
Performance Metrics:
RMSE (test data): 138.46762084960938
MAE (test data): 108.53412628173828
MAPE (test data): 68.89929175376892
MSE (test data): 19173.283203125
R2 (test data): 0.24507106084511765
loss (test data): 19173.283772636365
Epoch 1/10, Loss: 202.1357
Epoch 2/10, Loss: 0.9454
Epoch 3/10, Loss: 0.7175
Epoch 4/10, Loss: 0.4757
Epoch 5/10, Loss: 0.4525
Epoch 6/10, Loss: 2.2665
Epoch 7/10, Loss: 61.0878
Epoch 8/10, Loss: 0.3770
Epoch 9/10, Loss: 0.2662
Epoch 10/10, Loss: 0.1662
Performance Metrics:
RMSE (test data): 139.8047332763672
MAE (test data): 111.26009368896484
MAPE (test data): 69.76007223129272
MSE (test data): 19545.365234375
R2 (test data): 0.23042073719263545
loss (test data): 19545.36492182217
Epoch 1/10, Loss: 276.2650
Epoch 2/10, Loss: 1.4940
Epoch 3/10, Loss: 0.9038
Epoch 4/10, Loss: 0.6463
Epoch 5/10, Loss: 0.4831
Epoch 6/10, Loss: 0.4459
Epoch 7/10, Loss: 1.3821
Epoch 8/10, Loss: 5.0429
Epoch 9/10, Loss: 14.9987
Epoch 10/10, Loss: 0.1039
Performance Metrics:
RMSE (test data): 141.8991241455078
MAE (test data): 113.99142456054688
MAPE (test data): 70.02699375152588
MSE (test data): 20135.361328125
R2 (test data): 0.20719016863363016
loss (test data): 20135.36263224959
Epoch 1/10, Loss: 198.0969
Epoch 2/10, Loss: 0.9990
Epoch 3/10, Loss: 0.7927
Epoch 4/10, Loss: 0.5483
Epoch 5/10, Loss: 1.2515
Epoch 6/10, Loss: 31.9980
Epoch 7/10, Loss: 0.1831
Epoch 8/10, Loss: 0.8502
Epoch 9/10, Loss: 1.0923
Epoch 10/10, Loss: 4.0087
Performance Metrics:
RMSE (test data): 141.96432495117188
MAE (test data): 113.82687377929688
MAPE (test data): 69.84649300575256
MSE (test data): 20153.869140625
R2 (test data): 0.20646139257786134
loss (test data): 20153.871711411073
Epoch 1/10, Loss: 324.1756
Epoch 2/10, Loss: 3.5813
Epoch 3/10, Loss: 2.4301
Epoch 4/10, Loss: 1.6983
Epoch 5/10, Loss: 1.5036
Epoch 6/10, Loss: 2.5392
Epoch 7/10, Loss: 12.0262
Epoch 8/10, Loss: 5.4986
Epoch 9/10, Loss: 0.8936
Epoch 10/10, Loss: 3.2418
Performance Metrics:
RMSE (test data): 141.28468322753906
MAE (test data): 112.7220458984375
MAPE (test data): 69.68204975128174
MSE (test data): 19961.36328125
R2 (test data): 0.2140412068639379
loss (test data): 19961.363475049566
Epoch 1/10, Loss: 171.1002
Epoch 2/10, Loss: 2.3311
Epoch 3/10, Loss: 1.6993
Epoch 4/10, Loss: 2.2220
Epoch 5/10, Loss: 2.7647
Epoch 6/10, Loss: 3.2036
Epoch 7/10, Loss: 14.1212
Epoch 8/10, Loss: 1.8703
Epoch 9/10, Loss: 8.1555
Epoch 10/10, Loss: 0.6571
Performance Metrics:
RMSE (test data): 140.50775146484375
MAE (test data): 111.97174835205078
MAPE (test data): 69.73438858985901
MSE (test data): 19742.427734375
R2 (test data): 0.2226615609245879
loss (test data): 19742.428454339188
Epoch 1/10, Loss: 223.4979
Epoch 2/10, Loss: 1.7893
Epoch 3/10, Loss: 1.4554
Epoch 4/10, Loss: 1.0815
Epoch 5/10, Loss: 1.0800
Epoch 6/10, Loss: 3.0109
Epoch 7/10, Loss: 1.2472
Epoch 8/10, Loss: 8.2757
Epoch 9/10, Loss: 6.5784
Epoch 10/10, Loss: 1.2007
Performance Metrics:
RMSE (test data): 140.50816345214844
MAE (test data): 111.67180633544922
MAPE (test data): 69.41210627555847
MSE (test data): 19742.544921875
R2 (test data): 0.22265698297139502
loss (test data): 19742.544446861935
Epoch 1/10, Loss: 331.3462
Epoch 2/10, Loss: 1.5581
Epoch 3/10, Loss: 1.1507
Epoch 4/10, Loss: 0.9266
Epoch 5/10, Loss: 0.6988
Epoch 6/10, Loss: 0.5817
Epoch 7/10, Loss: 0.6883
Epoch 8/10, Loss: 1.9973
Epoch 9/10, Loss: 5.3211
Epoch 10/10, Loss: 0.4788
Performance Metrics:
RMSE (test data): 140.24813842773438
MAE (test data): 110.89630126953125
MAPE (test data): 69.17628645896912
MSE (test data): 19669.5390625
R2 (test data): 0.22553145810182118
loss (test data): 19669.540449715856
Epoch 1/10, Loss: 204.6777
Epoch 2/10, Loss: 1.1752
Epoch 3/10, Loss: 0.8444
Epoch 4/10, Loss: 0.6797
Epoch 5/10, Loss: 0.7332
Epoch 6/10, Loss: 2.6996
Epoch 7/10, Loss: 14.4012
Epoch 8/10, Loss: 0.4259
Epoch 9/10, Loss: 5.4226
Epoch 10/10, Loss: 1.7984
Performance Metrics:
RMSE (test data): 140.11968994140625
MAE (test data): 112.08344268798828
MAPE (test data): 69.93630528450012
MSE (test data): 19633.529296875
R2 (test data): 0.22694937870819554
loss (test data): 19633.52871427556
Epoch 1/10, Loss: 169.7751
Epoch 2/10, Loss: 0.9560
Epoch 3/10, Loss: 0.7035
Epoch 4/10, Loss: 0.6103
Epoch 5/10, Loss: 0.7058
Epoch 6/10, Loss: 7.7799
Epoch 7/10, Loss: 0.5806
Epoch 8/10, Loss: 0.6817
Epoch 9/10, Loss: 4.2821
Epoch 10/10, Loss: 1.0852
Performance Metrics:
RMSE (test data): 140.21908569335938
MAE (test data): 112.31551361083984
MAPE (test data): 70.06993293762207
MSE (test data): 19661.392578125
R2 (test data): 0.22585216372478922
loss (test data): 19661.39505825514
Epoch 1/10, Loss: 276.4237
Epoch 2/10, Loss: 1.0575
Epoch 3/10, Loss: 0.7069
Epoch 4/10, Loss: 0.5466
Epoch 5/10, Loss: 0.4211
Epoch 6/10, Loss: 0.4103
Epoch 7/10, Loss: 1.2163
Epoch 8/10, Loss: 1.7643
Epoch 9/10, Loss: 21.9746
Epoch 10/10, Loss: 0.9060
Performance Metrics:
RMSE (test data): 140.0201873779297
MAE (test data): 111.43297576904297
MAPE (test data): 69.55429911613464
MSE (test data): 19605.654296875
R2 (test data): 0.22804691127840482
loss (test data): 19605.65409971336
Epoch 1/10, Loss: 252.7327
Epoch 2/10, Loss: 0.9689
Epoch 3/10, Loss: 0.6567
Epoch 4/10, Loss: 0.5557
Epoch 5/10, Loss: 0.3215
Epoch 6/10, Loss: 1.6716
Epoch 7/10, Loss: 0.7218
Epoch 8/10, Loss: 2.0155
Epoch 9/10, Loss: 10.4779
Epoch 10/10, Loss: 0.1572
Performance Metrics:
RMSE (test data): 138.17872619628906
MAE (test data): 107.60565185546875
MAPE (test data): 68.48301291465759
MSE (test data): 19093.359375
R2 (test data): 0.2482180377111941
loss (test data): 19093.358628139216
Epoch 1/10, Loss: 283.0545
Epoch 2/10, Loss: 1.0084
Epoch 3/10, Loss: 0.7550
Epoch 4/10, Loss: 0.5892
Epoch 5/10, Loss: 0.5064
Epoch 6/10, Loss: 0.3142
Epoch 7/10, Loss: 1.2653
Epoch 8/10, Loss: 0.9126
Epoch 9/10, Loss: 5.8478
Epoch 10/10, Loss: 2.0022
Performance Metrics:
RMSE (test data): 140.55596923828125
MAE (test data): 112.54145050048828
MAPE (test data): 70.05655765533447
MSE (test data): 19755.98046875
R2 (test data): 0.22212793479005521
loss (test data): 19755.981306026566
Epoch 1/10, Loss: 300.4075
Epoch 2/10, Loss: 1.1007
Epoch 3/10, Loss: 0.7650
Epoch 4/10, Loss: 0.6773
Epoch 5/10, Loss: 0.3818
Epoch 6/10, Loss: 0.3785
Epoch 7/10, Loss: 0.6207
Epoch 8/10, Loss: 12.0683
Epoch 9/10, Loss: 0.2266
Epoch 10/10, Loss: 4.4718
Performance Metrics:
RMSE (test data): 139.9539794921875
MAE (test data): 111.84127807617188
MAPE (test data): 69.97514963150024
MSE (test data): 19587.115234375
R2 (test data): 0.22877685325689612
loss (test data): 19587.115398996564
Epoch 1/10, Loss: 256.0205
Epoch 2/10, Loss: 1.0438
Epoch 3/10, Loss: 0.7847
Epoch 4/10, Loss: 0.5994
Epoch 5/10, Loss: 0.5186
Epoch 6/10, Loss: 0.3676
Epoch 7/10, Loss: 5.9823
Epoch 8/10, Loss: 0.4333
Epoch 9/10, Loss: 4.3815
Epoch 10/10, Loss: 0.1493
Performance Metrics:
RMSE (test data): 141.43199157714844
MAE (test data): 112.72285461425781
MAPE (test data): 69.50002908706665
MSE (test data): 20003.009765625
R2 (test data): 0.21240141759213604
loss (test data): 20003.0100792585
Epoch 1/10, Loss: 252.6064
Epoch 2/10, Loss: 0.9845
Epoch 3/10, Loss: 0.7554
Epoch 4/10, Loss: 0.4576
Epoch 5/10, Loss: 0.4828
Epoch 6/10, Loss: 0.3390
Epoch 7/10, Loss: 1.1831
Epoch 8/10, Loss: 5.3621
Epoch 9/10, Loss: 1.0719
Epoch 10/10, Loss: 3.8633
Performance Metrics:
RMSE (test data): 141.88031005859375
MAE (test data): 114.168701171875
MAPE (test data): 70.11130452156067
MSE (test data): 20130.0234375
R2 (test data): 0.2074003615729627
loss (test data): 20130.02421461945
Epoch 1/10, Loss: 224.8289
Epoch 2/10, Loss: 0.9634
Epoch 3/10, Loss: 0.7025
Epoch 4/10, Loss: 0.4479
Epoch 5/10, Loss: 0.4151
Epoch 6/10, Loss: 0.3856
Epoch 7/10, Loss: 4.1008
Epoch 8/10, Loss: 0.7523
Epoch 9/10, Loss: 0.8400
Epoch 10/10, Loss: 5.1109
Performance Metrics:
RMSE (test data): 140.60203552246094
MAE (test data): 112.71922302246094
MAPE (test data): 70.00058889389038
MSE (test data): 19768.93359375
R2 (test data): 0.22161799947760474
loss (test data): 19768.93222466533
Epoch 1/10, Loss: 262.8385
Epoch 2/10, Loss: 1.5363
Epoch 3/10, Loss: 1.0047
Epoch 4/10, Loss: 0.7759
Epoch 5/10, Loss: 0.4797
Epoch 6/10, Loss: 0.3868
Epoch 7/10, Loss: 2.1218
Epoch 8/10, Loss: 1.4498
Epoch 9/10, Loss: 0.5728
Epoch 10/10, Loss: 18.4003
Performance Metrics:
RMSE (test data): 137.620849609375
MAE (test data): 108.95842742919922
MAPE (test data): 70.02632021903992
MSE (test data): 18939.498046875
R2 (test data): 0.2542760695790871
loss (test data): 18939.50004646867
Epoch 1/10, Loss: 194.1386
Epoch 2/10, Loss: 0.8882
Epoch 3/10, Loss: 0.5280
Epoch 4/10, Loss: 0.4460
Epoch 5/10, Loss: 0.3334
Epoch 6/10, Loss: 0.6857
Epoch 7/10, Loss: 1.6331
Epoch 8/10, Loss: 0.7142
Epoch 9/10, Loss: 3.0347
Epoch 10/10, Loss: 5.7615
Performance Metrics:
RMSE (test data): 140.20252990722656
MAE (test data): 112.0511703491211
MAPE (test data): 69.86338496208191
MSE (test data): 19656.75
R2 (test data): 0.22603504020710363
loss (test data): 19656.750653683295
Epoch 1/10, Loss: 185.3971
Epoch 2/10, Loss: 0.7947
Epoch 3/10, Loss: 0.5874
Epoch 4/10, Loss: 0.4355
Epoch 5/10, Loss: 0.3569
Epoch 6/10, Loss: 0.2295
Epoch 7/10, Loss: 3.4189
Epoch 8/10, Loss: 0.7153
Epoch 9/10, Loss: 8.9132
Epoch 10/10, Loss: 0.1945
Performance Metrics:
RMSE (test data): 139.50543212890625
MAE (test data): 111.10850524902344
MAPE (test data): 69.71431970596313
MSE (test data): 19461.763671875
R2 (test data): 0.23371239181649073
loss (test data): 19461.765319771686
Epoch 1/10, Loss: 190.2728
Epoch 2/10, Loss: 0.8916
Epoch 3/10, Loss: 0.6510
Epoch 4/10, Loss: 0.5910
Epoch 5/10, Loss: 0.3654
Epoch 6/10, Loss: 0.7656
Epoch 7/10, Loss: 2.6660
Epoch 8/10, Loss: 0.9406
Epoch 9/10, Loss: 5.5536
Epoch 10/10, Loss: 0.7312
Performance Metrics:
RMSE (test data): 140.0968780517578
MAE (test data): 111.93852233886719
MAPE (test data): 69.88087296485901
MSE (test data): 19627.134765625
R2 (test data): 0.22720105710006366
loss (test data): 19627.13664934718
Epoch 1/10, Loss: 355.1551
Epoch 2/10, Loss: 1.0911
Epoch 3/10, Loss: 0.6890
Epoch 4/10, Loss: 0.5042
Epoch 5/10, Loss: 0.4609
Epoch 6/10, Loss: 0.2972
Epoch 7/10, Loss: 0.2759
Epoch 8/10, Loss: 0.3947
Epoch 9/10, Loss: 1.9163
Epoch 10/10, Loss: 2.3279
Performance Metrics:
RMSE (test data): 139.37921142578125
MAE (test data): 110.9529037475586
MAPE (test data): 69.77436542510986
MSE (test data): 19426.564453125
R2 (test data): 0.2350983752805592
loss (test data): 19426.56484624754
Epoch 1/10, Loss: 217.2322
Epoch 2/10, Loss: 0.7615
Epoch 3/10, Loss: 0.5079
Epoch 4/10, Loss: 0.3782
Epoch 5/10, Loss: 0.3003
Epoch 6/10, Loss: 0.4374
Epoch 7/10, Loss: 0.6317
Epoch 8/10, Loss: 4.1706
Epoch 9/10, Loss: 0.1973
Epoch 10/10, Loss: 3.9076
Performance Metrics:
RMSE (test data): 140.45709228515625
MAE (test data): 112.10015869140625
MAPE (test data): 69.75247859954834
MSE (test data): 19728.193359375
R2 (test data): 0.22322214034499022
loss (test data): 19728.191346333035
Epoch 1/10, Loss: 179.9950
Epoch 2/10, Loss: 0.6361
Epoch 3/10, Loss: 0.4749
Epoch 4/10, Loss: 0.4323
Epoch 5/10, Loss: 0.3508
Epoch 6/10, Loss: 0.2144
Epoch 7/10, Loss: 6.3578
Epoch 8/10, Loss: 0.3235
Epoch 9/10, Loss: 0.3050
Epoch 10/10, Loss: 4.3685
Performance Metrics:
RMSE (test data): 140.82720947265625
MAE (test data): 112.616455078125
MAPE (test data): 69.87664103507996
MSE (test data): 19832.30078125
R2 (test data): 0.2191229215117514
loss (test data): 19832.30070536318
Epoch 1/10, Loss: 192.6354
Epoch 2/10, Loss: 0.8818
Epoch 3/10, Loss: 0.5995
Epoch 4/10, Loss: 0.4370
Epoch 5/10, Loss: 0.2908
Epoch 6/10, Loss: 0.3226
Epoch 7/10, Loss: 0.5477
Epoch 8/10, Loss: 3.2211
Epoch 9/10, Loss: 8.3550
Epoch 10/10, Loss: 0.0876
Performance Metrics:
RMSE (test data): 141.19485473632812
MAE (test data): 112.8538589477539
MAPE (test data): 69.75570321083069
MSE (test data): 19935.98828125
R2 (test data): 0.2150403523850981
loss (test data): 19935.98782484842
Epoch 1/10, Loss: 209.1123
Epoch 2/10, Loss: 0.8782
Epoch 3/10, Loss: 0.6120
Epoch 4/10, Loss: 0.4129
Epoch 5/10, Loss: 0.2606
Epoch 6/10, Loss: 0.2177
Epoch 7/10, Loss: 0.4077
Epoch 8/10, Loss: 1.5636
Epoch 9/10, Loss: 5.8620
Epoch 10/10, Loss: 0.2758
Performance Metrics:
RMSE (test data): 140.4066925048828
MAE (test data): 111.66999053955078
MAPE (test data): 69.54132318496704
MSE (test data): 19714.041015625
R2 (test data): 0.22377926376106927
loss (test data): 19714.041666426518
Epoch 1/10, Loss: 241.6645
Epoch 2/10, Loss: 0.9579
Epoch 3/10, Loss: 0.6899
Epoch 4/10, Loss: 0.4554
Epoch 5/10, Loss: 0.3030
Epoch 6/10, Loss: 0.2914
Epoch 7/10, Loss: 0.4397
Epoch 8/10, Loss: 1.2380
Epoch 9/10, Loss: 2.5263
Epoch 10/10, Loss: 0.4263
Performance Metrics:
RMSE (test data): 139.8275146484375
MAE (test data): 111.19486236572266
MAPE (test data): 69.6190893650055
MSE (test data): 19551.732421875
R2 (test data): 0.23017000377937502
loss (test data): 19551.73292714673
Epoch 1/10, Loss: 168.6033
Epoch 2/10, Loss: 0.8340
Epoch 3/10, Loss: 0.5481
Epoch 4/10, Loss: 0.3683
Epoch 5/10, Loss: 0.3684
Epoch 6/10, Loss: 0.2563
Epoch 7/10, Loss: 0.8529
Epoch 8/10, Loss: 4.9787
Epoch 9/10, Loss: 3.7923
Epoch 10/10, Loss: 0.1372
Performance Metrics:
RMSE (test data): 138.91680908203125
MAE (test data): 109.77445983886719
MAPE (test data): 69.5580244064331
MSE (test data): 19297.880859375
R2 (test data): 0.24016521628138565
loss (test data): 19297.879896861166
Epoch 1/10, Loss: 252.1758
Epoch 2/10, Loss: 0.8789
Epoch 3/10, Loss: 0.6404
Epoch 4/10, Loss: 0.4911
Epoch 5/10, Loss: 0.3009
Epoch 6/10, Loss: 0.3094
Epoch 7/10, Loss: 0.5522
Epoch 8/10, Loss: 3.4050
Epoch 9/10, Loss: 0.3715
Epoch 10/10, Loss: 0.7905
Performance Metrics:
RMSE (test data): 140.49937438964844
MAE (test data): 112.13751220703125
MAPE (test data): 69.71194744110107
MSE (test data): 19740.072265625
R2 (test data): 0.22275437131891973
loss (test data): 19740.0712793365
Epoch 1/10, Loss: 165.0571
Epoch 2/10, Loss: 0.7496
Epoch 3/10, Loss: 0.5132
Epoch 4/10, Loss: 0.3853
Epoch 5/10, Loss: 0.3964
Epoch 6/10, Loss: 0.1996
Epoch 7/10, Loss: 0.2244
Epoch 8/10, Loss: 3.1144
Epoch 9/10, Loss: 0.3027
Epoch 10/10, Loss: 2.5071
Performance Metrics:
RMSE (test data): 140.0354766845703
MAE (test data): 111.27153015136719
MAPE (test data): 69.48515772819519
MSE (test data): 19609.93359375
R2 (test data): 0.22787847866889732
loss (test data): 19609.93192976339
Epoch 1/10, Loss: 210.6422
Epoch 2/10, Loss: 0.8711
Epoch 3/10, Loss: 0.5872
Epoch 4/10, Loss: 0.3748
Epoch 5/10, Loss: 0.2545
Epoch 6/10, Loss: 0.2142
Epoch 7/10, Loss: 0.6287
Epoch 8/10, Loss: 0.7878
Epoch 9/10, Loss: 4.0465
Epoch 10/10, Loss: 0.4902
Performance Metrics:
RMSE (test data): 140.9707489013672
MAE (test data): 113.08604431152344
MAPE (test data): 70.07204294204712
MSE (test data): 19872.75390625
R2 (test data): 0.21753013464688964
loss (test data): 19872.75371148984
Epoch 1/10, Loss: 404.9777
Epoch 2/10, Loss: 1.1641
Epoch 3/10, Loss: 0.7228
Epoch 4/10, Loss: 0.5515
Epoch 5/10, Loss: 0.4572
Epoch 6/10, Loss: 0.3550
Epoch 7/10, Loss: 0.2282
Epoch 8/10, Loss: 0.3149
Epoch 9/10, Loss: 0.4631
Epoch 10/10, Loss: 15.6849
Performance Metrics:
RMSE (test data): 139.69940185546875
MAE (test data): 110.86676025390625
MAPE (test data): 69.52491998672485
MSE (test data): 19515.923828125
R2 (test data): 0.2315800057829145
loss (test data): 19515.922525081074
Epoch 1/10, Loss: 220.0266
Epoch 2/10, Loss: 0.8692
Epoch 3/10, Loss: 0.6118
Epoch 4/10, Loss: 0.4107
Epoch 5/10, Loss: 0.3459
Epoch 6/10, Loss: 0.4251
Epoch 7/10, Loss: 0.3081
Epoch 8/10, Loss: 0.5478
Epoch 9/10, Loss: 2.7386
Epoch 10/10, Loss: 0.6979
Performance Metrics:
RMSE (test data): 140.5967254638672
MAE (test data): 112.1050796508789
MAPE (test data): 69.6054458618164
MSE (test data): 19767.4375
R2 (test data): 0.22167685538485415
loss (test data): 19767.437329254655
Epoch 1/10, Loss: 225.3280
Epoch 2/10, Loss: 0.8631
Epoch 3/10, Loss: 0.6226
Epoch 4/10, Loss: 0.4756
Epoch 5/10, Loss: 0.3601
Epoch 6/10, Loss: 0.2688
Epoch 7/10, Loss: 0.4023
Epoch 8/10, Loss: 0.9989
Epoch 9/10, Loss: 4.9949
Epoch 10/10, Loss: 0.7409
Performance Metrics:
RMSE (test data): 140.65081787109375
MAE (test data): 112.1131820678711
MAPE (test data): 69.59616541862488
MSE (test data): 19782.65234375
R2 (test data): 0.22107789056016203
loss (test data): 19782.649563614767
Epoch 1/10, Loss: 199.4340
Epoch 2/10, Loss: 0.8043
Epoch 3/10, Loss: 0.5500
Epoch 4/10, Loss: 0.4083
Epoch 5/10, Loss: 0.3159
Epoch 6/10, Loss: 0.8114
Epoch 7/10, Loss: 0.5202
Epoch 8/10, Loss: 1.1161
Epoch 9/10, Loss: 0.6744
Epoch 10/10, Loss: 1.5151
Performance Metrics:
RMSE (test data): 140.55784606933594
MAE (test data): 112.07237243652344
MAPE (test data): 69.61051225662231
MSE (test data): 19756.5078125
R2 (test data): 0.22210716917886775
loss (test data): 19756.50861159301
Epoch 1/10, Loss: 242.2038
Epoch 2/10, Loss: 1.0404
Epoch 3/10, Loss: 0.7449
Epoch 4/10, Loss: 0.4911
Epoch 5/10, Loss: 0.3488
Epoch 6/10, Loss: 0.2360
Epoch 7/10, Loss: 0.1990
Epoch 8/10, Loss: 0.8680
Epoch 9/10, Loss: 1.5867
Epoch 10/10, Loss: 1.1067
Performance Metrics:
RMSE (test data): 139.7174530029297
MAE (test data): 111.13932800292969
MAPE (test data): 69.77782249450684
MSE (test data): 19520.96484375
R2 (test data): 0.23138145123885034
loss (test data): 19520.96522894765
Epoch 1/10, Loss: 189.5117
Epoch 2/10, Loss: 0.7628
Epoch 3/10, Loss: 0.5530
Epoch 4/10, Loss: 0.4735
Epoch 5/10, Loss: 0.3571
Epoch 6/10, Loss: 0.3270
Epoch 7/10, Loss: 0.4189
Epoch 8/10, Loss: 1.1710
Epoch 9/10, Loss: 2.0138
Epoch 10/10, Loss: 0.5446
Performance Metrics:
RMSE (test data): 140.28756713867188
MAE (test data): 111.84394073486328
MAPE (test data): 69.63006258010864
MSE (test data): 19680.599609375
R2 (test data): 0.22509596689866385
loss (test data): 19680.600705171062
Epoch 1/10, Loss: 141.9569
Epoch 2/10, Loss: 0.9199
Epoch 3/10, Loss: 0.5973
Epoch 4/10, Loss: 0.5490
Epoch 5/10, Loss: 0.6808
Epoch 6/10, Loss: 0.2544
Epoch 7/10, Loss: 4.1514
Epoch 8/10, Loss: 0.1133
Epoch 9/10, Loss: 1.3395
Epoch 10/10, Loss: 1.2918
Performance Metrics:
RMSE (test data): 140.69635009765625
MAE (test data): 112.42292022705078
MAPE (test data): 69.74794268608093
MSE (test data): 19795.4609375
R2 (test data): 0.22057351578640594
loss (test data): 19795.45972343097
Epoch 1/10, Loss: 158.1836
Epoch 2/10, Loss: 0.6029
Epoch 3/10, Loss: 0.4423
Epoch 4/10, Loss: 0.2988
Epoch 5/10, Loss: 0.2927
Epoch 6/10, Loss: 0.2329
Epoch 7/10, Loss: 0.2303
Epoch 8/10, Loss: 0.8104
Epoch 9/10, Loss: 2.4288
Epoch 10/10, Loss: 0.3799
Performance Metrics:
RMSE (test data): 140.31906127929688
MAE (test data): 111.88921356201172
MAPE (test data): 69.71666216850281
MSE (test data): 19689.439453125
R2 (test data): 0.22474796406698994
loss (test data): 19689.439098546238
Epoch 1/10, Loss: 190.3545
Epoch 2/10, Loss: 0.7804
Epoch 3/10, Loss: 0.6161
Epoch 4/10, Loss: 0.4427
Epoch 5/10, Loss: 0.3677
Epoch 6/10, Loss: 0.2618
Epoch 7/10, Loss: 0.1835
Epoch 8/10, Loss: 0.3835
Epoch 9/10, Loss: 4.4730
Epoch 10/10, Loss: 0.2193
Performance Metrics:
RMSE (test data): 137.77394104003906
MAE (test data): 109.71157836914062
MAPE (test data): 70.25750279426575
MSE (test data): 18981.658203125
R2 (test data): 0.2526161921865304
loss (test data): 18981.65658344572
Epoch 1/10, Loss: 248.1326
Epoch 2/10, Loss: 0.6668
Epoch 3/10, Loss: 0.5226
Epoch 4/10, Loss: 0.4244
Epoch 5/10, Loss: 0.2881
Epoch 6/10, Loss: 0.3181
Epoch 7/10, Loss: 0.3183
Epoch 8/10, Loss: 1.7073
Epoch 9/10, Loss: 0.6200
Epoch 10/10, Loss: 2.0141
Performance Metrics:
RMSE (test data): 140.03564453125
MAE (test data): 111.71613311767578
MAPE (test data): 69.79742646217346
MSE (test data): 19609.98046875
R2 (test data): 0.22787657214826196
loss (test data): 19609.980306770063
Epoch 1/10, Loss: 237.5467
Epoch 2/10, Loss: 0.8830
Epoch 3/10, Loss: 0.6107
Epoch 4/10, Loss: 0.4502
Epoch 5/10, Loss: 0.3328
Epoch 6/10, Loss: 0.2525
Epoch 7/10, Loss: 0.3289
Epoch 8/10, Loss: 0.4883
Epoch 9/10, Loss: 8.2913
Epoch 10/10, Loss: 0.0978
Performance Metrics:
RMSE (test data): 140.7527618408203
MAE (test data): 112.65715789794922
MAPE (test data): 69.83678340911865
MSE (test data): 19811.33984375
R2 (test data): 0.21994822924090074
loss (test data): 19811.340178756687
Epoch 1/10, Loss: 173.3337
Epoch 2/10, Loss: 0.8256
Epoch 3/10, Loss: 0.6270
Epoch 4/10, Loss: 0.5159
Epoch 5/10, Loss: 0.3247
Epoch 6/10, Loss: 0.2432
Epoch 7/10, Loss: 0.2911
Epoch 8/10, Loss: 1.3806
Epoch 9/10, Loss: 0.3216
Epoch 10/10, Loss: 2.4444
Performance Metrics:
RMSE (test data): 140.86041259765625
MAE (test data): 112.82301330566406
MAPE (test data): 69.92325186729431
MSE (test data): 19841.654296875
R2 (test data): 0.21875458064189401
loss (test data): 19841.65583310279
Epoch 1/10, Loss: 296.2205
Epoch 2/10, Loss: 0.9238
Epoch 3/10, Loss: 0.5809
Epoch 4/10, Loss: 0.5016
Epoch 5/10, Loss: 0.4224
Epoch 6/10, Loss: 0.3218
Epoch 7/10, Loss: 0.2191
Epoch 8/10, Loss: 0.2065
Epoch 9/10, Loss: 0.7895
Epoch 10/10, Loss: 8.4563
Performance Metrics:
RMSE (test data): 140.76596069335938
MAE (test data): 112.85221862792969
MAPE (test data): 70.0164258480072
MSE (test data): 19815.056640625
R2 (test data): 0.21980185733917657
loss (test data): 19815.057695595875
Epoch 1/10, Loss: 325.1886
Epoch 2/10, Loss: 1.1351
Epoch 3/10, Loss: 0.7677
Epoch 4/10, Loss: 0.5913
Epoch 5/10, Loss: 0.4655
Epoch 6/10, Loss: 0.3852
Epoch 7/10, Loss: 0.3513
Epoch 8/10, Loss: 0.3225
Epoch 9/10, Loss: 0.5998
Epoch 10/10, Loss: 1.0946
Performance Metrics:
RMSE (test data): 140.55441284179688
MAE (test data): 112.31534576416016
MAPE (test data): 69.83854174613953
MSE (test data): 19755.544921875
R2 (test data): 0.22214514056381485
loss (test data): 19755.544230608517
Epoch 1/10, Loss: 204.2310
Epoch 2/10, Loss: 0.9118
Epoch 3/10, Loss: 0.6545
Epoch 4/10, Loss: 0.5275
Epoch 5/10, Loss: 0.4124
Epoch 6/10, Loss: 0.2928
Epoch 7/10, Loss: 0.3630
Epoch 8/10, Loss: 0.6748
Epoch 9/10, Loss: 1.1850
Epoch 10/10, Loss: 3.0438
Performance Metrics:
RMSE (test data): 140.69044494628906
MAE (test data): 112.68209838867188
MAPE (test data): 69.94112133979797
MSE (test data): 19793.80078125
R2 (test data): 0.22063884583549098
loss (test data): 19793.800312720938
Epoch 1/10, Loss: 207.3379
Epoch 2/10, Loss: 0.7251
Epoch 3/10, Loss: 0.5666
Epoch 4/10, Loss: 0.4321
Epoch 5/10, Loss: 0.3140
Epoch 6/10, Loss: 0.3286
Epoch 7/10, Loss: 0.5251
Epoch 8/10, Loss: 6.4452
Epoch 9/10, Loss: 0.5080
Epoch 10/10, Loss: 0.3698
Performance Metrics:
RMSE (test data): 140.0315704345703
MAE (test data): 111.83660125732422
MAPE (test data): 69.89402770996094
MSE (test data): 19608.83984375
R2 (test data): 0.22792157075903063
loss (test data): 19608.837586597427
Epoch 1/10, Loss: 181.5053
Epoch 2/10, Loss: 0.8093
Epoch 3/10, Loss: 0.5526
Epoch 4/10, Loss: 0.4012
Epoch 5/10, Loss: 0.3148
Epoch 6/10, Loss: 0.2990
Epoch 7/10, Loss: 0.2916
Epoch 8/10, Loss: 1.3974
Epoch 9/10, Loss: 1.5092
Epoch 10/10, Loss: 0.3004
Performance Metrics:
RMSE (test data): 140.5277557373047
MAE (test data): 112.43087768554688
MAPE (test data): 69.86352205276489
MSE (test data): 19748.048828125
R2 (test data): 0.22244021030472905
loss (test data): 19748.050221704783
Epoch 1/10, Loss: 241.2748
Epoch 2/10, Loss: 1.1067
Epoch 3/10, Loss: 0.7504
Epoch 4/10, Loss: 0.5856
Epoch 5/10, Loss: 0.4925
Epoch 6/10, Loss: 0.3334
Epoch 7/10, Loss: 0.3767
Epoch 8/10, Loss: 1.4179
Epoch 9/10, Loss: 0.3069
Epoch 10/10, Loss: 3.9610
Performance Metrics:
RMSE (test data): 140.13201904296875
MAE (test data): 112.08484649658203
MAPE (test data): 69.95660066604614
MSE (test data): 19636.982421875
R2 (test data): 0.2268133215392385
loss (test data): 19636.98415454399
Epoch 1/10, Loss: 167.0806
Epoch 2/10, Loss: 0.7095
Epoch 3/10, Loss: 0.5201
Epoch 4/10, Loss: 0.4082
Epoch 5/10, Loss: 0.3314
Epoch 6/10, Loss: 0.3236
Epoch 7/10, Loss: 0.4905
Epoch 8/10, Loss: 1.2225
Epoch 9/10, Loss: 0.4959
Epoch 10/10, Loss: 1.9999
Performance Metrics:
RMSE (test data): 140.8915557861328
MAE (test data): 112.85993957519531
MAPE (test data): 69.90046501159668
MSE (test data): 19850.4296875
R2 (test data): 0.2184091164992641
loss (test data): 19850.429787161487
Epoch 1/10, Loss: 276.5614
Epoch 2/10, Loss: 0.7744
Epoch 3/10, Loss: 0.5635
Epoch 4/10, Loss: 0.4388
Epoch 5/10, Loss: 0.3620
Epoch 6/10, Loss: 0.3108
Epoch 7/10, Loss: 0.3166
Epoch 8/10, Loss: 0.3543
Epoch 9/10, Loss: 1.3793
Epoch 10/10, Loss: 1.9231
Performance Metrics:
RMSE (test data): 140.1930694580078
MAE (test data): 112.17778015136719
MAPE (test data): 69.92666721343994
MSE (test data): 19654.09765625
R2 (test data): 0.22613940434263413
loss (test data): 19654.100122091324
Epoch 1/10, Loss: 201.1673
Epoch 2/10, Loss: 1.0741
Epoch 3/10, Loss: 0.7552
Epoch 4/10, Loss: 0.6333
Epoch 5/10, Loss: 0.4619
Epoch 6/10, Loss: 0.3960
Epoch 7/10, Loss: 2.4891
Epoch 8/10, Loss: 0.7567
Epoch 9/10, Loss: 1.9511
Epoch 10/10, Loss: 0.4429
Performance Metrics:
RMSE (test data): 139.5495147705078
MAE (test data): 112.14140319824219
MAPE (test data): 70.41008472442627
MSE (test data): 19474.06640625
R2 (test data): 0.23322804810853714
loss (test data): 19474.066471330152
Epoch 1/10, Loss: 216.4784
Epoch 2/10, Loss: 0.8117
Epoch 3/10, Loss: 0.5732
Epoch 4/10, Loss: 0.4691
Epoch 5/10, Loss: 0.3475
Epoch 6/10, Loss: 0.3022
Epoch 7/10, Loss: 0.3089
Epoch 8/10, Loss: 1.7054
Epoch 9/10, Loss: 0.4780
Epoch 10/10, Loss: 2.1712
Performance Metrics:
RMSE (test data): 140.69862365722656
MAE (test data): 112.81478881835938
MAPE (test data): 70.00650763511658
MSE (test data): 19796.1015625
R2 (test data): 0.22054820754067828
loss (test data): 19796.102262291744
Epoch 1/10, Loss: 235.0600
Epoch 2/10, Loss: 0.7918
Epoch 3/10, Loss: 0.5504
Epoch 4/10, Loss: 0.3939
Epoch 5/10, Loss: 0.3673
Epoch 6/10, Loss: 0.3414
Epoch 7/10, Loss: 0.2597
Epoch 8/10, Loss: 1.3131
Epoch 9/10, Loss: 0.6304
Epoch 10/10, Loss: 3.1353
Performance Metrics:
RMSE (test data): 140.37205505371094
MAE (test data): 112.38522338867188
MAPE (test data): 69.93400454521179
MSE (test data): 19704.314453125
R2 (test data): 0.2241622406391972
loss (test data): 19704.314899320285
Epoch 1/10, Loss: 213.8501
Epoch 2/10, Loss: 0.8248
Epoch 3/10, Loss: 0.5805
Epoch 4/10, Loss: 0.4769
Epoch 5/10, Loss: 0.3765
Epoch 6/10, Loss: 0.3537
Epoch 7/10, Loss: 0.2748
Epoch 8/10, Loss: 0.4889
Epoch 9/10, Loss: 0.6973
Epoch 10/10, Loss: 3.2316
Performance Metrics:
RMSE (test data): 140.9110107421875
MAE (test data): 113.16696166992188
MAPE (test data): 70.04106640815735
MSE (test data): 19855.912109375
R2 (test data): 0.21819328342783062
loss (test data): 19855.911392532736
Epoch 1/10, Loss: 178.3215
Epoch 2/10, Loss: 0.7396
Epoch 3/10, Loss: 0.5899
Epoch 4/10, Loss: 0.4163
Epoch 5/10, Loss: 0.3728
Epoch 6/10, Loss: 0.5660
Epoch 7/10, Loss: 0.8264
Epoch 8/10, Loss: 0.5188
Epoch 9/10, Loss: 2.5829
Epoch 10/10, Loss: 0.4033
Performance Metrics:
RMSE (test data): 139.6510467529297
MAE (test data): 111.47042846679688
MAPE (test data): 69.85917687416077
MSE (test data): 19502.416015625
R2 (test data): 0.2321117661157599
loss (test data): 19502.41718694766
Epoch 1/10, Loss: 218.6984
Epoch 2/10, Loss: 0.9186
Epoch 3/10, Loss: 0.5972
Epoch 4/10, Loss: 0.4464
Epoch 5/10, Loss: 0.3345
Epoch 6/10, Loss: 0.3547
Epoch 7/10, Loss: 0.2569
Epoch 8/10, Loss: 4.8956
Epoch 9/10, Loss: 0.1945
Epoch 10/10, Loss: 0.3094
Performance Metrics:
RMSE (test data): 138.21746826171875
MAE (test data): 110.10176849365234
MAPE (test data): 70.10066509246826
MSE (test data): 19104.0703125
R2 (test data): 0.24779632062840629
loss (test data): 19104.069176359048
Epoch 1/10, Loss: 196.8589
Epoch 2/10, Loss: 0.8465
Epoch 3/10, Loss: 0.5783
Epoch 4/10, Loss: 0.5486
Epoch 5/10, Loss: 0.4583
Epoch 6/10, Loss: 0.3774
Epoch 7/10, Loss: 0.3729
Epoch 8/10, Loss: 0.7855
Epoch 9/10, Loss: 4.4497
Epoch 10/10, Loss: 0.1626
Performance Metrics:
RMSE (test data): 140.52987670898438
MAE (test data): 112.48433685302734
MAPE (test data): 69.86417770385742
MSE (test data): 19748.646484375
R2 (test data): 0.22241675595056143
loss (test data): 19748.64595028549
Epoch 1/10, Loss: 240.2034
Epoch 2/10, Loss: 0.7657
Epoch 3/10, Loss: 0.5357
Epoch 4/10, Loss: 0.4829
Epoch 5/10, Loss: 0.3093
Epoch 6/10, Loss: 0.3270
Epoch 7/10, Loss: 0.2915
Epoch 8/10, Loss: 0.2776
Epoch 9/10, Loss: 3.3162
Epoch 10/10, Loss: 0.4008
Performance Metrics:
RMSE (test data): 139.65029907226562
MAE (test data): 111.23271179199219
DEBUG flwr 2024-03-09 18:56:04,682 | connection.py:141 | gRPC channel closed
INFO flwr 2024-03-09 18:56:04,683 | app.py:304 | Disconnect and shut down
MAPE (test data): 69.86777782440186
MSE (test data): 19502.20703125
R2 (test data): 0.23211995290278697
loss (test data): 19502.20911627638
Epoch 1/10, Loss: 297.3120
Epoch 2/10, Loss: 1.1290
Epoch 3/10, Loss: 0.6915
Epoch 4/10, Loss: 0.5875
Epoch 5/10, Loss: 0.4495
Epoch 6/10, Loss: 0.3902
Epoch 7/10, Loss: 0.3434
Epoch 8/10, Loss: 0.2536
Epoch 9/10, Loss: 0.3880
Epoch 10/10, Loss: 1.8950
Performance Metrics:
RMSE (test data): 140.18560791015625
MAE (test data): 111.81132507324219
MAPE (test data): 69.81503963470459
MSE (test data): 19652.00390625
R2 (test data): 0.22622191517766355
loss (test data): 19652.004417285287
Epoch 1/10, Loss: 263.7908
Epoch 2/10, Loss: 0.9365
Epoch 3/10, Loss: 0.6859
Epoch 4/10, Loss: 0.5010
Epoch 5/10, Loss: 0.4297
Epoch 6/10, Loss: 0.3079
Epoch 7/10, Loss: 2.0282
Epoch 8/10, Loss: 0.5738
Epoch 9/10, Loss: 1.4979
Epoch 10/10, Loss: 0.3508
Performance Metrics:
RMSE (test data): 139.8342742919922
MAE (test data): 111.5316162109375
MAPE (test data): 69.80487108230591
MSE (test data): 19553.623046875
R2 (test data): 0.23009563951254586
loss (test data): 19553.62163456366
Epoch 1/10, Loss: 188.9842
Epoch 2/10, Loss: 0.7702
Epoch 3/10, Loss: 0.5778
Epoch 4/10, Loss: 0.4645
Epoch 5/10, Loss: 0.3787
Epoch 6/10, Loss: 0.3020
Epoch 7/10, Loss: 0.2879
Epoch 8/10, Loss: 0.9734
Epoch 9/10, Loss: 0.8272
Epoch 10/10, Loss: 0.8330
Performance Metrics:
RMSE (test data): 140.4232635498047
MAE (test data): 112.2381591796875
MAPE (test data): 69.85146999359131
MSE (test data): 19718.693359375
R2 (test data): 0.22359606845132884
loss (test data): 19718.69430267698
Epoch 1/10, Loss: 192.0846
Epoch 2/10, Loss: 0.8142
Epoch 3/10, Loss: 0.6260
Epoch 4/10, Loss: 0.4598
Epoch 5/10, Loss: 0.3914
Epoch 6/10, Loss: 0.3619
Epoch 7/10, Loss: 1.0922
Epoch 8/10, Loss: 0.5006
Epoch 9/10, Loss: 1.1031
Epoch 10/10, Loss: 1.6945
Performance Metrics:
RMSE (test data): 141.19659423828125
MAE (test data): 113.17112731933594
MAPE (test data): 69.94147896766663
MSE (test data): 19936.4765625
R2 (test data): 0.2150211620772633
loss (test data): 19936.475180327256
Epoch 1/10, Loss: 144.9746
Epoch 2/10, Loss: 0.7442
Epoch 3/10, Loss: 0.5723
Epoch 4/10, Loss: 0.4517
Epoch 5/10, Loss: 0.3401
Epoch 6/10, Loss: 0.6462
Epoch 7/10, Loss: 1.2724
Epoch 8/10, Loss: 0.6988
Epoch 9/10, Loss: 1.0976
Epoch 10/10, Loss: 1.0637
Performance Metrics:
RMSE (test data): 139.8974609375
MAE (test data): 111.40286254882812
MAPE (test data): 69.8076844215393
MSE (test data): 19571.298828125
R2 (test data): 0.22939966431740222
loss (test data): 19571.297656922416
Epoch 1/10, Loss: 227.4560
Epoch 2/10, Loss: 0.8271
Epoch 3/10, Loss: 0.5465
Epoch 4/10, Loss: 0.5163
Epoch 5/10, Loss: 0.3658
Epoch 6/10, Loss: 0.2955
Epoch 7/10, Loss: 0.5124
Epoch 8/10, Loss: 1.8626
Epoch 9/10, Loss: 0.2987
Epoch 10/10, Loss: 0.8578
Performance Metrics:
RMSE (test data): 139.99725341796875
MAE (test data): 111.30272674560547
MAPE (test data): 69.65521574020386
MSE (test data): 19599.23046875
R2 (test data): 0.22829982671244942
loss (test data): 19599.230639975638
Epoch 1/10, Loss: 251.4189
Epoch 2/10, Loss: 1.0495
Epoch 3/10, Loss: 0.6366
Epoch 4/10, Loss: 0.4982
Epoch 5/10, Loss: 0.3953
Epoch 6/10, Loss: 0.4408
Epoch 7/10, Loss: 0.2887
Epoch 8/10, Loss: 0.8581
Epoch 9/10, Loss: 0.2216
Epoch 10/10, Loss: 3.6203
Performance Metrics:
RMSE (test data): 140.61524963378906
MAE (test data): 112.11981201171875
MAPE (test data): 69.65487599372864
MSE (test data): 19772.646484375
R2 (test data): 0.22147180652757992
loss (test data): 19772.645184933295
Epoch 1/10, Loss: 218.1647
Epoch 2/10, Loss: 0.8083
Epoch 3/10, Loss: 0.6708
Epoch 4/10, Loss: 0.4847
Epoch 5/10, Loss: 0.4941
Epoch 6/10, Loss: 0.3335
Epoch 7/10, Loss: 0.3651
Epoch 8/10, Loss: 0.2527
Epoch 9/10, Loss: 2.6154
Epoch 10/10, Loss: 2.1755
Performance Metrics:
RMSE (test data): 141.10015869140625
MAE (test data): 112.73250579833984
MAPE (test data): 69.69473361968994
MSE (test data): 19909.255859375
R2 (test data): 0.2160928202354495
loss (test data): 19909.257819344224
Epoch 1/10, Loss: 203.9054
Epoch 2/10, Loss: 0.8696
Epoch 3/10, Loss: 0.6737
Epoch 4/10, Loss: 0.5168
Epoch 5/10, Loss: 0.4655
Epoch 6/10, Loss: 0.3865
Epoch 7/10, Loss: 0.5410
Epoch 8/10, Loss: 0.7574
Epoch 9/10, Loss: 0.4190
Epoch 10/10, Loss: 1.1752
Performance Metrics:
RMSE (test data): 140.3946990966797
MAE (test data): 111.78175354003906
MAPE (test data): 69.53105330467224
MSE (test data): 19710.669921875
R2 (test data): 0.22391206304731315
loss (test data): 19710.668888037162
Epoch 1/10, Loss: 157.9340
Epoch 2/10, Loss: 0.7362
Epoch 3/10, Loss: 0.5386
Epoch 4/10, Loss: 0.4123
Epoch 5/10, Loss: 0.3552
Epoch 6/10, Loss: 0.2600
Epoch 7/10, Loss: 0.3968
Epoch 8/10, Loss: 0.5784
Epoch 9/10, Loss: 1.3201
Epoch 10/10, Loss: 1.1894
Performance Metrics:
RMSE (test data): 140.7657012939453
MAE (test data): 112.41658782958984
MAPE (test data): 69.6938157081604
MSE (test data): 19814.984375
R2 (test data): 0.2198047866169398
loss (test data): 19814.98322396986
Epoch 1/10, Loss: 228.6924
Epoch 2/10, Loss: 1.0029
Epoch 3/10, Loss: 0.5520
Epoch 4/10, Loss: 0.4783
Epoch 5/10, Loss: 0.3982
Epoch 6/10, Loss: 0.3183
Epoch 7/10, Loss: 0.3212
Epoch 8/10, Loss: 0.5362
Epoch 9/10, Loss: 0.2238
Epoch 10/10, Loss: 1.2719
Performance Metrics:
RMSE (test data): 140.33570861816406
MAE (test data): 111.59405517578125
MAPE (test data): 69.51597929000854
MSE (test data): 19694.109375
R2 (test data): 0.22456401586461505
loss (test data): 19694.110996360316
Epoch 1/10, Loss: 252.3172
Epoch 2/10, Loss: 1.1802
Epoch 3/10, Loss: 0.5332
Epoch 4/10, Loss: 0.4561
Epoch 5/10, Loss: 0.3582
Epoch 6/10, Loss: 0.3060
Epoch 7/10, Loss: 0.2666
Epoch 8/10, Loss: 0.6472
Epoch 9/10, Loss: 0.3857
Epoch 10/10, Loss: 3.7965
Performance Metrics:
RMSE (test data): 139.338134765625
MAE (test data): 110.45220947265625
MAPE (test data): 69.50874924659729
MSE (test data): 19415.115234375
R2 (test data): 0.23554911225802
loss (test data): 19415.117203589925
Epoch 1/10, Loss: 156.8010
Epoch 2/10, Loss: 0.7121
Epoch 3/10, Loss: 0.4628
Epoch 4/10, Loss: 0.4045
Epoch 5/10, Loss: 0.2854
Epoch 6/10, Loss: 0.2674
Epoch 7/10, Loss: 0.6826
Epoch 8/10, Loss: 1.0925
Epoch 9/10, Loss: 4.0820
Epoch 10/10, Loss: 0.2340
Performance Metrics:
RMSE (test data): 139.6434783935547
MAE (test data): 111.18438720703125
MAPE (test data): 69.77910995483398
MSE (test data): 19500.302734375
R2 (test data): 0.2321949497973913
loss (test data): 19500.304467524285
Epoch 1/10, Loss: 188.9704
Epoch 2/10, Loss: 0.7547
Epoch 3/10, Loss: 0.5364
Epoch 4/10, Loss: 0.4716
Epoch 5/10, Loss: 0.4564
Epoch 6/10, Loss: 0.3440
Epoch 7/10, Loss: 0.8324
Epoch 8/10, Loss: 0.8481
Epoch 9/10, Loss: 0.9731
Epoch 10/10, Loss: 2.4413
Performance Metrics:
RMSE (test data): 139.23406982421875
MAE (test data): 110.40513610839844
MAPE (test data): 69.63796019554138
MSE (test data): 19386.126953125
R2 (test data): 0.23669052278156644
loss (test data): 19386.12837095975
Epoch 1/10, Loss: 230.4996
Epoch 2/10, Loss: 0.9600
Epoch 3/10, Loss: 0.5690
Epoch 4/10, Loss: 0.4920
Epoch 5/10, Loss: 0.4120
Epoch 6/10, Loss: 0.3290
Epoch 7/10, Loss: 0.2536
Epoch 8/10, Loss: 0.6993
Epoch 9/10, Loss: 0.4015
Epoch 10/10, Loss: 3.8731
Performance Metrics:
RMSE (test data): 139.84991455078125
MAE (test data): 111.57962036132812
MAPE (test data): 69.90447640419006
MSE (test data): 19557.998046875
R2 (test data): 0.229923335504988
loss (test data): 19557.99770850624
Epoch 1/10, Loss: 197.7529
Epoch 2/10, Loss: 0.9093
Epoch 3/10, Loss: 0.5813
Epoch 4/10, Loss: 0.4535
Epoch 5/10, Loss: 0.4371
Epoch 6/10, Loss: 0.3988
Epoch 7/10, Loss: 0.5308
Epoch 8/10, Loss: 0.2032
Epoch 9/10, Loss: 0.3848
Epoch 10/10, Loss: 3.8156
Performance Metrics:
RMSE (test data): 139.02943420410156
MAE (test data): 110.47350311279297
MAPE (test data): 69.76590156555176
MSE (test data): 19329.18359375
R2 (test data): 0.2389326448810043
loss (test data): 19329.184145370327
wandb: - 0.001 MB of 0.001 MB uploadedwandb: \ 0.001 MB of 0.001 MB uploadedwandb: | 0.001 MB of 0.001 MB uploadedwandb: / 0.001 MB of 0.001 MB uploadedwandb: - 0.001 MB of 0.001 MB uploadedwandb: \ 0.001 MB of 0.001 MB uploadedwandb: | 0.001 MB of 0.053 MB uploadedwandb: 
wandb: Run history:
wandb: Communication Time ▁▁▁▁▁▁▁▁▁▁▁▁▁▁▁▁▁▁▁▁█▁▁▁▁▁▁▁▁▁▁▁▁▁▁▁▁▁▁▁
wandb:    MAE (test data) █▃▂▂▁▂▂▂▂▂▁▃▂▂▂▂▃▂▂▂▂▂▃▂▂▂▂▂▂▂▂▂▂▂▂▂▂▂▂▂
wandb:   MAPE (test data) ▁▆▆▇▇██▇█▇▇███▇█████▇██▇████████████████
wandb:    MSE (test data) █▂▂▁▁▁▁▁▁▁▁▁▁▁▁▁▁▁▁▁▁▁▁▁▁▁▁▁▁▁▁▁▁▁▁▁▁▁▁▁
wandb:     R2 (test data) ▁▇▇█████████████████████████████████████
wandb:   RMSE (test data) █▃▂▁▁▁▁▁▁▁▁▂▁▁▁▁▂▁▁▁▁▁▁▁▁▁▁▁▁▁▁▁▁▁▁▁▁▁▁▁
wandb:    loss(test data) █▂▂▁▁▁▁▁▁▁▁▁▁▁▁▁▁▁▁▁▁▁▁▁▁▁▁▁▁▁▁▁▁▁▁▁▁▁▁▁
wandb: 
wandb: Run summary:
wandb: Communication Time 4.66221
wandb:    MAE (test data) 110.4735
wandb:   MAPE (test data) 69.7659
wandb:    MSE (test data) 19329.18359
wandb:     R2 (test data) 0.23893
wandb:   RMSE (test data) 139.02943
wandb:    loss(test data) 19329.18415
wandb: 
wandb: 🚀 View run toasty-grass-39 at: https://wandb.ai/digitalai/CFL/runs/cbc4rir8
wandb: ️⚡ View job at https://wandb.ai/digitalai/CFL/jobs/QXJ0aWZhY3RDb2xsZWN0aW9uOjE0NzIyMzQ5Ng==/version_details/v0
wandb: Synced 6 W&B file(s), 0 media file(s), 0 artifact file(s) and 0 other file(s)
wandb: Find logs at: ./wandb/run-20240309_184510-cbc4rir8/logs
