wandb: Currently logged in as: longyunbo218 (digitalai). Use `wandb login --relogin` to force relogin
wandb: wandb version 0.16.4 is available!  To upgrade, please run:
wandb:  $ pip install wandb --upgrade
wandb: Tracking run with wandb version 0.16.2
wandb: Run data is saved locally in /Users/yunbo/Documents/GitHub/PFL_Optimiozation/Model_training/2_clusters/wandb/run-20240309_184511-q9lm3u43
wandb: Run `wandb offline` to turn off syncing.
wandb: Syncing run sunny-frog-44
wandb: ⭐️ View project at https://wandb.ai/digitalai/CFL
wandb: 🚀 View run at https://wandb.ai/digitalai/CFL/runs/q9lm3u43
INFO flwr 2024-03-09 18:45:25,395 | grpc.py:52 | Opened insecure gRPC connection (no certificates were passed)
DEBUG flwr 2024-03-09 18:45:25,396 | connection.py:42 | ChannelConnectivity.IDLE
DEBUG flwr 2024-03-09 18:45:25,398 | connection.py:42 | ChannelConnectivity.CONNECTING
DEBUG flwr 2024-03-09 18:45:25,408 | connection.py:42 | ChannelConnectivity.READY
Epoch 1/10, Loss: 20039.7680
Epoch 2/10, Loss: 5598.0285
Epoch 3/10, Loss: 4902.6451
Epoch 4/10, Loss: 4432.6736
Epoch 5/10, Loss: 4455.6033
Epoch 6/10, Loss: 4683.6266
Epoch 7/10, Loss: 7060.6507
Epoch 8/10, Loss: 4068.2007
Epoch 9/10, Loss: 4356.5345
Epoch 10/10, Loss: 3730.9065
Performance Metrics:
RMSE (test data): 191.59017944335938
MAE (test data): 128.09661865234375
MAPE (test data): 59.46419835090637
MSE (test data): 36706.796875
R2 (test data): -0.3554531053162173
loss (test data): 36706.797824646645
Epoch 1/10, Loss: 1699.8978
Epoch 2/10, Loss: 95.9654
Epoch 3/10, Loss: 61.4898
Epoch 4/10, Loss: 45.8105
Epoch 5/10, Loss: 42.0682
Epoch 6/10, Loss: 37.5034
Epoch 7/10, Loss: 35.7318
Epoch 8/10, Loss: 42.3273
Epoch 9/10, Loss: 57.1063
Epoch 10/10, Loss: 124.1753
Performance Metrics:
RMSE (test data): 165.5546875
MAE (test data): 119.0696792602539
MAPE (test data): 64.05395269393921
MSE (test data): 27408.35546875
R2 (test data): -0.012094287339192489
loss (test data): 27408.355486693905
Epoch 1/10, Loss: 2229.3808
Epoch 2/10, Loss: 58.3391
Epoch 3/10, Loss: 35.4610
Epoch 4/10, Loss: 29.1946
Epoch 5/10, Loss: 26.5235
Epoch 6/10, Loss: 27.8608
Epoch 7/10, Loss: 22.1686
Epoch 8/10, Loss: 21.6056
Epoch 9/10, Loss: 21.5824
Epoch 10/10, Loss: 45.9692
Performance Metrics:
RMSE (test data): 153.20973205566406
MAE (test data): 113.91777801513672
MAPE (test data): 66.97518825531006
MSE (test data): 23473.220703125
R2 (test data): 0.13321645658190995
loss (test data): 23473.219714139796
Epoch 1/10, Loss: 3004.4203
Epoch 2/10, Loss: 45.1832
Epoch 3/10, Loss: 22.7233
Epoch 4/10, Loss: 13.5220
Epoch 5/10, Loss: 9.9313
Epoch 6/10, Loss: 9.3719
Epoch 7/10, Loss: 6.9492
Epoch 8/10, Loss: 7.9187
Epoch 9/10, Loss: 7.5174
Epoch 10/10, Loss: 6.3674
Performance Metrics:
RMSE (test data): 144.9075164794922
MAE (test data): 103.79638671875
MAPE (test data): 66.43364429473877
MSE (test data): 20998.189453125
R2 (test data): 0.22461061731553678
loss (test data): 20998.189708480564
Epoch 1/10, Loss: 1234.0094
Epoch 2/10, Loss: 62.2717
Epoch 3/10, Loss: 25.7173
Epoch 4/10, Loss: 31.2892
Epoch 5/10, Loss: 14.6051
Epoch 6/10, Loss: 10.1548
Epoch 7/10, Loss: 19.6408
Epoch 8/10, Loss: 6.6008
Epoch 9/10, Loss: 6.6679
Epoch 10/10, Loss: 23.3277
Performance Metrics:
RMSE (test data): 144.93296813964844
MAE (test data): 108.48406219482422
MAPE (test data): 67.16218590736389
MSE (test data): 21005.56640625
R2 (test data): 0.22433819407739386
loss (test data): 21005.567052230566
Epoch 1/10, Loss: 2122.1808
Epoch 2/10, Loss: 40.5854
Epoch 3/10, Loss: 27.8140
Epoch 4/10, Loss: 15.8542
Epoch 5/10, Loss: 10.8863
Epoch 6/10, Loss: 16.5495
Epoch 7/10, Loss: 10.6635
Epoch 8/10, Loss: 61.2506
Epoch 9/10, Loss: 19.3001
Epoch 10/10, Loss: 50.3061
Performance Metrics:
RMSE (test data): 146.8756866455078
MAE (test data): 111.9015884399414
MAPE (test data): 67.70089864730835
MSE (test data): 21572.46875
R2 (test data): 0.20340444257697476
loss (test data): 21572.470603743375
Epoch 1/10, Loss: 1322.1280
Epoch 2/10, Loss: 11.5325
Epoch 3/10, Loss: 6.7780
Epoch 4/10, Loss: 6.0902
Epoch 5/10, Loss: 5.7710
Epoch 6/10, Loss: 6.2159
Epoch 7/10, Loss: 5.9498
Epoch 8/10, Loss: 5.1502
Epoch 9/10, Loss: 4.4295
Epoch 10/10, Loss: 4.0353
Performance Metrics:
RMSE (test data): 146.2567901611328
MAE (test data): 110.66625213623047
MAPE (test data): 66.88458919525146
MSE (test data): 21391.048828125
R2 (test data): 0.21010370059820782
loss (test data): 21391.049238074203
Epoch 1/10, Loss: 563.4696
Epoch 2/10, Loss: 9.9866
Epoch 3/10, Loss: 7.0601
Epoch 4/10, Loss: 10.3410
Epoch 5/10, Loss: 6.6600
Epoch 6/10, Loss: 7.8067
Epoch 7/10, Loss: 101.1402
Epoch 8/10, Loss: 9.2964
Epoch 9/10, Loss: 5.7423
Epoch 10/10, Loss: 11.3968
Performance Metrics:
RMSE (test data): 143.63697814941406
MAE (test data): 111.74507141113281
MAPE (test data): 69.28636431694031
MSE (test data): 20631.58203125
R2 (test data): 0.23814820443480111
loss (test data): 20631.580642667843
Epoch 1/10, Loss: 879.1625
Epoch 2/10, Loss: 6.0683
Epoch 3/10, Loss: 4.0791
Epoch 4/10, Loss: 4.1925
Epoch 5/10, Loss: 14.1864
Epoch 6/10, Loss: 3.3612
Epoch 7/10, Loss: 3.3372
Epoch 8/10, Loss: 4.6621
Epoch 9/10, Loss: 23.5206
Epoch 10/10, Loss: 7.0371
Performance Metrics:
RMSE (test data): 149.30612182617188
MAE (test data): 117.05682373046875
MAPE (test data): 69.0728485584259
MSE (test data): 22292.31640625
R2 (test data): 0.1768230956150154
loss (test data): 22292.31573956493
Epoch 1/10, Loss: 1548.5813
Epoch 2/10, Loss: 25.3954
Epoch 3/10, Loss: 7.8006
Epoch 4/10, Loss: 5.8515
Epoch 5/10, Loss: 5.8959
Epoch 6/10, Loss: 4.1032
Epoch 7/10, Loss: 5.7289
Epoch 8/10, Loss: 4.1390
Epoch 9/10, Loss: 3.4781
Epoch 10/10, Loss: 3.6991
Performance Metrics:
RMSE (test data): 144.71627807617188
MAE (test data): 113.94212341308594
MAPE (test data): 69.77576017379761
MSE (test data): 20942.802734375
R2 (test data): 0.22665585102315178
loss (test data): 20942.80307945009
Epoch 1/10, Loss: 1486.8255
Epoch 2/10, Loss: 6.7342
Epoch 3/10, Loss: 3.5090
Epoch 4/10, Loss: 2.6162
Epoch 5/10, Loss: 2.1438
Epoch 6/10, Loss: 2.1163
Epoch 7/10, Loss: 2.0562
Epoch 8/10, Loss: 1.4457
Epoch 9/10, Loss: 1.3656
Epoch 10/10, Loss: 1.6652
Performance Metrics:
RMSE (test data): 141.84262084960938
MAE (test data): 110.25257110595703
MAPE (test data): 69.30280327796936
MSE (test data): 20119.328125
R2 (test data): 0.2570639272223558
loss (test data): 20119.32699591431
Epoch 1/10, Loss: 622.0517
Epoch 2/10, Loss: 6.6878
Epoch 3/10, Loss: 2.0976
Epoch 4/10, Loss: 2.6130
Epoch 5/10, Loss: 1.8097
Epoch 6/10, Loss: 2.2782
Epoch 7/10, Loss: 1.4688
Epoch 8/10, Loss: 2.4103
Epoch 9/10, Loss: 1.4266
Epoch 10/10, Loss: 3.8722
Performance Metrics:
RMSE (test data): 143.33677673339844
MAE (test data): 112.98246765136719
MAPE (test data): 69.91896629333496
MSE (test data): 20545.43359375
R2 (test data): 0.24132937038132474
loss (test data): 20545.432232083702
Epoch 1/10, Loss: 865.2767
Epoch 2/10, Loss: 4.3843
Epoch 3/10, Loss: 2.8020
Epoch 4/10, Loss: 2.0292
Epoch 5/10, Loss: 3.3491
Epoch 6/10, Loss: 2.0404
Epoch 7/10, Loss: 3.6085
Epoch 8/10, Loss: 3.4388
Epoch 9/10, Loss: 1.8670
Epoch 10/10, Loss: 3.4518
Performance Metrics:
RMSE (test data): 143.61248779296875
MAE (test data): 113.28739166259766
MAPE (test data): 70.08633613586426
MSE (test data): 20624.544921875
R2 (test data): 0.23840804073086108
loss (test data): 20624.543973608656
Epoch 1/10, Loss: 691.0825
Epoch 2/10, Loss: 6.0513
Epoch 3/10, Loss: 2.8610
Epoch 4/10, Loss: 2.7232
Epoch 5/10, Loss: 7.6787
Epoch 6/10, Loss: 3.3943
Epoch 7/10, Loss: 3.7255
Epoch 8/10, Loss: 1.6672
Epoch 9/10, Loss: 3.6914
Epoch 10/10, Loss: 5.5369
Performance Metrics:
RMSE (test data): 144.0236053466797
MAE (test data): 113.38333892822266
MAPE (test data): 69.76298689842224
MSE (test data): 20742.798828125
R2 (test data): 0.23404128650469014
loss (test data): 20742.798298089663
Epoch 1/10, Loss: 1551.9911
Epoch 2/10, Loss: 15.4646
Epoch 3/10, Loss: 7.2472
Epoch 4/10, Loss: 6.2839
Epoch 5/10, Loss: 4.4095
Epoch 6/10, Loss: 3.9781
Epoch 7/10, Loss: 2.2084
Epoch 8/10, Loss: 2.5680
Epoch 9/10, Loss: 2.7819
Epoch 10/10, Loss: 1.9481
Performance Metrics:
RMSE (test data): 142.302001953125
MAE (test data): 110.1226806640625
MAPE (test data): 69.10162568092346
MSE (test data): 20249.861328125
R2 (test data): 0.2522437491935987
loss (test data): 20249.861662157684
Epoch 1/10, Loss: 1749.3599
Epoch 2/10, Loss: 14.7420
Epoch 3/10, Loss: 7.0898
Epoch 4/10, Loss: 2.4348
Epoch 5/10, Loss: 1.6935
Epoch 6/10, Loss: 1.4058
Epoch 7/10, Loss: 1.0670
Epoch 8/10, Loss: 0.9635
Epoch 9/10, Loss: 0.9820
Epoch 10/10, Loss: 1.5582
Performance Metrics:
RMSE (test data): 143.17745971679688
MAE (test data): 112.5626220703125
MAPE (test data): 69.89505290985107
MSE (test data): 20499.783203125
R2 (test data): 0.24301501110668589
loss (test data): 20499.78332597173
Epoch 1/10, Loss: 719.0938
Epoch 2/10, Loss: 3.5864
Epoch 3/10, Loss: 1.9935
Epoch 4/10, Loss: 1.3289
Epoch 5/10, Loss: 1.3307
Epoch 6/10, Loss: 1.5945
Epoch 7/10, Loss: 0.9629
Epoch 8/10, Loss: 1.0005
Epoch 9/10, Loss: 1.5307
Epoch 10/10, Loss: 10.9600
Performance Metrics:
RMSE (test data): 142.5466766357422
MAE (test data): 111.02473449707031
MAPE (test data): 69.20106410980225
MSE (test data): 20319.556640625
R2 (test data): 0.24967016250947338
loss (test data): 20319.556270704506
Epoch 1/10, Loss: 843.9573
Epoch 2/10, Loss: 7.1907
Epoch 3/10, Loss: 2.7131
Epoch 4/10, Loss: 4.9255
Epoch 5/10, Loss: 5.3617
Epoch 6/10, Loss: 1.8544
Epoch 7/10, Loss: 2.8610
Epoch 8/10, Loss: 2.0600
Epoch 9/10, Loss: 3.3961
Epoch 10/10, Loss: 5.9753
Performance Metrics:
RMSE (test data): 142.58848571777344
MAE (test data): 111.8550796508789
MAPE (test data): 69.72695589065552
MSE (test data): 20331.4765625
R2 (test data): 0.24922994392847275
loss (test data): 20331.47761566917
Epoch 1/10, Loss: 927.4431
Epoch 2/10, Loss: 9.1271
Epoch 3/10, Loss: 3.8635
Epoch 4/10, Loss: 2.4039
Epoch 5/10, Loss: 2.5791
Epoch 6/10, Loss: 2.6544
Epoch 7/10, Loss: 2.1557
Epoch 8/10, Loss: 5.3836
Epoch 9/10, Loss: 4.1718
Epoch 10/10, Loss: 1.5035
Performance Metrics:
RMSE (test data): 142.2932891845703
MAE (test data): 112.1850814819336
MAPE (test data): 70.19221186637878
MSE (test data): 20247.380859375
R2 (test data): 0.25233528905366553
loss (test data): 20247.3814439322
Epoch 1/10, Loss: 730.8996
Epoch 2/10, Loss: 6.0955
Epoch 3/10, Loss: 2.8764
Epoch 4/10, Loss: 3.3461
Epoch 5/10, Loss: 2.5247
Epoch 6/10, Loss: 2.2949
Epoch 7/10, Loss: 1.8711
Epoch 8/10, Loss: 8.9386
Epoch 9/10, Loss: 3.5663
Epoch 10/10, Loss: 9.0270
Performance Metrics:
RMSE (test data): 141.4114532470703
MAE (test data): 109.53692626953125
MAPE (test data): 69.09175515174866
MSE (test data): 19997.197265625
R2 (test data): 0.2615737180899733
loss (test data): 19997.198268413205
Epoch 1/10, Loss: 712.7081
Epoch 2/10, Loss: 6.9841
Epoch 3/10, Loss: 3.8308
Epoch 4/10, Loss: 1.6648
Epoch 5/10, Loss: 1.6595
Epoch 6/10, Loss: 1.4091
Epoch 7/10, Loss: 1.1955
Epoch 8/10, Loss: 1.0900
Epoch 9/10, Loss: 1.9882
Epoch 10/10, Loss: 1.0381
Performance Metrics:
RMSE (test data): 143.08544921875
MAE (test data): 112.80302429199219
MAPE (test data): 70.00841498374939
MSE (test data): 20473.447265625
R2 (test data): 0.24398752487097408
loss (test data): 20473.446695560953
Epoch 1/10, Loss: 578.1127
Epoch 2/10, Loss: 3.7964
Epoch 3/10, Loss: 2.0919
Epoch 4/10, Loss: 1.4940
Epoch 5/10, Loss: 1.2229
Epoch 6/10, Loss: 1.1111
Epoch 7/10, Loss: 0.7271
Epoch 8/10, Loss: 1.2038
Epoch 9/10, Loss: 0.5902
Epoch 10/10, Loss: 0.9494
Performance Metrics:
RMSE (test data): 144.0019989013672
MAE (test data): 113.20071411132812
MAPE (test data): 69.79524493217468
MSE (test data): 20736.576171875
R2 (test data): 0.23427106417130494
loss (test data): 20736.576584584807
Epoch 1/10, Loss: 798.4278
Epoch 2/10, Loss: 10.3381
Epoch 3/10, Loss: 4.0199
Epoch 4/10, Loss: 2.9178
Epoch 5/10, Loss: 2.8633
Epoch 6/10, Loss: 2.7259
Epoch 7/10, Loss: 2.0011
Epoch 8/10, Loss: 1.4865
Epoch 9/10, Loss: 3.3818
Epoch 10/10, Loss: 1.5224
Performance Metrics:
RMSE (test data): 142.96768188476562
MAE (test data): 112.34439086914062
MAPE (test data): 69.80872750282288
MSE (test data): 20439.7578125
R2 (test data): 0.2452315667028533
loss (test data): 20439.75707127871
Epoch 1/10, Loss: 1086.4393
Epoch 2/10, Loss: 5.1601
Epoch 3/10, Loss: 2.6085
Epoch 4/10, Loss: 2.2015
Epoch 5/10, Loss: 1.6988
Epoch 6/10, Loss: 1.8690
Epoch 7/10, Loss: 1.5017
Epoch 8/10, Loss: 1.2835
Epoch 9/10, Loss: 1.6193
Epoch 10/10, Loss: 1.4369
Performance Metrics:
RMSE (test data): 142.28878784179688
MAE (test data): 108.67438507080078
MAPE (test data): 68.5884416103363
MSE (test data): 20246.099609375
R2 (test data): 0.2523826813196689
loss (test data): 20246.09907485369
Epoch 1/10, Loss: 632.3646
Epoch 2/10, Loss: 4.0799
Epoch 3/10, Loss: 1.7273
Epoch 4/10, Loss: 1.2592
Epoch 5/10, Loss: 0.9985
Epoch 6/10, Loss: 1.0633
Epoch 7/10, Loss: 1.0203
Epoch 8/10, Loss: 0.8157
Epoch 9/10, Loss: 0.6332
Epoch 10/10, Loss: 1.3653
Performance Metrics:
RMSE (test data): 143.0016632080078
MAE (test data): 112.65983581542969
MAPE (test data): 69.96511220932007
MSE (test data): 20449.4765625
R2 (test data): 0.2448726678548374
loss (test data): 20449.47652247129
Epoch 1/10, Loss: 669.9265
Epoch 2/10, Loss: 4.9436
Epoch 3/10, Loss: 1.9913
Epoch 4/10, Loss: 1.2596
Epoch 5/10, Loss: 1.2585
Epoch 6/10, Loss: 0.8827
Epoch 7/10, Loss: 0.9462
Epoch 8/10, Loss: 0.7819
Epoch 9/10, Loss: 1.0215
Epoch 10/10, Loss: 0.5950
Performance Metrics:
RMSE (test data): 141.14772033691406
MAE (test data): 109.01268005371094
MAPE (test data): 68.98725032806396
MSE (test data): 19922.6796875
R2 (test data): 0.2643254560904731
loss (test data): 19922.678775121465
Epoch 1/10, Loss: 884.6826
Epoch 2/10, Loss: 4.9648
Epoch 3/10, Loss: 2.1558
Epoch 4/10, Loss: 1.5476
Epoch 5/10, Loss: 1.4106
Epoch 6/10, Loss: 1.1842
Epoch 7/10, Loss: 1.0454
Epoch 8/10, Loss: 0.9757
Epoch 9/10, Loss: 0.8480
Epoch 10/10, Loss: 0.7713
Performance Metrics:
RMSE (test data): 142.53933715820312
MAE (test data): 111.81201171875
MAPE (test data): 69.88006234169006
MSE (test data): 20317.4609375
R2 (test data): 0.24974746389102287
loss (test data): 20317.46320602363
Epoch 1/10, Loss: 825.1184
Epoch 2/10, Loss: 10.1744
Epoch 3/10, Loss: 5.9072
Epoch 4/10, Loss: 4.7144
Epoch 5/10, Loss: 3.7573
Epoch 6/10, Loss: 3.2277
Epoch 7/10, Loss: 3.3097
Epoch 8/10, Loss: 3.1553
Epoch 9/10, Loss: 2.0397
Epoch 10/10, Loss: 2.0508
Performance Metrics:
RMSE (test data): 144.61309814453125
MAE (test data): 114.53321838378906
MAPE (test data): 70.15441656112671
MSE (test data): 20912.947265625
R2 (test data): 0.22775831379649492
loss (test data): 20912.94750303666
Epoch 1/10, Loss: 1003.3114
Epoch 2/10, Loss: 11.2318
Epoch 3/10, Loss: 3.8169
Epoch 4/10, Loss: 2.7145
Epoch 5/10, Loss: 2.1113
Epoch 6/10, Loss: 1.8510
Epoch 7/10, Loss: 1.9373
Epoch 8/10, Loss: 1.4705
Epoch 9/10, Loss: 1.2292
Epoch 10/10, Loss: 0.9330
Performance Metrics:
RMSE (test data): 144.62240600585938
MAE (test data): 114.30652618408203
MAPE (test data): 69.98419761657715
MSE (test data): 20915.640625
R2 (test data): 0.22765886891446474
loss (test data): 20915.64047040636
Epoch 1/10, Loss: 890.0019
Epoch 2/10, Loss: 6.1291
Epoch 3/10, Loss: 2.0801
Epoch 4/10, Loss: 1.3926
Epoch 5/10, Loss: 1.1568
Epoch 6/10, Loss: 1.0559
Epoch 7/10, Loss: 0.8098
Epoch 8/10, Loss: 0.6984
Epoch 9/10, Loss: 0.6767
Epoch 10/10, Loss: 0.5001
Performance Metrics:
RMSE (test data): 144.00088500976562
MAE (test data): 113.19508361816406
MAPE (test data): 69.79517936706543
MSE (test data): 20736.25390625
R2 (test data): 0.23428294185734022
loss (test data): 20736.255224436838
Epoch 1/10, Loss: 722.0743
Epoch 2/10, Loss: 7.6287
Epoch 3/10, Loss: 2.9986
Epoch 4/10, Loss: 3.3533
Epoch 5/10, Loss: 3.9760
Epoch 6/10, Loss: 1.8624
Epoch 7/10, Loss: 2.9778
Epoch 8/10, Loss: 1.6575
Epoch 9/10, Loss: 1.9833
Epoch 10/10, Loss: 1.5849
Performance Metrics:
RMSE (test data): 143.24411010742188
MAE (test data): 112.47040557861328
MAPE (test data): 69.84911561012268
MSE (test data): 20518.876953125
R2 (test data): 0.2423099514921141
loss (test data): 20518.877015238515
Epoch 1/10, Loss: 712.0459
Epoch 2/10, Loss: 3.6072
Epoch 3/10, Loss: 1.9726
Epoch 4/10, Loss: 1.6508
Epoch 5/10, Loss: 1.4921
Epoch 6/10, Loss: 1.6884
Epoch 7/10, Loss: 1.4153
Epoch 8/10, Loss: 1.0070
Epoch 9/10, Loss: 1.5782
Epoch 10/10, Loss: 1.0890
Performance Metrics:
RMSE (test data): 143.18307495117188
MAE (test data): 112.14546966552734
MAPE (test data): 69.52620148658752
MSE (test data): 20501.39453125
R2 (test data): 0.24295547430861175
loss (test data): 20501.394622349824
Epoch 1/10, Loss: 720.5224
Epoch 2/10, Loss: 4.7012
Epoch 3/10, Loss: 1.9619
Epoch 4/10, Loss: 1.4597
Epoch 5/10, Loss: 1.3266
Epoch 6/10, Loss: 1.2595
Epoch 7/10, Loss: 1.1887
Epoch 8/10, Loss: 0.8228
Epoch 9/10, Loss: 0.9168
Epoch 10/10, Loss: 0.7584
Performance Metrics:
RMSE (test data): 142.9644775390625
MAE (test data): 111.38682556152344
MAPE (test data): 69.27608251571655
MSE (test data): 20438.83984375
R2 (test data): 0.245265452055779
loss (test data): 20438.83992104682
Epoch 1/10, Loss: 949.2936
Epoch 2/10, Loss: 10.1860
Epoch 3/10, Loss: 3.4334
Epoch 4/10, Loss: 2.0903
Epoch 5/10, Loss: 1.8763
Epoch 6/10, Loss: 1.7053
Epoch 7/10, Loss: 1.1602
Epoch 8/10, Loss: 1.0193
Epoch 9/10, Loss: 0.8040
Epoch 10/10, Loss: 0.7236
Performance Metrics:
RMSE (test data): 142.8386993408203
MAE (test data): 112.62599182128906
MAPE (test data): 70.07058262825012
MSE (test data): 20402.892578125
R2 (test data): 0.24659288836275417
loss (test data): 20402.89157257619
Epoch 1/10, Loss: 758.1250
Epoch 2/10, Loss: 6.0625
Epoch 3/10, Loss: 2.4919
Epoch 4/10, Loss: 1.8287
Epoch 5/10, Loss: 1.5249
Epoch 6/10, Loss: 1.1729
Epoch 7/10, Loss: 1.0000
Epoch 8/10, Loss: 1.1109
Epoch 9/10, Loss: 0.7993
Epoch 10/10, Loss: 0.7862
Performance Metrics:
RMSE (test data): 143.0027313232422
MAE (test data): 112.9593734741211
MAPE (test data): 70.21918892860413
MSE (test data): 20449.783203125
R2 (test data): 0.24486135949227528
loss (test data): 20449.782681371467
Epoch 1/10, Loss: 825.3636
Epoch 2/10, Loss: 5.8021
Epoch 3/10, Loss: 2.2879
Epoch 4/10, Loss: 1.6400
Epoch 5/10, Loss: 1.4610
Epoch 6/10, Loss: 1.1814
Epoch 7/10, Loss: 1.0193
Epoch 8/10, Loss: 0.9776
Epoch 9/10, Loss: 0.9995
Epoch 10/10, Loss: 0.7190
Performance Metrics:
RMSE (test data): 142.74249267578125
MAE (test data): 111.98896026611328
MAPE (test data): 69.67875957489014
MSE (test data): 20375.41796875
R2 (test data): 0.24760735091231534
loss (test data): 20375.419188935513
Epoch 1/10, Loss: 595.0805
Epoch 2/10, Loss: 4.9463
Epoch 3/10, Loss: 1.5148
Epoch 4/10, Loss: 1.1038
Epoch 5/10, Loss: 1.1802
Epoch 6/10, Loss: 0.9433
Epoch 7/10, Loss: 0.8353
Epoch 8/10, Loss: 0.6098
Epoch 9/10, Loss: 0.6710
Epoch 10/10, Loss: 0.6436
Performance Metrics:
RMSE (test data): 140.83436584472656
MAE (test data): 108.06224822998047
MAPE (test data): 68.5631275177002
MSE (test data): 19834.3203125
R2 (test data): 0.26758819768424713
loss (test data): 19834.321114454506
Epoch 1/10, Loss: 612.2328
Epoch 2/10, Loss: 4.0280
Epoch 3/10, Loss: 1.5696
Epoch 4/10, Loss: 1.2461
Epoch 5/10, Loss: 0.9981
Epoch 6/10, Loss: 0.9443
Epoch 7/10, Loss: 0.7498
Epoch 8/10, Loss: 0.6200
Epoch 9/10, Loss: 0.4733
Epoch 10/10, Loss: 0.4464
Performance Metrics:
RMSE (test data): 143.21273803710938
MAE (test data): 113.01791381835938
MAPE (test data): 70.1938271522522
MSE (test data): 20509.888671875
R2 (test data): 0.24264184161578795
loss (test data): 20509.889079063603
Epoch 1/10, Loss: 662.6142
Epoch 2/10, Loss: 4.0818
Epoch 3/10, Loss: 1.6936
Epoch 4/10, Loss: 1.3593
Epoch 5/10, Loss: 1.0799
Epoch 6/10, Loss: 0.9935
Epoch 7/10, Loss: 0.9779
Epoch 8/10, Loss: 0.6906
Epoch 9/10, Loss: 0.6194
Epoch 10/10, Loss: 0.4782
Performance Metrics:
RMSE (test data): 142.622802734375
MAE (test data): 112.32815551757812
MAPE (test data): 70.11508345603943
MSE (test data): 20341.263671875
R2 (test data): 0.24886854975004924
loss (test data): 20341.26460288759
Epoch 1/10, Loss: 794.9357
Epoch 2/10, Loss: 8.0385
Epoch 3/10, Loss: 2.5482
Epoch 4/10, Loss: 1.1999
Epoch 5/10, Loss: 0.9297
Epoch 6/10, Loss: 0.8143
Epoch 7/10, Loss: 0.7468
Epoch 8/10, Loss: 0.6686
Epoch 9/10, Loss: 0.6202
Epoch 10/10, Loss: 0.5219
Performance Metrics:
RMSE (test data): 143.97959899902344
MAE (test data): 113.09444427490234
MAPE (test data): 69.65057253837585
MSE (test data): 20730.125
R2 (test data): 0.23450927408875655
loss (test data): 20730.1257784894
Epoch 1/10, Loss: 737.4830
Epoch 2/10, Loss: 6.8230
Epoch 3/10, Loss: 2.6177
Epoch 4/10, Loss: 1.6013
Epoch 5/10, Loss: 1.1669
Epoch 6/10, Loss: 1.0582
Epoch 7/10, Loss: 0.9341
Epoch 8/10, Loss: 0.8305
Epoch 9/10, Loss: 0.6391
Epoch 10/10, Loss: 0.6766
Performance Metrics:
RMSE (test data): 144.498779296875
MAE (test data): 114.62922668457031
MAPE (test data): 70.26754021644592
MSE (test data): 20879.8984375
R2 (test data): 0.22897871883229481
loss (test data): 20879.897917126767
Epoch 1/10, Loss: 857.9707
Epoch 2/10, Loss: 7.2296
Epoch 3/10, Loss: 2.3584
Epoch 4/10, Loss: 1.4907
Epoch 5/10, Loss: 1.2200
Epoch 6/10, Loss: 1.0091
Epoch 7/10, Loss: 0.9561
Epoch 8/10, Loss: 0.9162
Epoch 9/10, Loss: 0.7880
Epoch 10/10, Loss: 0.6160
Performance Metrics:
RMSE (test data): 143.20248413085938
MAE (test data): 113.16881561279297
MAPE (test data): 70.15923261642456
MSE (test data): 20506.951171875
R2 (test data): 0.24275034901007964
loss (test data): 20506.950373371244
Epoch 1/10, Loss: 771.0061
Epoch 2/10, Loss: 8.0646
Epoch 3/10, Loss: 2.2843
Epoch 4/10, Loss: 1.2651
Epoch 5/10, Loss: 0.9728
Epoch 6/10, Loss: 0.7759
Epoch 7/10, Loss: 0.7927
Epoch 8/10, Loss: 0.6445
Epoch 9/10, Loss: 0.5704
Epoch 10/10, Loss: 0.5504
Performance Metrics:
RMSE (test data): 140.3057403564453
MAE (test data): 109.48091125488281
MAPE (test data): 70.15628814697266
MSE (test data): 19685.701171875
R2 (test data): 0.27307620094711604
loss (test data): 19685.70136649735
Epoch 1/10, Loss: 953.3201
Epoch 2/10, Loss: 5.2988
Epoch 3/10, Loss: 1.8183
Epoch 4/10, Loss: 1.1199
Epoch 5/10, Loss: 0.9372
Epoch 6/10, Loss: 0.7935
Epoch 7/10, Loss: 0.7116
Epoch 8/10, Loss: 0.6467
Epoch 9/10, Loss: 0.6045
Epoch 10/10, Loss: 0.5243
Performance Metrics:
RMSE (test data): 142.8307342529297
MAE (test data): 112.51712799072266
MAPE (test data): 70.00904679298401
MSE (test data): 20400.6171875
R2 (test data): 0.2466768710447116
loss (test data): 20400.61710744258
Epoch 1/10, Loss: 945.3543
Epoch 2/10, Loss: 6.8684
Epoch 3/10, Loss: 2.0838
Epoch 4/10, Loss: 1.1039
Epoch 5/10, Loss: 0.9145
Epoch 6/10, Loss: 0.7809
Epoch 7/10, Loss: 0.7100
Epoch 8/10, Loss: 0.6220
Epoch 9/10, Loss: 0.6455
Epoch 10/10, Loss: 0.5873
Performance Metrics:
RMSE (test data): 142.1496124267578
MAE (test data): 111.57624053955078
MAPE (test data): 69.85175609588623
MSE (test data): 20206.513671875
R2 (test data): 0.2538444212000933
loss (test data): 20206.513966569124
Epoch 1/10, Loss: 629.4270
Epoch 2/10, Loss: 4.3263
Epoch 3/10, Loss: 1.7511
Epoch 4/10, Loss: 1.3764
Epoch 5/10, Loss: 1.0704
Epoch 6/10, Loss: 0.9291
Epoch 7/10, Loss: 0.8210
Epoch 8/10, Loss: 0.6709
Epoch 9/10, Loss: 0.6785
Epoch 10/10, Loss: 0.6558
Performance Metrics:
RMSE (test data): 142.7483367919922
MAE (test data): 112.43778991699219
MAPE (test data): 70.03471255302429
MSE (test data): 20377.0859375
R2 (test data): 0.24754582172243633
loss (test data): 20377.08530532244
Epoch 1/10, Loss: 712.0854
Epoch 2/10, Loss: 7.5460
Epoch 3/10, Loss: 2.3957
Epoch 4/10, Loss: 1.4314
Epoch 5/10, Loss: 0.9387
Epoch 6/10, Loss: 0.8619
Epoch 7/10, Loss: 0.6359
Epoch 8/10, Loss: 0.5737
Epoch 9/10, Loss: 0.4847
Epoch 10/10, Loss: 0.4628
Performance Metrics:
RMSE (test data): 142.01194763183594
MAE (test data): 111.40888977050781
MAPE (test data): 69.90463137626648
MSE (test data): 20167.392578125
R2 (test data): 0.2552890420955718
loss (test data): 20167.39253533569
Epoch 1/10, Loss: 623.8559
Epoch 2/10, Loss: 4.3728
Epoch 3/10, Loss: 1.4148
Epoch 4/10, Loss: 1.0333
Epoch 5/10, Loss: 0.8849
Epoch 6/10, Loss: 0.7575
Epoch 7/10, Loss: 0.6157
Epoch 8/10, Loss: 0.5641
Epoch 9/10, Loss: 0.5931
Epoch 10/10, Loss: 0.4553
Performance Metrics:
RMSE (test data): 143.0794219970703
MAE (test data): 112.54290771484375
MAPE (test data): 69.89219784736633
MSE (test data): 20471.720703125
R2 (test data): 0.24405124393342714
loss (test data): 20471.721484375
Epoch 1/10, Loss: 633.8110
Epoch 2/10, Loss: 6.6362
Epoch 3/10, Loss: 1.7524
Epoch 4/10, Loss: 1.0169
Epoch 5/10, Loss: 0.8301
Epoch 6/10, Loss: 0.7713
Epoch 7/10, Loss: 0.6850
Epoch 8/10, Loss: 0.5479
Epoch 9/10, Loss: 0.4793
Epoch 10/10, Loss: 0.3998
Performance Metrics:
RMSE (test data): 143.4132843017578
MAE (test data): 113.01655578613281
MAPE (test data): 70.01973986625671
MSE (test data): 20567.369140625
R2 (test data): 0.2405192944880994
loss (test data): 20567.36819511926
Epoch 1/10, Loss: 636.4682
Epoch 2/10, Loss: 5.1752
Epoch 3/10, Loss: 1.5542
Epoch 4/10, Loss: 0.8627
Epoch 5/10, Loss: 0.7736
Epoch 6/10, Loss: 0.6038
Epoch 7/10, Loss: 0.5809
Epoch 8/10, Loss: 0.5233
Epoch 9/10, Loss: 0.4816
Epoch 10/10, Loss: 0.3562
Performance Metrics:
RMSE (test data): 143.8333282470703
MAE (test data): 113.31487274169922
MAPE (test data): 69.8973536491394
MSE (test data): 20688.02734375
R2 (test data): 0.23606382184540964
loss (test data): 20688.02733891895
Epoch 1/10, Loss: 703.1957
Epoch 2/10, Loss: 8.7786
Epoch 3/10, Loss: 2.0756
Epoch 4/10, Loss: 1.0616
Epoch 5/10, Loss: 0.8978
Epoch 6/10, Loss: 0.7708
Epoch 7/10, Loss: 0.6339
Epoch 8/10, Loss: 0.5270
Epoch 9/10, Loss: 0.5155
Epoch 10/10, Loss: 0.4286
Performance Metrics:
RMSE (test data): 143.01161193847656
MAE (test data): 112.0588150024414
MAPE (test data): 69.66074705123901
MSE (test data): 20452.3203125
R2 (test data): 0.24476771236527806
loss (test data): 20452.318890790637
Epoch 1/10, Loss: 757.1186
Epoch 2/10, Loss: 5.3673
Epoch 3/10, Loss: 1.7147
Epoch 4/10, Loss: 0.9509
Epoch 5/10, Loss: 0.8111
Epoch 6/10, Loss: 0.7556
Epoch 7/10, Loss: 0.6225
Epoch 8/10, Loss: 0.5496
Epoch 9/10, Loss: 0.5139
Epoch 10/10, Loss: 0.4425
Performance Metrics:
RMSE (test data): 142.40464782714844
MAE (test data): 111.56391143798828
MAPE (test data): 69.74008679389954
MSE (test data): 20279.08203125
R2 (test data): 0.25116473999887223
loss (test data): 20279.08195050243
Epoch 1/10, Loss: 851.3759
Epoch 2/10, Loss: 6.0065
Epoch 3/10, Loss: 2.1316
Epoch 4/10, Loss: 1.1264
Epoch 5/10, Loss: 0.9641
Epoch 6/10, Loss: 0.7828
Epoch 7/10, Loss: 0.7652
Epoch 8/10, Loss: 0.6353
Epoch 9/10, Loss: 0.7253
Epoch 10/10, Loss: 0.5207
Performance Metrics:
RMSE (test data): 141.5839080810547
MAE (test data): 110.30213928222656
MAPE (test data): 69.68345642089844
MSE (test data): 20046.001953125
R2 (test data): 0.2597715812044109
loss (test data): 20046.001587345407
Epoch 1/10, Loss: 796.2167
Epoch 2/10, Loss: 7.5475
Epoch 3/10, Loss: 2.4861
Epoch 4/10, Loss: 1.0853
Epoch 5/10, Loss: 0.7613
Epoch 6/10, Loss: 0.6233
Epoch 7/10, Loss: 0.5671
Epoch 8/10, Loss: 0.5373
Epoch 9/10, Loss: 0.4647
Epoch 10/10, Loss: 0.3944
Performance Metrics:
RMSE (test data): 143.09996032714844
MAE (test data): 112.55842590332031
MAPE (test data): 69.84903216362
MSE (test data): 20477.599609375
R2 (test data): 0.2438341669032943
loss (test data): 20477.599821941254
Epoch 1/10, Loss: 656.0636
Epoch 2/10, Loss: 5.5814
Epoch 3/10, Loss: 1.6083
Epoch 4/10, Loss: 1.0385
Epoch 5/10, Loss: 0.8706
Epoch 6/10, Loss: 0.7498
Epoch 7/10, Loss: 0.6798
Epoch 8/10, Loss: 0.5750
Epoch 9/10, Loss: 0.5421
Epoch 10/10, Loss: 0.4630
Performance Metrics:
RMSE (test data): 142.64378356933594
MAE (test data): 111.71076965332031
MAPE (test data): 69.60773468017578
MSE (test data): 20347.25
R2 (test data): 0.24864747438063517
loss (test data): 20347.25165049415
Epoch 1/10, Loss: 600.5236
Epoch 2/10, Loss: 3.4384
Epoch 3/10, Loss: 1.1779
Epoch 4/10, Loss: 1.0668
Epoch 5/10, Loss: 0.8171
Epoch 6/10, Loss: 0.7857
Epoch 7/10, Loss: 0.6585
Epoch 8/10, Loss: 0.6033
Epoch 9/10, Loss: 0.4681
Epoch 10/10, Loss: 0.4099
Performance Metrics:
RMSE (test data): 143.59683227539062
MAE (test data): 113.5444107055664
MAPE (test data): 70.21494507789612
MSE (test data): 20620.048828125
R2 (test data): 0.23857406740444975
loss (test data): 20620.048097946114
Epoch 1/10, Loss: 861.1132
Epoch 2/10, Loss: 6.1250
Epoch 3/10, Loss: 1.9465
Epoch 4/10, Loss: 1.1438
Epoch 5/10, Loss: 0.9677
Epoch 6/10, Loss: 1.0049
Epoch 7/10, Loss: 0.8204
Epoch 8/10, Loss: 0.7595
Epoch 9/10, Loss: 0.6006
Epoch 10/10, Loss: 0.5287
Performance Metrics:
RMSE (test data): 142.44012451171875
MAE (test data): 111.49183654785156
MAPE (test data): 69.65144276618958
MSE (test data): 20289.189453125
R2 (test data): 0.25079149630122866
loss (test data): 20289.18964498675
Epoch 1/10, Loss: 768.2674
Epoch 2/10, Loss: 6.4723
Epoch 3/10, Loss: 2.0671
Epoch 4/10, Loss: 1.1469
Epoch 5/10, Loss: 0.9208
Epoch 6/10, Loss: 0.8014
Epoch 7/10, Loss: 0.6942
Epoch 8/10, Loss: 0.6455
Epoch 9/10, Loss: 0.6192
Epoch 10/10, Loss: 0.5136
Performance Metrics:
RMSE (test data): 143.24937438964844
MAE (test data): 112.59178161621094
MAPE (test data): 69.74833607673645
MSE (test data): 20520.384765625
R2 (test data): 0.24225429554451616
loss (test data): 20520.384322548587
Epoch 1/10, Loss: 836.7091
Epoch 2/10, Loss: 7.7995
Epoch 3/10, Loss: 2.6346
Epoch 4/10, Loss: 1.4271
Epoch 5/10, Loss: 1.1171
Epoch 6/10, Loss: 0.9734
Epoch 7/10, Loss: 0.8657
Epoch 8/10, Loss: 0.7669
Epoch 9/10, Loss: 0.6412
Epoch 10/10, Loss: 0.6089
Performance Metrics:
RMSE (test data): 143.22808837890625
MAE (test data): 112.50372314453125
MAPE (test data): 69.73379850387573
MSE (test data): 20514.283203125
R2 (test data): 0.2424795894891889
loss (test data): 20514.28293189598
Epoch 1/10, Loss: 859.6104
Epoch 2/10, Loss: 7.6662
Epoch 3/10, Loss: 2.3213
Epoch 4/10, Loss: 1.1262
Epoch 5/10, Loss: 0.8653
Epoch 6/10, Loss: 0.7294
Epoch 7/10, Loss: 0.6955
Epoch 8/10, Loss: 0.6273
Epoch 9/10, Loss: 0.6186
Epoch 10/10, Loss: 0.5569
Performance Metrics:
RMSE (test data): 143.22398376464844
MAE (test data): 112.5851821899414
MAPE (test data): 69.75624561309814
MSE (test data): 20513.111328125
R2 (test data): 0.2425228674615948
loss (test data): 20513.110809822218
Epoch 1/10, Loss: 877.9449
Epoch 2/10, Loss: 6.2116
Epoch 3/10, Loss: 2.3049
Epoch 4/10, Loss: 1.3781
Epoch 5/10, Loss: 1.1627
Epoch 6/10, Loss: 0.9888
Epoch 7/10, Loss: 0.7758
Epoch 8/10, Loss: 0.7520
Epoch 9/10, Loss: 0.6668
Epoch 10/10, Loss: 0.5380
Performance Metrics:
RMSE (test data): 142.41567993164062
MAE (test data): 111.71490478515625
MAPE (test data): 69.9099063873291
MSE (test data): 20282.224609375
R2 (test data): 0.25104867235958017
loss (test data): 20282.22515528379
Epoch 1/10, Loss: 674.5022
Epoch 2/10, Loss: 7.7580
Epoch 3/10, Loss: 2.2930
Epoch 4/10, Loss: 1.1894
Epoch 5/10, Loss: 0.9895
Epoch 6/10, Loss: 0.9109
Epoch 7/10, Loss: 0.7352
Epoch 8/10, Loss: 0.6344
Epoch 9/10, Loss: 0.5458
Epoch 10/10, Loss: 0.4825
Performance Metrics:
RMSE (test data): 142.8756866455078
MAE (test data): 112.25586700439453
MAPE (test data): 69.7636067867279
MSE (test data): 20413.462890625
R2 (test data): 0.24620248968155756
loss (test data): 20413.46385821555
Epoch 1/10, Loss: 865.5029
Epoch 2/10, Loss: 8.9402
Epoch 3/10, Loss: 2.9188
Epoch 4/10, Loss: 1.6036
Epoch 5/10, Loss: 1.0316
Epoch 6/10, Loss: 0.8464
Epoch 7/10, Loss: 0.7343
Epoch 8/10, Loss: 0.7251
Epoch 9/10, Loss: 0.6080
Epoch 10/10, Loss: 0.5123
Performance Metrics:
RMSE (test data): 143.34071350097656
MAE (test data): 112.91893768310547
MAPE (test data): 69.8967456817627
MSE (test data): 20546.560546875
R2 (test data): 0.24128774928301167
loss (test data): 20546.559031305213
Epoch 1/10, Loss: 828.9237
Epoch 2/10, Loss: 7.2886
Epoch 3/10, Loss: 1.8643
Epoch 4/10, Loss: 0.9593
Epoch 5/10, Loss: 0.8032
Epoch 6/10, Loss: 0.6743
Epoch 7/10, Loss: 0.6472
Epoch 8/10, Loss: 0.5594
Epoch 9/10, Loss: 0.4777
Epoch 10/10, Loss: 0.4282
Performance Metrics:
RMSE (test data): 142.9998016357422
MAE (test data): 112.43986511230469
MAPE (test data): 69.86147165298462
MSE (test data): 20448.94140625
R2 (test data): 0.24489242837129088
loss (test data): 20448.941434546156
Epoch 1/10, Loss: 765.7792
Epoch 2/10, Loss: 6.6371
Epoch 3/10, Loss: 1.7670
Epoch 4/10, Loss: 0.9681
Epoch 5/10, Loss: 0.7353
Epoch 6/10, Loss: 0.7023
Epoch 7/10, Loss: 0.6282
Epoch 8/10, Loss: 0.6344
Epoch 9/10, Loss: 0.5173
Epoch 10/10, Loss: 0.4619
Performance Metrics:
RMSE (test data): 140.68603515625
MAE (test data): 110.54121398925781
MAPE (test data): 70.39827108383179
MSE (test data): 19792.5625
R2 (test data): 0.2691302364916981
loss (test data): 19792.561497901945
Epoch 1/10, Loss: 712.9930
Epoch 2/10, Loss: 7.5289
Epoch 3/10, Loss: 2.0769
Epoch 4/10, Loss: 1.0015
Epoch 5/10, Loss: 0.8345
Epoch 6/10, Loss: 0.7371
Epoch 7/10, Loss: 0.6548
Epoch 8/10, Loss: 0.5796
Epoch 9/10, Loss: 0.5454
Epoch 10/10, Loss: 0.4541
Performance Metrics:
RMSE (test data): 142.7015838623047
MAE (test data): 112.25299072265625
MAPE (test data): 69.94379758834839
MSE (test data): 20363.740234375
R2 (test data): 0.24803864145625487
loss (test data): 20363.73824881294
Epoch 1/10, Loss: 777.2996
Epoch 2/10, Loss: 9.3930
Epoch 3/10, Loss: 3.0480
Epoch 4/10, Loss: 1.3183
Epoch 5/10, Loss: 0.9259
Epoch 6/10, Loss: 0.7293
Epoch 7/10, Loss: 0.7234
Epoch 8/10, Loss: 0.6027
Epoch 9/10, Loss: 0.5609
Epoch 10/10, Loss: 0.4755
Performance Metrics:
RMSE (test data): 143.4017791748047
MAE (test data): 113.16738891601562
MAPE (test data): 69.99109983444214
MSE (test data): 20564.0703125
R2 (test data): 0.2406411058416702
loss (test data): 20564.070649293288
Epoch 1/10, Loss: 674.3695
Epoch 2/10, Loss: 5.5110
Epoch 3/10, Loss: 1.9291
Epoch 4/10, Loss: 1.1147
Epoch 5/10, Loss: 0.8893
Epoch 6/10, Loss: 0.8059
Epoch 7/10, Loss: 0.7352
Epoch 8/10, Loss: 0.6658
Epoch 9/10, Loss: 0.6666
Epoch 10/10, Loss: 0.4861
Performance Metrics:
RMSE (test data): 143.52560424804688
MAE (test data): 113.34735107421875
MAPE (test data): 70.07955312728882
MSE (test data): 20599.59765625
R2 (test data): 0.23932920400528956
loss (test data): 20599.597988212234
Epoch 1/10, Loss: 669.0931
Epoch 2/10, Loss: 5.6337
Epoch 3/10, Loss: 1.8402
Epoch 4/10, Loss: 0.9312
Epoch 5/10, Loss: 0.8178
Epoch 6/10, Loss: 0.6606
Epoch 7/10, Loss: 0.7030
Epoch 8/10, Loss: 0.5608
Epoch 9/10, Loss: 0.5225
Epoch 10/10, Loss: 0.4871
Performance Metrics:
RMSE (test data): 143.36892700195312
MAE (test data): 113.31327056884766
MAPE (test data): 70.17921805381775
MSE (test data): 20554.6484375
R2 (test data): 0.24098901902446979
loss (test data): 20554.648835716653
Epoch 1/10, Loss: 707.3473
Epoch 2/10, Loss: 7.3375
Epoch 3/10, Loss: 2.2822
Epoch 4/10, Loss: 1.0461
Epoch 5/10, Loss: 0.8424
Epoch 6/10, Loss: 0.7176
Epoch 7/10, Loss: 0.7277
Epoch 8/10, Loss: 0.6932
Epoch 9/10, Loss: 0.5714
Epoch 10/10, Loss: 0.5178
Performance Metrics:
RMSE (test data): 143.1625518798828
MAE (test data): 112.76226043701172
MAPE (test data): 69.98398900032043
MSE (test data): 20495.517578125
R2 (test data): 0.2431726210371392
loss (test data): 20495.51534755963
Epoch 1/10, Loss: 681.0403
Epoch 2/10, Loss: 7.1953
Epoch 3/10, Loss: 2.2120
Epoch 4/10, Loss: 1.1097
Epoch 5/10, Loss: 0.8456
Epoch 6/10, Loss: 0.8107
Epoch 7/10, Loss: 0.6995
Epoch 8/10, Loss: 0.6153
Epoch 9/10, Loss: 0.6023
Epoch 10/10, Loss: 0.5139
Performance Metrics:
RMSE (test data): 143.29591369628906
MAE (test data): 113.14423370361328
MAPE (test data): 70.10196447372437
MSE (test data): 20533.720703125
R2 (test data): 0.24176181170203226
loss (test data): 20533.721145511263
Epoch 1/10, Loss: 707.1086
Epoch 2/10, Loss: 6.0747
Epoch 3/10, Loss: 2.0593
Epoch 4/10, Loss: 1.2741
Epoch 5/10, Loss: 1.0872
Epoch 6/10, Loss: 0.8934
Epoch 7/10, Loss: 0.7965
Epoch 8/10, Loss: 0.6918
Epoch 9/10, Loss: 0.6331
Epoch 10/10, Loss: 0.5667
Performance Metrics:
RMSE (test data): 142.68711853027344
MAE (test data): 112.37727355957031
MAPE (test data): 70.04820704460144
MSE (test data): 20359.61328125
R2 (test data): 0.24819098001706918
loss (test data): 20359.612758806317
Epoch 1/10, Loss: 924.3538
Epoch 2/10, Loss: 9.9340
Epoch 3/10, Loss: 3.3726
Epoch 4/10, Loss: 1.5368
Epoch 5/10, Loss: 1.0061
Epoch 6/10, Loss: 0.8659
Epoch 7/10, Loss: 0.7848
Epoch 8/10, Loss: 0.7506
Epoch 9/10, Loss: 0.6722
Epoch 10/10, Loss: 0.5945
Performance Metrics:
RMSE (test data): 143.1529083251953
MAE (test data): 112.93209075927734
MAPE (test data): 70.03306746482849
MSE (test data): 20492.75390625
R2 (test data): 0.24327459133236473
loss (test data): 20492.753809628975
Epoch 1/10, Loss: 789.9931
Epoch 2/10, Loss: 9.8241
Epoch 3/10, Loss: 3.2510
Epoch 4/10, Loss: 1.4854
Epoch 5/10, Loss: 0.9573
Epoch 6/10, Loss: 0.8041
Epoch 7/10, Loss: 0.7376
Epoch 8/10, Loss: 0.6530
Epoch 9/10, Loss: 0.5745
Epoch 10/10, Loss: 0.5452
Performance Metrics:
RMSE (test data): 142.76107788085938
MAE (test data): 112.5661849975586
MAPE (test data): 70.11640667915344
MSE (test data): 20380.724609375
R2 (test data): 0.24741146388543656
loss (test data): 20380.723880576414
Epoch 1/10, Loss: 789.0500
Epoch 2/10, Loss: 8.9113
Epoch 3/10, Loss: 3.0090
Epoch 4/10, Loss: 1.3422
Epoch 5/10, Loss: 0.9683
Epoch 6/10, Loss: 0.7658
Epoch 7/10, Loss: 0.6988
Epoch 8/10, Loss: 0.6624
Epoch 9/10, Loss: 0.6074
Epoch 10/10, Loss: 0.5342
Performance Metrics:
RMSE (test data): 143.54190063476562
MAE (test data): 113.37784576416016
MAPE (test data): 70.06246447563171
MSE (test data): 20604.27734375
R2 (test data): 0.23915644633766853
loss (test data): 20604.276786108658
Epoch 1/10, Loss: 704.3855
Epoch 2/10, Loss: 6.9428
Epoch 3/10, Loss: 2.2463
Epoch 4/10, Loss: 1.0671
Epoch 5/10, Loss: 0.8961
Epoch 6/10, Loss: 0.7631
Epoch 7/10, Loss: 0.6303
Epoch 8/10, Loss: 0.5936
Epoch 9/10, Loss: 0.5990
Epoch 10/10, Loss: 0.4885
Performance Metrics:
RMSE (test data): 142.8350372314453
MAE (test data): 112.69194030761719
MAPE (test data): 70.09077668190002
MSE (test data): 20401.845703125
R2 (test data): 0.2466314686854013
loss (test data): 20401.846770097174
Epoch 1/10, Loss: 777.0377
Epoch 2/10, Loss: 10.8177
Epoch 3/10, Loss: 3.8484
Epoch 4/10, Loss: 1.8747
Epoch 5/10, Loss: 1.0798
Epoch 6/10, Loss: 0.9379
Epoch 7/10, Loss: 0.8156
Epoch 8/10, Loss: 0.7836
Epoch 9/10, Loss: 0.6530
Epoch 10/10, Loss: 0.5624
Performance Metrics:
RMSE (test data): 142.27264404296875
MAE (test data): 112.72803497314453
MAPE (test data): 70.56949138641357
MSE (test data): 20241.50390625
R2 (test data): 0.2525523666838013
loss (test data): 20241.50386484099
Epoch 1/10, Loss: 768.8374
Epoch 2/10, Loss: 6.6050
Epoch 3/10, Loss: 2.0288
Epoch 4/10, Loss: 1.0446
Epoch 5/10, Loss: 0.7963
Epoch 6/10, Loss: 0.6771
Epoch 7/10, Loss: 0.6318
Epoch 8/10, Loss: 0.5613
Epoch 9/10, Loss: 0.5017
Epoch 10/10, Loss: 0.4839
Performance Metrics:
RMSE (test data): 143.3416748046875
MAE (test data): 113.33760833740234
MAPE (test data): 70.17030715942383
MSE (test data): 20546.8359375
R2 (test data): 0.2412774868098967
loss (test data): 20546.83705899404
Epoch 1/10, Loss: 704.7943
Epoch 2/10, Loss: 5.3576
Epoch 3/10, Loss: 1.6779
Epoch 4/10, Loss: 1.0224
Epoch 5/10, Loss: 0.8663
Epoch 6/10, Loss: 0.8465
Epoch 7/10, Loss: 0.7291
Epoch 8/10, Loss: 0.6111
Epoch 9/10, Loss: 0.6520
Epoch 10/10, Loss: 0.5143
Performance Metrics:
RMSE (test data): 142.99996948242188
MAE (test data): 112.8886489868164
MAPE (test data): 70.09547352790833
MSE (test data): 20448.990234375
R2 (test data): 0.24489064853516795
loss (test data): 20448.989555957378
Epoch 1/10, Loss: 811.3151
Epoch 2/10, Loss: 7.1671
Epoch 3/10, Loss: 2.3550
Epoch 4/10, Loss: 1.1189
Epoch 5/10, Loss: 0.8977
Epoch 6/10, Loss: 0.7397
Epoch 7/10, Loss: 0.7044
Epoch 8/10, Loss: 0.6252
Epoch 9/10, Loss: 0.6189
Epoch 10/10, Loss: 0.5341
Performance Metrics:
RMSE (test data): 143.5147705078125
MAE (test data): 113.64073181152344
MAPE (test data): 70.20590901374817
MSE (test data): 20596.48828125
R2 (test data): 0.23944404941776343
loss (test data): 20596.48797861915
Epoch 1/10, Loss: 730.5669
Epoch 2/10, Loss: 7.9694
Epoch 3/10, Loss: 2.6010
Epoch 4/10, Loss: 1.2266
Epoch 5/10, Loss: 0.9726
Epoch 6/10, Loss: 0.7889
Epoch 7/10, Loss: 0.9040
Epoch 8/10, Loss: 0.6697
Epoch 9/10, Loss: 0.6193
Epoch 10/10, Loss: 0.6195
Performance Metrics:
RMSE (test data): 142.2458953857422
MAE (test data): 111.92254638671875
MAPE (test data): 69.9980080127716
MSE (test data): 20233.896484375
R2 (test data): 0.25283323990236195
loss (test data): 20233.89742573984
Epoch 1/10, Loss: 781.3240
Epoch 2/10, Loss: 10.7160
Epoch 3/10, Loss: 3.0567
Epoch 4/10, Loss: 1.3629
Epoch 5/10, Loss: 0.9410
Epoch 6/10, Loss: 0.7314
Epoch 7/10, Loss: 0.6628
Epoch 8/10, Loss: 0.6629
Epoch 9/10, Loss: 0.6333
Epoch 10/10, Loss: 0.5762
Performance Metrics:
RMSE (test data): 140.9925994873047
MAE (test data): 110.73957824707031
MAPE (test data): 70.22173404693604
MSE (test data): 19878.912109375
R2 (test data): 0.26594154958802474
loss (test data): 19878.912635269433
Epoch 1/10, Loss: 775.8549
Epoch 2/10, Loss: 8.2493
Epoch 3/10, Loss: 3.3519
Epoch 4/10, Loss: 1.5899
Epoch 5/10, Loss: 0.9877
Epoch 6/10, Loss: 0.8078
Epoch 7/10, Loss: 0.7450
Epoch 8/10, Loss: 0.6895
Epoch 9/10, Loss: 0.7351
Epoch 10/10, Loss: 0.5736
Performance Metrics:
RMSE (test data): 143.11294555664062
MAE (test data): 112.90673828125
MAPE (test data): 70.01010775566101
MSE (test data): 20481.31640625
R2 (test data): 0.243696883694153
loss (test data): 20481.317739620143
Epoch 1/10, Loss: 642.8301
Epoch 2/10, Loss: 5.8936
Epoch 3/10, Loss: 1.8602
Epoch 4/10, Loss: 1.2011
Epoch 5/10, Loss: 0.8930
Epoch 6/10, Loss: 0.8024
Epoch 7/10, Loss: 0.8170
Epoch 8/10, Loss: 0.6537
Epoch 9/10, Loss: 0.5900
Epoch 10/10, Loss: 0.5031
Performance Metrics:
RMSE (test data): 142.2911834716797
MAE (test data): 111.74655151367188
MAPE (test data): 70.0032651424408
MSE (test data): 20246.779296875
R2 (test data): 0.2523575273316888
DEBUG flwr 2024-03-09 18:56:04,681 | connection.py:141 | gRPC channel closed
INFO flwr 2024-03-09 18:56:04,682 | app.py:304 | Disconnect and shut down
loss (test data): 20246.780093308305
Epoch 1/10, Loss: 646.4275
Epoch 2/10, Loss: 4.7550
Epoch 3/10, Loss: 1.6698
Epoch 4/10, Loss: 1.1153
Epoch 5/10, Loss: 0.9359
Epoch 6/10, Loss: 0.8468
Epoch 7/10, Loss: 0.7191
Epoch 8/10, Loss: 0.6169
Epoch 9/10, Loss: 0.5566
Epoch 10/10, Loss: 0.5995
Performance Metrics:
RMSE (test data): 142.89292907714844
MAE (test data): 112.43315124511719
MAPE (test data): 69.9752926826477
MSE (test data): 20418.390625
R2 (test data): 0.24602056966479757
loss (test data): 20418.39050698432
Epoch 1/10, Loss: 851.5471
Epoch 2/10, Loss: 8.4288
Epoch 3/10, Loss: 2.6123
Epoch 4/10, Loss: 1.2480
Epoch 5/10, Loss: 0.8693
Epoch 6/10, Loss: 0.7837
Epoch 7/10, Loss: 0.7056
Epoch 8/10, Loss: 0.6426
Epoch 9/10, Loss: 0.6885
Epoch 10/10, Loss: 0.5860
Performance Metrics:
RMSE (test data): 142.54708862304688
MAE (test data): 112.11433410644531
MAPE (test data): 69.95652914047241
MSE (test data): 20319.673828125
R2 (test data): 0.24966583511722318
loss (test data): 20319.673394020538
Epoch 1/10, Loss: 664.1262
Epoch 2/10, Loss: 7.3309
Epoch 3/10, Loss: 2.3515
Epoch 4/10, Loss: 1.1301
Epoch 5/10, Loss: 0.8311
Epoch 6/10, Loss: 0.6999
Epoch 7/10, Loss: 0.6604
Epoch 8/10, Loss: 0.5876
Epoch 9/10, Loss: 0.6029
Epoch 10/10, Loss: 0.5489
Performance Metrics:
RMSE (test data): 143.09718322753906
MAE (test data): 112.79277801513672
MAPE (test data): 70.01747488975525
MSE (test data): 20476.8046875
R2 (test data): 0.24386351057640843
loss (test data): 20476.805147830168
Epoch 1/10, Loss: 642.5668
Epoch 2/10, Loss: 7.7833
Epoch 3/10, Loss: 2.3338
Epoch 4/10, Loss: 1.0734
Epoch 5/10, Loss: 0.8572
Epoch 6/10, Loss: 0.7327
Epoch 7/10, Loss: 0.6681
Epoch 8/10, Loss: 0.6955
Epoch 9/10, Loss: 0.6215
Epoch 10/10, Loss: 0.5448
Performance Metrics:
RMSE (test data): 143.7998809814453
MAE (test data): 113.63264465332031
MAPE (test data): 70.0998067855835
MSE (test data): 20678.40625
R2 (test data): 0.23641903473341286
loss (test data): 20678.407997460246
Epoch 1/10, Loss: 696.9011
Epoch 2/10, Loss: 8.7631
Epoch 3/10, Loss: 2.6719
Epoch 4/10, Loss: 1.2774
Epoch 5/10, Loss: 0.8793
Epoch 6/10, Loss: 0.7752
Epoch 7/10, Loss: 0.7213
Epoch 8/10, Loss: 0.6705
Epoch 9/10, Loss: 0.7053
Epoch 10/10, Loss: 0.6028
Performance Metrics:
RMSE (test data): 142.60475158691406
MAE (test data): 112.01197814941406
MAPE (test data): 69.95322108268738
MSE (test data): 20336.115234375
R2 (test data): 0.2490587262151437
loss (test data): 20336.114737466873
Epoch 1/10, Loss: 843.2992
Epoch 2/10, Loss: 8.9519
Epoch 3/10, Loss: 2.8374
Epoch 4/10, Loss: 1.2451
Epoch 5/10, Loss: 0.8808
Epoch 6/10, Loss: 0.7129
Epoch 7/10, Loss: 0.6542
Epoch 8/10, Loss: 0.6311
Epoch 9/10, Loss: 0.5662
Epoch 10/10, Loss: 0.4965
Performance Metrics:
RMSE (test data): 142.68515014648438
MAE (test data): 111.87549591064453
MAPE (test data): 69.79039311408997
MSE (test data): 20359.05078125
R2 (test data): 0.2482117941250921
loss (test data): 20359.050263637368
Epoch 1/10, Loss: 754.4290
Epoch 2/10, Loss: 9.2813
Epoch 3/10, Loss: 3.2044
Epoch 4/10, Loss: 1.3537
Epoch 5/10, Loss: 0.9960
Epoch 6/10, Loss: 0.8164
Epoch 7/10, Loss: 0.8469
Epoch 8/10, Loss: 0.7220
Epoch 9/10, Loss: 0.7267
Epoch 10/10, Loss: 0.6004
Performance Metrics:
RMSE (test data): 143.28167724609375
MAE (test data): 112.64291381835938
MAPE (test data): 69.80920433998108
MSE (test data): 20529.638671875
R2 (test data): 0.2419125039109563
loss (test data): 20529.64031857332
Epoch 1/10, Loss: 639.2724
Epoch 2/10, Loss: 8.7747
Epoch 3/10, Loss: 2.2737
Epoch 4/10, Loss: 1.1272
Epoch 5/10, Loss: 0.7512
Epoch 6/10, Loss: 0.6922
Epoch 7/10, Loss: 0.6627
Epoch 8/10, Loss: 0.6087
Epoch 9/10, Loss: 0.5411
Epoch 10/10, Loss: 0.4403
Performance Metrics:
RMSE (test data): 143.76463317871094
MAE (test data): 113.27117919921875
MAPE (test data): 69.85898017883301
MSE (test data): 20668.271484375
R2 (test data): 0.23679334834378807
loss (test data): 20668.271163455167
Epoch 1/10, Loss: 820.6373
Epoch 2/10, Loss: 9.7539
Epoch 3/10, Loss: 3.0497
Epoch 4/10, Loss: 1.4279
Epoch 5/10, Loss: 0.9511
Epoch 6/10, Loss: 0.7968
Epoch 7/10, Loss: 0.6972
Epoch 8/10, Loss: 0.6702
Epoch 9/10, Loss: 0.6385
Epoch 10/10, Loss: 0.5917
Performance Metrics:
RMSE (test data): 143.08389282226562
MAE (test data): 112.35946655273438
MAPE (test data): 69.68914866447449
MSE (test data): 20473.0
R2 (test data): 0.24400402701111923
loss (test data): 20472.99996825309
Epoch 1/10, Loss: 951.6593
Epoch 2/10, Loss: 14.2758
Epoch 3/10, Loss: 5.2221
Epoch 4/10, Loss: 2.4158
Epoch 5/10, Loss: 1.3820
Epoch 6/10, Loss: 0.9784
Epoch 7/10, Loss: 0.8837
Epoch 8/10, Loss: 0.8473
Epoch 9/10, Loss: 0.7612
Epoch 10/10, Loss: 0.6895
Performance Metrics:
RMSE (test data): 143.38687133789062
MAE (test data): 112.87998962402344
MAPE (test data): 69.83058452606201
MSE (test data): 20559.796875
R2 (test data): 0.2407989313703668
loss (test data): 20559.79669003975
Epoch 1/10, Loss: 669.2826
Epoch 2/10, Loss: 7.8540
Epoch 3/10, Loss: 2.4678
Epoch 4/10, Loss: 1.2084
Epoch 5/10, Loss: 0.8008
Epoch 6/10, Loss: 0.7127
Epoch 7/10, Loss: 0.7602
Epoch 8/10, Loss: 0.6102
Epoch 9/10, Loss: 0.5692
Epoch 10/10, Loss: 0.5653
Performance Metrics:
RMSE (test data): 143.01644897460938
MAE (test data): 112.1380844116211
MAPE (test data): 69.65715289115906
MSE (test data): 20453.705078125
R2 (test data): 0.2447165548079684
loss (test data): 20453.704278931094
Epoch 1/10, Loss: 735.9039
Epoch 2/10, Loss: 8.2372
Epoch 3/10, Loss: 2.7917
Epoch 4/10, Loss: 1.2621
Epoch 5/10, Loss: 0.8273
Epoch 6/10, Loss: 0.7094
Epoch 7/10, Loss: 0.6225
Epoch 8/10, Loss: 0.6023
Epoch 9/10, Loss: 0.5674
Epoch 10/10, Loss: 0.5567
Performance Metrics:
RMSE (test data): 141.95040893554688
MAE (test data): 110.91466522216797
MAPE (test data): 69.63504552841187
MSE (test data): 20149.919921875
R2 (test data): 0.25593420690931934
loss (test data): 20149.91979833812
Epoch 1/10, Loss: 669.5420
Epoch 2/10, Loss: 7.5530
Epoch 3/10, Loss: 2.2740
Epoch 4/10, Loss: 1.0740
Epoch 5/10, Loss: 0.8250
Epoch 6/10, Loss: 0.6702
Epoch 7/10, Loss: 0.6699
Epoch 8/10, Loss: 0.5687
Epoch 9/10, Loss: 0.5392
Epoch 10/10, Loss: 0.4652
Performance Metrics:
RMSE (test data): 142.34005737304688
MAE (test data): 111.7773666381836
MAPE (test data): 69.91684436798096
MSE (test data): 20260.69140625
R2 (test data): 0.2518438692270847
loss (test data): 20260.690526998675
Epoch 1/10, Loss: 861.7644
Epoch 2/10, Loss: 7.5776
Epoch 3/10, Loss: 2.3824
Epoch 4/10, Loss: 1.0540
Epoch 5/10, Loss: 0.7578
Epoch 6/10, Loss: 0.7017
Epoch 7/10, Loss: 0.6409
Epoch 8/10, Loss: 0.6008
Epoch 9/10, Loss: 0.6038
Epoch 10/10, Loss: 0.5498
Performance Metrics:
RMSE (test data): 141.9181671142578
MAE (test data): 110.96627807617188
MAPE (test data): 69.76778507232666
MSE (test data): 20140.765625
R2 (test data): 0.256272319763182
loss (test data): 20140.764480731006
Epoch 1/10, Loss: 856.0812
Epoch 2/10, Loss: 11.0772
Epoch 3/10, Loss: 4.2994
Epoch 4/10, Loss: 1.9929
Epoch 5/10, Loss: 1.0678
Epoch 6/10, Loss: 0.8302
Epoch 7/10, Loss: 0.7112
Epoch 8/10, Loss: 0.6867
Epoch 9/10, Loss: 0.5515
Epoch 10/10, Loss: 0.5584
Performance Metrics:
RMSE (test data): 142.43362426757812
MAE (test data): 112.01337432861328
MAPE (test data): 70.04422545433044
MSE (test data): 20287.337890625
R2 (test data): 0.2508598446346175
loss (test data): 20287.33859250773
Epoch 1/10, Loss: 810.2799
Epoch 2/10, Loss: 10.6324
Epoch 3/10, Loss: 4.2183
Epoch 4/10, Loss: 1.7484
Epoch 5/10, Loss: 1.0938
Epoch 6/10, Loss: 0.7663
Epoch 7/10, Loss: 0.6920
Epoch 8/10, Loss: 0.6102
Epoch 9/10, Loss: 0.5692
Epoch 10/10, Loss: 0.4940
Performance Metrics:
RMSE (test data): 141.81549072265625
MAE (test data): 111.16167449951172
MAPE (test data): 69.88853216171265
MSE (test data): 20111.634765625
R2 (test data): 0.2573479446056134
loss (test data): 20111.63558690371
wandb: - 0.001 MB of 0.001 MB uploadedwandb: \ 0.001 MB of 0.001 MB uploadedwandb: | 0.001 MB of 0.001 MB uploadedwandb: / 0.001 MB of 0.001 MB uploadedwandb: - 0.001 MB of 0.001 MB uploadedwandb: \ 0.063 MB of 0.063 MB uploadedwandb: 
wandb: Run history:
wandb: Communication Time ▁▁▁▁▁▁▁▁▁▁▁▁▁▁▁▁▁▁▁▁█▁▁▁▁▁▁▁▁▁▁▁▁▁▁▁▁▁▁▁
wandb:    MAE (test data) █▃▂▂▁▃▂▂▂▂▁▃▂▂▂▂▃▂▂▂▂▂▃▂▂▂▃▃▂▂▂▂▂▂▂▂▃▂▂▂
wandb:   MAPE (test data) ▁▆▆▇▇██▇██▇███▇█████▇██▇████████████████
wandb:    MSE (test data) █▂▂▁▁▁▁▁▁▁▁▁▁▁▁▁▁▁▁▁▁▁▁▁▁▁▁▁▁▁▁▁▁▁▁▁▁▁▁▁
wandb:     R2 (test data) ▁▇▇█████████████████████████████████████
wandb:   RMSE (test data) █▃▂▁▁▁▁▁▁▁▁▂▁▁▁▁▁▁▁▁▁▁▁▁▁▁▁▁▁▁▁▁▁▁▁▁▁▁▁▁
wandb:    loss(test data) █▂▂▁▁▁▁▁▁▁▁▁▁▁▁▁▁▁▁▁▁▁▁▁▁▁▁▁▁▁▁▁▁▁▁▁▁▁▁▁
wandb: 
wandb: Run summary:
wandb: Communication Time 2.64751
wandb:    MAE (test data) 111.16167
wandb:   MAPE (test data) 69.88853
wandb:    MSE (test data) 20111.63477
wandb:     R2 (test data) 0.25735
wandb:   RMSE (test data) 141.81549
wandb:    loss(test data) 20111.63559
wandb: 
wandb: 🚀 View run sunny-frog-44 at: https://wandb.ai/digitalai/CFL/runs/q9lm3u43
wandb: ️⚡ View job at https://wandb.ai/digitalai/CFL/jobs/QXJ0aWZhY3RDb2xsZWN0aW9uOjE0NzIyMzQ5Ng==/version_details/v0
wandb: Synced 6 W&B file(s), 0 media file(s), 0 artifact file(s) and 0 other file(s)
wandb: Find logs at: ./wandb/run-20240309_184511-q9lm3u43/logs
