wandb: Currently logged in as: longyunbo218 (digitalai). Use `wandb login --relogin` to force relogin
wandb: wandb version 0.16.4 is available!  To upgrade, please run:
wandb:  $ pip install wandb --upgrade
wandb: Tracking run with wandb version 0.16.2
wandb: Run data is saved locally in /Users/yunbo/Documents/GitHub/PFL_Optimiozation/Model_training/2_clusters/wandb/run-20240309_184511-l10kn63a
wandb: Run `wandb offline` to turn off syncing.
wandb: Syncing run dauntless-terrain-42
wandb: ⭐️ View project at https://wandb.ai/digitalai/CFL
wandb: 🚀 View run at https://wandb.ai/digitalai/CFL/runs/l10kn63a
INFO flwr 2024-03-09 18:45:25,422 | grpc.py:52 | Opened insecure gRPC connection (no certificates were passed)
DEBUG flwr 2024-03-09 18:45:25,430 | connection.py:42 | ChannelConnectivity.IDLE
DEBUG flwr 2024-03-09 18:45:25,433 | connection.py:42 | ChannelConnectivity.CONNECTING
DEBUG flwr 2024-03-09 18:45:25,437 | connection.py:42 | ChannelConnectivity.READY
Epoch 1/10, Loss: 10897.4879
Epoch 2/10, Loss: 2926.3793
Epoch 3/10, Loss: 2686.6813
Epoch 4/10, Loss: 2578.6318
Epoch 5/10, Loss: 2245.9812
Epoch 6/10, Loss: 2054.6999
Epoch 7/10, Loss: 2097.1158
Epoch 8/10, Loss: 2152.4144
Epoch 9/10, Loss: 1989.9921
Epoch 10/10, Loss: 1835.6457
Performance Metrics:
RMSE (test data): 73.21125793457031
MAE (test data): 58.567665100097656
MAPE (test data): 69.6448564529419
MSE (test data): 5359.88818359375
R2 (test data): 0.5648641714696715
loss (test data): 5359.88858245482
Epoch 1/10, Loss: 281.3272
Epoch 2/10, Loss: 30.3937
Epoch 3/10, Loss: 19.5606
Epoch 4/10, Loss: 14.0869
Epoch 5/10, Loss: 11.5895
Epoch 6/10, Loss: 9.3413
Epoch 7/10, Loss: 6.9689
Epoch 8/10, Loss: 5.0687
Epoch 9/10, Loss: 3.7895
Epoch 10/10, Loss: 3.1420
Performance Metrics:
RMSE (test data): 65.53273010253906
MAE (test data): 54.1451530456543
MAPE (test data): 129.1537046432495
MSE (test data): 4294.53857421875
R2 (test data): 0.6513532394683688
loss (test data): 4294.539020613704
Epoch 1/10, Loss: 179.0584
Epoch 2/10, Loss: 13.9730
Epoch 3/10, Loss: 7.2346
Epoch 4/10, Loss: 4.8559
Epoch 5/10, Loss: 3.5043
Epoch 6/10, Loss: 2.8586
Epoch 7/10, Loss: 2.3967
Epoch 8/10, Loss: 1.9838
Epoch 9/10, Loss: 1.6731
Epoch 10/10, Loss: 1.6692
Performance Metrics:
RMSE (test data): 102.71269989013672
MAE (test data): 87.54285430908203
MAPE (test data): 150.3571629524231
MSE (test data): 10549.8994140625
R2 (test data): 0.14351964285239072
loss (test data): 10549.899732680722
Epoch 1/10, Loss: 461.0713
Epoch 2/10, Loss: 8.4637
Epoch 3/10, Loss: 5.5457
Epoch 4/10, Loss: 3.7828
Epoch 5/10, Loss: 2.5931
Epoch 6/10, Loss: 2.7612
Epoch 7/10, Loss: 2.2963
Epoch 8/10, Loss: 1.7533
Epoch 9/10, Loss: 1.6903
Epoch 10/10, Loss: 2.0295
Performance Metrics:
RMSE (test data): 118.82695770263672
MAE (test data): 104.82855224609375
MAPE (test data): 160.89640855789185
MSE (test data): 14119.8466796875
R2 (test data): -0.14630203862555557
loss (test data): 14119.846578030874
Epoch 1/10, Loss: 822.2757
Epoch 2/10, Loss: 14.2880
Epoch 3/10, Loss: 10.9847
Epoch 4/10, Loss: 8.5883
Epoch 5/10, Loss: 6.7697
Epoch 6/10, Loss: 5.4589
Epoch 7/10, Loss: 4.2727
Epoch 8/10, Loss: 3.6633
Epoch 9/10, Loss: 3.2463
Epoch 10/10, Loss: 2.7510
Performance Metrics:
RMSE (test data): 142.0746307373047
MAE (test data): 120.84423065185547
MAPE (test data): 174.07339811325073
MSE (test data): 20185.19921875
R2 (test data): -0.6387099492821282
loss (test data): 20185.19766942771
Epoch 1/10, Loss: 992.8234
Epoch 2/10, Loss: 10.8503
Epoch 3/10, Loss: 7.1050
Epoch 4/10, Loss: 5.5328
Epoch 5/10, Loss: 4.3334
Epoch 6/10, Loss: 3.7164
Epoch 7/10, Loss: 3.1022
Epoch 8/10, Loss: 2.7153
Epoch 9/10, Loss: 2.3574
Epoch 10/10, Loss: 2.1197
Performance Metrics:
RMSE (test data): 134.1122283935547
MAE (test data): 113.84391784667969
MAPE (test data): 169.29783821105957
MSE (test data): 17986.087890625
R2 (test data): -0.4601779705772797
loss (test data): 17986.087834149097
Epoch 1/10, Loss: 962.9103
Epoch 2/10, Loss: 8.3733
Epoch 3/10, Loss: 4.4136
Epoch 4/10, Loss: 3.4031
Epoch 5/10, Loss: 2.6555
Epoch 6/10, Loss: 2.3038
Epoch 7/10, Loss: 1.9999
Epoch 8/10, Loss: 1.6521
Epoch 9/10, Loss: 1.4821
Epoch 10/10, Loss: 1.2491
Performance Metrics:
RMSE (test data): 142.72491455078125
MAE (test data): 121.1222915649414
MAPE (test data): 174.5280385017395
MSE (test data): 20370.40234375
R2 (test data): -0.6537453776518147
loss (test data): 20370.39999058735
Epoch 1/10, Loss: 853.1250
Epoch 2/10, Loss: 11.5971
Epoch 3/10, Loss: 6.3834
Epoch 4/10, Loss: 3.9412
Epoch 5/10, Loss: 2.6681
Epoch 6/10, Loss: 2.2758
Epoch 7/10, Loss: 2.0211
Epoch 8/10, Loss: 1.8367
Epoch 9/10, Loss: 1.7694
Epoch 10/10, Loss: 1.4868
Performance Metrics:
RMSE (test data): 146.547607421875
MAE (test data): 124.54326629638672
MAPE (test data): 177.14717388153076
MSE (test data): 21476.203125
R2 (test data): -0.7435185524992021
loss (test data): 21476.202645896083
Epoch 1/10, Loss: 892.2859
Epoch 2/10, Loss: 10.1450
Epoch 3/10, Loss: 4.8664
Epoch 4/10, Loss: 2.8669
Epoch 5/10, Loss: 2.1349
Epoch 6/10, Loss: 1.7646
Epoch 7/10, Loss: 1.5411
Epoch 8/10, Loss: 1.3815
Epoch 9/10, Loss: 1.2157
Epoch 10/10, Loss: 1.1198
Performance Metrics:
RMSE (test data): 136.4046630859375
MAE (test data): 116.06937408447266
MAPE (test data): 171.81850671768188
MSE (test data): 18606.232421875
R2 (test data): -0.5105236400822104
loss (test data): 18606.232391754518
Epoch 1/10, Loss: 556.0575
Epoch 2/10, Loss: 5.0584
Epoch 3/10, Loss: 2.9493
Epoch 4/10, Loss: 1.8826
Epoch 5/10, Loss: 1.3153
Epoch 6/10, Loss: 0.9973
Epoch 7/10, Loss: 0.7892
Epoch 8/10, Loss: 0.6933
Epoch 9/10, Loss: 0.6222
Epoch 10/10, Loss: 0.5589
Performance Metrics:
RMSE (test data): 147.2859649658203
MAE (test data): 124.9372329711914
MAPE (test data): 177.80804634094238
MSE (test data): 21693.154296875
R2 (test data): -0.7611313801747062
loss (test data): 21693.15263177711
Epoch 1/10, Loss: 1028.7874
Epoch 2/10, Loss: 8.6577
Epoch 3/10, Loss: 3.4129
Epoch 4/10, Loss: 1.7433
Epoch 5/10, Loss: 1.4562
Epoch 6/10, Loss: 0.9403
Epoch 7/10, Loss: 0.6455
Epoch 8/10, Loss: 0.6189
Epoch 9/10, Loss: 0.4410
Epoch 10/10, Loss: 0.3623
Performance Metrics:
RMSE (test data): 151.40866088867188
MAE (test data): 128.88711547851562
MAPE (test data): 180.08359670639038
MSE (test data): 22924.583984375
R2 (test data): -0.861103453897694
loss (test data): 22924.582686370482
Epoch 1/10, Loss: 884.7766
Epoch 2/10, Loss: 5.1324
Epoch 3/10, Loss: 1.7814
Epoch 4/10, Loss: 1.2034
Epoch 5/10, Loss: 0.8985
Epoch 6/10, Loss: 0.6151
Epoch 7/10, Loss: 0.4763
Epoch 8/10, Loss: 0.3605
Epoch 9/10, Loss: 0.3123
Epoch 10/10, Loss: 0.2784
Performance Metrics:
RMSE (test data): 151.08322143554688
MAE (test data): 127.73104095458984
MAPE (test data): 179.86940145492554
MSE (test data): 22826.140625
R2 (test data): -0.8531115241193927
loss (test data): 22826.13976374247
Epoch 1/10, Loss: 734.2144
Epoch 2/10, Loss: 6.9952
Epoch 3/10, Loss: 3.4693
Epoch 4/10, Loss: 1.8406
Epoch 5/10, Loss: 1.1710
Epoch 6/10, Loss: 0.8696
Epoch 7/10, Loss: 0.6441
Epoch 8/10, Loss: 0.4148
Epoch 9/10, Loss: 0.3378
Epoch 10/10, Loss: 0.2870
Performance Metrics:
RMSE (test data): 150.51358032226562
MAE (test data): 127.81454467773438
MAPE (test data): 179.79530096054077
MSE (test data): 22654.337890625
R2 (test data): -0.839164034073338
loss (test data): 22654.33817865211
Epoch 1/10, Loss: 1386.8580
Epoch 2/10, Loss: 11.7093
Epoch 3/10, Loss: 4.5858
Epoch 4/10, Loss: 3.4680
Epoch 5/10, Loss: 2.2185
Epoch 6/10, Loss: 1.2077
Epoch 7/10, Loss: 0.8609
Epoch 8/10, Loss: 0.6876
Epoch 9/10, Loss: 0.5517
Epoch 10/10, Loss: 0.3756
Performance Metrics:
RMSE (test data): 150.28941345214844
MAE (test data): 127.69019317626953
MAPE (test data): 179.68645095825195
MSE (test data): 22586.90625
R2 (test data): -0.8336897316064467
loss (test data): 22586.907209149096
Epoch 1/10, Loss: 1329.5983
Epoch 2/10, Loss: 10.5258
Epoch 3/10, Loss: 4.8284
Epoch 4/10, Loss: 3.6082
Epoch 5/10, Loss: 2.0265
Epoch 6/10, Loss: 1.2290
Epoch 7/10, Loss: 0.8879
Epoch 8/10, Loss: 0.6423
Epoch 9/10, Loss: 0.5070
Epoch 10/10, Loss: 0.3634
Performance Metrics:
RMSE (test data): 148.64979553222656
MAE (test data): 127.12246704101562
MAPE (test data): 178.6116600036621
MSE (test data): 22096.759765625
R2 (test data): -0.7938975785139712
loss (test data): 22096.758004518073
Epoch 1/10, Loss: 1034.6114
Epoch 2/10, Loss: 6.0928
Epoch 3/10, Loss: 3.1547
Epoch 4/10, Loss: 1.9954
Epoch 5/10, Loss: 1.1354
Epoch 6/10, Loss: 0.8986
Epoch 7/10, Loss: 0.7169
Epoch 8/10, Loss: 0.5228
Epoch 9/10, Loss: 0.4137
Epoch 10/10, Loss: 0.3414
Performance Metrics:
RMSE (test data): 151.55679321289062
MAE (test data): 128.89427185058594
MAPE (test data): 180.41205406188965
MSE (test data): 22969.4609375
R2 (test data): -0.864746851195312
loss (test data): 22969.460682417168
Epoch 1/10, Loss: 818.6424
Epoch 2/10, Loss: 8.0238
Epoch 3/10, Loss: 4.1150
Epoch 4/10, Loss: 2.5248
Epoch 5/10, Loss: 1.5830
Epoch 6/10, Loss: 1.0319
Epoch 7/10, Loss: 0.7802
Epoch 8/10, Loss: 0.5910
Epoch 9/10, Loss: 0.4474
Epoch 10/10, Loss: 0.3945
Performance Metrics:
RMSE (test data): 151.41844177246094
MAE (test data): 129.0105438232422
MAPE (test data): 180.20333051681519
MSE (test data): 22927.54296875
R2 (test data): -0.861343781867441
loss (test data): 22927.54257624247
Epoch 1/10, Loss: 832.3264
Epoch 2/10, Loss: 6.8163
Epoch 3/10, Loss: 3.1546
Epoch 4/10, Loss: 1.7859
Epoch 5/10, Loss: 1.2070
Epoch 6/10, Loss: 0.8967
Epoch 7/10, Loss: 0.6966
Epoch 8/10, Loss: 0.5654
Epoch 9/10, Loss: 0.4610
Epoch 10/10, Loss: 0.3642
Performance Metrics:
RMSE (test data): 151.63719177246094
MAE (test data): 128.74716186523438
MAPE (test data): 180.29168844223022
MSE (test data): 22993.83984375
R2 (test data): -0.8667259318542204
loss (test data): 22993.838652108432
Epoch 1/10, Loss: 930.5690
Epoch 2/10, Loss: 9.2929
Epoch 3/10, Loss: 4.2826
Epoch 4/10, Loss: 2.2929
Epoch 5/10, Loss: 1.3291
Epoch 6/10, Loss: 0.9902
Epoch 7/10, Loss: 0.7855
Epoch 8/10, Loss: 0.6882
Epoch 9/10, Loss: 0.5627
Epoch 10/10, Loss: 0.4663
Performance Metrics:
RMSE (test data): 151.92001342773438
MAE (test data): 129.03529357910156
MAPE (test data): 180.57806491851807
MSE (test data): 23079.69140625
R2 (test data): -0.873695878738157
loss (test data): 23079.69237669428
Epoch 1/10, Loss: 930.5506
Epoch 2/10, Loss: 8.0297
Epoch 3/10, Loss: 2.9273
Epoch 4/10, Loss: 1.4907
Epoch 5/10, Loss: 1.1909
Epoch 6/10, Loss: 0.9982
Epoch 7/10, Loss: 0.7727
Epoch 8/10, Loss: 0.6019
Epoch 9/10, Loss: 0.4478
Epoch 10/10, Loss: 0.3890
Performance Metrics:
RMSE (test data): 151.57241821289062
MAE (test data): 128.95639038085938
MAPE (test data): 180.06932735443115
MSE (test data): 22974.197265625
R2 (test data): -0.8651315159253452
loss (test data): 22974.199077560243
Epoch 1/10, Loss: 818.6312
Epoch 2/10, Loss: 6.7540
Epoch 3/10, Loss: 2.2081
Epoch 4/10, Loss: 1.1544
Epoch 5/10, Loss: 0.7316
Epoch 6/10, Loss: 0.5053
Epoch 7/10, Loss: 0.3987
Epoch 8/10, Loss: 0.3404
Epoch 9/10, Loss: 0.2939
Epoch 10/10, Loss: 0.2539
Performance Metrics:
RMSE (test data): 151.44082641601562
MAE (test data): 128.0930633544922
MAPE (test data): 180.0889253616333
MSE (test data): 22934.326171875
R2 (test data): -0.8618946364900735
loss (test data): 22934.327683546686
Epoch 1/10, Loss: 856.5987
Epoch 2/10, Loss: 7.3262
Epoch 3/10, Loss: 2.9062
Epoch 4/10, Loss: 1.4407
Epoch 5/10, Loss: 0.9935
Epoch 6/10, Loss: 0.7247
Epoch 7/10, Loss: 0.5124
Epoch 8/10, Loss: 0.4019
Epoch 9/10, Loss: 0.3318
Epoch 10/10, Loss: 0.2895
Performance Metrics:
RMSE (test data): 147.37916564941406
MAE (test data): 125.3735580444336
MAPE (test data): 177.95472145080566
MSE (test data): 21720.6171875
R2 (test data): -0.7633609939892978
loss (test data): 21720.616674510544
Epoch 1/10, Loss: 762.7481
Epoch 2/10, Loss: 9.7989
Epoch 3/10, Loss: 4.3573
Epoch 4/10, Loss: 2.2235
Epoch 5/10, Loss: 1.3873
Epoch 6/10, Loss: 1.1248
Epoch 7/10, Loss: 0.9760
Epoch 8/10, Loss: 0.8453
Epoch 9/10, Loss: 0.6717
Epoch 10/10, Loss: 0.5212
Performance Metrics:
RMSE (test data): 151.6025390625
MAE (test data): 128.72189331054688
MAPE (test data): 180.33150434494019
MSE (test data): 22983.33203125
R2 (test data): -0.8658729457009384
loss (test data): 22983.33159073795
Epoch 1/10, Loss: 997.6311
Epoch 2/10, Loss: 10.4536
Epoch 3/10, Loss: 6.5421
Epoch 4/10, Loss: 3.2100
Epoch 5/10, Loss: 1.3345
Epoch 6/10, Loss: 0.8168
Epoch 7/10, Loss: 0.5986
Epoch 8/10, Loss: 0.4528
Epoch 9/10, Loss: 0.3696
Epoch 10/10, Loss: 0.3279
Performance Metrics:
RMSE (test data): 141.0257568359375
MAE (test data): 121.50650024414062
MAPE (test data): 174.01115894317627
MSE (test data): 19888.265625
R2 (test data): -0.6146037341302693
loss (test data): 19888.263492093374
Epoch 1/10, Loss: 680.0366
Epoch 2/10, Loss: 7.1556
Epoch 3/10, Loss: 2.2544
Epoch 4/10, Loss: 1.2720
Epoch 5/10, Loss: 0.9649
Epoch 6/10, Loss: 0.6626
Epoch 7/10, Loss: 0.5158
Epoch 8/10, Loss: 0.3976
Epoch 9/10, Loss: 0.3477
Epoch 10/10, Loss: 0.3060
Performance Metrics:
RMSE (test data): 152.89187622070312
MAE (test data): 129.94517517089844
MAPE (test data): 181.2042236328125
MSE (test data): 23375.923828125
R2 (test data): -0.8977449569354763
loss (test data): 23375.922703313252
Epoch 1/10, Loss: 953.5147
Epoch 2/10, Loss: 7.7451
Epoch 3/10, Loss: 3.9142
Epoch 4/10, Loss: 1.8167
Epoch 5/10, Loss: 1.1372
Epoch 6/10, Loss: 0.8191
Epoch 7/10, Loss: 0.6445
Epoch 8/10, Loss: 0.5156
Epoch 9/10, Loss: 0.4931
Epoch 10/10, Loss: 0.3052
Performance Metrics:
RMSE (test data): 151.6436309814453
MAE (test data): 129.45359802246094
MAPE (test data): 180.11724948883057
MSE (test data): 22995.7890625
R2 (test data): -0.8668842274601916
loss (test data): 22995.78845820783
Epoch 1/10, Loss: 943.7962
Epoch 2/10, Loss: 12.3669
Epoch 3/10, Loss: 6.0789
Epoch 4/10, Loss: 2.1562
Epoch 5/10, Loss: 1.2668
Epoch 6/10, Loss: 0.9047
Epoch 7/10, Loss: 0.7782
Epoch 8/10, Loss: 0.6049
Epoch 9/10, Loss: 0.4432
Epoch 10/10, Loss: 0.3719
Performance Metrics:
RMSE (test data): 151.7812042236328
MAE (test data): 129.2854766845703
MAPE (test data): 180.37995100021362
MSE (test data): 23037.533203125
R2 (test data): -0.8702732494768142
loss (test data): 23037.533173945783
Epoch 1/10, Loss: 854.5346
Epoch 2/10, Loss: 12.0729
Epoch 3/10, Loss: 6.1822
Epoch 4/10, Loss: 2.6979
Epoch 5/10, Loss: 1.3577
Epoch 6/10, Loss: 0.9337
Epoch 7/10, Loss: 0.7820
Epoch 8/10, Loss: 0.6213
Epoch 9/10, Loss: 0.4731
Epoch 10/10, Loss: 0.4378
Performance Metrics:
RMSE (test data): 150.20703125
MAE (test data): 127.14131164550781
MAPE (test data): 179.44810390472412
MSE (test data): 22562.150390625
R2 (test data): -0.8316798832254662
loss (test data): 22562.150475338854
Epoch 1/10, Loss: 757.2081
Epoch 2/10, Loss: 10.1525
Epoch 3/10, Loss: 3.6877
Epoch 4/10, Loss: 1.6925
Epoch 5/10, Loss: 1.1425
Epoch 6/10, Loss: 0.8892
Epoch 7/10, Loss: 0.7373
Epoch 8/10, Loss: 0.6123
Epoch 9/10, Loss: 0.4813
Epoch 10/10, Loss: 0.4225
Performance Metrics:
RMSE (test data): 150.08767700195312
MAE (test data): 127.0886459350586
MAPE (test data): 179.3931245803833
MSE (test data): 22526.310546875
R2 (test data): -0.8287702505728773
loss (test data): 22526.310326618976
Epoch 1/10, Loss: 749.8558
Epoch 2/10, Loss: 8.6086
Epoch 3/10, Loss: 3.0643
Epoch 4/10, Loss: 1.4475
Epoch 5/10, Loss: 1.0014
Epoch 6/10, Loss: 0.7808
Epoch 7/10, Loss: 0.6404
Epoch 8/10, Loss: 0.4913
Epoch 9/10, Loss: 0.3913
Epoch 10/10, Loss: 0.3302
Performance Metrics:
RMSE (test data): 146.69947814941406
MAE (test data): 124.96286010742188
MAPE (test data): 177.58764028549194
MSE (test data): 21520.73828125
R2 (test data): -0.7471341655206873
loss (test data): 21520.73892083961
Epoch 1/10, Loss: 927.4138
Epoch 2/10, Loss: 10.8892
Epoch 3/10, Loss: 4.4464
Epoch 4/10, Loss: 1.7504
Epoch 5/10, Loss: 1.2167
Epoch 6/10, Loss: 1.0120
Epoch 7/10, Loss: 0.8611
Epoch 8/10, Loss: 0.7213
Epoch 9/10, Loss: 0.5976
Epoch 10/10, Loss: 0.4966
Performance Metrics:
RMSE (test data): 148.02565002441406
MAE (test data): 126.30158233642578
MAPE (test data): 178.34477424621582
MSE (test data): 21911.59375
R2 (test data): -0.7788652263361036
loss (test data): 21911.593314194277
Epoch 1/10, Loss: 666.2861
Epoch 2/10, Loss: 10.2448
Epoch 3/10, Loss: 4.7503
Epoch 4/10, Loss: 2.1051
Epoch 5/10, Loss: 1.4223
Epoch 6/10, Loss: 1.1706
Epoch 7/10, Loss: 0.9517
Epoch 8/10, Loss: 0.7498
Epoch 9/10, Loss: 0.6727
Epoch 10/10, Loss: 0.5726
Performance Metrics:
RMSE (test data): 150.78115844726562
MAE (test data): 128.1933135986328
MAPE (test data): 179.76067066192627
MSE (test data): 22734.95703125
R2 (test data): -0.8457089605772692
loss (test data): 22734.956872176204
Epoch 1/10, Loss: 965.7955
Epoch 2/10, Loss: 10.6706
Epoch 3/10, Loss: 5.0343
Epoch 4/10, Loss: 2.5552
Epoch 5/10, Loss: 1.5090
Epoch 6/10, Loss: 1.0227
Epoch 7/10, Loss: 0.8162
Epoch 8/10, Loss: 0.6934
Epoch 9/10, Loss: 0.5291
Epoch 10/10, Loss: 0.4625
Performance Metrics:
RMSE (test data): 148.54757690429688
MAE (test data): 126.48540496826172
MAPE (test data): 178.38985919952393
MSE (test data): 22066.3828125
R2 (test data): -0.7914315692965377
loss (test data): 22066.382668486447
Epoch 1/10, Loss: 880.9110
Epoch 2/10, Loss: 9.7125
Epoch 3/10, Loss: 3.7574
Epoch 4/10, Loss: 1.7872
Epoch 5/10, Loss: 1.2990
Epoch 6/10, Loss: 1.0898
Epoch 7/10, Loss: 0.9612
Epoch 8/10, Loss: 0.8593
Epoch 9/10, Loss: 0.7528
Epoch 10/10, Loss: 0.6320
Performance Metrics:
RMSE (test data): 152.51426696777344
MAE (test data): 129.5171356201172
MAPE (test data): 180.97296953201294
MSE (test data): 23260.603515625
R2 (test data): -0.8883828326075887
loss (test data): 23260.602487763554
Epoch 1/10, Loss: 783.8428
Epoch 2/10, Loss: 9.5715
Epoch 3/10, Loss: 4.0047
Epoch 4/10, Loss: 1.7698
Epoch 5/10, Loss: 1.1015
Epoch 6/10, Loss: 0.8726
Epoch 7/10, Loss: 0.6551
Epoch 8/10, Loss: 0.4697
Epoch 9/10, Loss: 0.4011
Epoch 10/10, Loss: 0.3325
Performance Metrics:
RMSE (test data): 152.39483642578125
MAE (test data): 129.21707153320312
MAPE (test data): 180.82188367843628
MSE (test data): 23224.1875
R2 (test data): -0.8854264746984473
loss (test data): 23224.186904179216
Epoch 1/10, Loss: 858.9235
Epoch 2/10, Loss: 7.6950
Epoch 3/10, Loss: 3.0373
Epoch 4/10, Loss: 1.6267
Epoch 5/10, Loss: 1.0613
Epoch 6/10, Loss: 0.7365
Epoch 7/10, Loss: 0.5187
Epoch 8/10, Loss: 0.4072
Epoch 9/10, Loss: 0.3743
Epoch 10/10, Loss: 0.3165
Performance Metrics:
RMSE (test data): 152.43832397460938
MAE (test data): 129.4508514404297
MAPE (test data): 180.79066276550293
MSE (test data): 23237.443359375
R2 (test data): -0.8865027662709764
loss (test data): 23237.444364646086
Epoch 1/10, Loss: 793.2103
Epoch 2/10, Loss: 7.5519
Epoch 3/10, Loss: 2.8384
Epoch 4/10, Loss: 1.6182
Epoch 5/10, Loss: 1.1538
Epoch 6/10, Loss: 0.9264
Epoch 7/10, Loss: 0.7662
Epoch 8/10, Loss: 0.6210
Epoch 9/10, Loss: 0.5004
Epoch 10/10, Loss: 0.4535
Performance Metrics:
RMSE (test data): 152.00958251953125
MAE (test data): 129.8036651611328
MAPE (test data): 180.30188083648682
MSE (test data): 23106.9140625
R2 (test data): -0.8759058596440656
loss (test data): 23106.914021084336
Epoch 1/10, Loss: 744.2090
Epoch 2/10, Loss: 7.5996
Epoch 3/10, Loss: 2.9569
Epoch 4/10, Loss: 1.6425
Epoch 5/10, Loss: 1.0587
Epoch 6/10, Loss: 0.7684
Epoch 7/10, Loss: 0.5635
Epoch 8/10, Loss: 0.4469
Epoch 9/10, Loss: 0.3686
Epoch 10/10, Loss: 0.3632
Performance Metrics:
RMSE (test data): 151.32606506347656
MAE (test data): 128.44711303710938
MAPE (test data): 180.18038272857666
MSE (test data): 22899.580078125
R2 (test data): -0.8590736935035348
loss (test data): 22899.58037932982
Epoch 1/10, Loss: 763.4200
Epoch 2/10, Loss: 8.1967
Epoch 3/10, Loss: 3.7478
Epoch 4/10, Loss: 1.6001
Epoch 5/10, Loss: 1.0652
Epoch 6/10, Loss: 0.7981
Epoch 7/10, Loss: 0.6370
Epoch 8/10, Loss: 0.5239
Epoch 9/10, Loss: 0.4798
Epoch 10/10, Loss: 0.3884
Performance Metrics:
RMSE (test data): 152.0514373779297
MAE (test data): 129.10475158691406
MAPE (test data): 180.6118607521057
MSE (test data): 23119.638671875
R2 (test data): -0.8769388518766061
loss (test data): 23119.638790474397
Epoch 1/10, Loss: 1073.8853
Epoch 2/10, Loss: 13.9788
Epoch 3/10, Loss: 5.9361
Epoch 4/10, Loss: 2.7756
Epoch 5/10, Loss: 1.3425
Epoch 6/10, Loss: 1.0013
Epoch 7/10, Loss: 0.7428
Epoch 8/10, Loss: 0.5692
Epoch 9/10, Loss: 0.4710
Epoch 10/10, Loss: 0.3863
Performance Metrics:
RMSE (test data): 149.1734619140625
MAE (test data): 126.25668334960938
MAPE (test data): 178.69127988815308
MSE (test data): 22252.720703125
R2 (test data): -0.8065592129707964
loss (test data): 22252.72101750753
Epoch 1/10, Loss: 760.8131
Epoch 2/10, Loss: 9.1743
Epoch 3/10, Loss: 4.8255
Epoch 4/10, Loss: 2.2575
Epoch 5/10, Loss: 1.3361
Epoch 6/10, Loss: 0.9253
Epoch 7/10, Loss: 0.6918
Epoch 8/10, Loss: 0.5310
Epoch 9/10, Loss: 0.4763
Epoch 10/10, Loss: 0.4057
Performance Metrics:
RMSE (test data): 150.94525146484375
MAE (test data): 127.58119201660156
MAPE (test data): 179.95117902755737
MSE (test data): 22784.466796875
R2 (test data): -0.8497282904363836
loss (test data): 22784.46592432229
Epoch 1/10, Loss: 862.2163
Epoch 2/10, Loss: 10.0474
Epoch 3/10, Loss: 4.5092
Epoch 4/10, Loss: 2.2151
Epoch 5/10, Loss: 1.4399
Epoch 6/10, Loss: 1.0273
Epoch 7/10, Loss: 0.7704
Epoch 8/10, Loss: 0.5727
Epoch 9/10, Loss: 0.4775
Epoch 10/10, Loss: 0.4407
Performance Metrics:
RMSE (test data): 152.81658935546875
MAE (test data): 129.3481903076172
MAPE (test data): 181.00380897521973
MSE (test data): 23352.908203125
R2 (test data): -0.8958766614017282
loss (test data): 23352.90969126506
Epoch 1/10, Loss: 977.9271
Epoch 2/10, Loss: 10.2336
Epoch 3/10, Loss: 4.5804
Epoch 4/10, Loss: 2.3563
Epoch 5/10, Loss: 1.4919
Epoch 6/10, Loss: 1.0922
Epoch 7/10, Loss: 0.8364
Epoch 8/10, Loss: 0.6712
Epoch 9/10, Loss: 0.5217
Epoch 10/10, Loss: 0.4584
Performance Metrics:
RMSE (test data): 153.5803680419922
MAE (test data): 130.9056396484375
MAPE (test data): 181.6043257713318
MSE (test data): 23586.9296875
R2 (test data): -0.914875340610739
loss (test data): 23586.930237198794
Epoch 1/10, Loss: 935.7001
Epoch 2/10, Loss: 8.9790
Epoch 3/10, Loss: 3.8408
Epoch 4/10, Loss: 2.0684
Epoch 5/10, Loss: 1.2904
Epoch 6/10, Loss: 0.9820
Epoch 7/10, Loss: 0.7502
Epoch 8/10, Loss: 0.5355
Epoch 9/10, Loss: 0.4593
Epoch 10/10, Loss: 0.3632
Performance Metrics:
RMSE (test data): 152.12045288085938
MAE (test data): 128.8898468017578
MAPE (test data): 180.64013719558716
MSE (test data): 23140.6328125
R2 (test data): -0.8786431677982562
loss (test data): 23140.63200865964
Epoch 1/10, Loss: 957.3914
Epoch 2/10, Loss: 7.6814
Epoch 3/10, Loss: 3.4421
Epoch 4/10, Loss: 1.9580
Epoch 5/10, Loss: 1.3696
Epoch 6/10, Loss: 0.9699
Epoch 7/10, Loss: 0.6748
Epoch 8/10, Loss: 0.5547
Epoch 9/10, Loss: 0.4350
Epoch 10/10, Loss: 0.3608
Performance Metrics:
RMSE (test data): 152.8641357421875
MAE (test data): 129.62001037597656
MAPE (test data): 181.1608910560608
MSE (test data): 23367.443359375
R2 (test data): -0.8970564540347565
loss (test data): 23367.441900414156
Epoch 1/10, Loss: 781.9986
Epoch 2/10, Loss: 7.7394
Epoch 3/10, Loss: 3.7094
Epoch 4/10, Loss: 2.3317
Epoch 5/10, Loss: 1.6401
Epoch 6/10, Loss: 1.0931
Epoch 7/10, Loss: 0.8564
Epoch 8/10, Loss: 0.6873
Epoch 9/10, Loss: 0.5827
Epoch 10/10, Loss: 0.5000
Performance Metrics:
RMSE (test data): 152.3408660888672
MAE (test data): 129.0061492919922
MAPE (test data): 180.77683448791504
MSE (test data): 23207.73828125
R2 (test data): -0.8840910959816302
loss (test data): 23207.738137236447
Epoch 1/10, Loss: 727.5717
Epoch 2/10, Loss: 8.7965
Epoch 3/10, Loss: 3.5014
Epoch 4/10, Loss: 1.9198
Epoch 5/10, Loss: 1.3355
Epoch 6/10, Loss: 1.0448
Epoch 7/10, Loss: 0.8575
Epoch 8/10, Loss: 0.7368
Epoch 9/10, Loss: 0.6486
Epoch 10/10, Loss: 0.5838
Performance Metrics:
RMSE (test data): 153.00466918945312
MAE (test data): 129.9637908935547
MAPE (test data): 181.20907545089722
MSE (test data): 23410.4296875
R2 (test data): -0.9005463665963884
loss (test data): 23410.429839043674
Epoch 1/10, Loss: 984.7452
Epoch 2/10, Loss: 8.8668
Epoch 3/10, Loss: 3.8018
Epoch 4/10, Loss: 1.9337
Epoch 5/10, Loss: 1.0287
Epoch 6/10, Loss: 0.7701
Epoch 7/10, Loss: 0.6460
Epoch 8/10, Loss: 0.5526
Epoch 9/10, Loss: 0.4873
Epoch 10/10, Loss: 0.4450
Performance Metrics:
RMSE (test data): 151.3899688720703
MAE (test data): 128.3665771484375
MAPE (test data): 180.2109718322754
MSE (test data): 22918.923828125
R2 (test data): -0.8606441305536108
loss (test data): 22918.924438064758
Epoch 1/10, Loss: 819.7131
Epoch 2/10, Loss: 7.1659
Epoch 3/10, Loss: 2.9522
Epoch 4/10, Loss: 1.5213
Epoch 5/10, Loss: 1.0490
Epoch 6/10, Loss: 0.8162
Epoch 7/10, Loss: 0.6644
Epoch 8/10, Loss: 0.5495
Epoch 9/10, Loss: 0.4812
Epoch 10/10, Loss: 0.4249
Performance Metrics:
RMSE (test data): 150.84298706054688
MAE (test data): 127.78638458251953
MAPE (test data): 179.90230321884155
MSE (test data): 22753.607421875
R2 (test data): -0.8472230586498197
loss (test data): 22753.60758377259
Epoch 1/10, Loss: 814.5168
Epoch 2/10, Loss: 6.3652
Epoch 3/10, Loss: 3.1274
Epoch 4/10, Loss: 1.7801
Epoch 5/10, Loss: 1.1490
Epoch 6/10, Loss: 0.8437
Epoch 7/10, Loss: 0.6181
Epoch 8/10, Loss: 0.5069
Epoch 9/10, Loss: 0.4266
Epoch 10/10, Loss: 0.3685
Performance Metrics:
RMSE (test data): 150.27352905273438
MAE (test data): 127.24376678466797
MAPE (test data): 179.526948928833
MSE (test data): 22582.134765625
R2 (test data): -0.8333021268268477
loss (test data): 22582.132880271085
Epoch 1/10, Loss: 688.1906
Epoch 2/10, Loss: 5.1233
Epoch 3/10, Loss: 2.4419
Epoch 4/10, Loss: 1.5983
Epoch 5/10, Loss: 1.0444
Epoch 6/10, Loss: 0.7989
Epoch 7/10, Loss: 0.6347
Epoch 8/10, Loss: 0.5289
Epoch 9/10, Loss: 0.4502
Epoch 10/10, Loss: 0.4250
Performance Metrics:
RMSE (test data): 150.29820251464844
MAE (test data): 127.76216888427734
MAPE (test data): 179.62459325790405
MSE (test data): 22589.548828125
R2 (test data): -0.8339041770883988
loss (test data): 22589.548821536144
Epoch 1/10, Loss: 897.5452
Epoch 2/10, Loss: 4.9947
Epoch 3/10, Loss: 2.3548
Epoch 4/10, Loss: 1.5712
Epoch 5/10, Loss: 1.1253
Epoch 6/10, Loss: 0.8519
Epoch 7/10, Loss: 0.6842
Epoch 8/10, Loss: 0.5308
Epoch 9/10, Loss: 0.4562
Epoch 10/10, Loss: 0.3917
Performance Metrics:
RMSE (test data): 151.9539794921875
MAE (test data): 129.03309631347656
MAPE (test data): 180.5323839187622
MSE (test data): 23090.01171875
R2 (test data): -0.8745337129399529
loss (test data): 23090.01247552711
Epoch 1/10, Loss: 695.4507
Epoch 2/10, Loss: 6.1071
Epoch 3/10, Loss: 2.7819
Epoch 4/10, Loss: 1.5404
Epoch 5/10, Loss: 1.1076
Epoch 6/10, Loss: 0.8578
Epoch 7/10, Loss: 0.6837
Epoch 8/10, Loss: 0.5627
Epoch 9/10, Loss: 0.4790
Epoch 10/10, Loss: 0.4270
Performance Metrics:
RMSE (test data): 152.0452880859375
MAE (test data): 129.02066040039062
MAPE (test data): 180.48863410949707
MSE (test data): 23117.767578125
R2 (test data): -0.8767869653599705
loss (test data): 23117.767731551205
Epoch 1/10, Loss: 831.1961
Epoch 2/10, Loss: 5.2451
Epoch 3/10, Loss: 2.8890
Epoch 4/10, Loss: 1.8594
Epoch 5/10, Loss: 1.3167
Epoch 6/10, Loss: 0.9615
Epoch 7/10, Loss: 0.7481
Epoch 8/10, Loss: 0.6268
Epoch 9/10, Loss: 0.5082
Epoch 10/10, Loss: 0.4403
Performance Metrics:
RMSE (test data): 151.93460083007812
MAE (test data): 128.80117797851562
MAPE (test data): 180.53220510482788
MSE (test data): 23084.12109375
R2 (test data): -0.8740554091656618
loss (test data): 23084.120891378014
Epoch 1/10, Loss: 1033.1497
Epoch 2/10, Loss: 7.6331
Epoch 3/10, Loss: 3.2317
Epoch 4/10, Loss: 1.8987
Epoch 5/10, Loss: 1.3793
Epoch 6/10, Loss: 1.0864
Epoch 7/10, Loss: 0.8758
Epoch 8/10, Loss: 0.7109
Epoch 9/10, Loss: 0.5859
Epoch 10/10, Loss: 0.5024
Performance Metrics:
RMSE (test data): 151.75262451171875
MAE (test data): 128.63816833496094
MAPE (test data): 180.34305572509766
MSE (test data): 23028.861328125
R2 (test data): -0.8695693622391842
loss (test data): 23028.86327371988
Epoch 1/10, Loss: 776.3735
Epoch 2/10, Loss: 6.9142
Epoch 3/10, Loss: 3.2076
Epoch 4/10, Loss: 2.0521
Epoch 5/10, Loss: 1.4038
Epoch 6/10, Loss: 1.0182
Epoch 7/10, Loss: 0.7858
Epoch 8/10, Loss: 0.6105
Epoch 9/10, Loss: 0.5046
Epoch 10/10, Loss: 0.4281
Performance Metrics:
RMSE (test data): 152.02256774902344
MAE (test data): 128.67979431152344
MAPE (test data): 180.5836796760559
MSE (test data): 23110.86328125
R2 (test data): -0.8762262886119385
loss (test data): 23110.86128200301
Epoch 1/10, Loss: 873.6938
Epoch 2/10, Loss: 5.8001
Epoch 3/10, Loss: 2.7210
Epoch 4/10, Loss: 1.7869
Epoch 5/10, Loss: 1.3297
Epoch 6/10, Loss: 1.0365
Epoch 7/10, Loss: 0.8500
Epoch 8/10, Loss: 0.6803
Epoch 9/10, Loss: 0.5565
Epoch 10/10, Loss: 0.4760
Performance Metrics:
RMSE (test data): 152.1387939453125
MAE (test data): 128.9507293701172
MAPE (test data): 180.5675983428955
MSE (test data): 23146.21484375
R2 (test data): -0.8790964562995986
loss (test data): 23146.21518448795
Epoch 1/10, Loss: 737.2700
Epoch 2/10, Loss: 7.3975
Epoch 3/10, Loss: 3.6328
Epoch 4/10, Loss: 2.1223
Epoch 5/10, Loss: 1.3575
Epoch 6/10, Loss: 0.9426
Epoch 7/10, Loss: 0.7002
Epoch 8/10, Loss: 0.5675
Epoch 9/10, Loss: 0.4657
Epoch 10/10, Loss: 0.4086
Performance Metrics:
RMSE (test data): 151.770751953125
MAE (test data): 128.5366668701172
MAPE (test data): 180.40874004364014
MSE (test data): 23034.36328125
R2 (test data): -0.8700159270756287
loss (test data): 23034.363844597137
Epoch 1/10, Loss: 768.6729
Epoch 2/10, Loss: 5.5606
Epoch 3/10, Loss: 2.5198
Epoch 4/10, Loss: 1.6619
Epoch 5/10, Loss: 1.2505
Epoch 6/10, Loss: 0.9730
Epoch 7/10, Loss: 0.7608
Epoch 8/10, Loss: 0.5806
Epoch 9/10, Loss: 0.4915
Epoch 10/10, Loss: 0.4289
Performance Metrics:
RMSE (test data): 151.6731719970703
MAE (test data): 128.42752075195312
MAPE (test data): 180.31702041625977
MSE (test data): 23004.75
R2 (test data): -0.8676117986725747
loss (test data): 23004.750337443525
Epoch 1/10, Loss: 942.7364
Epoch 2/10, Loss: 7.6744
Epoch 3/10, Loss: 3.5036
Epoch 4/10, Loss: 2.0141
Epoch 5/10, Loss: 1.4129
Epoch 6/10, Loss: 1.0477
Epoch 7/10, Loss: 0.7393
Epoch 8/10, Loss: 0.5590
Epoch 9/10, Loss: 0.4575
Epoch 10/10, Loss: 0.4020
Performance Metrics:
RMSE (test data): 151.989013671875
MAE (test data): 128.701171875
MAPE (test data): 180.51079511642456
MSE (test data): 23100.662109375
R2 (test data): -0.8753981024597064
loss (test data): 23100.66017695783
Epoch 1/10, Loss: 832.0931
Epoch 2/10, Loss: 7.7727
Epoch 3/10, Loss: 4.2481
Epoch 4/10, Loss: 2.3354
Epoch 5/10, Loss: 1.4233
Epoch 6/10, Loss: 0.9630
Epoch 7/10, Loss: 0.6230
Epoch 8/10, Loss: 0.5067
Epoch 9/10, Loss: 0.4143
Epoch 10/10, Loss: 0.3697
Performance Metrics:
RMSE (test data): 151.77845764160156
MAE (test data): 128.6599884033203
MAPE (test data): 180.37868738174438
MSE (test data): 23036.701171875
R2 (test data): -0.8702057597932216
loss (test data): 23036.702114081327
Epoch 1/10, Loss: 749.8858
Epoch 2/10, Loss: 7.4800
Epoch 3/10, Loss: 4.5093
Epoch 4/10, Loss: 2.5288
Epoch 5/10, Loss: 1.6186
Epoch 6/10, Loss: 1.0700
Epoch 7/10, Loss: 0.7365
Epoch 8/10, Loss: 0.5473
Epoch 9/10, Loss: 0.4553
Epoch 10/10, Loss: 0.3901
Performance Metrics:
RMSE (test data): 153.13226318359375
MAE (test data): 129.61663818359375
MAPE (test data): 181.1161756515503
MSE (test data): 23449.48828125
R2 (test data): -0.9037173162142584
loss (test data): 23449.48858810241
Epoch 1/10, Loss: 829.0039
Epoch 2/10, Loss: 6.7300
Epoch 3/10, Loss: 3.6900
Epoch 4/10, Loss: 2.2353
Epoch 5/10, Loss: 1.5746
Epoch 6/10, Loss: 1.1745
Epoch 7/10, Loss: 0.8783
Epoch 8/10, Loss: 0.6738
Epoch 9/10, Loss: 0.5123
Epoch 10/10, Loss: 0.4104
Performance Metrics:
RMSE (test data): 152.1200408935547
MAE (test data): 128.63232421875
MAPE (test data): 180.5769681930542
MSE (test data): 23140.505859375
R2 (test data): -0.878632807590265
loss (test data): 23140.504242281626
Epoch 1/10, Loss: 771.7410
Epoch 2/10, Loss: 7.4758
Epoch 3/10, Loss: 3.6043
Epoch 4/10, Loss: 2.2396
Epoch 5/10, Loss: 1.5359
Epoch 6/10, Loss: 1.1422
Epoch 7/10, Loss: 0.8399
Epoch 8/10, Loss: 0.6043
Epoch 9/10, Loss: 0.4854
Epoch 10/10, Loss: 0.4264
Performance Metrics:
RMSE (test data): 152.1712188720703
MAE (test data): 128.76678466796875
MAPE (test data): 180.5736780166626
MSE (test data): 23156.08203125
R2 (test data): -0.8798974326359548
loss (test data): 23156.081466490963
Epoch 1/10, Loss: 735.8873
Epoch 2/10, Loss: 6.2750
Epoch 3/10, Loss: 2.8041
Epoch 4/10, Loss: 1.8087
Epoch 5/10, Loss: 1.2746
Epoch 6/10, Loss: 0.8010
Epoch 7/10, Loss: 0.5881
Epoch 8/10, Loss: 0.4814
Epoch 9/10, Loss: 0.4068
Epoch 10/10, Loss: 0.3568
Performance Metrics:
RMSE (test data): 154.77041625976562
MAE (test data): 131.98464965820312
MAPE (test data): 182.48392343521118
MSE (test data): 23953.8828125
R2 (test data): -0.9446659696308353
loss (test data): 23953.883311370482
Epoch 1/10, Loss: 894.9365
Epoch 2/10, Loss: 9.4337
Epoch 3/10, Loss: 5.1918
Epoch 4/10, Loss: 3.2248
Epoch 5/10, Loss: 2.0024
Epoch 6/10, Loss: 1.3406
Epoch 7/10, Loss: 0.9500
Epoch 8/10, Loss: 0.7348
Epoch 9/10, Loss: 0.5606
Epoch 10/10, Loss: 0.4616
Performance Metrics:
RMSE (test data): 153.0613250732422
MAE (test data): 129.5981903076172
MAPE (test data): 181.0848355293274
MSE (test data): 23427.771484375
R2 (test data): -0.9019542711081032
loss (test data): 23427.771931475905
Epoch 1/10, Loss: 662.9938
Epoch 2/10, Loss: 6.1976
Epoch 3/10, Loss: 3.1596
Epoch 4/10, Loss: 1.9834
Epoch 5/10, Loss: 1.3454
Epoch 6/10, Loss: 0.8926
Epoch 7/10, Loss: 0.6369
Epoch 8/10, Loss: 0.5115
Epoch 9/10, Loss: 0.4209
Epoch 10/10, Loss: 0.3916
Performance Metrics:
RMSE (test data): 152.94102478027344
MAE (test data): 129.34620666503906
MAPE (test data): 181.05409145355225
MSE (test data): 23390.958984375
R2 (test data): -0.898965690046196
loss (test data): 23390.959372176203
Epoch 1/10, Loss: 811.6665
Epoch 2/10, Loss: 8.2118
Epoch 3/10, Loss: 4.7070
Epoch 4/10, Loss: 2.6078
Epoch 5/10, Loss: 1.6514
Epoch 6/10, Loss: 1.1385
Epoch 7/10, Loss: 0.7979
Epoch 8/10, Loss: 0.5920
Epoch 9/10, Loss: 0.4734
Epoch 10/10, Loss: 0.4153
Performance Metrics:
RMSE (test data): 152.4434814453125
MAE (test data): 128.9934539794922
MAPE (test data): 180.7786464691162
MSE (test data): 23239.013671875
R2 (test data): -0.8866301667349508
loss (test data): 23239.013767884036
Epoch 1/10, Loss: 710.7831
Epoch 2/10, Loss: 6.4066
Epoch 3/10, Loss: 3.4724
Epoch 4/10, Loss: 2.2975
Epoch 5/10, Loss: 1.5846
Epoch 6/10, Loss: 1.1749
Epoch 7/10, Loss: 0.8703
Epoch 8/10, Loss: 0.6681
Epoch 9/10, Loss: 0.5550
Epoch 10/10, Loss: 0.4855
Performance Metrics:
RMSE (test data): 152.6420135498047
MAE (test data): 129.16212463378906
MAPE (test data): 180.88905811309814
MSE (test data): 23299.58203125
R2 (test data): -0.8915473022604132
loss (test data): 23299.581447665663
Epoch 1/10, Loss: 861.7588
Epoch 2/10, Loss: 7.7890
Epoch 3/10, Loss: 4.1157
Epoch 4/10, Loss: 2.5581
Epoch 5/10, Loss: 1.7638
Epoch 6/10, Loss: 1.2600
Epoch 7/10, Loss: 0.9718
Epoch 8/10, Loss: 0.7078
Epoch 9/10, Loss: 0.5532
Epoch 10/10, Loss: 0.4804
Performance Metrics:
RMSE (test data): 152.6271209716797
MAE (test data): 129.19944763183594
MAPE (test data): 180.845844745636
MSE (test data): 23295.037109375
R2 (test data): -0.8911782064315967
loss (test data): 23295.034589608433
Epoch 1/10, Loss: 711.3444
Epoch 2/10, Loss: 7.2675
Epoch 3/10, Loss: 3.1258
Epoch 4/10, Loss: 1.9294
Epoch 5/10, Loss: 1.5056
Epoch 6/10, Loss: 1.1048
Epoch 7/10, Loss: 0.7620
Epoch 8/10, Loss: 0.6218
Epoch 9/10, Loss: 0.5198
Epoch 10/10, Loss: 0.4278
Performance Metrics:
RMSE (test data): 152.66468811035156
MAE (test data): 129.072998046875
MAPE (test data): 180.86823225021362
MSE (test data): 23306.505859375
R2 (test data): -0.8921095481037418
loss (test data): 23306.50723738705
Epoch 1/10, Loss: 749.4438
Epoch 2/10, Loss: 6.5066
Epoch 3/10, Loss: 2.6966
Epoch 4/10, Loss: 1.7935
Epoch 5/10, Loss: 1.3805
Epoch 6/10, Loss: 1.0945
Epoch 7/10, Loss: 0.7885
Epoch 8/10, Loss: 0.6048
Epoch 9/10, Loss: 0.4926
Epoch 10/10, Loss: 0.4515
Performance Metrics:
RMSE (test data): 152.74658203125
MAE (test data): 129.18582153320312
MAPE (test data): 180.90310096740723
MSE (test data): 23331.51953125
R2 (test data): -0.8941402241865031
loss (test data): 23331.52078878012
Epoch 1/10, Loss: 879.8547
Epoch 2/10, Loss: 6.8802
Epoch 3/10, Loss: 3.2244
Epoch 4/10, Loss: 2.1520
Epoch 5/10, Loss: 1.5815
Epoch 6/10, Loss: 1.2567
Epoch 7/10, Loss: 0.9906
Epoch 8/10, Loss: 0.7636
Epoch 9/10, Loss: 0.6055
Epoch 10/10, Loss: 0.4967
Performance Metrics:
RMSE (test data): 152.67755126953125
MAE (test data): 128.99307250976562
MAPE (test data): 180.85802793502808
MSE (test data): 23310.435546875
R2 (test data): -0.8924283026486493
loss (test data): 23310.433604103917
Epoch 1/10, Loss: 976.9341
Epoch 2/10, Loss: 9.3869
Epoch 3/10, Loss: 4.7659
Epoch 4/10, Loss: 2.8689
Epoch 5/10, Loss: 1.8841
Epoch 6/10, Loss: 1.4621
Epoch 7/10, Loss: 1.2071
Epoch 8/10, Loss: 1.0443
Epoch 9/10, Loss: 0.9022
Epoch 10/10, Loss: 0.7742
Performance Metrics:
RMSE (test data): 153.0724334716797
MAE (test data): 129.5571746826172
MAPE (test data): 181.18865489959717
MSE (test data): 23431.16796875
R2 (test data): -0.9022298299537861
loss (test data): 23431.166344126505
Epoch 1/10, Loss: 753.0255
Epoch 2/10, Loss: 7.1858
Epoch 3/10, Loss: 4.3466
Epoch 4/10, Loss: 2.7746
Epoch 5/10, Loss: 1.8736
Epoch 6/10, Loss: 1.3813
Epoch 7/10, Loss: 1.0533
Epoch 8/10, Loss: 0.8173
Epoch 9/10, Loss: 0.5467
Epoch 10/10, Loss: 0.4763
Performance Metrics:
RMSE (test data): 152.45697021484375
MAE (test data): 128.6831817626953
MAPE (test data): 180.72351217269897
MSE (test data): 23243.126953125
R2 (test data): -0.886964175495143
loss (test data): 23243.12797439759
Epoch 1/10, Loss: 761.9611
Epoch 2/10, Loss: 7.1633
Epoch 3/10, Loss: 3.1170
Epoch 4/10, Loss: 1.7034
Epoch 5/10, Loss: 0.9679
Epoch 6/10, Loss: 0.6199
Epoch 7/10, Loss: 0.4737
Epoch 8/10, Loss: 0.3831
Epoch 9/10, Loss: 0.3413
Epoch 10/10, Loss: 0.3017
Performance Metrics:
RMSE (test data): 153.18028259277344
MAE (test data): 129.46913146972656
MAPE (test data): 181.2074899673462
MSE (test data): 23464.201171875
R2 (test data): -0.9049117359373426
loss (test data): 23464.201341302713
Epoch 1/10, Loss: 890.0122
Epoch 2/10, Loss: 10.6644
Epoch 3/10, Loss: 6.4986
Epoch 4/10, Loss: 3.3813
Epoch 5/10, Loss: 2.1542
Epoch 6/10, Loss: 1.5745
Epoch 7/10, Loss: 1.2066
Epoch 8/10, Loss: 1.0118
Epoch 9/10, Loss: 0.8091
Epoch 10/10, Loss: 0.6403
Performance Metrics:
RMSE (test data): 154.66763305664062
MAE (test data): 131.1826171875
MAPE (test data): 182.351553440094
MSE (test data): 23922.076171875
R2 (test data): -0.9420838400486888
loss (test data): 23922.07747552711
Epoch 1/10, Loss: 849.8833
Epoch 2/10, Loss: 9.5464
Epoch 3/10, Loss: 4.2789
Epoch 4/10, Loss: 2.3294
Epoch 5/10, Loss: 1.7535
Epoch 6/10, Loss: 1.3971
Epoch 7/10, Loss: 1.1627
Epoch 8/10, Loss: 0.8722
Epoch 9/10, Loss: 0.6458
Epoch 10/10, Loss: 0.5268
Performance Metrics:
RMSE (test data): 152.77035522460938
MAE (test data): 128.9848175048828
MAPE (test data): 180.92291355133057
MSE (test data): 23338.783203125
R2 (test data): -0.8947298209557766
loss (test data): 23338.783114646085
Epoch 1/10, Loss: 876.7073
Epoch 2/10, Loss: 8.5603
Epoch 3/10, Loss: 4.6006
Epoch 4/10, Loss: 2.7945
Epoch 5/10, Loss: 1.9658
Epoch 6/10, Loss: 1.5223
Epoch 7/10, Loss: 1.1424
Epoch 8/10, Loss: 0.8745
Epoch 9/10, Loss: 0.6624
Epoch 10/10, Loss: 0.5097
Performance Metrics:
RMSE (test data): 152.93240356445312
MAE (test data): 129.12234497070312
MAPE (test data): 181.0113787651062
MSE (test data): 23388.318359375
R2 (test data): -0.8987514176435141
loss (test data): 23388.319355233434
Epoch 1/10, Loss: 816.4649
Epoch 2/10, Loss: 8.6160
Epoch 3/10, Loss: 3.9203
Epoch 4/10, Loss: 2.1732
Epoch 5/10, Loss: 1.5690
Epoch 6/10, Loss: 1.2364
Epoch 7/10, Loss: 0.9372
Epoch 8/10, Loss: 0.6848
Epoch 9/10, Loss: 0.5376
Epoch 10/10, Loss: 0.4599
Performance Metrics:
RMSE (test data): 152.7153778076172
MAE (test data): 128.8553466796875
MAPE (test data): 180.92401027679443
MSE (test data): 23321.984375
R2 (test data): -0.8933658694685536
loss (test data): 23321.9822251506
Epoch 1/10, Loss: 726.3272
Epoch 2/10, Loss: 8.7371
Epoch 3/10, Loss: 3.8824
Epoch 4/10, Loss: 2.2239
Epoch 5/10, Loss: 1.4622
Epoch 6/10, Loss: 1.0033
Epoch 7/10, Loss: 0.7131
Epoch 8/10, Loss: 0.5544
Epoch 9/10, Loss: 0.4935
Epoch 10/10, Loss: 0.3997
Performance Metrics:
RMSE (test data): 153.7083282470703
MAE (test data): 129.93722534179688
MAPE (test data): 181.43690824508667
MSE (test data): 23626.248046875
R2 (test data): -0.9180673479882084
loss (test data): 23626.248515625
Epoch 1/10, Loss: 816.6111
Epoch 2/10, Loss: 7.4046
Epoch 3/10, Loss: 3.7374
Epoch 4/10, Loss: 2.1284
Epoch 5/10, Loss: 1.2904
Epoch 6/10, Loss: 0.8534
Epoch 7/10, Loss: 0.6614
Epoch 8/10, Loss: 0.5050
Epoch 9/10, Loss: 0.4086
Epoch 10/10, Loss: 0.3519
Performance Metrics:
RMSE (test data): 154.21417236328125
MAE (test data): 131.0944061279297
MAPE (test data): 182.07712173461914
MSE (test data): 23782.009765625
R2 (test data): -0.9307127544816651
loss (test data): 23782.011537085844
Epoch 1/10, Loss: 793.5299
Epoch 2/10, Loss: 10.2350
Epoch 3/10, Loss: 5.5118
Epoch 4/10, Loss: 3.3478
Epoch 5/10, Loss: 2.1708
Epoch 6/10, Loss: 1.5203
Epoch 7/10, Loss: 1.1207
Epoch 8/10, Loss: 0.8217
Epoch 9/10, Loss: 0.6165
Epoch 10/10, Loss: 0.5579
Performance Metrics:
RMSE (test data): 152.66510009765625
MAE (test data): 128.7804718017578
MAPE (test data): 180.83335161209106
MSE (test data): 23306.630859375
R2 (test data): -0.8921195546377807
loss (test data): 23306.630610881024
Epoch 1/10, Loss: 843.4581
Epoch 2/10, Loss: 9.7956
Epoch 3/10, Loss: 5.1335
Epoch 4/10, Loss: 2.5923
Epoch 5/10, Loss: 1.8049
Epoch 6/10, Loss: 1.3894
Epoch 7/10, Loss: 1.0613
Epoch 8/10, Loss: 0.8458
Epoch 9/10, Loss: 0.6213
Epoch 10/10, Loss: 0.5036
Performance Metrics:
RMSE (test data): 152.22018432617188
MAE (test data): 128.56439208984375
MAPE (test data): 180.55825233459473
MSE (test data): 23170.984375
DEBUG flwr 2024-03-09 18:56:04,681 | connection.py:141 | gRPC channel closed
INFO flwr 2024-03-09 18:56:04,682 | app.py:304 | Disconnect and shut down
R2 (test data): -0.8811073470860187
loss (test data): 23170.98491434488
Epoch 1/10, Loss: 796.0842
Epoch 2/10, Loss: 7.8414
Epoch 3/10, Loss: 4.1858
Epoch 4/10, Loss: 2.5491
Epoch 5/10, Loss: 1.8439
Epoch 6/10, Loss: 1.4171
Epoch 7/10, Loss: 1.1677
Epoch 8/10, Loss: 0.9860
Epoch 9/10, Loss: 0.8259
Epoch 10/10, Loss: 0.6716
Performance Metrics:
RMSE (test data): 151.66351318359375
MAE (test data): 127.93400573730469
MAPE (test data): 180.20483255386353
MSE (test data): 23001.8203125
R2 (test data): -0.8673737800148826
loss (test data): 23001.81879659262
Epoch 1/10, Loss: 895.3958
Epoch 2/10, Loss: 8.7299
Epoch 3/10, Loss: 5.2297
Epoch 4/10, Loss: 2.8288
Epoch 5/10, Loss: 1.9330
Epoch 6/10, Loss: 1.5026
Epoch 7/10, Loss: 1.1431
Epoch 8/10, Loss: 0.8702
Epoch 9/10, Loss: 0.6745
Epoch 10/10, Loss: 0.5507
Performance Metrics:
RMSE (test data): 152.5279083251953
MAE (test data): 128.99795532226562
MAPE (test data): 180.83453178405762
MSE (test data): 23264.76171875
R2 (test data): -0.8887204638410595
loss (test data): 23264.761392131026
Epoch 1/10, Loss: 709.5968
Epoch 2/10, Loss: 8.5233
Epoch 3/10, Loss: 4.2390
Epoch 4/10, Loss: 2.5238
Epoch 5/10, Loss: 1.7638
Epoch 6/10, Loss: 1.3078
Epoch 7/10, Loss: 0.9529
Epoch 8/10, Loss: 0.7078
Epoch 9/10, Loss: 0.5310
Epoch 10/10, Loss: 0.4451
Performance Metrics:
RMSE (test data): 151.96690368652344
MAE (test data): 128.30343627929688
MAPE (test data): 180.44605255126953
MSE (test data): 23093.94140625
R2 (test data): -0.8748526710677484
loss (test data): 23093.941438253012
Epoch 1/10, Loss: 953.3475
Epoch 2/10, Loss: 9.5444
Epoch 3/10, Loss: 5.9925
Epoch 4/10, Loss: 3.6554
Epoch 5/10, Loss: 2.5576
Epoch 6/10, Loss: 1.9086
Epoch 7/10, Loss: 1.4259
Epoch 8/10, Loss: 1.1127
Epoch 9/10, Loss: 0.8665
Epoch 10/10, Loss: 0.6157
Performance Metrics:
RMSE (test data): 151.7734375
MAE (test data): 128.01698303222656
MAPE (test data): 180.30927181243896
MSE (test data): 23035.177734375
R2 (test data): -0.8700819642905211
loss (test data): 23035.177104668674
Epoch 1/10, Loss: 774.8438
Epoch 2/10, Loss: 8.2992
Epoch 3/10, Loss: 4.4970
Epoch 4/10, Loss: 2.8549
Epoch 5/10, Loss: 2.0945
Epoch 6/10, Loss: 1.5968
Epoch 7/10, Loss: 1.1713
Epoch 8/10, Loss: 0.8810
Epoch 9/10, Loss: 0.7092
Epoch 10/10, Loss: 0.5990
Performance Metrics:
RMSE (test data): 151.6508026123047
MAE (test data): 128.1661376953125
MAPE (test data): 180.2147626876831
MSE (test data): 22997.96484375
R2 (test data): -0.8670608886286055
loss (test data): 22997.96473173946
Epoch 1/10, Loss: 734.0964
Epoch 2/10, Loss: 9.3418
Epoch 3/10, Loss: 5.7567
Epoch 4/10, Loss: 3.0850
Epoch 5/10, Loss: 2.1269
Epoch 6/10, Loss: 1.5807
Epoch 7/10, Loss: 1.2182
Epoch 8/10, Loss: 0.9651
Epoch 9/10, Loss: 0.7213
Epoch 10/10, Loss: 0.5445
Performance Metrics:
RMSE (test data): 151.0498809814453
MAE (test data): 127.64969635009766
MAPE (test data): 179.83707189559937
MSE (test data): 22816.06640625
R2 (test data): -0.8522935691382576
loss (test data): 22816.064731739458
Epoch 1/10, Loss: 929.0215
Epoch 2/10, Loss: 9.0287
Epoch 3/10, Loss: 4.8856
Epoch 4/10, Loss: 3.2293
Epoch 5/10, Loss: 2.2525
Epoch 6/10, Loss: 1.6909
Epoch 7/10, Loss: 1.3417
Epoch 8/10, Loss: 1.1042
Epoch 9/10, Loss: 0.8575
Epoch 10/10, Loss: 0.6824
Performance Metrics:
RMSE (test data): 151.2369842529297
MAE (test data): 127.8025894165039
MAPE (test data): 179.9828290939331
MSE (test data): 22872.626953125
R2 (test data): -0.8568854365705629
loss (test data): 22872.625892319276
Epoch 1/10, Loss: 832.4295
Epoch 2/10, Loss: 8.6692
Epoch 3/10, Loss: 5.0079
Epoch 4/10, Loss: 3.1737
Epoch 5/10, Loss: 2.2691
Epoch 6/10, Loss: 1.7351
Epoch 7/10, Loss: 1.3787
Epoch 8/10, Loss: 1.0790
Epoch 9/10, Loss: 0.8611
Epoch 10/10, Loss: 0.6933
Performance Metrics:
RMSE (test data): 151.01318359375
MAE (test data): 127.4190673828125
MAPE (test data): 179.8197865486145
MSE (test data): 22804.982421875
R2 (test data): -0.8513939613275838
loss (test data): 22804.983464326055
Epoch 1/10, Loss: 799.4399
Epoch 2/10, Loss: 9.5142
Epoch 3/10, Loss: 4.8560
Epoch 4/10, Loss: 2.9376
Epoch 5/10, Loss: 2.0579
Epoch 6/10, Loss: 1.5079
Epoch 7/10, Loss: 1.1733
Epoch 8/10, Loss: 0.9187
Epoch 9/10, Loss: 0.7437
Epoch 10/10, Loss: 0.6360
Performance Metrics:
RMSE (test data): 152.2257080078125
MAE (test data): 128.46072387695312
MAPE (test data): 180.46612739562988
MSE (test data): 23172.666015625
R2 (test data): -0.8812438188293297
loss (test data): 23172.666048569277
Epoch 1/10, Loss: 769.4572
Epoch 2/10, Loss: 8.6140
Epoch 3/10, Loss: 4.4352
Epoch 4/10, Loss: 2.9639
Epoch 5/10, Loss: 2.1587
Epoch 6/10, Loss: 1.5840
Epoch 7/10, Loss: 1.2061
Epoch 8/10, Loss: 0.9296
Epoch 9/10, Loss: 0.7458
Epoch 10/10, Loss: 0.6372
Performance Metrics:
RMSE (test data): 152.57191467285156
MAE (test data): 128.76443481445312
MAPE (test data): 180.718994140625
MSE (test data): 23278.19140625
R2 (test data): -0.8898106852901773
loss (test data): 23278.19038497741
Epoch 1/10, Loss: 779.5906
Epoch 2/10, Loss: 8.3966
Epoch 3/10, Loss: 4.2137
Epoch 4/10, Loss: 2.5573
Epoch 5/10, Loss: 1.7909
Epoch 6/10, Loss: 1.3541
Epoch 7/10, Loss: 1.0610
Epoch 8/10, Loss: 0.8604
Epoch 9/10, Loss: 0.6949
Epoch 10/10, Loss: 0.5680
Performance Metrics:
RMSE (test data): 150.9199676513672
MAE (test data): 127.55581665039062
MAPE (test data): 179.77038621902466
MSE (test data): 22776.8359375
R2 (test data): -0.8491089115332424
loss (test data): 22776.83664439006
Epoch 1/10, Loss: 735.3332
Epoch 2/10, Loss: 8.1449
Epoch 3/10, Loss: 4.5914
Epoch 4/10, Loss: 2.9762
Epoch 5/10, Loss: 2.0484
Epoch 6/10, Loss: 1.5560
Epoch 7/10, Loss: 1.1927
Epoch 8/10, Loss: 1.0006
Epoch 9/10, Loss: 0.7756
Epoch 10/10, Loss: 0.6144
Performance Metrics:
RMSE (test data): 152.62118530273438
MAE (test data): 129.013916015625
MAPE (test data): 180.6871771812439
MSE (test data): 23293.2265625
R2 (test data): -0.8910314115493585
loss (test data): 23293.22681381777
Epoch 1/10, Loss: 854.5500
Epoch 2/10, Loss: 9.0242
Epoch 3/10, Loss: 5.0677
Epoch 4/10, Loss: 3.2777
Epoch 5/10, Loss: 2.2834
Epoch 6/10, Loss: 1.6978
Epoch 7/10, Loss: 1.2911
Epoch 8/10, Loss: 1.0725
Epoch 9/10, Loss: 0.8905
Epoch 10/10, Loss: 0.7102
Performance Metrics:
RMSE (test data): 152.43153381347656
MAE (test data): 128.68690490722656
MAPE (test data): 180.65943717956543
MSE (test data): 23235.37109375
R2 (test data): -0.8863343674446345
loss (test data): 23235.370078125
Epoch 1/10, Loss: 768.3912
Epoch 2/10, Loss: 8.2846
Epoch 3/10, Loss: 3.9441
Epoch 4/10, Loss: 2.5800
Epoch 5/10, Loss: 1.8781
Epoch 6/10, Loss: 1.4675
Epoch 7/10, Loss: 1.1946
Epoch 8/10, Loss: 1.0096
Epoch 9/10, Loss: 0.8623
Epoch 10/10, Loss: 0.7088
Performance Metrics:
RMSE (test data): 152.14718627929688
MAE (test data): 128.4439697265625
MAPE (test data): 180.49538135528564
MSE (test data): 23148.765625
R2 (test data): -0.879303397675038
loss (test data): 23148.764653614457
Epoch 1/10, Loss: 758.8920
Epoch 2/10, Loss: 8.0172
Epoch 3/10, Loss: 3.9192
Epoch 4/10, Loss: 2.5633
Epoch 5/10, Loss: 1.8716
Epoch 6/10, Loss: 1.4126
Epoch 7/10, Loss: 1.1099
Epoch 8/10, Loss: 0.8598
Epoch 9/10, Loss: 0.7020
Epoch 10/10, Loss: 0.5655
Performance Metrics:
RMSE (test data): 152.33285522460938
MAE (test data): 128.5011749267578
MAPE (test data): 180.6164264678955
MSE (test data): 23205.296875
R2 (test data): -0.883893040098241
loss (test data): 23205.298295368975
Epoch 1/10, Loss: 894.6521
Epoch 2/10, Loss: 10.7247
Epoch 3/10, Loss: 5.1040
Epoch 4/10, Loss: 3.2721
Epoch 5/10, Loss: 2.2477
Epoch 6/10, Loss: 1.6917
Epoch 7/10, Loss: 1.3263
Epoch 8/10, Loss: 1.0211
Epoch 9/10, Loss: 0.8029
Epoch 10/10, Loss: 0.6167
Performance Metrics:
RMSE (test data): 152.81048583984375
MAE (test data): 129.2144012451172
MAPE (test data): 180.99725246429443
MSE (test data): 23351.046875
R2 (test data): -0.895725579821246
loss (test data): 23351.048414909637
wandb: - 0.001 MB of 0.001 MB uploadedwandb: \ 0.001 MB of 0.001 MB uploadedwandb: | 0.001 MB of 0.001 MB uploadedwandb: / 0.001 MB of 0.001 MB uploadedwandb: - 0.001 MB of 0.052 MB uploadedwandb: \ 0.062 MB of 0.063 MB uploadedwandb: | 0.063 MB of 0.063 MB uploadedwandb: 
wandb: Run history:
wandb: Communication Time ▁▁▁▁▁▁▁▁▁▁▁▁▁▁▁▁▁▁▁▁█▁▁▁▁▁▁▁▁▁▁▁▁▁▁▁▁▁▁▁
wandb:    MAE (test data) ▁▄▆▇████████████████████████████████████
wandb:   MAPE (test data) ▁▆▇█████████████████████████████████████
wandb:    MSE (test data) ▁▃▆▇███████▇▇███████▇███████████████████
wandb:     R2 (test data) █▆▃▂▁▁▁▁▁▁▁▂▂▁▁▁▁▁▁▁▂▁▁▁▁▁▁▁▁▁▁▁▁▁▁▁▁▁▁▁
wandb:   RMSE (test data) ▁▄▆▇████████▇███████████████████████████
wandb:    loss(test data) ▁▃▆▇███████▇▇███████▇███████████████████
wandb: 
wandb: Run summary:
wandb: Communication Time 2.14108
wandb:    MAE (test data) 129.2144
wandb:   MAPE (test data) 180.99725
wandb:    MSE (test data) 23351.04688
wandb:     R2 (test data) -0.89573
wandb:   RMSE (test data) 152.81049
wandb:    loss(test data) 23351.04841
wandb: 
wandb: 🚀 View run dauntless-terrain-42 at: https://wandb.ai/digitalai/CFL/runs/l10kn63a
wandb: ️⚡ View job at https://wandb.ai/digitalai/CFL/jobs/QXJ0aWZhY3RDb2xsZWN0aW9uOjE0NzIyMzQ5Ng==/version_details/v0
wandb: Synced 6 W&B file(s), 0 media file(s), 0 artifact file(s) and 0 other file(s)
wandb: Find logs at: ./wandb/run-20240309_184511-l10kn63a/logs
