wandb: Currently logged in as: longyunbo218 (digitalai). Use `wandb login --relogin` to force relogin
wandb: wandb version 0.16.4 is available!  To upgrade, please run:
wandb:  $ pip install wandb --upgrade
wandb: Tracking run with wandb version 0.16.2
wandb: Run data is saved locally in /Users/yunbo/Documents/GitHub/PFL_Optimiozation/Model_training/2_clusters/wandb/run-20240309_190013-2wbxrjae
wandb: Run `wandb offline` to turn off syncing.
wandb: Syncing run polar-morning-2
wandb: ⭐️ View project at https://wandb.ai/digitalai/CFL2
wandb: 🚀 View run at https://wandb.ai/digitalai/CFL2/runs/2wbxrjae
INFO flwr 2024-03-09 19:00:19,015 | grpc.py:52 | Opened insecure gRPC connection (no certificates were passed)
DEBUG flwr 2024-03-09 19:00:19,041 | connection.py:42 | ChannelConnectivity.IDLE
DEBUG flwr 2024-03-09 19:00:19,043 | connection.py:42 | ChannelConnectivity.CONNECTING
DEBUG flwr 2024-03-09 19:00:19,048 | connection.py:42 | ChannelConnectivity.READY
Epoch 1/10, Loss: 16947.0804
Epoch 2/10, Loss: 5299.8221
Epoch 3/10, Loss: 4442.4550
Epoch 4/10, Loss: 5106.9348
Epoch 5/10, Loss: 3344.7902
Epoch 6/10, Loss: 5452.1692
Epoch 7/10, Loss: 3939.6248
Epoch 8/10, Loss: 4348.0596
Epoch 9/10, Loss: 2929.1204
Epoch 10/10, Loss: 3119.0173
Performance Metrics:
RMSE (test data): 99.38228607177734
MAE (test data): 68.86370849609375
MAPE (test data): 100.9442687034607
MSE (test data): 9876.8388671875
R2 (test data): 0.5833891886552314
loss (test data): 9876.83931075435
Epoch 1/10, Loss: 378.6555
Epoch 2/10, Loss: 74.5911
Epoch 3/10, Loss: 42.7647
Epoch 4/10, Loss: 26.6172
Epoch 5/10, Loss: 18.0448
Epoch 6/10, Loss: 12.0226
Epoch 7/10, Loss: 12.5771
Epoch 8/10, Loss: 8.0475
Epoch 9/10, Loss: 8.0159
Epoch 10/10, Loss: 8.6971
Performance Metrics:
RMSE (test data): 13.976881980895996
MAE (test data): 8.787338256835938
MAPE (test data): 148.71066808700562
MSE (test data): 195.35324096679688
R2 (test data): 0.991759887042442
loss (test data): 195.35323845161187
Epoch 1/10, Loss: 53.6909
Epoch 2/10, Loss: 25.7513
Epoch 3/10, Loss: 8.4862
Epoch 4/10, Loss: 9.7888
Epoch 5/10, Loss: 8.6099
Epoch 6/10, Loss: 8.2095
Epoch 7/10, Loss: 6.0750
Epoch 8/10, Loss: 8.2071
Epoch 9/10, Loss: 6.3844
Epoch 10/10, Loss: 5.3348
Performance Metrics:
RMSE (test data): 3.4511537551879883
MAE (test data): 2.405421495437622
MAPE (test data): 151.5467643737793
MSE (test data): 11.910462379455566
R2 (test data): 0.9994976098005153
loss (test data): 11.910461893885127
Epoch 1/10, Loss: 8.5973
Epoch 2/10, Loss: 10.5169
Epoch 3/10, Loss: 16.4693
Epoch 4/10, Loss: 6.8539
Epoch 5/10, Loss: 19.5742
Epoch 6/10, Loss: 79.0514
Epoch 7/10, Loss: 34.1980
Epoch 8/10, Loss: 10.7112
Epoch 9/10, Loss: 15.1631
Epoch 10/10, Loss: 14.2412
Performance Metrics:
RMSE (test data): 5.915612697601318
MAE (test data): 4.647573471069336
MAPE (test data): 151.082181930542
MSE (test data): 34.994476318359375
R2 (test data): 0.9985239127755661
loss (test data): 34.99447388701387
Epoch 1/10, Loss: 33.7560
Epoch 2/10, Loss: 55.5349
Epoch 3/10, Loss: 157.3867
Epoch 4/10, Loss: 9.0028
Epoch 5/10, Loss: 9.2104
Epoch 6/10, Loss: 13.7151
Epoch 7/10, Loss: 6.4967
Epoch 8/10, Loss: 113.2377
Epoch 9/10, Loss: 69.3678
Epoch 10/10, Loss: 39.1122
Performance Metrics:
RMSE (test data): 4.39243221282959
MAE (test data): 3.0376272201538086
MAPE (test data): 150.76220035552979
MSE (test data): 19.2934627532959
R2 (test data): 0.9991861905304806
loss (test data): 19.29346289128174
Epoch 1/10, Loss: 15.5642
Epoch 2/10, Loss: 7.4527
Epoch 3/10, Loss: 4.7540
Epoch 4/10, Loss: 17.9522
Epoch 5/10, Loss: 11.0141
Epoch 6/10, Loss: 7.4019
Epoch 7/10, Loss: 32.7840
Epoch 8/10, Loss: 6.2719
Epoch 9/10, Loss: 331.2323
Epoch 10/10, Loss: 14.8374
Performance Metrics:
RMSE (test data): 3.318934917449951
MAE (test data): 2.247041702270508
MAPE (test data): 152.27493047714233
MSE (test data): 11.015329360961914
R2 (test data): 0.9995353670105751
loss (test data): 11.015329380175134
Epoch 1/10, Loss: 7.2229
Epoch 2/10, Loss: 14.6615
Epoch 3/10, Loss: 5.4410
Epoch 4/10, Loss: 5.0167
Epoch 5/10, Loss: 3.4019
Epoch 6/10, Loss: 2.5248
Epoch 7/10, Loss: 15.4628
Epoch 8/10, Loss: 18.8696
Epoch 9/10, Loss: 125.3275
Epoch 10/10, Loss: 8.7512
Performance Metrics:
RMSE (test data): 2.8403265476226807
MAE (test data): 1.9465184211730957
MAPE (test data): 151.71966552734375
MSE (test data): 8.06745433807373
R2 (test data): 0.9996597100720601
loss (test data): 8.0674547625112
Epoch 1/10, Loss: 7.1400
Epoch 2/10, Loss: 57.3123
Epoch 3/10, Loss: 44.2559
Epoch 4/10, Loss: 3.6568
Epoch 5/10, Loss: 7.5767
Epoch 6/10, Loss: 8.1686
Epoch 7/10, Loss: 4.3694
Epoch 8/10, Loss: 12.9086
Epoch 9/10, Loss: 37.1887
Epoch 10/10, Loss: 40.2607
Performance Metrics:
RMSE (test data): 8.204767227172852
MAE (test data): 7.299135208129883
MAPE (test data): 157.14032649993896
MSE (test data): 67.31820678710938
R2 (test data): 0.997160478571411
loss (test data): 67.31821586972191
Epoch 1/10, Loss: 34.3075
Epoch 2/10, Loss: 30.0525
Epoch 3/10, Loss: 51.0206
Epoch 4/10, Loss: 14.5800
Epoch 5/10, Loss: 81.4931
Epoch 6/10, Loss: 19.2669
Epoch 7/10, Loss: 2.0373
Epoch 8/10, Loss: 1.7204
Epoch 9/10, Loss: 6.2237
Epoch 10/10, Loss: 19.5756
Performance Metrics:
RMSE (test data): 4.422305583953857
MAE (test data): 3.69563364982605
MAPE (test data): 150.76748132705688
MSE (test data): 19.556787490844727
R2 (test data): 0.9991750833898447
loss (test data): 19.556786240238846
Epoch 1/10, Loss: 45.7363
Epoch 2/10, Loss: 11.4527
Epoch 3/10, Loss: 11.1444
Epoch 4/10, Loss: 4.7319
Epoch 5/10, Loss: 12.3596
Epoch 6/10, Loss: 8.8702
Epoch 7/10, Loss: 13.8934
Epoch 8/10, Loss: 206.1918
Epoch 9/10, Loss: 4.0470
Epoch 10/10, Loss: 1.9356
Performance Metrics:
RMSE (test data): 2.7848691940307617
MAE (test data): 2.024357795715332
MAPE (test data): 151.56387090682983
MSE (test data): 7.755496501922607
R2 (test data): 0.9996728686794386
loss (test data): 7.755495839939886
Epoch 1/10, Loss: 3.2093
Epoch 2/10, Loss: 1.6663
Epoch 3/10, Loss: 1.5287
Epoch 4/10, Loss: 2.2934
Epoch 5/10, Loss: 2.8486
Epoch 6/10, Loss: 20.8244
Epoch 7/10, Loss: 14.1788
Epoch 8/10, Loss: 2.1552
Epoch 9/10, Loss: 35.1736
Epoch 10/10, Loss: 131.7328
Performance Metrics:
RMSE (test data): 3.551283359527588
MAE (test data): 2.538888931274414
MAPE (test data): 151.089608669281
MSE (test data): 12.611614227294922
R2 (test data): 0.999468034750335
loss (test data): 12.611615025516832
Epoch 1/10, Loss: 4.2134
Epoch 2/10, Loss: 1.0275
Epoch 3/10, Loss: 2.2071
Epoch 4/10, Loss: 6.5278
Epoch 5/10, Loss: 19.5971
Epoch 6/10, Loss: 36.6141
Epoch 7/10, Loss: 8.4181
Epoch 8/10, Loss: 8.7102
Epoch 9/10, Loss: 1.7074
Epoch 10/10, Loss: 2.5027
Performance Metrics:
RMSE (test data): 4.9676313400268555
MAE (test data): 3.475411891937256
MAPE (test data): 150.16852617263794
MSE (test data): 24.67736053466797
R2 (test data): 0.9989590946026009
loss (test data): 24.67736068837372
Epoch 1/10, Loss: 23.0943
Epoch 2/10, Loss: 4.1324
Epoch 3/10, Loss: 4.4074
Epoch 4/10, Loss: 64.2410
Epoch 5/10, Loss: 3.8669
Epoch 6/10, Loss: 4.8734
Epoch 7/10, Loss: 171.5871
Epoch 8/10, Loss: 100.8500
Epoch 9/10, Loss: 6.6352
Epoch 10/10, Loss: 2.7778
Performance Metrics:
RMSE (test data): 2.7649357318878174
MAE (test data): 1.9508181810379028
MAPE (test data): 152.1901249885559
MSE (test data): 7.644869327545166
R2 (test data): 0.999677534967393
loss (test data): 7.644869310078604
Epoch 1/10, Loss: 7.3902
Epoch 2/10, Loss: 3.4056
Epoch 3/10, Loss: 2.6638
Epoch 4/10, Loss: 1.5293
Epoch 5/10, Loss: 1.1364
Epoch 6/10, Loss: 3.9716
Epoch 7/10, Loss: 5.1286
Epoch 8/10, Loss: 4.3735
Epoch 9/10, Loss: 10.0656
Epoch 10/10, Loss: 6.1749
Performance Metrics:
RMSE (test data): 2.0500941276550293
MAE (test data): 1.415297269821167
MAPE (test data): 152.4328351020813
MSE (test data): 4.20288610458374
R2 (test data): 0.9998227198121579
loss (test data): 4.202886338635679
Epoch 1/10, Loss: 15.8408
Epoch 2/10, Loss: 1.7878
Epoch 3/10, Loss: 32.2974
Epoch 4/10, Loss: 3.9320
Epoch 5/10, Loss: 125.3566
Epoch 6/10, Loss: 3.2962
Epoch 7/10, Loss: 1.6224
Epoch 8/10, Loss: 0.8765
Epoch 9/10, Loss: 2.2340
Epoch 10/10, Loss: 1.7649
Performance Metrics:
RMSE (test data): 3.618845224380493
MAE (test data): 2.8852179050445557
MAPE (test data): 150.99669694900513
MSE (test data): 13.096040725708008
R2 (test data): 0.9994476013551512
loss (test data): 13.096041703835512
Epoch 1/10, Loss: 18.2764
Epoch 2/10, Loss: 84.9126
Epoch 3/10, Loss: 2.2761
Epoch 4/10, Loss: 1.1230
Epoch 5/10, Loss: 0.5517
Epoch 6/10, Loss: 0.5732
Epoch 7/10, Loss: 0.7405
Epoch 8/10, Loss: 1.5711
Epoch 9/10, Loss: 66.9741
Epoch 10/10, Loss: 23.8790
Performance Metrics:
RMSE (test data): 3.7887814044952393
MAE (test data): 3.1582586765289307
MAPE (test data): 154.70212697982788
MSE (test data): 14.354864120483398
R2 (test data): 0.9993945035076286
loss (test data): 14.354863945817772
Epoch 1/10, Loss: 5.5383
Epoch 2/10, Loss: 1.1297
Epoch 3/10, Loss: 1.1413
Epoch 4/10, Loss: 1.0848
Epoch 5/10, Loss: 1.1359
Epoch 6/10, Loss: 1.0984
Epoch 7/10, Loss: 40.6628
Epoch 8/10, Loss: 13.7729
Epoch 9/10, Loss: 2.4186
Epoch 10/10, Loss: 1.2342
Performance Metrics:
RMSE (test data): 4.193569660186768
MAE (test data): 2.785399913787842
MAPE (test data): 150.79545974731445
MSE (test data): 17.586027145385742
R2 (test data): 0.9992582111456617
loss (test data): 17.58602778116862
Epoch 1/10, Loss: 50.0085
Epoch 2/10, Loss: 3.3816
Epoch 3/10, Loss: 1.3609
Epoch 4/10, Loss: 2.1754
Epoch 5/10, Loss: 1.3535
Epoch 6/10, Loss: 1.6596
Epoch 7/10, Loss: 1.2707
Epoch 8/10, Loss: 8.6766
Epoch 9/10, Loss: 10.7295
Epoch 10/10, Loss: 3.3216
Performance Metrics:
RMSE (test data): 4.220360279083252
MAE (test data): 3.4554738998413086
MAPE (test data): 150.62848329544067
MSE (test data): 17.81144142150879
R2 (test data): 0.9992487030769787
loss (test data): 17.811441292256227
Epoch 1/10, Loss: 11.2174
Epoch 2/10, Loss: 55.2808
Epoch 3/10, Loss: 13.8780
Epoch 4/10, Loss: 2.8984
Epoch 5/10, Loss: 2.3453
Epoch 6/10, Loss: 14.8871
Epoch 7/10, Loss: 1.6371
Epoch 8/10, Loss: 0.6071
Epoch 9/10, Loss: 1.3496
Epoch 10/10, Loss: 1.9383
Performance Metrics:
RMSE (test data): 5.672173023223877
MAE (test data): 4.337057590484619
MAPE (test data): 149.75497722625732
MSE (test data): 32.173545837402344
R2 (test data): 0.9986429011454452
loss (test data): 32.173546452225345
Epoch 1/10, Loss: 38.6374
Epoch 2/10, Loss: 91.8110
Epoch 3/10, Loss: 1.8104
Epoch 4/10, Loss: 0.9907
Epoch 5/10, Loss: 1.3179
Epoch 6/10, Loss: 1.0412
Epoch 7/10, Loss: 1.4695
Epoch 8/10, Loss: 1.3359
Epoch 9/10, Loss: 133.6269
Epoch 10/10, Loss: 41.2169
Performance Metrics:
RMSE (test data): 4.115189552307129
MAE (test data): 2.5002007484436035
MAPE (test data): 150.88460445404053
MSE (test data): 16.934785842895508
R2 (test data): 0.9992856809168722
loss (test data): 16.934785563430506
Epoch 1/10, Loss: 2.6950
Epoch 2/10, Loss: 0.4911
Epoch 3/10, Loss: 0.8368
Epoch 4/10, Loss: 0.4097
Epoch 5/10, Loss: 0.4522
Epoch 6/10, Loss: 0.6405
Epoch 7/10, Loss: 0.6275
Epoch 8/10, Loss: 0.6885
Epoch 9/10, Loss: 0.6507
Epoch 10/10, Loss: 1.4509
Performance Metrics:
RMSE (test data): 1.5415502786636353
MAE (test data): 1.133497714996338
MAPE (test data): 153.00170183181763
MSE (test data): 2.3763773441314697
R2 (test data): 0.9998997630157207
loss (test data): 2.37637753539033
Epoch 1/10, Loss: 9.5840
Epoch 2/10, Loss: 8.6488
Epoch 3/10, Loss: 0.6396
Epoch 4/10, Loss: 2.2262
Epoch 5/10, Loss: 0.9942
Epoch 6/10, Loss: 3.7382
Epoch 7/10, Loss: 183.8811
Epoch 8/10, Loss: 2.7028
Epoch 9/10, Loss: 0.5735
Epoch 10/10, Loss: 0.4097
Performance Metrics:
RMSE (test data): 1.6512376070022583
MAE (test data): 1.066145896911621
MAPE (test data): 152.33649015426636
MSE (test data): 2.726585626602173
R2 (test data): 0.999884991036657
loss (test data): 2.726585607388954
Epoch 1/10, Loss: 2.6215
Epoch 2/10, Loss: 0.7106
Epoch 3/10, Loss: 0.7432
Epoch 4/10, Loss: 0.5392
Epoch 5/10, Loss: 0.7338
Epoch 6/10, Loss: 0.5639
Epoch 7/10, Loss: 28.5331
Epoch 8/10, Loss: 19.4607
Epoch 9/10, Loss: 2.5185
Epoch 10/10, Loss: 1.0711
Performance Metrics:
RMSE (test data): 2.0670862197875977
MAE (test data): 1.4399007558822632
MAPE (test data): 151.96633338928223
MSE (test data): 4.27284574508667
R2 (test data): 0.9998197688845124
loss (test data): 4.2728457529466235
Epoch 1/10, Loss: 4.4063
Epoch 2/10, Loss: 80.3238
Epoch 3/10, Loss: 65.2192
Epoch 4/10, Loss: 1.2224
Epoch 5/10, Loss: 0.7404
Epoch 6/10, Loss: 0.4744
Epoch 7/10, Loss: 0.4792
Epoch 8/10, Loss: 0.4319
Epoch 9/10, Loss: 1.2241
Epoch 10/10, Loss: 0.6049
Performance Metrics:
RMSE (test data): 1.7022217512130737
MAE (test data): 1.0728780031204224
MAPE (test data): 152.3265838623047
MSE (test data): 2.8975589275360107
R2 (test data): 0.9998777792868823
loss (test data): 2.897558800466768
Epoch 1/10, Loss: 4.5404
Epoch 2/10, Loss: 34.1322
Epoch 3/10, Loss: 1.3090
Epoch 4/10, Loss: 1.6170
Epoch 5/10, Loss: 0.5486
Epoch 6/10, Loss: 0.3987
Epoch 7/10, Loss: 0.3636
Epoch 8/10, Loss: 4.9036
Epoch 9/10, Loss: 87.1524
Epoch 10/10, Loss: 8.5459
Performance Metrics:
RMSE (test data): 1.594240427017212
MAE (test data): 1.0839381217956543
MAPE (test data): 152.48324871063232
MSE (test data): 2.541602611541748
R2 (test data): 0.9998927937280435
loss (test data): 2.5416025332697143
Epoch 1/10, Loss: 1.7553
Epoch 2/10, Loss: 0.4689
Epoch 3/10, Loss: 0.4546
Epoch 4/10, Loss: 0.2546
Epoch 5/10, Loss: 2.5596
Epoch 6/10, Loss: 0.5362
Epoch 7/10, Loss: 4.2551
Epoch 8/10, Loss: 122.7895
Epoch 9/10, Loss: 2.7028
Epoch 10/10, Loss: 0.8921
Performance Metrics:
RMSE (test data): 1.8780807256698608
MAE (test data): 1.1823372840881348
MAPE (test data): 152.1195411682129
MSE (test data): 3.5271871089935303
R2 (test data): 0.999851221208697
loss (test data): 3.527186945244506
Epoch 1/10, Loss: 6.3819
Epoch 2/10, Loss: 0.4742
Epoch 3/10, Loss: 0.3091
Epoch 4/10, Loss: 0.3614
Epoch 5/10, Loss: 2.6253
Epoch 6/10, Loss: 0.6555
Epoch 7/10, Loss: 0.2950
Epoch 8/10, Loss: 10.6574
Epoch 9/10, Loss: 2.4268
Epoch 10/10, Loss: 1.0025
Performance Metrics:
RMSE (test data): 2.4540491104125977
MAE (test data): 1.4930853843688965
MAPE (test data): 151.74808502197266
MSE (test data): 6.0223565101623535
R2 (test data): 0.999745973525803
loss (test data): 6.0223559988287345
Epoch 1/10, Loss: 7.1579
Epoch 2/10, Loss: 6.3412
Epoch 3/10, Loss: 0.5334
Epoch 4/10, Loss: 0.8524
Epoch 5/10, Loss: 20.1319
Epoch 6/10, Loss: 3.7327
Epoch 7/10, Loss: 21.4844
Epoch 8/10, Loss: 1.0158
Epoch 9/10, Loss: 9.2011
Epoch 10/10, Loss: 149.7186
Performance Metrics:
RMSE (test data): 2.4186089038848877
MAE (test data): 1.5627599954605103
MAPE (test data): 151.81056261062622
MSE (test data): 5.849668502807617
R2 (test data): 0.9997532576002138
loss (test data): 5.849668180549537
Epoch 1/10, Loss: 1.8845
Epoch 2/10, Loss: 0.3630
Epoch 3/10, Loss: 0.3190
Epoch 4/10, Loss: 0.2955
Epoch 5/10, Loss: 0.3088
Epoch 6/10, Loss: 0.3332
Epoch 7/10, Loss: 0.2606
Epoch 8/10, Loss: 0.2587
Epoch 9/10, Loss: 0.4867
Epoch 10/10, Loss: 5.6846
Performance Metrics:
RMSE (test data): 2.016007900238037
MAE (test data): 1.220155119895935
MAPE (test data): 152.31592655181885
MSE (test data): 4.064288139343262
R2 (test data): 0.999828565969671
loss (test data): 4.064288110523433
Epoch 1/10, Loss: 18.2289
Epoch 2/10, Loss: 1.3559
Epoch 3/10, Loss: 2.7676
Epoch 4/10, Loss: 0.9950
Epoch 5/10, Loss: 0.3727
Epoch 6/10, Loss: 1.3757
Epoch 7/10, Loss: 18.0116
Epoch 8/10, Loss: 1.2298
Epoch 9/10, Loss: 0.6639
Epoch 10/10, Loss: 0.4136
Performance Metrics:
RMSE (test data): 2.6068851947784424
MAE (test data): 1.713966727256775
MAPE (test data): 151.5945315361023
MSE (test data): 6.7958502769470215
R2 (test data): 0.9997133470863946
loss (test data): 6.795850291356936
Epoch 1/10, Loss: 19.2948
Epoch 2/10, Loss: 31.1014
Epoch 3/10, Loss: 1.3654
Epoch 4/10, Loss: 0.5840
Epoch 5/10, Loss: 0.9674
Epoch 6/10, Loss: 0.4987
Epoch 7/10, Loss: 15.5278
Epoch 8/10, Loss: 1.3209
Epoch 9/10, Loss: 6.8274
Epoch 10/10, Loss: 2.3566
Performance Metrics:
RMSE (test data): 1.7387820482254028
MAE (test data): 1.1702758073806763
MAPE (test data): 152.76269912719727
MSE (test data): 3.023362874984741
R2 (test data): 0.999872472796349
loss (test data): 3.0233629160311635
Epoch 1/10, Loss: 3.4231
Epoch 2/10, Loss: 37.9098
Epoch 3/10, Loss: 62.7389
Epoch 4/10, Loss: 0.8435
Epoch 5/10, Loss: 0.7150
Epoch 6/10, Loss: 0.3589
Epoch 7/10, Loss: 0.3314
Epoch 8/10, Loss: 0.5405
Epoch 9/10, Loss: 0.5225
Epoch 10/10, Loss: 0.3593
Performance Metrics:
RMSE (test data): 2.603452444076538
MAE (test data): 1.637886881828308
MAPE (test data): 151.55233144760132
MSE (test data): 6.777965068817139
R2 (test data): 0.999714101494238
loss (test data): 6.777965262695983
Epoch 1/10, Loss: 5.4929
Epoch 2/10, Loss: 1.6463
Epoch 3/10, Loss: 1.0485
Epoch 4/10, Loss: 11.3891
Epoch 5/10, Loss: 1.1563
Epoch 6/10, Loss: 6.4693
Epoch 7/10, Loss: 4.7123
Epoch 8/10, Loss: 0.6593
Epoch 9/10, Loss: 0.4635
Epoch 10/10, Loss: 2.1211
Performance Metrics:
RMSE (test data): 2.970151901245117
MAE (test data): 2.1110148429870605
MAPE (test data): 151.3222336769104
MSE (test data): 8.821802139282227
R2 (test data): 0.9996278912989656
loss (test data): 8.821801332327036
Epoch 1/10, Loss: 58.2035
Epoch 2/10, Loss: 2.4476
Epoch 3/10, Loss: 0.8818
Epoch 4/10, Loss: 4.6609
Epoch 5/10, Loss: 1.4007
Epoch 6/10, Loss: 3.2296
Epoch 7/10, Loss: 0.4727
Epoch 8/10, Loss: 0.7098
Epoch 9/10, Loss: 0.5568
Epoch 10/10, Loss: 2.7251
Performance Metrics:
RMSE (test data): 2.344780445098877
MAE (test data): 1.3471163511276245
MAPE (test data): 151.91022157669067
MSE (test data): 5.497995853424072
R2 (test data): 0.9997680913294829
loss (test data): 5.497996169568855
Epoch 1/10, Loss: 106.7934
Epoch 2/10, Loss: 1.8834
Epoch 3/10, Loss: 0.5339
Epoch 4/10, Loss: 0.3243
Epoch 5/10, Loss: 0.2444
Epoch 6/10, Loss: 0.3793
Epoch 7/10, Loss: 0.3466
Epoch 8/10, Loss: 0.3777
Epoch 9/10, Loss: 9.7966
Epoch 10/10, Loss: 1.6968
Performance Metrics:
RMSE (test data): 2.204547643661499
MAE (test data): 1.2889184951782227
MAPE (test data): 151.91495418548584
MSE (test data): 4.860030174255371
R2 (test data): 0.999795001111291
loss (test data): 4.860030051989433
Epoch 1/10, Loss: 10.4724
Epoch 2/10, Loss: 0.7312
Epoch 3/10, Loss: 0.4115
Epoch 4/10, Loss: 0.3204
Epoch 5/10, Loss: 1.2541
Epoch 6/10, Loss: 5.3616
Epoch 7/10, Loss: 1.3819
Epoch 8/10, Loss: 7.7475
Epoch 9/10, Loss: 1.3171
Epoch 10/10, Loss: 7.9509
Performance Metrics:
RMSE (test data): 2.4112024307250977
MAE (test data): 1.6122465133666992
MAPE (test data): 151.7181158065796
MSE (test data): 5.813897132873535
R2 (test data): 0.9997547664352904
loss (test data): 5.813897283085973
Epoch 1/10, Loss: 22.4573
Epoch 2/10, Loss: 37.1967
Epoch 3/10, Loss: 0.6757
Epoch 4/10, Loss: 1.7456
Epoch 5/10, Loss: 1.9095
Epoch 6/10, Loss: 4.1215
Epoch 7/10, Loss: 6.5694
Epoch 8/10, Loss: 0.8444
Epoch 9/10, Loss: 0.4404
Epoch 10/10, Loss: 38.2059
Performance Metrics:
RMSE (test data): 3.0278000831604004
MAE (test data): 2.0850486755371094
MAPE (test data): 151.46247148513794
MSE (test data): 9.167573928833008
R2 (test data): 0.9996133064187696
loss (test data): 9.167573726220882
Epoch 1/10, Loss: 13.4961
Epoch 2/10, Loss: 0.5878
Epoch 3/10, Loss: 0.8155
Epoch 4/10, Loss: 2.2584
Epoch 5/10, Loss: 0.9017
Epoch 6/10, Loss: 0.3776
Epoch 7/10, Loss: 0.4808
Epoch 8/10, Loss: 4.2909
Epoch 9/10, Loss: 20.0046
Epoch 10/10, Loss: 0.9912
Performance Metrics:
RMSE (test data): 2.2876644134521484
MAE (test data): 1.37556791305542
MAPE (test data): 151.79580450057983
MSE (test data): 5.233408451080322
R2 (test data): 0.9997792517952284
loss (test data): 5.233408431867104
Epoch 1/10, Loss: 5.1977
Epoch 2/10, Loss: 0.7294
Epoch 3/10, Loss: 1.0386
Epoch 4/10, Loss: 1.4934
Epoch 5/10, Loss: 1.9918
Epoch 6/10, Loss: 0.5147
Epoch 7/10, Loss: 67.5259
Epoch 8/10, Loss: 2.5161
Epoch 9/10, Loss: 0.3535
Epoch 10/10, Loss: 0.2748
Performance Metrics:
RMSE (test data): 2.268493175506592
MAE (test data): 1.3696656227111816
MAPE (test data): 151.7932653427124
MSE (test data): 5.146060943603516
R2 (test data): 0.9997829361617353
loss (test data): 5.1460609427301875
Epoch 1/10, Loss: 1.8673
Epoch 2/10, Loss: 0.7614
Epoch 3/10, Loss: 0.4688
Epoch 4/10, Loss: 1.8241
Epoch 5/10, Loss: 2.0199
Epoch 6/10, Loss: 1.2021
Epoch 7/10, Loss: 1.0588
Epoch 8/10, Loss: 1.6768
Epoch 9/10, Loss: 1.1223
Epoch 10/10, Loss: 21.5554
Performance Metrics:
RMSE (test data): 3.296485662460327
MAE (test data): 2.7359113693237305
MAPE (test data): 151.56936645507812
MSE (test data): 10.866817474365234
R2 (test data): 0.9995416313209223
loss (test data): 10.866817753830235
Epoch 1/10, Loss: 6.5835
Epoch 2/10, Loss: 0.6900
Epoch 3/10, Loss: 4.2843
Epoch 4/10, Loss: 3.0170
Epoch 5/10, Loss: 0.4753
Epoch 6/10, Loss: 0.4594
Epoch 7/10, Loss: 27.6125
Epoch 8/10, Loss: 17.6155
Epoch 9/10, Loss: 12.0984
Epoch 10/10, Loss: 0.6983
Performance Metrics:
RMSE (test data): 2.159123659133911
MAE (test data): 1.35548734664917
MAPE (test data): 151.89619064331055
MSE (test data): 4.6618146896362305
R2 (test data): 0.9998033619489305
loss (test data): 4.6618146407298555
Epoch 1/10, Loss: 32.0132
Epoch 2/10, Loss: 1.7115
Epoch 3/10, Loss: 0.3890
Epoch 4/10, Loss: 0.6056
Epoch 5/10, Loss: 0.5609
Epoch 6/10, Loss: 0.2534
Epoch 7/10, Loss: 1.2157
Epoch 8/10, Loss: 0.7988
Epoch 9/10, Loss: 0.4213
Epoch 10/10, Loss: 0.7272
Performance Metrics:
RMSE (test data): 2.1271615028381348
MAE (test data): 1.2276458740234375
MAPE (test data): 151.92334651947021
MSE (test data): 4.524815559387207
R2 (test data): 0.9998091406438253
loss (test data): 4.524815759379348
Epoch 1/10, Loss: 9.8804
Epoch 2/10, Loss: 2.7824
Epoch 3/10, Loss: 11.6641
Epoch 4/10, Loss: 54.6260
Epoch 5/10, Loss: 0.6647
Epoch 6/10, Loss: 0.3409
Epoch 7/10, Loss: 0.2478
Epoch 8/10, Loss: 0.3581
Epoch 9/10, Loss: 0.3253
Epoch 10/10, Loss: 18.6905
Performance Metrics:
RMSE (test data): 2.3980419635772705
MAE (test data): 1.919639229774475
MAPE (test data): 153.45988273620605
MSE (test data): 5.750605583190918
R2 (test data): 0.9997574361233528
loss (test data): 5.750605495858105
Epoch 1/10, Loss: 25.5342
Epoch 2/10, Loss: 0.5714
Epoch 3/10, Loss: 0.3230
Epoch 4/10, Loss: 0.5225
Epoch 5/10, Loss: 0.4639
Epoch 6/10, Loss: 0.4060
Epoch 7/10, Loss: 2.0393
Epoch 8/10, Loss: 0.9101
Epoch 9/10, Loss: 0.4162
Epoch 10/10, Loss: 22.3786
Performance Metrics:
RMSE (test data): 2.2029356956481934
MAE (test data): 1.3888553380966187
MAPE (test data): 151.91996097564697
MSE (test data): 4.852925777435303
R2 (test data): 0.9997953007745
loss (test data): 4.852925672635927
Epoch 1/10, Loss: 1.8630
Epoch 2/10, Loss: 2.1596
Epoch 3/10, Loss: 3.1752
Epoch 4/10, Loss: 7.2226
Epoch 5/10, Loss: 21.6641
Epoch 6/10, Loss: 1.5580
Epoch 7/10, Loss: 1.1658
Epoch 8/10, Loss: 3.9101
Epoch 9/10, Loss: 1.6648
Epoch 10/10, Loss: 1.7228
Performance Metrics:
RMSE (test data): 4.354071140289307
MAE (test data): 2.579399347305298
MAPE (test data): 150.73288679122925
MSE (test data): 18.957935333251953
R2 (test data): 0.9992003432287204
loss (test data): 18.95793652971149
Epoch 1/10, Loss: 19.0646
Epoch 2/10, Loss: 0.7662
Epoch 3/10, Loss: 0.4512
Epoch 4/10, Loss: 1.7258
Epoch 5/10, Loss: 24.0640
Epoch 6/10, Loss: 0.7913
Epoch 7/10, Loss: 0.3227
Epoch 8/10, Loss: 0.2302
Epoch 9/10, Loss: 0.8303
Epoch 10/10, Loss: 3.0904
Performance Metrics:
RMSE (test data): 2.0783257484436035
MAE (test data): 1.2927087545394897
MAPE (test data): 151.98397636413574
MSE (test data): 4.319437503814697
R2 (test data): 0.9998178036286133
loss (test data): 4.319437149243477
Epoch 1/10, Loss: 3.5654
Epoch 2/10, Loss: 2.5063
Epoch 3/10, Loss: 11.6077
Epoch 4/10, Loss: 2.4368
Epoch 5/10, Loss: 3.2436
Epoch 6/10, Loss: 0.3867
Epoch 7/10, Loss: 30.1168
Epoch 8/10, Loss: 5.3951
Epoch 9/10, Loss: 0.7249
Epoch 10/10, Loss: 0.4469
Performance Metrics:
RMSE (test data): 2.417083501815796
MAE (test data): 1.612494707107544
MAPE (test data): 151.65075063705444
MSE (test data): 5.842292308807373
R2 (test data): 0.999753568719138
loss (test data): 5.84229228697417
Epoch 1/10, Loss: 11.9243
Epoch 2/10, Loss: 0.3795
Epoch 3/10, Loss: 0.2873
Epoch 4/10, Loss: 0.4485
Epoch 5/10, Loss: 1.3006
Epoch 6/10, Loss: 0.2848
Epoch 7/10, Loss: 5.6490
Epoch 8/10, Loss: 5.8841
Epoch 9/10, Loss: 1.2090
Epoch 10/10, Loss: 2.6863
Performance Metrics:
RMSE (test data): 1.4364759922027588
MAE (test data): 1.0441200733184814
MAPE (test data): 152.99835205078125
MSE (test data): 2.0634632110595703
R2 (test data): 0.9999129619179359
loss (test data): 2.063463344678774
Epoch 1/10, Loss: 11.8297
Epoch 2/10, Loss: 53.7976
Epoch 3/10, Loss: 0.5506
Epoch 4/10, Loss: 0.5146
Epoch 5/10, Loss: 0.4972
Epoch 6/10, Loss: 2.3022
Epoch 7/10, Loss: 0.4488
Epoch 8/10, Loss: 0.3908
Epoch 9/10, Loss: 0.7589
Epoch 10/10, Loss: 0.3498
Performance Metrics:
RMSE (test data): 3.0434703826904297
MAE (test data): 1.848800778388977
MAPE (test data): 151.35551691055298
MSE (test data): 9.262712478637695
R2 (test data): 0.9996092934154367
loss (test data): 9.262712269912273
Epoch 1/10, Loss: 8.2409
Epoch 2/10, Loss: 3.1152
Epoch 3/10, Loss: 7.9671
Epoch 4/10, Loss: 1.6429
Epoch 5/10, Loss: 19.7352
Epoch 6/10, Loss: 0.3799
Epoch 7/10, Loss: 0.8568
Epoch 8/10, Loss: 4.0467
Epoch 9/10, Loss: 0.6121
Epoch 10/10, Loss: 1.4792
Performance Metrics:
RMSE (test data): 2.9134321212768555
MAE (test data): 1.7895829677581787
MAPE (test data): 151.37633085250854
MSE (test data): 8.488086700439453
R2 (test data): 0.999641967598462
loss (test data): 8.488086061163264
Epoch 1/10, Loss: 49.6878
Epoch 2/10, Loss: 1.2238
Epoch 3/10, Loss: 0.3464
Epoch 4/10, Loss: 0.6107
Epoch 5/10, Loss: 0.8877
Epoch 6/10, Loss: 0.2589
Epoch 7/10, Loss: 0.9365
Epoch 8/10, Loss: 0.4109
Epoch 9/10, Loss: 7.4912
Epoch 10/10, Loss: 1.4424
Performance Metrics:
RMSE (test data): 2.4872968196868896
MAE (test data): 1.5577900409698486
MAPE (test data): 151.77205801010132
MSE (test data): 6.186645030975342
R2 (test data): 0.9997390437197671
loss (test data): 6.186645042328608
Epoch 1/10, Loss: 12.1878
Epoch 2/10, Loss: 0.3887
Epoch 3/10, Loss: 0.8945
Epoch 4/10, Loss: 1.2266
Epoch 5/10, Loss: 2.6459
Epoch 6/10, Loss: 0.4335
Epoch 7/10, Loss: 75.2672
Epoch 8/10, Loss: 4.1475
Epoch 9/10, Loss: 1.5544
Epoch 10/10, Loss: 0.4858
Performance Metrics:
RMSE (test data): 5.21279239654541
MAE (test data): 3.9642910957336426
MAPE (test data): 149.93700981140137
MSE (test data): 27.173206329345703
R2 (test data): 0.9988538184048505
loss (test data): 27.173205428071075
Epoch 1/10, Loss: 4.7605
Epoch 2/10, Loss: 0.5256
Epoch 3/10, Loss: 0.5082
Epoch 4/10, Loss: 0.3001
Epoch 5/10, Loss: 1.1061
Epoch 6/10, Loss: 0.8593
Epoch 7/10, Loss: 3.1134
Epoch 8/10, Loss: 12.6783
Epoch 9/10, Loss: 2.0697
Epoch 10/10, Loss: 1.1992
Performance Metrics:
RMSE (test data): 2.040588140487671
MAE (test data): 1.2763115167617798
MAPE (test data): 151.9513487815857
MSE (test data): 4.164000034332275
R2 (test data): 0.9998243600686336
loss (test data): 4.163999835650126
Epoch 1/10, Loss: 5.5254
Epoch 2/10, Loss: 0.6181
Epoch 3/10, Loss: 1.9263
Epoch 4/10, Loss: 1.3530
Epoch 5/10, Loss: 2.3076
Epoch 6/10, Loss: 52.5962
Epoch 7/10, Loss: 1.7734
Epoch 8/10, Loss: 0.4934
Epoch 9/10, Loss: 0.4052
Epoch 10/10, Loss: 0.9704
Performance Metrics:
RMSE (test data): 2.0457937717437744
MAE (test data): 1.2827926874160767
MAPE (test data): 151.94257497787476
MSE (test data): 4.185272216796875
R2 (test data): 0.9998234627688701
loss (test data): 4.18527264385433
Epoch 1/10, Loss: 6.3842
Epoch 2/10, Loss: 0.2445
Epoch 3/10, Loss: 1.7420
Epoch 4/10, Loss: 1.3963
Epoch 5/10, Loss: 0.3907
Epoch 6/10, Loss: 3.8621
Epoch 7/10, Loss: 0.7175
Epoch 8/10, Loss: 3.7808
Epoch 9/10, Loss: 20.2172
Epoch 10/10, Loss: 0.5728
Performance Metrics:
RMSE (test data): 3.3045830726623535
MAE (test data): 2.4763121604919434
MAPE (test data): 151.03375911712646
MSE (test data): 10.920269012451172
R2 (test data): 0.9995393767350641
loss (test data): 10.920268516400794
Epoch 1/10, Loss: 4.1056
Epoch 2/10, Loss: 0.4911
Epoch 3/10, Loss: 0.6097
Epoch 4/10, Loss: 0.5060
Epoch 5/10, Loss: 14.2200
Epoch 6/10, Loss: 5.5800
Epoch 7/10, Loss: 0.4607
Epoch 8/10, Loss: 0.4710
Epoch 9/10, Loss: 0.4117
Epoch 10/10, Loss: 6.4172
Performance Metrics:
RMSE (test data): 1.9514433145523071
MAE (test data): 1.4070603847503662
MAPE (test data): 152.8600573539734
MSE (test data): 3.808130979537964
R2 (test data): 0.9998393708247206
loss (test data): 3.8081309507181356
Epoch 1/10, Loss: 6.6134
Epoch 2/10, Loss: 1.8405
Epoch 3/10, Loss: 1.3319
Epoch 4/10, Loss: 11.5350
Epoch 5/10, Loss: 4.4765
Epoch 6/10, Loss: 0.5274
Epoch 7/10, Loss: 12.2498
Epoch 8/10, Loss: 0.8522
Epoch 9/10, Loss: 0.2621
Epoch 10/10, Loss: 1.0249
Performance Metrics:
RMSE (test data): 2.0295250415802
MAE (test data): 1.1886461973190308
MAPE (test data): 151.97100639343262
MSE (test data): 4.118972301483154
R2 (test data): 0.9998262593413239
loss (test data): 4.118972617627937
Epoch 1/10, Loss: 2.1045
Epoch 2/10, Loss: 3.0204
Epoch 3/10, Loss: 1.0857
Epoch 4/10, Loss: 40.9171
Epoch 5/10, Loss: 3.9243
Epoch 6/10, Loss: 0.6541
Epoch 7/10, Loss: 1.1007
Epoch 8/10, Loss: 0.4229
Epoch 9/10, Loss: 0.3772
Epoch 10/10, Loss: 0.2760
Performance Metrics:
RMSE (test data): 2.2421493530273438
MAE (test data): 1.3677102327346802
MAPE (test data): 151.80397033691406
MSE (test data): 5.027234077453613
R2 (test data): 0.9997879483467865
loss (test data): 5.027234089680207
Epoch 1/10, Loss: 11.9906
Epoch 2/10, Loss: 0.5371
Epoch 3/10, Loss: 5.4395
Epoch 4/10, Loss: 12.3999
Epoch 5/10, Loss: 0.7751
Epoch 6/10, Loss: 0.6388
Epoch 7/10, Loss: 9.4263
Epoch 8/10, Loss: 3.7051
Epoch 9/10, Loss: 0.3913
Epoch 10/10, Loss: 1.4016
Performance Metrics:
RMSE (test data): 1.8306084871292114
MAE (test data): 1.1316800117492676
MAPE (test data): 152.19573974609375
MSE (test data): 3.3511273860931396
R2 (test data): 0.9998586475070114
loss (test data): 3.351127259460561
Epoch 1/10, Loss: 29.8967
Epoch 2/10, Loss: 0.7855
Epoch 3/10, Loss: 0.2846
Epoch 4/10, Loss: 0.4421
Epoch 5/10, Loss: 0.2802
Epoch 6/10, Loss: 0.7780
Epoch 7/10, Loss: 0.7165
Epoch 8/10, Loss: 0.4340
Epoch 9/10, Loss: 6.0939
Epoch 10/10, Loss: 10.7792
Performance Metrics:
RMSE (test data): 3.450770378112793
MAE (test data): 2.0164437294006348
MAPE (test data): 153.0911087989807
MSE (test data): 11.907816886901855
R2 (test data): 0.9994977213888319
loss (test data): 11.90781651137076
Epoch 1/10, Loss: 9.3676
Epoch 2/10, Loss: 0.5003
Epoch 3/10, Loss: 0.7620
Epoch 4/10, Loss: 1.0520
Epoch 5/10, Loss: 0.2815
Epoch 6/10, Loss: 0.4874
Epoch 7/10, Loss: 0.5936
Epoch 8/10, Loss: 2.7192
Epoch 9/10, Loss: 19.2197
Epoch 10/10, Loss: 2.6673
Performance Metrics:
RMSE (test data): 2.1050312519073486
MAE (test data): 1.2747867107391357
MAPE (test data): 151.92530155181885
MSE (test data): 4.431156635284424
R2 (test data): 0.9998130912459762
loss (test data): 4.431156485071986
Epoch 1/10, Loss: 9.4686
Epoch 2/10, Loss: 4.7965
Epoch 3/10, Loss: 0.5137
Epoch 4/10, Loss: 0.3380
Epoch 5/10, Loss: 0.3643
Epoch 6/10, Loss: 1.1455
Epoch 7/10, Loss: 11.4503
Epoch 8/10, Loss: 1.8933
Epoch 9/10, Loss: 0.6583
Epoch 10/10, Loss: 6.8919
Performance Metrics:
RMSE (test data): 1.4217829704284668
MAE (test data): 0.997371256351471
MAPE (test data): 152.97456979751587
MSE (test data): 2.0214669704437256
R2 (test data): 0.9999147333528562
loss (test data): 2.0214668927175223
Epoch 1/10, Loss: 6.9663
Epoch 2/10, Loss: 6.1701
Epoch 3/10, Loss: 1.1535
Epoch 4/10, Loss: 1.6368
Epoch 5/10, Loss: 0.6010
Epoch 6/10, Loss: 1.7266
Epoch 7/10, Loss: 3.9230
Epoch 8/10, Loss: 2.4243
Epoch 9/10, Loss: 1.9218
Epoch 10/10, Loss: 5.3148
Performance Metrics:
RMSE (test data): 2.9228110313415527
MAE (test data): 2.2398011684417725
MAPE (test data): 151.2836456298828
MSE (test data): 8.542824745178223
R2 (test data): 0.9996396586692968
loss (test data): 8.542825237735288
Epoch 1/10, Loss: 53.3439
Epoch 2/10, Loss: 0.6806
Epoch 3/10, Loss: 0.3605
Epoch 4/10, Loss: 0.4723
Epoch 5/10, Loss: 0.2056
Epoch 6/10, Loss: 0.3483
Epoch 7/10, Loss: 0.2921
Epoch 8/10, Loss: 0.2488
Epoch 9/10, Loss: 0.8731
Epoch 10/10, Loss: 0.6233
Performance Metrics:
RMSE (test data): 1.8233298063278198
MAE (test data): 1.254571557044983
MAPE (test data): 152.15888023376465
MSE (test data): 3.3245317935943604
R2 (test data): 0.9998597693228578
loss (test data): 3.324531661721813
Epoch 1/10, Loss: 27.7941
Epoch 2/10, Loss: 0.8784
Epoch 3/10, Loss: 0.3117
Epoch 4/10, Loss: 0.7564
Epoch 5/10, Loss: 0.2829
Epoch 6/10, Loss: 0.5195
Epoch 7/10, Loss: 1.9662
Epoch 8/10, Loss: 12.9888
Epoch 9/10, Loss: 0.4521
Epoch 10/10, Loss: 2.4680
Performance Metrics:
RMSE (test data): 2.2086939811706543
MAE (test data): 1.461458444595337
MAPE (test data): 151.7696499824524
MSE (test data): 4.878328800201416
R2 (test data): 0.9997942292423768
loss (test data): 4.878329225948879
Epoch 1/10, Loss: 2.2343
Epoch 2/10, Loss: 4.6292
Epoch 3/10, Loss: 0.8996
Epoch 4/10, Loss: 0.4729
Epoch 5/10, Loss: 2.1050
Epoch 6/10, Loss: 13.5398
Epoch 7/10, Loss: 8.5739
Epoch 8/10, Loss: 0.4545
Epoch 9/10, Loss: 0.4623
Epoch 10/10, Loss: 2.7710
Performance Metrics:
RMSE (test data): 2.6197259426116943
MAE (test data): 1.7109209299087524
MAPE (test data): 151.53334140777588
MSE (test data): 6.862963676452637
R2 (test data): 0.9997105161969653
loss (test data): 6.8629638895447
Epoch 1/10, Loss: 38.2759
Epoch 2/10, Loss: 1.0244
Epoch 3/10, Loss: 1.0577
Epoch 4/10, Loss: 0.3442
Epoch 5/10, Loss: 0.2629
Epoch 6/10, Loss: 0.3979
Epoch 7/10, Loss: 0.2880
Epoch 8/10, Loss: 0.7431
Epoch 9/10, Loss: 1.4500
Epoch 10/10, Loss: 7.5655
Performance Metrics:
RMSE (test data): 2.6103203296661377
MAE (test data): 1.6192991733551025
MAPE (test data): 151.57305002212524
MSE (test data): 6.813771724700928
R2 (test data): 0.9997125911629738
loss (test data): 6.813771555275271
Epoch 1/10, Loss: 24.6027
Epoch 2/10, Loss: 4.2792
Epoch 3/10, Loss: 0.3332
Epoch 4/10, Loss: 0.2832
Epoch 5/10, Loss: 0.1806
Epoch 6/10, Loss: 0.2544
Epoch 7/10, Loss: 0.6383
Epoch 8/10, Loss: 49.5339
Epoch 9/10, Loss: 0.9865
Epoch 10/10, Loss: 0.3918
Performance Metrics:
RMSE (test data): 2.513460159301758
MAE (test data): 1.615491509437561
MAPE (test data): 151.57448053359985
MSE (test data): 6.3174824714660645
R2 (test data): 0.9997335249081538
loss (test data): 6.317482741106124
Epoch 1/10, Loss: 7.8692
Epoch 2/10, Loss: 0.3153
Epoch 3/10, Loss: 0.2285
Epoch 4/10, Loss: 0.2543
Epoch 5/10, Loss: 0.5729
Epoch 6/10, Loss: 5.4275
Epoch 7/10, Loss: 0.6221
Epoch 8/10, Loss: 0.3537
Epoch 9/10, Loss: 1.0253
Epoch 10/10, Loss: 1.3327
Performance Metrics:
RMSE (test data): 1.9537512063980103
MAE (test data): 1.1886576414108276
MAPE (test data): 151.97607278823853
MSE (test data): 3.817143678665161
R2 (test data): 0.9998389906760753
loss (test data): 3.817143451599848
Epoch 1/10, Loss: 12.6803
Epoch 2/10, Loss: 1.0026
Epoch 3/10, Loss: 0.3383
Epoch 4/10, Loss: 0.9438
Epoch 5/10, Loss: 1.2178
Epoch 6/10, Loss: 1.8437
Epoch 7/10, Loss: 15.5697
Epoch 8/10, Loss: 0.4048
Epoch 9/10, Loss: 0.2238
Epoch 10/10, Loss: 0.3781
Performance Metrics:
RMSE (test data): 1.9570279121398926
MAE (test data): 1.2832534313201904
MAPE (test data): 151.97467803955078
MSE (test data): 3.829958200454712
R2 (test data): 0.9998384501294703
loss (test data): 3.82995845808651
Epoch 1/10, Loss: 7.5528
Epoch 2/10, Loss: 1.0382
Epoch 3/10, Loss: 2.8565
Epoch 4/10, Loss: 19.3356
Epoch 5/10, Loss: 1.1763
Epoch 6/10, Loss: 0.2872
Epoch 7/10, Loss: 0.3446
Epoch 8/10, Loss: 1.9584
Epoch 9/10, Loss: 1.3547
Epoch 10/10, Loss: 0.2161
Performance Metrics:
RMSE (test data): 2.3198139667510986
MAE (test data): 1.407286524772644
MAPE (test data): 151.73481702804565
MSE (test data): 5.381536483764648
R2 (test data): 0.999773003664587
loss (test data): 5.381536525684399
Epoch 1/10, Loss: 6.7381
Epoch 2/10, Loss: 0.6468
Epoch 3/10, Loss: 0.6487
Epoch 4/10, Loss: 0.4711
Epoch 5/10, Loss: 2.1536
Epoch 6/10, Loss: 10.5457
Epoch 7/10, Loss: 1.0417
Epoch 8/10, Loss: 0.8501
Epoch 9/10, Loss: 1.1320
Epoch 10/10, Loss: 0.4336
Performance Metrics:
RMSE (test data): 2.4174532890319824
MAE (test data): 1.5132395029067993
MAPE (test data): 151.66609287261963
MSE (test data): 5.844080448150635
R2 (test data): 0.9997534932941594
loss (test data): 5.844080362564478
Epoch 1/10, Loss: 5.9975
Epoch 2/10, Loss: 0.6171
Epoch 3/10, Loss: 11.7544
Epoch 4/10, Loss: 1.9959
Epoch 5/10, Loss: 1.9112
Epoch 6/10, Loss: 6.8399
Epoch 7/10, Loss: 0.4313
Epoch 8/10, Loss: 3.3422
Epoch 9/10, Loss: 2.0289
Epoch 10/10, Loss: 0.4847
Performance Metrics:
RMSE (test data): 3.5823397636413574
MAE (test data): 2.7800347805023193
MAPE (test data): 150.86623430252075
MSE (test data): 12.833157539367676
R2 (test data): 0.999458689991493
loss (test data): 12.833156910571423
Epoch 1/10, Loss: 11.0589
Epoch 2/10, Loss: 1.4421
Epoch 3/10, Loss: 14.5498
Epoch 4/10, Loss: 1.2835
Epoch 5/10, Loss: 11.7288
Epoch 6/10, Loss: 0.6029
Epoch 7/10, Loss: 0.4475
Epoch 8/10, Loss: 0.2643
Epoch 9/10, Loss: 3.5101
Epoch 10/10, Loss: 1.3685
Performance Metrics:
RMSE (test data): 2.4014182090759277
MAE (test data): 1.4776318073272705
MAPE (test data): 151.75111293792725
MSE (test data): 5.766808986663818
R2 (test data): 0.9997567526384148
loss (test data): 5.766809223335741
Epoch 1/10, Loss: 4.8275
Epoch 2/10, Loss: 0.4174
Epoch 3/10, Loss: 1.0258
Epoch 4/10, Loss: 1.6688
Epoch 5/10, Loss: 8.7050
Epoch 6/10, Loss: 5.8882
Epoch 7/10, Loss: 6.0724
Epoch 8/10, Loss: 0.9577
Epoch 9/10, Loss: 2.8540
Epoch 10/10, Loss: 0.3144
Performance Metrics:
RMSE (test data): 2.2048988342285156
MAE (test data): 1.3191204071044922
MAPE (test data): 151.8398404121399
MSE (test data): 4.861578464508057
R2 (test data): 0.9997949357860093
loss (test data): 4.861578757946308
Epoch 1/10, Loss: 3.9031
Epoch 2/10, Loss: 0.7556
Epoch 3/10, Loss: 0.5457
Epoch 4/10, Loss: 0.8072
Epoch 5/10, Loss: 0.8004
Epoch 6/10, Loss: 10.3024
Epoch 7/10, Loss: 1.2831
Epoch 8/10, Loss: 0.2095
Epoch 9/10, Loss: 0.8343
Epoch 10/10, Loss: 1.0992
Performance Metrics:
RMSE (test data): 2.231621742248535
MAE (test data): 1.3458404541015625
MAPE (test data): 151.86647176742554
MSE (test data): 4.980135917663574
R2 (test data): 0.9997899349714043
loss (test data): 4.98013592901684
Epoch 1/10, Loss: 17.5135
Epoch 2/10, Loss: 11.3785
Epoch 3/10, Loss: 0.4386
Epoch 4/10, Loss: 0.7258
Epoch 5/10, Loss: 0.7064
Epoch 6/10, Loss: 0.3161
Epoch 7/10, Loss: 0.4280
Epoch 8/10, Loss: 3.2819
Epoch 9/10, Loss: 4.0688
Epoch 10/10, Loss: 0.5525
Performance Metrics:
RMSE (test data): 2.269155263900757
MAE (test data): 1.3608357906341553
MAPE (test data): 151.7823576927185
MSE (test data): 5.149065971374512
R2 (test data): 0.9997828094042693
loss (test data): 5.149066073990567
Epoch 1/10, Loss: 10.2767
Epoch 2/10, Loss: 0.5341
Epoch 3/10, Loss: 0.2943
Epoch 4/10, Loss: 0.2664
Epoch 5/10, Loss: 2.5358
Epoch 6/10, Loss: 4.9700
Epoch 7/10, Loss: 5.6699
Epoch 8/10, Loss: 0.2647
Epoch 9/10, Loss: 2.1901
Epoch 10/10, Loss: 5.2542
Performance Metrics:
RMSE (test data): 2.2178001403808594
MAE (test data): 1.3461978435516357
MAPE (test data): 151.82547569274902
MSE (test data): 4.918637752532959
R2 (test data): 0.9997925289980528
loss (test data): 4.918637824145866
Epoch 1/10, Loss: 3.1423
Epoch 2/10, Loss: 5.8636
Epoch 3/10, Loss: 0.3053
Epoch 4/10, Loss: 1.0807
Epoch 5/10, Loss: 0.4807
Epoch 6/10, Loss: 1.0172
Epoch 7/10, Loss: 9.0545
Epoch 8/10, Loss: 3.4699
Epoch 9/10, Loss: 1.6434
Epoch 10/10, Loss: 0.4082
Performance Metrics:
RMSE (test data): 1.9613720178604126
MAE (test data): 1.1764105558395386
MAPE (test data): 152.0571231842041
MSE (test data): 3.846980094909668
R2 (test data): 0.9998377321288489
loss (test data): 3.846980480047373
Epoch 1/10, Loss: 3.6090
Epoch 2/10, Loss: 3.0435
Epoch 3/10, Loss: 17.5928
Epoch 4/10, Loss: 0.8635
Epoch 5/10, Loss: 0.4148
Epoch 6/10, Loss: 0.6111
Epoch 7/10, Loss: 0.2098
Epoch 8/10, Loss: 0.1895
Epoch 9/10, Loss: 1.6000
Epoch 10/10, Loss: 7.1983
Performance Metrics:
RMSE (test data): 1.6318265199661255
MAE (test data): 1.1621721982955933
MAPE (test data): 152.9650092124939
MSE (test data): 2.6628577709198
R2 (test data): 0.9998876791201747
loss (test data): 2.662857588830885
Epoch 1/10, Loss: 43.3247
Epoch 2/10, Loss: 0.4474
Epoch 3/10, Loss: 0.1755
Epoch 4/10, Loss: 0.1637
Epoch 5/10, Loss: 0.1775
Epoch 6/10, Loss: 0.1687
Epoch 7/10, Loss: 0.2894
Epoch 8/10, Loss: 0.3262
Epoch 9/10, Loss: 0.2045
Epoch 10/10, Loss: 0.3063
Performance Metrics:
RMSE (test data): 2.362656593322754
MAE (test data): 1.4593158960342407
MAPE (test data): 151.71782970428467
MSE (test data): 5.582146644592285
R2 (test data): 0.9997645418081167
loss (test data): 5.582146771224863
Epoch 1/10, Loss: 5.0602
Epoch 2/10, Loss: 6.2934
Epoch 3/10, Loss: 2.3901
Epoch 4/10, Loss: 0.6303
Epoch 5/10, Loss: 0.6567
Epoch 6/10, Loss: 2.3312
Epoch 7/10, Loss: 0.2442
Epoch 8/10, Loss: 2.9477
Epoch 9/10, Loss: 1.4702
Epoch 10/10, Loss: 1.6559
Performance Metrics:
RMSE (test data): 3.176504373550415
MAE (test data): 2.178316116333008
MAPE (test data): 151.119863986969
MSE (test data): 10.090179443359375
R2 (test data): 0.9995743904080514
loss (test data): 10.090178615444309
Epoch 1/10, Loss: 7.2778
Epoch 2/10, Loss: 1.8232
Epoch 3/10, Loss: 0.7994
Epoch 4/10, Loss: 1.2622
Epoch 5/10, Loss: 3.4336
Epoch 6/10, Loss: 1.4065
Epoch 7/10, Loss: 20.0126
Epoch 8/10, Loss: 0.8733
Epoch 9/10, Loss: 0.3637
Epoch 10/10, Loss: 0.3901
Performance Metrics:
RMSE (test data): 2.2440202236175537
MAE (test data): 1.4265905618667603
MAPE (test data): 151.82310342788696
MSE (test data): 5.035626411437988
R2 (test data): 0.999787594335497
loss (test data): 5.035626828015506
Epoch 1/10, Loss: 5.3652
Epoch 2/10, Loss: 0.6780
Epoch 3/10, Loss: 3.7924
Epoch 4/10, Loss: 0.4692
Epoch 5/10, Loss: 0.2859
Epoch 6/10, Loss: 0.3017
Epoch 7/10, Loss: 4.5572
Epoch 8/10, Loss: 10.5382
Epoch 9/10, Loss: 0.2550
DEBUG flwr 2024-03-09 19:02:11,251 | connection.py:141 | gRPC channel closed
INFO flwr 2024-03-09 19:02:11,251 | app.py:304 | Disconnect and shut down
Epoch 10/10, Loss: 0.1949
Performance Metrics:
RMSE (test data): 2.4085090160369873
MAE (test data): 1.4985313415527344
MAPE (test data): 151.64512395858765
MSE (test data): 5.800915718078613
R2 (test data): 0.9997553139961647
loss (test data): 5.800916086623084
Epoch 1/10, Loss: 12.1296
Epoch 2/10, Loss: 1.2410
Epoch 3/10, Loss: 0.3092
Epoch 4/10, Loss: 0.1776
Epoch 5/10, Loss: 0.2074
Epoch 6/10, Loss: 2.1508
Epoch 7/10, Loss: 10.4230
Epoch 8/10, Loss: 1.1923
Epoch 9/10, Loss: 0.3656
Epoch 10/10, Loss: 0.9423
Performance Metrics:
RMSE (test data): 6.199823379516602
MAE (test data): 4.998713970184326
MAPE (test data): 149.17367696762085
MSE (test data): 38.43781280517578
R2 (test data): 0.9983786707534812
loss (test data): 38.43781228117891
Epoch 1/10, Loss: 7.0668
Epoch 2/10, Loss: 0.2973
Epoch 3/10, Loss: 0.2436
Epoch 4/10, Loss: 7.6628
Epoch 5/10, Loss: 1.2953
Epoch 6/10, Loss: 0.7357
Epoch 7/10, Loss: 0.3035
Epoch 8/10, Loss: 0.8465
Epoch 9/10, Loss: 4.4141
Epoch 10/10, Loss: 4.2532
Performance Metrics:
RMSE (test data): 2.5738654136657715
MAE (test data): 1.707204818725586
MAPE (test data): 151.52404308319092
MSE (test data): 6.624783515930176
R2 (test data): 0.9997205627964001
loss (test data): 6.624783131665799
Epoch 1/10, Loss: 5.0335
Epoch 2/10, Loss: 0.2218
Epoch 3/10, Loss: 0.1739
Epoch 4/10, Loss: 0.2822
Epoch 5/10, Loss: 14.4067
Epoch 6/10, Loss: 1.6720
Epoch 7/10, Loss: 10.7404
Epoch 8/10, Loss: 0.7924
Epoch 9/10, Loss: 0.4400
Epoch 10/10, Loss: 0.9497
Performance Metrics:
RMSE (test data): 3.4149768352508545
MAE (test data): 2.301508665084839
MAPE (test data): 151.02458000183105
MSE (test data): 11.662066459655762
R2 (test data): 0.9995080872371401
loss (test data): 11.662067140851702
Epoch 1/10, Loss: 12.8468
Epoch 2/10, Loss: 0.5415
Epoch 3/10, Loss: 0.1765
Epoch 4/10, Loss: 0.2557
Epoch 5/10, Loss: 0.1921
Epoch 6/10, Loss: 0.5358
Epoch 7/10, Loss: 0.6544
Epoch 8/10, Loss: 5.9396
Epoch 9/10, Loss: 19.7053
Epoch 10/10, Loss: 0.7258
Performance Metrics:
RMSE (test data): 7.198966979980469
MAE (test data): 6.029199600219727
MAPE (test data): 148.8119125366211
MSE (test data): 51.82512664794922
R2 (test data): 0.9978139859961587
loss (test data): 51.825128464471724
Epoch 1/10, Loss: 4.4420
Epoch 2/10, Loss: 0.5544
Epoch 3/10, Loss: 0.1969
Epoch 4/10, Loss: 0.2133
Epoch 5/10, Loss: 0.1711
Epoch 6/10, Loss: 0.4819
Epoch 7/10, Loss: 19.1827
Epoch 8/10, Loss: 1.6112
Epoch 9/10, Loss: 0.8810
Epoch 10/10, Loss: 0.9205
Performance Metrics:
RMSE (test data): 2.10033917427063
MAE (test data): 1.4156603813171387
MAPE (test data): 152.11753845214844
MSE (test data): 4.4114251136779785
R2 (test data): 0.999813923511606
loss (test data): 4.411425480475793
Epoch 1/10, Loss: 2.8988
Epoch 2/10, Loss: 1.0231
Epoch 3/10, Loss: 0.6998
Epoch 4/10, Loss: 0.2305
Epoch 5/10, Loss: 0.2557
Epoch 6/10, Loss: 0.2182
Epoch 7/10, Loss: 5.8903
Epoch 8/10, Loss: 36.8081
Epoch 9/10, Loss: 0.8367
Epoch 10/10, Loss: 0.5985
Performance Metrics:
RMSE (test data): 2.4977402687072754
MAE (test data): 1.5570918321609497
MAPE (test data): 151.6626477241516
MSE (test data): 6.238706588745117
R2 (test data): 0.9997368477347857
loss (test data): 6.238706614944961
Epoch 1/10, Loss: 6.4699
Epoch 2/10, Loss: 0.2250
Epoch 3/10, Loss: 0.2959
Epoch 4/10, Loss: 0.1421
Epoch 5/10, Loss: 0.1724
Epoch 6/10, Loss: 0.1955
Epoch 7/10, Loss: 0.1603
Epoch 8/10, Loss: 26.5927
Epoch 9/10, Loss: 16.6398
Epoch 10/10, Loss: 0.6471
Performance Metrics:
RMSE (test data): 2.177180290222168
MAE (test data): 1.2931442260742188
MAPE (test data): 151.93713903427124
MSE (test data): 4.740113735198975
R2 (test data): 0.9998000592506928
loss (test data): 4.740113766202123
Epoch 1/10, Loss: 3.6611
Epoch 2/10, Loss: 0.1864
Epoch 3/10, Loss: 0.1161
Epoch 4/10, Loss: 0.1261
Epoch 5/10, Loss: 0.1077
Epoch 6/10, Loss: 0.1178
Epoch 7/10, Loss: 0.6881
Epoch 8/10, Loss: 1.1361
Epoch 9/10, Loss: 1.0826
Epoch 10/10, Loss: 0.1413
Performance Metrics:
RMSE (test data): 1.779680848121643
MAE (test data): 1.1306356191635132
MAPE (test data): 152.4086356163025
MSE (test data): 3.1672637462615967
R2 (test data): 0.999866402976087
loss (test data): 3.1672637515015656
Epoch 1/10, Loss: 13.9646
Epoch 2/10, Loss: 1.9488
Epoch 3/10, Loss: 0.3355
Epoch 4/10, Loss: 0.2098
Epoch 5/10, Loss: 2.9562
Epoch 6/10, Loss: 0.2870
Epoch 7/10, Loss: 0.4673
Epoch 8/10, Loss: 0.2955
Epoch 9/10, Loss: 1.3739
Epoch 10/10, Loss: 0.3175
Performance Metrics:
RMSE (test data): 1.5275380611419678
MAE (test data): 0.9855261445045471
MAPE (test data): 152.49651670455933
MSE (test data): 2.3333725929260254
R2 (test data): 0.9999015769835288
loss (test data): 2.3333727597316978
Epoch 1/10, Loss: 10.6351
Epoch 2/10, Loss: 0.6070
Epoch 3/10, Loss: 6.7365
Epoch 4/10, Loss: 0.6146
Epoch 5/10, Loss: 1.2190
Epoch 6/10, Loss: 0.1847
Epoch 7/10, Loss: 0.2464
Epoch 8/10, Loss: 0.5383
Epoch 9/10, Loss: 1.4436
Epoch 10/10, Loss: 7.0702
Performance Metrics:
RMSE (test data): 3.8944830894470215
MAE (test data): 2.836402416229248
MAPE (test data): 150.68460702896118
MSE (test data): 15.166997909545898
R2 (test data): 0.9993602472036682
loss (test data): 15.166998342716651
Epoch 1/10, Loss: 27.9686
Epoch 2/10, Loss: 0.3589
Epoch 3/10, Loss: 0.1688
Epoch 4/10, Loss: 0.3098
Epoch 5/10, Loss: 0.2241
Epoch 6/10, Loss: 0.2031
Epoch 7/10, Loss: 0.1414
Epoch 8/10, Loss: 1.7867
Epoch 9/10, Loss: 5.6708
Epoch 10/10, Loss: 5.2364
Performance Metrics:
RMSE (test data): 2.365973949432373
MAE (test data): 1.4134575128555298
MAPE (test data): 151.73145532608032
MSE (test data): 5.597832679748535
R2 (test data): 0.9997638801639732
loss (test data): 5.5978327583480665
Epoch 1/10, Loss: 2.2396
Epoch 2/10, Loss: 0.1880
Epoch 3/10, Loss: 0.0882
Epoch 4/10, Loss: 5.2232
Epoch 5/10, Loss: 0.4796
Epoch 6/10, Loss: 1.2879
Epoch 7/10, Loss: 6.1581
Epoch 8/10, Loss: 1.1427
Epoch 9/10, Loss: 0.8941
Epoch 10/10, Loss: 10.2430
Performance Metrics:
RMSE (test data): 2.1795122623443604
MAE (test data): 1.3106732368469238
MAPE (test data): 151.88133716583252
MSE (test data): 4.75027322769165
R2 (test data): 0.9997996307140441
loss (test data): 4.750273327687721
Epoch 1/10, Loss: 2.1876
Epoch 2/10, Loss: 0.2201
Epoch 3/10, Loss: 0.1237
Epoch 4/10, Loss: 0.7954
Epoch 5/10, Loss: 0.5394
Epoch 6/10, Loss: 7.9481
Epoch 7/10, Loss: 5.1316
Epoch 8/10, Loss: 0.2676
Epoch 9/10, Loss: 0.1676
Epoch 10/10, Loss: 0.7650
Performance Metrics:
RMSE (test data): 2.249814033508301
MAE (test data): 1.3363265991210938
MAPE (test data): 151.83651447296143
MSE (test data): 5.0616631507873535
R2 (test data): 0.9997864961173585
loss (test data): 5.061662935075306
Epoch 1/10, Loss: 5.7472
Epoch 2/10, Loss: 2.0333
Epoch 3/10, Loss: 0.8626
Epoch 4/10, Loss: 0.6506
Epoch 5/10, Loss: 0.3153
Epoch 6/10, Loss: 0.3770
Epoch 7/10, Loss: 0.7149
Epoch 8/10, Loss: 5.1338
Epoch 9/10, Loss: 0.2752
Epoch 10/10, Loss: 1.2854
Performance Metrics:
RMSE (test data): 2.1469507217407227
MAE (test data): 1.29783034324646
MAPE (test data): 151.86176300048828
MSE (test data): 4.6093974113464355
R2 (test data): 0.9998055729538049
loss (test data): 4.609397117908184
Epoch 1/10, Loss: 11.8733
Epoch 2/10, Loss: 0.4820
Epoch 3/10, Loss: 0.2575
Epoch 4/10, Loss: 0.6333
Epoch 5/10, Loss: 1.7828
Epoch 6/10, Loss: 0.6211
Epoch 7/10, Loss: 4.9820
Epoch 8/10, Loss: 2.2279
Epoch 9/10, Loss: 3.3469
Epoch 10/10, Loss: 0.4779
Performance Metrics:
RMSE (test data): 2.446784734725952
MAE (test data): 1.4056061506271362
MAPE (test data): 151.70332193374634
MSE (test data): 5.98675537109375
R2 (test data): 0.9997474751637555
loss (test data): 5.986755792037908
Epoch 1/10, Loss: 10.1919
Epoch 2/10, Loss: 0.6524
Epoch 3/10, Loss: 0.1446
Epoch 4/10, Loss: 0.2340
Epoch 5/10, Loss: 0.3193
Epoch 6/10, Loss: 3.6645
Epoch 7/10, Loss: 0.5548
Epoch 8/10, Loss: 9.4856
Epoch 9/10, Loss: 0.6226
Epoch 10/10, Loss: 0.1181
Performance Metrics:
RMSE (test data): 2.291395425796509
MAE (test data): 1.29948890209198
MAPE (test data): 151.82725191116333
MSE (test data): 5.25049352645874
R2 (test data): 0.9997785311290525
loss (test data): 5.2504936670645685
wandb: - 0.001 MB of 0.001 MB uploadedwandb: \ 0.001 MB of 0.001 MB uploadedwandb: | 0.007 MB of 0.068 MB uploadedwandb: / 0.064 MB of 0.068 MB uploadedwandb: 
wandb: Run history:
wandb: Communication Time █▂▂▂▄▆▆▂▄▂▂▅▆▅▂▂▃▄▆▅▂▂▃▄▃▄▃▂▂█▄▃▂▃▁▃▃▂▁▁
wandb:    MAE (test data) █▁▁▂▁▁▁▁▁▁▁▁▁▁▁▁▁▁▁▁▁▁▁▁▁▁▁▁▁▁▁▁▁▁▁▁▁▁▁▁
wandb:   MAPE (test data) ▁▇▇█▇▇█▇▇▇▇▇▇▇▇▇▇▇▇▇▇▇▇▇▇▇▇▇▇▇▇▇▇▇▇▇▇▇▇▇
wandb:    MSE (test data) █▁▁▁▁▁▁▁▁▁▁▁▁▁▁▁▁▁▁▁▁▁▁▁▁▁▁▁▁▁▁▁▁▁▁▁▁▁▁▁
wandb:     R2 (test data) ▁███████████████████████████████████████
wandb:   RMSE (test data) █▁▁▁▁▁▁▁▁▁▁▁▁▁▁▁▁▁▁▁▁▁▁▁▁▁▁▁▁▁▁▁▁▁▁▁▁▁▁▁
wandb:    loss(test data) █▁▁▁▁▁▁▁▁▁▁▁▁▁▁▁▁▁▁▁▁▁▁▁▁▁▁▁▁▁▁▁▁▁▁▁▁▁▁▁
wandb: 
wandb: Run summary:
wandb: Communication Time 0.71121
wandb:    MAE (test data) 1.29949
wandb:   MAPE (test data) 151.82725
wandb:    MSE (test data) 5.25049
wandb:     R2 (test data) 0.99978
wandb:   RMSE (test data) 2.2914
wandb:    loss(test data) 5.25049
wandb: 
wandb: 🚀 View run polar-morning-2 at: https://wandb.ai/digitalai/CFL2/runs/2wbxrjae
wandb: ️⚡ View job at https://wandb.ai/digitalai/CFL2/jobs/QXJ0aWZhY3RDb2xsZWN0aW9uOjE0NzIyNDc3NA==/version_details/v0
wandb: Synced 6 W&B file(s), 0 media file(s), 2 artifact file(s) and 0 other file(s)
wandb: Find logs at: ./wandb/run-20240309_190013-2wbxrjae/logs
Exception in thread Exception in thread IntMsgThrChkStopThr:
:
Traceback (most recent call last):
Traceback (most recent call last):
  File "/Users/yunbo/anaconda3/envs/basic/lib/python3.9/threading.py", line 980, in _bootstrap_inner
  File "/Users/yunbo/anaconda3/envs/basic/lib/python3.9/threading.py", line 980, in _bootstrap_inner
    self.run()
  File "/Users/yunbo/anaconda3/envs/basic/lib/python3.9/threading.py", line 917, in run
    self.run()
  File "/Users/yunbo/anaconda3/envs/basic/lib/python3.9/threading.py", line 917, in run
    self._target(*self._args, **self._kwargs)
  File "/Users/yunbo/anaconda3/envs/basic/lib/python3.9/site-packages/wandb/sdk/wandb_run.py", line 286, in check_stop_status
    self._target(*self._args, **self._kwargs)
  File "/Users/yunbo/anaconda3/envs/basic/lib/python3.9/site-packages/wandb/sdk/wandb_run.py", line 300, in check_internal_messages
    self._loop_check_status(
  File "/Users/yunbo/anaconda3/envs/basic/lib/python3.9/site-packages/wandb/sdk/wandb_run.py", line 224, in _loop_check_status
    self._loop_check_status(
  File "/Users/yunbo/anaconda3/envs/basic/lib/python3.9/site-packages/wandb/sdk/wandb_run.py", line 224, in _loop_check_status
    local_handle = request()
    local_handle = request()
  File "/Users/yunbo/anaconda3/envs/basic/lib/python3.9/site-packages/wandb/sdk/interface/interface.py", line 784, in deliver_stop_status
  File "/Users/yunbo/anaconda3/envs/basic/lib/python3.9/site-packages/wandb/sdk/interface/interface.py", line 800, in deliver_internal_messages
    return self._deliver_stop_status(status)
  File "/Users/yunbo/anaconda3/envs/basic/lib/python3.9/site-packages/wandb/sdk/interface/interface_shared.py", line 484, in _deliver_stop_status
    return self._deliver_internal_messages(internal_message)
  File "/Users/yunbo/anaconda3/envs/basic/lib/python3.9/site-packages/wandb/sdk/interface/interface_shared.py", line 506, in _deliver_internal_messages
    return self._deliver_record(record)
  File "/Users/yunbo/anaconda3/envs/basic/lib/python3.9/site-packages/wandb/sdk/interface/interface_shared.py", line 449, in _deliver_record
    return self._deliver_record(record)
  File "/Users/yunbo/anaconda3/envs/basic/lib/python3.9/site-packages/wandb/sdk/interface/interface_shared.py", line 449, in _deliver_record
    handle = mailbox._deliver_record(record, interface=self)
  File "/Users/yunbo/anaconda3/envs/basic/lib/python3.9/site-packages/wandb/sdk/lib/mailbox.py", line 455, in _deliver_record
    handle = mailbox._deliver_record(record, interface=self)
    interface._publish(record)
  File "/Users/yunbo/anaconda3/envs/basic/lib/python3.9/site-packages/wandb/sdk/lib/mailbox.py", line 455, in _deliver_record
  File "/Users/yunbo/anaconda3/envs/basic/lib/python3.9/site-packages/wandb/sdk/interface/interface_sock.py", line 51, in _publish
    interface._publish(record)
  File "/Users/yunbo/anaconda3/envs/basic/lib/python3.9/site-packages/wandb/sdk/interface/interface_sock.py", line 51, in _publish
    self._sock_client.send_record_publish(record)
  File "/Users/yunbo/anaconda3/envs/basic/lib/python3.9/site-packages/wandb/sdk/lib/sock_client.py", line 221, in send_record_publish
    self._sock_client.send_record_publish(record)
    self.send_server_request(server_req)
  File "/Users/yunbo/anaconda3/envs/basic/lib/python3.9/site-packages/wandb/sdk/lib/sock_client.py", line 221, in send_record_publish
  File "/Users/yunbo/anaconda3/envs/basic/lib/python3.9/site-packages/wandb/sdk/lib/sock_client.py", line 155, in send_server_request
    self.send_server_request(server_req)
  File "/Users/yunbo/anaconda3/envs/basic/lib/python3.9/site-packages/wandb/sdk/lib/sock_client.py", line 155, in send_server_request
    self._send_message(msg)
      File "/Users/yunbo/anaconda3/envs/basic/lib/python3.9/site-packages/wandb/sdk/lib/sock_client.py", line 152, in _send_message
self._send_message(msg)
  File "/Users/yunbo/anaconda3/envs/basic/lib/python3.9/site-packages/wandb/sdk/lib/sock_client.py", line 152, in _send_message
    self._sendall_with_error_handle(header + data)
  File "/Users/yunbo/anaconda3/envs/basic/lib/python3.9/site-packages/wandb/sdk/lib/sock_client.py", line 130, in _sendall_with_error_handle
    sent = self._sock.send(data)
BrokenPipeError: [Errno 32] Broken pipe
    self._sendall_with_error_handle(header + data)
  File "/Users/yunbo/anaconda3/envs/basic/lib/python3.9/site-packages/wandb/sdk/lib/sock_client.py", line 130, in _sendall_with_error_handle
    sent = self._sock.send(data)
BrokenPipeError: [Errno 32] Broken pipe
