wandb: Currently logged in as: longyunbo218 (digitalai). Use `wandb login --relogin` to force relogin
wandb: wandb version 0.16.4 is available!  To upgrade, please run:
wandb:  $ pip install wandb --upgrade
wandb: Tracking run with wandb version 0.16.2
wandb: Run data is saved locally in /Users/yunbo/Documents/GitHub/PFL_Optimiozation/Model_training/2_clusters/wandb/run-20240309_184510-u3udjtt6
wandb: Run `wandb offline` to turn off syncing.
wandb: Syncing run fresh-donkey-41
wandb: ⭐️ View project at https://wandb.ai/digitalai/CFL
wandb: 🚀 View run at https://wandb.ai/digitalai/CFL/runs/u3udjtt6
INFO flwr 2024-03-09 18:45:25,457 | grpc.py:52 | Opened insecure gRPC connection (no certificates were passed)
DEBUG flwr 2024-03-09 18:45:25,459 | connection.py:42 | ChannelConnectivity.IDLE
DEBUG flwr 2024-03-09 18:45:25,466 | connection.py:42 | ChannelConnectivity.CONNECTING
DEBUG flwr 2024-03-09 18:45:25,466 | connection.py:42 | ChannelConnectivity.READY
Epoch 1/10, Loss: 9867.5439
Epoch 2/10, Loss: 2450.3503
Epoch 3/10, Loss: 2522.5216
Epoch 4/10, Loss: 2353.6768
Epoch 5/10, Loss: 2303.0730
Epoch 6/10, Loss: 2135.6315
Epoch 7/10, Loss: 2048.4019
Epoch 8/10, Loss: 2052.6109
Epoch 9/10, Loss: 1892.5245
Epoch 10/10, Loss: 1815.6378
Performance Metrics:
RMSE (test data): 73.56556701660156
MAE (test data): 59.040626525878906
MAPE (test data): 70.2707827091217
MSE (test data): 5411.89306640625
R2 (test data): 0.5664683108619255
loss (test data): 5411.89292713003
Epoch 1/10, Loss: 217.7970
Epoch 2/10, Loss: 28.3605
Epoch 3/10, Loss: 16.7012
Epoch 4/10, Loss: 10.2384
Epoch 5/10, Loss: 6.4958
Epoch 6/10, Loss: 5.1099
Epoch 7/10, Loss: 4.5538
Epoch 8/10, Loss: 4.6214
Epoch 9/10, Loss: 3.6801
Epoch 10/10, Loss: 3.6467
Performance Metrics:
RMSE (test data): 66.69379425048828
MAE (test data): 55.26496124267578
MAPE (test data): 130.51671981811523
MSE (test data): 4448.06201171875
R2 (test data): 0.6436780999596987
loss (test data): 4448.062242624062
Epoch 1/10, Loss: 280.8873
Epoch 2/10, Loss: 8.4369
Epoch 3/10, Loss: 5.7305
Epoch 4/10, Loss: 3.6748
Epoch 5/10, Loss: 2.2883
Epoch 6/10, Loss: 1.9408
Epoch 7/10, Loss: 1.7226
Epoch 8/10, Loss: 1.5432
Epoch 9/10, Loss: 1.3473
Epoch 10/10, Loss: 1.1737
Performance Metrics:
RMSE (test data): 104.1407699584961
MAE (test data): 88.89283752441406
MAPE (test data): 151.93344354629517
MSE (test data): 10845.2998046875
R2 (test data): 0.1312132285147618
loss (test data): 10845.299379121272
Epoch 1/10, Loss: 650.7919
Epoch 2/10, Loss: 14.9319
Epoch 3/10, Loss: 9.1545
Epoch 4/10, Loss: 5.9240
Epoch 5/10, Loss: 3.8738
Epoch 6/10, Loss: 2.9382
Epoch 7/10, Loss: 2.4906
Epoch 8/10, Loss: 2.5187
Epoch 9/10, Loss: 1.8901
Epoch 10/10, Loss: 1.5410
Performance Metrics:
RMSE (test data): 120.09467315673828
MAE (test data): 106.04203033447266
MAPE (test data): 162.37046718597412
MSE (test data): 14422.73046875
R2 (test data): -0.15536481425132043
loss (test data): 14422.73029933799
Epoch 1/10, Loss: 804.6371
Epoch 2/10, Loss: 12.3583
Epoch 3/10, Loss: 8.5474
Epoch 4/10, Loss: 7.0823
Epoch 5/10, Loss: 5.3115
Epoch 6/10, Loss: 3.0070
Epoch 7/10, Loss: 2.1227
Epoch 8/10, Loss: 1.5034
Epoch 9/10, Loss: 1.2905
Epoch 10/10, Loss: 1.0519
Performance Metrics:
RMSE (test data): 143.4104461669922
MAE (test data): 122.03163146972656
MAPE (test data): 175.57107210159302
MSE (test data): 20566.5546875
R2 (test data): -0.6475294626353332
loss (test data): 20566.55411899239
Epoch 1/10, Loss: 646.5944
Epoch 2/10, Loss: 8.4741
Epoch 3/10, Loss: 5.3264
Epoch 4/10, Loss: 4.0121
Epoch 5/10, Loss: 3.2305
Epoch 6/10, Loss: 2.8970
Epoch 7/10, Loss: 1.8362
Epoch 8/10, Loss: 1.3302
Epoch 9/10, Loss: 1.2377
Epoch 10/10, Loss: 1.1056
Performance Metrics:
RMSE (test data): 135.468017578125
MAE (test data): 115.00283813476562
MAPE (test data): 170.83319425582886
MSE (test data): 18351.583984375
R2 (test data): -0.47009438568883133
loss (test data): 18351.584271072246
Epoch 1/10, Loss: 648.1809
Epoch 2/10, Loss: 6.4971
Epoch 3/10, Loss: 3.6799
Epoch 4/10, Loss: 2.5362
Epoch 5/10, Loss: 2.1421
Epoch 6/10, Loss: 1.7612
Epoch 7/10, Loss: 1.4748
Epoch 8/10, Loss: 1.1730
Epoch 9/10, Loss: 1.0032
Epoch 10/10, Loss: 0.9923
Performance Metrics:
RMSE (test data): 143.957275390625
MAE (test data): 122.19677734375
MAPE (test data): 175.95713138580322
MSE (test data): 20723.69921875
R2 (test data): -0.6601180205523942
loss (test data): 20723.700650607276
Epoch 1/10, Loss: 783.4061
Epoch 2/10, Loss: 8.7890
Epoch 3/10, Loss: 4.6596
Epoch 4/10, Loss: 2.4037
Epoch 5/10, Loss: 1.7349
Epoch 6/10, Loss: 1.3060
Epoch 7/10, Loss: 1.0477
Epoch 8/10, Loss: 0.8886
Epoch 9/10, Loss: 0.7951
Epoch 10/10, Loss: 0.6008
Performance Metrics:
RMSE (test data): 147.68341064453125
MAE (test data): 125.46627044677734
MAPE (test data): 178.50576639175415
MSE (test data): 21810.388671875
R2 (test data): -0.7471696543630746
loss (test data): 21810.3894065367
Epoch 1/10, Loss: 593.8197
Epoch 2/10, Loss: 6.2057
Epoch 3/10, Loss: 3.1159
Epoch 4/10, Loss: 2.3939
Epoch 5/10, Loss: 1.9298
Epoch 6/10, Loss: 1.6991
Epoch 7/10, Loss: 1.3787
Epoch 8/10, Loss: 1.2674
Epoch 9/10, Loss: 1.1302
Epoch 10/10, Loss: 1.0290
Performance Metrics:
RMSE (test data): 137.45352172851562
MAE (test data): 116.97596740722656
MAPE (test data): 173.11357259750366
MSE (test data): 18893.46875
R2 (test data): -0.5135032635759584
loss (test data): 18893.468924298893
Epoch 1/10, Loss: 556.9092
Epoch 2/10, Loss: 4.5144
Epoch 3/10, Loss: 2.2947
Epoch 4/10, Loss: 1.4484
Epoch 5/10, Loss: 1.0260
Epoch 6/10, Loss: 0.8306
Epoch 7/10, Loss: 0.7015
Epoch 8/10, Loss: 0.6255
Epoch 9/10, Loss: 0.5257
Epoch 10/10, Loss: 0.4815
Performance Metrics:
RMSE (test data): 148.4540252685547
MAE (test data): 125.93932342529297
MAPE (test data): 179.18583154678345
MSE (test data): 22038.595703125
R2 (test data): -0.7654505656814643
loss (test data): 22038.595558147415
Epoch 1/10, Loss: 1178.6243
Epoch 2/10, Loss: 7.9751
Epoch 3/10, Loss: 2.6512
Epoch 4/10, Loss: 1.4283
Epoch 5/10, Loss: 0.9306
Epoch 6/10, Loss: 0.7014
Epoch 7/10, Loss: 0.5779
Epoch 8/10, Loss: 0.5064
Epoch 9/10, Loss: 0.4207
Epoch 10/10, Loss: 0.3718
Performance Metrics:
RMSE (test data): 152.57733154296875
MAE (test data): 129.86863708496094
MAPE (test data): 181.45936727523804
MSE (test data): 23279.841796875
R2 (test data): -0.8648833762464083
loss (test data): 23279.841591625835
Epoch 1/10, Loss: 888.1206
Epoch 2/10, Loss: 7.0515
Epoch 3/10, Loss: 2.2066
Epoch 4/10, Loss: 1.2653
Epoch 5/10, Loss: 0.9718
Epoch 6/10, Loss: 0.7848
Epoch 7/10, Loss: 0.6080
Epoch 8/10, Loss: 0.5458
Epoch 9/10, Loss: 0.4350
Epoch 10/10, Loss: 0.3796
Performance Metrics:
RMSE (test data): 152.2916717529297
MAE (test data): 128.7673797607422
MAPE (test data): 181.25606775283813
MSE (test data): 23192.75390625
R2 (test data): -0.8579069726763107
loss (test data): 23192.753353217526
Epoch 1/10, Loss: 765.9435
Epoch 2/10, Loss: 6.2163
Epoch 3/10, Loss: 3.2055
Epoch 4/10, Loss: 1.6905
Epoch 5/10, Loss: 1.0450
Epoch 6/10, Loss: 0.6487
Epoch 7/10, Loss: 0.4812
Epoch 8/10, Loss: 0.4042
Epoch 9/10, Loss: 0.3659
Epoch 10/10, Loss: 0.3307
Performance Metrics:
RMSE (test data): 151.6686553955078
MAE (test data): 128.8079376220703
MAPE (test data): 181.1491847038269
MSE (test data): 23003.37890625
R2 (test data): -0.8427366469760458
loss (test data): 23003.378011950063
Epoch 1/10, Loss: 610.0696
Epoch 2/10, Loss: 3.8262
Epoch 3/10, Loss: 1.4032
Epoch 4/10, Loss: 0.7652
Epoch 5/10, Loss: 0.5381
Epoch 6/10, Loss: 0.4457
Epoch 7/10, Loss: 0.3765
Epoch 8/10, Loss: 0.3610
Epoch 9/10, Loss: 0.3370
Epoch 10/10, Loss: 0.2945
Performance Metrics:
RMSE (test data): 151.45301818847656
MAE (test data): 128.7064208984375
MAPE (test data): 181.04339838027954
MSE (test data): 22938.015625
R2 (test data): -0.8375006727045011
loss (test data): 22938.01627006881
Epoch 1/10, Loss: 604.2525
Epoch 2/10, Loss: 4.8298
Epoch 3/10, Loss: 1.5665
Epoch 4/10, Loss: 1.1124
Epoch 5/10, Loss: 0.8906
Epoch 6/10, Loss: 0.7769
Epoch 7/10, Loss: 0.6667
Epoch 8/10, Loss: 0.5734
Epoch 9/10, Loss: 0.5011
Epoch 10/10, Loss: 0.4685
Performance Metrics:
RMSE (test data): 149.80014038085938
MAE (test data): 128.1035614013672
MAPE (test data): 179.9700379371643
MSE (test data): 22440.08203125
R2 (test data): -0.7976124496790358
loss (test data): 22440.08086654243
Epoch 1/10, Loss: 1099.8224
Epoch 2/10, Loss: 7.4041
Epoch 3/10, Loss: 3.1880
Epoch 4/10, Loss: 1.3847
Epoch 5/10, Loss: 1.0459
Epoch 6/10, Loss: 0.7861
Epoch 7/10, Loss: 0.6442
Epoch 8/10, Loss: 0.5374
Epoch 9/10, Loss: 0.4540
Epoch 10/10, Loss: 0.3790
Performance Metrics:
RMSE (test data): 152.7378692626953
MAE (test data): 129.90020751953125
MAPE (test data): 181.79162740707397
MSE (test data): 23328.85546875
R2 (test data): -0.8688097372772228
loss (test data): 23328.855323772415
Epoch 1/10, Loss: 797.7936
Epoch 2/10, Loss: 6.6737
Epoch 3/10, Loss: 3.4912
Epoch 4/10, Loss: 1.9974
Epoch 5/10, Loss: 1.1720
Epoch 6/10, Loss: 0.7899
Epoch 7/10, Loss: 0.6065
Epoch 8/10, Loss: 0.4795
Epoch 9/10, Loss: 0.4205
Epoch 10/10, Loss: 0.3890
Performance Metrics:
RMSE (test data): 152.5530242919922
MAE (test data): 129.97317504882812
MAPE (test data): 181.54457807540894
MSE (test data): 23272.423828125
R2 (test data): -0.8642890187233878
loss (test data): 23272.42209328086
Epoch 1/10, Loss: 779.7675
Epoch 2/10, Loss: 5.7828
Epoch 3/10, Loss: 2.3368
Epoch 4/10, Loss: 1.3497
Epoch 5/10, Loss: 0.9399
Epoch 6/10, Loss: 0.6461
Epoch 7/10, Loss: 0.4943
Epoch 8/10, Loss: 0.4251
Epoch 9/10, Loss: 0.3767
Epoch 10/10, Loss: 0.3320
Performance Metrics:
RMSE (test data): 152.82151794433594
MAE (test data): 129.75599670410156
MAPE (test data): 181.66388273239136
MSE (test data): 23354.416015625
R2 (test data): -0.8708572480168726
loss (test data): 23354.415201144184
Epoch 1/10, Loss: 516.7858
Epoch 2/10, Loss: 4.2518
Epoch 3/10, Loss: 2.0059
Epoch 4/10, Loss: 1.1058
Epoch 5/10, Loss: 0.6886
Epoch 6/10, Loss: 0.5712
Epoch 7/10, Loss: 0.4885
Epoch 8/10, Loss: 0.4340
Epoch 9/10, Loss: 0.3784
Epoch 10/10, Loss: 0.3420
Performance Metrics:
RMSE (test data): 153.08596801757812
MAE (test data): 130.02792358398438
MAPE (test data): 181.93963766098022
MSE (test data): 23435.3125
R2 (test data): -0.8773377717358717
loss (test data): 23435.313304707048
Epoch 1/10, Loss: 900.1814
Epoch 2/10, Loss: 5.8231
Epoch 3/10, Loss: 1.8486
Epoch 4/10, Loss: 1.1006
Epoch 5/10, Loss: 0.7419
Epoch 6/10, Loss: 0.5196
Epoch 7/10, Loss: 0.4723
Epoch 8/10, Loss: 0.3681
Epoch 9/10, Loss: 0.3674
Epoch 10/10, Loss: 0.3427
Performance Metrics:
RMSE (test data): 152.75143432617188
MAE (test data): 129.9345245361328
MAPE (test data): 181.43938779830933
MSE (test data): 23333.001953125
R2 (test data): -0.8691418767862975
loss (test data): 23333.001682717368
Epoch 1/10, Loss: 600.1189
Epoch 2/10, Loss: 6.5191
Epoch 3/10, Loss: 2.0944
Epoch 4/10, Loss: 0.8423
Epoch 5/10, Loss: 0.5575
Epoch 6/10, Loss: 0.4927
Epoch 7/10, Loss: 0.4237
Epoch 8/10, Loss: 0.3759
Epoch 9/10, Loss: 0.3391
Epoch 10/10, Loss: 0.3263
Performance Metrics:
RMSE (test data): 152.6546630859375
MAE (test data): 129.11599731445312
MAPE (test data): 181.47212266921997
MSE (test data): 23303.4453125
R2 (test data): -0.8667741643414295
loss (test data): 23303.444760282007
Epoch 1/10, Loss: 882.1866
Epoch 2/10, Loss: 6.6044
Epoch 3/10, Loss: 3.1700
Epoch 4/10, Loss: 1.6805
Epoch 5/10, Loss: 1.0994
Epoch 6/10, Loss: 0.8152
Epoch 7/10, Loss: 0.6322
Epoch 8/10, Loss: 0.5226
Epoch 9/10, Loss: 0.4625
Epoch 10/10, Loss: 0.3962
Performance Metrics:
RMSE (test data): 148.52386474609375
MAE (test data): 126.33174896240234
MAPE (test data): 179.30524349212646
MSE (test data): 22059.33984375
R2 (test data): -0.7671122659250007
loss (test data): 22059.338416779607
Epoch 1/10, Loss: 644.4818
Epoch 2/10, Loss: 8.5981
Epoch 3/10, Loss: 3.1235
Epoch 4/10, Loss: 1.3618
Epoch 5/10, Loss: 0.9573
Epoch 6/10, Loss: 0.8066
Epoch 7/10, Loss: 0.6870
Epoch 8/10, Loss: 0.6389
Epoch 9/10, Loss: 0.5754
Epoch 10/10, Loss: 0.5114
Performance Metrics:
RMSE (test data): 152.78912353515625
MAE (test data): 129.7217254638672
MAPE (test data): 181.70307874679565
MSE (test data): 23344.517578125
R2 (test data): -0.8700643832912447
loss (test data): 23344.517244187864
Epoch 1/10, Loss: 671.0755
Epoch 2/10, Loss: 5.0208
Epoch 3/10, Loss: 1.6228
Epoch 4/10, Loss: 0.9483
Epoch 5/10, Loss: 0.6779
Epoch 6/10, Loss: 0.5464
Epoch 7/10, Loss: 0.4700
Epoch 8/10, Loss: 0.4287
Epoch 9/10, Loss: 0.3817
Epoch 10/10, Loss: 0.3741
Performance Metrics:
RMSE (test data): 142.0641632080078
MAE (test data): 122.33135986328125
MAPE (test data): 175.30066967010498
MSE (test data): 20182.228515625
R2 (test data): -0.6167422346339133
loss (test data): 20182.228891915136
Epoch 1/10, Loss: 606.7365
Epoch 2/10, Loss: 7.1973
Epoch 3/10, Loss: 1.9269
Epoch 4/10, Loss: 0.9932
Epoch 5/10, Loss: 0.6416
Epoch 6/10, Loss: 0.5223
Epoch 7/10, Loss: 0.4721
Epoch 8/10, Loss: 0.3972
Epoch 9/10, Loss: 0.3655
Epoch 10/10, Loss: 0.3269
Performance Metrics:
RMSE (test data): 154.0634002685547
MAE (test data): 130.92007446289062
MAPE (test data): 182.57099390029907
MSE (test data): 23735.533203125
R2 (test data): -0.9013875825982389
loss (test data): 23735.53341489001
Epoch 1/10, Loss: 808.2736
Epoch 2/10, Loss: 8.5199
Epoch 3/10, Loss: 3.2497
Epoch 4/10, Loss: 1.2682
Epoch 5/10, Loss: 0.8994
Epoch 6/10, Loss: 0.7112
Epoch 7/10, Loss: 0.6200
Epoch 8/10, Loss: 0.5028
Epoch 9/10, Loss: 0.4436
Epoch 10/10, Loss: 0.3791
Performance Metrics:
RMSE (test data): 152.8609619140625
MAE (test data): 130.457275390625
MAPE (test data): 181.51068687438965
MSE (test data): 23366.474609375
R2 (test data): -0.8718233673228644
loss (test data): 23366.475437701993
Epoch 1/10, Loss: 775.6822
Epoch 2/10, Loss: 7.1378
Epoch 3/10, Loss: 2.9519
Epoch 4/10, Loss: 1.3732
Epoch 5/10, Loss: 0.9951
Epoch 6/10, Loss: 0.7994
Epoch 7/10, Loss: 0.6313
Epoch 8/10, Loss: 0.4983
Epoch 9/10, Loss: 0.4554
Epoch 10/10, Loss: 0.3890
Performance Metrics:
RMSE (test data): 152.95156860351562
MAE (test data): 130.240478515625
MAPE (test data): 181.74796104431152
MSE (test data): 23394.18359375
R2 (test data): -0.8740429643115393
loss (test data): 23394.183080627085
Epoch 1/10, Loss: 558.5339
Epoch 2/10, Loss: 6.0935
Epoch 3/10, Loss: 2.0580
Epoch 4/10, Loss: 0.9819
Epoch 5/10, Loss: 0.6816
Epoch 6/10, Loss: 0.5483
Epoch 7/10, Loss: 0.4759
Epoch 8/10, Loss: 0.4275
Epoch 9/10, Loss: 0.3908
Epoch 10/10, Loss: 0.3826
Performance Metrics:
RMSE (test data): 151.3905029296875
MAE (test data): 128.1265869140625
MAPE (test data): 180.81812858581543
MSE (test data): 22919.0859375
R2 (test data): -0.835984132205424
loss (test data): 22919.084466547643
Epoch 1/10, Loss: 867.8476
Epoch 2/10, Loss: 6.5301
Epoch 3/10, Loss: 2.4480
Epoch 4/10, Loss: 1.3122
Epoch 5/10, Loss: 0.9115
Epoch 6/10, Loss: 0.7335
Epoch 7/10, Loss: 0.5969
Epoch 8/10, Loss: 0.4923
Epoch 9/10, Loss: 0.4453
Epoch 10/10, Loss: 0.4190
Performance Metrics:
RMSE (test data): 151.25253295898438
MAE (test data): 128.06646728515625
MAPE (test data): 180.75262308120728
MSE (test data): 22877.328125
R2 (test data): -0.8326390586228041
loss (test data): 22877.327043369474
Epoch 1/10, Loss: 673.3617
Epoch 2/10, Loss: 10.0629
Epoch 3/10, Loss: 3.6251
Epoch 4/10, Loss: 1.5308
Epoch 5/10, Loss: 1.0463
Epoch 6/10, Loss: 0.8132
Epoch 7/10, Loss: 0.7033
Epoch 8/10, Loss: 0.5865
Epoch 9/10, Loss: 0.4853
Epoch 10/10, Loss: 0.4166
Performance Metrics:
RMSE (test data): 147.87376403808594
MAE (test data): 125.97134399414062
MAPE (test data): 178.96791696548462
MSE (test data): 21866.65234375
R2 (test data): -0.7516766331444031
loss (test data): 21866.651602572456
Epoch 1/10, Loss: 569.4928
Epoch 2/10, Loss: 5.9311
Epoch 3/10, Loss: 2.2215
Epoch 4/10, Loss: 1.2789
Epoch 5/10, Loss: 0.9546
Epoch 6/10, Loss: 0.7576
Epoch 7/10, Loss: 0.5858
Epoch 8/10, Loss: 0.4671
Epoch 9/10, Loss: 0.4052
Epoch 10/10, Loss: 0.3486
Performance Metrics:
RMSE (test data): 149.20945739746094
MAE (test data): 127.31014251708984
MAPE (test data): 179.73229885101318
MSE (test data): 22263.462890625
R2 (test data): -0.7834640476280506
loss (test data): 22263.46235469662
Epoch 1/10, Loss: 674.2511
Epoch 2/10, Loss: 8.8088
Epoch 3/10, Loss: 3.2887
Epoch 4/10, Loss: 1.4546
Epoch 5/10, Loss: 1.0747
Epoch 6/10, Loss: 0.9391
Epoch 7/10, Loss: 0.7951
Epoch 8/10, Loss: 0.7042
Epoch 9/10, Loss: 0.6089
Epoch 10/10, Loss: 0.5417
Performance Metrics:
RMSE (test data): 151.96560668945312
MAE (test data): 129.19625854492188
MAPE (test data): 181.1409831047058
MSE (test data): 23093.544921875
R2 (test data): -0.8499595682098446
loss (test data): 23093.543589384382
Epoch 1/10, Loss: 635.4541
Epoch 2/10, Loss: 7.0458
Epoch 3/10, Loss: 2.5903
Epoch 4/10, Loss: 1.3187
Epoch 5/10, Loss: 0.8808
Epoch 6/10, Loss: 0.7230
Epoch 7/10, Loss: 0.6208
Epoch 8/10, Loss: 0.4970
Epoch 9/10, Loss: 0.4547
Epoch 10/10, Loss: 0.3754
Performance Metrics:
RMSE (test data): 149.718994140625
MAE (test data): 127.46707916259766
MAPE (test data): 179.7595739364624
MSE (test data): 22415.775390625
R2 (test data): -0.7956654027719687
loss (test data): 22415.77536130369
Epoch 1/10, Loss: 579.5243
Epoch 2/10, Loss: 6.9610
Epoch 3/10, Loss: 2.4057
Epoch 4/10, Loss: 1.2475
Epoch 5/10, Loss: 0.9118
Epoch 6/10, Loss: 0.7138
Epoch 7/10, Loss: 0.5828
Epoch 8/10, Loss: 0.4683
Epoch 9/10, Loss: 0.3917
Epoch 10/10, Loss: 0.3478
Performance Metrics:
RMSE (test data): 153.69508361816406
MAE (test data): 130.4972686767578
MAPE (test data): 182.34665393829346
MSE (test data): 23622.177734375
R2 (test data): -0.8923069560062242
loss (test data): 23622.17757147884
Epoch 1/10, Loss: 759.4791
Epoch 2/10, Loss: 7.2949
Epoch 3/10, Loss: 2.6577
Epoch 4/10, Loss: 1.2544
Epoch 5/10, Loss: 0.7994
Epoch 6/10, Loss: 0.5893
Epoch 7/10, Loss: 0.4887
Epoch 8/10, Loss: 0.4118
Epoch 9/10, Loss: 0.3960
Epoch 10/10, Loss: 0.3498
Performance Metrics:
RMSE (test data): 153.57183837890625
MAE (test data): 130.17132568359375
MAPE (test data): 182.19069242477417
MSE (test data): 23584.30859375
R2 (test data): -0.8892733490961529
loss (test data): 23584.30836243745
Epoch 1/10, Loss: 834.7397
Epoch 2/10, Loss: 6.2157
Epoch 3/10, Loss: 2.7659
Epoch 4/10, Loss: 1.3810
Epoch 5/10, Loss: 0.9915
Epoch 6/10, Loss: 0.7857
Epoch 7/10, Loss: 0.6944
Epoch 8/10, Loss: 0.5876
Epoch 9/10, Loss: 0.4544
Epoch 10/10, Loss: 0.4202
Performance Metrics:
RMSE (test data): 153.62185668945312
MAE (test data): 130.4181365966797
MAPE (test data): 182.16552734375
MSE (test data): 23599.67578125
R2 (test data): -0.8905043999640287
loss (test data): 23599.675835005735
Epoch 1/10, Loss: 826.4071
Epoch 2/10, Loss: 6.4966
Epoch 3/10, Loss: 2.5618
Epoch 4/10, Loss: 1.4007
Epoch 5/10, Loss: 1.0152
Epoch 6/10, Loss: 0.7511
Epoch 7/10, Loss: 0.5797
Epoch 8/10, Loss: 0.4887
Epoch 9/10, Loss: 0.4646
Epoch 10/10, Loss: 0.3539
Performance Metrics:
RMSE (test data): 153.15679931640625
MAE (test data): 130.72674560546875
MAPE (test data): 181.65595531463623
MSE (test data): 23457.005859375
R2 (test data): -0.8790755942341664
loss (test data): 23457.007081096224
Epoch 1/10, Loss: 784.5550
Epoch 2/10, Loss: 6.9550
Epoch 3/10, Loss: 2.6492
Epoch 4/10, Loss: 1.4248
Epoch 5/10, Loss: 1.0424
Epoch 6/10, Loss: 0.7597
Epoch 7/10, Loss: 0.5991
Epoch 8/10, Loss: 0.4867
Epoch 9/10, Loss: 0.4283
Epoch 10/10, Loss: 0.3845
Performance Metrics:
RMSE (test data): 152.485107421875
MAE (test data): 129.39283752441406
MAPE (test data): 181.54393434524536
MSE (test data): 23251.70703125
R2 (test data): -0.862629552920988
loss (test data): 23251.7066745074
Epoch 1/10, Loss: 626.4810
Epoch 2/10, Loss: 5.6108
Epoch 3/10, Loss: 1.6669
Epoch 4/10, Loss: 0.9543
Epoch 5/10, Loss: 0.7752
Epoch 6/10, Loss: 0.6023
Epoch 7/10, Loss: 0.4314
Epoch 8/10, Loss: 0.4118
Epoch 9/10, Loss: 0.3591
Epoch 10/10, Loss: 0.3204
Performance Metrics:
RMSE (test data): 153.25111389160156
MAE (test data): 130.0960235595703
MAPE (test data): 181.99516534805298
MSE (test data): 23485.90234375
R2 (test data): -0.8813901732904228
loss (test data): 23485.90051116816
Epoch 1/10, Loss: 677.7687
Epoch 2/10, Loss: 6.2712
Epoch 3/10, Loss: 2.2757
Epoch 4/10, Loss: 1.4401
Epoch 5/10, Loss: 1.0288
Epoch 6/10, Loss: 0.7232
Epoch 7/10, Loss: 0.5774
Epoch 8/10, Loss: 0.5185
Epoch 9/10, Loss: 0.4193
Epoch 10/10, Loss: 0.3893
Performance Metrics:
RMSE (test data): 150.3477020263672
MAE (test data): 127.22466278076172
MAPE (test data): 180.05521297454834
MSE (test data): 22604.431640625
R2 (test data): -0.810778169259609
loss (test data): 22604.431733475813
Epoch 1/10, Loss: 483.5186
Epoch 2/10, Loss: 6.3277
Epoch 3/10, Loss: 2.1184
Epoch 4/10, Loss: 1.0709
Epoch 5/10, Loss: 0.7290
Epoch 6/10, Loss: 0.6049
Epoch 7/10, Loss: 0.5284
Epoch 8/10, Loss: 0.4726
Epoch 9/10, Loss: 0.4407
Epoch 10/10, Loss: 0.4179
Performance Metrics:
RMSE (test data): 152.13758850097656
MAE (test data): 128.58030700683594
MAPE (test data): 181.3368797302246
MSE (test data): 23145.845703125
R2 (test data): -0.8541491995024302
loss (test data): 23145.844204480298
Epoch 1/10, Loss: 618.6191
Epoch 2/10, Loss: 6.8488
Epoch 3/10, Loss: 2.8269
Epoch 4/10, Loss: 1.4306
Epoch 5/10, Loss: 0.9435
Epoch 6/10, Loss: 0.6704
Epoch 7/10, Loss: 0.5509
Epoch 8/10, Loss: 0.4880
Epoch 9/10, Loss: 0.4542
Epoch 10/10, Loss: 0.4036
Performance Metrics:
RMSE (test data): 154.01589965820312
MAE (test data): 130.34796142578125
MAPE (test data): 182.38861560821533
MSE (test data): 23720.896484375
R2 (test data): -0.9002149682338123
loss (test data): 23720.895472789824
Epoch 1/10, Loss: 715.4177
Epoch 2/10, Loss: 8.2873
Epoch 3/10, Loss: 3.0516
Epoch 4/10, Loss: 1.5131
Epoch 5/10, Loss: 1.0036
Epoch 6/10, Loss: 0.6808
Epoch 7/10, Loss: 0.5257
Epoch 8/10, Loss: 0.4412
Epoch 9/10, Loss: 0.3769
Epoch 10/10, Loss: 0.3427
Performance Metrics:
RMSE (test data): 154.7704315185547
MAE (test data): 131.93478393554688
MAPE (test data): 182.9717516899109
MSE (test data): 23953.88671875
R2 (test data): -0.9188793222416749
loss (test data): 23953.887479475085
Epoch 1/10, Loss: 742.8420
Epoch 2/10, Loss: 7.9989
Epoch 3/10, Loss: 3.0692
Epoch 4/10, Loss: 1.5145
Epoch 5/10, Loss: 0.9122
Epoch 6/10, Loss: 0.6612
Epoch 7/10, Loss: 0.5382
Epoch 8/10, Loss: 0.4757
Epoch 9/10, Loss: 0.4606
Epoch 10/10, Loss: 0.3907
Performance Metrics:
RMSE (test data): 153.302001953125
MAE (test data): 129.89236450195312
MAPE (test data): 182.0037841796875
MSE (test data): 23501.50390625
R2 (test data): -0.8826402259924069
loss (test data): 23501.50516217942
Epoch 1/10, Loss: 687.3136
Epoch 2/10, Loss: 7.1340
Epoch 3/10, Loss: 1.9843
Epoch 4/10, Loss: 1.0176
Epoch 5/10, Loss: 0.6870
Epoch 6/10, Loss: 0.5800
Epoch 7/10, Loss: 0.4619
Epoch 8/10, Loss: 0.4160
Epoch 9/10, Loss: 0.3614
Epoch 10/10, Loss: 0.3454
Performance Metrics:
RMSE (test data): 154.03802490234375
MAE (test data): 130.58380126953125
MAPE (test data): 182.52618312835693
MSE (test data): 23727.712890625
R2 (test data): -0.9007609784132773
loss (test data): 23727.711289355713
Epoch 1/10, Loss: 653.8398
Epoch 2/10, Loss: 7.1854
Epoch 3/10, Loss: 3.4475
Epoch 4/10, Loss: 1.9712
Epoch 5/10, Loss: 1.0877
Epoch 6/10, Loss: 0.8156
Epoch 7/10, Loss: 0.6626
Epoch 8/10, Loss: 0.5567
Epoch 9/10, Loss: 0.4566
Epoch 10/10, Loss: 0.4188
Performance Metrics:
RMSE (test data): 153.5126190185547
MAE (test data): 129.96676635742188
MAPE (test data): 182.1420192718506
MSE (test data): 23566.125
R2 (test data): -0.8878166343816902
loss (test data): 23566.123752215386
Epoch 1/10, Loss: 706.6593
Epoch 2/10, Loss: 7.3367
Epoch 3/10, Loss: 3.0764
Epoch 4/10, Loss: 1.8693
Epoch 5/10, Loss: 1.3836
Epoch 6/10, Loss: 1.1413
Epoch 7/10, Loss: 0.9938
Epoch 8/10, Loss: 0.8645
Epoch 9/10, Loss: 0.6853
Epoch 10/10, Loss: 0.4312
Performance Metrics:
RMSE (test data): 154.19476318359375
MAE (test data): 130.96128845214844
MAPE (test data): 182.59027004241943
MSE (test data): 23776.0234375
R2 (test data): -0.9046309677785647
loss (test data): 23776.021774330173
Epoch 1/10, Loss: 769.9961
Epoch 2/10, Loss: 6.8153
Epoch 3/10, Loss: 2.6153
Epoch 4/10, Loss: 1.3510
Epoch 5/10, Loss: 0.8467
Epoch 6/10, Loss: 0.6499
Epoch 7/10, Loss: 0.5540
Epoch 8/10, Loss: 0.4899
Epoch 9/10, Loss: 0.4539
Epoch 10/10, Loss: 0.4063
Performance Metrics:
RMSE (test data): 152.5704803466797
MAE (test data): 129.36126708984375
MAPE (test data): 181.58202171325684
MSE (test data): 23277.751953125
R2 (test data): -0.8647160187071876
loss (test data): 23277.75245321622
Epoch 1/10, Loss: 667.5659
Epoch 2/10, Loss: 5.9529
Epoch 3/10, Loss: 2.4308
Epoch 4/10, Loss: 1.3722
Epoch 5/10, Loss: 0.8591
Epoch 6/10, Loss: 0.6254
Epoch 7/10, Loss: 0.5051
Epoch 8/10, Loss: 0.4367
Epoch 9/10, Loss: 0.3847
Epoch 10/10, Loss: 0.3542
Performance Metrics:
RMSE (test data): 152.03451538085938
MAE (test data): 128.7882080078125
MAPE (test data): 181.28105401992798
MSE (test data): 23114.49609375
R2 (test data): -0.851637932610734
loss (test data): 23114.49525646372
Epoch 1/10, Loss: 824.6484
Epoch 2/10, Loss: 5.3058
Epoch 3/10, Loss: 2.5895
Epoch 4/10, Loss: 1.5429
Epoch 5/10, Loss: 0.9990
Epoch 6/10, Loss: 0.7485
Epoch 7/10, Loss: 0.6057
Epoch 8/10, Loss: 0.5260
Epoch 9/10, Loss: 0.4577
Epoch 10/10, Loss: 0.4009
Performance Metrics:
RMSE (test data): 151.4620361328125
MAE (test data): 128.24636840820312
MAPE (test data): 180.9035301208496
MSE (test data): 22940.748046875
R2 (test data): -0.8377194969949984
loss (test data): 22940.74758913678
Epoch 1/10, Loss: 631.5423
Epoch 2/10, Loss: 4.2884
Epoch 3/10, Loss: 2.0384
Epoch 4/10, Loss: 1.2051
Epoch 5/10, Loss: 0.8038
Epoch 6/10, Loss: 0.6132
Epoch 7/10, Loss: 0.5126
Epoch 8/10, Loss: 0.4432
Epoch 9/10, Loss: 0.4035
Epoch 10/10, Loss: 0.3675
Performance Metrics:
RMSE (test data): 151.45945739746094
MAE (test data): 128.74325561523438
MAPE (test data): 180.98584413528442
MSE (test data): 22939.966796875
R2 (test data): -0.8376570006463129
loss (test data): 22939.967399590805
Epoch 1/10, Loss: 573.1913
Epoch 2/10, Loss: 4.2784
Epoch 3/10, Loss: 2.2905
Epoch 4/10, Loss: 1.2571
Epoch 5/10, Loss: 0.7910
Epoch 6/10, Loss: 0.5904
Epoch 7/10, Loss: 0.4838
Epoch 8/10, Loss: 0.4226
Epoch 9/10, Loss: 0.3818
Epoch 10/10, Loss: 0.3565
Performance Metrics:
RMSE (test data): 153.15304565429688
MAE (test data): 130.0640411376953
MAPE (test data): 181.91059827804565
MSE (test data): 23455.853515625
R2 (test data): -0.8789832834163969
loss (test data): 23455.85457119214
Epoch 1/10, Loss: 799.6416
Epoch 2/10, Loss: 5.1615
Epoch 3/10, Loss: 2.5287
Epoch 4/10, Loss: 1.4736
Epoch 5/10, Loss: 0.9916
Epoch 6/10, Loss: 0.7778
Epoch 7/10, Loss: 0.6582
Epoch 8/10, Loss: 0.5775
Epoch 9/10, Loss: 0.5115
Epoch 10/10, Loss: 0.4667
Performance Metrics:
RMSE (test data): 153.2467041015625
MAE (test data): 130.06275939941406
MAPE (test data): 181.86200857162476
MSE (test data): 23484.55078125
R2 (test data): -0.88128195901814
loss (test data): 23484.549509030963
Epoch 1/10, Loss: 781.4322
Epoch 2/10, Loss: 4.4285
Epoch 3/10, Loss: 2.2728
Epoch 4/10, Loss: 1.4617
Epoch 5/10, Loss: 1.0002
Epoch 6/10, Loss: 0.7424
Epoch 7/10, Loss: 0.6020
Epoch 8/10, Loss: 0.5109
Epoch 9/10, Loss: 0.4591
Epoch 10/10, Loss: 0.4206
Performance Metrics:
RMSE (test data): 153.13461303710938
MAE (test data): 129.82818603515625
MAPE (test data): 181.91158771514893
MSE (test data): 23450.208984375
R2 (test data): -0.8785309110517658
loss (test data): 23450.207386363636
Epoch 1/10, Loss: 703.6190
Epoch 2/10, Loss: 4.7171
Epoch 3/10, Loss: 2.4116
Epoch 4/10, Loss: 1.5006
Epoch 5/10, Loss: 1.0973
Epoch 6/10, Loss: 0.8683
Epoch 7/10, Loss: 0.7349
Epoch 8/10, Loss: 0.6444
Epoch 9/10, Loss: 0.5757
Epoch 10/10, Loss: 0.5210
Performance Metrics:
RMSE (test data): 152.95790100097656
MAE (test data): 129.67767333984375
MAPE (test data): 181.7212462425232
MSE (test data): 23396.1171875
R2 (test data): -0.8741978656604754
loss (test data): 23396.11707021476
Epoch 1/10, Loss: 623.4956
Epoch 2/10, Loss: 5.7043
Epoch 3/10, Loss: 2.3477
Epoch 4/10, Loss: 1.2539
Epoch 5/10, Loss: 0.8191
Epoch 6/10, Loss: 0.6304
Epoch 7/10, Loss: 0.5134
Epoch 8/10, Loss: 0.4576
Epoch 9/10, Loss: 0.4210
Epoch 10/10, Loss: 0.3695
Performance Metrics:
RMSE (test data): 153.22799682617188
MAE (test data): 129.69837951660156
MAPE (test data): 181.97675943374634
MSE (test data): 23478.818359375
R2 (test data): -0.8808228912710523
loss (test data): 23478.818823629066
Epoch 1/10, Loss: 779.3984
Epoch 2/10, Loss: 5.5662
Epoch 3/10, Loss: 2.5571
Epoch 4/10, Loss: 1.5268
Epoch 5/10, Loss: 0.9942
Epoch 6/10, Loss: 0.7110
Epoch 7/10, Loss: 0.5568
Epoch 8/10, Loss: 0.4731
Epoch 9/10, Loss: 0.4295
Epoch 10/10, Loss: 0.4004
Performance Metrics:
RMSE (test data): 153.34388732910156
MAE (test data): 129.97328186035156
MAPE (test data): 181.95230960845947
MSE (test data): 23514.34765625
R2 (test data): -0.8836690421948195
loss (test data): 23514.348188920456
Epoch 1/10, Loss: 597.6694
Epoch 2/10, Loss: 4.6416
Epoch 3/10, Loss: 2.2473
Epoch 4/10, Loss: 1.3914
Epoch 5/10, Loss: 0.9499
Epoch 6/10, Loss: 0.6771
Epoch 7/10, Loss: 0.5452
Epoch 8/10, Loss: 0.4667
Epoch 9/10, Loss: 0.4271
Epoch 10/10, Loss: 0.4056
Performance Metrics:
RMSE (test data): 152.96592712402344
MAE (test data): 129.54232788085938
MAPE (test data): 181.7891240119934
MSE (test data): 23398.576171875
R2 (test data): -0.8743947890279493
loss (test data): 23398.575161918787
Epoch 1/10, Loss: 651.3272
Epoch 2/10, Loss: 4.1385
Epoch 3/10, Loss: 2.0542
Epoch 4/10, Loss: 1.3708
Epoch 5/10, Loss: 1.0354
Epoch 6/10, Loss: 0.8021
Epoch 7/10, Loss: 0.6261
Epoch 8/10, Loss: 0.5337
Epoch 9/10, Loss: 0.4733
Epoch 10/10, Loss: 0.4302
Performance Metrics:
RMSE (test data): 152.8829345703125
MAE (test data): 129.43653869628906
MAPE (test data): 181.71228170394897
MSE (test data): 23373.19140625
R2 (test data): -0.8723612815789032
loss (test data): 23373.19028226647
Epoch 1/10, Loss: 525.7628
Epoch 2/10, Loss: 5.1222
Epoch 3/10, Loss: 2.3821
Epoch 4/10, Loss: 1.0828
Epoch 5/10, Loss: 0.6984
Epoch 6/10, Loss: 0.5533
Epoch 7/10, Loss: 0.4788
Epoch 8/10, Loss: 0.4247
Epoch 9/10, Loss: 0.3937
Epoch 10/10, Loss: 0.3692
Performance Metrics:
RMSE (test data): 153.19300842285156
MAE (test data): 129.71087646484375
MAPE (test data): 181.8996548652649
MSE (test data): 23468.099609375
R2 (test data): -0.8799642010026798
loss (test data): 23468.0995116373
Epoch 1/10, Loss: 656.5594
Epoch 2/10, Loss: 6.4327
Epoch 3/10, Loss: 3.1029
Epoch 4/10, Loss: 1.3860
Epoch 5/10, Loss: 0.7680
Epoch 6/10, Loss: 0.5825
Epoch 7/10, Loss: 0.4892
Epoch 8/10, Loss: 0.4341
Epoch 9/10, Loss: 0.3993
Epoch 10/10, Loss: 0.3659
Performance Metrics:
RMSE (test data): 152.99122619628906
MAE (test data): 129.6935272216797
MAPE (test data): 181.77274465560913
MSE (test data): 23406.31640625
R2 (test data): -0.8750148961767015
loss (test data): 23406.315726973
Epoch 1/10, Loss: 677.5270
Epoch 2/10, Loss: 7.4457
Epoch 3/10, Loss: 4.4536
Epoch 4/10, Loss: 2.4353
Epoch 5/10, Loss: 1.3165
Epoch 6/10, Loss: 0.8232
Epoch 7/10, Loss: 0.5804
Epoch 8/10, Loss: 0.4859
Epoch 9/10, Loss: 0.4242
Epoch 10/10, Loss: 0.4091
Performance Metrics:
RMSE (test data): 154.36065673828125
MAE (test data): 130.6669921875
MAPE (test data): 182.51396417617798
MSE (test data): 23827.2109375
R2 (test data): -0.9087316031399404
loss (test data): 23827.210973337154
Epoch 1/10, Loss: 701.0616
Epoch 2/10, Loss: 6.3529
Epoch 3/10, Loss: 2.8337
Epoch 4/10, Loss: 1.8366
Epoch 5/10, Loss: 1.1958
Epoch 6/10, Loss: 0.7877
Epoch 7/10, Loss: 0.5995
Epoch 8/10, Loss: 0.5132
Epoch 9/10, Loss: 0.4684
Epoch 10/10, Loss: 0.4047
Performance Metrics:
RMSE (test data): 153.28675842285156
MAE (test data): 129.59890747070312
MAPE (test data): 181.9383144378662
MSE (test data): 23496.828125
R2 (test data): -0.8822656503150321
loss (test data): 23496.829374413574
Epoch 1/10, Loss: 744.0300
Epoch 2/10, Loss: 6.0341
Epoch 3/10, Loss: 3.0791
Epoch 4/10, Loss: 1.8909
Epoch 5/10, Loss: 1.2692
Epoch 6/10, Loss: 0.9415
Epoch 7/10, Loss: 0.7339
Epoch 8/10, Loss: 0.6319
Epoch 9/10, Loss: 0.5435
Epoch 10/10, Loss: 0.4976
Performance Metrics:
RMSE (test data): 153.37974548339844
MAE (test data): 129.784423828125
MAPE (test data): 181.96499347686768
MSE (test data): 23525.34765625
R2 (test data): -0.8845501891661458
loss (test data): 23525.347812630316
Epoch 1/10, Loss: 848.4700
Epoch 2/10, Loss: 6.6147
Epoch 3/10, Loss: 2.8251
Epoch 4/10, Loss: 1.4955
Epoch 5/10, Loss: 0.8343
Epoch 6/10, Loss: 0.5871
Epoch 7/10, Loss: 0.4697
Epoch 8/10, Loss: 0.4091
Epoch 9/10, Loss: 0.3545
Epoch 10/10, Loss: 0.3200
Performance Metrics:
RMSE (test data): 155.9752197265625
MAE (test data): 133.0127716064453
MAPE (test data): 183.8828206062317
MSE (test data): 24328.26953125
R2 (test data): -0.9488699483737391
loss (test data): 24328.26875260634
Epoch 1/10, Loss: 774.2171
Epoch 2/10, Loss: 7.6930
Epoch 3/10, Loss: 3.6979
Epoch 4/10, Loss: 1.9290
Epoch 5/10, Loss: 1.2129
Epoch 6/10, Loss: 0.9173
Epoch 7/10, Loss: 0.6820
Epoch 8/10, Loss: 0.5849
Epoch 9/10, Loss: 0.5152
Epoch 10/10, Loss: 0.4903
Performance Metrics:
RMSE (test data): 154.28089904785156
MAE (test data): 130.62123107910156
MAPE (test data): 182.48697519302368
MSE (test data): 23802.59375
R2 (test data): -0.906759640659486
loss (test data): 23802.594344570996
Epoch 1/10, Loss: 618.8593
Epoch 2/10, Loss: 6.8947
Epoch 3/10, Loss: 3.1485
Epoch 4/10, Loss: 1.8763
Epoch 5/10, Loss: 1.2153
Epoch 6/10, Loss: 0.8263
Epoch 7/10, Loss: 0.6231
Epoch 8/10, Loss: 0.5066
Epoch 9/10, Loss: 0.4491
Epoch 10/10, Loss: 0.4140
Performance Metrics:
RMSE (test data): 154.14715576171875
MAE (test data): 130.3495330810547
MAPE (test data): 182.44696855545044
MSE (test data): 23761.34765625
R2 (test data): -0.903455466071208
loss (test data): 23761.34729462052
Epoch 1/10, Loss: 644.3423
Epoch 2/10, Loss: 7.0767
Epoch 3/10, Loss: 3.0464
Epoch 4/10, Loss: 1.7208
Epoch 5/10, Loss: 1.0166
Epoch 6/10, Loss: 0.7464
Epoch 7/10, Loss: 0.5473
Epoch 8/10, Loss: 0.5088
Epoch 9/10, Loss: 0.4463
Epoch 10/10, Loss: 0.4132
Performance Metrics:
RMSE (test data): 153.64614868164062
MAE (test data): 129.99981689453125
MAPE (test data): 182.17018842697144
MSE (test data): 23607.13671875
R2 (test data): -0.8911021082864399
loss (test data): 23607.137142280026
Epoch 1/10, Loss: 625.7108
Epoch 2/10, Loss: 6.2467
Epoch 3/10, Loss: 2.8383
Epoch 4/10, Loss: 1.5156
Epoch 5/10, Loss: 0.9786
Epoch 6/10, Loss: 0.7087
Epoch 7/10, Loss: 0.5723
Epoch 8/10, Loss: 0.4981
Epoch 9/10, Loss: 0.4537
Epoch 10/10, Loss: 0.4199
Performance Metrics:
RMSE (test data): 153.83847045898438
MAE (test data): 130.15426635742188
MAPE (test data): 182.27907419204712
MSE (test data): 23666.2734375
R2 (test data): -0.8958394427343486
loss (test data): 23666.274488180254
Epoch 1/10, Loss: 730.3569
Epoch 2/10, Loss: 7.5793
Epoch 3/10, Loss: 3.6056
Epoch 4/10, Loss: 1.8666
Epoch 5/10, Loss: 1.2899
Epoch 6/10, Loss: 0.9254
Epoch 7/10, Loss: 0.7075
Epoch 8/10, Loss: 0.5819
Epoch 9/10, Loss: 0.5143
Epoch 10/10, Loss: 0.4707
Performance Metrics:
RMSE (test data): 153.83529663085938
MAE (test data): 130.21926879882812
MAPE (test data): 182.2402000427246
MSE (test data): 23665.296875
R2 (test data): -0.8957610265277236
loss (test data): 23665.29558812031
Epoch 1/10, Loss: 756.5890
Epoch 2/10, Loss: 6.9680
Epoch 3/10, Loss: 2.9913
Epoch 4/10, Loss: 1.8991
Epoch 5/10, Loss: 1.3651
Epoch 6/10, Loss: 1.0274
Epoch 7/10, Loss: 0.7616
Epoch 8/10, Loss: 0.6125
Epoch 9/10, Loss: 0.5066
Epoch 10/10, Loss: 0.4596
Performance Metrics:
RMSE (test data): 153.8722381591797
MAE (test data): 130.0790557861328
MAPE (test data): 182.26282596588135
MSE (test data): 23676.666015625
R2 (test data): -0.8966718743131761
loss (test data): 23676.66611662062
Epoch 1/10, Loss: 582.7564
Epoch 2/10, Loss: 5.4635
Epoch 3/10, Loss: 2.4024
Epoch 4/10, Loss: 1.5926
Epoch 5/10, Loss: 1.0987
Epoch 6/10, Loss: 0.7789
Epoch 7/10, Loss: 0.6329
Epoch 8/10, Loss: 0.5490
Epoch 9/10, Loss: 0.4884
Epoch 10/10, Loss: 0.4538
Performance Metrics:
RMSE (test data): 153.94174194335938
MAE (test data): 130.18984985351562
MAPE (test data): 182.28514194488525
MSE (test data): 23698.05859375
R2 (test data): -0.8983856645336612
loss (test data): 23698.059688412217
Epoch 1/10, Loss: 674.4002
Epoch 2/10, Loss: 6.5538
Epoch 3/10, Loss: 2.8724
Epoch 4/10, Loss: 1.8021
Epoch 5/10, Loss: 1.2846
Epoch 6/10, Loss: 0.8784
Epoch 7/10, Loss: 0.6718
Epoch 8/10, Loss: 0.5255
Epoch 9/10, Loss: 0.4598
Epoch 10/10, Loss: 0.4142
Performance Metrics:
RMSE (test data): 153.89373779296875
MAE (test data): 130.01307678222656
MAPE (test data): 182.25488662719727
MSE (test data): 23683.28125
R2 (test data): -0.8972018477702264
loss (test data): 23683.28189506881
Epoch 1/10, Loss: 643.7401
Epoch 2/10, Loss: 6.3969
Epoch 3/10, Loss: 2.8909
Epoch 4/10, Loss: 1.6764
Epoch 5/10, Loss: 1.1250
Epoch 6/10, Loss: 0.8231
Epoch 7/10, Loss: 0.6136
Epoch 8/10, Loss: 0.5148
Epoch 9/10, Loss: 0.4594
Epoch 10/10, Loss: 0.4025
Performance Metrics:
RMSE (test data): 154.28712463378906
MAE (test data): 130.5706024169922
MAPE (test data): 182.58702754974365
MSE (test data): 23804.517578125
R2 (test data): -0.9069135650796796
loss (test data): 23804.515809072665
Epoch 1/10, Loss: 662.0554
Epoch 2/10, Loss: 7.2950
Epoch 3/10, Loss: 3.5051
Epoch 4/10, Loss: 2.1543
Epoch 5/10, Loss: 1.4534
Epoch 6/10, Loss: 1.0373
Epoch 7/10, Loss: 0.7415
Epoch 8/10, Loss: 0.5650
Epoch 9/10, Loss: 0.4834
Epoch 10/10, Loss: 0.4192
Performance Metrics:
RMSE (test data): 153.6737823486328
MAE (test data): 129.70819091796875
MAPE (test data): 182.1199893951416
MSE (test data): 23615.6328125
R2 (test data): -0.8917827579133801
loss (test data): 23615.633884356757
Epoch 1/10, Loss: 657.3281
Epoch 2/10, Loss: 6.3878
Epoch 3/10, Loss: 2.8983
Epoch 4/10, Loss: 1.8245
Epoch 5/10, Loss: 1.1854
Epoch 6/10, Loss: 0.8069
Epoch 7/10, Loss: 0.6065
Epoch 8/10, Loss: 0.4949
Epoch 9/10, Loss: 0.4486
Epoch 10/10, Loss: 0.3949
Performance Metrics:
RMSE (test data): 154.37969970703125
MAE (test data): 130.46340942382812
MAPE (test data): 182.59341716766357
MSE (test data): 23833.091796875
R2 (test data): -0.9092027857877589
loss (test data): 23833.092766107173
Epoch 1/10, Loss: 696.3179
Epoch 2/10, Loss: 8.3628
Epoch 3/10, Loss: 4.2992
Epoch 4/10, Loss: 2.3930
Epoch 5/10, Loss: 1.4638
Epoch 6/10, Loss: 1.0115
Epoch 7/10, Loss: 0.7230
Epoch 8/10, Loss: 0.6047
Epoch 9/10, Loss: 0.4956
Epoch 10/10, Loss: 0.4241
Performance Metrics:
RMSE (test data): 155.86935424804688
MAE (test data): 132.1843719482422
MAPE (test data): 183.74284505844116
MSE (test data): 24295.255859375
R2 (test data): -0.9462253559659344
loss (test data): 24295.25545050563
Epoch 1/10, Loss: 690.5896
Epoch 2/10, Loss: 8.1132
Epoch 3/10, Loss: 3.5622
Epoch 4/10, Loss: 1.9989
Epoch 5/10, Loss: 1.3237
Epoch 6/10, Loss: 0.9504
Epoch 7/10, Loss: 0.6850
Epoch 8/10, Loss: 0.5508
Epoch 9/10, Loss: 0.4833
Epoch 10/10, Loss: 0.4360
Performance Metrics:
RMSE (test data): 153.98843383789062
MAE (test data): 129.9949493408203
MAPE (test data): 182.32229948043823
MSE (test data): 23712.4375
R2 (test data): -0.8995374569915937
loss (test data): 23712.438009864993
Epoch 1/10, Loss: 633.9700
Epoch 2/10, Loss: 7.3097
Epoch 3/10, Loss: 3.3999
Epoch 4/10, Loss: 1.9897
Epoch 5/10, Loss: 1.4002
Epoch 6/10, Loss: 1.0340
Epoch 7/10, Loss: 0.7877
Epoch 8/10, Loss: 0.6418
Epoch 9/10, Loss: 0.5182
Epoch 10/10, Loss: 0.4582
Performance Metrics:
RMSE (test data): 154.1472625732422
MAE (test data): 130.13958740234375
MAPE (test data): 182.40538835525513
MSE (test data): 23761.380859375
R2 (test data): -0.9034581495644145
loss (test data): 23761.380882180463
Epoch 1/10, Loss: 667.6616
Epoch 2/10, Loss: 6.5621
Epoch 3/10, Loss: 2.9577
Epoch 4/10, Loss: 1.9378
Epoch 5/10, Loss: 1.3518
Epoch 6/10, Loss: 0.8761
Epoch 7/10, Loss: 0.6664
Epoch 8/10, Loss: 0.5309
Epoch 9/10, Loss: 0.4619
Epoch 10/10, Loss: 0.4229
Performance Metrics:
RMSE (test data): 153.93035888671875
MAE (test data): 129.8627166748047
MAPE (test data): 182.31990337371826
MSE (test data): 23694.556640625
R2 (test data): -0.8981051136119644
loss (test data): 23694.55745836374
Epoch 1/10, Loss: 599.0489
Epoch 2/10, Loss: 6.4563
Epoch 3/10, Loss: 3.1600
Epoch 4/10, Loss: 1.9424
Epoch 5/10, Loss: 1.3984
Epoch 6/10, Loss: 1.0476
Epoch 7/10, Loss: 0.7483
Epoch 8/10, Loss: 0.6064
Epoch 9/10, Loss: 0.5050
Epoch 10/10, Loss: 0.4429
Performance Metrics:
RMSE (test data): 154.916748046875
MAE (test data): 130.9513702392578
MAPE (test data): 182.82560110092163
MSE (test data): 23999.201171875
R2 (test data): -0.9225092405745126
loss (test data): 23999.200948707257
Epoch 1/10, Loss: 699.7282
Epoch 2/10, Loss: 5.6161
Epoch 3/10, Loss: 2.3314
Epoch 4/10, Loss: 1.3100
Epoch 5/10, Loss: 0.8498
Epoch 6/10, Loss: 0.6487
Epoch 7/10, Loss: 0.5248
Epoch 8/10, Loss: 0.4321
Epoch 9/10, Loss: 0.3840
Epoch 10/10, Loss: 0.3559
Performance Metrics:
RMSE (test data): 155.39120483398438
MAE (test data): 132.08103942871094
MAPE (test data): 183.4510087966919
MSE (test data): 24146.427734375
R2 (test data): -0.9343031493774858
loss (test data): 24146.427436275022
Epoch 1/10, Loss: 689.6023
Epoch 2/10, Loss: 7.7196
Epoch 3/10, Loss: 3.8728
Epoch 4/10, Loss: 2.2105
Epoch 5/10, Loss: 1.5542
Epoch 6/10, Loss: 1.0889
Epoch 7/10, Loss: 0.7839
Epoch 8/10, Loss: 0.6033
Epoch 9/10, Loss: 0.5145
Epoch 10/10, Loss: 0.4576
Performance Metrics:
RMSE (test data): 153.88558959960938
MAE (test data): 129.81344604492188
MAPE (test data): 182.22718238830566
MSE (test data): 23680.7734375
R2 (test data): -0.8970008901273465
loss (test data): 23680.77326808799
Epoch 1/10, Loss: 718.5142
Epoch 2/10, Loss: 7.2158
Epoch 3/10, Loss: 3.3284
Epoch 4/10, Loss: 2.0688
Epoch 5/10, Loss: 1.4996
Epoch 6/10, Loss: 1.0997
Epoch 7/10, Loss: 0.8506
Epoch 8/10, Loss: 0.6720
Epoch 9/10, Loss: 0.5686
Epoch 10/10, Loss: 0.5177
Performance Metrics:
RMSE (test data): 153.4342498779297
MAE (test data): 129.59446716308594
MAPE (test data): 181.94818496704102
MSE (test data): 23542.068359375
DEBUG flwr 2024-03-09 18:56:04,682 | connection.py:141 | gRPC channel closed
INFO flwr 2024-03-09 18:56:04,683 | app.py:304 | Disconnect and shut down
R2 (test data): -0.8858895401182492
loss (test data): 23542.067188151585
Epoch 1/10, Loss: 755.4124
Epoch 2/10, Loss: 7.8905
Epoch 3/10, Loss: 3.9259
Epoch 4/10, Loss: 2.3514
Epoch 5/10, Loss: 1.6209
Epoch 6/10, Loss: 1.1738
Epoch 7/10, Loss: 0.8400
Epoch 8/10, Loss: 0.6566
Epoch 9/10, Loss: 0.5386
Epoch 10/10, Loss: 0.4753
Performance Metrics:
RMSE (test data): 152.87318420410156
MAE (test data): 128.94821166992188
MAPE (test data): 181.5940260887146
MSE (test data): 23370.208984375
R2 (test data): -0.8721224612424208
loss (test data): 23370.20912609466
Epoch 1/10, Loss: 612.3125
Epoch 2/10, Loss: 7.1519
Epoch 3/10, Loss: 3.4647
Epoch 4/10, Loss: 1.9702
Epoch 5/10, Loss: 1.3525
Epoch 6/10, Loss: 0.9581
Epoch 7/10, Loss: 0.6914
Epoch 8/10, Loss: 0.5808
Epoch 9/10, Loss: 0.4755
Epoch 10/10, Loss: 0.4295
Performance Metrics:
RMSE (test data): 153.7205352783203
MAE (test data): 129.98104858398438
MAPE (test data): 182.22074508666992
MSE (test data): 23630.001953125
R2 (test data): -0.8929338240815996
loss (test data): 23630.003165072456
Epoch 1/10, Loss: 585.7993
Epoch 2/10, Loss: 7.6611
Epoch 3/10, Loss: 3.3190
Epoch 4/10, Loss: 1.9258
Epoch 5/10, Loss: 1.2158
Epoch 6/10, Loss: 0.8533
Epoch 7/10, Loss: 0.6217
Epoch 8/10, Loss: 0.5232
Epoch 9/10, Loss: 0.4678
Epoch 10/10, Loss: 0.4215
Performance Metrics:
RMSE (test data): 153.16876220703125
MAE (test data): 129.29547119140625
MAPE (test data): 181.835675239563
MSE (test data): 23460.669921875
R2 (test data): -0.8793689325733633
loss (test data): 23460.66859427127
Epoch 1/10, Loss: 493.9097
Epoch 2/10, Loss: 6.6675
Epoch 3/10, Loss: 2.9374
Epoch 4/10, Loss: 1.6808
Epoch 5/10, Loss: 0.9334
Epoch 6/10, Loss: 0.6402
Epoch 7/10, Loss: 0.5240
Epoch 8/10, Loss: 0.4683
Epoch 9/10, Loss: 0.4176
Epoch 10/10, Loss: 0.3824
Performance Metrics:
RMSE (test data): 152.98524475097656
MAE (test data): 129.02145385742188
MAPE (test data): 181.70864582061768
MSE (test data): 23404.484375
R2 (test data): -0.8748682200249616
loss (test data): 23404.485055905963
Epoch 1/10, Loss: 596.1434
Epoch 2/10, Loss: 7.0266
Epoch 3/10, Loss: 3.0763
Epoch 4/10, Loss: 1.8415
Epoch 5/10, Loss: 1.2053
Epoch 6/10, Loss: 0.8048
Epoch 7/10, Loss: 0.6393
Epoch 8/10, Loss: 0.5360
Epoch 9/10, Loss: 0.4756
Epoch 10/10, Loss: 0.4287
Performance Metrics:
RMSE (test data): 152.8605194091797
MAE (test data): 129.1900177001953
MAPE (test data): 181.60499334335327
MSE (test data): 23366.337890625
R2 (test data): -0.8718122903692238
loss (test data): 23366.337009356757
Epoch 1/10, Loss: 763.1908
Epoch 2/10, Loss: 9.5274
Epoch 3/10, Loss: 5.2590
Epoch 4/10, Loss: 2.8095
Epoch 5/10, Loss: 1.8372
Epoch 6/10, Loss: 1.2475
Epoch 7/10, Loss: 0.8354
Epoch 8/10, Loss: 0.6323
Epoch 9/10, Loss: 0.5235
Epoch 10/10, Loss: 0.4648
Performance Metrics:
RMSE (test data): 152.26516723632812
MAE (test data): 128.67929077148438
MAPE (test data): 181.22957944869995
MSE (test data): 23184.6796875
R2 (test data): -0.8572601623876743
loss (test data): 23184.679202069434
Epoch 1/10, Loss: 611.9297
Epoch 2/10, Loss: 7.1064
Epoch 3/10, Loss: 3.5349
Epoch 4/10, Loss: 2.1844
Epoch 5/10, Loss: 1.4612
Epoch 6/10, Loss: 0.9781
Epoch 7/10, Loss: 0.7222
Epoch 8/10, Loss: 0.5797
Epoch 9/10, Loss: 0.4912
Epoch 10/10, Loss: 0.4437
Performance Metrics:
RMSE (test data): 152.4437255859375
MAE (test data): 128.81019592285156
MAPE (test data): 181.3717246055603
MSE (test data): 23239.08984375
R2 (test data): -0.8616187309153935
loss (test data): 23239.088165919515
Epoch 1/10, Loss: 682.4108
Epoch 2/10, Loss: 7.0950
Epoch 3/10, Loss: 3.4916
Epoch 4/10, Loss: 2.1634
Epoch 5/10, Loss: 1.4502
Epoch 6/10, Loss: 1.0290
Epoch 7/10, Loss: 0.7845
Epoch 8/10, Loss: 0.6413
Epoch 9/10, Loss: 0.5433
Epoch 10/10, Loss: 0.4883
Performance Metrics:
RMSE (test data): 152.22711181640625
MAE (test data): 128.4347381591797
MAPE (test data): 181.21378421783447
MSE (test data): 23173.091796875
R2 (test data): -0.8563317931843917
loss (test data): 23173.089469088824
Epoch 1/10, Loss: 726.6999
Epoch 2/10, Loss: 7.5457
Epoch 3/10, Loss: 3.4063
Epoch 4/10, Loss: 2.1730
Epoch 5/10, Loss: 1.5977
Epoch 6/10, Loss: 1.2337
Epoch 7/10, Loss: 0.9633
Epoch 8/10, Loss: 0.7312
Epoch 9/10, Loss: 0.5688
Epoch 10/10, Loss: 0.5018
Performance Metrics:
RMSE (test data): 153.441162109375
MAE (test data): 129.4720458984375
MAPE (test data): 181.8575382232666
MSE (test data): 23544.19140625
R2 (test data): -0.8860597489518345
loss (test data): 23544.191800458717
Epoch 1/10, Loss: 698.7534
Epoch 2/10, Loss: 7.5295
Epoch 3/10, Loss: 3.9008
Epoch 4/10, Loss: 2.4429
Epoch 5/10, Loss: 1.6599
Epoch 6/10, Loss: 1.1586
Epoch 7/10, Loss: 0.8573
Epoch 8/10, Loss: 0.6733
Epoch 9/10, Loss: 0.5646
Epoch 10/10, Loss: 0.4924
Performance Metrics:
RMSE (test data): 153.79660034179688
MAE (test data): 129.79188537597656
MAPE (test data): 182.11859464645386
MSE (test data): 23653.39453125
R2 (test data): -0.894807617734861
loss (test data): 23653.39412563855
Epoch 1/10, Loss: 633.0323
Epoch 2/10, Loss: 6.1352
Epoch 3/10, Loss: 3.2660
Epoch 4/10, Loss: 2.1691
Epoch 5/10, Loss: 1.5355
Epoch 6/10, Loss: 1.1337
Epoch 7/10, Loss: 0.9066
Epoch 8/10, Loss: 0.7419
Epoch 9/10, Loss: 0.6354
Epoch 10/10, Loss: 0.5864
Performance Metrics:
RMSE (test data): 152.11904907226562
MAE (test data): 128.5561981201172
MAPE (test data): 181.15365505218506
MSE (test data): 23140.203125
R2 (test data): -0.8536972735964037
loss (test data): 23140.20232843776
Epoch 1/10, Loss: 703.5557
Epoch 2/10, Loss: 8.2209
Epoch 3/10, Loss: 3.9984
Epoch 4/10, Loss: 2.4333
Epoch 5/10, Loss: 1.6938
Epoch 6/10, Loss: 1.2182
Epoch 7/10, Loss: 0.9154
Epoch 8/10, Loss: 0.7133
Epoch 9/10, Loss: 0.6023
Epoch 10/10, Loss: 0.5292
Performance Metrics:
RMSE (test data): 153.85287475585938
MAE (test data): 130.0824432373047
MAPE (test data): 182.07632303237915
MSE (test data): 23670.705078125
R2 (test data): -0.8961945045243436
loss (test data): 23670.706899304107
Epoch 1/10, Loss: 732.2140
Epoch 2/10, Loss: 8.1111
Epoch 3/10, Loss: 3.8431
Epoch 4/10, Loss: 2.4730
Epoch 5/10, Loss: 1.6720
Epoch 6/10, Loss: 1.2341
Epoch 7/10, Loss: 0.9122
Epoch 8/10, Loss: 0.7229
Epoch 9/10, Loss: 0.5969
Epoch 10/10, Loss: 0.5053
Performance Metrics:
RMSE (test data): 153.6559600830078
MAE (test data): 129.7330780029297
MAPE (test data): 182.05054998397827
MSE (test data): 23610.154296875
R2 (test data): -0.891343898861386
loss (test data): 23610.15554303065
Epoch 1/10, Loss: 720.7525
Epoch 2/10, Loss: 9.5922
Epoch 3/10, Loss: 4.1313
Epoch 4/10, Loss: 2.5692
Epoch 5/10, Loss: 1.7532
Epoch 6/10, Loss: 1.2516
Epoch 7/10, Loss: 0.9296
Epoch 8/10, Loss: 0.7338
Epoch 9/10, Loss: 0.6024
Epoch 10/10, Loss: 0.5279
Performance Metrics:
RMSE (test data): 153.36505126953125
MAE (test data): 129.49270629882812
MAPE (test data): 181.87627792358398
MSE (test data): 23520.837890625
R2 (test data): -0.8841888381115679
loss (test data): 23520.83688392671
Epoch 1/10, Loss: 709.4366
Epoch 2/10, Loss: 7.7152
Epoch 3/10, Loss: 3.9430
Epoch 4/10, Loss: 2.3622
Epoch 5/10, Loss: 1.6660
Epoch 6/10, Loss: 1.1832
Epoch 7/10, Loss: 0.9325
Epoch 8/10, Loss: 0.8005
Epoch 9/10, Loss: 0.7056
Epoch 10/10, Loss: 0.6371
Performance Metrics:
RMSE (test data): 153.56126403808594
MAE (test data): 129.5620574951172
MAPE (test data): 182.00972080230713
MSE (test data): 23581.060546875
R2 (test data): -0.8890131745511152
loss (test data): 23581.060219453713
Epoch 1/10, Loss: 739.6753
Epoch 2/10, Loss: 9.3469
Epoch 3/10, Loss: 4.6279
Epoch 4/10, Loss: 2.8698
Epoch 5/10, Loss: 1.9422
Epoch 6/10, Loss: 1.4365
Epoch 7/10, Loss: 1.1054
Epoch 8/10, Loss: 0.8584
Epoch 9/10, Loss: 0.7037
Epoch 10/10, Loss: 0.6117
Performance Metrics:
RMSE (test data): 154.013671875
MAE (test data): 130.22540283203125
MAPE (test data): 182.37876892089844
MSE (test data): 23720.212890625
R2 (test data): -0.900160366781942
loss (test data): 23720.213832164824
wandb: - 0.001 MB of 0.001 MB uploadedwandb: \ 0.001 MB of 0.001 MB uploadedwandb: | 0.001 MB of 0.001 MB uploadedwandb: / 0.001 MB of 0.063 MB uploadedwandb: - 0.063 MB of 0.063 MB uploadedwandb: 
wandb: Run history:
wandb: Communication Time ▁▁▁▁▁▁▁▁▁▁▁▁▁▁▁▁▁▁▁▁█▁▁▁▁▁▁▁▁▁▁▁▁▁▁▁▁▁▁▁
wandb:    MAE (test data) ▁▄▆▇████████████████████████████████████
wandb:   MAPE (test data) ▁▆▇█████████████████████████████████████
wandb:    MSE (test data) ▁▃▆▇███████▇▇███████▇███████████████████
wandb:     R2 (test data) █▆▃▂▁▁▁▁▁▁▁▂▂▁▁▁▁▁▁▁▂▁▁▁▁▁▁▁▁▁▁▁▁▁▁▁▁▁▁▁
wandb:   RMSE (test data) ▁▄▆▇████████▇███████████████████████████
wandb:    loss(test data) ▁▃▆▇███████▇▇███████▇███████████████████
wandb: 
wandb: Run summary:
wandb: Communication Time 2.34465
wandb:    MAE (test data) 130.2254
wandb:   MAPE (test data) 182.37877
wandb:    MSE (test data) 23720.21289
wandb:     R2 (test data) -0.90016
wandb:   RMSE (test data) 154.01367
wandb:    loss(test data) 23720.21383
wandb: 
wandb: 🚀 View run fresh-donkey-41 at: https://wandb.ai/digitalai/CFL/runs/u3udjtt6
wandb: ️⚡ View job at https://wandb.ai/digitalai/CFL/jobs/QXJ0aWZhY3RDb2xsZWN0aW9uOjE0NzIyMzQ5Ng==/version_details/v0
wandb: Synced 6 W&B file(s), 0 media file(s), 0 artifact file(s) and 0 other file(s)
wandb: Find logs at: ./wandb/run-20240309_184510-u3udjtt6/logs
